[2025-02-21T14:55:29.964+0000] {taskinstance.py:1159} INFO - Dependencies all met for dep_context=non-requeueable deps ti=<TaskInstance: kafka_spark_dag.pyspark_consumer manual__2025-02-21T14:55:07.031927+00:00 [queued]>
[2025-02-21T14:55:29.998+0000] {taskinstance.py:1159} INFO - Dependencies all met for dep_context=requeueable deps ti=<TaskInstance: kafka_spark_dag.pyspark_consumer manual__2025-02-21T14:55:07.031927+00:00 [queued]>
[2025-02-21T14:55:29.999+0000] {taskinstance.py:1361} INFO - Starting attempt 1 of 2
[2025-02-21T14:55:30.042+0000] {taskinstance.py:1382} INFO - Executing <Task(DockerOperator): pyspark_consumer> on 2025-02-21 14:55:07.031927+00:00
[2025-02-21T14:55:30.060+0000] {standard_task_runner.py:57} INFO - Started process 968 to run task
[2025-02-21T14:55:30.077+0000] {standard_task_runner.py:84} INFO - Running: ['airflow', 'tasks', 'run', 'kafka_spark_dag', 'pyspark_consumer', 'manual__2025-02-21T14:55:07.031927+00:00', '--job-id', '52', '--raw', '--subdir', 'DAGS_FOLDER/dag_kafka_spark.py', '--cfg-path', '/tmp/tmp47mcxeg5']
[2025-02-21T14:55:30.080+0000] {standard_task_runner.py:85} INFO - Job 52: Subtask pyspark_consumer
[2025-02-21T14:55:30.246+0000] {task_command.py:416} INFO - Running <TaskInstance: kafka_spark_dag.pyspark_consumer manual__2025-02-21T14:55:07.031927+00:00 [running]> on host 326d0a181362
[2025-02-21T14:55:30.510+0000] {taskinstance.py:1662} INFO - Exporting env vars: AIRFLOW_CTX_DAG_OWNER='airflow' AIRFLOW_CTX_DAG_ID='kafka_spark_dag' AIRFLOW_CTX_TASK_ID='pyspark_consumer' AIRFLOW_CTX_EXECUTION_DATE='2025-02-21T14:55:07.031927+00:00' AIRFLOW_CTX_TRY_NUMBER='1' AIRFLOW_CTX_DAG_RUN_ID='manual__2025-02-21T14:55:07.031927+00:00'
[2025-02-21T14:55:30.620+0000] {docker.py:343} INFO - Starting docker container from image Mohamed/spark:latest
[2025-02-21T14:55:31.565+0000] {docker.py:413} INFO - [38;5;6mspark [38;5;5m14:55:31.56 [0m[38;5;2mINFO [0m ==>
[2025-02-21T14:55:31.574+0000] {docker.py:413} INFO - [38;5;6mspark [38;5;5m14:55:31.56 [0m[38;5;2mINFO [0m ==> [1mWelcome to the Bitnami spark container[0m
[2025-02-21T14:55:31.577+0000] {docker.py:413} INFO - [38;5;6mspark [38;5;5m14:55:31.57 [0m[38;5;2mINFO [0m ==> Subscribe to project updates by watching [1mhttps://github.com/bitnami/containers[0m
[2025-02-21T14:55:31.584+0000] {docker.py:413} INFO - [38;5;6mspark [38;5;5m14:55:31.58 [0m[38;5;2mINFO [0m ==> Submit issues and feature requests at [1mhttps://github.com/bitnami/containers/issues[0m
[2025-02-21T14:55:31.589+0000] {docker.py:413} INFO - [38;5;6mspark [38;5;5m14:55:31.58 [0m[38;5;2mINFO [0m ==>
[2025-02-21T14:55:31.622+0000] {docker.py:413} INFO - 
[2025-02-21T14:55:44.983+0000] {docker.py:413} INFO - :: loading settings :: url = jar:file:/opt/bitnami/spark/jars/ivy-2.5.1.jar!/org/apache/ivy/core/settings/ivysettings.xml
[2025-02-21T14:55:45.309+0000] {docker.py:413} INFO - Ivy Default Cache set to: /opt/bitnami/spark/.ivy2/cache
[2025-02-21T14:55:45.310+0000] {docker.py:413} INFO - The jars for the packages stored in: /opt/bitnami/spark/.ivy2/jars
[2025-02-21T14:55:45.328+0000] {docker.py:413} INFO - org.postgresql#postgresql added as a dependency
org.apache.spark#spark-sql-kafka-0-10_2.12 added as a dependency
[2025-02-21T14:55:45.332+0000] {docker.py:413} INFO - :: resolving dependencies :: org.apache.spark#spark-submit-parent-e9f65a88-d6b2-4664-9881-29a85f845b2b;1.0
	confs: [default]
[2025-02-21T14:55:49.880+0000] {docker.py:413} INFO - found org.postgresql#postgresql;42.5.4 in central
[2025-02-21T14:55:50.130+0000] {docker.py:413} INFO - found org.checkerframework#checker-qual;3.5.0 in central
[2025-02-21T14:55:53.073+0000] {docker.py:413} INFO - found org.apache.spark#spark-sql-kafka-0-10_2.12;3.5.0 in central
[2025-02-21T14:55:53.982+0000] {docker.py:413} INFO - found org.apache.spark#spark-token-provider-kafka-0-10_2.12;3.5.0 in central
[2025-02-21T14:55:54.205+0000] {docker.py:413} INFO - found org.apache.kafka#kafka-clients;3.4.1 in central
[2025-02-21T14:55:54.367+0000] {docker.py:413} INFO - found org.lz4#lz4-java;1.8.0 in central
[2025-02-21T14:55:54.517+0000] {docker.py:413} INFO - found org.xerial.snappy#snappy-java;1.1.10.3 in central
[2025-02-21T14:55:55.661+0000] {docker.py:413} INFO - found org.slf4j#slf4j-api;2.0.7 in central
[2025-02-21T14:55:57.279+0000] {docker.py:413} INFO - found org.apache.hadoop#hadoop-client-runtime;3.3.4 in central
[2025-02-21T14:55:57.614+0000] {docker.py:413} INFO - found org.apache.hadoop#hadoop-client-api;3.3.4 in central
[2025-02-21T14:55:59.490+0000] {docker.py:413} INFO - found commons-logging#commons-logging;1.1.3 in central
[2025-02-21T14:55:59.688+0000] {docker.py:413} INFO - found com.google.code.findbugs#jsr305;3.0.0 in central
[2025-02-21T14:56:02.484+0000] {docker.py:413} INFO - found org.apache.commons#commons-pool2;2.11.1 in central
[2025-02-21T14:56:02.585+0000] {docker.py:413} INFO - downloading https://repo1.maven.org/maven2/org/postgresql/postgresql/42.5.4/postgresql-42.5.4.jar ...
[2025-02-21T14:56:02.958+0000] {docker.py:413} INFO - [SUCCESSFUL ] org.postgresql#postgresql;42.5.4!postgresql.jar (428ms)
[2025-02-21T14:56:03.024+0000] {docker.py:413} INFO - downloading https://repo1.maven.org/maven2/org/apache/spark/spark-sql-kafka-0-10_2.12/3.5.0/spark-sql-kafka-0-10_2.12-3.5.0.jar ...
[2025-02-21T14:56:03.191+0000] {docker.py:413} INFO - [SUCCESSFUL ] org.apache.spark#spark-sql-kafka-0-10_2.12;3.5.0!spark-sql-kafka-0-10_2.12.jar (228ms)
[2025-02-21T14:56:03.246+0000] {docker.py:413} INFO - downloading https://repo1.maven.org/maven2/org/checkerframework/checker-qual/3.5.0/checker-qual-3.5.0.jar ...
[2025-02-21T14:56:03.355+0000] {docker.py:413} INFO - [SUCCESSFUL ] org.checkerframework#checker-qual;3.5.0!checker-qual.jar (154ms)
[2025-02-21T14:56:03.406+0000] {docker.py:413} INFO - downloading https://repo1.maven.org/maven2/org/apache/spark/spark-token-provider-kafka-0-10_2.12/3.5.0/spark-token-provider-kafka-0-10_2.12-3.5.0.jar ...
[2025-02-21T14:56:03.471+0000] {docker.py:413} INFO - [SUCCESSFUL ] org.apache.spark#spark-token-provider-kafka-0-10_2.12;3.5.0!spark-token-provider-kafka-0-10_2.12.jar (115ms)
[2025-02-21T14:56:03.520+0000] {docker.py:413} INFO - downloading https://repo1.maven.org/maven2/org/apache/kafka/kafka-clients/3.4.1/kafka-clients-3.4.1.jar ...
[2025-02-21T14:56:05.078+0000] {docker.py:413} INFO - [SUCCESSFUL ] org.apache.kafka#kafka-clients;3.4.1!kafka-clients.jar (1603ms)
[2025-02-21T14:56:05.123+0000] {docker.py:413} INFO - downloading https://repo1.maven.org/maven2/com/google/code/findbugs/jsr305/3.0.0/jsr305-3.0.0.jar ...
[2025-02-21T14:56:05.182+0000] {docker.py:413} INFO - [SUCCESSFUL ] com.google.code.findbugs#jsr305;3.0.0!jsr305.jar (100ms)
[2025-02-21T14:56:05.238+0000] {docker.py:413} INFO - downloading https://repo1.maven.org/maven2/org/apache/commons/commons-pool2/2.11.1/commons-pool2-2.11.1.jar ...
[2025-02-21T14:56:05.340+0000] {docker.py:413} INFO - [SUCCESSFUL ] org.apache.commons#commons-pool2;2.11.1!commons-pool2.jar (152ms)
[2025-02-21T14:56:05.392+0000] {docker.py:413} INFO - downloading https://repo1.maven.org/maven2/org/apache/hadoop/hadoop-client-runtime/3.3.4/hadoop-client-runtime-3.3.4.jar ...
[2025-02-21T14:56:13.772+0000] {docker.py:413} INFO - [SUCCESSFUL ] org.apache.hadoop#hadoop-client-runtime;3.3.4!hadoop-client-runtime.jar (8423ms)
[2025-02-21T14:56:13.827+0000] {docker.py:413} INFO - downloading https://repo1.maven.org/maven2/org/lz4/lz4-java/1.8.0/lz4-java-1.8.0.jar ...
[2025-02-21T14:56:14.077+0000] {docker.py:413} INFO - [SUCCESSFUL ] org.lz4#lz4-java;1.8.0!lz4-java.jar (305ms)
[2025-02-21T14:56:14.151+0000] {docker.py:413} INFO - downloading https://repo1.maven.org/maven2/org/xerial/snappy/snappy-java/1.1.10.3/snappy-java-1.1.10.3.jar ...
[2025-02-21T14:56:14.782+0000] {docker.py:413} INFO - [SUCCESSFUL ] org.xerial.snappy#snappy-java;1.1.10.3!snappy-java.jar(bundle) (680ms)
[2025-02-21T14:56:14.831+0000] {docker.py:413} INFO - downloading https://repo1.maven.org/maven2/org/slf4j/slf4j-api/2.0.7/slf4j-api-2.0.7.jar ...
[2025-02-21T14:56:14.900+0000] {docker.py:413} INFO - [SUCCESSFUL ] org.slf4j#slf4j-api;2.0.7!slf4j-api.jar (116ms)
[2025-02-21T14:56:14.967+0000] {docker.py:413} INFO - downloading https://repo1.maven.org/maven2/org/apache/hadoop/hadoop-client-api/3.3.4/hadoop-client-api-3.3.4.jar ...
[2025-02-21T14:56:20.488+0000] {docker.py:413} INFO - [SUCCESSFUL ] org.apache.hadoop#hadoop-client-api;3.3.4!hadoop-client-api.jar (5580ms)
[2025-02-21T14:56:20.551+0000] {docker.py:413} INFO - downloading https://repo1.maven.org/maven2/commons-logging/commons-logging/1.1.3/commons-logging-1.1.3.jar ...
[2025-02-21T14:56:20.640+0000] {docker.py:413} INFO - [SUCCESSFUL ] commons-logging#commons-logging;1.1.3!commons-logging.jar (138ms)
[2025-02-21T14:56:20.642+0000] {docker.py:413} INFO - :: resolution report :: resolve 17191ms :: artifacts dl 18111ms
[2025-02-21T14:56:20.642+0000] {docker.py:413} INFO - :: modules in use:
[2025-02-21T14:56:20.642+0000] {docker.py:413} INFO - com.google.code.findbugs#jsr305;3.0.0 from central in [default]
	commons-logging#commons-logging;1.1.3 from central in [default]
	org.apache.commons#commons-pool2;2.11.1 from central in [default]
[2025-02-21T14:56:20.649+0000] {docker.py:413} INFO - org.apache.hadoop#hadoop-client-api;3.3.4 from central in [default]
	org.apache.hadoop#hadoop-client-runtime;3.3.4 from central in [default]
[2025-02-21T14:56:20.649+0000] {docker.py:413} INFO - org.apache.kafka#kafka-clients;3.4.1 from central in [default]
	org.apache.spark#spark-sql-kafka-0-10_2.12;3.5.0 from central in [default]
	org.apache.spark#spark-token-provider-kafka-0-10_2.12;3.5.0 from central in [default]
[2025-02-21T14:56:20.650+0000] {docker.py:413} INFO - org.checkerframework#checker-qual;3.5.0 from central in [default]
	org.lz4#lz4-java;1.8.0 from central in [default]
	org.postgresql#postgresql;42.5.4 from central in [default]
	org.slf4j#slf4j-api;2.0.7 from central in [default]
[2025-02-21T14:56:20.653+0000] {docker.py:413} INFO - org.xerial.snappy#snappy-java;1.1.10.3 from central in [default]
[2025-02-21T14:56:20.653+0000] {docker.py:413} INFO - ---------------------------------------------------------------------
	|                  |            modules            ||   artifacts   |
	|       conf       | number| search|dwnlded|evicted|| number|dwnlded|
	---------------------------------------------------------------------
	|      default     |   13  |   13  |   13  |   0   ||   13  |   13  |
	---------------------------------------------------------------------
[2025-02-21T14:56:20.740+0000] {docker.py:413} INFO - :: retrieving :: org.apache.spark#spark-submit-parent-e9f65a88-d6b2-4664-9881-29a85f845b2b
	confs: [default]
[2025-02-21T14:56:20.950+0000] {docker.py:413} INFO - 13 artifacts copied, 0 already retrieved (58001kB/212ms)
[2025-02-21T14:56:21.809+0000] {docker.py:413} INFO - 25/02/21 14:56:21 WARN NativeCodeLoader: Unable to load native-hadoop library for your platform... using builtin-java classes where applicable
[2025-02-21T14:56:26.629+0000] {docker.py:413} INFO - Traceback (most recent call last):
  File "/opt/bitnami/spark/spark_pgsql.py", line 6, in <module>
    from constants import (
  File "/opt/bitnami/spark/constants.py", line 2, in <module>
    from dotenv import load_dotenv
ModuleNotFoundError: No module named 'dotenv'
[2025-02-21T14:56:26.760+0000] {docker.py:413} INFO - 25/02/21 14:56:26 INFO ShutdownHookManager: Shutdown hook called
[2025-02-21T14:56:26.762+0000] {docker.py:413} INFO - 25/02/21 14:56:26 INFO ShutdownHookManager: Deleting directory /tmp/spark-b7d2561f-1cb8-49d4-9307-58d9396eeb36
[2025-02-21T14:56:27.488+0000] {taskinstance.py:1937} ERROR - Task failed with exception
Traceback (most recent call last):
  File "/home/airflow/.local/lib/python3.8/site-packages/airflow/providers/docker/operators/docker.py", line 486, in execute
    return self._run_image()
  File "/home/airflow/.local/lib/python3.8/site-packages/airflow/providers/docker/operators/docker.py", line 360, in _run_image
    return self._run_image_with_mounts(self.mounts, add_tmp_variable=False)
  File "/home/airflow/.local/lib/python3.8/site-packages/airflow/providers/docker/operators/docker.py", line 421, in _run_image_with_mounts
    raise DockerContainerFailedException(f"Docker container failed: {result!r}", logs=log_lines)
airflow.providers.docker.exceptions.DockerContainerFailedException: Docker container failed: {'StatusCode': 1}
[2025-02-21T14:56:27.500+0000] {taskinstance.py:1400} INFO - Marking task as UP_FOR_RETRY. dag_id=kafka_spark_dag, task_id=pyspark_consumer, execution_date=20250221T145507, start_date=20250221T145529, end_date=20250221T145627
[2025-02-21T14:56:27.542+0000] {standard_task_runner.py:104} ERROR - Failed to execute job 52 for task pyspark_consumer (Docker container failed: {'StatusCode': 1}; 968)
[2025-02-21T14:56:27.600+0000] {local_task_job_runner.py:228} INFO - Task exited with return code 1
[2025-02-21T14:56:27.673+0000] {taskinstance.py:2778} INFO - 0 downstream tasks scheduled from follow-on schedule check
