[2025-02-16T22:12:06.259+0000] {taskinstance.py:1159} INFO - Dependencies all met for dep_context=non-requeueable deps ti=<TaskInstance: kafka_spark_dag.pyspark_consumer manual__2025-02-16T22:11:30.822967+00:00 [queued]>
[2025-02-16T22:12:06.293+0000] {taskinstance.py:1159} INFO - Dependencies all met for dep_context=requeueable deps ti=<TaskInstance: kafka_spark_dag.pyspark_consumer manual__2025-02-16T22:11:30.822967+00:00 [queued]>
[2025-02-16T22:12:06.294+0000] {taskinstance.py:1361} INFO - Starting attempt 1 of 2
[2025-02-16T22:12:06.359+0000] {taskinstance.py:1382} INFO - Executing <Task(DockerOperator): pyspark_consumer> on 2025-02-16 22:11:30.822967+00:00
[2025-02-16T22:12:06.384+0000] {standard_task_runner.py:57} INFO - Started process 1155 to run task
[2025-02-16T22:12:06.413+0000] {standard_task_runner.py:84} INFO - Running: ['airflow', 'tasks', 'run', 'kafka_spark_dag', 'pyspark_consumer', 'manual__2025-02-16T22:11:30.822967+00:00', '--job-id', '33', '--raw', '--subdir', 'DAGS_FOLDER/dag_kafka_spark.py', '--cfg-path', '/tmp/tmpw_7efh93']
[2025-02-16T22:12:06.423+0000] {standard_task_runner.py:85} INFO - Job 33: Subtask pyspark_consumer
[2025-02-16T22:12:06.699+0000] {task_command.py:416} INFO - Running <TaskInstance: kafka_spark_dag.pyspark_consumer manual__2025-02-16T22:11:30.822967+00:00 [running]> on host de5e2408bcb1
[2025-02-16T22:12:07.028+0000] {taskinstance.py:1662} INFO - Exporting env vars: AIRFLOW_CTX_DAG_OWNER='airflow' AIRFLOW_CTX_DAG_ID='kafka_spark_dag' AIRFLOW_CTX_TASK_ID='pyspark_consumer' AIRFLOW_CTX_EXECUTION_DATE='2025-02-16T22:11:30.822967+00:00' AIRFLOW_CTX_TRY_NUMBER='1' AIRFLOW_CTX_DAG_RUN_ID='manual__2025-02-16T22:11:30.822967+00:00'
[2025-02-16T22:12:07.213+0000] {docker.py:343} INFO - Starting docker container from image rappel-conso/spark:latest
[2025-02-16T22:12:10.019+0000] {docker.py:413} INFO - [38;5;6mspark [38;5;5m22:12:10.00 [0m[38;5;2mINFO [0m ==>
[2025-02-16T22:12:10.038+0000] {docker.py:413} INFO - [38;5;6mspark [38;5;5m22:12:10.03 [0m[38;5;2mINFO [0m ==> [1mWelcome to the Bitnami spark container[0m
[2025-02-16T22:12:10.069+0000] {docker.py:413} INFO - [38;5;6mspark [38;5;5m22:12:10.05 [0m[38;5;2mINFO [0m ==> Subscribe to project updates by watching [1mhttps://github.com/bitnami/containers[0m
[2025-02-16T22:12:10.096+0000] {docker.py:413} INFO - [38;5;6mspark [38;5;5m22:12:10.08 [0m[38;5;2mINFO [0m ==> Did you know there are enterprise versions of the Bitnami catalog? For enhanced secure software supply chain features, unlimited pulls from Docker, LTS support, or application customization, see Bitnami Premium or Tanzu Application Catalog. See https://www.arrow.com/globalecs/na/vendors/bitnami/ for more information.
[2025-02-16T22:12:10.111+0000] {docker.py:413} INFO - [38;5;6mspark [38;5;5m22:12:10.09 [0m[38;5;2mINFO [0m ==>
[2025-02-16T22:12:10.201+0000] {docker.py:413} INFO - 
[2025-02-16T22:12:23.434+0000] {docker.py:413} INFO - :: loading settings :: url = jar:file:/opt/bitnami/spark/jars/ivy-2.5.1.jar!/org/apache/ivy/core/settings/ivysettings.xml
[2025-02-16T22:12:24.465+0000] {docker.py:413} INFO - Ivy Default Cache set to: /opt/bitnami/spark/.ivy2/cache
[2025-02-16T22:12:24.468+0000] {docker.py:413} INFO - The jars for the packages stored in: /opt/bitnami/spark/.ivy2/jars
[2025-02-16T22:12:24.532+0000] {docker.py:413} INFO - org.postgresql#postgresql added as a dependency
[2025-02-16T22:12:24.538+0000] {docker.py:413} INFO - org.apache.spark#spark-sql-kafka-0-10_2.12 added as a dependency
[2025-02-16T22:12:24.550+0000] {docker.py:413} INFO - :: resolving dependencies :: org.apache.spark#spark-submit-parent-f7af9cb7-f35e-480d-83b3-a22164e93c14;1.0
[2025-02-16T22:12:24.558+0000] {docker.py:413} INFO - confs: [default]
[2025-02-16T22:12:30.013+0000] {docker.py:413} INFO - found org.postgresql#postgresql;42.5.4 in central
[2025-02-16T22:12:30.647+0000] {docker.py:413} INFO - found org.checkerframework#checker-qual;3.5.0 in central
[2025-02-16T22:12:35.682+0000] {docker.py:413} INFO - found org.apache.spark#spark-sql-kafka-0-10_2.12;3.5.0 in central
[2025-02-16T22:12:38.449+0000] {docker.py:413} INFO - found org.apache.spark#spark-token-provider-kafka-0-10_2.12;3.5.0 in central
[2025-02-16T22:12:38.847+0000] {docker.py:413} INFO - found org.apache.kafka#kafka-clients;3.4.1 in central
[2025-02-16T22:12:39.045+0000] {docker.py:413} INFO - found org.lz4#lz4-java;1.8.0 in central
[2025-02-16T22:12:39.245+0000] {docker.py:413} INFO - found org.xerial.snappy#snappy-java;1.1.10.3 in central
[2025-02-16T22:12:40.508+0000] {docker.py:413} INFO - found org.slf4j#slf4j-api;2.0.7 in central
[2025-02-16T22:12:42.789+0000] {docker.py:413} INFO - found org.apache.hadoop#hadoop-client-runtime;3.3.4 in central
[2025-02-16T22:12:43.234+0000] {docker.py:413} INFO - found org.apache.hadoop#hadoop-client-api;3.3.4 in central
[2025-02-16T22:12:45.059+0000] {docker.py:413} INFO - found commons-logging#commons-logging;1.1.3 in central
[2025-02-16T22:12:45.235+0000] {docker.py:413} INFO - found com.google.code.findbugs#jsr305;3.0.0 in central
[2025-02-16T22:12:47.773+0000] {docker.py:413} INFO - found org.apache.commons#commons-pool2;2.11.1 in central
[2025-02-16T22:12:47.921+0000] {docker.py:413} INFO - downloading https://repo1.maven.org/maven2/org/postgresql/postgresql/42.5.4/postgresql-42.5.4.jar ...
[2025-02-16T22:12:48.251+0000] {docker.py:413} INFO - [SUCCESSFUL ] org.postgresql#postgresql;42.5.4!postgresql.jar (395ms)
[2025-02-16T22:12:48.305+0000] {docker.py:413} INFO - downloading https://repo1.maven.org/maven2/org/apache/spark/spark-sql-kafka-0-10_2.12/3.5.0/spark-sql-kafka-0-10_2.12-3.5.0.jar ...
[2025-02-16T22:12:48.484+0000] {docker.py:413} INFO - [SUCCESSFUL ] org.apache.spark#spark-sql-kafka-0-10_2.12;3.5.0!spark-sql-kafka-0-10_2.12.jar (225ms)
[2025-02-16T22:12:48.539+0000] {docker.py:413} INFO - downloading https://repo1.maven.org/maven2/org/checkerframework/checker-qual/3.5.0/checker-qual-3.5.0.jar ...
[2025-02-16T22:12:48.653+0000] {docker.py:413} INFO - [SUCCESSFUL ] org.checkerframework#checker-qual;3.5.0!checker-qual.jar (157ms)
[2025-02-16T22:12:48.720+0000] {docker.py:413} INFO - downloading https://repo1.maven.org/maven2/org/apache/spark/spark-token-provider-kafka-0-10_2.12/3.5.0/spark-token-provider-kafka-0-10_2.12-3.5.0.jar ...
[2025-02-16T22:12:48.824+0000] {docker.py:413} INFO - [SUCCESSFUL ] org.apache.spark#spark-token-provider-kafka-0-10_2.12;3.5.0!spark-token-provider-kafka-0-10_2.12.jar (153ms)
[2025-02-16T22:12:48.940+0000] {docker.py:413} INFO - downloading https://repo1.maven.org/maven2/org/apache/kafka/kafka-clients/3.4.1/kafka-clients-3.4.1.jar ...
[2025-02-16T22:12:50.614+0000] {docker.py:413} INFO - [SUCCESSFUL ] org.apache.kafka#kafka-clients;3.4.1!kafka-clients.jar (1776ms)
[2025-02-16T22:12:50.666+0000] {docker.py:413} INFO - downloading https://repo1.maven.org/maven2/com/google/code/findbugs/jsr305/3.0.0/jsr305-3.0.0.jar ...
[2025-02-16T22:12:50.726+0000] {docker.py:413} INFO - [SUCCESSFUL ] com.google.code.findbugs#jsr305;3.0.0!jsr305.jar (107ms)
[2025-02-16T22:12:50.778+0000] {docker.py:413} INFO - downloading https://repo1.maven.org/maven2/org/apache/commons/commons-pool2/2.11.1/commons-pool2-2.11.1.jar ...
[2025-02-16T22:12:50.883+0000] {docker.py:413} INFO - [SUCCESSFUL ] org.apache.commons#commons-pool2;2.11.1!commons-pool2.jar (150ms)
[2025-02-16T22:12:50.932+0000] {docker.py:413} INFO - downloading https://repo1.maven.org/maven2/org/apache/hadoop/hadoop-client-runtime/3.3.4/hadoop-client-runtime-3.3.4.jar ...
[2025-02-16T22:13:02.921+0000] {docker.py:413} INFO - [SUCCESSFUL ] org.apache.hadoop#hadoop-client-runtime;3.3.4!hadoop-client-runtime.jar (12030ms)
[2025-02-16T22:13:02.979+0000] {docker.py:413} INFO - downloading https://repo1.maven.org/maven2/org/lz4/lz4-java/1.8.0/lz4-java-1.8.0.jar ...
[2025-02-16T22:13:03.259+0000] {docker.py:413} INFO - [SUCCESSFUL ] org.lz4#lz4-java;1.8.0!lz4-java.jar (336ms)
[2025-02-16T22:13:03.311+0000] {docker.py:413} INFO - downloading https://repo1.maven.org/maven2/org/xerial/snappy/snappy-java/1.1.10.3/snappy-java-1.1.10.3.jar ...
[2025-02-16T22:13:04.168+0000] {docker.py:413} INFO - [SUCCESSFUL ] org.xerial.snappy#snappy-java;1.1.10.3!snappy-java.jar(bundle) (901ms)
[2025-02-16T22:13:04.226+0000] {docker.py:413} INFO - downloading https://repo1.maven.org/maven2/org/slf4j/slf4j-api/2.0.7/slf4j-api-2.0.7.jar ...
[2025-02-16T22:13:04.347+0000] {docker.py:413} INFO - [SUCCESSFUL ] org.slf4j#slf4j-api;2.0.7!slf4j-api.jar (165ms)
[2025-02-16T22:13:04.483+0000] {docker.py:413} INFO - downloading https://repo1.maven.org/maven2/org/apache/hadoop/hadoop-client-api/3.3.4/hadoop-client-api-3.3.4.jar ...
[2025-02-16T22:13:11.573+0000] {docker.py:413} INFO - [SUCCESSFUL ] org.apache.hadoop#hadoop-client-api;3.3.4!hadoop-client-api.jar (7185ms)
[2025-02-16T22:13:11.647+0000] {docker.py:413} INFO - downloading https://repo1.maven.org/maven2/commons-logging/commons-logging/1.1.3/commons-logging-1.1.3.jar ...
[2025-02-16T22:13:11.769+0000] {docker.py:413} INFO - [SUCCESSFUL ] commons-logging#commons-logging;1.1.3!commons-logging.jar (187ms)
[2025-02-16T22:13:11.779+0000] {docker.py:413} INFO - :: resolution report :: resolve 23300ms :: artifacts dl 23927ms
	:: modules in use:
	com.google.code.findbugs#jsr305;3.0.0 from central in [default]
[2025-02-16T22:13:11.785+0000] {docker.py:413} INFO - commons-logging#commons-logging;1.1.3 from central in [default]
[2025-02-16T22:13:11.789+0000] {docker.py:413} INFO - org.apache.commons#commons-pool2;2.11.1 from central in [default]
	org.apache.hadoop#hadoop-client-api;3.3.4 from central in [default]
	org.apache.hadoop#hadoop-client-runtime;3.3.4 from central in [default]
	org.apache.kafka#kafka-clients;3.4.1 from central in [default]
	org.apache.spark#spark-sql-kafka-0-10_2.12;3.5.0 from central in [default]
	org.apache.spark#spark-token-provider-kafka-0-10_2.12;3.5.0 from central in [default]
	org.checkerframework#checker-qual;3.5.0 from central in [default]
	org.lz4#lz4-java;1.8.0 from central in [default]
	org.postgresql#postgresql;42.5.4 from central in [default]
	org.slf4j#slf4j-api;2.0.7 from central in [default]
	org.xerial.snappy#snappy-java;1.1.10.3 from central in [default]
	---------------------------------------------------------------------
[2025-02-16T22:13:11.793+0000] {docker.py:413} INFO - |                  |            modules            ||   artifacts   |
[2025-02-16T22:13:11.798+0000] {docker.py:413} INFO - |       conf       | number| search|dwnlded|evicted|| number|dwnlded|
	---------------------------------------------------------------------
[2025-02-16T22:13:11.802+0000] {docker.py:413} INFO - |      default     |   13  |   13  |   13  |   0   ||   13  |   13  |
	---------------------------------------------------------------------
[2025-02-16T22:13:11.825+0000] {docker.py:413} INFO - :: retrieving :: org.apache.spark#spark-submit-parent-f7af9cb7-f35e-480d-83b3-a22164e93c14
[2025-02-16T22:13:11.827+0000] {docker.py:413} INFO - confs: [default]
[2025-02-16T22:13:12.063+0000] {docker.py:413} INFO - 13 artifacts copied, 0 already retrieved (58001kB/238ms)
[2025-02-16T22:13:14.465+0000] {docker.py:413} INFO - 25/02/16 22:13:14 WARN NativeCodeLoader: Unable to load native-hadoop library for your platform... using builtin-java classes where applicable
[2025-02-16T22:13:17.519+0000] {docker.py:413} INFO - python3: can't open file '/opt/bitnami/spark/scripts/spark_pgsql.py': [Errno 2] No such file or directory
[2025-02-16T22:13:17.579+0000] {docker.py:413} INFO - 25/02/16 22:13:17 INFO ShutdownHookManager: Shutdown hook called
25/02/16 22:13:17 INFO ShutdownHookManager: Deleting directory /tmp/spark-56ea6019-fff0-405a-8d0d-b451b5efc2a3
[2025-02-16T22:13:18.464+0000] {taskinstance.py:1937} ERROR - Task failed with exception
Traceback (most recent call last):
  File "/home/airflow/.local/lib/python3.8/site-packages/airflow/providers/docker/operators/docker.py", line 486, in execute
    return self._run_image()
  File "/home/airflow/.local/lib/python3.8/site-packages/airflow/providers/docker/operators/docker.py", line 360, in _run_image
    return self._run_image_with_mounts(self.mounts, add_tmp_variable=False)
  File "/home/airflow/.local/lib/python3.8/site-packages/airflow/providers/docker/operators/docker.py", line 421, in _run_image_with_mounts
    raise DockerContainerFailedException(f"Docker container failed: {result!r}", logs=log_lines)
airflow.providers.docker.exceptions.DockerContainerFailedException: Docker container failed: {'StatusCode': 2}
[2025-02-16T22:13:18.486+0000] {taskinstance.py:1400} INFO - Marking task as UP_FOR_RETRY. dag_id=kafka_spark_dag, task_id=pyspark_consumer, execution_date=20250216T221130, start_date=20250216T221206, end_date=20250216T221318
[2025-02-16T22:13:18.541+0000] {standard_task_runner.py:104} ERROR - Failed to execute job 33 for task pyspark_consumer (Docker container failed: {'StatusCode': 2}; 1155)
[2025-02-16T22:13:18.574+0000] {local_task_job_runner.py:228} INFO - Task exited with return code 1
[2025-02-16T22:13:18.655+0000] {taskinstance.py:2778} INFO - 0 downstream tasks scheduled from follow-on schedule check
