[2025-02-21T15:09:59.030+0000] {taskinstance.py:1159} INFO - Dependencies all met for dep_context=non-requeueable deps ti=<TaskInstance: kafka_spark_dag.pyspark_consumer manual__2025-02-21T15:09:23.027357+00:00 [queued]>
[2025-02-21T15:09:59.059+0000] {taskinstance.py:1159} INFO - Dependencies all met for dep_context=requeueable deps ti=<TaskInstance: kafka_spark_dag.pyspark_consumer manual__2025-02-21T15:09:23.027357+00:00 [queued]>
[2025-02-21T15:09:59.059+0000] {taskinstance.py:1361} INFO - Starting attempt 1 of 2
[2025-02-21T15:09:59.101+0000] {taskinstance.py:1382} INFO - Executing <Task(DockerOperator): pyspark_consumer> on 2025-02-21 15:09:23.027357+00:00
[2025-02-21T15:09:59.121+0000] {standard_task_runner.py:57} INFO - Started process 1218 to run task
[2025-02-21T15:09:59.138+0000] {standard_task_runner.py:84} INFO - Running: ['airflow', 'tasks', 'run', 'kafka_spark_dag', 'pyspark_consumer', 'manual__2025-02-21T15:09:23.027357+00:00', '--job-id', '56', '--raw', '--subdir', 'DAGS_FOLDER/dag_kafka_spark.py', '--cfg-path', '/tmp/tmpbrae6o66']
[2025-02-21T15:09:59.140+0000] {standard_task_runner.py:85} INFO - Job 56: Subtask pyspark_consumer
[2025-02-21T15:09:59.431+0000] {task_command.py:416} INFO - Running <TaskInstance: kafka_spark_dag.pyspark_consumer manual__2025-02-21T15:09:23.027357+00:00 [running]> on host df0a4c9b1ab1
[2025-02-21T15:09:59.719+0000] {taskinstance.py:1662} INFO - Exporting env vars: AIRFLOW_CTX_DAG_OWNER='airflow' AIRFLOW_CTX_DAG_ID='kafka_spark_dag' AIRFLOW_CTX_TASK_ID='pyspark_consumer' AIRFLOW_CTX_EXECUTION_DATE='2025-02-21T15:09:23.027357+00:00' AIRFLOW_CTX_TRY_NUMBER='1' AIRFLOW_CTX_DAG_RUN_ID='manual__2025-02-21T15:09:23.027357+00:00'
[2025-02-21T15:09:59.810+0000] {docker.py:343} INFO - Starting docker container from image Mohamed/spark:latest
[2025-02-21T15:10:00.770+0000] {docker.py:413} INFO - [38;5;6mspark [38;5;5m15:10:00.76 [0m[38;5;2mINFO [0m ==>
[2025-02-21T15:10:00.776+0000] {docker.py:413} INFO - [38;5;6mspark [38;5;5m15:10:00.77 [0m[38;5;2mINFO [0m ==> [1mWelcome to the Bitnami spark container[0m
[2025-02-21T15:10:00.785+0000] {docker.py:413} INFO - [38;5;6mspark [38;5;5m15:10:00.78 [0m[38;5;2mINFO [0m ==> Subscribe to project updates by watching [1mhttps://github.com/bitnami/containers[0m
[2025-02-21T15:10:00.799+0000] {docker.py:413} INFO - [38;5;6mspark [38;5;5m15:10:00.78 [0m[38;5;2mINFO [0m ==> Submit issues and feature requests at [1mhttps://github.com/bitnami/containers/issues[0m
[2025-02-21T15:10:00.806+0000] {docker.py:413} INFO - [38;5;6mspark [38;5;5m15:10:00.80 [0m[38;5;2mINFO [0m ==>
[2025-02-21T15:10:00.863+0000] {docker.py:413} INFO - 
[2025-02-21T15:10:09.462+0000] {docker.py:413} INFO - :: loading settings :: url = jar:file:/opt/bitnami/spark/jars/ivy-2.5.1.jar!/org/apache/ivy/core/settings/ivysettings.xml
[2025-02-21T15:10:10.274+0000] {docker.py:413} INFO - Ivy Default Cache set to: /opt/bitnami/spark/.ivy2/cache
[2025-02-21T15:10:10.275+0000] {docker.py:413} INFO - The jars for the packages stored in: /opt/bitnami/spark/.ivy2/jars
[2025-02-21T15:10:10.290+0000] {docker.py:413} INFO - org.postgresql#postgresql added as a dependency
org.apache.spark#spark-sql-kafka-0-10_2.12 added as a dependency
[2025-02-21T15:10:10.298+0000] {docker.py:413} INFO - :: resolving dependencies :: org.apache.spark#spark-submit-parent-7de99164-ec48-4f18-a181-27f3006c89d8;1.0
	confs: [default]
[2025-02-21T15:10:13.677+0000] {docker.py:413} INFO - found org.postgresql#postgresql;42.5.4 in central
[2025-02-21T15:10:13.933+0000] {docker.py:413} INFO - found org.checkerframework#checker-qual;3.5.0 in central
[2025-02-21T15:10:18.653+0000] {docker.py:413} INFO - found org.apache.spark#spark-sql-kafka-0-10_2.12;3.5.0 in central
[2025-02-21T15:10:21.201+0000] {docker.py:413} INFO - found org.apache.spark#spark-token-provider-kafka-0-10_2.12;3.5.0 in central
[2025-02-21T15:10:21.577+0000] {docker.py:413} INFO - found org.apache.kafka#kafka-clients;3.4.1 in central
[2025-02-21T15:10:22.105+0000] {docker.py:413} INFO - found org.lz4#lz4-java;1.8.0 in central
[2025-02-21T15:10:22.568+0000] {docker.py:413} INFO - found org.xerial.snappy#snappy-java;1.1.10.3 in central
[2025-02-21T15:10:23.955+0000] {docker.py:413} INFO - found org.slf4j#slf4j-api;2.0.7 in central
[2025-02-21T15:10:26.480+0000] {docker.py:413} INFO - found org.apache.hadoop#hadoop-client-runtime;3.3.4 in central
[2025-02-21T15:10:27.088+0000] {docker.py:413} INFO - found org.apache.hadoop#hadoop-client-api;3.3.4 in central
[2025-02-21T15:10:29.010+0000] {docker.py:413} INFO - found commons-logging#commons-logging;1.1.3 in central
[2025-02-21T15:10:29.293+0000] {docker.py:413} INFO - found com.google.code.findbugs#jsr305;3.0.0 in central
[2025-02-21T15:10:31.930+0000] {docker.py:413} INFO - found org.apache.commons#commons-pool2;2.11.1 in central
[2025-02-21T15:10:32.016+0000] {docker.py:413} INFO - downloading https://repo1.maven.org/maven2/org/postgresql/postgresql/42.5.4/postgresql-42.5.4.jar ...
[2025-02-21T15:10:32.343+0000] {docker.py:413} INFO - [SUCCESSFUL ] org.postgresql#postgresql;42.5.4!postgresql.jar (381ms)
[2025-02-21T15:10:32.409+0000] {docker.py:413} INFO - downloading https://repo1.maven.org/maven2/org/apache/spark/spark-sql-kafka-0-10_2.12/3.5.0/spark-sql-kafka-0-10_2.12-3.5.0.jar ...
[2025-02-21T15:10:32.591+0000] {docker.py:413} INFO - [SUCCESSFUL ] org.apache.spark#spark-sql-kafka-0-10_2.12;3.5.0!spark-sql-kafka-0-10_2.12.jar (236ms)
[2025-02-21T15:10:32.672+0000] {docker.py:413} INFO - downloading https://repo1.maven.org/maven2/org/checkerframework/checker-qual/3.5.0/checker-qual-3.5.0.jar ...
[2025-02-21T15:10:32.784+0000] {docker.py:413} INFO - [SUCCESSFUL ] org.checkerframework#checker-qual;3.5.0!checker-qual.jar (188ms)
[2025-02-21T15:10:32.852+0000] {docker.py:413} INFO - downloading https://repo1.maven.org/maven2/org/apache/spark/spark-token-provider-kafka-0-10_2.12/3.5.0/spark-token-provider-kafka-0-10_2.12-3.5.0.jar ...
[2025-02-21T15:10:32.919+0000] {docker.py:413} INFO - [SUCCESSFUL ] org.apache.spark#spark-token-provider-kafka-0-10_2.12;3.5.0!spark-token-provider-kafka-0-10_2.12.jar (129ms)
[2025-02-21T15:10:32.980+0000] {docker.py:413} INFO - downloading https://repo1.maven.org/maven2/org/apache/kafka/kafka-clients/3.4.1/kafka-clients-3.4.1.jar ...
[2025-02-21T15:10:34.373+0000] {docker.py:413} INFO - [SUCCESSFUL ] org.apache.kafka#kafka-clients;3.4.1!kafka-clients.jar (1444ms)
[2025-02-21T15:10:34.434+0000] {docker.py:413} INFO - downloading https://repo1.maven.org/maven2/com/google/code/findbugs/jsr305/3.0.0/jsr305-3.0.0.jar ...
[2025-02-21T15:10:34.498+0000] {docker.py:413} INFO - [SUCCESSFUL ] com.google.code.findbugs#jsr305;3.0.0!jsr305.jar (122ms)
[2025-02-21T15:10:34.557+0000] {docker.py:413} INFO - downloading https://repo1.maven.org/maven2/org/apache/commons/commons-pool2/2.11.1/commons-pool2-2.11.1.jar ...
[2025-02-21T15:10:34.671+0000] {docker.py:413} INFO - [SUCCESSFUL ] org.apache.commons#commons-pool2;2.11.1!commons-pool2.jar (169ms)
[2025-02-21T15:10:34.727+0000] {docker.py:413} INFO - downloading https://repo1.maven.org/maven2/org/apache/hadoop/hadoop-client-runtime/3.3.4/hadoop-client-runtime-3.3.4.jar ...
[2025-02-21T15:10:42.965+0000] {docker.py:413} INFO - [SUCCESSFUL ] org.apache.hadoop#hadoop-client-runtime;3.3.4!hadoop-client-runtime.jar (8287ms)
[2025-02-21T15:10:43.021+0000] {docker.py:413} INFO - downloading https://repo1.maven.org/maven2/org/lz4/lz4-java/1.8.0/lz4-java-1.8.0.jar ...
[2025-02-21T15:10:43.264+0000] {docker.py:413} INFO - [SUCCESSFUL ] org.lz4#lz4-java;1.8.0!lz4-java.jar (300ms)
[2025-02-21T15:10:43.320+0000] {docker.py:413} INFO - downloading https://repo1.maven.org/maven2/org/xerial/snappy/snappy-java/1.1.10.3/snappy-java-1.1.10.3.jar ...
[2025-02-21T15:10:43.986+0000] {docker.py:413} INFO - [SUCCESSFUL ] org.xerial.snappy#snappy-java;1.1.10.3!snappy-java.jar(bundle) (717ms)
[2025-02-21T15:10:44.047+0000] {docker.py:413} INFO - downloading https://repo1.maven.org/maven2/org/slf4j/slf4j-api/2.0.7/slf4j-api-2.0.7.jar ...
[2025-02-21T15:10:44.141+0000] {docker.py:413} INFO - [SUCCESSFUL ] org.slf4j#slf4j-api;2.0.7!slf4j-api.jar (151ms)
[2025-02-21T15:10:44.205+0000] {docker.py:413} INFO - downloading https://repo1.maven.org/maven2/org/apache/hadoop/hadoop-client-api/3.3.4/hadoop-client-api-3.3.4.jar ...
[2025-02-21T15:10:49.781+0000] {docker.py:413} INFO - [SUCCESSFUL ] org.apache.hadoop#hadoop-client-api;3.3.4!hadoop-client-api.jar (5629ms)
[2025-02-21T15:10:49.861+0000] {docker.py:413} INFO - downloading https://repo1.maven.org/maven2/commons-logging/commons-logging/1.1.3/commons-logging-1.1.3.jar ...
[2025-02-21T15:10:49.952+0000] {docker.py:413} INFO - [SUCCESSFUL ] commons-logging#commons-logging;1.1.3!commons-logging.jar (155ms)
[2025-02-21T15:10:49.958+0000] {docker.py:413} INFO - :: resolution report :: resolve 21662ms :: artifacts dl 17993ms
	:: modules in use:
[2025-02-21T15:10:49.962+0000] {docker.py:413} INFO - com.google.code.findbugs#jsr305;3.0.0 from central in [default]
	commons-logging#commons-logging;1.1.3 from central in [default]
	org.apache.commons#commons-pool2;2.11.1 from central in [default]
	org.apache.hadoop#hadoop-client-api;3.3.4 from central in [default]
	org.apache.hadoop#hadoop-client-runtime;3.3.4 from central in [default]
	org.apache.kafka#kafka-clients;3.4.1 from central in [default]
	org.apache.spark#spark-sql-kafka-0-10_2.12;3.5.0 from central in [default]
	org.apache.spark#spark-token-provider-kafka-0-10_2.12;3.5.0 from central in [default]
	org.checkerframework#checker-qual;3.5.0 from central in [default]
	org.lz4#lz4-java;1.8.0 from central in [default]
	org.postgresql#postgresql;42.5.4 from central in [default]
	org.slf4j#slf4j-api;2.0.7 from central in [default]
	org.xerial.snappy#snappy-java;1.1.10.3 from central in [default]
	---------------------------------------------------------------------
[2025-02-21T15:10:49.971+0000] {docker.py:413} INFO - |                  |            modules            ||   artifacts   |
	|       conf       | number| search|dwnlded|evicted|| number|dwnlded|
	---------------------------------------------------------------------
[2025-02-21T15:10:49.974+0000] {docker.py:413} INFO - |      default     |   13  |   13  |   13  |   0   ||   13  |   13  |
	---------------------------------------------------------------------
[2025-02-21T15:10:50.052+0000] {docker.py:413} INFO - :: retrieving :: org.apache.spark#spark-submit-parent-7de99164-ec48-4f18-a181-27f3006c89d8
[2025-02-21T15:10:50.059+0000] {docker.py:413} INFO - confs: [default]
[2025-02-21T15:10:50.540+0000] {docker.py:413} INFO - 13 artifacts copied, 0 already retrieved (58001kB/487ms)
[2025-02-21T15:10:53.048+0000] {docker.py:413} INFO - 25/02/21 15:10:53 WARN NativeCodeLoader: Unable to load native-hadoop library for your platform... using builtin-java classes where applicable
[2025-02-21T15:11:00.725+0000] {docker.py:413} INFO - Loaded Kafka Config - BOOTSTRAP_SERVERS: None, TOPIC: None
Loaded PostgreSQL Config - POSTGRES_USER: None, POSTGRES_HOST: None
Traceback (most recent call last):
  File "/opt/bitnami/spark/spark_pgsql.py", line 6, in <module>
[2025-02-21T15:11:00.728+0000] {docker.py:413} INFO - from constants import (
ImportError: cannot import name 'KAFKA_BROKER' from 'constants' (/opt/bitnami/spark/constants.py)
[2025-02-21T15:11:00.867+0000] {docker.py:413} INFO - 25/02/21 15:11:00 INFO ShutdownHookManager: Shutdown hook called
[2025-02-21T15:11:00.870+0000] {docker.py:413} INFO - 25/02/21 15:11:00 INFO ShutdownHookManager: Deleting directory /tmp/spark-fae2be4d-fe79-4d47-b9e2-98194268087e
[2025-02-21T15:11:01.659+0000] {taskinstance.py:1937} ERROR - Task failed with exception
Traceback (most recent call last):
  File "/home/airflow/.local/lib/python3.8/site-packages/airflow/providers/docker/operators/docker.py", line 486, in execute
    return self._run_image()
  File "/home/airflow/.local/lib/python3.8/site-packages/airflow/providers/docker/operators/docker.py", line 360, in _run_image
    return self._run_image_with_mounts(self.mounts, add_tmp_variable=False)
  File "/home/airflow/.local/lib/python3.8/site-packages/airflow/providers/docker/operators/docker.py", line 421, in _run_image_with_mounts
    raise DockerContainerFailedException(f"Docker container failed: {result!r}", logs=log_lines)
airflow.providers.docker.exceptions.DockerContainerFailedException: Docker container failed: {'StatusCode': 1}
[2025-02-21T15:11:01.671+0000] {taskinstance.py:1400} INFO - Marking task as UP_FOR_RETRY. dag_id=kafka_spark_dag, task_id=pyspark_consumer, execution_date=20250221T150923, start_date=20250221T150959, end_date=20250221T151101
[2025-02-21T15:11:01.709+0000] {standard_task_runner.py:104} ERROR - Failed to execute job 56 for task pyspark_consumer (Docker container failed: {'StatusCode': 1}; 1218)
[2025-02-21T15:11:01.743+0000] {local_task_job_runner.py:228} INFO - Task exited with return code 1
[2025-02-21T15:11:01.800+0000] {taskinstance.py:2778} INFO - 0 downstream tasks scheduled from follow-on schedule check
