[2025-02-21T16:56:53.939+0000] {taskinstance.py:1159} INFO - Dependencies all met for dep_context=non-requeueable deps ti=<TaskInstance: kafka_spark_dag.pyspark_consumer manual__2025-02-21T16:55:39.165746+00:00 [queued]>
[2025-02-21T16:56:54.107+0000] {taskinstance.py:1159} INFO - Dependencies all met for dep_context=requeueable deps ti=<TaskInstance: kafka_spark_dag.pyspark_consumer manual__2025-02-21T16:55:39.165746+00:00 [queued]>
[2025-02-21T16:56:54.108+0000] {taskinstance.py:1361} INFO - Starting attempt 1 of 2
[2025-02-21T16:56:54.240+0000] {taskinstance.py:1382} INFO - Executing <Task(DockerOperator): pyspark_consumer> on 2025-02-21 16:55:39.165746+00:00
[2025-02-21T16:56:54.367+0000] {standard_task_runner.py:57} INFO - Started process 2644 to run task
[2025-02-21T16:56:54.423+0000] {standard_task_runner.py:84} INFO - Running: ['airflow', 'tasks', 'run', 'kafka_spark_dag', 'pyspark_consumer', 'manual__2025-02-21T16:55:39.165746+00:00', '--job-id', '69', '--raw', '--subdir', 'DAGS_FOLDER/dag_kafka_spark.py', '--cfg-path', '/tmp/tmp1lauoblp']
[2025-02-21T16:56:54.431+0000] {standard_task_runner.py:85} INFO - Job 69: Subtask pyspark_consumer
[2025-02-21T16:56:55.206+0000] {task_command.py:416} INFO - Running <TaskInstance: kafka_spark_dag.pyspark_consumer manual__2025-02-21T16:55:39.165746+00:00 [running]> on host 5ce05505e751
[2025-02-21T16:56:56.034+0000] {taskinstance.py:1662} INFO - Exporting env vars: AIRFLOW_CTX_DAG_OWNER='airflow' AIRFLOW_CTX_DAG_ID='kafka_spark_dag' AIRFLOW_CTX_TASK_ID='pyspark_consumer' AIRFLOW_CTX_EXECUTION_DATE='2025-02-21T16:55:39.165746+00:00' AIRFLOW_CTX_TRY_NUMBER='1' AIRFLOW_CTX_DAG_RUN_ID='manual__2025-02-21T16:55:39.165746+00:00'
[2025-02-21T16:56:56.431+0000] {docker.py:343} INFO - Starting docker container from image Mohamed/spark:latest
[2025-02-21T16:57:00.786+0000] {docker.py:413} INFO - [38;5;6mspark [38;5;5m16:57:00.74 [0m[38;5;2mINFO [0m ==>
[2025-02-21T16:57:00.844+0000] {docker.py:413} INFO - [38;5;6mspark [38;5;5m16:57:00.81 [0m[38;5;2mINFO [0m ==> [1mWelcome to the Bitnami spark container[0m
[2025-02-21T16:57:00.874+0000] {docker.py:413} INFO - [38;5;6mspark [38;5;5m16:57:00.86 [0m[38;5;2mINFO [0m ==> Subscribe to project updates by watching [1mhttps://github.com/bitnami/containers[0m
[2025-02-21T16:57:00.900+0000] {docker.py:413} INFO - [38;5;6mspark [38;5;5m16:57:00.87 [0m[38;5;2mINFO [0m ==> Submit issues and feature requests at [1mhttps://github.com/bitnami/containers/issues[0m
[2025-02-21T16:57:00.906+0000] {docker.py:413} INFO - [38;5;6mspark [38;5;5m16:57:00.89 [0m[38;5;2mINFO [0m ==>
[2025-02-21T16:57:01.067+0000] {docker.py:413} INFO - 
[2025-02-21T16:57:53.076+0000] {docker.py:413} INFO - :: loading settings :: url = jar:file:/opt/bitnami/spark/jars/ivy-2.5.1.jar!/org/apache/ivy/core/settings/ivysettings.xml
[2025-02-21T16:57:55.265+0000] {docker.py:413} INFO - Ivy Default Cache set to: /opt/bitnami/spark/.ivy2/cache
The jars for the packages stored in: /opt/bitnami/spark/.ivy2/jars
[2025-02-21T16:57:55.317+0000] {docker.py:413} INFO - org.postgresql#postgresql added as a dependency
org.apache.spark#spark-sql-kafka-0-10_2.12 added as a dependency
[2025-02-21T16:57:55.386+0000] {docker.py:413} INFO - :: resolving dependencies :: org.apache.spark#spark-submit-parent-21d13040-7423-4032-aeff-0d2d904ea3d5;1.0
[2025-02-21T16:57:55.410+0000] {docker.py:413} INFO - confs: [default]
[2025-02-21T16:58:08.267+0000] {docker.py:413} INFO - found org.postgresql#postgresql;42.5.4 in central
[2025-02-21T16:58:09.234+0000] {docker.py:413} INFO - found org.checkerframework#checker-qual;3.5.0 in central
[2025-02-21T16:58:19.154+0000] {docker.py:413} INFO - found org.apache.spark#spark-sql-kafka-0-10_2.12;3.5.0 in central
[2025-02-21T16:58:25.464+0000] {docker.py:413} INFO - found org.apache.spark#spark-token-provider-kafka-0-10_2.12;3.5.0 in central
[2025-02-21T16:58:26.782+0000] {docker.py:413} INFO - found org.apache.kafka#kafka-clients;3.4.1 in central
[2025-02-21T16:58:28.052+0000] {docker.py:413} INFO - found org.lz4#lz4-java;1.8.0 in central
[2025-02-21T16:58:28.599+0000] {docker.py:413} INFO - found org.xerial.snappy#snappy-java;1.1.10.3 in central
[2025-02-21T16:58:31.073+0000] {docker.py:413} INFO - found org.slf4j#slf4j-api;2.0.7 in central
[2025-02-21T16:58:36.086+0000] {docker.py:413} INFO - found org.apache.hadoop#hadoop-client-runtime;3.3.4 in central
[2025-02-21T16:58:37.766+0000] {docker.py:413} INFO - found org.apache.hadoop#hadoop-client-api;3.3.4 in central
[2025-02-21T16:58:42.603+0000] {docker.py:413} INFO - found commons-logging#commons-logging;1.1.3 in central
[2025-02-21T16:58:43.048+0000] {docker.py:413} INFO - found com.google.code.findbugs#jsr305;3.0.0 in central
[2025-02-21T16:58:47.751+0000] {docker.py:413} INFO - found org.apache.commons#commons-pool2;2.11.1 in central
[2025-02-21T16:58:48.115+0000] {docker.py:413} INFO - downloading https://repo1.maven.org/maven2/org/postgresql/postgresql/42.5.4/postgresql-42.5.4.jar ...
[2025-02-21T16:58:48.798+0000] {docker.py:413} INFO - [SUCCESSFUL ] org.postgresql#postgresql;42.5.4!postgresql.jar (685ms)
[2025-02-21T16:58:48.914+0000] {docker.py:413} INFO - downloading https://repo1.maven.org/maven2/org/apache/spark/spark-sql-kafka-0-10_2.12/3.5.0/spark-sql-kafka-0-10_2.12-3.5.0.jar ...
[2025-02-21T16:58:49.429+0000] {docker.py:413} INFO - [SUCCESSFUL ] org.apache.spark#spark-sql-kafka-0-10_2.12;3.5.0!spark-sql-kafka-0-10_2.12.jar (660ms)
[2025-02-21T16:58:49.540+0000] {docker.py:413} INFO - downloading https://repo1.maven.org/maven2/org/checkerframework/checker-qual/3.5.0/checker-qual-3.5.0.jar ...
[2025-02-21T16:58:49.833+0000] {docker.py:413} INFO - [SUCCESSFUL ] org.checkerframework#checker-qual;3.5.0!checker-qual.jar (390ms)
[2025-02-21T16:58:49.916+0000] {docker.py:413} INFO - downloading https://repo1.maven.org/maven2/org/apache/spark/spark-token-provider-kafka-0-10_2.12/3.5.0/spark-token-provider-kafka-0-10_2.12-3.5.0.jar ...
[2025-02-21T16:58:50.160+0000] {docker.py:413} INFO - [SUCCESSFUL ] org.apache.spark#spark-token-provider-kafka-0-10_2.12;3.5.0!spark-token-provider-kafka-0-10_2.12.jar (310ms)
[2025-02-21T16:58:50.335+0000] {docker.py:413} INFO - downloading https://repo1.maven.org/maven2/org/apache/kafka/kafka-clients/3.4.1/kafka-clients-3.4.1.jar ...
[2025-02-21T16:58:52.324+0000] {docker.py:413} INFO - [SUCCESSFUL ] org.apache.kafka#kafka-clients;3.4.1!kafka-clients.jar (2113ms)
[2025-02-21T16:58:52.417+0000] {docker.py:413} INFO - downloading https://repo1.maven.org/maven2/com/google/code/findbugs/jsr305/3.0.0/jsr305-3.0.0.jar ...
[2025-02-21T16:58:52.512+0000] {docker.py:413} INFO - [SUCCESSFUL ] com.google.code.findbugs#jsr305;3.0.0!jsr305.jar (168ms)
[2025-02-21T16:58:52.564+0000] {docker.py:413} INFO - downloading https://repo1.maven.org/maven2/org/apache/commons/commons-pool2/2.11.1/commons-pool2-2.11.1.jar ...
[2025-02-21T16:58:52.673+0000] {docker.py:413} INFO - [SUCCESSFUL ] org.apache.commons#commons-pool2;2.11.1!commons-pool2.jar (161ms)
[2025-02-21T16:58:52.739+0000] {docker.py:413} INFO - downloading https://repo1.maven.org/maven2/org/apache/hadoop/hadoop-client-runtime/3.3.4/hadoop-client-runtime-3.3.4.jar ...
[2025-02-21T16:59:09.374+0000] {docker.py:413} INFO - [SUCCESSFUL ] org.apache.hadoop#hadoop-client-runtime;3.3.4!hadoop-client-runtime.jar (16669ms)
[2025-02-21T16:59:09.511+0000] {docker.py:413} INFO - downloading https://repo1.maven.org/maven2/org/lz4/lz4-java/1.8.0/lz4-java-1.8.0.jar ...
[2025-02-21T16:59:09.959+0000] {docker.py:413} INFO - [SUCCESSFUL ] org.lz4#lz4-java;1.8.0!lz4-java.jar (548ms)
[2025-02-21T16:59:10.106+0000] {docker.py:413} INFO - downloading https://repo1.maven.org/maven2/org/xerial/snappy/snappy-java/1.1.10.3/snappy-java-1.1.10.3.jar ...
[2025-02-21T16:59:10.917+0000] {docker.py:413} INFO - [SUCCESSFUL ] org.xerial.snappy#snappy-java;1.1.10.3!snappy-java.jar(bundle) (920ms)
[2025-02-21T16:59:11.049+0000] {docker.py:413} INFO - downloading https://repo1.maven.org/maven2/org/slf4j/slf4j-api/2.0.7/slf4j-api-2.0.7.jar ...
[2025-02-21T16:59:11.272+0000] {docker.py:413} INFO - [SUCCESSFUL ] org.slf4j#slf4j-api;2.0.7!slf4j-api.jar (290ms)
[2025-02-21T16:59:11.469+0000] {docker.py:413} INFO - downloading https://repo1.maven.org/maven2/org/apache/hadoop/hadoop-client-api/3.3.4/hadoop-client-api-3.3.4.jar ...
[2025-02-21T16:59:17.101+0000] {docker.py:413} INFO - [SUCCESSFUL ] org.apache.hadoop#hadoop-client-api;3.3.4!hadoop-client-api.jar (5714ms)
[2025-02-21T16:59:17.158+0000] {docker.py:413} INFO - downloading https://repo1.maven.org/maven2/commons-logging/commons-logging/1.1.3/commons-logging-1.1.3.jar ...
[2025-02-21T16:59:17.272+0000] {docker.py:413} INFO - [SUCCESSFUL ] commons-logging#commons-logging;1.1.3!commons-logging.jar (174ms)
[2025-02-21T16:59:17.276+0000] {docker.py:413} INFO - :: resolution report :: resolve 52784ms :: artifacts dl 29216ms
[2025-02-21T16:59:17.277+0000] {docker.py:413} INFO - :: modules in use:
[2025-02-21T16:59:17.294+0000] {docker.py:413} INFO - com.google.code.findbugs#jsr305;3.0.0 from central in [default]
[2025-02-21T16:59:17.302+0000] {docker.py:413} INFO - commons-logging#commons-logging;1.1.3 from central in [default]
[2025-02-21T16:59:17.305+0000] {docker.py:413} INFO - org.apache.commons#commons-pool2;2.11.1 from central in [default]
	org.apache.hadoop#hadoop-client-api;3.3.4 from central in [default]
	org.apache.hadoop#hadoop-client-runtime;3.3.4 from central in [default]
	org.apache.kafka#kafka-clients;3.4.1 from central in [default]
	org.apache.spark#spark-sql-kafka-0-10_2.12;3.5.0 from central in [default]
	org.apache.spark#spark-token-provider-kafka-0-10_2.12;3.5.0 from central in [default]
	org.checkerframework#checker-qual;3.5.0 from central in [default]
	org.lz4#lz4-java;1.8.0 from central in [default]
[2025-02-21T16:59:17.306+0000] {docker.py:413} INFO - org.postgresql#postgresql;42.5.4 from central in [default]
[2025-02-21T16:59:17.332+0000] {docker.py:413} INFO - org.slf4j#slf4j-api;2.0.7 from central in [default]
[2025-02-21T16:59:17.333+0000] {docker.py:413} INFO - org.xerial.snappy#snappy-java;1.1.10.3 from central in [default]
[2025-02-21T16:59:17.339+0000] {docker.py:413} INFO - ---------------------------------------------------------------------
	|                  |            modules            ||   artifacts   |
[2025-02-21T16:59:17.344+0000] {docker.py:413} INFO - |       conf       | number| search|dwnlded|evicted|| number|dwnlded|
	---------------------------------------------------------------------
[2025-02-21T16:59:17.349+0000] {docker.py:413} INFO - |      default     |   13  |   13  |   13  |   0   ||   13  |   13  |
[2025-02-21T16:59:17.350+0000] {docker.py:413} INFO - ---------------------------------------------------------------------
[2025-02-21T16:59:17.351+0000] {docker.py:413} INFO - :: retrieving :: org.apache.spark#spark-submit-parent-21d13040-7423-4032-aeff-0d2d904ea3d5
[2025-02-21T16:59:17.355+0000] {docker.py:413} INFO - confs: [default]
[2025-02-21T16:59:18.594+0000] {docker.py:413} INFO - 13 artifacts copied, 0 already retrieved (58001kB/1238ms)
[2025-02-21T16:59:26.196+0000] {docker.py:413} INFO - 25/02/21 16:59:26 WARN NativeCodeLoader: Unable to load native-hadoop library for your platform... using builtin-java classes where applicable
[2025-02-21T16:59:43.930+0000] {docker.py:413} INFO - Loaded Kafka Config - BOOTSTRAP_SERVERS: kafka:9092, TOPIC: online_retail
Loaded PostgreSQL Config - POSTGRES_USER: PG_user, POSTGRES_HOST: None
Traceback (most recent call last):
  File "/opt/bitnami/spark/spark_pgsql.py", line 6, in <module>
    from constants import (
ImportError: cannot import name 'KAFKA_BROKER' from 'constants' (/opt/bitnami/spark/constants.py)
[2025-02-21T16:59:44.470+0000] {docker.py:413} INFO - 25/02/21 16:59:44 INFO ShutdownHookManager: Shutdown hook called
[2025-02-21T16:59:44.483+0000] {docker.py:413} INFO - 25/02/21 16:59:44 INFO ShutdownHookManager: Deleting directory /tmp/spark-2b0f1117-c336-4e99-853d-e2c06e396b62
[2025-02-21T16:59:45.947+0000] {taskinstance.py:1937} ERROR - Task failed with exception
Traceback (most recent call last):
  File "/home/airflow/.local/lib/python3.8/site-packages/airflow/providers/docker/operators/docker.py", line 486, in execute
    return self._run_image()
  File "/home/airflow/.local/lib/python3.8/site-packages/airflow/providers/docker/operators/docker.py", line 360, in _run_image
    return self._run_image_with_mounts(self.mounts, add_tmp_variable=False)
  File "/home/airflow/.local/lib/python3.8/site-packages/airflow/providers/docker/operators/docker.py", line 421, in _run_image_with_mounts
    raise DockerContainerFailedException(f"Docker container failed: {result!r}", logs=log_lines)
airflow.providers.docker.exceptions.DockerContainerFailedException: Docker container failed: {'StatusCode': 1}
[2025-02-21T16:59:45.973+0000] {taskinstance.py:1400} INFO - Marking task as UP_FOR_RETRY. dag_id=kafka_spark_dag, task_id=pyspark_consumer, execution_date=20250221T165539, start_date=20250221T165653, end_date=20250221T165945
[2025-02-21T16:59:46.161+0000] {standard_task_runner.py:104} ERROR - Failed to execute job 69 for task pyspark_consumer (Docker container failed: {'StatusCode': 1}; 2644)
[2025-02-21T16:59:46.201+0000] {local_task_job_runner.py:228} INFO - Task exited with return code 1
[2025-02-21T16:59:46.454+0000] {taskinstance.py:2778} INFO - 0 downstream tasks scheduled from follow-on schedule check
