[2025-02-14T14:38:24.409+0000] {processor.py:157} INFO - Started process (PID=232) to work on /home/airflow/.local/lib/python3.8/site-packages/airflow/example_dags/example_python_operator.py
[2025-02-14T14:38:24.409+0000] {processor.py:829} INFO - Processing file /home/airflow/.local/lib/python3.8/site-packages/airflow/example_dags/example_python_operator.py for tasks to queue
[2025-02-14T14:38:24.410+0000] {logging_mixin.py:154} INFO - [2025-02-14T14:38:24.410+0000] {dagbag.py:536} INFO - Filling up the DagBag from /home/airflow/.local/lib/python3.8/site-packages/airflow/example_dags/example_python_operator.py
[2025-02-14T14:38:24.428+0000] {processor.py:839} INFO - DAG(s) dict_keys(['example_python_operator']) retrieved from /home/airflow/.local/lib/python3.8/site-packages/airflow/example_dags/example_python_operator.py
[2025-02-14T14:38:24.535+0000] {logging_mixin.py:154} INFO - [2025-02-14T14:38:24.535+0000] {manager.py:499} INFO - Created Permission View: %s
[2025-02-14T14:38:24.542+0000] {logging_mixin.py:154} INFO - [2025-02-14T14:38:24.542+0000] {manager.py:499} INFO - Created Permission View: %s
[2025-02-14T14:38:24.547+0000] {logging_mixin.py:154} INFO - [2025-02-14T14:38:24.547+0000] {manager.py:499} INFO - Created Permission View: %s
[2025-02-14T14:38:24.547+0000] {logging_mixin.py:154} INFO - [2025-02-14T14:38:24.547+0000] {dag.py:2941} INFO - Sync 1 DAGs
[2025-02-14T14:38:24.557+0000] {logging_mixin.py:154} INFO - [2025-02-14T14:38:24.557+0000] {dag.py:2963} INFO - Creating ORM DAG for example_python_operator
[2025-02-14T14:38:24.558+0000] {logging_mixin.py:154} INFO - [2025-02-14T14:38:24.557+0000] {dag.py:3722} INFO - Setting next_dagrun for example_python_operator to None, run_after=None
[2025-02-14T14:38:24.575+0000] {processor.py:179} INFO - Processing /home/airflow/.local/lib/python3.8/site-packages/airflow/example_dags/example_python_operator.py took 0.170 seconds
[2025-02-14T14:38:55.223+0000] {processor.py:157} INFO - Started process (PID=470) to work on /home/airflow/.local/lib/python3.8/site-packages/airflow/example_dags/example_python_operator.py
[2025-02-14T14:38:55.226+0000] {processor.py:829} INFO - Processing file /home/airflow/.local/lib/python3.8/site-packages/airflow/example_dags/example_python_operator.py for tasks to queue
[2025-02-14T14:38:55.230+0000] {logging_mixin.py:154} INFO - [2025-02-14T14:38:55.229+0000] {dagbag.py:536} INFO - Filling up the DagBag from /home/airflow/.local/lib/python3.8/site-packages/airflow/example_dags/example_python_operator.py
[2025-02-14T14:38:55.261+0000] {processor.py:839} INFO - DAG(s) dict_keys(['example_python_operator']) retrieved from /home/airflow/.local/lib/python3.8/site-packages/airflow/example_dags/example_python_operator.py
[2025-02-14T14:38:55.337+0000] {logging_mixin.py:154} INFO - [2025-02-14T14:38:55.336+0000] {dag.py:2941} INFO - Sync 1 DAGs
[2025-02-14T14:38:55.419+0000] {logging_mixin.py:154} INFO - [2025-02-14T14:38:55.419+0000] {dag.py:3722} INFO - Setting next_dagrun for example_python_operator to None, run_after=None
[2025-02-14T14:38:55.467+0000] {processor.py:179} INFO - Processing /home/airflow/.local/lib/python3.8/site-packages/airflow/example_dags/example_python_operator.py took 0.254 seconds
[2025-02-14T14:39:25.827+0000] {processor.py:157} INFO - Started process (PID=708) to work on /home/airflow/.local/lib/python3.8/site-packages/airflow/example_dags/example_python_operator.py
[2025-02-14T14:39:25.831+0000] {processor.py:829} INFO - Processing file /home/airflow/.local/lib/python3.8/site-packages/airflow/example_dags/example_python_operator.py for tasks to queue
[2025-02-14T14:39:25.833+0000] {logging_mixin.py:154} INFO - [2025-02-14T14:39:25.832+0000] {dagbag.py:536} INFO - Filling up the DagBag from /home/airflow/.local/lib/python3.8/site-packages/airflow/example_dags/example_python_operator.py
[2025-02-14T14:39:25.882+0000] {processor.py:839} INFO - DAG(s) dict_keys(['example_python_operator']) retrieved from /home/airflow/.local/lib/python3.8/site-packages/airflow/example_dags/example_python_operator.py
[2025-02-14T14:39:25.971+0000] {logging_mixin.py:154} INFO - [2025-02-14T14:39:25.971+0000] {dag.py:2941} INFO - Sync 1 DAGs
[2025-02-14T14:39:26.011+0000] {logging_mixin.py:154} INFO - [2025-02-14T14:39:26.011+0000] {dag.py:3722} INFO - Setting next_dagrun for example_python_operator to None, run_after=None
[2025-02-14T14:39:26.105+0000] {processor.py:179} INFO - Processing /home/airflow/.local/lib/python3.8/site-packages/airflow/example_dags/example_python_operator.py took 0.288 seconds
[2025-02-14T14:39:56.819+0000] {processor.py:157} INFO - Started process (PID=948) to work on /home/airflow/.local/lib/python3.8/site-packages/airflow/example_dags/example_python_operator.py
[2025-02-14T14:39:56.822+0000] {processor.py:829} INFO - Processing file /home/airflow/.local/lib/python3.8/site-packages/airflow/example_dags/example_python_operator.py for tasks to queue
[2025-02-14T14:39:56.825+0000] {logging_mixin.py:154} INFO - [2025-02-14T14:39:56.824+0000] {dagbag.py:536} INFO - Filling up the DagBag from /home/airflow/.local/lib/python3.8/site-packages/airflow/example_dags/example_python_operator.py
[2025-02-14T14:39:56.854+0000] {processor.py:839} INFO - DAG(s) dict_keys(['example_python_operator']) retrieved from /home/airflow/.local/lib/python3.8/site-packages/airflow/example_dags/example_python_operator.py
[2025-02-14T14:39:56.926+0000] {logging_mixin.py:154} INFO - [2025-02-14T14:39:56.925+0000] {dag.py:2941} INFO - Sync 1 DAGs
[2025-02-14T14:39:56.973+0000] {logging_mixin.py:154} INFO - [2025-02-14T14:39:56.972+0000] {dag.py:3722} INFO - Setting next_dagrun for example_python_operator to None, run_after=None
[2025-02-14T14:39:57.029+0000] {processor.py:179} INFO - Processing /home/airflow/.local/lib/python3.8/site-packages/airflow/example_dags/example_python_operator.py took 0.220 seconds
[2025-02-14T14:40:27.253+0000] {processor.py:157} INFO - Started process (PID=1186) to work on /home/airflow/.local/lib/python3.8/site-packages/airflow/example_dags/example_python_operator.py
[2025-02-14T14:40:27.256+0000] {processor.py:829} INFO - Processing file /home/airflow/.local/lib/python3.8/site-packages/airflow/example_dags/example_python_operator.py for tasks to queue
[2025-02-14T14:40:27.258+0000] {logging_mixin.py:154} INFO - [2025-02-14T14:40:27.257+0000] {dagbag.py:536} INFO - Filling up the DagBag from /home/airflow/.local/lib/python3.8/site-packages/airflow/example_dags/example_python_operator.py
[2025-02-14T14:40:27.286+0000] {processor.py:839} INFO - DAG(s) dict_keys(['example_python_operator']) retrieved from /home/airflow/.local/lib/python3.8/site-packages/airflow/example_dags/example_python_operator.py
[2025-02-14T14:40:27.368+0000] {logging_mixin.py:154} INFO - [2025-02-14T14:40:27.368+0000] {dag.py:2941} INFO - Sync 1 DAGs
[2025-02-14T14:40:27.404+0000] {logging_mixin.py:154} INFO - [2025-02-14T14:40:27.404+0000] {dag.py:3722} INFO - Setting next_dagrun for example_python_operator to None, run_after=None
[2025-02-14T14:40:27.459+0000] {processor.py:179} INFO - Processing /home/airflow/.local/lib/python3.8/site-packages/airflow/example_dags/example_python_operator.py took 0.216 seconds
[2025-02-14T14:40:58.060+0000] {processor.py:157} INFO - Started process (PID=1422) to work on /home/airflow/.local/lib/python3.8/site-packages/airflow/example_dags/example_python_operator.py
[2025-02-14T14:40:58.062+0000] {processor.py:829} INFO - Processing file /home/airflow/.local/lib/python3.8/site-packages/airflow/example_dags/example_python_operator.py for tasks to queue
[2025-02-14T14:40:58.064+0000] {logging_mixin.py:154} INFO - [2025-02-14T14:40:58.063+0000] {dagbag.py:536} INFO - Filling up the DagBag from /home/airflow/.local/lib/python3.8/site-packages/airflow/example_dags/example_python_operator.py
[2025-02-14T14:40:58.094+0000] {processor.py:839} INFO - DAG(s) dict_keys(['example_python_operator']) retrieved from /home/airflow/.local/lib/python3.8/site-packages/airflow/example_dags/example_python_operator.py
[2025-02-14T14:40:58.171+0000] {logging_mixin.py:154} INFO - [2025-02-14T14:40:58.171+0000] {dag.py:2941} INFO - Sync 1 DAGs
[2025-02-14T14:40:58.215+0000] {logging_mixin.py:154} INFO - [2025-02-14T14:40:58.215+0000] {dag.py:3722} INFO - Setting next_dagrun for example_python_operator to None, run_after=None
[2025-02-14T14:40:58.278+0000] {processor.py:179} INFO - Processing /home/airflow/.local/lib/python3.8/site-packages/airflow/example_dags/example_python_operator.py took 0.238 seconds
[2025-02-14T14:41:28.771+0000] {processor.py:157} INFO - Started process (PID=1661) to work on /home/airflow/.local/lib/python3.8/site-packages/airflow/example_dags/example_python_operator.py
[2025-02-14T14:41:28.773+0000] {processor.py:829} INFO - Processing file /home/airflow/.local/lib/python3.8/site-packages/airflow/example_dags/example_python_operator.py for tasks to queue
[2025-02-14T14:41:28.775+0000] {logging_mixin.py:154} INFO - [2025-02-14T14:41:28.775+0000] {dagbag.py:536} INFO - Filling up the DagBag from /home/airflow/.local/lib/python3.8/site-packages/airflow/example_dags/example_python_operator.py
[2025-02-14T14:41:28.806+0000] {processor.py:839} INFO - DAG(s) dict_keys(['example_python_operator']) retrieved from /home/airflow/.local/lib/python3.8/site-packages/airflow/example_dags/example_python_operator.py
[2025-02-14T14:41:28.884+0000] {logging_mixin.py:154} INFO - [2025-02-14T14:41:28.884+0000] {dag.py:2941} INFO - Sync 1 DAGs
[2025-02-14T14:41:28.926+0000] {logging_mixin.py:154} INFO - [2025-02-14T14:41:28.926+0000] {dag.py:3722} INFO - Setting next_dagrun for example_python_operator to None, run_after=None
[2025-02-14T14:41:28.989+0000] {processor.py:179} INFO - Processing /home/airflow/.local/lib/python3.8/site-packages/airflow/example_dags/example_python_operator.py took 0.226 seconds
[2025-02-14T14:41:59.378+0000] {processor.py:157} INFO - Started process (PID=1897) to work on /home/airflow/.local/lib/python3.8/site-packages/airflow/example_dags/example_python_operator.py
[2025-02-14T14:41:59.381+0000] {processor.py:829} INFO - Processing file /home/airflow/.local/lib/python3.8/site-packages/airflow/example_dags/example_python_operator.py for tasks to queue
[2025-02-14T14:41:59.388+0000] {logging_mixin.py:154} INFO - [2025-02-14T14:41:59.384+0000] {dagbag.py:536} INFO - Filling up the DagBag from /home/airflow/.local/lib/python3.8/site-packages/airflow/example_dags/example_python_operator.py
[2025-02-14T14:41:59.419+0000] {processor.py:839} INFO - DAG(s) dict_keys(['example_python_operator']) retrieved from /home/airflow/.local/lib/python3.8/site-packages/airflow/example_dags/example_python_operator.py
[2025-02-14T14:41:59.516+0000] {logging_mixin.py:154} INFO - [2025-02-14T14:41:59.513+0000] {dag.py:2941} INFO - Sync 1 DAGs
[2025-02-14T14:41:59.553+0000] {logging_mixin.py:154} INFO - [2025-02-14T14:41:59.553+0000] {dag.py:3722} INFO - Setting next_dagrun for example_python_operator to None, run_after=None
[2025-02-14T14:41:59.597+0000] {processor.py:179} INFO - Processing /home/airflow/.local/lib/python3.8/site-packages/airflow/example_dags/example_python_operator.py took 0.231 seconds
[2025-02-14T14:42:31.845+0000] {processor.py:157} INFO - Started process (PID=2135) to work on /home/airflow/.local/lib/python3.8/site-packages/airflow/example_dags/example_python_operator.py
[2025-02-14T14:42:31.850+0000] {processor.py:829} INFO - Processing file /home/airflow/.local/lib/python3.8/site-packages/airflow/example_dags/example_python_operator.py for tasks to queue
[2025-02-14T14:42:31.851+0000] {logging_mixin.py:154} INFO - [2025-02-14T14:42:31.851+0000] {dagbag.py:536} INFO - Filling up the DagBag from /home/airflow/.local/lib/python3.8/site-packages/airflow/example_dags/example_python_operator.py
[2025-02-14T14:42:31.887+0000] {processor.py:839} INFO - DAG(s) dict_keys(['example_python_operator']) retrieved from /home/airflow/.local/lib/python3.8/site-packages/airflow/example_dags/example_python_operator.py
[2025-02-14T14:42:31.961+0000] {logging_mixin.py:154} INFO - [2025-02-14T14:42:31.961+0000] {dag.py:2941} INFO - Sync 1 DAGs
[2025-02-14T14:42:32.001+0000] {logging_mixin.py:154} INFO - [2025-02-14T14:42:32.001+0000] {dag.py:3722} INFO - Setting next_dagrun for example_python_operator to None, run_after=None
[2025-02-14T14:42:32.059+0000] {processor.py:179} INFO - Processing /home/airflow/.local/lib/python3.8/site-packages/airflow/example_dags/example_python_operator.py took 0.232 seconds
[2025-02-14T14:43:02.631+0000] {processor.py:157} INFO - Started process (PID=2373) to work on /home/airflow/.local/lib/python3.8/site-packages/airflow/example_dags/example_python_operator.py
[2025-02-14T14:43:02.638+0000] {processor.py:829} INFO - Processing file /home/airflow/.local/lib/python3.8/site-packages/airflow/example_dags/example_python_operator.py for tasks to queue
[2025-02-14T14:43:02.640+0000] {logging_mixin.py:154} INFO - [2025-02-14T14:43:02.640+0000] {dagbag.py:536} INFO - Filling up the DagBag from /home/airflow/.local/lib/python3.8/site-packages/airflow/example_dags/example_python_operator.py
[2025-02-14T14:43:02.684+0000] {processor.py:839} INFO - DAG(s) dict_keys(['example_python_operator']) retrieved from /home/airflow/.local/lib/python3.8/site-packages/airflow/example_dags/example_python_operator.py
[2025-02-14T14:43:02.837+0000] {logging_mixin.py:154} INFO - [2025-02-14T14:43:02.837+0000] {dag.py:2941} INFO - Sync 1 DAGs
[2025-02-14T14:43:02.912+0000] {logging_mixin.py:154} INFO - [2025-02-14T14:43:02.911+0000] {dag.py:3722} INFO - Setting next_dagrun for example_python_operator to None, run_after=None
[2025-02-14T14:43:03.030+0000] {processor.py:179} INFO - Processing /home/airflow/.local/lib/python3.8/site-packages/airflow/example_dags/example_python_operator.py took 0.427 seconds
[2025-02-14T14:43:33.288+0000] {processor.py:157} INFO - Started process (PID=2611) to work on /home/airflow/.local/lib/python3.8/site-packages/airflow/example_dags/example_python_operator.py
[2025-02-14T14:43:33.293+0000] {processor.py:829} INFO - Processing file /home/airflow/.local/lib/python3.8/site-packages/airflow/example_dags/example_python_operator.py for tasks to queue
[2025-02-14T14:43:33.296+0000] {logging_mixin.py:154} INFO - [2025-02-14T14:43:33.295+0000] {dagbag.py:536} INFO - Filling up the DagBag from /home/airflow/.local/lib/python3.8/site-packages/airflow/example_dags/example_python_operator.py
[2025-02-14T14:43:33.353+0000] {processor.py:839} INFO - DAG(s) dict_keys(['example_python_operator']) retrieved from /home/airflow/.local/lib/python3.8/site-packages/airflow/example_dags/example_python_operator.py
[2025-02-14T14:43:33.458+0000] {logging_mixin.py:154} INFO - [2025-02-14T14:43:33.457+0000] {dag.py:2941} INFO - Sync 1 DAGs
[2025-02-14T14:43:33.519+0000] {logging_mixin.py:154} INFO - [2025-02-14T14:43:33.519+0000] {dag.py:3722} INFO - Setting next_dagrun for example_python_operator to None, run_after=None
[2025-02-14T14:43:33.611+0000] {processor.py:179} INFO - Processing /home/airflow/.local/lib/python3.8/site-packages/airflow/example_dags/example_python_operator.py took 0.342 seconds
[2025-02-14T14:44:03.890+0000] {processor.py:157} INFO - Started process (PID=2850) to work on /home/airflow/.local/lib/python3.8/site-packages/airflow/example_dags/example_python_operator.py
[2025-02-14T14:44:03.897+0000] {processor.py:829} INFO - Processing file /home/airflow/.local/lib/python3.8/site-packages/airflow/example_dags/example_python_operator.py for tasks to queue
[2025-02-14T14:44:03.902+0000] {logging_mixin.py:154} INFO - [2025-02-14T14:44:03.901+0000] {dagbag.py:536} INFO - Filling up the DagBag from /home/airflow/.local/lib/python3.8/site-packages/airflow/example_dags/example_python_operator.py
[2025-02-14T14:44:03.941+0000] {processor.py:839} INFO - DAG(s) dict_keys(['example_python_operator']) retrieved from /home/airflow/.local/lib/python3.8/site-packages/airflow/example_dags/example_python_operator.py
[2025-02-14T14:44:04.021+0000] {logging_mixin.py:154} INFO - [2025-02-14T14:44:04.021+0000] {dag.py:2941} INFO - Sync 1 DAGs
[2025-02-14T14:44:04.050+0000] {logging_mixin.py:154} INFO - [2025-02-14T14:44:04.050+0000] {dag.py:3722} INFO - Setting next_dagrun for example_python_operator to None, run_after=None
[2025-02-14T14:44:04.093+0000] {processor.py:179} INFO - Processing /home/airflow/.local/lib/python3.8/site-packages/airflow/example_dags/example_python_operator.py took 0.219 seconds
[2025-02-14T14:44:35.021+0000] {processor.py:157} INFO - Started process (PID=3105) to work on /home/airflow/.local/lib/python3.8/site-packages/airflow/example_dags/example_python_operator.py
[2025-02-14T14:44:35.025+0000] {processor.py:829} INFO - Processing file /home/airflow/.local/lib/python3.8/site-packages/airflow/example_dags/example_python_operator.py for tasks to queue
[2025-02-14T14:44:35.027+0000] {logging_mixin.py:154} INFO - [2025-02-14T14:44:35.026+0000] {dagbag.py:536} INFO - Filling up the DagBag from /home/airflow/.local/lib/python3.8/site-packages/airflow/example_dags/example_python_operator.py
[2025-02-14T14:44:35.054+0000] {processor.py:839} INFO - DAG(s) dict_keys(['example_python_operator']) retrieved from /home/airflow/.local/lib/python3.8/site-packages/airflow/example_dags/example_python_operator.py
[2025-02-14T14:44:35.140+0000] {logging_mixin.py:154} INFO - [2025-02-14T14:44:35.140+0000] {dag.py:2941} INFO - Sync 1 DAGs
[2025-02-14T14:44:35.180+0000] {logging_mixin.py:154} INFO - [2025-02-14T14:44:35.180+0000] {dag.py:3722} INFO - Setting next_dagrun for example_python_operator to None, run_after=None
[2025-02-14T14:44:35.225+0000] {processor.py:179} INFO - Processing /home/airflow/.local/lib/python3.8/site-packages/airflow/example_dags/example_python_operator.py took 0.215 seconds
[2025-02-14T14:45:05.398+0000] {processor.py:157} INFO - Started process (PID=3354) to work on /home/airflow/.local/lib/python3.8/site-packages/airflow/example_dags/example_python_operator.py
[2025-02-14T14:45:05.400+0000] {processor.py:829} INFO - Processing file /home/airflow/.local/lib/python3.8/site-packages/airflow/example_dags/example_python_operator.py for tasks to queue
[2025-02-14T14:45:05.401+0000] {logging_mixin.py:154} INFO - [2025-02-14T14:45:05.401+0000] {dagbag.py:536} INFO - Filling up the DagBag from /home/airflow/.local/lib/python3.8/site-packages/airflow/example_dags/example_python_operator.py
[2025-02-14T14:45:05.434+0000] {processor.py:839} INFO - DAG(s) dict_keys(['example_python_operator']) retrieved from /home/airflow/.local/lib/python3.8/site-packages/airflow/example_dags/example_python_operator.py
[2025-02-14T14:45:05.523+0000] {logging_mixin.py:154} INFO - [2025-02-14T14:45:05.522+0000] {dag.py:2941} INFO - Sync 1 DAGs
[2025-02-14T14:45:05.565+0000] {logging_mixin.py:154} INFO - [2025-02-14T14:45:05.564+0000] {dag.py:3722} INFO - Setting next_dagrun for example_python_operator to None, run_after=None
[2025-02-14T14:45:05.618+0000] {processor.py:179} INFO - Processing /home/airflow/.local/lib/python3.8/site-packages/airflow/example_dags/example_python_operator.py took 0.234 seconds
[2025-02-14T14:45:36.705+0000] {processor.py:157} INFO - Started process (PID=3595) to work on /home/airflow/.local/lib/python3.8/site-packages/airflow/example_dags/example_python_operator.py
[2025-02-14T14:45:36.707+0000] {processor.py:829} INFO - Processing file /home/airflow/.local/lib/python3.8/site-packages/airflow/example_dags/example_python_operator.py for tasks to queue
[2025-02-14T14:45:36.709+0000] {logging_mixin.py:154} INFO - [2025-02-14T14:45:36.709+0000] {dagbag.py:536} INFO - Filling up the DagBag from /home/airflow/.local/lib/python3.8/site-packages/airflow/example_dags/example_python_operator.py
[2025-02-14T14:45:36.744+0000] {processor.py:839} INFO - DAG(s) dict_keys(['example_python_operator']) retrieved from /home/airflow/.local/lib/python3.8/site-packages/airflow/example_dags/example_python_operator.py
[2025-02-14T14:45:36.822+0000] {logging_mixin.py:154} INFO - [2025-02-14T14:45:36.821+0000] {dag.py:2941} INFO - Sync 1 DAGs
[2025-02-14T14:45:36.872+0000] {logging_mixin.py:154} INFO - [2025-02-14T14:45:36.872+0000] {dag.py:3722} INFO - Setting next_dagrun for example_python_operator to None, run_after=None
[2025-02-14T14:45:36.955+0000] {processor.py:179} INFO - Processing /home/airflow/.local/lib/python3.8/site-packages/airflow/example_dags/example_python_operator.py took 0.259 seconds
[2025-02-14T14:46:07.775+0000] {processor.py:157} INFO - Started process (PID=3833) to work on /home/airflow/.local/lib/python3.8/site-packages/airflow/example_dags/example_python_operator.py
[2025-02-14T14:46:07.776+0000] {processor.py:829} INFO - Processing file /home/airflow/.local/lib/python3.8/site-packages/airflow/example_dags/example_python_operator.py for tasks to queue
[2025-02-14T14:46:07.778+0000] {logging_mixin.py:154} INFO - [2025-02-14T14:46:07.777+0000] {dagbag.py:536} INFO - Filling up the DagBag from /home/airflow/.local/lib/python3.8/site-packages/airflow/example_dags/example_python_operator.py
[2025-02-14T14:46:07.801+0000] {processor.py:839} INFO - DAG(s) dict_keys(['example_python_operator']) retrieved from /home/airflow/.local/lib/python3.8/site-packages/airflow/example_dags/example_python_operator.py
[2025-02-14T14:46:07.874+0000] {logging_mixin.py:154} INFO - [2025-02-14T14:46:07.873+0000] {dag.py:2941} INFO - Sync 1 DAGs
[2025-02-14T14:46:07.912+0000] {logging_mixin.py:154} INFO - [2025-02-14T14:46:07.911+0000] {dag.py:3722} INFO - Setting next_dagrun for example_python_operator to None, run_after=None
[2025-02-14T14:46:07.985+0000] {processor.py:179} INFO - Processing /home/airflow/.local/lib/python3.8/site-packages/airflow/example_dags/example_python_operator.py took 0.229 seconds
[2025-02-14T14:46:38.954+0000] {processor.py:157} INFO - Started process (PID=4066) to work on /home/airflow/.local/lib/python3.8/site-packages/airflow/example_dags/example_python_operator.py
[2025-02-14T14:46:38.957+0000] {processor.py:829} INFO - Processing file /home/airflow/.local/lib/python3.8/site-packages/airflow/example_dags/example_python_operator.py for tasks to queue
[2025-02-14T14:46:38.960+0000] {logging_mixin.py:154} INFO - [2025-02-14T14:46:38.958+0000] {dagbag.py:536} INFO - Filling up the DagBag from /home/airflow/.local/lib/python3.8/site-packages/airflow/example_dags/example_python_operator.py
[2025-02-14T14:46:38.997+0000] {processor.py:839} INFO - DAG(s) dict_keys(['example_python_operator']) retrieved from /home/airflow/.local/lib/python3.8/site-packages/airflow/example_dags/example_python_operator.py
[2025-02-14T14:46:39.073+0000] {logging_mixin.py:154} INFO - [2025-02-14T14:46:39.072+0000] {dag.py:2941} INFO - Sync 1 DAGs
[2025-02-14T14:46:39.113+0000] {logging_mixin.py:154} INFO - [2025-02-14T14:46:39.112+0000] {dag.py:3722} INFO - Setting next_dagrun for example_python_operator to None, run_after=None
[2025-02-14T14:46:39.167+0000] {processor.py:179} INFO - Processing /home/airflow/.local/lib/python3.8/site-packages/airflow/example_dags/example_python_operator.py took 0.230 seconds
[2025-02-14T14:47:09.729+0000] {processor.py:157} INFO - Started process (PID=4304) to work on /home/airflow/.local/lib/python3.8/site-packages/airflow/example_dags/example_python_operator.py
[2025-02-14T14:47:09.736+0000] {processor.py:829} INFO - Processing file /home/airflow/.local/lib/python3.8/site-packages/airflow/example_dags/example_python_operator.py for tasks to queue
[2025-02-14T14:47:09.744+0000] {logging_mixin.py:154} INFO - [2025-02-14T14:47:09.743+0000] {dagbag.py:536} INFO - Filling up the DagBag from /home/airflow/.local/lib/python3.8/site-packages/airflow/example_dags/example_python_operator.py
[2025-02-14T14:47:09.777+0000] {processor.py:839} INFO - DAG(s) dict_keys(['example_python_operator']) retrieved from /home/airflow/.local/lib/python3.8/site-packages/airflow/example_dags/example_python_operator.py
[2025-02-14T14:47:09.864+0000] {logging_mixin.py:154} INFO - [2025-02-14T14:47:09.864+0000] {dag.py:2941} INFO - Sync 1 DAGs
[2025-02-14T14:47:09.899+0000] {logging_mixin.py:154} INFO - [2025-02-14T14:47:09.898+0000] {dag.py:3722} INFO - Setting next_dagrun for example_python_operator to None, run_after=None
[2025-02-14T14:47:09.957+0000] {processor.py:179} INFO - Processing /home/airflow/.local/lib/python3.8/site-packages/airflow/example_dags/example_python_operator.py took 0.249 seconds
[2025-02-14T14:47:40.783+0000] {processor.py:157} INFO - Started process (PID=4541) to work on /home/airflow/.local/lib/python3.8/site-packages/airflow/example_dags/example_python_operator.py
[2025-02-14T14:47:40.789+0000] {processor.py:829} INFO - Processing file /home/airflow/.local/lib/python3.8/site-packages/airflow/example_dags/example_python_operator.py for tasks to queue
[2025-02-14T14:47:40.794+0000] {logging_mixin.py:154} INFO - [2025-02-14T14:47:40.792+0000] {dagbag.py:536} INFO - Filling up the DagBag from /home/airflow/.local/lib/python3.8/site-packages/airflow/example_dags/example_python_operator.py
[2025-02-14T14:47:40.870+0000] {processor.py:839} INFO - DAG(s) dict_keys(['example_python_operator']) retrieved from /home/airflow/.local/lib/python3.8/site-packages/airflow/example_dags/example_python_operator.py
[2025-02-14T14:47:40.974+0000] {logging_mixin.py:154} INFO - [2025-02-14T14:47:40.974+0000] {dag.py:2941} INFO - Sync 1 DAGs
[2025-02-14T14:47:41.019+0000] {logging_mixin.py:154} INFO - [2025-02-14T14:47:41.018+0000] {dag.py:3722} INFO - Setting next_dagrun for example_python_operator to None, run_after=None
[2025-02-14T14:47:41.078+0000] {processor.py:179} INFO - Processing /home/airflow/.local/lib/python3.8/site-packages/airflow/example_dags/example_python_operator.py took 0.318 seconds
[2025-02-14T14:48:11.502+0000] {processor.py:157} INFO - Started process (PID=4785) to work on /home/airflow/.local/lib/python3.8/site-packages/airflow/example_dags/example_python_operator.py
[2025-02-14T14:48:11.510+0000] {processor.py:829} INFO - Processing file /home/airflow/.local/lib/python3.8/site-packages/airflow/example_dags/example_python_operator.py for tasks to queue
[2025-02-14T14:48:11.531+0000] {logging_mixin.py:154} INFO - [2025-02-14T14:48:11.525+0000] {dagbag.py:536} INFO - Filling up the DagBag from /home/airflow/.local/lib/python3.8/site-packages/airflow/example_dags/example_python_operator.py
[2025-02-14T14:48:11.595+0000] {processor.py:839} INFO - DAG(s) dict_keys(['example_python_operator']) retrieved from /home/airflow/.local/lib/python3.8/site-packages/airflow/example_dags/example_python_operator.py
[2025-02-14T14:48:11.625+0000] {logging_mixin.py:154} INFO - [2025-02-14T14:48:11.625+0000] {dag.py:2941} INFO - Sync 1 DAGs
[2025-02-14T14:48:11.642+0000] {logging_mixin.py:154} INFO - [2025-02-14T14:48:11.642+0000] {dag.py:3722} INFO - Setting next_dagrun for example_python_operator to None, run_after=None
[2025-02-14T14:48:11.670+0000] {processor.py:179} INFO - Processing /home/airflow/.local/lib/python3.8/site-packages/airflow/example_dags/example_python_operator.py took 0.183 seconds
[2025-02-14T14:48:42.688+0000] {processor.py:157} INFO - Started process (PID=5023) to work on /home/airflow/.local/lib/python3.8/site-packages/airflow/example_dags/example_python_operator.py
[2025-02-14T14:48:42.691+0000] {processor.py:829} INFO - Processing file /home/airflow/.local/lib/python3.8/site-packages/airflow/example_dags/example_python_operator.py for tasks to queue
[2025-02-14T14:48:42.693+0000] {logging_mixin.py:154} INFO - [2025-02-14T14:48:42.692+0000] {dagbag.py:536} INFO - Filling up the DagBag from /home/airflow/.local/lib/python3.8/site-packages/airflow/example_dags/example_python_operator.py
[2025-02-14T14:48:42.731+0000] {processor.py:839} INFO - DAG(s) dict_keys(['example_python_operator']) retrieved from /home/airflow/.local/lib/python3.8/site-packages/airflow/example_dags/example_python_operator.py
[2025-02-14T14:48:42.796+0000] {logging_mixin.py:154} INFO - [2025-02-14T14:48:42.796+0000] {dag.py:2941} INFO - Sync 1 DAGs
[2025-02-14T14:48:42.829+0000] {logging_mixin.py:154} INFO - [2025-02-14T14:48:42.829+0000] {dag.py:3722} INFO - Setting next_dagrun for example_python_operator to None, run_after=None
[2025-02-14T14:48:42.894+0000] {processor.py:179} INFO - Processing /home/airflow/.local/lib/python3.8/site-packages/airflow/example_dags/example_python_operator.py took 0.214 seconds
[2025-02-14T14:49:13.244+0000] {processor.py:157} INFO - Started process (PID=5264) to work on /home/airflow/.local/lib/python3.8/site-packages/airflow/example_dags/example_python_operator.py
[2025-02-14T14:49:13.247+0000] {processor.py:829} INFO - Processing file /home/airflow/.local/lib/python3.8/site-packages/airflow/example_dags/example_python_operator.py for tasks to queue
[2025-02-14T14:49:13.249+0000] {logging_mixin.py:154} INFO - [2025-02-14T14:49:13.249+0000] {dagbag.py:536} INFO - Filling up the DagBag from /home/airflow/.local/lib/python3.8/site-packages/airflow/example_dags/example_python_operator.py
[2025-02-14T14:49:13.295+0000] {processor.py:839} INFO - DAG(s) dict_keys(['example_python_operator']) retrieved from /home/airflow/.local/lib/python3.8/site-packages/airflow/example_dags/example_python_operator.py
[2025-02-14T14:49:13.392+0000] {logging_mixin.py:154} INFO - [2025-02-14T14:49:13.391+0000] {dag.py:2941} INFO - Sync 1 DAGs
[2025-02-14T14:49:13.459+0000] {logging_mixin.py:154} INFO - [2025-02-14T14:49:13.455+0000] {dag.py:3722} INFO - Setting next_dagrun for example_python_operator to None, run_after=None
[2025-02-14T14:49:13.516+0000] {processor.py:179} INFO - Processing /home/airflow/.local/lib/python3.8/site-packages/airflow/example_dags/example_python_operator.py took 0.284 seconds
[2025-02-14T14:49:43.948+0000] {processor.py:157} INFO - Started process (PID=5501) to work on /home/airflow/.local/lib/python3.8/site-packages/airflow/example_dags/example_python_operator.py
[2025-02-14T14:49:43.953+0000] {processor.py:829} INFO - Processing file /home/airflow/.local/lib/python3.8/site-packages/airflow/example_dags/example_python_operator.py for tasks to queue
[2025-02-14T14:49:43.960+0000] {logging_mixin.py:154} INFO - [2025-02-14T14:49:43.957+0000] {dagbag.py:536} INFO - Filling up the DagBag from /home/airflow/.local/lib/python3.8/site-packages/airflow/example_dags/example_python_operator.py
[2025-02-14T14:49:43.999+0000] {processor.py:839} INFO - DAG(s) dict_keys(['example_python_operator']) retrieved from /home/airflow/.local/lib/python3.8/site-packages/airflow/example_dags/example_python_operator.py
[2025-02-14T14:49:44.071+0000] {logging_mixin.py:154} INFO - [2025-02-14T14:49:44.071+0000] {dag.py:2941} INFO - Sync 1 DAGs
[2025-02-14T14:49:44.129+0000] {logging_mixin.py:154} INFO - [2025-02-14T14:49:44.128+0000] {dag.py:3722} INFO - Setting next_dagrun for example_python_operator to None, run_after=None
[2025-02-14T14:49:44.197+0000] {processor.py:179} INFO - Processing /home/airflow/.local/lib/python3.8/site-packages/airflow/example_dags/example_python_operator.py took 0.263 seconds
[2025-02-14T14:50:15.100+0000] {processor.py:157} INFO - Started process (PID=5746) to work on /home/airflow/.local/lib/python3.8/site-packages/airflow/example_dags/example_python_operator.py
[2025-02-14T14:50:15.106+0000] {processor.py:829} INFO - Processing file /home/airflow/.local/lib/python3.8/site-packages/airflow/example_dags/example_python_operator.py for tasks to queue
[2025-02-14T14:50:15.114+0000] {logging_mixin.py:154} INFO - [2025-02-14T14:50:15.112+0000] {dagbag.py:536} INFO - Filling up the DagBag from /home/airflow/.local/lib/python3.8/site-packages/airflow/example_dags/example_python_operator.py
[2025-02-14T14:50:15.195+0000] {processor.py:839} INFO - DAG(s) dict_keys(['example_python_operator']) retrieved from /home/airflow/.local/lib/python3.8/site-packages/airflow/example_dags/example_python_operator.py
[2025-02-14T14:50:15.309+0000] {logging_mixin.py:154} INFO - [2025-02-14T14:50:15.309+0000] {dag.py:2941} INFO - Sync 1 DAGs
[2025-02-14T14:50:15.348+0000] {logging_mixin.py:154} INFO - [2025-02-14T14:50:15.347+0000] {dag.py:3722} INFO - Setting next_dagrun for example_python_operator to None, run_after=None
[2025-02-14T14:50:15.406+0000] {processor.py:179} INFO - Processing /home/airflow/.local/lib/python3.8/site-packages/airflow/example_dags/example_python_operator.py took 0.320 seconds
[2025-02-14T14:50:46.522+0000] {processor.py:157} INFO - Started process (PID=5985) to work on /home/airflow/.local/lib/python3.8/site-packages/airflow/example_dags/example_python_operator.py
[2025-02-14T14:50:46.527+0000] {processor.py:829} INFO - Processing file /home/airflow/.local/lib/python3.8/site-packages/airflow/example_dags/example_python_operator.py for tasks to queue
[2025-02-14T14:50:46.531+0000] {logging_mixin.py:154} INFO - [2025-02-14T14:50:46.530+0000] {dagbag.py:536} INFO - Filling up the DagBag from /home/airflow/.local/lib/python3.8/site-packages/airflow/example_dags/example_python_operator.py
[2025-02-14T14:50:46.579+0000] {processor.py:839} INFO - DAG(s) dict_keys(['example_python_operator']) retrieved from /home/airflow/.local/lib/python3.8/site-packages/airflow/example_dags/example_python_operator.py
[2025-02-14T14:50:46.658+0000] {logging_mixin.py:154} INFO - [2025-02-14T14:50:46.658+0000] {dag.py:2941} INFO - Sync 1 DAGs
[2025-02-14T14:50:46.699+0000] {logging_mixin.py:154} INFO - [2025-02-14T14:50:46.698+0000] {dag.py:3722} INFO - Setting next_dagrun for example_python_operator to None, run_after=None
[2025-02-14T14:50:46.757+0000] {processor.py:179} INFO - Processing /home/airflow/.local/lib/python3.8/site-packages/airflow/example_dags/example_python_operator.py took 0.262 seconds
[2025-02-14T14:51:17.590+0000] {processor.py:157} INFO - Started process (PID=6223) to work on /home/airflow/.local/lib/python3.8/site-packages/airflow/example_dags/example_python_operator.py
[2025-02-14T14:51:17.597+0000] {processor.py:829} INFO - Processing file /home/airflow/.local/lib/python3.8/site-packages/airflow/example_dags/example_python_operator.py for tasks to queue
[2025-02-14T14:51:17.602+0000] {logging_mixin.py:154} INFO - [2025-02-14T14:51:17.601+0000] {dagbag.py:536} INFO - Filling up the DagBag from /home/airflow/.local/lib/python3.8/site-packages/airflow/example_dags/example_python_operator.py
[2025-02-14T14:51:17.672+0000] {processor.py:839} INFO - DAG(s) dict_keys(['example_python_operator']) retrieved from /home/airflow/.local/lib/python3.8/site-packages/airflow/example_dags/example_python_operator.py
[2025-02-14T14:51:17.787+0000] {logging_mixin.py:154} INFO - [2025-02-14T14:51:17.786+0000] {dag.py:2941} INFO - Sync 1 DAGs
[2025-02-14T14:51:17.832+0000] {logging_mixin.py:154} INFO - [2025-02-14T14:51:17.831+0000] {dag.py:3722} INFO - Setting next_dagrun for example_python_operator to None, run_after=None
[2025-02-14T14:51:17.922+0000] {processor.py:179} INFO - Processing /home/airflow/.local/lib/python3.8/site-packages/airflow/example_dags/example_python_operator.py took 0.358 seconds
[2025-02-14T14:51:48.141+0000] {processor.py:157} INFO - Started process (PID=6461) to work on /home/airflow/.local/lib/python3.8/site-packages/airflow/example_dags/example_python_operator.py
[2025-02-14T14:51:48.148+0000] {processor.py:829} INFO - Processing file /home/airflow/.local/lib/python3.8/site-packages/airflow/example_dags/example_python_operator.py for tasks to queue
[2025-02-14T14:51:48.157+0000] {logging_mixin.py:154} INFO - [2025-02-14T14:51:48.156+0000] {dagbag.py:536} INFO - Filling up the DagBag from /home/airflow/.local/lib/python3.8/site-packages/airflow/example_dags/example_python_operator.py
[2025-02-14T14:51:48.239+0000] {processor.py:839} INFO - DAG(s) dict_keys(['example_python_operator']) retrieved from /home/airflow/.local/lib/python3.8/site-packages/airflow/example_dags/example_python_operator.py
[2025-02-14T14:51:48.312+0000] {logging_mixin.py:154} INFO - [2025-02-14T14:51:48.311+0000] {dag.py:2941} INFO - Sync 1 DAGs
[2025-02-14T14:51:48.346+0000] {logging_mixin.py:154} INFO - [2025-02-14T14:51:48.346+0000] {dag.py:3722} INFO - Setting next_dagrun for example_python_operator to None, run_after=None
[2025-02-14T14:51:48.396+0000] {processor.py:179} INFO - Processing /home/airflow/.local/lib/python3.8/site-packages/airflow/example_dags/example_python_operator.py took 0.290 seconds
[2025-02-14T14:52:18.691+0000] {processor.py:157} INFO - Started process (PID=6699) to work on /home/airflow/.local/lib/python3.8/site-packages/airflow/example_dags/example_python_operator.py
[2025-02-14T14:52:18.693+0000] {processor.py:829} INFO - Processing file /home/airflow/.local/lib/python3.8/site-packages/airflow/example_dags/example_python_operator.py for tasks to queue
[2025-02-14T14:52:18.695+0000] {logging_mixin.py:154} INFO - [2025-02-14T14:52:18.694+0000] {dagbag.py:536} INFO - Filling up the DagBag from /home/airflow/.local/lib/python3.8/site-packages/airflow/example_dags/example_python_operator.py
[2025-02-14T14:52:18.743+0000] {processor.py:839} INFO - DAG(s) dict_keys(['example_python_operator']) retrieved from /home/airflow/.local/lib/python3.8/site-packages/airflow/example_dags/example_python_operator.py
[2025-02-14T14:52:18.894+0000] {logging_mixin.py:154} INFO - [2025-02-14T14:52:18.893+0000] {dag.py:2941} INFO - Sync 1 DAGs
[2025-02-14T14:52:18.944+0000] {logging_mixin.py:154} INFO - [2025-02-14T14:52:18.943+0000] {dag.py:3722} INFO - Setting next_dagrun for example_python_operator to None, run_after=None
[2025-02-14T14:52:19.008+0000] {processor.py:179} INFO - Processing /home/airflow/.local/lib/python3.8/site-packages/airflow/example_dags/example_python_operator.py took 0.340 seconds
[2025-02-14T14:52:49.748+0000] {processor.py:157} INFO - Started process (PID=6937) to work on /home/airflow/.local/lib/python3.8/site-packages/airflow/example_dags/example_python_operator.py
[2025-02-14T14:52:49.751+0000] {processor.py:829} INFO - Processing file /home/airflow/.local/lib/python3.8/site-packages/airflow/example_dags/example_python_operator.py for tasks to queue
[2025-02-14T14:52:49.753+0000] {logging_mixin.py:154} INFO - [2025-02-14T14:52:49.752+0000] {dagbag.py:536} INFO - Filling up the DagBag from /home/airflow/.local/lib/python3.8/site-packages/airflow/example_dags/example_python_operator.py
[2025-02-14T14:52:49.780+0000] {processor.py:839} INFO - DAG(s) dict_keys(['example_python_operator']) retrieved from /home/airflow/.local/lib/python3.8/site-packages/airflow/example_dags/example_python_operator.py
[2025-02-14T14:52:49.842+0000] {logging_mixin.py:154} INFO - [2025-02-14T14:52:49.842+0000] {dag.py:2941} INFO - Sync 1 DAGs
[2025-02-14T14:52:49.876+0000] {logging_mixin.py:154} INFO - [2025-02-14T14:52:49.875+0000] {dag.py:3722} INFO - Setting next_dagrun for example_python_operator to None, run_after=None
[2025-02-14T14:52:49.923+0000] {processor.py:179} INFO - Processing /home/airflow/.local/lib/python3.8/site-packages/airflow/example_dags/example_python_operator.py took 0.188 seconds
[2025-02-14T14:53:20.483+0000] {processor.py:157} INFO - Started process (PID=7181) to work on /home/airflow/.local/lib/python3.8/site-packages/airflow/example_dags/example_python_operator.py
[2025-02-14T14:53:20.486+0000] {processor.py:829} INFO - Processing file /home/airflow/.local/lib/python3.8/site-packages/airflow/example_dags/example_python_operator.py for tasks to queue
[2025-02-14T14:53:20.492+0000] {logging_mixin.py:154} INFO - [2025-02-14T14:53:20.490+0000] {dagbag.py:536} INFO - Filling up the DagBag from /home/airflow/.local/lib/python3.8/site-packages/airflow/example_dags/example_python_operator.py
[2025-02-14T14:53:20.533+0000] {processor.py:839} INFO - DAG(s) dict_keys(['example_python_operator']) retrieved from /home/airflow/.local/lib/python3.8/site-packages/airflow/example_dags/example_python_operator.py
[2025-02-14T14:53:20.608+0000] {logging_mixin.py:154} INFO - [2025-02-14T14:53:20.607+0000] {dag.py:2941} INFO - Sync 1 DAGs
[2025-02-14T14:53:20.655+0000] {logging_mixin.py:154} INFO - [2025-02-14T14:53:20.654+0000] {dag.py:3722} INFO - Setting next_dagrun for example_python_operator to None, run_after=None
[2025-02-14T14:53:20.704+0000] {processor.py:179} INFO - Processing /home/airflow/.local/lib/python3.8/site-packages/airflow/example_dags/example_python_operator.py took 0.241 seconds
[2025-02-14T14:53:51.119+0000] {processor.py:157} INFO - Started process (PID=7419) to work on /home/airflow/.local/lib/python3.8/site-packages/airflow/example_dags/example_python_operator.py
[2025-02-14T14:53:51.122+0000] {processor.py:829} INFO - Processing file /home/airflow/.local/lib/python3.8/site-packages/airflow/example_dags/example_python_operator.py for tasks to queue
[2025-02-14T14:53:51.126+0000] {logging_mixin.py:154} INFO - [2025-02-14T14:53:51.125+0000] {dagbag.py:536} INFO - Filling up the DagBag from /home/airflow/.local/lib/python3.8/site-packages/airflow/example_dags/example_python_operator.py
[2025-02-14T14:53:51.155+0000] {processor.py:839} INFO - DAG(s) dict_keys(['example_python_operator']) retrieved from /home/airflow/.local/lib/python3.8/site-packages/airflow/example_dags/example_python_operator.py
[2025-02-14T14:53:51.238+0000] {logging_mixin.py:154} INFO - [2025-02-14T14:53:51.238+0000] {dag.py:2941} INFO - Sync 1 DAGs
[2025-02-14T14:53:51.280+0000] {logging_mixin.py:154} INFO - [2025-02-14T14:53:51.280+0000] {dag.py:3722} INFO - Setting next_dagrun for example_python_operator to None, run_after=None
[2025-02-14T14:53:51.334+0000] {processor.py:179} INFO - Processing /home/airflow/.local/lib/python3.8/site-packages/airflow/example_dags/example_python_operator.py took 0.225 seconds
