[2025-02-14T14:38:30.798+0000] {processor.py:157} INFO - Started process (PID=357) to work on /home/airflow/.local/lib/python3.8/site-packages/airflow/example_dags/example_short_circuit_decorator.py
[2025-02-14T14:38:30.802+0000] {processor.py:829} INFO - Processing file /home/airflow/.local/lib/python3.8/site-packages/airflow/example_dags/example_short_circuit_decorator.py for tasks to queue
[2025-02-14T14:38:30.805+0000] {logging_mixin.py:154} INFO - [2025-02-14T14:38:30.804+0000] {dagbag.py:536} INFO - Filling up the DagBag from /home/airflow/.local/lib/python3.8/site-packages/airflow/example_dags/example_short_circuit_decorator.py
[2025-02-14T14:38:30.848+0000] {processor.py:839} INFO - DAG(s) dict_keys(['example_short_circuit_decorator']) retrieved from /home/airflow/.local/lib/python3.8/site-packages/airflow/example_dags/example_short_circuit_decorator.py
[2025-02-14T14:38:31.426+0000] {logging_mixin.py:154} INFO - [2025-02-14T14:38:31.426+0000] {manager.py:499} INFO - Created Permission View: %s
[2025-02-14T14:38:31.456+0000] {logging_mixin.py:154} INFO - [2025-02-14T14:38:31.456+0000] {manager.py:499} INFO - Created Permission View: %s
[2025-02-14T14:38:31.472+0000] {logging_mixin.py:154} INFO - [2025-02-14T14:38:31.472+0000] {manager.py:499} INFO - Created Permission View: %s
[2025-02-14T14:38:31.474+0000] {logging_mixin.py:154} INFO - [2025-02-14T14:38:31.472+0000] {dag.py:2941} INFO - Sync 1 DAGs
[2025-02-14T14:38:31.581+0000] {logging_mixin.py:154} INFO - [2025-02-14T14:38:31.580+0000] {dag.py:2963} INFO - Creating ORM DAG for example_short_circuit_decorator
[2025-02-14T14:38:31.613+0000] {logging_mixin.py:154} INFO - [2025-02-14T14:38:31.613+0000] {dag.py:3722} INFO - Setting next_dagrun for example_short_circuit_decorator to 2025-02-13T14:38:31.612199+00:00, run_after=2025-02-14T14:38:31.612199+00:00
[2025-02-14T14:38:31.740+0000] {processor.py:179} INFO - Processing /home/airflow/.local/lib/python3.8/site-packages/airflow/example_dags/example_short_circuit_decorator.py took 0.965 seconds
[2025-02-14T14:39:01.891+0000] {processor.py:157} INFO - Started process (PID=597) to work on /home/airflow/.local/lib/python3.8/site-packages/airflow/example_dags/example_short_circuit_decorator.py
[2025-02-14T14:39:01.895+0000] {processor.py:829} INFO - Processing file /home/airflow/.local/lib/python3.8/site-packages/airflow/example_dags/example_short_circuit_decorator.py for tasks to queue
[2025-02-14T14:39:01.898+0000] {logging_mixin.py:154} INFO - [2025-02-14T14:39:01.896+0000] {dagbag.py:536} INFO - Filling up the DagBag from /home/airflow/.local/lib/python3.8/site-packages/airflow/example_dags/example_short_circuit_decorator.py
[2025-02-14T14:39:01.929+0000] {processor.py:839} INFO - DAG(s) dict_keys(['example_short_circuit_decorator']) retrieved from /home/airflow/.local/lib/python3.8/site-packages/airflow/example_dags/example_short_circuit_decorator.py
[2025-02-14T14:39:02.006+0000] {logging_mixin.py:154} INFO - [2025-02-14T14:39:02.005+0000] {dag.py:2941} INFO - Sync 1 DAGs
[2025-02-14T14:39:02.073+0000] {logging_mixin.py:154} INFO - [2025-02-14T14:39:02.073+0000] {dag.py:3722} INFO - Setting next_dagrun for example_short_circuit_decorator to 2025-02-13T14:39:02.072370+00:00, run_after=2025-02-14T14:39:02.072370+00:00
[2025-02-14T14:39:02.124+0000] {processor.py:179} INFO - Processing /home/airflow/.local/lib/python3.8/site-packages/airflow/example_dags/example_short_circuit_decorator.py took 0.244 seconds
[2025-02-14T14:39:32.258+0000] {processor.py:157} INFO - Started process (PID=835) to work on /home/airflow/.local/lib/python3.8/site-packages/airflow/example_dags/example_short_circuit_decorator.py
[2025-02-14T14:39:32.260+0000] {processor.py:829} INFO - Processing file /home/airflow/.local/lib/python3.8/site-packages/airflow/example_dags/example_short_circuit_decorator.py for tasks to queue
[2025-02-14T14:39:32.262+0000] {logging_mixin.py:154} INFO - [2025-02-14T14:39:32.261+0000] {dagbag.py:536} INFO - Filling up the DagBag from /home/airflow/.local/lib/python3.8/site-packages/airflow/example_dags/example_short_circuit_decorator.py
[2025-02-14T14:39:32.291+0000] {processor.py:839} INFO - DAG(s) dict_keys(['example_short_circuit_decorator']) retrieved from /home/airflow/.local/lib/python3.8/site-packages/airflow/example_dags/example_short_circuit_decorator.py
[2025-02-14T14:39:32.376+0000] {logging_mixin.py:154} INFO - [2025-02-14T14:39:32.376+0000] {dag.py:2941} INFO - Sync 1 DAGs
[2025-02-14T14:39:32.452+0000] {logging_mixin.py:154} INFO - [2025-02-14T14:39:32.451+0000] {dag.py:3722} INFO - Setting next_dagrun for example_short_circuit_decorator to 2025-02-13T14:39:32.450679+00:00, run_after=2025-02-14T14:39:32.450679+00:00
[2025-02-14T14:39:32.510+0000] {processor.py:179} INFO - Processing /home/airflow/.local/lib/python3.8/site-packages/airflow/example_dags/example_short_circuit_decorator.py took 0.261 seconds
[2025-02-14T14:40:02.690+0000] {processor.py:157} INFO - Started process (PID=1071) to work on /home/airflow/.local/lib/python3.8/site-packages/airflow/example_dags/example_short_circuit_decorator.py
[2025-02-14T14:40:02.692+0000] {processor.py:829} INFO - Processing file /home/airflow/.local/lib/python3.8/site-packages/airflow/example_dags/example_short_circuit_decorator.py for tasks to queue
[2025-02-14T14:40:02.694+0000] {logging_mixin.py:154} INFO - [2025-02-14T14:40:02.693+0000] {dagbag.py:536} INFO - Filling up the DagBag from /home/airflow/.local/lib/python3.8/site-packages/airflow/example_dags/example_short_circuit_decorator.py
[2025-02-14T14:40:02.716+0000] {processor.py:839} INFO - DAG(s) dict_keys(['example_short_circuit_decorator']) retrieved from /home/airflow/.local/lib/python3.8/site-packages/airflow/example_dags/example_short_circuit_decorator.py
[2025-02-14T14:40:02.799+0000] {logging_mixin.py:154} INFO - [2025-02-14T14:40:02.798+0000] {dag.py:2941} INFO - Sync 1 DAGs
[2025-02-14T14:40:02.867+0000] {logging_mixin.py:154} INFO - [2025-02-14T14:40:02.866+0000] {dag.py:3722} INFO - Setting next_dagrun for example_short_circuit_decorator to 2025-02-13T14:40:02.866066+00:00, run_after=2025-02-14T14:40:02.866066+00:00
[2025-02-14T14:40:02.921+0000] {processor.py:179} INFO - Processing /home/airflow/.local/lib/python3.8/site-packages/airflow/example_dags/example_short_circuit_decorator.py took 0.239 seconds
[2025-02-14T14:40:34.622+0000] {processor.py:157} INFO - Started process (PID=1311) to work on /home/airflow/.local/lib/python3.8/site-packages/airflow/example_dags/example_short_circuit_decorator.py
[2025-02-14T14:40:34.625+0000] {processor.py:829} INFO - Processing file /home/airflow/.local/lib/python3.8/site-packages/airflow/example_dags/example_short_circuit_decorator.py for tasks to queue
[2025-02-14T14:40:34.628+0000] {logging_mixin.py:154} INFO - [2025-02-14T14:40:34.627+0000] {dagbag.py:536} INFO - Filling up the DagBag from /home/airflow/.local/lib/python3.8/site-packages/airflow/example_dags/example_short_circuit_decorator.py
[2025-02-14T14:40:34.655+0000] {processor.py:839} INFO - DAG(s) dict_keys(['example_short_circuit_decorator']) retrieved from /home/airflow/.local/lib/python3.8/site-packages/airflow/example_dags/example_short_circuit_decorator.py
[2025-02-14T14:40:34.739+0000] {logging_mixin.py:154} INFO - [2025-02-14T14:40:34.738+0000] {dag.py:2941} INFO - Sync 1 DAGs
[2025-02-14T14:40:34.802+0000] {logging_mixin.py:154} INFO - [2025-02-14T14:40:34.801+0000] {dag.py:3722} INFO - Setting next_dagrun for example_short_circuit_decorator to 2025-02-13T14:40:34.800689+00:00, run_after=2025-02-14T14:40:34.800689+00:00
[2025-02-14T14:40:34.861+0000] {processor.py:179} INFO - Processing /home/airflow/.local/lib/python3.8/site-packages/airflow/example_dags/example_short_circuit_decorator.py took 0.249 seconds
[2025-02-14T14:41:06.022+0000] {processor.py:157} INFO - Started process (PID=1549) to work on /home/airflow/.local/lib/python3.8/site-packages/airflow/example_dags/example_short_circuit_decorator.py
[2025-02-14T14:41:06.029+0000] {processor.py:829} INFO - Processing file /home/airflow/.local/lib/python3.8/site-packages/airflow/example_dags/example_short_circuit_decorator.py for tasks to queue
[2025-02-14T14:41:06.031+0000] {logging_mixin.py:154} INFO - [2025-02-14T14:41:06.031+0000] {dagbag.py:536} INFO - Filling up the DagBag from /home/airflow/.local/lib/python3.8/site-packages/airflow/example_dags/example_short_circuit_decorator.py
[2025-02-14T14:41:06.081+0000] {processor.py:839} INFO - DAG(s) dict_keys(['example_short_circuit_decorator']) retrieved from /home/airflow/.local/lib/python3.8/site-packages/airflow/example_dags/example_short_circuit_decorator.py
[2025-02-14T14:41:06.180+0000] {logging_mixin.py:154} INFO - [2025-02-14T14:41:06.179+0000] {dag.py:2941} INFO - Sync 1 DAGs
[2025-02-14T14:41:06.275+0000] {logging_mixin.py:154} INFO - [2025-02-14T14:41:06.274+0000] {dag.py:3722} INFO - Setting next_dagrun for example_short_circuit_decorator to 2025-02-13T14:41:06.271707+00:00, run_after=2025-02-14T14:41:06.271707+00:00
[2025-02-14T14:41:06.359+0000] {processor.py:179} INFO - Processing /home/airflow/.local/lib/python3.8/site-packages/airflow/example_dags/example_short_circuit_decorator.py took 0.352 seconds
[2025-02-14T14:41:36.446+0000] {processor.py:157} INFO - Started process (PID=1786) to work on /home/airflow/.local/lib/python3.8/site-packages/airflow/example_dags/example_short_circuit_decorator.py
[2025-02-14T14:41:36.449+0000] {processor.py:829} INFO - Processing file /home/airflow/.local/lib/python3.8/site-packages/airflow/example_dags/example_short_circuit_decorator.py for tasks to queue
[2025-02-14T14:41:36.451+0000] {logging_mixin.py:154} INFO - [2025-02-14T14:41:36.450+0000] {dagbag.py:536} INFO - Filling up the DagBag from /home/airflow/.local/lib/python3.8/site-packages/airflow/example_dags/example_short_circuit_decorator.py
[2025-02-14T14:41:36.480+0000] {processor.py:839} INFO - DAG(s) dict_keys(['example_short_circuit_decorator']) retrieved from /home/airflow/.local/lib/python3.8/site-packages/airflow/example_dags/example_short_circuit_decorator.py
[2025-02-14T14:41:36.549+0000] {logging_mixin.py:154} INFO - [2025-02-14T14:41:36.549+0000] {dag.py:2941} INFO - Sync 1 DAGs
[2025-02-14T14:41:36.601+0000] {logging_mixin.py:154} INFO - [2025-02-14T14:41:36.599+0000] {dag.py:3722} INFO - Setting next_dagrun for example_short_circuit_decorator to 2025-02-13T14:41:36.598079+00:00, run_after=2025-02-14T14:41:36.598079+00:00
[2025-02-14T14:41:36.651+0000] {processor.py:179} INFO - Processing /home/airflow/.local/lib/python3.8/site-packages/airflow/example_dags/example_short_circuit_decorator.py took 0.220 seconds
[2025-02-14T14:42:07.140+0000] {processor.py:157} INFO - Started process (PID=2022) to work on /home/airflow/.local/lib/python3.8/site-packages/airflow/example_dags/example_short_circuit_decorator.py
[2025-02-14T14:42:07.143+0000] {processor.py:829} INFO - Processing file /home/airflow/.local/lib/python3.8/site-packages/airflow/example_dags/example_short_circuit_decorator.py for tasks to queue
[2025-02-14T14:42:07.145+0000] {logging_mixin.py:154} INFO - [2025-02-14T14:42:07.144+0000] {dagbag.py:536} INFO - Filling up the DagBag from /home/airflow/.local/lib/python3.8/site-packages/airflow/example_dags/example_short_circuit_decorator.py
[2025-02-14T14:42:07.175+0000] {processor.py:839} INFO - DAG(s) dict_keys(['example_short_circuit_decorator']) retrieved from /home/airflow/.local/lib/python3.8/site-packages/airflow/example_dags/example_short_circuit_decorator.py
[2025-02-14T14:42:07.257+0000] {logging_mixin.py:154} INFO - [2025-02-14T14:42:07.256+0000] {dag.py:2941} INFO - Sync 1 DAGs
[2025-02-14T14:42:07.337+0000] {logging_mixin.py:154} INFO - [2025-02-14T14:42:07.334+0000] {dag.py:3722} INFO - Setting next_dagrun for example_short_circuit_decorator to 2025-02-13T14:42:07.334274+00:00, run_after=2025-02-14T14:42:07.334274+00:00
[2025-02-14T14:42:07.409+0000] {processor.py:179} INFO - Processing /home/airflow/.local/lib/python3.8/site-packages/airflow/example_dags/example_short_circuit_decorator.py took 0.281 seconds
[2025-02-14T14:42:37.624+0000] {processor.py:157} INFO - Started process (PID=2260) to work on /home/airflow/.local/lib/python3.8/site-packages/airflow/example_dags/example_short_circuit_decorator.py
[2025-02-14T14:42:37.626+0000] {processor.py:829} INFO - Processing file /home/airflow/.local/lib/python3.8/site-packages/airflow/example_dags/example_short_circuit_decorator.py for tasks to queue
[2025-02-14T14:42:37.629+0000] {logging_mixin.py:154} INFO - [2025-02-14T14:42:37.628+0000] {dagbag.py:536} INFO - Filling up the DagBag from /home/airflow/.local/lib/python3.8/site-packages/airflow/example_dags/example_short_circuit_decorator.py
[2025-02-14T14:42:37.667+0000] {processor.py:839} INFO - DAG(s) dict_keys(['example_short_circuit_decorator']) retrieved from /home/airflow/.local/lib/python3.8/site-packages/airflow/example_dags/example_short_circuit_decorator.py
[2025-02-14T14:42:37.756+0000] {logging_mixin.py:154} INFO - [2025-02-14T14:42:37.755+0000] {dag.py:2941} INFO - Sync 1 DAGs
[2025-02-14T14:42:37.839+0000] {logging_mixin.py:154} INFO - [2025-02-14T14:42:37.836+0000] {dag.py:3722} INFO - Setting next_dagrun for example_short_circuit_decorator to 2025-02-13T14:42:37.835820+00:00, run_after=2025-02-14T14:42:37.835820+00:00
[2025-02-14T14:42:37.932+0000] {processor.py:179} INFO - Processing /home/airflow/.local/lib/python3.8/site-packages/airflow/example_dags/example_short_circuit_decorator.py took 0.321 seconds
[2025-02-14T14:43:08.673+0000] {processor.py:157} INFO - Started process (PID=2500) to work on /home/airflow/.local/lib/python3.8/site-packages/airflow/example_dags/example_short_circuit_decorator.py
[2025-02-14T14:43:08.674+0000] {processor.py:829} INFO - Processing file /home/airflow/.local/lib/python3.8/site-packages/airflow/example_dags/example_short_circuit_decorator.py for tasks to queue
[2025-02-14T14:43:08.675+0000] {logging_mixin.py:154} INFO - [2025-02-14T14:43:08.675+0000] {dagbag.py:536} INFO - Filling up the DagBag from /home/airflow/.local/lib/python3.8/site-packages/airflow/example_dags/example_short_circuit_decorator.py
[2025-02-14T14:43:08.685+0000] {processor.py:839} INFO - DAG(s) dict_keys(['example_short_circuit_decorator']) retrieved from /home/airflow/.local/lib/python3.8/site-packages/airflow/example_dags/example_short_circuit_decorator.py
[2025-02-14T14:43:08.708+0000] {logging_mixin.py:154} INFO - [2025-02-14T14:43:08.708+0000] {dag.py:2941} INFO - Sync 1 DAGs
[2025-02-14T14:43:08.733+0000] {logging_mixin.py:154} INFO - [2025-02-14T14:43:08.733+0000] {dag.py:3722} INFO - Setting next_dagrun for example_short_circuit_decorator to 2025-02-13T14:43:08.732945+00:00, run_after=2025-02-14T14:43:08.732945+00:00
[2025-02-14T14:43:08.757+0000] {processor.py:179} INFO - Processing /home/airflow/.local/lib/python3.8/site-packages/airflow/example_dags/example_short_circuit_decorator.py took 0.087 seconds
[2025-02-14T14:43:39.217+0000] {processor.py:157} INFO - Started process (PID=2736) to work on /home/airflow/.local/lib/python3.8/site-packages/airflow/example_dags/example_short_circuit_decorator.py
[2025-02-14T14:43:39.219+0000] {processor.py:829} INFO - Processing file /home/airflow/.local/lib/python3.8/site-packages/airflow/example_dags/example_short_circuit_decorator.py for tasks to queue
[2025-02-14T14:43:39.222+0000] {logging_mixin.py:154} INFO - [2025-02-14T14:43:39.221+0000] {dagbag.py:536} INFO - Filling up the DagBag from /home/airflow/.local/lib/python3.8/site-packages/airflow/example_dags/example_short_circuit_decorator.py
[2025-02-14T14:43:39.252+0000] {processor.py:839} INFO - DAG(s) dict_keys(['example_short_circuit_decorator']) retrieved from /home/airflow/.local/lib/python3.8/site-packages/airflow/example_dags/example_short_circuit_decorator.py
[2025-02-14T14:43:39.328+0000] {logging_mixin.py:154} INFO - [2025-02-14T14:43:39.327+0000] {dag.py:2941} INFO - Sync 1 DAGs
[2025-02-14T14:43:39.380+0000] {logging_mixin.py:154} INFO - [2025-02-14T14:43:39.379+0000] {dag.py:3722} INFO - Setting next_dagrun for example_short_circuit_decorator to 2025-02-13T14:43:39.379062+00:00, run_after=2025-02-14T14:43:39.379062+00:00
[2025-02-14T14:43:39.420+0000] {processor.py:179} INFO - Processing /home/airflow/.local/lib/python3.8/site-packages/airflow/example_dags/example_short_circuit_decorator.py took 0.212 seconds
[2025-02-14T14:44:10.054+0000] {processor.py:157} INFO - Started process (PID=2973) to work on /home/airflow/.local/lib/python3.8/site-packages/airflow/example_dags/example_short_circuit_decorator.py
[2025-02-14T14:44:10.058+0000] {processor.py:829} INFO - Processing file /home/airflow/.local/lib/python3.8/site-packages/airflow/example_dags/example_short_circuit_decorator.py for tasks to queue
[2025-02-14T14:44:10.062+0000] {logging_mixin.py:154} INFO - [2025-02-14T14:44:10.060+0000] {dagbag.py:536} INFO - Filling up the DagBag from /home/airflow/.local/lib/python3.8/site-packages/airflow/example_dags/example_short_circuit_decorator.py
[2025-02-14T14:44:10.094+0000] {processor.py:839} INFO - DAG(s) dict_keys(['example_short_circuit_decorator']) retrieved from /home/airflow/.local/lib/python3.8/site-packages/airflow/example_dags/example_short_circuit_decorator.py
[2025-02-14T14:44:10.165+0000] {logging_mixin.py:154} INFO - [2025-02-14T14:44:10.165+0000] {dag.py:2941} INFO - Sync 1 DAGs
[2025-02-14T14:44:10.257+0000] {logging_mixin.py:154} INFO - [2025-02-14T14:44:10.256+0000] {dag.py:3722} INFO - Setting next_dagrun for example_short_circuit_decorator to 2025-02-13T14:44:10.255589+00:00, run_after=2025-02-14T14:44:10.255589+00:00
[2025-02-14T14:44:10.326+0000] {processor.py:179} INFO - Processing /home/airflow/.local/lib/python3.8/site-packages/airflow/example_dags/example_short_circuit_decorator.py took 0.284 seconds
[2025-02-14T14:44:40.634+0000] {processor.py:157} INFO - Started process (PID=3228) to work on /home/airflow/.local/lib/python3.8/site-packages/airflow/example_dags/example_short_circuit_decorator.py
[2025-02-14T14:44:40.636+0000] {processor.py:829} INFO - Processing file /home/airflow/.local/lib/python3.8/site-packages/airflow/example_dags/example_short_circuit_decorator.py for tasks to queue
[2025-02-14T14:44:40.638+0000] {logging_mixin.py:154} INFO - [2025-02-14T14:44:40.638+0000] {dagbag.py:536} INFO - Filling up the DagBag from /home/airflow/.local/lib/python3.8/site-packages/airflow/example_dags/example_short_circuit_decorator.py
[2025-02-14T14:44:40.669+0000] {processor.py:839} INFO - DAG(s) dict_keys(['example_short_circuit_decorator']) retrieved from /home/airflow/.local/lib/python3.8/site-packages/airflow/example_dags/example_short_circuit_decorator.py
[2025-02-14T14:44:40.741+0000] {logging_mixin.py:154} INFO - [2025-02-14T14:44:40.741+0000] {dag.py:2941} INFO - Sync 1 DAGs
[2025-02-14T14:44:40.791+0000] {logging_mixin.py:154} INFO - [2025-02-14T14:44:40.791+0000] {dag.py:3722} INFO - Setting next_dagrun for example_short_circuit_decorator to 2025-02-13T14:44:40.790469+00:00, run_after=2025-02-14T14:44:40.790469+00:00
[2025-02-14T14:44:40.843+0000] {processor.py:179} INFO - Processing /home/airflow/.local/lib/python3.8/site-packages/airflow/example_dags/example_short_circuit_decorator.py took 0.220 seconds
[2025-02-14T14:45:11.256+0000] {processor.py:157} INFO - Started process (PID=3482) to work on /home/airflow/.local/lib/python3.8/site-packages/airflow/example_dags/example_short_circuit_decorator.py
[2025-02-14T14:45:11.258+0000] {processor.py:829} INFO - Processing file /home/airflow/.local/lib/python3.8/site-packages/airflow/example_dags/example_short_circuit_decorator.py for tasks to queue
[2025-02-14T14:45:11.260+0000] {logging_mixin.py:154} INFO - [2025-02-14T14:45:11.260+0000] {dagbag.py:536} INFO - Filling up the DagBag from /home/airflow/.local/lib/python3.8/site-packages/airflow/example_dags/example_short_circuit_decorator.py
[2025-02-14T14:45:11.293+0000] {processor.py:839} INFO - DAG(s) dict_keys(['example_short_circuit_decorator']) retrieved from /home/airflow/.local/lib/python3.8/site-packages/airflow/example_dags/example_short_circuit_decorator.py
[2025-02-14T14:45:11.363+0000] {logging_mixin.py:154} INFO - [2025-02-14T14:45:11.362+0000] {dag.py:2941} INFO - Sync 1 DAGs
[2025-02-14T14:45:11.434+0000] {logging_mixin.py:154} INFO - [2025-02-14T14:45:11.434+0000] {dag.py:3722} INFO - Setting next_dagrun for example_short_circuit_decorator to 2025-02-13T14:45:11.433161+00:00, run_after=2025-02-14T14:45:11.433161+00:00
[2025-02-14T14:45:11.495+0000] {processor.py:179} INFO - Processing /home/airflow/.local/lib/python3.8/site-packages/airflow/example_dags/example_short_circuit_decorator.py took 0.249 seconds
[2025-02-14T14:45:42.486+0000] {processor.py:157} INFO - Started process (PID=3720) to work on /home/airflow/.local/lib/python3.8/site-packages/airflow/example_dags/example_short_circuit_decorator.py
[2025-02-14T14:45:42.488+0000] {processor.py:829} INFO - Processing file /home/airflow/.local/lib/python3.8/site-packages/airflow/example_dags/example_short_circuit_decorator.py for tasks to queue
[2025-02-14T14:45:42.494+0000] {logging_mixin.py:154} INFO - [2025-02-14T14:45:42.493+0000] {dagbag.py:536} INFO - Filling up the DagBag from /home/airflow/.local/lib/python3.8/site-packages/airflow/example_dags/example_short_circuit_decorator.py
[2025-02-14T14:45:42.524+0000] {processor.py:839} INFO - DAG(s) dict_keys(['example_short_circuit_decorator']) retrieved from /home/airflow/.local/lib/python3.8/site-packages/airflow/example_dags/example_short_circuit_decorator.py
[2025-02-14T14:45:42.611+0000] {logging_mixin.py:154} INFO - [2025-02-14T14:45:42.610+0000] {dag.py:2941} INFO - Sync 1 DAGs
[2025-02-14T14:45:42.703+0000] {logging_mixin.py:154} INFO - [2025-02-14T14:45:42.702+0000] {dag.py:3722} INFO - Setting next_dagrun for example_short_circuit_decorator to 2025-02-13T14:45:42.701655+00:00, run_after=2025-02-14T14:45:42.701655+00:00
[2025-02-14T14:45:42.761+0000] {processor.py:179} INFO - Processing /home/airflow/.local/lib/python3.8/site-packages/airflow/example_dags/example_short_circuit_decorator.py took 0.288 seconds
[2025-02-14T14:46:13.030+0000] {processor.py:157} INFO - Started process (PID=3958) to work on /home/airflow/.local/lib/python3.8/site-packages/airflow/example_dags/example_short_circuit_decorator.py
[2025-02-14T14:46:13.033+0000] {processor.py:829} INFO - Processing file /home/airflow/.local/lib/python3.8/site-packages/airflow/example_dags/example_short_circuit_decorator.py for tasks to queue
[2025-02-14T14:46:13.035+0000] {logging_mixin.py:154} INFO - [2025-02-14T14:46:13.034+0000] {dagbag.py:536} INFO - Filling up the DagBag from /home/airflow/.local/lib/python3.8/site-packages/airflow/example_dags/example_short_circuit_decorator.py
[2025-02-14T14:46:13.067+0000] {processor.py:839} INFO - DAG(s) dict_keys(['example_short_circuit_decorator']) retrieved from /home/airflow/.local/lib/python3.8/site-packages/airflow/example_dags/example_short_circuit_decorator.py
[2025-02-14T14:46:13.180+0000] {logging_mixin.py:154} INFO - [2025-02-14T14:46:13.179+0000] {dag.py:2941} INFO - Sync 1 DAGs
[2025-02-14T14:46:13.275+0000] {logging_mixin.py:154} INFO - [2025-02-14T14:46:13.275+0000] {dag.py:3722} INFO - Setting next_dagrun for example_short_circuit_decorator to 2025-02-13T14:46:13.274639+00:00, run_after=2025-02-14T14:46:13.274639+00:00
[2025-02-14T14:46:13.348+0000] {processor.py:179} INFO - Processing /home/airflow/.local/lib/python3.8/site-packages/airflow/example_dags/example_short_circuit_decorator.py took 0.329 seconds
[2025-02-14T14:46:44.569+0000] {processor.py:157} INFO - Started process (PID=4195) to work on /home/airflow/.local/lib/python3.8/site-packages/airflow/example_dags/example_short_circuit_decorator.py
[2025-02-14T14:46:44.571+0000] {processor.py:829} INFO - Processing file /home/airflow/.local/lib/python3.8/site-packages/airflow/example_dags/example_short_circuit_decorator.py for tasks to queue
[2025-02-14T14:46:44.575+0000] {logging_mixin.py:154} INFO - [2025-02-14T14:46:44.573+0000] {dagbag.py:536} INFO - Filling up the DagBag from /home/airflow/.local/lib/python3.8/site-packages/airflow/example_dags/example_short_circuit_decorator.py
[2025-02-14T14:46:44.613+0000] {processor.py:839} INFO - DAG(s) dict_keys(['example_short_circuit_decorator']) retrieved from /home/airflow/.local/lib/python3.8/site-packages/airflow/example_dags/example_short_circuit_decorator.py
[2025-02-14T14:46:44.685+0000] {logging_mixin.py:154} INFO - [2025-02-14T14:46:44.684+0000] {dag.py:2941} INFO - Sync 1 DAGs
[2025-02-14T14:46:44.755+0000] {logging_mixin.py:154} INFO - [2025-02-14T14:46:44.754+0000] {dag.py:3722} INFO - Setting next_dagrun for example_short_circuit_decorator to 2025-02-13T14:46:44.754149+00:00, run_after=2025-02-14T14:46:44.754149+00:00
[2025-02-14T14:46:44.803+0000] {processor.py:179} INFO - Processing /home/airflow/.local/lib/python3.8/site-packages/airflow/example_dags/example_short_circuit_decorator.py took 0.245 seconds
[2025-02-14T14:47:15.830+0000] {processor.py:157} INFO - Started process (PID=4433) to work on /home/airflow/.local/lib/python3.8/site-packages/airflow/example_dags/example_short_circuit_decorator.py
[2025-02-14T14:47:15.834+0000] {processor.py:829} INFO - Processing file /home/airflow/.local/lib/python3.8/site-packages/airflow/example_dags/example_short_circuit_decorator.py for tasks to queue
[2025-02-14T14:47:15.836+0000] {logging_mixin.py:154} INFO - [2025-02-14T14:47:15.835+0000] {dagbag.py:536} INFO - Filling up the DagBag from /home/airflow/.local/lib/python3.8/site-packages/airflow/example_dags/example_short_circuit_decorator.py
[2025-02-14T14:47:15.869+0000] {processor.py:839} INFO - DAG(s) dict_keys(['example_short_circuit_decorator']) retrieved from /home/airflow/.local/lib/python3.8/site-packages/airflow/example_dags/example_short_circuit_decorator.py
[2025-02-14T14:47:15.960+0000] {logging_mixin.py:154} INFO - [2025-02-14T14:47:15.959+0000] {dag.py:2941} INFO - Sync 1 DAGs
[2025-02-14T14:47:16.054+0000] {logging_mixin.py:154} INFO - [2025-02-14T14:47:16.054+0000] {dag.py:3722} INFO - Setting next_dagrun for example_short_circuit_decorator to 2025-02-13T14:47:16.053722+00:00, run_after=2025-02-14T14:47:16.053722+00:00
[2025-02-14T14:47:16.118+0000] {processor.py:179} INFO - Processing /home/airflow/.local/lib/python3.8/site-packages/airflow/example_dags/example_short_circuit_decorator.py took 0.300 seconds
[2025-02-14T14:47:47.927+0000] {processor.py:157} INFO - Started process (PID=4677) to work on /home/airflow/.local/lib/python3.8/site-packages/airflow/example_dags/example_short_circuit_decorator.py
[2025-02-14T14:47:47.930+0000] {processor.py:829} INFO - Processing file /home/airflow/.local/lib/python3.8/site-packages/airflow/example_dags/example_short_circuit_decorator.py for tasks to queue
[2025-02-14T14:47:47.932+0000] {logging_mixin.py:154} INFO - [2025-02-14T14:47:47.931+0000] {dagbag.py:536} INFO - Filling up the DagBag from /home/airflow/.local/lib/python3.8/site-packages/airflow/example_dags/example_short_circuit_decorator.py
[2025-02-14T14:47:47.974+0000] {processor.py:839} INFO - DAG(s) dict_keys(['example_short_circuit_decorator']) retrieved from /home/airflow/.local/lib/python3.8/site-packages/airflow/example_dags/example_short_circuit_decorator.py
[2025-02-14T14:47:48.061+0000] {logging_mixin.py:154} INFO - [2025-02-14T14:47:48.061+0000] {dag.py:2941} INFO - Sync 1 DAGs
[2025-02-14T14:47:48.141+0000] {logging_mixin.py:154} INFO - [2025-02-14T14:47:48.140+0000] {dag.py:3722} INFO - Setting next_dagrun for example_short_circuit_decorator to 2025-02-13T14:47:48.137487+00:00, run_after=2025-02-14T14:47:48.137487+00:00
[2025-02-14T14:47:48.191+0000] {processor.py:179} INFO - Processing /home/airflow/.local/lib/python3.8/site-packages/airflow/example_dags/example_short_circuit_decorator.py took 0.276 seconds
[2025-02-14T14:48:19.157+0000] {processor.py:157} INFO - Started process (PID=4922) to work on /home/airflow/.local/lib/python3.8/site-packages/airflow/example_dags/example_short_circuit_decorator.py
[2025-02-14T14:48:19.161+0000] {processor.py:829} INFO - Processing file /home/airflow/.local/lib/python3.8/site-packages/airflow/example_dags/example_short_circuit_decorator.py for tasks to queue
[2025-02-14T14:48:19.166+0000] {logging_mixin.py:154} INFO - [2025-02-14T14:48:19.164+0000] {dagbag.py:536} INFO - Filling up the DagBag from /home/airflow/.local/lib/python3.8/site-packages/airflow/example_dags/example_short_circuit_decorator.py
[2025-02-14T14:48:19.205+0000] {processor.py:839} INFO - DAG(s) dict_keys(['example_short_circuit_decorator']) retrieved from /home/airflow/.local/lib/python3.8/site-packages/airflow/example_dags/example_short_circuit_decorator.py
[2025-02-14T14:48:19.289+0000] {logging_mixin.py:154} INFO - [2025-02-14T14:48:19.288+0000] {dag.py:2941} INFO - Sync 1 DAGs
[2025-02-14T14:48:19.356+0000] {logging_mixin.py:154} INFO - [2025-02-14T14:48:19.356+0000] {dag.py:3722} INFO - Setting next_dagrun for example_short_circuit_decorator to 2025-02-13T14:48:19.355585+00:00, run_after=2025-02-14T14:48:19.355585+00:00
[2025-02-14T14:48:19.411+0000] {processor.py:179} INFO - Processing /home/airflow/.local/lib/python3.8/site-packages/airflow/example_dags/example_short_circuit_decorator.py took 0.333 seconds
[2025-02-14T14:48:50.095+0000] {processor.py:157} INFO - Started process (PID=5161) to work on /home/airflow/.local/lib/python3.8/site-packages/airflow/example_dags/example_short_circuit_decorator.py
[2025-02-14T14:48:50.098+0000] {processor.py:829} INFO - Processing file /home/airflow/.local/lib/python3.8/site-packages/airflow/example_dags/example_short_circuit_decorator.py for tasks to queue
[2025-02-14T14:48:50.100+0000] {logging_mixin.py:154} INFO - [2025-02-14T14:48:50.099+0000] {dagbag.py:536} INFO - Filling up the DagBag from /home/airflow/.local/lib/python3.8/site-packages/airflow/example_dags/example_short_circuit_decorator.py
[2025-02-14T14:48:50.126+0000] {processor.py:839} INFO - DAG(s) dict_keys(['example_short_circuit_decorator']) retrieved from /home/airflow/.local/lib/python3.8/site-packages/airflow/example_dags/example_short_circuit_decorator.py
[2025-02-14T14:48:50.187+0000] {logging_mixin.py:154} INFO - [2025-02-14T14:48:50.187+0000] {dag.py:2941} INFO - Sync 1 DAGs
[2025-02-14T14:48:50.245+0000] {logging_mixin.py:154} INFO - [2025-02-14T14:48:50.244+0000] {dag.py:3722} INFO - Setting next_dagrun for example_short_circuit_decorator to 2025-02-13T14:48:50.244138+00:00, run_after=2025-02-14T14:48:50.244138+00:00
[2025-02-14T14:48:50.297+0000] {processor.py:179} INFO - Processing /home/airflow/.local/lib/python3.8/site-packages/airflow/example_dags/example_short_circuit_decorator.py took 0.211 seconds
[2025-02-14T14:49:20.776+0000] {processor.py:157} INFO - Started process (PID=5401) to work on /home/airflow/.local/lib/python3.8/site-packages/airflow/example_dags/example_short_circuit_decorator.py
[2025-02-14T14:49:20.778+0000] {processor.py:829} INFO - Processing file /home/airflow/.local/lib/python3.8/site-packages/airflow/example_dags/example_short_circuit_decorator.py for tasks to queue
[2025-02-14T14:49:20.780+0000] {logging_mixin.py:154} INFO - [2025-02-14T14:49:20.780+0000] {dagbag.py:536} INFO - Filling up the DagBag from /home/airflow/.local/lib/python3.8/site-packages/airflow/example_dags/example_short_circuit_decorator.py
[2025-02-14T14:49:20.810+0000] {processor.py:839} INFO - DAG(s) dict_keys(['example_short_circuit_decorator']) retrieved from /home/airflow/.local/lib/python3.8/site-packages/airflow/example_dags/example_short_circuit_decorator.py
[2025-02-14T14:49:20.883+0000] {logging_mixin.py:154} INFO - [2025-02-14T14:49:20.883+0000] {dag.py:2941} INFO - Sync 1 DAGs
[2025-02-14T14:49:20.963+0000] {logging_mixin.py:154} INFO - [2025-02-14T14:49:20.962+0000] {dag.py:3722} INFO - Setting next_dagrun for example_short_circuit_decorator to 2025-02-13T14:49:20.961558+00:00, run_after=2025-02-14T14:49:20.961558+00:00
[2025-02-14T14:49:21.021+0000] {processor.py:179} INFO - Processing /home/airflow/.local/lib/python3.8/site-packages/airflow/example_dags/example_short_circuit_decorator.py took 0.259 seconds
[2025-02-14T14:49:51.486+0000] {processor.py:157} INFO - Started process (PID=5629) to work on /home/airflow/.local/lib/python3.8/site-packages/airflow/example_dags/example_short_circuit_decorator.py
[2025-02-14T14:49:51.492+0000] {processor.py:829} INFO - Processing file /home/airflow/.local/lib/python3.8/site-packages/airflow/example_dags/example_short_circuit_decorator.py for tasks to queue
[2025-02-14T14:49:51.496+0000] {logging_mixin.py:154} INFO - [2025-02-14T14:49:51.495+0000] {dagbag.py:536} INFO - Filling up the DagBag from /home/airflow/.local/lib/python3.8/site-packages/airflow/example_dags/example_short_circuit_decorator.py
[2025-02-14T14:49:51.543+0000] {processor.py:839} INFO - DAG(s) dict_keys(['example_short_circuit_decorator']) retrieved from /home/airflow/.local/lib/python3.8/site-packages/airflow/example_dags/example_short_circuit_decorator.py
[2025-02-14T14:49:51.665+0000] {logging_mixin.py:154} INFO - [2025-02-14T14:49:51.665+0000] {dag.py:2941} INFO - Sync 1 DAGs
[2025-02-14T14:49:51.730+0000] {logging_mixin.py:154} INFO - [2025-02-14T14:49:51.729+0000] {dag.py:3722} INFO - Setting next_dagrun for example_short_circuit_decorator to 2025-02-13T14:49:51.729215+00:00, run_after=2025-02-14T14:49:51.729215+00:00
[2025-02-14T14:49:51.775+0000] {processor.py:179} INFO - Processing /home/airflow/.local/lib/python3.8/site-packages/airflow/example_dags/example_short_circuit_decorator.py took 0.306 seconds
[2025-02-14T14:50:22.456+0000] {processor.py:157} INFO - Started process (PID=5873) to work on /home/airflow/.local/lib/python3.8/site-packages/airflow/example_dags/example_short_circuit_decorator.py
[2025-02-14T14:50:22.460+0000] {processor.py:829} INFO - Processing file /home/airflow/.local/lib/python3.8/site-packages/airflow/example_dags/example_short_circuit_decorator.py for tasks to queue
[2025-02-14T14:50:22.466+0000] {logging_mixin.py:154} INFO - [2025-02-14T14:50:22.464+0000] {dagbag.py:536} INFO - Filling up the DagBag from /home/airflow/.local/lib/python3.8/site-packages/airflow/example_dags/example_short_circuit_decorator.py
[2025-02-14T14:50:22.502+0000] {processor.py:839} INFO - DAG(s) dict_keys(['example_short_circuit_decorator']) retrieved from /home/airflow/.local/lib/python3.8/site-packages/airflow/example_dags/example_short_circuit_decorator.py
[2025-02-14T14:50:22.677+0000] {logging_mixin.py:154} INFO - [2025-02-14T14:50:22.676+0000] {dag.py:2941} INFO - Sync 1 DAGs
[2025-02-14T14:50:22.809+0000] {logging_mixin.py:154} INFO - [2025-02-14T14:50:22.809+0000] {dag.py:3722} INFO - Setting next_dagrun for example_short_circuit_decorator to 2025-02-13T14:50:22.808633+00:00, run_after=2025-02-14T14:50:22.808633+00:00
[2025-02-14T14:50:22.879+0000] {processor.py:179} INFO - Processing /home/airflow/.local/lib/python3.8/site-packages/airflow/example_dags/example_short_circuit_decorator.py took 0.438 seconds
[2025-02-14T14:50:53.520+0000] {processor.py:157} INFO - Started process (PID=6114) to work on /home/airflow/.local/lib/python3.8/site-packages/airflow/example_dags/example_short_circuit_decorator.py
[2025-02-14T14:50:53.523+0000] {processor.py:829} INFO - Processing file /home/airflow/.local/lib/python3.8/site-packages/airflow/example_dags/example_short_circuit_decorator.py for tasks to queue
[2025-02-14T14:50:53.525+0000] {logging_mixin.py:154} INFO - [2025-02-14T14:50:53.525+0000] {dagbag.py:536} INFO - Filling up the DagBag from /home/airflow/.local/lib/python3.8/site-packages/airflow/example_dags/example_short_circuit_decorator.py
[2025-02-14T14:50:53.559+0000] {processor.py:839} INFO - DAG(s) dict_keys(['example_short_circuit_decorator']) retrieved from /home/airflow/.local/lib/python3.8/site-packages/airflow/example_dags/example_short_circuit_decorator.py
[2025-02-14T14:50:53.627+0000] {logging_mixin.py:154} INFO - [2025-02-14T14:50:53.626+0000] {dag.py:2941} INFO - Sync 1 DAGs
[2025-02-14T14:50:53.719+0000] {logging_mixin.py:154} INFO - [2025-02-14T14:50:53.719+0000] {dag.py:3722} INFO - Setting next_dagrun for example_short_circuit_decorator to 2025-02-13T14:50:53.718179+00:00, run_after=2025-02-14T14:50:53.718179+00:00
[2025-02-14T14:50:53.771+0000] {processor.py:179} INFO - Processing /home/airflow/.local/lib/python3.8/site-packages/airflow/example_dags/example_short_circuit_decorator.py took 0.262 seconds
[2025-02-14T14:51:24.088+0000] {processor.py:157} INFO - Started process (PID=6352) to work on /home/airflow/.local/lib/python3.8/site-packages/airflow/example_dags/example_short_circuit_decorator.py
[2025-02-14T14:51:24.091+0000] {processor.py:829} INFO - Processing file /home/airflow/.local/lib/python3.8/site-packages/airflow/example_dags/example_short_circuit_decorator.py for tasks to queue
[2025-02-14T14:51:24.093+0000] {logging_mixin.py:154} INFO - [2025-02-14T14:51:24.093+0000] {dagbag.py:536} INFO - Filling up the DagBag from /home/airflow/.local/lib/python3.8/site-packages/airflow/example_dags/example_short_circuit_decorator.py
[2025-02-14T14:51:24.121+0000] {processor.py:839} INFO - DAG(s) dict_keys(['example_short_circuit_decorator']) retrieved from /home/airflow/.local/lib/python3.8/site-packages/airflow/example_dags/example_short_circuit_decorator.py
[2025-02-14T14:51:24.197+0000] {logging_mixin.py:154} INFO - [2025-02-14T14:51:24.197+0000] {dag.py:2941} INFO - Sync 1 DAGs
[2025-02-14T14:51:24.269+0000] {logging_mixin.py:154} INFO - [2025-02-14T14:51:24.269+0000] {dag.py:3722} INFO - Setting next_dagrun for example_short_circuit_decorator to 2025-02-13T14:51:24.268235+00:00, run_after=2025-02-14T14:51:24.268235+00:00
[2025-02-14T14:51:24.326+0000] {processor.py:179} INFO - Processing /home/airflow/.local/lib/python3.8/site-packages/airflow/example_dags/example_short_circuit_decorator.py took 0.250 seconds
[2025-02-14T14:51:54.975+0000] {processor.py:157} INFO - Started process (PID=6590) to work on /home/airflow/.local/lib/python3.8/site-packages/airflow/example_dags/example_short_circuit_decorator.py
[2025-02-14T14:51:54.979+0000] {processor.py:829} INFO - Processing file /home/airflow/.local/lib/python3.8/site-packages/airflow/example_dags/example_short_circuit_decorator.py for tasks to queue
[2025-02-14T14:51:54.989+0000] {logging_mixin.py:154} INFO - [2025-02-14T14:51:54.983+0000] {dagbag.py:536} INFO - Filling up the DagBag from /home/airflow/.local/lib/python3.8/site-packages/airflow/example_dags/example_short_circuit_decorator.py
[2025-02-14T14:51:55.047+0000] {processor.py:839} INFO - DAG(s) dict_keys(['example_short_circuit_decorator']) retrieved from /home/airflow/.local/lib/python3.8/site-packages/airflow/example_dags/example_short_circuit_decorator.py
[2025-02-14T14:51:55.136+0000] {logging_mixin.py:154} INFO - [2025-02-14T14:51:55.135+0000] {dag.py:2941} INFO - Sync 1 DAGs
[2025-02-14T14:51:55.196+0000] {logging_mixin.py:154} INFO - [2025-02-14T14:51:55.196+0000] {dag.py:3722} INFO - Setting next_dagrun for example_short_circuit_decorator to 2025-02-13T14:51:55.195123+00:00, run_after=2025-02-14T14:51:55.195123+00:00
[2025-02-14T14:51:55.280+0000] {processor.py:179} INFO - Processing /home/airflow/.local/lib/python3.8/site-packages/airflow/example_dags/example_short_circuit_decorator.py took 0.315 seconds
[2025-02-14T14:52:25.536+0000] {processor.py:157} INFO - Started process (PID=6826) to work on /home/airflow/.local/lib/python3.8/site-packages/airflow/example_dags/example_short_circuit_decorator.py
[2025-02-14T14:52:25.538+0000] {processor.py:829} INFO - Processing file /home/airflow/.local/lib/python3.8/site-packages/airflow/example_dags/example_short_circuit_decorator.py for tasks to queue
[2025-02-14T14:52:25.544+0000] {logging_mixin.py:154} INFO - [2025-02-14T14:52:25.542+0000] {dagbag.py:536} INFO - Filling up the DagBag from /home/airflow/.local/lib/python3.8/site-packages/airflow/example_dags/example_short_circuit_decorator.py
[2025-02-14T14:52:25.597+0000] {processor.py:839} INFO - DAG(s) dict_keys(['example_short_circuit_decorator']) retrieved from /home/airflow/.local/lib/python3.8/site-packages/airflow/example_dags/example_short_circuit_decorator.py
[2025-02-14T14:52:25.721+0000] {logging_mixin.py:154} INFO - [2025-02-14T14:52:25.720+0000] {dag.py:2941} INFO - Sync 1 DAGs
[2025-02-14T14:52:25.879+0000] {logging_mixin.py:154} INFO - [2025-02-14T14:52:25.879+0000] {dag.py:3722} INFO - Setting next_dagrun for example_short_circuit_decorator to 2025-02-13T14:52:25.873207+00:00, run_after=2025-02-14T14:52:25.873207+00:00
[2025-02-14T14:52:25.986+0000] {processor.py:179} INFO - Processing /home/airflow/.local/lib/python3.8/site-packages/airflow/example_dags/example_short_circuit_decorator.py took 0.473 seconds
[2025-02-14T14:52:56.602+0000] {processor.py:157} INFO - Started process (PID=7066) to work on /home/airflow/.local/lib/python3.8/site-packages/airflow/example_dags/example_short_circuit_decorator.py
[2025-02-14T14:52:56.604+0000] {processor.py:829} INFO - Processing file /home/airflow/.local/lib/python3.8/site-packages/airflow/example_dags/example_short_circuit_decorator.py for tasks to queue
[2025-02-14T14:52:56.606+0000] {logging_mixin.py:154} INFO - [2025-02-14T14:52:56.606+0000] {dagbag.py:536} INFO - Filling up the DagBag from /home/airflow/.local/lib/python3.8/site-packages/airflow/example_dags/example_short_circuit_decorator.py
[2025-02-14T14:52:56.642+0000] {processor.py:839} INFO - DAG(s) dict_keys(['example_short_circuit_decorator']) retrieved from /home/airflow/.local/lib/python3.8/site-packages/airflow/example_dags/example_short_circuit_decorator.py
[2025-02-14T14:52:56.755+0000] {logging_mixin.py:154} INFO - [2025-02-14T14:52:56.755+0000] {dag.py:2941} INFO - Sync 1 DAGs
[2025-02-14T14:52:56.864+0000] {logging_mixin.py:154} INFO - [2025-02-14T14:52:56.863+0000] {dag.py:3722} INFO - Setting next_dagrun for example_short_circuit_decorator to 2025-02-13T14:52:56.862440+00:00, run_after=2025-02-14T14:52:56.862440+00:00
[2025-02-14T14:52:56.921+0000] {processor.py:179} INFO - Processing /home/airflow/.local/lib/python3.8/site-packages/airflow/example_dags/example_short_circuit_decorator.py took 0.333 seconds
[2025-02-14T14:53:27.091+0000] {processor.py:157} INFO - Started process (PID=7303) to work on /home/airflow/.local/lib/python3.8/site-packages/airflow/example_dags/example_short_circuit_decorator.py
[2025-02-14T14:53:27.097+0000] {processor.py:829} INFO - Processing file /home/airflow/.local/lib/python3.8/site-packages/airflow/example_dags/example_short_circuit_decorator.py for tasks to queue
[2025-02-14T14:53:27.099+0000] {logging_mixin.py:154} INFO - [2025-02-14T14:53:27.098+0000] {dagbag.py:536} INFO - Filling up the DagBag from /home/airflow/.local/lib/python3.8/site-packages/airflow/example_dags/example_short_circuit_decorator.py
[2025-02-14T14:53:27.130+0000] {processor.py:839} INFO - DAG(s) dict_keys(['example_short_circuit_decorator']) retrieved from /home/airflow/.local/lib/python3.8/site-packages/airflow/example_dags/example_short_circuit_decorator.py
[2025-02-14T14:53:27.216+0000] {logging_mixin.py:154} INFO - [2025-02-14T14:53:27.215+0000] {dag.py:2941} INFO - Sync 1 DAGs
[2025-02-14T14:53:27.290+0000] {logging_mixin.py:154} INFO - [2025-02-14T14:53:27.289+0000] {dag.py:3722} INFO - Setting next_dagrun for example_short_circuit_decorator to 2025-02-13T14:53:27.288668+00:00, run_after=2025-02-14T14:53:27.288668+00:00
[2025-02-14T14:53:27.347+0000] {processor.py:179} INFO - Processing /home/airflow/.local/lib/python3.8/site-packages/airflow/example_dags/example_short_circuit_decorator.py took 0.269 seconds
[2025-02-14T14:53:57.641+0000] {processor.py:157} INFO - Started process (PID=7540) to work on /home/airflow/.local/lib/python3.8/site-packages/airflow/example_dags/example_short_circuit_decorator.py
[2025-02-14T14:53:57.645+0000] {processor.py:829} INFO - Processing file /home/airflow/.local/lib/python3.8/site-packages/airflow/example_dags/example_short_circuit_decorator.py for tasks to queue
[2025-02-14T14:53:57.647+0000] {logging_mixin.py:154} INFO - [2025-02-14T14:53:57.646+0000] {dagbag.py:536} INFO - Filling up the DagBag from /home/airflow/.local/lib/python3.8/site-packages/airflow/example_dags/example_short_circuit_decorator.py
[2025-02-14T14:53:57.679+0000] {processor.py:839} INFO - DAG(s) dict_keys(['example_short_circuit_decorator']) retrieved from /home/airflow/.local/lib/python3.8/site-packages/airflow/example_dags/example_short_circuit_decorator.py
[2025-02-14T14:53:57.750+0000] {logging_mixin.py:154} INFO - [2025-02-14T14:53:57.749+0000] {dag.py:2941} INFO - Sync 1 DAGs
[2025-02-14T14:53:57.815+0000] {logging_mixin.py:154} INFO - [2025-02-14T14:53:57.815+0000] {dag.py:3722} INFO - Setting next_dagrun for example_short_circuit_decorator to 2025-02-13T14:53:57.814610+00:00, run_after=2025-02-14T14:53:57.814610+00:00
[2025-02-14T14:53:57.861+0000] {processor.py:179} INFO - Processing /home/airflow/.local/lib/python3.8/site-packages/airflow/example_dags/example_short_circuit_decorator.py took 0.228 seconds
