[2025-02-14T14:38:24.612+0000] {processor.py:157} INFO - Started process (PID=242) to work on /home/airflow/.local/lib/python3.8/site-packages/airflow/example_dags/example_latest_only_with_trigger.py
[2025-02-14T14:38:24.613+0000] {processor.py:829} INFO - Processing file /home/airflow/.local/lib/python3.8/site-packages/airflow/example_dags/example_latest_only_with_trigger.py for tasks to queue
[2025-02-14T14:38:24.614+0000] {logging_mixin.py:154} INFO - [2025-02-14T14:38:24.614+0000] {dagbag.py:536} INFO - Filling up the DagBag from /home/airflow/.local/lib/python3.8/site-packages/airflow/example_dags/example_latest_only_with_trigger.py
[2025-02-14T14:38:24.624+0000] {processor.py:839} INFO - DAG(s) dict_keys(['latest_only_with_trigger']) retrieved from /home/airflow/.local/lib/python3.8/site-packages/airflow/example_dags/example_latest_only_with_trigger.py
[2025-02-14T14:38:24.722+0000] {logging_mixin.py:154} INFO - [2025-02-14T14:38:24.722+0000] {manager.py:499} INFO - Created Permission View: %s
[2025-02-14T14:38:24.730+0000] {logging_mixin.py:154} INFO - [2025-02-14T14:38:24.730+0000] {manager.py:499} INFO - Created Permission View: %s
[2025-02-14T14:38:24.735+0000] {logging_mixin.py:154} INFO - [2025-02-14T14:38:24.735+0000] {manager.py:499} INFO - Created Permission View: %s
[2025-02-14T14:38:24.736+0000] {logging_mixin.py:154} INFO - [2025-02-14T14:38:24.736+0000] {dag.py:2941} INFO - Sync 1 DAGs
[2025-02-14T14:38:24.746+0000] {logging_mixin.py:154} INFO - [2025-02-14T14:38:24.746+0000] {dag.py:2963} INFO - Creating ORM DAG for latest_only_with_trigger
[2025-02-14T14:38:24.757+0000] {logging_mixin.py:154} INFO - [2025-02-14T14:38:24.757+0000] {dag.py:3722} INFO - Setting next_dagrun for latest_only_with_trigger to 2025-02-14T10:38:24.756984+00:00, run_after=2025-02-14T14:38:24.756984+00:00
[2025-02-14T14:38:24.776+0000] {processor.py:179} INFO - Processing /home/airflow/.local/lib/python3.8/site-packages/airflow/example_dags/example_latest_only_with_trigger.py took 0.169 seconds
[2025-02-14T14:38:55.935+0000] {processor.py:157} INFO - Started process (PID=482) to work on /home/airflow/.local/lib/python3.8/site-packages/airflow/example_dags/example_latest_only_with_trigger.py
[2025-02-14T14:38:55.941+0000] {processor.py:829} INFO - Processing file /home/airflow/.local/lib/python3.8/site-packages/airflow/example_dags/example_latest_only_with_trigger.py for tasks to queue
[2025-02-14T14:38:55.949+0000] {logging_mixin.py:154} INFO - [2025-02-14T14:38:55.948+0000] {dagbag.py:536} INFO - Filling up the DagBag from /home/airflow/.local/lib/python3.8/site-packages/airflow/example_dags/example_latest_only_with_trigger.py
[2025-02-14T14:38:56.013+0000] {processor.py:839} INFO - DAG(s) dict_keys(['latest_only_with_trigger']) retrieved from /home/airflow/.local/lib/python3.8/site-packages/airflow/example_dags/example_latest_only_with_trigger.py
[2025-02-14T14:38:56.127+0000] {logging_mixin.py:154} INFO - [2025-02-14T14:38:56.127+0000] {dag.py:2941} INFO - Sync 1 DAGs
[2025-02-14T14:38:56.222+0000] {logging_mixin.py:154} INFO - [2025-02-14T14:38:56.222+0000] {dag.py:3722} INFO - Setting next_dagrun for latest_only_with_trigger to 2025-02-14T10:38:56.221325+00:00, run_after=2025-02-14T14:38:56.221325+00:00
[2025-02-14T14:38:56.277+0000] {processor.py:179} INFO - Processing /home/airflow/.local/lib/python3.8/site-packages/airflow/example_dags/example_latest_only_with_trigger.py took 0.381 seconds
[2025-02-14T14:39:26.423+0000] {processor.py:157} INFO - Started process (PID=720) to work on /home/airflow/.local/lib/python3.8/site-packages/airflow/example_dags/example_latest_only_with_trigger.py
[2025-02-14T14:39:26.425+0000] {processor.py:829} INFO - Processing file /home/airflow/.local/lib/python3.8/site-packages/airflow/example_dags/example_latest_only_with_trigger.py for tasks to queue
[2025-02-14T14:39:26.427+0000] {logging_mixin.py:154} INFO - [2025-02-14T14:39:26.427+0000] {dagbag.py:536} INFO - Filling up the DagBag from /home/airflow/.local/lib/python3.8/site-packages/airflow/example_dags/example_latest_only_with_trigger.py
[2025-02-14T14:39:26.446+0000] {processor.py:839} INFO - DAG(s) dict_keys(['latest_only_with_trigger']) retrieved from /home/airflow/.local/lib/python3.8/site-packages/airflow/example_dags/example_latest_only_with_trigger.py
[2025-02-14T14:39:26.557+0000] {logging_mixin.py:154} INFO - [2025-02-14T14:39:26.556+0000] {dag.py:2941} INFO - Sync 1 DAGs
[2025-02-14T14:39:26.639+0000] {logging_mixin.py:154} INFO - [2025-02-14T14:39:26.638+0000] {dag.py:3722} INFO - Setting next_dagrun for latest_only_with_trigger to 2025-02-14T10:39:26.637612+00:00, run_after=2025-02-14T14:39:26.637612+00:00
[2025-02-14T14:39:26.694+0000] {processor.py:179} INFO - Processing /home/airflow/.local/lib/python3.8/site-packages/airflow/example_dags/example_latest_only_with_trigger.py took 0.282 seconds
[2025-02-14T14:39:57.097+0000] {processor.py:157} INFO - Started process (PID=958) to work on /home/airflow/.local/lib/python3.8/site-packages/airflow/example_dags/example_latest_only_with_trigger.py
[2025-02-14T14:39:57.100+0000] {processor.py:829} INFO - Processing file /home/airflow/.local/lib/python3.8/site-packages/airflow/example_dags/example_latest_only_with_trigger.py for tasks to queue
[2025-02-14T14:39:57.103+0000] {logging_mixin.py:154} INFO - [2025-02-14T14:39:57.102+0000] {dagbag.py:536} INFO - Filling up the DagBag from /home/airflow/.local/lib/python3.8/site-packages/airflow/example_dags/example_latest_only_with_trigger.py
[2025-02-14T14:39:57.122+0000] {processor.py:839} INFO - DAG(s) dict_keys(['latest_only_with_trigger']) retrieved from /home/airflow/.local/lib/python3.8/site-packages/airflow/example_dags/example_latest_only_with_trigger.py
[2025-02-14T14:39:57.184+0000] {logging_mixin.py:154} INFO - [2025-02-14T14:39:57.183+0000] {dag.py:2941} INFO - Sync 1 DAGs
[2025-02-14T14:39:57.244+0000] {logging_mixin.py:154} INFO - [2025-02-14T14:39:57.243+0000] {dag.py:3722} INFO - Setting next_dagrun for latest_only_with_trigger to 2025-02-14T10:39:57.243002+00:00, run_after=2025-02-14T14:39:57.243002+00:00
[2025-02-14T14:39:57.306+0000] {processor.py:179} INFO - Processing /home/airflow/.local/lib/python3.8/site-packages/airflow/example_dags/example_latest_only_with_trigger.py took 0.220 seconds
[2025-02-14T14:40:27.553+0000] {processor.py:157} INFO - Started process (PID=1196) to work on /home/airflow/.local/lib/python3.8/site-packages/airflow/example_dags/example_latest_only_with_trigger.py
[2025-02-14T14:40:27.556+0000] {processor.py:829} INFO - Processing file /home/airflow/.local/lib/python3.8/site-packages/airflow/example_dags/example_latest_only_with_trigger.py for tasks to queue
[2025-02-14T14:40:27.558+0000] {logging_mixin.py:154} INFO - [2025-02-14T14:40:27.557+0000] {dagbag.py:536} INFO - Filling up the DagBag from /home/airflow/.local/lib/python3.8/site-packages/airflow/example_dags/example_latest_only_with_trigger.py
[2025-02-14T14:40:27.579+0000] {processor.py:839} INFO - DAG(s) dict_keys(['latest_only_with_trigger']) retrieved from /home/airflow/.local/lib/python3.8/site-packages/airflow/example_dags/example_latest_only_with_trigger.py
[2025-02-14T14:40:27.660+0000] {logging_mixin.py:154} INFO - [2025-02-14T14:40:27.660+0000] {dag.py:2941} INFO - Sync 1 DAGs
[2025-02-14T14:40:27.724+0000] {logging_mixin.py:154} INFO - [2025-02-14T14:40:27.724+0000] {dag.py:3722} INFO - Setting next_dagrun for latest_only_with_trigger to 2025-02-14T10:40:27.723484+00:00, run_after=2025-02-14T14:40:27.723484+00:00
[2025-02-14T14:40:27.771+0000] {processor.py:179} INFO - Processing /home/airflow/.local/lib/python3.8/site-packages/airflow/example_dags/example_latest_only_with_trigger.py took 0.229 seconds
[2025-02-14T14:40:58.390+0000] {processor.py:157} INFO - Started process (PID=1432) to work on /home/airflow/.local/lib/python3.8/site-packages/airflow/example_dags/example_latest_only_with_trigger.py
[2025-02-14T14:40:58.393+0000] {processor.py:829} INFO - Processing file /home/airflow/.local/lib/python3.8/site-packages/airflow/example_dags/example_latest_only_with_trigger.py for tasks to queue
[2025-02-14T14:40:58.395+0000] {logging_mixin.py:154} INFO - [2025-02-14T14:40:58.395+0000] {dagbag.py:536} INFO - Filling up the DagBag from /home/airflow/.local/lib/python3.8/site-packages/airflow/example_dags/example_latest_only_with_trigger.py
[2025-02-14T14:40:58.416+0000] {processor.py:839} INFO - DAG(s) dict_keys(['latest_only_with_trigger']) retrieved from /home/airflow/.local/lib/python3.8/site-packages/airflow/example_dags/example_latest_only_with_trigger.py
[2025-02-14T14:40:58.521+0000] {logging_mixin.py:154} INFO - [2025-02-14T14:40:58.521+0000] {dag.py:2941} INFO - Sync 1 DAGs
[2025-02-14T14:40:58.623+0000] {logging_mixin.py:154} INFO - [2025-02-14T14:40:58.622+0000] {dag.py:3722} INFO - Setting next_dagrun for latest_only_with_trigger to 2025-02-14T10:40:58.622143+00:00, run_after=2025-02-14T14:40:58.622143+00:00
[2025-02-14T14:40:58.680+0000] {processor.py:179} INFO - Processing /home/airflow/.local/lib/python3.8/site-packages/airflow/example_dags/example_latest_only_with_trigger.py took 0.303 seconds
[2025-02-14T14:41:29.097+0000] {processor.py:157} INFO - Started process (PID=1669) to work on /home/airflow/.local/lib/python3.8/site-packages/airflow/example_dags/example_latest_only_with_trigger.py
[2025-02-14T14:41:29.100+0000] {processor.py:829} INFO - Processing file /home/airflow/.local/lib/python3.8/site-packages/airflow/example_dags/example_latest_only_with_trigger.py for tasks to queue
[2025-02-14T14:41:29.103+0000] {logging_mixin.py:154} INFO - [2025-02-14T14:41:29.102+0000] {dagbag.py:536} INFO - Filling up the DagBag from /home/airflow/.local/lib/python3.8/site-packages/airflow/example_dags/example_latest_only_with_trigger.py
[2025-02-14T14:41:29.121+0000] {processor.py:839} INFO - DAG(s) dict_keys(['latest_only_with_trigger']) retrieved from /home/airflow/.local/lib/python3.8/site-packages/airflow/example_dags/example_latest_only_with_trigger.py
[2025-02-14T14:41:29.190+0000] {logging_mixin.py:154} INFO - [2025-02-14T14:41:29.190+0000] {dag.py:2941} INFO - Sync 1 DAGs
[2025-02-14T14:41:29.264+0000] {logging_mixin.py:154} INFO - [2025-02-14T14:41:29.264+0000] {dag.py:3722} INFO - Setting next_dagrun for latest_only_with_trigger to 2025-02-14T10:41:29.263391+00:00, run_after=2025-02-14T14:41:29.263391+00:00
[2025-02-14T14:41:29.316+0000] {processor.py:179} INFO - Processing /home/airflow/.local/lib/python3.8/site-packages/airflow/example_dags/example_latest_only_with_trigger.py took 0.229 seconds
[2025-02-14T14:41:59.684+0000] {processor.py:157} INFO - Started process (PID=1907) to work on /home/airflow/.local/lib/python3.8/site-packages/airflow/example_dags/example_latest_only_with_trigger.py
[2025-02-14T14:41:59.699+0000] {processor.py:829} INFO - Processing file /home/airflow/.local/lib/python3.8/site-packages/airflow/example_dags/example_latest_only_with_trigger.py for tasks to queue
[2025-02-14T14:41:59.702+0000] {logging_mixin.py:154} INFO - [2025-02-14T14:41:59.701+0000] {dagbag.py:536} INFO - Filling up the DagBag from /home/airflow/.local/lib/python3.8/site-packages/airflow/example_dags/example_latest_only_with_trigger.py
[2025-02-14T14:41:59.731+0000] {processor.py:839} INFO - DAG(s) dict_keys(['latest_only_with_trigger']) retrieved from /home/airflow/.local/lib/python3.8/site-packages/airflow/example_dags/example_latest_only_with_trigger.py
[2025-02-14T14:41:59.810+0000] {logging_mixin.py:154} INFO - [2025-02-14T14:41:59.809+0000] {dag.py:2941} INFO - Sync 1 DAGs
[2025-02-14T14:41:59.878+0000] {logging_mixin.py:154} INFO - [2025-02-14T14:41:59.877+0000] {dag.py:3722} INFO - Setting next_dagrun for latest_only_with_trigger to 2025-02-14T10:41:59.876219+00:00, run_after=2025-02-14T14:41:59.876219+00:00
[2025-02-14T14:41:59.934+0000] {processor.py:179} INFO - Processing /home/airflow/.local/lib/python3.8/site-packages/airflow/example_dags/example_latest_only_with_trigger.py took 0.259 seconds
[2025-02-14T14:42:32.437+0000] {processor.py:157} INFO - Started process (PID=2147) to work on /home/airflow/.local/lib/python3.8/site-packages/airflow/example_dags/example_latest_only_with_trigger.py
[2025-02-14T14:42:32.440+0000] {processor.py:829} INFO - Processing file /home/airflow/.local/lib/python3.8/site-packages/airflow/example_dags/example_latest_only_with_trigger.py for tasks to queue
[2025-02-14T14:42:32.443+0000] {logging_mixin.py:154} INFO - [2025-02-14T14:42:32.442+0000] {dagbag.py:536} INFO - Filling up the DagBag from /home/airflow/.local/lib/python3.8/site-packages/airflow/example_dags/example_latest_only_with_trigger.py
[2025-02-14T14:42:32.468+0000] {processor.py:839} INFO - DAG(s) dict_keys(['latest_only_with_trigger']) retrieved from /home/airflow/.local/lib/python3.8/site-packages/airflow/example_dags/example_latest_only_with_trigger.py
[2025-02-14T14:42:32.545+0000] {logging_mixin.py:154} INFO - [2025-02-14T14:42:32.545+0000] {dag.py:2941} INFO - Sync 1 DAGs
[2025-02-14T14:42:32.681+0000] {logging_mixin.py:154} INFO - [2025-02-14T14:42:32.680+0000] {dag.py:3722} INFO - Setting next_dagrun for latest_only_with_trigger to 2025-02-14T10:42:32.679373+00:00, run_after=2025-02-14T14:42:32.679373+00:00
[2025-02-14T14:42:32.827+0000] {processor.py:179} INFO - Processing /home/airflow/.local/lib/python3.8/site-packages/airflow/example_dags/example_latest_only_with_trigger.py took 0.402 seconds
[2025-02-14T14:43:03.118+0000] {processor.py:157} INFO - Started process (PID=2383) to work on /home/airflow/.local/lib/python3.8/site-packages/airflow/example_dags/example_latest_only_with_trigger.py
[2025-02-14T14:43:03.120+0000] {processor.py:829} INFO - Processing file /home/airflow/.local/lib/python3.8/site-packages/airflow/example_dags/example_latest_only_with_trigger.py for tasks to queue
[2025-02-14T14:43:03.124+0000] {logging_mixin.py:154} INFO - [2025-02-14T14:43:03.123+0000] {dagbag.py:536} INFO - Filling up the DagBag from /home/airflow/.local/lib/python3.8/site-packages/airflow/example_dags/example_latest_only_with_trigger.py
[2025-02-14T14:43:03.149+0000] {processor.py:839} INFO - DAG(s) dict_keys(['latest_only_with_trigger']) retrieved from /home/airflow/.local/lib/python3.8/site-packages/airflow/example_dags/example_latest_only_with_trigger.py
[2025-02-14T14:43:03.221+0000] {logging_mixin.py:154} INFO - [2025-02-14T14:43:03.221+0000] {dag.py:2941} INFO - Sync 1 DAGs
[2025-02-14T14:43:03.287+0000] {logging_mixin.py:154} INFO - [2025-02-14T14:43:03.286+0000] {dag.py:3722} INFO - Setting next_dagrun for latest_only_with_trigger to 2025-02-14T10:43:03.285766+00:00, run_after=2025-02-14T14:43:03.285766+00:00
[2025-02-14T14:43:03.351+0000] {processor.py:179} INFO - Processing /home/airflow/.local/lib/python3.8/site-packages/airflow/example_dags/example_latest_only_with_trigger.py took 0.249 seconds
[2025-02-14T14:43:33.766+0000] {processor.py:157} INFO - Started process (PID=2621) to work on /home/airflow/.local/lib/python3.8/site-packages/airflow/example_dags/example_latest_only_with_trigger.py
[2025-02-14T14:43:33.769+0000] {processor.py:829} INFO - Processing file /home/airflow/.local/lib/python3.8/site-packages/airflow/example_dags/example_latest_only_with_trigger.py for tasks to queue
[2025-02-14T14:43:33.772+0000] {logging_mixin.py:154} INFO - [2025-02-14T14:43:33.771+0000] {dagbag.py:536} INFO - Filling up the DagBag from /home/airflow/.local/lib/python3.8/site-packages/airflow/example_dags/example_latest_only_with_trigger.py
[2025-02-14T14:43:33.795+0000] {processor.py:839} INFO - DAG(s) dict_keys(['latest_only_with_trigger']) retrieved from /home/airflow/.local/lib/python3.8/site-packages/airflow/example_dags/example_latest_only_with_trigger.py
[2025-02-14T14:43:33.873+0000] {logging_mixin.py:154} INFO - [2025-02-14T14:43:33.873+0000] {dag.py:2941} INFO - Sync 1 DAGs
[2025-02-14T14:43:33.969+0000] {logging_mixin.py:154} INFO - [2025-02-14T14:43:33.966+0000] {dag.py:3722} INFO - Setting next_dagrun for latest_only_with_trigger to 2025-02-14T10:43:33.966140+00:00, run_after=2025-02-14T14:43:33.966140+00:00
[2025-02-14T14:43:34.095+0000] {processor.py:179} INFO - Processing /home/airflow/.local/lib/python3.8/site-packages/airflow/example_dags/example_latest_only_with_trigger.py took 0.349 seconds
[2025-02-14T14:44:04.472+0000] {processor.py:157} INFO - Started process (PID=2860) to work on /home/airflow/.local/lib/python3.8/site-packages/airflow/example_dags/example_latest_only_with_trigger.py
[2025-02-14T14:44:04.474+0000] {processor.py:829} INFO - Processing file /home/airflow/.local/lib/python3.8/site-packages/airflow/example_dags/example_latest_only_with_trigger.py for tasks to queue
[2025-02-14T14:44:04.476+0000] {logging_mixin.py:154} INFO - [2025-02-14T14:44:04.475+0000] {dagbag.py:536} INFO - Filling up the DagBag from /home/airflow/.local/lib/python3.8/site-packages/airflow/example_dags/example_latest_only_with_trigger.py
[2025-02-14T14:44:04.499+0000] {processor.py:839} INFO - DAG(s) dict_keys(['latest_only_with_trigger']) retrieved from /home/airflow/.local/lib/python3.8/site-packages/airflow/example_dags/example_latest_only_with_trigger.py
[2025-02-14T14:44:04.590+0000] {logging_mixin.py:154} INFO - [2025-02-14T14:44:04.589+0000] {dag.py:2941} INFO - Sync 1 DAGs
[2025-02-14T14:44:04.660+0000] {logging_mixin.py:154} INFO - [2025-02-14T14:44:04.659+0000] {dag.py:3722} INFO - Setting next_dagrun for latest_only_with_trigger to 2025-02-14T10:44:04.658346+00:00, run_after=2025-02-14T14:44:04.658346+00:00
[2025-02-14T14:44:04.715+0000] {processor.py:179} INFO - Processing /home/airflow/.local/lib/python3.8/site-packages/airflow/example_dags/example_latest_only_with_trigger.py took 0.258 seconds
[2025-02-14T14:44:35.288+0000] {processor.py:157} INFO - Started process (PID=3113) to work on /home/airflow/.local/lib/python3.8/site-packages/airflow/example_dags/example_latest_only_with_trigger.py
[2025-02-14T14:44:35.290+0000] {processor.py:829} INFO - Processing file /home/airflow/.local/lib/python3.8/site-packages/airflow/example_dags/example_latest_only_with_trigger.py for tasks to queue
[2025-02-14T14:44:35.292+0000] {logging_mixin.py:154} INFO - [2025-02-14T14:44:35.291+0000] {dagbag.py:536} INFO - Filling up the DagBag from /home/airflow/.local/lib/python3.8/site-packages/airflow/example_dags/example_latest_only_with_trigger.py
[2025-02-14T14:44:35.309+0000] {processor.py:839} INFO - DAG(s) dict_keys(['latest_only_with_trigger']) retrieved from /home/airflow/.local/lib/python3.8/site-packages/airflow/example_dags/example_latest_only_with_trigger.py
[2025-02-14T14:44:35.382+0000] {logging_mixin.py:154} INFO - [2025-02-14T14:44:35.381+0000] {dag.py:2941} INFO - Sync 1 DAGs
[2025-02-14T14:44:35.456+0000] {logging_mixin.py:154} INFO - [2025-02-14T14:44:35.455+0000] {dag.py:3722} INFO - Setting next_dagrun for latest_only_with_trigger to 2025-02-14T10:44:35.454208+00:00, run_after=2025-02-14T14:44:35.454208+00:00
[2025-02-14T14:44:35.512+0000] {processor.py:179} INFO - Processing /home/airflow/.local/lib/python3.8/site-packages/airflow/example_dags/example_latest_only_with_trigger.py took 0.232 seconds
[2025-02-14T14:45:05.740+0000] {processor.py:157} INFO - Started process (PID=3362) to work on /home/airflow/.local/lib/python3.8/site-packages/airflow/example_dags/example_latest_only_with_trigger.py
[2025-02-14T14:45:05.742+0000] {processor.py:829} INFO - Processing file /home/airflow/.local/lib/python3.8/site-packages/airflow/example_dags/example_latest_only_with_trigger.py for tasks to queue
[2025-02-14T14:45:05.744+0000] {logging_mixin.py:154} INFO - [2025-02-14T14:45:05.743+0000] {dagbag.py:536} INFO - Filling up the DagBag from /home/airflow/.local/lib/python3.8/site-packages/airflow/example_dags/example_latest_only_with_trigger.py
[2025-02-14T14:45:05.764+0000] {processor.py:839} INFO - DAG(s) dict_keys(['latest_only_with_trigger']) retrieved from /home/airflow/.local/lib/python3.8/site-packages/airflow/example_dags/example_latest_only_with_trigger.py
[2025-02-14T14:45:05.856+0000] {logging_mixin.py:154} INFO - [2025-02-14T14:45:05.856+0000] {dag.py:2941} INFO - Sync 1 DAGs
[2025-02-14T14:45:05.945+0000] {logging_mixin.py:154} INFO - [2025-02-14T14:45:05.944+0000] {dag.py:3722} INFO - Setting next_dagrun for latest_only_with_trigger to 2025-02-14T10:45:05.943537+00:00, run_after=2025-02-14T14:45:05.943537+00:00
[2025-02-14T14:45:06.004+0000] {processor.py:179} INFO - Processing /home/airflow/.local/lib/python3.8/site-packages/airflow/example_dags/example_latest_only_with_trigger.py took 0.276 seconds
[2025-02-14T14:45:37.045+0000] {processor.py:157} INFO - Started process (PID=3605) to work on /home/airflow/.local/lib/python3.8/site-packages/airflow/example_dags/example_latest_only_with_trigger.py
[2025-02-14T14:45:37.049+0000] {processor.py:829} INFO - Processing file /home/airflow/.local/lib/python3.8/site-packages/airflow/example_dags/example_latest_only_with_trigger.py for tasks to queue
[2025-02-14T14:45:37.051+0000] {logging_mixin.py:154} INFO - [2025-02-14T14:45:37.050+0000] {dagbag.py:536} INFO - Filling up the DagBag from /home/airflow/.local/lib/python3.8/site-packages/airflow/example_dags/example_latest_only_with_trigger.py
[2025-02-14T14:45:37.074+0000] {processor.py:839} INFO - DAG(s) dict_keys(['latest_only_with_trigger']) retrieved from /home/airflow/.local/lib/python3.8/site-packages/airflow/example_dags/example_latest_only_with_trigger.py
[2025-02-14T14:45:37.146+0000] {logging_mixin.py:154} INFO - [2025-02-14T14:45:37.146+0000] {dag.py:2941} INFO - Sync 1 DAGs
[2025-02-14T14:45:37.224+0000] {logging_mixin.py:154} INFO - [2025-02-14T14:45:37.223+0000] {dag.py:3722} INFO - Setting next_dagrun for latest_only_with_trigger to 2025-02-14T10:45:37.223161+00:00, run_after=2025-02-14T14:45:37.223161+00:00
[2025-02-14T14:45:37.286+0000] {processor.py:179} INFO - Processing /home/airflow/.local/lib/python3.8/site-packages/airflow/example_dags/example_latest_only_with_trigger.py took 0.251 seconds
[2025-02-14T14:46:08.187+0000] {processor.py:157} INFO - Started process (PID=3843) to work on /home/airflow/.local/lib/python3.8/site-packages/airflow/example_dags/example_latest_only_with_trigger.py
[2025-02-14T14:46:08.189+0000] {processor.py:829} INFO - Processing file /home/airflow/.local/lib/python3.8/site-packages/airflow/example_dags/example_latest_only_with_trigger.py for tasks to queue
[2025-02-14T14:46:08.190+0000] {logging_mixin.py:154} INFO - [2025-02-14T14:46:08.190+0000] {dagbag.py:536} INFO - Filling up the DagBag from /home/airflow/.local/lib/python3.8/site-packages/airflow/example_dags/example_latest_only_with_trigger.py
[2025-02-14T14:46:08.209+0000] {processor.py:839} INFO - DAG(s) dict_keys(['latest_only_with_trigger']) retrieved from /home/airflow/.local/lib/python3.8/site-packages/airflow/example_dags/example_latest_only_with_trigger.py
[2025-02-14T14:46:08.272+0000] {logging_mixin.py:154} INFO - [2025-02-14T14:46:08.271+0000] {dag.py:2941} INFO - Sync 1 DAGs
[2025-02-14T14:46:08.333+0000] {logging_mixin.py:154} INFO - [2025-02-14T14:46:08.332+0000] {dag.py:3722} INFO - Setting next_dagrun for latest_only_with_trigger to 2025-02-14T10:46:08.332255+00:00, run_after=2025-02-14T14:46:08.332255+00:00
[2025-02-14T14:46:08.384+0000] {processor.py:179} INFO - Processing /home/airflow/.local/lib/python3.8/site-packages/airflow/example_dags/example_latest_only_with_trigger.py took 0.205 seconds
[2025-02-14T14:46:39.270+0000] {processor.py:157} INFO - Started process (PID=4076) to work on /home/airflow/.local/lib/python3.8/site-packages/airflow/example_dags/example_latest_only_with_trigger.py
[2025-02-14T14:46:39.273+0000] {processor.py:829} INFO - Processing file /home/airflow/.local/lib/python3.8/site-packages/airflow/example_dags/example_latest_only_with_trigger.py for tasks to queue
[2025-02-14T14:46:39.276+0000] {logging_mixin.py:154} INFO - [2025-02-14T14:46:39.275+0000] {dagbag.py:536} INFO - Filling up the DagBag from /home/airflow/.local/lib/python3.8/site-packages/airflow/example_dags/example_latest_only_with_trigger.py
[2025-02-14T14:46:39.296+0000] {processor.py:839} INFO - DAG(s) dict_keys(['latest_only_with_trigger']) retrieved from /home/airflow/.local/lib/python3.8/site-packages/airflow/example_dags/example_latest_only_with_trigger.py
[2025-02-14T14:46:39.356+0000] {logging_mixin.py:154} INFO - [2025-02-14T14:46:39.355+0000] {dag.py:2941} INFO - Sync 1 DAGs
[2025-02-14T14:46:39.420+0000] {logging_mixin.py:154} INFO - [2025-02-14T14:46:39.420+0000] {dag.py:3722} INFO - Setting next_dagrun for latest_only_with_trigger to 2025-02-14T10:46:39.419434+00:00, run_after=2025-02-14T14:46:39.419434+00:00
[2025-02-14T14:46:39.468+0000] {processor.py:179} INFO - Processing /home/airflow/.local/lib/python3.8/site-packages/airflow/example_dags/example_latest_only_with_trigger.py took 0.208 seconds
[2025-02-14T14:47:10.064+0000] {processor.py:157} INFO - Started process (PID=4314) to work on /home/airflow/.local/lib/python3.8/site-packages/airflow/example_dags/example_latest_only_with_trigger.py
[2025-02-14T14:47:10.067+0000] {processor.py:829} INFO - Processing file /home/airflow/.local/lib/python3.8/site-packages/airflow/example_dags/example_latest_only_with_trigger.py for tasks to queue
[2025-02-14T14:47:10.069+0000] {logging_mixin.py:154} INFO - [2025-02-14T14:47:10.068+0000] {dagbag.py:536} INFO - Filling up the DagBag from /home/airflow/.local/lib/python3.8/site-packages/airflow/example_dags/example_latest_only_with_trigger.py
[2025-02-14T14:47:10.089+0000] {processor.py:839} INFO - DAG(s) dict_keys(['latest_only_with_trigger']) retrieved from /home/airflow/.local/lib/python3.8/site-packages/airflow/example_dags/example_latest_only_with_trigger.py
[2025-02-14T14:47:10.150+0000] {logging_mixin.py:154} INFO - [2025-02-14T14:47:10.150+0000] {dag.py:2941} INFO - Sync 1 DAGs
[2025-02-14T14:47:10.203+0000] {logging_mixin.py:154} INFO - [2025-02-14T14:47:10.202+0000] {dag.py:3722} INFO - Setting next_dagrun for latest_only_with_trigger to 2025-02-14T10:47:10.201743+00:00, run_after=2025-02-14T14:47:10.201743+00:00
[2025-02-14T14:47:10.269+0000] {processor.py:179} INFO - Processing /home/airflow/.local/lib/python3.8/site-packages/airflow/example_dags/example_latest_only_with_trigger.py took 0.220 seconds
[2025-02-14T14:47:41.170+0000] {processor.py:157} INFO - Started process (PID=4551) to work on /home/airflow/.local/lib/python3.8/site-packages/airflow/example_dags/example_latest_only_with_trigger.py
[2025-02-14T14:47:41.175+0000] {processor.py:829} INFO - Processing file /home/airflow/.local/lib/python3.8/site-packages/airflow/example_dags/example_latest_only_with_trigger.py for tasks to queue
[2025-02-14T14:47:41.177+0000] {logging_mixin.py:154} INFO - [2025-02-14T14:47:41.177+0000] {dagbag.py:536} INFO - Filling up the DagBag from /home/airflow/.local/lib/python3.8/site-packages/airflow/example_dags/example_latest_only_with_trigger.py
[2025-02-14T14:47:41.198+0000] {processor.py:839} INFO - DAG(s) dict_keys(['latest_only_with_trigger']) retrieved from /home/airflow/.local/lib/python3.8/site-packages/airflow/example_dags/example_latest_only_with_trigger.py
[2025-02-14T14:47:41.277+0000] {logging_mixin.py:154} INFO - [2025-02-14T14:47:41.277+0000] {dag.py:2941} INFO - Sync 1 DAGs
[2025-02-14T14:47:41.346+0000] {logging_mixin.py:154} INFO - [2025-02-14T14:47:41.345+0000] {dag.py:3722} INFO - Setting next_dagrun for latest_only_with_trigger to 2025-02-14T10:47:41.344574+00:00, run_after=2025-02-14T14:47:41.344574+00:00
[2025-02-14T14:47:41.396+0000] {processor.py:179} INFO - Processing /home/airflow/.local/lib/python3.8/site-packages/airflow/example_dags/example_latest_only_with_trigger.py took 0.235 seconds
[2025-02-14T14:48:11.717+0000] {processor.py:157} INFO - Started process (PID=4793) to work on /home/airflow/.local/lib/python3.8/site-packages/airflow/example_dags/example_latest_only_with_trigger.py
[2025-02-14T14:48:11.718+0000] {processor.py:829} INFO - Processing file /home/airflow/.local/lib/python3.8/site-packages/airflow/example_dags/example_latest_only_with_trigger.py for tasks to queue
[2025-02-14T14:48:11.718+0000] {logging_mixin.py:154} INFO - [2025-02-14T14:48:11.718+0000] {dagbag.py:536} INFO - Filling up the DagBag from /home/airflow/.local/lib/python3.8/site-packages/airflow/example_dags/example_latest_only_with_trigger.py
[2025-02-14T14:48:11.726+0000] {processor.py:839} INFO - DAG(s) dict_keys(['latest_only_with_trigger']) retrieved from /home/airflow/.local/lib/python3.8/site-packages/airflow/example_dags/example_latest_only_with_trigger.py
[2025-02-14T14:48:11.755+0000] {logging_mixin.py:154} INFO - [2025-02-14T14:48:11.755+0000] {dag.py:2941} INFO - Sync 1 DAGs
[2025-02-14T14:48:11.783+0000] {logging_mixin.py:154} INFO - [2025-02-14T14:48:11.783+0000] {dag.py:3722} INFO - Setting next_dagrun for latest_only_with_trigger to 2025-02-14T10:48:11.782654+00:00, run_after=2025-02-14T14:48:11.782654+00:00
[2025-02-14T14:48:11.808+0000] {processor.py:179} INFO - Processing /home/airflow/.local/lib/python3.8/site-packages/airflow/example_dags/example_latest_only_with_trigger.py took 0.096 seconds
[2025-02-14T14:48:42.947+0000] {processor.py:157} INFO - Started process (PID=5033) to work on /home/airflow/.local/lib/python3.8/site-packages/airflow/example_dags/example_latest_only_with_trigger.py
[2025-02-14T14:48:42.950+0000] {processor.py:829} INFO - Processing file /home/airflow/.local/lib/python3.8/site-packages/airflow/example_dags/example_latest_only_with_trigger.py for tasks to queue
[2025-02-14T14:48:42.951+0000] {logging_mixin.py:154} INFO - [2025-02-14T14:48:42.951+0000] {dagbag.py:536} INFO - Filling up the DagBag from /home/airflow/.local/lib/python3.8/site-packages/airflow/example_dags/example_latest_only_with_trigger.py
[2025-02-14T14:48:42.969+0000] {processor.py:839} INFO - DAG(s) dict_keys(['latest_only_with_trigger']) retrieved from /home/airflow/.local/lib/python3.8/site-packages/airflow/example_dags/example_latest_only_with_trigger.py
[2025-02-14T14:48:43.046+0000] {logging_mixin.py:154} INFO - [2025-02-14T14:48:43.045+0000] {dag.py:2941} INFO - Sync 1 DAGs
[2025-02-14T14:48:43.123+0000] {logging_mixin.py:154} INFO - [2025-02-14T14:48:43.122+0000] {dag.py:3722} INFO - Setting next_dagrun for latest_only_with_trigger to 2025-02-14T10:48:43.121714+00:00, run_after=2025-02-14T14:48:43.121714+00:00
[2025-02-14T14:48:43.197+0000] {processor.py:179} INFO - Processing /home/airflow/.local/lib/python3.8/site-packages/airflow/example_dags/example_latest_only_with_trigger.py took 0.258 seconds
[2025-02-14T14:49:13.606+0000] {processor.py:157} INFO - Started process (PID=5274) to work on /home/airflow/.local/lib/python3.8/site-packages/airflow/example_dags/example_latest_only_with_trigger.py
[2025-02-14T14:49:13.608+0000] {processor.py:829} INFO - Processing file /home/airflow/.local/lib/python3.8/site-packages/airflow/example_dags/example_latest_only_with_trigger.py for tasks to queue
[2025-02-14T14:49:13.610+0000] {logging_mixin.py:154} INFO - [2025-02-14T14:49:13.610+0000] {dagbag.py:536} INFO - Filling up the DagBag from /home/airflow/.local/lib/python3.8/site-packages/airflow/example_dags/example_latest_only_with_trigger.py
[2025-02-14T14:49:13.631+0000] {processor.py:839} INFO - DAG(s) dict_keys(['latest_only_with_trigger']) retrieved from /home/airflow/.local/lib/python3.8/site-packages/airflow/example_dags/example_latest_only_with_trigger.py
[2025-02-14T14:49:13.705+0000] {logging_mixin.py:154} INFO - [2025-02-14T14:49:13.704+0000] {dag.py:2941} INFO - Sync 1 DAGs
[2025-02-14T14:49:13.806+0000] {logging_mixin.py:154} INFO - [2025-02-14T14:49:13.806+0000] {dag.py:3722} INFO - Setting next_dagrun for latest_only_with_trigger to 2025-02-14T10:49:13.805498+00:00, run_after=2025-02-14T14:49:13.805498+00:00
[2025-02-14T14:49:13.867+0000] {processor.py:179} INFO - Processing /home/airflow/.local/lib/python3.8/site-packages/airflow/example_dags/example_latest_only_with_trigger.py took 0.272 seconds
[2025-02-14T14:49:44.289+0000] {processor.py:157} INFO - Started process (PID=5511) to work on /home/airflow/.local/lib/python3.8/site-packages/airflow/example_dags/example_latest_only_with_trigger.py
[2025-02-14T14:49:44.293+0000] {processor.py:829} INFO - Processing file /home/airflow/.local/lib/python3.8/site-packages/airflow/example_dags/example_latest_only_with_trigger.py for tasks to queue
[2025-02-14T14:49:44.295+0000] {logging_mixin.py:154} INFO - [2025-02-14T14:49:44.294+0000] {dagbag.py:536} INFO - Filling up the DagBag from /home/airflow/.local/lib/python3.8/site-packages/airflow/example_dags/example_latest_only_with_trigger.py
[2025-02-14T14:49:44.315+0000] {processor.py:839} INFO - DAG(s) dict_keys(['latest_only_with_trigger']) retrieved from /home/airflow/.local/lib/python3.8/site-packages/airflow/example_dags/example_latest_only_with_trigger.py
[2025-02-14T14:49:44.401+0000] {logging_mixin.py:154} INFO - [2025-02-14T14:49:44.400+0000] {dag.py:2941} INFO - Sync 1 DAGs
[2025-02-14T14:49:44.499+0000] {logging_mixin.py:154} INFO - [2025-02-14T14:49:44.498+0000] {dag.py:3722} INFO - Setting next_dagrun for latest_only_with_trigger to 2025-02-14T10:49:44.498058+00:00, run_after=2025-02-14T14:49:44.498058+00:00
[2025-02-14T14:49:44.559+0000] {processor.py:179} INFO - Processing /home/airflow/.local/lib/python3.8/site-packages/airflow/example_dags/example_latest_only_with_trigger.py took 0.285 seconds
[2025-02-14T14:50:15.490+0000] {processor.py:157} INFO - Started process (PID=5754) to work on /home/airflow/.local/lib/python3.8/site-packages/airflow/example_dags/example_latest_only_with_trigger.py
[2025-02-14T14:50:15.495+0000] {processor.py:829} INFO - Processing file /home/airflow/.local/lib/python3.8/site-packages/airflow/example_dags/example_latest_only_with_trigger.py for tasks to queue
[2025-02-14T14:50:15.497+0000] {logging_mixin.py:154} INFO - [2025-02-14T14:50:15.496+0000] {dagbag.py:536} INFO - Filling up the DagBag from /home/airflow/.local/lib/python3.8/site-packages/airflow/example_dags/example_latest_only_with_trigger.py
[2025-02-14T14:50:15.518+0000] {processor.py:839} INFO - DAG(s) dict_keys(['latest_only_with_trigger']) retrieved from /home/airflow/.local/lib/python3.8/site-packages/airflow/example_dags/example_latest_only_with_trigger.py
[2025-02-14T14:50:15.723+0000] {logging_mixin.py:154} INFO - [2025-02-14T14:50:15.722+0000] {dag.py:2941} INFO - Sync 1 DAGs
[2025-02-14T14:50:15.841+0000] {logging_mixin.py:154} INFO - [2025-02-14T14:50:15.840+0000] {dag.py:3722} INFO - Setting next_dagrun for latest_only_with_trigger to 2025-02-14T10:50:15.839765+00:00, run_after=2025-02-14T14:50:15.839765+00:00
[2025-02-14T14:50:15.903+0000] {processor.py:179} INFO - Processing /home/airflow/.local/lib/python3.8/site-packages/airflow/example_dags/example_latest_only_with_trigger.py took 0.426 seconds
[2025-02-14T14:50:46.907+0000] {processor.py:157} INFO - Started process (PID=5995) to work on /home/airflow/.local/lib/python3.8/site-packages/airflow/example_dags/example_latest_only_with_trigger.py
[2025-02-14T14:50:46.909+0000] {processor.py:829} INFO - Processing file /home/airflow/.local/lib/python3.8/site-packages/airflow/example_dags/example_latest_only_with_trigger.py for tasks to queue
[2025-02-14T14:50:46.911+0000] {logging_mixin.py:154} INFO - [2025-02-14T14:50:46.910+0000] {dagbag.py:536} INFO - Filling up the DagBag from /home/airflow/.local/lib/python3.8/site-packages/airflow/example_dags/example_latest_only_with_trigger.py
[2025-02-14T14:50:46.933+0000] {processor.py:839} INFO - DAG(s) dict_keys(['latest_only_with_trigger']) retrieved from /home/airflow/.local/lib/python3.8/site-packages/airflow/example_dags/example_latest_only_with_trigger.py
[2025-02-14T14:50:47.008+0000] {logging_mixin.py:154} INFO - [2025-02-14T14:50:47.008+0000] {dag.py:2941} INFO - Sync 1 DAGs
[2025-02-14T14:50:47.121+0000] {logging_mixin.py:154} INFO - [2025-02-14T14:50:47.121+0000] {dag.py:3722} INFO - Setting next_dagrun for latest_only_with_trigger to 2025-02-14T10:50:47.119819+00:00, run_after=2025-02-14T14:50:47.119819+00:00
[2025-02-14T14:50:47.180+0000] {processor.py:179} INFO - Processing /home/airflow/.local/lib/python3.8/site-packages/airflow/example_dags/example_latest_only_with_trigger.py took 0.286 seconds
[2025-02-14T14:51:18.091+0000] {processor.py:157} INFO - Started process (PID=6233) to work on /home/airflow/.local/lib/python3.8/site-packages/airflow/example_dags/example_latest_only_with_trigger.py
[2025-02-14T14:51:18.094+0000] {processor.py:829} INFO - Processing file /home/airflow/.local/lib/python3.8/site-packages/airflow/example_dags/example_latest_only_with_trigger.py for tasks to queue
[2025-02-14T14:51:18.096+0000] {logging_mixin.py:154} INFO - [2025-02-14T14:51:18.096+0000] {dagbag.py:536} INFO - Filling up the DagBag from /home/airflow/.local/lib/python3.8/site-packages/airflow/example_dags/example_latest_only_with_trigger.py
[2025-02-14T14:51:18.116+0000] {processor.py:839} INFO - DAG(s) dict_keys(['latest_only_with_trigger']) retrieved from /home/airflow/.local/lib/python3.8/site-packages/airflow/example_dags/example_latest_only_with_trigger.py
[2025-02-14T14:51:18.193+0000] {logging_mixin.py:154} INFO - [2025-02-14T14:51:18.192+0000] {dag.py:2941} INFO - Sync 1 DAGs
[2025-02-14T14:51:18.304+0000] {logging_mixin.py:154} INFO - [2025-02-14T14:51:18.300+0000] {dag.py:3722} INFO - Setting next_dagrun for latest_only_with_trigger to 2025-02-14T10:51:18.299800+00:00, run_after=2025-02-14T14:51:18.299800+00:00
[2025-02-14T14:51:18.453+0000] {processor.py:179} INFO - Processing /home/airflow/.local/lib/python3.8/site-packages/airflow/example_dags/example_latest_only_with_trigger.py took 0.373 seconds
[2025-02-14T14:51:48.762+0000] {processor.py:157} INFO - Started process (PID=6473) to work on /home/airflow/.local/lib/python3.8/site-packages/airflow/example_dags/example_latest_only_with_trigger.py
[2025-02-14T14:51:48.764+0000] {processor.py:829} INFO - Processing file /home/airflow/.local/lib/python3.8/site-packages/airflow/example_dags/example_latest_only_with_trigger.py for tasks to queue
[2025-02-14T14:51:48.767+0000] {logging_mixin.py:154} INFO - [2025-02-14T14:51:48.766+0000] {dagbag.py:536} INFO - Filling up the DagBag from /home/airflow/.local/lib/python3.8/site-packages/airflow/example_dags/example_latest_only_with_trigger.py
[2025-02-14T14:51:48.786+0000] {processor.py:839} INFO - DAG(s) dict_keys(['latest_only_with_trigger']) retrieved from /home/airflow/.local/lib/python3.8/site-packages/airflow/example_dags/example_latest_only_with_trigger.py
[2025-02-14T14:51:48.847+0000] {logging_mixin.py:154} INFO - [2025-02-14T14:51:48.847+0000] {dag.py:2941} INFO - Sync 1 DAGs
[2025-02-14T14:51:48.930+0000] {logging_mixin.py:154} INFO - [2025-02-14T14:51:48.929+0000] {dag.py:3722} INFO - Setting next_dagrun for latest_only_with_trigger to 2025-02-14T10:51:48.928587+00:00, run_after=2025-02-14T14:51:48.928587+00:00
[2025-02-14T14:51:49.021+0000] {processor.py:179} INFO - Processing /home/airflow/.local/lib/python3.8/site-packages/airflow/example_dags/example_latest_only_with_trigger.py took 0.269 seconds
[2025-02-14T14:52:19.495+0000] {processor.py:157} INFO - Started process (PID=6711) to work on /home/airflow/.local/lib/python3.8/site-packages/airflow/example_dags/example_latest_only_with_trigger.py
[2025-02-14T14:52:19.504+0000] {processor.py:829} INFO - Processing file /home/airflow/.local/lib/python3.8/site-packages/airflow/example_dags/example_latest_only_with_trigger.py for tasks to queue
[2025-02-14T14:52:19.510+0000] {logging_mixin.py:154} INFO - [2025-02-14T14:52:19.508+0000] {dagbag.py:536} INFO - Filling up the DagBag from /home/airflow/.local/lib/python3.8/site-packages/airflow/example_dags/example_latest_only_with_trigger.py
[2025-02-14T14:52:19.556+0000] {processor.py:839} INFO - DAG(s) dict_keys(['latest_only_with_trigger']) retrieved from /home/airflow/.local/lib/python3.8/site-packages/airflow/example_dags/example_latest_only_with_trigger.py
[2025-02-14T14:52:19.691+0000] {logging_mixin.py:154} INFO - [2025-02-14T14:52:19.690+0000] {dag.py:2941} INFO - Sync 1 DAGs
[2025-02-14T14:52:19.846+0000] {logging_mixin.py:154} INFO - [2025-02-14T14:52:19.845+0000] {dag.py:3722} INFO - Setting next_dagrun for latest_only_with_trigger to 2025-02-14T10:52:19.839965+00:00, run_after=2025-02-14T14:52:19.839965+00:00
[2025-02-14T14:52:20.134+0000] {processor.py:179} INFO - Processing /home/airflow/.local/lib/python3.8/site-packages/airflow/example_dags/example_latest_only_with_trigger.py took 0.658 seconds
[2025-02-14T14:52:50.406+0000] {processor.py:157} INFO - Started process (PID=6961) to work on /home/airflow/.local/lib/python3.8/site-packages/airflow/example_dags/example_latest_only_with_trigger.py
[2025-02-14T14:52:50.408+0000] {processor.py:829} INFO - Processing file /home/airflow/.local/lib/python3.8/site-packages/airflow/example_dags/example_latest_only_with_trigger.py for tasks to queue
[2025-02-14T14:52:50.411+0000] {logging_mixin.py:154} INFO - [2025-02-14T14:52:50.410+0000] {dagbag.py:536} INFO - Filling up the DagBag from /home/airflow/.local/lib/python3.8/site-packages/airflow/example_dags/example_latest_only_with_trigger.py
[2025-02-14T14:52:50.432+0000] {processor.py:839} INFO - DAG(s) dict_keys(['latest_only_with_trigger']) retrieved from /home/airflow/.local/lib/python3.8/site-packages/airflow/example_dags/example_latest_only_with_trigger.py
[2025-02-14T14:52:50.491+0000] {logging_mixin.py:154} INFO - [2025-02-14T14:52:50.491+0000] {dag.py:2941} INFO - Sync 1 DAGs
[2025-02-14T14:52:50.572+0000] {logging_mixin.py:154} INFO - [2025-02-14T14:52:50.571+0000] {dag.py:3722} INFO - Setting next_dagrun for latest_only_with_trigger to 2025-02-14T10:52:50.570857+00:00, run_after=2025-02-14T14:52:50.570857+00:00
[2025-02-14T14:52:50.622+0000] {processor.py:179} INFO - Processing /home/airflow/.local/lib/python3.8/site-packages/airflow/example_dags/example_latest_only_with_trigger.py took 0.231 seconds
[2025-02-14T14:53:20.783+0000] {processor.py:157} INFO - Started process (PID=7191) to work on /home/airflow/.local/lib/python3.8/site-packages/airflow/example_dags/example_latest_only_with_trigger.py
[2025-02-14T14:53:20.786+0000] {processor.py:829} INFO - Processing file /home/airflow/.local/lib/python3.8/site-packages/airflow/example_dags/example_latest_only_with_trigger.py for tasks to queue
[2025-02-14T14:53:20.789+0000] {logging_mixin.py:154} INFO - [2025-02-14T14:53:20.788+0000] {dagbag.py:536} INFO - Filling up the DagBag from /home/airflow/.local/lib/python3.8/site-packages/airflow/example_dags/example_latest_only_with_trigger.py
[2025-02-14T14:53:20.810+0000] {processor.py:839} INFO - DAG(s) dict_keys(['latest_only_with_trigger']) retrieved from /home/airflow/.local/lib/python3.8/site-packages/airflow/example_dags/example_latest_only_with_trigger.py
[2025-02-14T14:53:20.891+0000] {logging_mixin.py:154} INFO - [2025-02-14T14:53:20.890+0000] {dag.py:2941} INFO - Sync 1 DAGs
[2025-02-14T14:53:20.967+0000] {logging_mixin.py:154} INFO - [2025-02-14T14:53:20.967+0000] {dag.py:3722} INFO - Setting next_dagrun for latest_only_with_trigger to 2025-02-14T10:53:20.966228+00:00, run_after=2025-02-14T14:53:20.966228+00:00
[2025-02-14T14:53:21.020+0000] {processor.py:179} INFO - Processing /home/airflow/.local/lib/python3.8/site-packages/airflow/example_dags/example_latest_only_with_trigger.py took 0.247 seconds
[2025-02-14T14:53:51.413+0000] {processor.py:157} INFO - Started process (PID=7429) to work on /home/airflow/.local/lib/python3.8/site-packages/airflow/example_dags/example_latest_only_with_trigger.py
[2025-02-14T14:53:51.415+0000] {processor.py:829} INFO - Processing file /home/airflow/.local/lib/python3.8/site-packages/airflow/example_dags/example_latest_only_with_trigger.py for tasks to queue
[2025-02-14T14:53:51.417+0000] {logging_mixin.py:154} INFO - [2025-02-14T14:53:51.416+0000] {dagbag.py:536} INFO - Filling up the DagBag from /home/airflow/.local/lib/python3.8/site-packages/airflow/example_dags/example_latest_only_with_trigger.py
[2025-02-14T14:53:51.435+0000] {processor.py:839} INFO - DAG(s) dict_keys(['latest_only_with_trigger']) retrieved from /home/airflow/.local/lib/python3.8/site-packages/airflow/example_dags/example_latest_only_with_trigger.py
[2025-02-14T14:53:51.513+0000] {logging_mixin.py:154} INFO - [2025-02-14T14:53:51.512+0000] {dag.py:2941} INFO - Sync 1 DAGs
[2025-02-14T14:53:51.605+0000] {logging_mixin.py:154} INFO - [2025-02-14T14:53:51.605+0000] {dag.py:3722} INFO - Setting next_dagrun for latest_only_with_trigger to 2025-02-14T10:53:51.604494+00:00, run_after=2025-02-14T14:53:51.604494+00:00
[2025-02-14T14:53:51.654+0000] {processor.py:179} INFO - Processing /home/airflow/.local/lib/python3.8/site-packages/airflow/example_dags/example_latest_only_with_trigger.py took 0.252 seconds
