[2025-02-14T14:38:21.854+0000] {processor.py:157} INFO - Started process (PID=204) to work on /home/airflow/.local/lib/python3.8/site-packages/airflow/example_dags/example_params_ui_tutorial.py
[2025-02-14T14:38:21.856+0000] {processor.py:829} INFO - Processing file /home/airflow/.local/lib/python3.8/site-packages/airflow/example_dags/example_params_ui_tutorial.py for tasks to queue
[2025-02-14T14:38:21.858+0000] {logging_mixin.py:154} INFO - [2025-02-14T14:38:21.857+0000] {dagbag.py:536} INFO - Filling up the DagBag from /home/airflow/.local/lib/python3.8/site-packages/airflow/example_dags/example_params_ui_tutorial.py
[2025-02-14T14:38:22.069+0000] {processor.py:839} INFO - DAG(s) dict_keys(['example_params_ui_tutorial']) retrieved from /home/airflow/.local/lib/python3.8/site-packages/airflow/example_dags/example_params_ui_tutorial.py
[2025-02-14T14:38:22.970+0000] {logging_mixin.py:154} INFO - [2025-02-14T14:38:22.969+0000] {manager.py:499} INFO - Created Permission View: %s
[2025-02-14T14:38:23.063+0000] {logging_mixin.py:154} INFO - [2025-02-14T14:38:23.062+0000] {manager.py:499} INFO - Created Permission View: %s
[2025-02-14T14:38:23.092+0000] {logging_mixin.py:154} INFO - [2025-02-14T14:38:23.091+0000] {manager.py:499} INFO - Created Permission View: %s
[2025-02-14T14:38:23.096+0000] {logging_mixin.py:154} INFO - [2025-02-14T14:38:23.096+0000] {dag.py:2941} INFO - Sync 1 DAGs
[2025-02-14T14:38:23.179+0000] {logging_mixin.py:154} INFO - [2025-02-14T14:38:23.178+0000] {dag.py:2963} INFO - Creating ORM DAG for example_params_ui_tutorial
[2025-02-14T14:38:23.180+0000] {logging_mixin.py:154} INFO - [2025-02-14T14:38:23.180+0000] {dag.py:3722} INFO - Setting next_dagrun for example_params_ui_tutorial to None, run_after=None
[2025-02-14T14:38:23.240+0000] {processor.py:179} INFO - Processing /home/airflow/.local/lib/python3.8/site-packages/airflow/example_dags/example_params_ui_tutorial.py took 1.395 seconds
[2025-02-14T14:38:53.893+0000] {processor.py:157} INFO - Started process (PID=442) to work on /home/airflow/.local/lib/python3.8/site-packages/airflow/example_dags/example_params_ui_tutorial.py
[2025-02-14T14:38:53.899+0000] {processor.py:829} INFO - Processing file /home/airflow/.local/lib/python3.8/site-packages/airflow/example_dags/example_params_ui_tutorial.py for tasks to queue
[2025-02-14T14:38:53.901+0000] {logging_mixin.py:154} INFO - [2025-02-14T14:38:53.900+0000] {dagbag.py:536} INFO - Filling up the DagBag from /home/airflow/.local/lib/python3.8/site-packages/airflow/example_dags/example_params_ui_tutorial.py
[2025-02-14T14:38:54.038+0000] {processor.py:839} INFO - DAG(s) dict_keys(['example_params_ui_tutorial']) retrieved from /home/airflow/.local/lib/python3.8/site-packages/airflow/example_dags/example_params_ui_tutorial.py
[2025-02-14T14:38:54.203+0000] {logging_mixin.py:154} INFO - [2025-02-14T14:38:54.202+0000] {dag.py:2941} INFO - Sync 1 DAGs
[2025-02-14T14:38:54.288+0000] {logging_mixin.py:154} INFO - [2025-02-14T14:38:54.287+0000] {dag.py:3722} INFO - Setting next_dagrun for example_params_ui_tutorial to None, run_after=None
[2025-02-14T14:38:54.401+0000] {processor.py:179} INFO - Processing /home/airflow/.local/lib/python3.8/site-packages/airflow/example_dags/example_params_ui_tutorial.py took 0.539 seconds
[2025-02-14T14:39:24.681+0000] {processor.py:157} INFO - Started process (PID=680) to work on /home/airflow/.local/lib/python3.8/site-packages/airflow/example_dags/example_params_ui_tutorial.py
[2025-02-14T14:39:24.684+0000] {processor.py:829} INFO - Processing file /home/airflow/.local/lib/python3.8/site-packages/airflow/example_dags/example_params_ui_tutorial.py for tasks to queue
[2025-02-14T14:39:24.686+0000] {logging_mixin.py:154} INFO - [2025-02-14T14:39:24.685+0000] {dagbag.py:536} INFO - Filling up the DagBag from /home/airflow/.local/lib/python3.8/site-packages/airflow/example_dags/example_params_ui_tutorial.py
[2025-02-14T14:39:24.806+0000] {processor.py:839} INFO - DAG(s) dict_keys(['example_params_ui_tutorial']) retrieved from /home/airflow/.local/lib/python3.8/site-packages/airflow/example_dags/example_params_ui_tutorial.py
[2025-02-14T14:39:24.984+0000] {logging_mixin.py:154} INFO - [2025-02-14T14:39:24.983+0000] {dag.py:2941} INFO - Sync 1 DAGs
[2025-02-14T14:39:25.027+0000] {logging_mixin.py:154} INFO - [2025-02-14T14:39:25.026+0000] {dag.py:3722} INFO - Setting next_dagrun for example_params_ui_tutorial to None, run_after=None
[2025-02-14T14:39:25.089+0000] {processor.py:179} INFO - Processing /home/airflow/.local/lib/python3.8/site-packages/airflow/example_dags/example_params_ui_tutorial.py took 0.417 seconds
[2025-02-14T14:39:55.328+0000] {processor.py:157} INFO - Started process (PID=918) to work on /home/airflow/.local/lib/python3.8/site-packages/airflow/example_dags/example_params_ui_tutorial.py
[2025-02-14T14:39:55.331+0000] {processor.py:829} INFO - Processing file /home/airflow/.local/lib/python3.8/site-packages/airflow/example_dags/example_params_ui_tutorial.py for tasks to queue
[2025-02-14T14:39:55.333+0000] {logging_mixin.py:154} INFO - [2025-02-14T14:39:55.332+0000] {dagbag.py:536} INFO - Filling up the DagBag from /home/airflow/.local/lib/python3.8/site-packages/airflow/example_dags/example_params_ui_tutorial.py
[2025-02-14T14:39:55.471+0000] {processor.py:839} INFO - DAG(s) dict_keys(['example_params_ui_tutorial']) retrieved from /home/airflow/.local/lib/python3.8/site-packages/airflow/example_dags/example_params_ui_tutorial.py
[2025-02-14T14:39:55.649+0000] {logging_mixin.py:154} INFO - [2025-02-14T14:39:55.649+0000] {dag.py:2941} INFO - Sync 1 DAGs
[2025-02-14T14:39:55.707+0000] {logging_mixin.py:154} INFO - [2025-02-14T14:39:55.705+0000] {dag.py:3722} INFO - Setting next_dagrun for example_params_ui_tutorial to None, run_after=None
[2025-02-14T14:39:55.766+0000] {processor.py:179} INFO - Processing /home/airflow/.local/lib/python3.8/site-packages/airflow/example_dags/example_params_ui_tutorial.py took 0.450 seconds
[2025-02-14T14:40:25.976+0000] {processor.py:157} INFO - Started process (PID=1156) to work on /home/airflow/.local/lib/python3.8/site-packages/airflow/example_dags/example_params_ui_tutorial.py
[2025-02-14T14:40:25.979+0000] {processor.py:829} INFO - Processing file /home/airflow/.local/lib/python3.8/site-packages/airflow/example_dags/example_params_ui_tutorial.py for tasks to queue
[2025-02-14T14:40:25.981+0000] {logging_mixin.py:154} INFO - [2025-02-14T14:40:25.980+0000] {dagbag.py:536} INFO - Filling up the DagBag from /home/airflow/.local/lib/python3.8/site-packages/airflow/example_dags/example_params_ui_tutorial.py
[2025-02-14T14:40:26.094+0000] {processor.py:839} INFO - DAG(s) dict_keys(['example_params_ui_tutorial']) retrieved from /home/airflow/.local/lib/python3.8/site-packages/airflow/example_dags/example_params_ui_tutorial.py
[2025-02-14T14:40:26.257+0000] {logging_mixin.py:154} INFO - [2025-02-14T14:40:26.256+0000] {dag.py:2941} INFO - Sync 1 DAGs
[2025-02-14T14:40:26.298+0000] {logging_mixin.py:154} INFO - [2025-02-14T14:40:26.297+0000] {dag.py:3722} INFO - Setting next_dagrun for example_params_ui_tutorial to None, run_after=None
[2025-02-14T14:40:26.359+0000] {processor.py:179} INFO - Processing /home/airflow/.local/lib/python3.8/site-packages/airflow/example_dags/example_params_ui_tutorial.py took 0.391 seconds
[2025-02-14T14:40:56.643+0000] {processor.py:157} INFO - Started process (PID=1394) to work on /home/airflow/.local/lib/python3.8/site-packages/airflow/example_dags/example_params_ui_tutorial.py
[2025-02-14T14:40:56.649+0000] {processor.py:829} INFO - Processing file /home/airflow/.local/lib/python3.8/site-packages/airflow/example_dags/example_params_ui_tutorial.py for tasks to queue
[2025-02-14T14:40:56.653+0000] {logging_mixin.py:154} INFO - [2025-02-14T14:40:56.652+0000] {dagbag.py:536} INFO - Filling up the DagBag from /home/airflow/.local/lib/python3.8/site-packages/airflow/example_dags/example_params_ui_tutorial.py
[2025-02-14T14:40:56.868+0000] {processor.py:839} INFO - DAG(s) dict_keys(['example_params_ui_tutorial']) retrieved from /home/airflow/.local/lib/python3.8/site-packages/airflow/example_dags/example_params_ui_tutorial.py
[2025-02-14T14:40:57.084+0000] {logging_mixin.py:154} INFO - [2025-02-14T14:40:57.083+0000] {dag.py:2941} INFO - Sync 1 DAGs
[2025-02-14T14:40:57.135+0000] {logging_mixin.py:154} INFO - [2025-02-14T14:40:57.134+0000] {dag.py:3722} INFO - Setting next_dagrun for example_params_ui_tutorial to None, run_after=None
[2025-02-14T14:40:57.194+0000] {processor.py:179} INFO - Processing /home/airflow/.local/lib/python3.8/site-packages/airflow/example_dags/example_params_ui_tutorial.py took 0.575 seconds
[2025-02-14T14:41:27.447+0000] {processor.py:157} INFO - Started process (PID=1631) to work on /home/airflow/.local/lib/python3.8/site-packages/airflow/example_dags/example_params_ui_tutorial.py
[2025-02-14T14:41:27.450+0000] {processor.py:829} INFO - Processing file /home/airflow/.local/lib/python3.8/site-packages/airflow/example_dags/example_params_ui_tutorial.py for tasks to queue
[2025-02-14T14:41:27.452+0000] {logging_mixin.py:154} INFO - [2025-02-14T14:41:27.451+0000] {dagbag.py:536} INFO - Filling up the DagBag from /home/airflow/.local/lib/python3.8/site-packages/airflow/example_dags/example_params_ui_tutorial.py
[2025-02-14T14:41:27.557+0000] {processor.py:839} INFO - DAG(s) dict_keys(['example_params_ui_tutorial']) retrieved from /home/airflow/.local/lib/python3.8/site-packages/airflow/example_dags/example_params_ui_tutorial.py
[2025-02-14T14:41:27.730+0000] {logging_mixin.py:154} INFO - [2025-02-14T14:41:27.729+0000] {dag.py:2941} INFO - Sync 1 DAGs
[2025-02-14T14:41:27.776+0000] {logging_mixin.py:154} INFO - [2025-02-14T14:41:27.776+0000] {dag.py:3722} INFO - Setting next_dagrun for example_params_ui_tutorial to None, run_after=None
[2025-02-14T14:41:27.851+0000] {processor.py:179} INFO - Processing /home/airflow/.local/lib/python3.8/site-packages/airflow/example_dags/example_params_ui_tutorial.py took 0.412 seconds
[2025-02-14T14:41:58.143+0000] {processor.py:157} INFO - Started process (PID=1869) to work on /home/airflow/.local/lib/python3.8/site-packages/airflow/example_dags/example_params_ui_tutorial.py
[2025-02-14T14:41:58.146+0000] {processor.py:829} INFO - Processing file /home/airflow/.local/lib/python3.8/site-packages/airflow/example_dags/example_params_ui_tutorial.py for tasks to queue
[2025-02-14T14:41:58.148+0000] {logging_mixin.py:154} INFO - [2025-02-14T14:41:58.148+0000] {dagbag.py:536} INFO - Filling up the DagBag from /home/airflow/.local/lib/python3.8/site-packages/airflow/example_dags/example_params_ui_tutorial.py
[2025-02-14T14:41:58.257+0000] {processor.py:839} INFO - DAG(s) dict_keys(['example_params_ui_tutorial']) retrieved from /home/airflow/.local/lib/python3.8/site-packages/airflow/example_dags/example_params_ui_tutorial.py
[2025-02-14T14:41:58.426+0000] {logging_mixin.py:154} INFO - [2025-02-14T14:41:58.426+0000] {dag.py:2941} INFO - Sync 1 DAGs
[2025-02-14T14:41:58.480+0000] {logging_mixin.py:154} INFO - [2025-02-14T14:41:58.479+0000] {dag.py:3722} INFO - Setting next_dagrun for example_params_ui_tutorial to None, run_after=None
[2025-02-14T14:41:58.532+0000] {processor.py:179} INFO - Processing /home/airflow/.local/lib/python3.8/site-packages/airflow/example_dags/example_params_ui_tutorial.py took 0.404 seconds
[2025-02-14T14:42:29.037+0000] {processor.py:157} INFO - Started process (PID=2107) to work on /home/airflow/.local/lib/python3.8/site-packages/airflow/example_dags/example_params_ui_tutorial.py
[2025-02-14T14:42:29.041+0000] {processor.py:829} INFO - Processing file /home/airflow/.local/lib/python3.8/site-packages/airflow/example_dags/example_params_ui_tutorial.py for tasks to queue
[2025-02-14T14:42:29.046+0000] {logging_mixin.py:154} INFO - [2025-02-14T14:42:29.045+0000] {dagbag.py:536} INFO - Filling up the DagBag from /home/airflow/.local/lib/python3.8/site-packages/airflow/example_dags/example_params_ui_tutorial.py
[2025-02-14T14:42:29.306+0000] {processor.py:839} INFO - DAG(s) dict_keys(['example_params_ui_tutorial']) retrieved from /home/airflow/.local/lib/python3.8/site-packages/airflow/example_dags/example_params_ui_tutorial.py
[2025-02-14T14:42:29.890+0000] {logging_mixin.py:154} INFO - [2025-02-14T14:42:29.888+0000] {dag.py:2941} INFO - Sync 1 DAGs
[2025-02-14T14:42:29.983+0000] {logging_mixin.py:154} INFO - [2025-02-14T14:42:29.982+0000] {dag.py:3722} INFO - Setting next_dagrun for example_params_ui_tutorial to None, run_after=None
[2025-02-14T14:42:30.060+0000] {processor.py:179} INFO - Processing /home/airflow/.local/lib/python3.8/site-packages/airflow/example_dags/example_params_ui_tutorial.py took 1.052 seconds
[2025-02-14T14:43:00.402+0000] {processor.py:157} INFO - Started process (PID=2345) to work on /home/airflow/.local/lib/python3.8/site-packages/airflow/example_dags/example_params_ui_tutorial.py
[2025-02-14T14:43:00.405+0000] {processor.py:829} INFO - Processing file /home/airflow/.local/lib/python3.8/site-packages/airflow/example_dags/example_params_ui_tutorial.py for tasks to queue
[2025-02-14T14:43:00.407+0000] {logging_mixin.py:154} INFO - [2025-02-14T14:43:00.406+0000] {dagbag.py:536} INFO - Filling up the DagBag from /home/airflow/.local/lib/python3.8/site-packages/airflow/example_dags/example_params_ui_tutorial.py
[2025-02-14T14:43:00.520+0000] {processor.py:839} INFO - DAG(s) dict_keys(['example_params_ui_tutorial']) retrieved from /home/airflow/.local/lib/python3.8/site-packages/airflow/example_dags/example_params_ui_tutorial.py
[2025-02-14T14:43:00.708+0000] {logging_mixin.py:154} INFO - [2025-02-14T14:43:00.707+0000] {dag.py:2941} INFO - Sync 1 DAGs
[2025-02-14T14:43:00.761+0000] {logging_mixin.py:154} INFO - [2025-02-14T14:43:00.761+0000] {dag.py:3722} INFO - Setting next_dagrun for example_params_ui_tutorial to None, run_after=None
[2025-02-14T14:43:00.819+0000] {processor.py:179} INFO - Processing /home/airflow/.local/lib/python3.8/site-packages/airflow/example_dags/example_params_ui_tutorial.py took 0.426 seconds
[2025-02-14T14:43:31.228+0000] {processor.py:157} INFO - Started process (PID=2588) to work on /home/airflow/.local/lib/python3.8/site-packages/airflow/example_dags/example_params_ui_tutorial.py
[2025-02-14T14:43:31.232+0000] {processor.py:829} INFO - Processing file /home/airflow/.local/lib/python3.8/site-packages/airflow/example_dags/example_params_ui_tutorial.py for tasks to queue
[2025-02-14T14:43:31.241+0000] {logging_mixin.py:154} INFO - [2025-02-14T14:43:31.237+0000] {dagbag.py:536} INFO - Filling up the DagBag from /home/airflow/.local/lib/python3.8/site-packages/airflow/example_dags/example_params_ui_tutorial.py
[2025-02-14T14:43:31.394+0000] {processor.py:839} INFO - DAG(s) dict_keys(['example_params_ui_tutorial']) retrieved from /home/airflow/.local/lib/python3.8/site-packages/airflow/example_dags/example_params_ui_tutorial.py
[2025-02-14T14:43:31.562+0000] {logging_mixin.py:154} INFO - [2025-02-14T14:43:31.562+0000] {dag.py:2941} INFO - Sync 1 DAGs
[2025-02-14T14:43:31.606+0000] {logging_mixin.py:154} INFO - [2025-02-14T14:43:31.606+0000] {dag.py:3722} INFO - Setting next_dagrun for example_params_ui_tutorial to None, run_after=None
[2025-02-14T14:43:31.654+0000] {processor.py:179} INFO - Processing /home/airflow/.local/lib/python3.8/site-packages/airflow/example_dags/example_params_ui_tutorial.py took 0.440 seconds
[2025-02-14T14:44:01.731+0000] {processor.py:157} INFO - Started process (PID=2823) to work on /home/airflow/.local/lib/python3.8/site-packages/airflow/example_dags/example_params_ui_tutorial.py
[2025-02-14T14:44:01.734+0000] {processor.py:829} INFO - Processing file /home/airflow/.local/lib/python3.8/site-packages/airflow/example_dags/example_params_ui_tutorial.py for tasks to queue
[2025-02-14T14:44:01.737+0000] {logging_mixin.py:154} INFO - [2025-02-14T14:44:01.736+0000] {dagbag.py:536} INFO - Filling up the DagBag from /home/airflow/.local/lib/python3.8/site-packages/airflow/example_dags/example_params_ui_tutorial.py
[2025-02-14T14:44:01.841+0000] {processor.py:839} INFO - DAG(s) dict_keys(['example_params_ui_tutorial']) retrieved from /home/airflow/.local/lib/python3.8/site-packages/airflow/example_dags/example_params_ui_tutorial.py
[2025-02-14T14:44:01.998+0000] {logging_mixin.py:154} INFO - [2025-02-14T14:44:01.997+0000] {dag.py:2941} INFO - Sync 1 DAGs
[2025-02-14T14:44:02.038+0000] {logging_mixin.py:154} INFO - [2025-02-14T14:44:02.037+0000] {dag.py:3722} INFO - Setting next_dagrun for example_params_ui_tutorial to None, run_after=None
[2025-02-14T14:44:02.091+0000] {processor.py:179} INFO - Processing /home/airflow/.local/lib/python3.8/site-packages/airflow/example_dags/example_params_ui_tutorial.py took 0.376 seconds
[2025-02-14T14:44:32.649+0000] {processor.py:157} INFO - Started process (PID=3073) to work on /home/airflow/.local/lib/python3.8/site-packages/airflow/example_dags/example_params_ui_tutorial.py
[2025-02-14T14:44:32.651+0000] {processor.py:829} INFO - Processing file /home/airflow/.local/lib/python3.8/site-packages/airflow/example_dags/example_params_ui_tutorial.py for tasks to queue
[2025-02-14T14:44:32.653+0000] {logging_mixin.py:154} INFO - [2025-02-14T14:44:32.653+0000] {dagbag.py:536} INFO - Filling up the DagBag from /home/airflow/.local/lib/python3.8/site-packages/airflow/example_dags/example_params_ui_tutorial.py
[2025-02-14T14:44:32.752+0000] {processor.py:839} INFO - DAG(s) dict_keys(['example_params_ui_tutorial']) retrieved from /home/airflow/.local/lib/python3.8/site-packages/airflow/example_dags/example_params_ui_tutorial.py
[2025-02-14T14:44:32.881+0000] {logging_mixin.py:154} INFO - [2025-02-14T14:44:32.881+0000] {dag.py:2941} INFO - Sync 1 DAGs
[2025-02-14T14:44:32.923+0000] {logging_mixin.py:154} INFO - [2025-02-14T14:44:32.922+0000] {dag.py:3722} INFO - Setting next_dagrun for example_params_ui_tutorial to None, run_after=None
[2025-02-14T14:44:32.986+0000] {processor.py:179} INFO - Processing /home/airflow/.local/lib/python3.8/site-packages/airflow/example_dags/example_params_ui_tutorial.py took 0.346 seconds
[2025-02-14T14:45:03.960+0000] {processor.py:157} INFO - Started process (PID=3322) to work on /home/airflow/.local/lib/python3.8/site-packages/airflow/example_dags/example_params_ui_tutorial.py
[2025-02-14T14:45:03.963+0000] {processor.py:829} INFO - Processing file /home/airflow/.local/lib/python3.8/site-packages/airflow/example_dags/example_params_ui_tutorial.py for tasks to queue
[2025-02-14T14:45:03.965+0000] {logging_mixin.py:154} INFO - [2025-02-14T14:45:03.964+0000] {dagbag.py:536} INFO - Filling up the DagBag from /home/airflow/.local/lib/python3.8/site-packages/airflow/example_dags/example_params_ui_tutorial.py
[2025-02-14T14:45:04.062+0000] {processor.py:839} INFO - DAG(s) dict_keys(['example_params_ui_tutorial']) retrieved from /home/airflow/.local/lib/python3.8/site-packages/airflow/example_dags/example_params_ui_tutorial.py
[2025-02-14T14:45:04.276+0000] {logging_mixin.py:154} INFO - [2025-02-14T14:45:04.275+0000] {dag.py:2941} INFO - Sync 1 DAGs
[2025-02-14T14:45:04.311+0000] {logging_mixin.py:154} INFO - [2025-02-14T14:45:04.311+0000] {dag.py:3722} INFO - Setting next_dagrun for example_params_ui_tutorial to None, run_after=None
[2025-02-14T14:45:04.368+0000] {processor.py:179} INFO - Processing /home/airflow/.local/lib/python3.8/site-packages/airflow/example_dags/example_params_ui_tutorial.py took 0.416 seconds
[2025-02-14T14:45:34.898+0000] {processor.py:157} INFO - Started process (PID=3561) to work on /home/airflow/.local/lib/python3.8/site-packages/airflow/example_dags/example_params_ui_tutorial.py
[2025-02-14T14:45:34.903+0000] {processor.py:829} INFO - Processing file /home/airflow/.local/lib/python3.8/site-packages/airflow/example_dags/example_params_ui_tutorial.py for tasks to queue
[2025-02-14T14:45:34.906+0000] {logging_mixin.py:154} INFO - [2025-02-14T14:45:34.904+0000] {dagbag.py:536} INFO - Filling up the DagBag from /home/airflow/.local/lib/python3.8/site-packages/airflow/example_dags/example_params_ui_tutorial.py
[2025-02-14T14:45:35.077+0000] {processor.py:839} INFO - DAG(s) dict_keys(['example_params_ui_tutorial']) retrieved from /home/airflow/.local/lib/python3.8/site-packages/airflow/example_dags/example_params_ui_tutorial.py
[2025-02-14T14:45:35.255+0000] {logging_mixin.py:154} INFO - [2025-02-14T14:45:35.254+0000] {dag.py:2941} INFO - Sync 1 DAGs
[2025-02-14T14:45:35.300+0000] {logging_mixin.py:154} INFO - [2025-02-14T14:45:35.300+0000] {dag.py:3722} INFO - Setting next_dagrun for example_params_ui_tutorial to None, run_after=None
[2025-02-14T14:45:35.353+0000] {processor.py:179} INFO - Processing /home/airflow/.local/lib/python3.8/site-packages/airflow/example_dags/example_params_ui_tutorial.py took 0.465 seconds
[2025-02-14T14:46:05.676+0000] {processor.py:157} INFO - Started process (PID=3799) to work on /home/airflow/.local/lib/python3.8/site-packages/airflow/example_dags/example_params_ui_tutorial.py
[2025-02-14T14:46:05.680+0000] {processor.py:829} INFO - Processing file /home/airflow/.local/lib/python3.8/site-packages/airflow/example_dags/example_params_ui_tutorial.py for tasks to queue
[2025-02-14T14:46:05.683+0000] {logging_mixin.py:154} INFO - [2025-02-14T14:46:05.682+0000] {dagbag.py:536} INFO - Filling up the DagBag from /home/airflow/.local/lib/python3.8/site-packages/airflow/example_dags/example_params_ui_tutorial.py
[2025-02-14T14:46:05.805+0000] {processor.py:839} INFO - DAG(s) dict_keys(['example_params_ui_tutorial']) retrieved from /home/airflow/.local/lib/python3.8/site-packages/airflow/example_dags/example_params_ui_tutorial.py
[2025-02-14T14:46:05.970+0000] {logging_mixin.py:154} INFO - [2025-02-14T14:46:05.969+0000] {dag.py:2941} INFO - Sync 1 DAGs
[2025-02-14T14:46:06.009+0000] {logging_mixin.py:154} INFO - [2025-02-14T14:46:06.009+0000] {dag.py:3722} INFO - Setting next_dagrun for example_params_ui_tutorial to None, run_after=None
[2025-02-14T14:46:06.061+0000] {processor.py:179} INFO - Processing /home/airflow/.local/lib/python3.8/site-packages/airflow/example_dags/example_params_ui_tutorial.py took 0.396 seconds
[2025-02-14T14:46:36.824+0000] {processor.py:157} INFO - Started process (PID=4036) to work on /home/airflow/.local/lib/python3.8/site-packages/airflow/example_dags/example_params_ui_tutorial.py
[2025-02-14T14:46:36.827+0000] {processor.py:829} INFO - Processing file /home/airflow/.local/lib/python3.8/site-packages/airflow/example_dags/example_params_ui_tutorial.py for tasks to queue
[2025-02-14T14:46:36.831+0000] {logging_mixin.py:154} INFO - [2025-02-14T14:46:36.830+0000] {dagbag.py:536} INFO - Filling up the DagBag from /home/airflow/.local/lib/python3.8/site-packages/airflow/example_dags/example_params_ui_tutorial.py
[2025-02-14T14:46:36.943+0000] {processor.py:839} INFO - DAG(s) dict_keys(['example_params_ui_tutorial']) retrieved from /home/airflow/.local/lib/python3.8/site-packages/airflow/example_dags/example_params_ui_tutorial.py
[2025-02-14T14:46:37.148+0000] {logging_mixin.py:154} INFO - [2025-02-14T14:46:37.146+0000] {dag.py:2941} INFO - Sync 1 DAGs
[2025-02-14T14:46:37.187+0000] {logging_mixin.py:154} INFO - [2025-02-14T14:46:37.186+0000] {dag.py:3722} INFO - Setting next_dagrun for example_params_ui_tutorial to None, run_after=None
[2025-02-14T14:46:37.245+0000] {processor.py:179} INFO - Processing /home/airflow/.local/lib/python3.8/site-packages/airflow/example_dags/example_params_ui_tutorial.py took 0.434 seconds
[2025-02-14T14:47:07.570+0000] {processor.py:157} INFO - Started process (PID=4274) to work on /home/airflow/.local/lib/python3.8/site-packages/airflow/example_dags/example_params_ui_tutorial.py
[2025-02-14T14:47:07.572+0000] {processor.py:829} INFO - Processing file /home/airflow/.local/lib/python3.8/site-packages/airflow/example_dags/example_params_ui_tutorial.py for tasks to queue
[2025-02-14T14:47:07.575+0000] {logging_mixin.py:154} INFO - [2025-02-14T14:47:07.575+0000] {dagbag.py:536} INFO - Filling up the DagBag from /home/airflow/.local/lib/python3.8/site-packages/airflow/example_dags/example_params_ui_tutorial.py
[2025-02-14T14:47:07.700+0000] {processor.py:839} INFO - DAG(s) dict_keys(['example_params_ui_tutorial']) retrieved from /home/airflow/.local/lib/python3.8/site-packages/airflow/example_dags/example_params_ui_tutorial.py
[2025-02-14T14:47:07.901+0000] {logging_mixin.py:154} INFO - [2025-02-14T14:47:07.900+0000] {dag.py:2941} INFO - Sync 1 DAGs
[2025-02-14T14:47:07.947+0000] {logging_mixin.py:154} INFO - [2025-02-14T14:47:07.947+0000] {dag.py:3722} INFO - Setting next_dagrun for example_params_ui_tutorial to None, run_after=None
[2025-02-14T14:47:08.004+0000] {processor.py:179} INFO - Processing /home/airflow/.local/lib/python3.8/site-packages/airflow/example_dags/example_params_ui_tutorial.py took 0.445 seconds
[2025-02-14T14:47:38.591+0000] {processor.py:157} INFO - Started process (PID=4511) to work on /home/airflow/.local/lib/python3.8/site-packages/airflow/example_dags/example_params_ui_tutorial.py
[2025-02-14T14:47:38.605+0000] {processor.py:829} INFO - Processing file /home/airflow/.local/lib/python3.8/site-packages/airflow/example_dags/example_params_ui_tutorial.py for tasks to queue
[2025-02-14T14:47:38.607+0000] {logging_mixin.py:154} INFO - [2025-02-14T14:47:38.606+0000] {dagbag.py:536} INFO - Filling up the DagBag from /home/airflow/.local/lib/python3.8/site-packages/airflow/example_dags/example_params_ui_tutorial.py
[2025-02-14T14:47:38.716+0000] {processor.py:839} INFO - DAG(s) dict_keys(['example_params_ui_tutorial']) retrieved from /home/airflow/.local/lib/python3.8/site-packages/airflow/example_dags/example_params_ui_tutorial.py
[2025-02-14T14:47:38.865+0000] {logging_mixin.py:154} INFO - [2025-02-14T14:47:38.864+0000] {dag.py:2941} INFO - Sync 1 DAGs
[2025-02-14T14:47:38.911+0000] {logging_mixin.py:154} INFO - [2025-02-14T14:47:38.910+0000] {dag.py:3722} INFO - Setting next_dagrun for example_params_ui_tutorial to None, run_after=None
[2025-02-14T14:47:38.964+0000] {processor.py:179} INFO - Processing /home/airflow/.local/lib/python3.8/site-packages/airflow/example_dags/example_params_ui_tutorial.py took 0.389 seconds
[2025-02-14T14:48:09.790+0000] {processor.py:157} INFO - Started process (PID=4755) to work on /home/airflow/.local/lib/python3.8/site-packages/airflow/example_dags/example_params_ui_tutorial.py
[2025-02-14T14:48:09.796+0000] {processor.py:829} INFO - Processing file /home/airflow/.local/lib/python3.8/site-packages/airflow/example_dags/example_params_ui_tutorial.py for tasks to queue
[2025-02-14T14:48:09.802+0000] {logging_mixin.py:154} INFO - [2025-02-14T14:48:09.802+0000] {dagbag.py:536} INFO - Filling up the DagBag from /home/airflow/.local/lib/python3.8/site-packages/airflow/example_dags/example_params_ui_tutorial.py
[2025-02-14T14:48:09.932+0000] {processor.py:839} INFO - DAG(s) dict_keys(['example_params_ui_tutorial']) retrieved from /home/airflow/.local/lib/python3.8/site-packages/airflow/example_dags/example_params_ui_tutorial.py
[2025-02-14T14:48:10.118+0000] {logging_mixin.py:154} INFO - [2025-02-14T14:48:10.118+0000] {dag.py:2941} INFO - Sync 1 DAGs
[2025-02-14T14:48:10.135+0000] {logging_mixin.py:154} INFO - [2025-02-14T14:48:10.135+0000] {dag.py:3722} INFO - Setting next_dagrun for example_params_ui_tutorial to None, run_after=None
[2025-02-14T14:48:10.166+0000] {processor.py:179} INFO - Processing /home/airflow/.local/lib/python3.8/site-packages/airflow/example_dags/example_params_ui_tutorial.py took 0.403 seconds
[2025-02-14T14:48:40.595+0000] {processor.py:157} INFO - Started process (PID=4993) to work on /home/airflow/.local/lib/python3.8/site-packages/airflow/example_dags/example_params_ui_tutorial.py
[2025-02-14T14:48:40.598+0000] {processor.py:829} INFO - Processing file /home/airflow/.local/lib/python3.8/site-packages/airflow/example_dags/example_params_ui_tutorial.py for tasks to queue
[2025-02-14T14:48:40.603+0000] {logging_mixin.py:154} INFO - [2025-02-14T14:48:40.601+0000] {dagbag.py:536} INFO - Filling up the DagBag from /home/airflow/.local/lib/python3.8/site-packages/airflow/example_dags/example_params_ui_tutorial.py
[2025-02-14T14:48:40.712+0000] {processor.py:839} INFO - DAG(s) dict_keys(['example_params_ui_tutorial']) retrieved from /home/airflow/.local/lib/python3.8/site-packages/airflow/example_dags/example_params_ui_tutorial.py
[2025-02-14T14:48:40.961+0000] {logging_mixin.py:154} INFO - [2025-02-14T14:48:40.960+0000] {dag.py:2941} INFO - Sync 1 DAGs
[2025-02-14T14:48:40.998+0000] {logging_mixin.py:154} INFO - [2025-02-14T14:48:40.998+0000] {dag.py:3722} INFO - Setting next_dagrun for example_params_ui_tutorial to None, run_after=None
[2025-02-14T14:48:41.042+0000] {processor.py:179} INFO - Processing /home/airflow/.local/lib/python3.8/site-packages/airflow/example_dags/example_params_ui_tutorial.py took 0.457 seconds
[2025-02-14T14:49:11.947+0000] {processor.py:157} INFO - Started process (PID=5236) to work on /home/airflow/.local/lib/python3.8/site-packages/airflow/example_dags/example_params_ui_tutorial.py
[2025-02-14T14:49:11.950+0000] {processor.py:829} INFO - Processing file /home/airflow/.local/lib/python3.8/site-packages/airflow/example_dags/example_params_ui_tutorial.py for tasks to queue
[2025-02-14T14:49:11.952+0000] {logging_mixin.py:154} INFO - [2025-02-14T14:49:11.951+0000] {dagbag.py:536} INFO - Filling up the DagBag from /home/airflow/.local/lib/python3.8/site-packages/airflow/example_dags/example_params_ui_tutorial.py
[2025-02-14T14:49:12.058+0000] {processor.py:839} INFO - DAG(s) dict_keys(['example_params_ui_tutorial']) retrieved from /home/airflow/.local/lib/python3.8/site-packages/airflow/example_dags/example_params_ui_tutorial.py
[2025-02-14T14:49:12.215+0000] {logging_mixin.py:154} INFO - [2025-02-14T14:49:12.214+0000] {dag.py:2941} INFO - Sync 1 DAGs
[2025-02-14T14:49:12.254+0000] {logging_mixin.py:154} INFO - [2025-02-14T14:49:12.254+0000] {dag.py:3722} INFO - Setting next_dagrun for example_params_ui_tutorial to None, run_after=None
[2025-02-14T14:49:12.315+0000] {processor.py:179} INFO - Processing /home/airflow/.local/lib/python3.8/site-packages/airflow/example_dags/example_params_ui_tutorial.py took 0.380 seconds
[2025-02-14T14:49:42.858+0000] {processor.py:157} INFO - Started process (PID=5473) to work on /home/airflow/.local/lib/python3.8/site-packages/airflow/example_dags/example_params_ui_tutorial.py
[2025-02-14T14:49:42.860+0000] {processor.py:829} INFO - Processing file /home/airflow/.local/lib/python3.8/site-packages/airflow/example_dags/example_params_ui_tutorial.py for tasks to queue
[2025-02-14T14:49:42.868+0000] {logging_mixin.py:154} INFO - [2025-02-14T14:49:42.867+0000] {dagbag.py:536} INFO - Filling up the DagBag from /home/airflow/.local/lib/python3.8/site-packages/airflow/example_dags/example_params_ui_tutorial.py
[2025-02-14T14:49:43.004+0000] {processor.py:839} INFO - DAG(s) dict_keys(['example_params_ui_tutorial']) retrieved from /home/airflow/.local/lib/python3.8/site-packages/airflow/example_dags/example_params_ui_tutorial.py
[2025-02-14T14:49:43.173+0000] {logging_mixin.py:154} INFO - [2025-02-14T14:49:43.173+0000] {dag.py:2941} INFO - Sync 1 DAGs
[2025-02-14T14:49:43.217+0000] {logging_mixin.py:154} INFO - [2025-02-14T14:49:43.216+0000] {dag.py:3722} INFO - Setting next_dagrun for example_params_ui_tutorial to None, run_after=None
[2025-02-14T14:49:43.279+0000] {processor.py:179} INFO - Processing /home/airflow/.local/lib/python3.8/site-packages/airflow/example_dags/example_params_ui_tutorial.py took 0.431 seconds
[2025-02-14T14:50:14.005+0000] {processor.py:157} INFO - Started process (PID=5716) to work on /home/airflow/.local/lib/python3.8/site-packages/airflow/example_dags/example_params_ui_tutorial.py
[2025-02-14T14:50:14.008+0000] {processor.py:829} INFO - Processing file /home/airflow/.local/lib/python3.8/site-packages/airflow/example_dags/example_params_ui_tutorial.py for tasks to queue
[2025-02-14T14:50:14.011+0000] {logging_mixin.py:154} INFO - [2025-02-14T14:50:14.010+0000] {dagbag.py:536} INFO - Filling up the DagBag from /home/airflow/.local/lib/python3.8/site-packages/airflow/example_dags/example_params_ui_tutorial.py
[2025-02-14T14:50:14.123+0000] {processor.py:839} INFO - DAG(s) dict_keys(['example_params_ui_tutorial']) retrieved from /home/airflow/.local/lib/python3.8/site-packages/airflow/example_dags/example_params_ui_tutorial.py
[2025-02-14T14:50:14.288+0000] {logging_mixin.py:154} INFO - [2025-02-14T14:50:14.287+0000] {dag.py:2941} INFO - Sync 1 DAGs
[2025-02-14T14:50:14.327+0000] {logging_mixin.py:154} INFO - [2025-02-14T14:50:14.327+0000] {dag.py:3722} INFO - Setting next_dagrun for example_params_ui_tutorial to None, run_after=None
[2025-02-14T14:50:14.378+0000] {processor.py:179} INFO - Processing /home/airflow/.local/lib/python3.8/site-packages/airflow/example_dags/example_params_ui_tutorial.py took 0.389 seconds
[2025-02-14T14:50:44.941+0000] {processor.py:157} INFO - Started process (PID=5957) to work on /home/airflow/.local/lib/python3.8/site-packages/airflow/example_dags/example_params_ui_tutorial.py
[2025-02-14T14:50:44.947+0000] {processor.py:829} INFO - Processing file /home/airflow/.local/lib/python3.8/site-packages/airflow/example_dags/example_params_ui_tutorial.py for tasks to queue
[2025-02-14T14:50:44.951+0000] {logging_mixin.py:154} INFO - [2025-02-14T14:50:44.951+0000] {dagbag.py:536} INFO - Filling up the DagBag from /home/airflow/.local/lib/python3.8/site-packages/airflow/example_dags/example_params_ui_tutorial.py
[2025-02-14T14:50:45.165+0000] {processor.py:839} INFO - DAG(s) dict_keys(['example_params_ui_tutorial']) retrieved from /home/airflow/.local/lib/python3.8/site-packages/airflow/example_dags/example_params_ui_tutorial.py
[2025-02-14T14:50:45.480+0000] {logging_mixin.py:154} INFO - [2025-02-14T14:50:45.479+0000] {dag.py:2941} INFO - Sync 1 DAGs
[2025-02-14T14:50:45.519+0000] {logging_mixin.py:154} INFO - [2025-02-14T14:50:45.519+0000] {dag.py:3722} INFO - Setting next_dagrun for example_params_ui_tutorial to None, run_after=None
[2025-02-14T14:50:45.587+0000] {processor.py:179} INFO - Processing /home/airflow/.local/lib/python3.8/site-packages/airflow/example_dags/example_params_ui_tutorial.py took 0.663 seconds
[2025-02-14T14:51:16.139+0000] {processor.py:157} INFO - Started process (PID=6195) to work on /home/airflow/.local/lib/python3.8/site-packages/airflow/example_dags/example_params_ui_tutorial.py
[2025-02-14T14:51:16.143+0000] {processor.py:829} INFO - Processing file /home/airflow/.local/lib/python3.8/site-packages/airflow/example_dags/example_params_ui_tutorial.py for tasks to queue
[2025-02-14T14:51:16.146+0000] {logging_mixin.py:154} INFO - [2025-02-14T14:51:16.145+0000] {dagbag.py:536} INFO - Filling up the DagBag from /home/airflow/.local/lib/python3.8/site-packages/airflow/example_dags/example_params_ui_tutorial.py
[2025-02-14T14:51:16.269+0000] {processor.py:839} INFO - DAG(s) dict_keys(['example_params_ui_tutorial']) retrieved from /home/airflow/.local/lib/python3.8/site-packages/airflow/example_dags/example_params_ui_tutorial.py
[2025-02-14T14:51:16.448+0000] {logging_mixin.py:154} INFO - [2025-02-14T14:51:16.447+0000] {dag.py:2941} INFO - Sync 1 DAGs
[2025-02-14T14:51:16.491+0000] {logging_mixin.py:154} INFO - [2025-02-14T14:51:16.490+0000] {dag.py:3722} INFO - Setting next_dagrun for example_params_ui_tutorial to None, run_after=None
[2025-02-14T14:51:16.543+0000] {processor.py:179} INFO - Processing /home/airflow/.local/lib/python3.8/site-packages/airflow/example_dags/example_params_ui_tutorial.py took 0.415 seconds
[2025-02-14T14:51:46.983+0000] {processor.py:157} INFO - Started process (PID=6433) to work on /home/airflow/.local/lib/python3.8/site-packages/airflow/example_dags/example_params_ui_tutorial.py
[2025-02-14T14:51:46.985+0000] {processor.py:829} INFO - Processing file /home/airflow/.local/lib/python3.8/site-packages/airflow/example_dags/example_params_ui_tutorial.py for tasks to queue
[2025-02-14T14:51:46.987+0000] {logging_mixin.py:154} INFO - [2025-02-14T14:51:46.987+0000] {dagbag.py:536} INFO - Filling up the DagBag from /home/airflow/.local/lib/python3.8/site-packages/airflow/example_dags/example_params_ui_tutorial.py
[2025-02-14T14:51:47.142+0000] {processor.py:839} INFO - DAG(s) dict_keys(['example_params_ui_tutorial']) retrieved from /home/airflow/.local/lib/python3.8/site-packages/airflow/example_dags/example_params_ui_tutorial.py
[2025-02-14T14:51:47.292+0000] {logging_mixin.py:154} INFO - [2025-02-14T14:51:47.292+0000] {dag.py:2941} INFO - Sync 1 DAGs
[2025-02-14T14:51:47.328+0000] {logging_mixin.py:154} INFO - [2025-02-14T14:51:47.327+0000] {dag.py:3722} INFO - Setting next_dagrun for example_params_ui_tutorial to None, run_after=None
[2025-02-14T14:51:47.394+0000] {processor.py:179} INFO - Processing /home/airflow/.local/lib/python3.8/site-packages/airflow/example_dags/example_params_ui_tutorial.py took 0.419 seconds
[2025-02-14T14:52:17.475+0000] {processor.py:157} INFO - Started process (PID=6671) to work on /home/airflow/.local/lib/python3.8/site-packages/airflow/example_dags/example_params_ui_tutorial.py
[2025-02-14T14:52:17.480+0000] {processor.py:829} INFO - Processing file /home/airflow/.local/lib/python3.8/site-packages/airflow/example_dags/example_params_ui_tutorial.py for tasks to queue
[2025-02-14T14:52:17.482+0000] {logging_mixin.py:154} INFO - [2025-02-14T14:52:17.481+0000] {dagbag.py:536} INFO - Filling up the DagBag from /home/airflow/.local/lib/python3.8/site-packages/airflow/example_dags/example_params_ui_tutorial.py
[2025-02-14T14:52:17.634+0000] {processor.py:839} INFO - DAG(s) dict_keys(['example_params_ui_tutorial']) retrieved from /home/airflow/.local/lib/python3.8/site-packages/airflow/example_dags/example_params_ui_tutorial.py
[2025-02-14T14:52:17.861+0000] {logging_mixin.py:154} INFO - [2025-02-14T14:52:17.861+0000] {dag.py:2941} INFO - Sync 1 DAGs
[2025-02-14T14:52:17.917+0000] {logging_mixin.py:154} INFO - [2025-02-14T14:52:17.916+0000] {dag.py:3722} INFO - Setting next_dagrun for example_params_ui_tutorial to None, run_after=None
[2025-02-14T14:52:17.972+0000] {processor.py:179} INFO - Processing /home/airflow/.local/lib/python3.8/site-packages/airflow/example_dags/example_params_ui_tutorial.py took 0.507 seconds
[2025-02-14T14:52:48.642+0000] {processor.py:157} INFO - Started process (PID=6909) to work on /home/airflow/.local/lib/python3.8/site-packages/airflow/example_dags/example_params_ui_tutorial.py
[2025-02-14T14:52:48.645+0000] {processor.py:829} INFO - Processing file /home/airflow/.local/lib/python3.8/site-packages/airflow/example_dags/example_params_ui_tutorial.py for tasks to queue
[2025-02-14T14:52:48.650+0000] {logging_mixin.py:154} INFO - [2025-02-14T14:52:48.649+0000] {dagbag.py:536} INFO - Filling up the DagBag from /home/airflow/.local/lib/python3.8/site-packages/airflow/example_dags/example_params_ui_tutorial.py
[2025-02-14T14:52:48.792+0000] {processor.py:839} INFO - DAG(s) dict_keys(['example_params_ui_tutorial']) retrieved from /home/airflow/.local/lib/python3.8/site-packages/airflow/example_dags/example_params_ui_tutorial.py
[2025-02-14T14:52:48.953+0000] {logging_mixin.py:154} INFO - [2025-02-14T14:52:48.953+0000] {dag.py:2941} INFO - Sync 1 DAGs
[2025-02-14T14:52:48.994+0000] {logging_mixin.py:154} INFO - [2025-02-14T14:52:48.994+0000] {dag.py:3722} INFO - Setting next_dagrun for example_params_ui_tutorial to None, run_after=None
[2025-02-14T14:52:49.048+0000] {processor.py:179} INFO - Processing /home/airflow/.local/lib/python3.8/site-packages/airflow/example_dags/example_params_ui_tutorial.py took 0.426 seconds
[2025-02-14T14:53:19.319+0000] {processor.py:157} INFO - Started process (PID=7147) to work on /home/airflow/.local/lib/python3.8/site-packages/airflow/example_dags/example_params_ui_tutorial.py
[2025-02-14T14:53:19.327+0000] {processor.py:829} INFO - Processing file /home/airflow/.local/lib/python3.8/site-packages/airflow/example_dags/example_params_ui_tutorial.py for tasks to queue
[2025-02-14T14:53:19.329+0000] {logging_mixin.py:154} INFO - [2025-02-14T14:53:19.329+0000] {dagbag.py:536} INFO - Filling up the DagBag from /home/airflow/.local/lib/python3.8/site-packages/airflow/example_dags/example_params_ui_tutorial.py
[2025-02-14T14:53:19.466+0000] {processor.py:839} INFO - DAG(s) dict_keys(['example_params_ui_tutorial']) retrieved from /home/airflow/.local/lib/python3.8/site-packages/airflow/example_dags/example_params_ui_tutorial.py
[2025-02-14T14:53:19.653+0000] {logging_mixin.py:154} INFO - [2025-02-14T14:53:19.652+0000] {dag.py:2941} INFO - Sync 1 DAGs
[2025-02-14T14:53:19.698+0000] {logging_mixin.py:154} INFO - [2025-02-14T14:53:19.697+0000] {dag.py:3722} INFO - Setting next_dagrun for example_params_ui_tutorial to None, run_after=None
[2025-02-14T14:53:19.753+0000] {processor.py:179} INFO - Processing /home/airflow/.local/lib/python3.8/site-packages/airflow/example_dags/example_params_ui_tutorial.py took 0.459 seconds
[2025-02-14T14:53:50.082+0000] {processor.py:157} INFO - Started process (PID=7387) to work on /home/airflow/.local/lib/python3.8/site-packages/airflow/example_dags/example_params_ui_tutorial.py
[2025-02-14T14:53:50.085+0000] {processor.py:829} INFO - Processing file /home/airflow/.local/lib/python3.8/site-packages/airflow/example_dags/example_params_ui_tutorial.py for tasks to queue
[2025-02-14T14:53:50.087+0000] {logging_mixin.py:154} INFO - [2025-02-14T14:53:50.087+0000] {dagbag.py:536} INFO - Filling up the DagBag from /home/airflow/.local/lib/python3.8/site-packages/airflow/example_dags/example_params_ui_tutorial.py
[2025-02-14T14:53:50.199+0000] {processor.py:839} INFO - DAG(s) dict_keys(['example_params_ui_tutorial']) retrieved from /home/airflow/.local/lib/python3.8/site-packages/airflow/example_dags/example_params_ui_tutorial.py
[2025-02-14T14:53:50.375+0000] {logging_mixin.py:154} INFO - [2025-02-14T14:53:50.372+0000] {dag.py:2941} INFO - Sync 1 DAGs
[2025-02-14T14:53:50.463+0000] {logging_mixin.py:154} INFO - [2025-02-14T14:53:50.462+0000] {dag.py:3722} INFO - Setting next_dagrun for example_params_ui_tutorial to None, run_after=None
[2025-02-14T14:53:50.603+0000] {processor.py:179} INFO - Processing /home/airflow/.local/lib/python3.8/site-packages/airflow/example_dags/example_params_ui_tutorial.py took 0.536 seconds
