[2025-02-14T14:38:32.893+0000] {processor.py:157} INFO - Started process (PID=382) to work on /home/airflow/.local/lib/python3.8/site-packages/airflow/example_dags/example_branch_operator.py
[2025-02-14T14:38:32.896+0000] {processor.py:829} INFO - Processing file /home/airflow/.local/lib/python3.8/site-packages/airflow/example_dags/example_branch_operator.py for tasks to queue
[2025-02-14T14:38:32.899+0000] {logging_mixin.py:154} INFO - [2025-02-14T14:38:32.898+0000] {dagbag.py:536} INFO - Filling up the DagBag from /home/airflow/.local/lib/python3.8/site-packages/airflow/example_dags/example_branch_operator.py
[2025-02-14T14:38:32.950+0000] {processor.py:839} INFO - DAG(s) dict_keys(['example_branch_operator']) retrieved from /home/airflow/.local/lib/python3.8/site-packages/airflow/example_dags/example_branch_operator.py
[2025-02-14T14:38:33.381+0000] {logging_mixin.py:154} INFO - [2025-02-14T14:38:33.381+0000] {manager.py:499} INFO - Created Permission View: %s
[2025-02-14T14:38:33.453+0000] {logging_mixin.py:154} INFO - [2025-02-14T14:38:33.453+0000] {manager.py:499} INFO - Created Permission View: %s
[2025-02-14T14:38:33.467+0000] {logging_mixin.py:154} INFO - [2025-02-14T14:38:33.466+0000] {manager.py:499} INFO - Created Permission View: %s
[2025-02-14T14:38:33.467+0000] {logging_mixin.py:154} INFO - [2025-02-14T14:38:33.467+0000] {dag.py:2941} INFO - Sync 1 DAGs
[2025-02-14T14:38:33.508+0000] {logging_mixin.py:154} INFO - [2025-02-14T14:38:33.508+0000] {dag.py:2963} INFO - Creating ORM DAG for example_branch_operator
[2025-02-14T14:38:33.560+0000] {logging_mixin.py:154} INFO - [2025-02-14T14:38:33.560+0000] {dag.py:3722} INFO - Setting next_dagrun for example_branch_operator to 2025-02-13T00:00:00+00:00, run_after=2025-02-14T00:00:00+00:00
[2025-02-14T14:38:33.616+0000] {processor.py:179} INFO - Processing /home/airflow/.local/lib/python3.8/site-packages/airflow/example_dags/example_branch_operator.py took 0.748 seconds
[2025-02-14T14:39:04.006+0000] {processor.py:157} INFO - Started process (PID=620) to work on /home/airflow/.local/lib/python3.8/site-packages/airflow/example_dags/example_branch_operator.py
[2025-02-14T14:39:04.013+0000] {processor.py:829} INFO - Processing file /home/airflow/.local/lib/python3.8/site-packages/airflow/example_dags/example_branch_operator.py for tasks to queue
[2025-02-14T14:39:04.028+0000] {logging_mixin.py:154} INFO - [2025-02-14T14:39:04.020+0000] {dagbag.py:536} INFO - Filling up the DagBag from /home/airflow/.local/lib/python3.8/site-packages/airflow/example_dags/example_branch_operator.py
[2025-02-14T14:39:04.118+0000] {processor.py:839} INFO - DAG(s) dict_keys(['example_branch_operator']) retrieved from /home/airflow/.local/lib/python3.8/site-packages/airflow/example_dags/example_branch_operator.py
[2025-02-14T14:39:04.217+0000] {logging_mixin.py:154} INFO - [2025-02-14T14:39:04.217+0000] {dag.py:2941} INFO - Sync 1 DAGs
[2025-02-14T14:39:04.335+0000] {logging_mixin.py:154} INFO - [2025-02-14T14:39:04.335+0000] {dag.py:3722} INFO - Setting next_dagrun for example_branch_operator to 2025-02-13T00:00:00+00:00, run_after=2025-02-14T00:00:00+00:00
[2025-02-14T14:39:04.428+0000] {processor.py:179} INFO - Processing /home/airflow/.local/lib/python3.8/site-packages/airflow/example_dags/example_branch_operator.py took 0.432 seconds
[2025-02-14T14:39:34.615+0000] {processor.py:157} INFO - Started process (PID=858) to work on /home/airflow/.local/lib/python3.8/site-packages/airflow/example_dags/example_branch_operator.py
[2025-02-14T14:39:34.618+0000] {processor.py:829} INFO - Processing file /home/airflow/.local/lib/python3.8/site-packages/airflow/example_dags/example_branch_operator.py for tasks to queue
[2025-02-14T14:39:34.620+0000] {logging_mixin.py:154} INFO - [2025-02-14T14:39:34.619+0000] {dagbag.py:536} INFO - Filling up the DagBag from /home/airflow/.local/lib/python3.8/site-packages/airflow/example_dags/example_branch_operator.py
[2025-02-14T14:39:34.648+0000] {processor.py:839} INFO - DAG(s) dict_keys(['example_branch_operator']) retrieved from /home/airflow/.local/lib/python3.8/site-packages/airflow/example_dags/example_branch_operator.py
[2025-02-14T14:39:34.727+0000] {logging_mixin.py:154} INFO - [2025-02-14T14:39:34.727+0000] {dag.py:2941} INFO - Sync 1 DAGs
[2025-02-14T14:39:34.801+0000] {logging_mixin.py:154} INFO - [2025-02-14T14:39:34.801+0000] {dag.py:3722} INFO - Setting next_dagrun for example_branch_operator to 2025-02-13T00:00:00+00:00, run_after=2025-02-14T00:00:00+00:00
[2025-02-14T14:39:34.863+0000] {processor.py:179} INFO - Processing /home/airflow/.local/lib/python3.8/site-packages/airflow/example_dags/example_branch_operator.py took 0.258 seconds
[2025-02-14T14:40:05.358+0000] {processor.py:157} INFO - Started process (PID=1096) to work on /home/airflow/.local/lib/python3.8/site-packages/airflow/example_dags/example_branch_operator.py
[2025-02-14T14:40:05.361+0000] {processor.py:829} INFO - Processing file /home/airflow/.local/lib/python3.8/site-packages/airflow/example_dags/example_branch_operator.py for tasks to queue
[2025-02-14T14:40:05.363+0000] {logging_mixin.py:154} INFO - [2025-02-14T14:40:05.363+0000] {dagbag.py:536} INFO - Filling up the DagBag from /home/airflow/.local/lib/python3.8/site-packages/airflow/example_dags/example_branch_operator.py
[2025-02-14T14:40:05.394+0000] {processor.py:839} INFO - DAG(s) dict_keys(['example_branch_operator']) retrieved from /home/airflow/.local/lib/python3.8/site-packages/airflow/example_dags/example_branch_operator.py
[2025-02-14T14:40:05.471+0000] {logging_mixin.py:154} INFO - [2025-02-14T14:40:05.470+0000] {dag.py:2941} INFO - Sync 1 DAGs
[2025-02-14T14:40:05.556+0000] {logging_mixin.py:154} INFO - [2025-02-14T14:40:05.555+0000] {dag.py:3722} INFO - Setting next_dagrun for example_branch_operator to 2025-02-13T00:00:00+00:00, run_after=2025-02-14T00:00:00+00:00
[2025-02-14T14:40:05.618+0000] {processor.py:179} INFO - Processing /home/airflow/.local/lib/python3.8/site-packages/airflow/example_dags/example_branch_operator.py took 0.272 seconds
[2025-02-14T14:40:36.311+0000] {processor.py:157} INFO - Started process (PID=1334) to work on /home/airflow/.local/lib/python3.8/site-packages/airflow/example_dags/example_branch_operator.py
[2025-02-14T14:40:36.314+0000] {processor.py:829} INFO - Processing file /home/airflow/.local/lib/python3.8/site-packages/airflow/example_dags/example_branch_operator.py for tasks to queue
[2025-02-14T14:40:36.316+0000] {logging_mixin.py:154} INFO - [2025-02-14T14:40:36.316+0000] {dagbag.py:536} INFO - Filling up the DagBag from /home/airflow/.local/lib/python3.8/site-packages/airflow/example_dags/example_branch_operator.py
[2025-02-14T14:40:36.344+0000] {processor.py:839} INFO - DAG(s) dict_keys(['example_branch_operator']) retrieved from /home/airflow/.local/lib/python3.8/site-packages/airflow/example_dags/example_branch_operator.py
[2025-02-14T14:40:36.417+0000] {logging_mixin.py:154} INFO - [2025-02-14T14:40:36.416+0000] {dag.py:2941} INFO - Sync 1 DAGs
[2025-02-14T14:40:36.490+0000] {logging_mixin.py:154} INFO - [2025-02-14T14:40:36.489+0000] {dag.py:3722} INFO - Setting next_dagrun for example_branch_operator to 2025-02-13T00:00:00+00:00, run_after=2025-02-14T00:00:00+00:00
[2025-02-14T14:40:36.540+0000] {processor.py:179} INFO - Processing /home/airflow/.local/lib/python3.8/site-packages/airflow/example_dags/example_branch_operator.py took 0.240 seconds
[2025-02-14T14:41:07.765+0000] {processor.py:157} INFO - Started process (PID=1572) to work on /home/airflow/.local/lib/python3.8/site-packages/airflow/example_dags/example_branch_operator.py
[2025-02-14T14:41:07.770+0000] {processor.py:829} INFO - Processing file /home/airflow/.local/lib/python3.8/site-packages/airflow/example_dags/example_branch_operator.py for tasks to queue
[2025-02-14T14:41:07.774+0000] {logging_mixin.py:154} INFO - [2025-02-14T14:41:07.773+0000] {dagbag.py:536} INFO - Filling up the DagBag from /home/airflow/.local/lib/python3.8/site-packages/airflow/example_dags/example_branch_operator.py
[2025-02-14T14:41:07.815+0000] {processor.py:839} INFO - DAG(s) dict_keys(['example_branch_operator']) retrieved from /home/airflow/.local/lib/python3.8/site-packages/airflow/example_dags/example_branch_operator.py
[2025-02-14T14:41:07.999+0000] {logging_mixin.py:154} INFO - [2025-02-14T14:41:07.994+0000] {dag.py:2941} INFO - Sync 1 DAGs
[2025-02-14T14:41:08.163+0000] {logging_mixin.py:154} INFO - [2025-02-14T14:41:08.163+0000] {dag.py:3722} INFO - Setting next_dagrun for example_branch_operator to 2025-02-13T00:00:00+00:00, run_after=2025-02-14T00:00:00+00:00
[2025-02-14T14:41:08.280+0000] {processor.py:179} INFO - Processing /home/airflow/.local/lib/python3.8/site-packages/airflow/example_dags/example_branch_operator.py took 0.535 seconds
[2025-02-14T14:41:38.554+0000] {processor.py:157} INFO - Started process (PID=1811) to work on /home/airflow/.local/lib/python3.8/site-packages/airflow/example_dags/example_branch_operator.py
[2025-02-14T14:41:38.568+0000] {processor.py:829} INFO - Processing file /home/airflow/.local/lib/python3.8/site-packages/airflow/example_dags/example_branch_operator.py for tasks to queue
[2025-02-14T14:41:38.572+0000] {logging_mixin.py:154} INFO - [2025-02-14T14:41:38.570+0000] {dagbag.py:536} INFO - Filling up the DagBag from /home/airflow/.local/lib/python3.8/site-packages/airflow/example_dags/example_branch_operator.py
[2025-02-14T14:41:38.604+0000] {processor.py:839} INFO - DAG(s) dict_keys(['example_branch_operator']) retrieved from /home/airflow/.local/lib/python3.8/site-packages/airflow/example_dags/example_branch_operator.py
[2025-02-14T14:41:38.681+0000] {logging_mixin.py:154} INFO - [2025-02-14T14:41:38.681+0000] {dag.py:2941} INFO - Sync 1 DAGs
[2025-02-14T14:41:38.761+0000] {logging_mixin.py:154} INFO - [2025-02-14T14:41:38.761+0000] {dag.py:3722} INFO - Setting next_dagrun for example_branch_operator to 2025-02-13T00:00:00+00:00, run_after=2025-02-14T00:00:00+00:00
[2025-02-14T14:41:38.819+0000] {processor.py:179} INFO - Processing /home/airflow/.local/lib/python3.8/site-packages/airflow/example_dags/example_branch_operator.py took 0.280 seconds
[2025-02-14T14:42:09.231+0000] {processor.py:157} INFO - Started process (PID=2054) to work on /home/airflow/.local/lib/python3.8/site-packages/airflow/example_dags/example_branch_operator.py
[2025-02-14T14:42:09.232+0000] {processor.py:829} INFO - Processing file /home/airflow/.local/lib/python3.8/site-packages/airflow/example_dags/example_branch_operator.py for tasks to queue
[2025-02-14T14:42:09.233+0000] {logging_mixin.py:154} INFO - [2025-02-14T14:42:09.233+0000] {dagbag.py:536} INFO - Filling up the DagBag from /home/airflow/.local/lib/python3.8/site-packages/airflow/example_dags/example_branch_operator.py
[2025-02-14T14:42:09.245+0000] {processor.py:839} INFO - DAG(s) dict_keys(['example_branch_operator']) retrieved from /home/airflow/.local/lib/python3.8/site-packages/airflow/example_dags/example_branch_operator.py
[2025-02-14T14:42:09.276+0000] {logging_mixin.py:154} INFO - [2025-02-14T14:42:09.276+0000] {dag.py:2941} INFO - Sync 1 DAGs
[2025-02-14T14:42:09.300+0000] {logging_mixin.py:154} INFO - [2025-02-14T14:42:09.299+0000] {dag.py:3722} INFO - Setting next_dagrun for example_branch_operator to 2025-02-13T00:00:00+00:00, run_after=2025-02-14T00:00:00+00:00
[2025-02-14T14:42:09.317+0000] {processor.py:179} INFO - Processing /home/airflow/.local/lib/python3.8/site-packages/airflow/example_dags/example_branch_operator.py took 0.092 seconds
[2025-02-14T14:42:39.712+0000] {processor.py:157} INFO - Started process (PID=2292) to work on /home/airflow/.local/lib/python3.8/site-packages/airflow/example_dags/example_branch_operator.py
[2025-02-14T14:42:39.717+0000] {processor.py:829} INFO - Processing file /home/airflow/.local/lib/python3.8/site-packages/airflow/example_dags/example_branch_operator.py for tasks to queue
[2025-02-14T14:42:39.721+0000] {logging_mixin.py:154} INFO - [2025-02-14T14:42:39.719+0000] {dagbag.py:536} INFO - Filling up the DagBag from /home/airflow/.local/lib/python3.8/site-packages/airflow/example_dags/example_branch_operator.py
[2025-02-14T14:42:39.758+0000] {processor.py:839} INFO - DAG(s) dict_keys(['example_branch_operator']) retrieved from /home/airflow/.local/lib/python3.8/site-packages/airflow/example_dags/example_branch_operator.py
[2025-02-14T14:42:39.832+0000] {logging_mixin.py:154} INFO - [2025-02-14T14:42:39.832+0000] {dag.py:2941} INFO - Sync 1 DAGs
[2025-02-14T14:42:39.898+0000] {logging_mixin.py:154} INFO - [2025-02-14T14:42:39.898+0000] {dag.py:3722} INFO - Setting next_dagrun for example_branch_operator to 2025-02-13T00:00:00+00:00, run_after=2025-02-14T00:00:00+00:00
[2025-02-14T14:42:39.958+0000] {processor.py:179} INFO - Processing /home/airflow/.local/lib/python3.8/site-packages/airflow/example_dags/example_branch_operator.py took 0.261 seconds
[2025-02-14T14:43:10.020+0000] {processor.py:157} INFO - Started process (PID=2525) to work on /home/airflow/.local/lib/python3.8/site-packages/airflow/example_dags/example_branch_operator.py
[2025-02-14T14:43:10.021+0000] {processor.py:829} INFO - Processing file /home/airflow/.local/lib/python3.8/site-packages/airflow/example_dags/example_branch_operator.py for tasks to queue
[2025-02-14T14:43:10.022+0000] {logging_mixin.py:154} INFO - [2025-02-14T14:43:10.022+0000] {dagbag.py:536} INFO - Filling up the DagBag from /home/airflow/.local/lib/python3.8/site-packages/airflow/example_dags/example_branch_operator.py
[2025-02-14T14:43:10.032+0000] {processor.py:839} INFO - DAG(s) dict_keys(['example_branch_operator']) retrieved from /home/airflow/.local/lib/python3.8/site-packages/airflow/example_dags/example_branch_operator.py
[2025-02-14T14:43:10.058+0000] {logging_mixin.py:154} INFO - [2025-02-14T14:43:10.057+0000] {dag.py:2941} INFO - Sync 1 DAGs
[2025-02-14T14:43:10.078+0000] {logging_mixin.py:154} INFO - [2025-02-14T14:43:10.078+0000] {dag.py:3722} INFO - Setting next_dagrun for example_branch_operator to 2025-02-13T00:00:00+00:00, run_after=2025-02-14T00:00:00+00:00
[2025-02-14T14:43:10.094+0000] {processor.py:179} INFO - Processing /home/airflow/.local/lib/python3.8/site-packages/airflow/example_dags/example_branch_operator.py took 0.078 seconds
[2025-02-14T14:43:40.876+0000] {processor.py:157} INFO - Started process (PID=2761) to work on /home/airflow/.local/lib/python3.8/site-packages/airflow/example_dags/example_branch_operator.py
[2025-02-14T14:43:40.879+0000] {processor.py:829} INFO - Processing file /home/airflow/.local/lib/python3.8/site-packages/airflow/example_dags/example_branch_operator.py for tasks to queue
[2025-02-14T14:43:40.881+0000] {logging_mixin.py:154} INFO - [2025-02-14T14:43:40.880+0000] {dagbag.py:536} INFO - Filling up the DagBag from /home/airflow/.local/lib/python3.8/site-packages/airflow/example_dags/example_branch_operator.py
[2025-02-14T14:43:40.913+0000] {processor.py:839} INFO - DAG(s) dict_keys(['example_branch_operator']) retrieved from /home/airflow/.local/lib/python3.8/site-packages/airflow/example_dags/example_branch_operator.py
[2025-02-14T14:43:40.984+0000] {logging_mixin.py:154} INFO - [2025-02-14T14:43:40.984+0000] {dag.py:2941} INFO - Sync 1 DAGs
[2025-02-14T14:43:41.066+0000] {logging_mixin.py:154} INFO - [2025-02-14T14:43:41.066+0000] {dag.py:3722} INFO - Setting next_dagrun for example_branch_operator to 2025-02-13T00:00:00+00:00, run_after=2025-02-14T00:00:00+00:00
[2025-02-14T14:43:41.152+0000] {processor.py:179} INFO - Processing /home/airflow/.local/lib/python3.8/site-packages/airflow/example_dags/example_branch_operator.py took 0.295 seconds
[2025-02-14T14:44:11.923+0000] {processor.py:157} INFO - Started process (PID=2998) to work on /home/airflow/.local/lib/python3.8/site-packages/airflow/example_dags/example_branch_operator.py
[2025-02-14T14:44:11.928+0000] {processor.py:829} INFO - Processing file /home/airflow/.local/lib/python3.8/site-packages/airflow/example_dags/example_branch_operator.py for tasks to queue
[2025-02-14T14:44:11.931+0000] {logging_mixin.py:154} INFO - [2025-02-14T14:44:11.930+0000] {dagbag.py:536} INFO - Filling up the DagBag from /home/airflow/.local/lib/python3.8/site-packages/airflow/example_dags/example_branch_operator.py
[2025-02-14T14:44:11.982+0000] {processor.py:839} INFO - DAG(s) dict_keys(['example_branch_operator']) retrieved from /home/airflow/.local/lib/python3.8/site-packages/airflow/example_dags/example_branch_operator.py
[2025-02-14T14:44:12.059+0000] {logging_mixin.py:154} INFO - [2025-02-14T14:44:12.058+0000] {dag.py:2941} INFO - Sync 1 DAGs
[2025-02-14T14:44:12.148+0000] {logging_mixin.py:154} INFO - [2025-02-14T14:44:12.147+0000] {dag.py:3722} INFO - Setting next_dagrun for example_branch_operator to 2025-02-13T00:00:00+00:00, run_after=2025-02-14T00:00:00+00:00
[2025-02-14T14:44:12.188+0000] {processor.py:179} INFO - Processing /home/airflow/.local/lib/python3.8/site-packages/airflow/example_dags/example_branch_operator.py took 0.283 seconds
[2025-02-14T14:44:42.343+0000] {processor.py:157} INFO - Started process (PID=3253) to work on /home/airflow/.local/lib/python3.8/site-packages/airflow/example_dags/example_branch_operator.py
[2025-02-14T14:44:42.346+0000] {processor.py:829} INFO - Processing file /home/airflow/.local/lib/python3.8/site-packages/airflow/example_dags/example_branch_operator.py for tasks to queue
[2025-02-14T14:44:42.349+0000] {logging_mixin.py:154} INFO - [2025-02-14T14:44:42.348+0000] {dagbag.py:536} INFO - Filling up the DagBag from /home/airflow/.local/lib/python3.8/site-packages/airflow/example_dags/example_branch_operator.py
[2025-02-14T14:44:42.381+0000] {processor.py:839} INFO - DAG(s) dict_keys(['example_branch_operator']) retrieved from /home/airflow/.local/lib/python3.8/site-packages/airflow/example_dags/example_branch_operator.py
[2025-02-14T14:44:42.466+0000] {logging_mixin.py:154} INFO - [2025-02-14T14:44:42.464+0000] {dag.py:2941} INFO - Sync 1 DAGs
[2025-02-14T14:44:42.540+0000] {logging_mixin.py:154} INFO - [2025-02-14T14:44:42.540+0000] {dag.py:3722} INFO - Setting next_dagrun for example_branch_operator to 2025-02-13T00:00:00+00:00, run_after=2025-02-14T00:00:00+00:00
[2025-02-14T14:44:42.593+0000] {processor.py:179} INFO - Processing /home/airflow/.local/lib/python3.8/site-packages/airflow/example_dags/example_branch_operator.py took 0.260 seconds
[2025-02-14T14:45:13.026+0000] {processor.py:157} INFO - Started process (PID=3507) to work on /home/airflow/.local/lib/python3.8/site-packages/airflow/example_dags/example_branch_operator.py
[2025-02-14T14:45:13.030+0000] {processor.py:829} INFO - Processing file /home/airflow/.local/lib/python3.8/site-packages/airflow/example_dags/example_branch_operator.py for tasks to queue
[2025-02-14T14:45:13.032+0000] {logging_mixin.py:154} INFO - [2025-02-14T14:45:13.031+0000] {dagbag.py:536} INFO - Filling up the DagBag from /home/airflow/.local/lib/python3.8/site-packages/airflow/example_dags/example_branch_operator.py
[2025-02-14T14:45:13.066+0000] {processor.py:839} INFO - DAG(s) dict_keys(['example_branch_operator']) retrieved from /home/airflow/.local/lib/python3.8/site-packages/airflow/example_dags/example_branch_operator.py
[2025-02-14T14:45:13.145+0000] {logging_mixin.py:154} INFO - [2025-02-14T14:45:13.144+0000] {dag.py:2941} INFO - Sync 1 DAGs
[2025-02-14T14:45:13.228+0000] {logging_mixin.py:154} INFO - [2025-02-14T14:45:13.228+0000] {dag.py:3722} INFO - Setting next_dagrun for example_branch_operator to 2025-02-13T00:00:00+00:00, run_after=2025-02-14T00:00:00+00:00
[2025-02-14T14:45:13.280+0000] {processor.py:179} INFO - Processing /home/airflow/.local/lib/python3.8/site-packages/airflow/example_dags/example_branch_operator.py took 0.261 seconds
[2025-02-14T14:45:43.679+0000] {processor.py:157} INFO - Started process (PID=3745) to work on /home/airflow/.local/lib/python3.8/site-packages/airflow/example_dags/example_branch_operator.py
[2025-02-14T14:45:43.682+0000] {processor.py:829} INFO - Processing file /home/airflow/.local/lib/python3.8/site-packages/airflow/example_dags/example_branch_operator.py for tasks to queue
[2025-02-14T14:45:43.686+0000] {logging_mixin.py:154} INFO - [2025-02-14T14:45:43.684+0000] {dagbag.py:536} INFO - Filling up the DagBag from /home/airflow/.local/lib/python3.8/site-packages/airflow/example_dags/example_branch_operator.py
[2025-02-14T14:45:43.724+0000] {processor.py:839} INFO - DAG(s) dict_keys(['example_branch_operator']) retrieved from /home/airflow/.local/lib/python3.8/site-packages/airflow/example_dags/example_branch_operator.py
[2025-02-14T14:45:43.829+0000] {logging_mixin.py:154} INFO - [2025-02-14T14:45:43.829+0000] {dag.py:2941} INFO - Sync 1 DAGs
[2025-02-14T14:45:43.912+0000] {logging_mixin.py:154} INFO - [2025-02-14T14:45:43.911+0000] {dag.py:3722} INFO - Setting next_dagrun for example_branch_operator to 2025-02-13T00:00:00+00:00, run_after=2025-02-14T00:00:00+00:00
[2025-02-14T14:45:43.969+0000] {processor.py:179} INFO - Processing /home/airflow/.local/lib/python3.8/site-packages/airflow/example_dags/example_branch_operator.py took 0.301 seconds
[2025-02-14T14:46:14.501+0000] {processor.py:157} INFO - Started process (PID=3983) to work on /home/airflow/.local/lib/python3.8/site-packages/airflow/example_dags/example_branch_operator.py
[2025-02-14T14:46:14.507+0000] {processor.py:829} INFO - Processing file /home/airflow/.local/lib/python3.8/site-packages/airflow/example_dags/example_branch_operator.py for tasks to queue
[2025-02-14T14:46:14.510+0000] {logging_mixin.py:154} INFO - [2025-02-14T14:46:14.508+0000] {dagbag.py:536} INFO - Filling up the DagBag from /home/airflow/.local/lib/python3.8/site-packages/airflow/example_dags/example_branch_operator.py
[2025-02-14T14:46:14.558+0000] {processor.py:839} INFO - DAG(s) dict_keys(['example_branch_operator']) retrieved from /home/airflow/.local/lib/python3.8/site-packages/airflow/example_dags/example_branch_operator.py
[2025-02-14T14:46:14.639+0000] {logging_mixin.py:154} INFO - [2025-02-14T14:46:14.638+0000] {dag.py:2941} INFO - Sync 1 DAGs
[2025-02-14T14:46:14.742+0000] {logging_mixin.py:154} INFO - [2025-02-14T14:46:14.742+0000] {dag.py:3722} INFO - Setting next_dagrun for example_branch_operator to 2025-02-13T00:00:00+00:00, run_after=2025-02-14T00:00:00+00:00
[2025-02-14T14:46:14.838+0000] {processor.py:179} INFO - Processing /home/airflow/.local/lib/python3.8/site-packages/airflow/example_dags/example_branch_operator.py took 0.353 seconds
[2025-02-14T14:46:45.903+0000] {processor.py:157} INFO - Started process (PID=4222) to work on /home/airflow/.local/lib/python3.8/site-packages/airflow/example_dags/example_branch_operator.py
[2025-02-14T14:46:45.906+0000] {processor.py:829} INFO - Processing file /home/airflow/.local/lib/python3.8/site-packages/airflow/example_dags/example_branch_operator.py for tasks to queue
[2025-02-14T14:46:45.909+0000] {logging_mixin.py:154} INFO - [2025-02-14T14:46:45.908+0000] {dagbag.py:536} INFO - Filling up the DagBag from /home/airflow/.local/lib/python3.8/site-packages/airflow/example_dags/example_branch_operator.py
[2025-02-14T14:46:45.938+0000] {processor.py:839} INFO - DAG(s) dict_keys(['example_branch_operator']) retrieved from /home/airflow/.local/lib/python3.8/site-packages/airflow/example_dags/example_branch_operator.py
[2025-02-14T14:46:46.026+0000] {logging_mixin.py:154} INFO - [2025-02-14T14:46:46.026+0000] {dag.py:2941} INFO - Sync 1 DAGs
[2025-02-14T14:46:46.096+0000] {logging_mixin.py:154} INFO - [2025-02-14T14:46:46.096+0000] {dag.py:3722} INFO - Setting next_dagrun for example_branch_operator to 2025-02-13T00:00:00+00:00, run_after=2025-02-14T00:00:00+00:00
[2025-02-14T14:46:46.162+0000] {processor.py:179} INFO - Processing /home/airflow/.local/lib/python3.8/site-packages/airflow/example_dags/example_branch_operator.py took 0.270 seconds
[2025-02-14T14:47:16.753+0000] {processor.py:157} INFO - Started process (PID=4458) to work on /home/airflow/.local/lib/python3.8/site-packages/airflow/example_dags/example_branch_operator.py
[2025-02-14T14:47:16.757+0000] {processor.py:829} INFO - Processing file /home/airflow/.local/lib/python3.8/site-packages/airflow/example_dags/example_branch_operator.py for tasks to queue
[2025-02-14T14:47:16.759+0000] {logging_mixin.py:154} INFO - [2025-02-14T14:47:16.758+0000] {dagbag.py:536} INFO - Filling up the DagBag from /home/airflow/.local/lib/python3.8/site-packages/airflow/example_dags/example_branch_operator.py
[2025-02-14T14:47:16.792+0000] {processor.py:839} INFO - DAG(s) dict_keys(['example_branch_operator']) retrieved from /home/airflow/.local/lib/python3.8/site-packages/airflow/example_dags/example_branch_operator.py
[2025-02-14T14:47:16.869+0000] {logging_mixin.py:154} INFO - [2025-02-14T14:47:16.869+0000] {dag.py:2941} INFO - Sync 1 DAGs
[2025-02-14T14:47:16.931+0000] {logging_mixin.py:154} INFO - [2025-02-14T14:47:16.930+0000] {dag.py:3722} INFO - Setting next_dagrun for example_branch_operator to 2025-02-13T00:00:00+00:00, run_after=2025-02-14T00:00:00+00:00
[2025-02-14T14:47:16.993+0000] {processor.py:179} INFO - Processing /home/airflow/.local/lib/python3.8/site-packages/airflow/example_dags/example_branch_operator.py took 0.250 seconds
[2025-02-14T14:47:49.033+0000] {processor.py:157} INFO - Started process (PID=4702) to work on /home/airflow/.local/lib/python3.8/site-packages/airflow/example_dags/example_branch_operator.py
[2025-02-14T14:47:49.036+0000] {processor.py:829} INFO - Processing file /home/airflow/.local/lib/python3.8/site-packages/airflow/example_dags/example_branch_operator.py for tasks to queue
[2025-02-14T14:47:49.038+0000] {logging_mixin.py:154} INFO - [2025-02-14T14:47:49.038+0000] {dagbag.py:536} INFO - Filling up the DagBag from /home/airflow/.local/lib/python3.8/site-packages/airflow/example_dags/example_branch_operator.py
[2025-02-14T14:47:49.072+0000] {processor.py:839} INFO - DAG(s) dict_keys(['example_branch_operator']) retrieved from /home/airflow/.local/lib/python3.8/site-packages/airflow/example_dags/example_branch_operator.py
[2025-02-14T14:47:49.159+0000] {logging_mixin.py:154} INFO - [2025-02-14T14:47:49.158+0000] {dag.py:2941} INFO - Sync 1 DAGs
[2025-02-14T14:47:49.240+0000] {logging_mixin.py:154} INFO - [2025-02-14T14:47:49.240+0000] {dag.py:3722} INFO - Setting next_dagrun for example_branch_operator to 2025-02-13T00:00:00+00:00, run_after=2025-02-14T00:00:00+00:00
[2025-02-14T14:47:49.293+0000] {processor.py:179} INFO - Processing /home/airflow/.local/lib/python3.8/site-packages/airflow/example_dags/example_branch_operator.py took 0.281 seconds
[2025-02-14T14:48:19.866+0000] {processor.py:157} INFO - Started process (PID=4946) to work on /home/airflow/.local/lib/python3.8/site-packages/airflow/example_dags/example_branch_operator.py
[2025-02-14T14:48:19.869+0000] {processor.py:829} INFO - Processing file /home/airflow/.local/lib/python3.8/site-packages/airflow/example_dags/example_branch_operator.py for tasks to queue
[2025-02-14T14:48:19.871+0000] {logging_mixin.py:154} INFO - [2025-02-14T14:48:19.870+0000] {dagbag.py:536} INFO - Filling up the DagBag from /home/airflow/.local/lib/python3.8/site-packages/airflow/example_dags/example_branch_operator.py
[2025-02-14T14:48:19.899+0000] {processor.py:839} INFO - DAG(s) dict_keys(['example_branch_operator']) retrieved from /home/airflow/.local/lib/python3.8/site-packages/airflow/example_dags/example_branch_operator.py
[2025-02-14T14:48:19.971+0000] {logging_mixin.py:154} INFO - [2025-02-14T14:48:19.970+0000] {dag.py:2941} INFO - Sync 1 DAGs
[2025-02-14T14:48:20.042+0000] {logging_mixin.py:154} INFO - [2025-02-14T14:48:20.041+0000] {dag.py:3722} INFO - Setting next_dagrun for example_branch_operator to 2025-02-13T00:00:00+00:00, run_after=2025-02-14T00:00:00+00:00
[2025-02-14T14:48:20.124+0000] {processor.py:179} INFO - Processing /home/airflow/.local/lib/python3.8/site-packages/airflow/example_dags/example_branch_operator.py took 0.270 seconds
[2025-02-14T14:48:50.985+0000] {processor.py:157} INFO - Started process (PID=5186) to work on /home/airflow/.local/lib/python3.8/site-packages/airflow/example_dags/example_branch_operator.py
[2025-02-14T14:48:50.988+0000] {processor.py:829} INFO - Processing file /home/airflow/.local/lib/python3.8/site-packages/airflow/example_dags/example_branch_operator.py for tasks to queue
[2025-02-14T14:48:50.990+0000] {logging_mixin.py:154} INFO - [2025-02-14T14:48:50.989+0000] {dagbag.py:536} INFO - Filling up the DagBag from /home/airflow/.local/lib/python3.8/site-packages/airflow/example_dags/example_branch_operator.py
[2025-02-14T14:48:51.011+0000] {processor.py:839} INFO - DAG(s) dict_keys(['example_branch_operator']) retrieved from /home/airflow/.local/lib/python3.8/site-packages/airflow/example_dags/example_branch_operator.py
[2025-02-14T14:48:51.094+0000] {logging_mixin.py:154} INFO - [2025-02-14T14:48:51.093+0000] {dag.py:2941} INFO - Sync 1 DAGs
[2025-02-14T14:48:51.178+0000] {logging_mixin.py:154} INFO - [2025-02-14T14:48:51.177+0000] {dag.py:3722} INFO - Setting next_dagrun for example_branch_operator to 2025-02-13T00:00:00+00:00, run_after=2025-02-14T00:00:00+00:00
[2025-02-14T14:48:51.237+0000] {processor.py:179} INFO - Processing /home/airflow/.local/lib/python3.8/site-packages/airflow/example_dags/example_branch_operator.py took 0.260 seconds
[2025-02-14T14:49:22.167+0000] {processor.py:157} INFO - Started process (PID=5426) to work on /home/airflow/.local/lib/python3.8/site-packages/airflow/example_dags/example_branch_operator.py
[2025-02-14T14:49:22.169+0000] {processor.py:829} INFO - Processing file /home/airflow/.local/lib/python3.8/site-packages/airflow/example_dags/example_branch_operator.py for tasks to queue
[2025-02-14T14:49:22.171+0000] {logging_mixin.py:154} INFO - [2025-02-14T14:49:22.170+0000] {dagbag.py:536} INFO - Filling up the DagBag from /home/airflow/.local/lib/python3.8/site-packages/airflow/example_dags/example_branch_operator.py
[2025-02-14T14:49:22.212+0000] {processor.py:839} INFO - DAG(s) dict_keys(['example_branch_operator']) retrieved from /home/airflow/.local/lib/python3.8/site-packages/airflow/example_dags/example_branch_operator.py
[2025-02-14T14:49:22.286+0000] {logging_mixin.py:154} INFO - [2025-02-14T14:49:22.285+0000] {dag.py:2941} INFO - Sync 1 DAGs
[2025-02-14T14:49:22.384+0000] {logging_mixin.py:154} INFO - [2025-02-14T14:49:22.384+0000] {dag.py:3722} INFO - Setting next_dagrun for example_branch_operator to 2025-02-13T00:00:00+00:00, run_after=2025-02-14T00:00:00+00:00
[2025-02-14T14:49:22.438+0000] {processor.py:179} INFO - Processing /home/airflow/.local/lib/python3.8/site-packages/airflow/example_dags/example_branch_operator.py took 0.282 seconds
[2025-02-14T14:49:53.413+0000] {processor.py:157} INFO - Started process (PID=5665) to work on /home/airflow/.local/lib/python3.8/site-packages/airflow/example_dags/example_branch_operator.py
[2025-02-14T14:49:53.416+0000] {processor.py:829} INFO - Processing file /home/airflow/.local/lib/python3.8/site-packages/airflow/example_dags/example_branch_operator.py for tasks to queue
[2025-02-14T14:49:53.421+0000] {logging_mixin.py:154} INFO - [2025-02-14T14:49:53.417+0000] {dagbag.py:536} INFO - Filling up the DagBag from /home/airflow/.local/lib/python3.8/site-packages/airflow/example_dags/example_branch_operator.py
[2025-02-14T14:49:53.453+0000] {processor.py:839} INFO - DAG(s) dict_keys(['example_branch_operator']) retrieved from /home/airflow/.local/lib/python3.8/site-packages/airflow/example_dags/example_branch_operator.py
[2025-02-14T14:49:53.527+0000] {logging_mixin.py:154} INFO - [2025-02-14T14:49:53.526+0000] {dag.py:2941} INFO - Sync 1 DAGs
[2025-02-14T14:49:53.615+0000] {logging_mixin.py:154} INFO - [2025-02-14T14:49:53.615+0000] {dag.py:3722} INFO - Setting next_dagrun for example_branch_operator to 2025-02-13T00:00:00+00:00, run_after=2025-02-14T00:00:00+00:00
[2025-02-14T14:49:53.668+0000] {processor.py:179} INFO - Processing /home/airflow/.local/lib/python3.8/site-packages/airflow/example_dags/example_branch_operator.py took 0.266 seconds
[2025-02-14T14:50:25.011+0000] {processor.py:157} INFO - Started process (PID=5909) to work on /home/airflow/.local/lib/python3.8/site-packages/airflow/example_dags/example_branch_operator.py
[2025-02-14T14:50:25.017+0000] {processor.py:829} INFO - Processing file /home/airflow/.local/lib/python3.8/site-packages/airflow/example_dags/example_branch_operator.py for tasks to queue
[2025-02-14T14:50:25.024+0000] {logging_mixin.py:154} INFO - [2025-02-14T14:50:25.019+0000] {dagbag.py:536} INFO - Filling up the DagBag from /home/airflow/.local/lib/python3.8/site-packages/airflow/example_dags/example_branch_operator.py
[2025-02-14T14:50:25.121+0000] {processor.py:839} INFO - DAG(s) dict_keys(['example_branch_operator']) retrieved from /home/airflow/.local/lib/python3.8/site-packages/airflow/example_dags/example_branch_operator.py
[2025-02-14T14:50:25.248+0000] {logging_mixin.py:154} INFO - [2025-02-14T14:50:25.248+0000] {dag.py:2941} INFO - Sync 1 DAGs
[2025-02-14T14:50:25.332+0000] {logging_mixin.py:154} INFO - [2025-02-14T14:50:25.331+0000] {dag.py:3722} INFO - Setting next_dagrun for example_branch_operator to 2025-02-13T00:00:00+00:00, run_after=2025-02-14T00:00:00+00:00
[2025-02-14T14:50:25.387+0000] {processor.py:179} INFO - Processing /home/airflow/.local/lib/python3.8/site-packages/airflow/example_dags/example_branch_operator.py took 0.397 seconds
[2025-02-14T14:50:55.604+0000] {processor.py:157} INFO - Started process (PID=6144) to work on /home/airflow/.local/lib/python3.8/site-packages/airflow/example_dags/example_branch_operator.py
[2025-02-14T14:50:55.606+0000] {processor.py:829} INFO - Processing file /home/airflow/.local/lib/python3.8/site-packages/airflow/example_dags/example_branch_operator.py for tasks to queue
[2025-02-14T14:50:55.608+0000] {logging_mixin.py:154} INFO - [2025-02-14T14:50:55.608+0000] {dagbag.py:536} INFO - Filling up the DagBag from /home/airflow/.local/lib/python3.8/site-packages/airflow/example_dags/example_branch_operator.py
[2025-02-14T14:50:55.633+0000] {processor.py:839} INFO - DAG(s) dict_keys(['example_branch_operator']) retrieved from /home/airflow/.local/lib/python3.8/site-packages/airflow/example_dags/example_branch_operator.py
[2025-02-14T14:50:55.709+0000] {logging_mixin.py:154} INFO - [2025-02-14T14:50:55.709+0000] {dag.py:2941} INFO - Sync 1 DAGs
[2025-02-14T14:50:55.796+0000] {logging_mixin.py:154} INFO - [2025-02-14T14:50:55.795+0000] {dag.py:3722} INFO - Setting next_dagrun for example_branch_operator to 2025-02-13T00:00:00+00:00, run_after=2025-02-14T00:00:00+00:00
[2025-02-14T14:50:55.855+0000] {processor.py:179} INFO - Processing /home/airflow/.local/lib/python3.8/site-packages/airflow/example_dags/example_branch_operator.py took 0.261 seconds
[2025-02-14T14:51:26.046+0000] {processor.py:157} INFO - Started process (PID=6380) to work on /home/airflow/.local/lib/python3.8/site-packages/airflow/example_dags/example_branch_operator.py
[2025-02-14T14:51:26.048+0000] {processor.py:829} INFO - Processing file /home/airflow/.local/lib/python3.8/site-packages/airflow/example_dags/example_branch_operator.py for tasks to queue
[2025-02-14T14:51:26.050+0000] {logging_mixin.py:154} INFO - [2025-02-14T14:51:26.050+0000] {dagbag.py:536} INFO - Filling up the DagBag from /home/airflow/.local/lib/python3.8/site-packages/airflow/example_dags/example_branch_operator.py
[2025-02-14T14:51:26.088+0000] {processor.py:839} INFO - DAG(s) dict_keys(['example_branch_operator']) retrieved from /home/airflow/.local/lib/python3.8/site-packages/airflow/example_dags/example_branch_operator.py
[2025-02-14T14:51:26.171+0000] {logging_mixin.py:154} INFO - [2025-02-14T14:51:26.170+0000] {dag.py:2941} INFO - Sync 1 DAGs
[2025-02-14T14:51:26.267+0000] {logging_mixin.py:154} INFO - [2025-02-14T14:51:26.267+0000] {dag.py:3722} INFO - Setting next_dagrun for example_branch_operator to 2025-02-13T00:00:00+00:00, run_after=2025-02-14T00:00:00+00:00
[2025-02-14T14:51:26.336+0000] {processor.py:179} INFO - Processing /home/airflow/.local/lib/python3.8/site-packages/airflow/example_dags/example_branch_operator.py took 0.302 seconds
[2025-02-14T14:51:57.575+0000] {processor.py:157} INFO - Started process (PID=6618) to work on /home/airflow/.local/lib/python3.8/site-packages/airflow/example_dags/example_branch_operator.py
[2025-02-14T14:51:57.581+0000] {processor.py:829} INFO - Processing file /home/airflow/.local/lib/python3.8/site-packages/airflow/example_dags/example_branch_operator.py for tasks to queue
[2025-02-14T14:51:57.585+0000] {logging_mixin.py:154} INFO - [2025-02-14T14:51:57.584+0000] {dagbag.py:536} INFO - Filling up the DagBag from /home/airflow/.local/lib/python3.8/site-packages/airflow/example_dags/example_branch_operator.py
[2025-02-14T14:51:57.627+0000] {processor.py:839} INFO - DAG(s) dict_keys(['example_branch_operator']) retrieved from /home/airflow/.local/lib/python3.8/site-packages/airflow/example_dags/example_branch_operator.py
[2025-02-14T14:51:57.761+0000] {logging_mixin.py:154} INFO - [2025-02-14T14:51:57.760+0000] {dag.py:2941} INFO - Sync 1 DAGs
[2025-02-14T14:51:57.896+0000] {logging_mixin.py:154} INFO - [2025-02-14T14:51:57.892+0000] {dag.py:3722} INFO - Setting next_dagrun for example_branch_operator to 2025-02-13T00:00:00+00:00, run_after=2025-02-14T00:00:00+00:00
[2025-02-14T14:51:57.949+0000] {processor.py:179} INFO - Processing /home/airflow/.local/lib/python3.8/site-packages/airflow/example_dags/example_branch_operator.py took 0.408 seconds
[2025-02-14T14:52:28.507+0000] {processor.py:157} INFO - Started process (PID=6856) to work on /home/airflow/.local/lib/python3.8/site-packages/airflow/example_dags/example_branch_operator.py
[2025-02-14T14:52:28.513+0000] {processor.py:829} INFO - Processing file /home/airflow/.local/lib/python3.8/site-packages/airflow/example_dags/example_branch_operator.py for tasks to queue
[2025-02-14T14:52:28.515+0000] {logging_mixin.py:154} INFO - [2025-02-14T14:52:28.514+0000] {dagbag.py:536} INFO - Filling up the DagBag from /home/airflow/.local/lib/python3.8/site-packages/airflow/example_dags/example_branch_operator.py
[2025-02-14T14:52:28.553+0000] {processor.py:839} INFO - DAG(s) dict_keys(['example_branch_operator']) retrieved from /home/airflow/.local/lib/python3.8/site-packages/airflow/example_dags/example_branch_operator.py
[2025-02-14T14:52:28.632+0000] {logging_mixin.py:154} INFO - [2025-02-14T14:52:28.631+0000] {dag.py:2941} INFO - Sync 1 DAGs
[2025-02-14T14:52:28.718+0000] {logging_mixin.py:154} INFO - [2025-02-14T14:52:28.718+0000] {dag.py:3722} INFO - Setting next_dagrun for example_branch_operator to 2025-02-13T00:00:00+00:00, run_after=2025-02-14T00:00:00+00:00
[2025-02-14T14:52:28.793+0000] {processor.py:179} INFO - Processing /home/airflow/.local/lib/python3.8/site-packages/airflow/example_dags/example_branch_operator.py took 0.298 seconds
[2025-02-14T14:52:59.701+0000] {processor.py:157} INFO - Started process (PID=7094) to work on /home/airflow/.local/lib/python3.8/site-packages/airflow/example_dags/example_branch_operator.py
[2025-02-14T14:52:59.707+0000] {processor.py:829} INFO - Processing file /home/airflow/.local/lib/python3.8/site-packages/airflow/example_dags/example_branch_operator.py for tasks to queue
[2025-02-14T14:52:59.709+0000] {logging_mixin.py:154} INFO - [2025-02-14T14:52:59.708+0000] {dagbag.py:536} INFO - Filling up the DagBag from /home/airflow/.local/lib/python3.8/site-packages/airflow/example_dags/example_branch_operator.py
[2025-02-14T14:52:59.740+0000] {processor.py:839} INFO - DAG(s) dict_keys(['example_branch_operator']) retrieved from /home/airflow/.local/lib/python3.8/site-packages/airflow/example_dags/example_branch_operator.py
[2025-02-14T14:52:59.844+0000] {logging_mixin.py:154} INFO - [2025-02-14T14:52:59.843+0000] {dag.py:2941} INFO - Sync 1 DAGs
[2025-02-14T14:52:59.943+0000] {logging_mixin.py:154} INFO - [2025-02-14T14:52:59.943+0000] {dag.py:3722} INFO - Setting next_dagrun for example_branch_operator to 2025-02-13T00:00:00+00:00, run_after=2025-02-14T00:00:00+00:00
[2025-02-14T14:53:00.011+0000] {processor.py:179} INFO - Processing /home/airflow/.local/lib/python3.8/site-packages/airflow/example_dags/example_branch_operator.py took 0.325 seconds
[2025-02-14T14:53:30.792+0000] {processor.py:157} INFO - Started process (PID=7331) to work on /home/airflow/.local/lib/python3.8/site-packages/airflow/example_dags/example_branch_operator.py
[2025-02-14T14:53:30.795+0000] {processor.py:829} INFO - Processing file /home/airflow/.local/lib/python3.8/site-packages/airflow/example_dags/example_branch_operator.py for tasks to queue
[2025-02-14T14:53:30.797+0000] {logging_mixin.py:154} INFO - [2025-02-14T14:53:30.796+0000] {dagbag.py:536} INFO - Filling up the DagBag from /home/airflow/.local/lib/python3.8/site-packages/airflow/example_dags/example_branch_operator.py
[2025-02-14T14:53:30.823+0000] {processor.py:839} INFO - DAG(s) dict_keys(['example_branch_operator']) retrieved from /home/airflow/.local/lib/python3.8/site-packages/airflow/example_dags/example_branch_operator.py
[2025-02-14T14:53:30.897+0000] {logging_mixin.py:154} INFO - [2025-02-14T14:53:30.897+0000] {dag.py:2941} INFO - Sync 1 DAGs
[2025-02-14T14:53:30.968+0000] {logging_mixin.py:154} INFO - [2025-02-14T14:53:30.968+0000] {dag.py:3722} INFO - Setting next_dagrun for example_branch_operator to 2025-02-13T00:00:00+00:00, run_after=2025-02-14T00:00:00+00:00
[2025-02-14T14:53:31.022+0000] {processor.py:179} INFO - Processing /home/airflow/.local/lib/python3.8/site-packages/airflow/example_dags/example_branch_operator.py took 0.240 seconds
[2025-02-14T14:54:01.293+0000] {processor.py:157} INFO - Started process (PID=7566) to work on /home/airflow/.local/lib/python3.8/site-packages/airflow/example_dags/example_branch_operator.py
[2025-02-14T14:54:01.295+0000] {processor.py:829} INFO - Processing file /home/airflow/.local/lib/python3.8/site-packages/airflow/example_dags/example_branch_operator.py for tasks to queue
[2025-02-14T14:54:01.296+0000] {logging_mixin.py:154} INFO - [2025-02-14T14:54:01.295+0000] {dagbag.py:536} INFO - Filling up the DagBag from /home/airflow/.local/lib/python3.8/site-packages/airflow/example_dags/example_branch_operator.py
[2025-02-14T14:54:01.316+0000] {processor.py:839} INFO - DAG(s) dict_keys(['example_branch_operator']) retrieved from /home/airflow/.local/lib/python3.8/site-packages/airflow/example_dags/example_branch_operator.py
[2025-02-14T14:54:01.394+0000] {logging_mixin.py:154} INFO - [2025-02-14T14:54:01.394+0000] {dag.py:2941} INFO - Sync 1 DAGs
[2025-02-14T14:54:01.478+0000] {logging_mixin.py:154} INFO - [2025-02-14T14:54:01.477+0000] {dag.py:3722} INFO - Setting next_dagrun for example_branch_operator to 2025-02-13T00:00:00+00:00, run_after=2025-02-14T00:00:00+00:00
[2025-02-14T14:54:01.538+0000] {processor.py:179} INFO - Processing /home/airflow/.local/lib/python3.8/site-packages/airflow/example_dags/example_branch_operator.py took 0.253 seconds
