[2025-02-14T14:38:27.641+0000] {processor.py:157} INFO - Started process (PID=322) to work on /home/airflow/.local/lib/python3.8/site-packages/airflow/example_dags/example_trigger_controller_dag.py
[2025-02-14T14:38:27.667+0000] {processor.py:829} INFO - Processing file /home/airflow/.local/lib/python3.8/site-packages/airflow/example_dags/example_trigger_controller_dag.py for tasks to queue
[2025-02-14T14:38:27.686+0000] {logging_mixin.py:154} INFO - [2025-02-14T14:38:27.680+0000] {dagbag.py:536} INFO - Filling up the DagBag from /home/airflow/.local/lib/python3.8/site-packages/airflow/example_dags/example_trigger_controller_dag.py
[2025-02-14T14:38:27.770+0000] {processor.py:839} INFO - DAG(s) dict_keys(['example_trigger_controller_dag']) retrieved from /home/airflow/.local/lib/python3.8/site-packages/airflow/example_dags/example_trigger_controller_dag.py
[2025-02-14T14:38:28.188+0000] {logging_mixin.py:154} INFO - [2025-02-14T14:38:28.188+0000] {manager.py:499} INFO - Created Permission View: %s
[2025-02-14T14:38:28.219+0000] {logging_mixin.py:154} INFO - [2025-02-14T14:38:28.219+0000] {manager.py:499} INFO - Created Permission View: %s
[2025-02-14T14:38:28.282+0000] {logging_mixin.py:154} INFO - [2025-02-14T14:38:28.281+0000] {manager.py:499} INFO - Created Permission View: %s
[2025-02-14T14:38:28.283+0000] {logging_mixin.py:154} INFO - [2025-02-14T14:38:28.282+0000] {dag.py:2941} INFO - Sync 1 DAGs
[2025-02-14T14:38:28.326+0000] {logging_mixin.py:154} INFO - [2025-02-14T14:38:28.326+0000] {dag.py:2963} INFO - Creating ORM DAG for example_trigger_controller_dag
[2025-02-14T14:38:28.392+0000] {logging_mixin.py:154} INFO - [2025-02-14T14:38:28.390+0000] {dag.py:3722} INFO - Setting next_dagrun for example_trigger_controller_dag to 2021-01-01T00:00:00+00:00, run_after=2021-01-01T00:00:00+00:00
[2025-02-14T14:38:28.563+0000] {processor.py:179} INFO - Processing /home/airflow/.local/lib/python3.8/site-packages/airflow/example_dags/example_trigger_controller_dag.py took 1.007 seconds
[2025-02-14T14:38:59.876+0000] {processor.py:157} INFO - Started process (PID=560) to work on /home/airflow/.local/lib/python3.8/site-packages/airflow/example_dags/example_trigger_controller_dag.py
[2025-02-14T14:38:59.878+0000] {processor.py:829} INFO - Processing file /home/airflow/.local/lib/python3.8/site-packages/airflow/example_dags/example_trigger_controller_dag.py for tasks to queue
[2025-02-14T14:38:59.880+0000] {logging_mixin.py:154} INFO - [2025-02-14T14:38:59.880+0000] {dagbag.py:536} INFO - Filling up the DagBag from /home/airflow/.local/lib/python3.8/site-packages/airflow/example_dags/example_trigger_controller_dag.py
[2025-02-14T14:38:59.891+0000] {processor.py:839} INFO - DAG(s) dict_keys(['example_trigger_controller_dag']) retrieved from /home/airflow/.local/lib/python3.8/site-packages/airflow/example_dags/example_trigger_controller_dag.py
[2025-02-14T14:38:59.963+0000] {logging_mixin.py:154} INFO - [2025-02-14T14:38:59.962+0000] {dag.py:2941} INFO - Sync 1 DAGs
[2025-02-14T14:39:00.066+0000] {logging_mixin.py:154} INFO - [2025-02-14T14:39:00.065+0000] {dag.py:3722} INFO - Setting next_dagrun for example_trigger_controller_dag to 2021-01-01T00:00:00+00:00, run_after=2021-01-01T00:00:00+00:00
[2025-02-14T14:39:00.130+0000] {processor.py:179} INFO - Processing /home/airflow/.local/lib/python3.8/site-packages/airflow/example_dags/example_trigger_controller_dag.py took 0.263 seconds
[2025-02-14T14:39:30.588+0000] {processor.py:157} INFO - Started process (PID=798) to work on /home/airflow/.local/lib/python3.8/site-packages/airflow/example_dags/example_trigger_controller_dag.py
[2025-02-14T14:39:30.591+0000] {processor.py:829} INFO - Processing file /home/airflow/.local/lib/python3.8/site-packages/airflow/example_dags/example_trigger_controller_dag.py for tasks to queue
[2025-02-14T14:39:30.593+0000] {logging_mixin.py:154} INFO - [2025-02-14T14:39:30.592+0000] {dagbag.py:536} INFO - Filling up the DagBag from /home/airflow/.local/lib/python3.8/site-packages/airflow/example_dags/example_trigger_controller_dag.py
[2025-02-14T14:39:30.607+0000] {processor.py:839} INFO - DAG(s) dict_keys(['example_trigger_controller_dag']) retrieved from /home/airflow/.local/lib/python3.8/site-packages/airflow/example_dags/example_trigger_controller_dag.py
[2025-02-14T14:39:30.690+0000] {logging_mixin.py:154} INFO - [2025-02-14T14:39:30.690+0000] {dag.py:2941} INFO - Sync 1 DAGs
[2025-02-14T14:39:30.762+0000] {logging_mixin.py:154} INFO - [2025-02-14T14:39:30.761+0000] {dag.py:3722} INFO - Setting next_dagrun for example_trigger_controller_dag to 2021-01-01T00:00:00+00:00, run_after=2021-01-01T00:00:00+00:00
[2025-02-14T14:39:30.814+0000] {processor.py:179} INFO - Processing /home/airflow/.local/lib/python3.8/site-packages/airflow/example_dags/example_trigger_controller_dag.py took 0.235 seconds
[2025-02-14T14:40:01.430+0000] {processor.py:157} INFO - Started process (PID=1036) to work on /home/airflow/.local/lib/python3.8/site-packages/airflow/example_dags/example_trigger_controller_dag.py
[2025-02-14T14:40:01.438+0000] {processor.py:829} INFO - Processing file /home/airflow/.local/lib/python3.8/site-packages/airflow/example_dags/example_trigger_controller_dag.py for tasks to queue
[2025-02-14T14:40:01.440+0000] {logging_mixin.py:154} INFO - [2025-02-14T14:40:01.439+0000] {dagbag.py:536} INFO - Filling up the DagBag from /home/airflow/.local/lib/python3.8/site-packages/airflow/example_dags/example_trigger_controller_dag.py
[2025-02-14T14:40:01.453+0000] {processor.py:839} INFO - DAG(s) dict_keys(['example_trigger_controller_dag']) retrieved from /home/airflow/.local/lib/python3.8/site-packages/airflow/example_dags/example_trigger_controller_dag.py
[2025-02-14T14:40:01.522+0000] {logging_mixin.py:154} INFO - [2025-02-14T14:40:01.521+0000] {dag.py:2941} INFO - Sync 1 DAGs
[2025-02-14T14:40:01.635+0000] {logging_mixin.py:154} INFO - [2025-02-14T14:40:01.634+0000] {dag.py:3722} INFO - Setting next_dagrun for example_trigger_controller_dag to 2021-01-01T00:00:00+00:00, run_after=2021-01-01T00:00:00+00:00
[2025-02-14T14:40:01.682+0000] {processor.py:179} INFO - Processing /home/airflow/.local/lib/python3.8/site-packages/airflow/example_dags/example_trigger_controller_dag.py took 0.268 seconds
[2025-02-14T14:40:33.039+0000] {processor.py:157} INFO - Started process (PID=1274) to work on /home/airflow/.local/lib/python3.8/site-packages/airflow/example_dags/example_trigger_controller_dag.py
[2025-02-14T14:40:33.044+0000] {processor.py:829} INFO - Processing file /home/airflow/.local/lib/python3.8/site-packages/airflow/example_dags/example_trigger_controller_dag.py for tasks to queue
[2025-02-14T14:40:33.047+0000] {logging_mixin.py:154} INFO - [2025-02-14T14:40:33.046+0000] {dagbag.py:536} INFO - Filling up the DagBag from /home/airflow/.local/lib/python3.8/site-packages/airflow/example_dags/example_trigger_controller_dag.py
[2025-02-14T14:40:33.069+0000] {processor.py:839} INFO - DAG(s) dict_keys(['example_trigger_controller_dag']) retrieved from /home/airflow/.local/lib/python3.8/site-packages/airflow/example_dags/example_trigger_controller_dag.py
[2025-02-14T14:40:33.141+0000] {logging_mixin.py:154} INFO - [2025-02-14T14:40:33.140+0000] {dag.py:2941} INFO - Sync 1 DAGs
[2025-02-14T14:40:33.200+0000] {logging_mixin.py:154} INFO - [2025-02-14T14:40:33.200+0000] {dag.py:3722} INFO - Setting next_dagrun for example_trigger_controller_dag to 2021-01-01T00:00:00+00:00, run_after=2021-01-01T00:00:00+00:00
[2025-02-14T14:40:33.258+0000] {processor.py:179} INFO - Processing /home/airflow/.local/lib/python3.8/site-packages/airflow/example_dags/example_trigger_controller_dag.py took 0.230 seconds
[2025-02-14T14:41:04.114+0000] {processor.py:157} INFO - Started process (PID=1514) to work on /home/airflow/.local/lib/python3.8/site-packages/airflow/example_dags/example_trigger_controller_dag.py
[2025-02-14T14:41:04.117+0000] {processor.py:829} INFO - Processing file /home/airflow/.local/lib/python3.8/site-packages/airflow/example_dags/example_trigger_controller_dag.py for tasks to queue
[2025-02-14T14:41:04.121+0000] {logging_mixin.py:154} INFO - [2025-02-14T14:41:04.120+0000] {dagbag.py:536} INFO - Filling up the DagBag from /home/airflow/.local/lib/python3.8/site-packages/airflow/example_dags/example_trigger_controller_dag.py
[2025-02-14T14:41:04.140+0000] {processor.py:839} INFO - DAG(s) dict_keys(['example_trigger_controller_dag']) retrieved from /home/airflow/.local/lib/python3.8/site-packages/airflow/example_dags/example_trigger_controller_dag.py
[2025-02-14T14:41:04.225+0000] {logging_mixin.py:154} INFO - [2025-02-14T14:41:04.225+0000] {dag.py:2941} INFO - Sync 1 DAGs
[2025-02-14T14:41:04.324+0000] {logging_mixin.py:154} INFO - [2025-02-14T14:41:04.323+0000] {dag.py:3722} INFO - Setting next_dagrun for example_trigger_controller_dag to 2021-01-01T00:00:00+00:00, run_after=2021-01-01T00:00:00+00:00
[2025-02-14T14:41:04.402+0000] {processor.py:179} INFO - Processing /home/airflow/.local/lib/python3.8/site-packages/airflow/example_dags/example_trigger_controller_dag.py took 0.299 seconds
[2025-02-14T14:41:35.120+0000] {processor.py:157} INFO - Started process (PID=1749) to work on /home/airflow/.local/lib/python3.8/site-packages/airflow/example_dags/example_trigger_controller_dag.py
[2025-02-14T14:41:35.122+0000] {processor.py:829} INFO - Processing file /home/airflow/.local/lib/python3.8/site-packages/airflow/example_dags/example_trigger_controller_dag.py for tasks to queue
[2025-02-14T14:41:35.125+0000] {logging_mixin.py:154} INFO - [2025-02-14T14:41:35.124+0000] {dagbag.py:536} INFO - Filling up the DagBag from /home/airflow/.local/lib/python3.8/site-packages/airflow/example_dags/example_trigger_controller_dag.py
[2025-02-14T14:41:35.141+0000] {processor.py:839} INFO - DAG(s) dict_keys(['example_trigger_controller_dag']) retrieved from /home/airflow/.local/lib/python3.8/site-packages/airflow/example_dags/example_trigger_controller_dag.py
[2025-02-14T14:41:35.216+0000] {logging_mixin.py:154} INFO - [2025-02-14T14:41:35.216+0000] {dag.py:2941} INFO - Sync 1 DAGs
[2025-02-14T14:41:35.276+0000] {logging_mixin.py:154} INFO - [2025-02-14T14:41:35.275+0000] {dag.py:3722} INFO - Setting next_dagrun for example_trigger_controller_dag to 2021-01-01T00:00:00+00:00, run_after=2021-01-01T00:00:00+00:00
[2025-02-14T14:41:35.358+0000] {processor.py:179} INFO - Processing /home/airflow/.local/lib/python3.8/site-packages/airflow/example_dags/example_trigger_controller_dag.py took 0.249 seconds
[2025-02-14T14:42:05.889+0000] {processor.py:157} INFO - Started process (PID=1987) to work on /home/airflow/.local/lib/python3.8/site-packages/airflow/example_dags/example_trigger_controller_dag.py
[2025-02-14T14:42:05.892+0000] {processor.py:829} INFO - Processing file /home/airflow/.local/lib/python3.8/site-packages/airflow/example_dags/example_trigger_controller_dag.py for tasks to queue
[2025-02-14T14:42:05.895+0000] {logging_mixin.py:154} INFO - [2025-02-14T14:42:05.893+0000] {dagbag.py:536} INFO - Filling up the DagBag from /home/airflow/.local/lib/python3.8/site-packages/airflow/example_dags/example_trigger_controller_dag.py
[2025-02-14T14:42:05.921+0000] {processor.py:839} INFO - DAG(s) dict_keys(['example_trigger_controller_dag']) retrieved from /home/airflow/.local/lib/python3.8/site-packages/airflow/example_dags/example_trigger_controller_dag.py
[2025-02-14T14:42:06.001+0000] {logging_mixin.py:154} INFO - [2025-02-14T14:42:06.000+0000] {dag.py:2941} INFO - Sync 1 DAGs
[2025-02-14T14:42:06.128+0000] {logging_mixin.py:154} INFO - [2025-02-14T14:42:06.127+0000] {dag.py:3722} INFO - Setting next_dagrun for example_trigger_controller_dag to 2021-01-01T00:00:00+00:00, run_after=2021-01-01T00:00:00+00:00
[2025-02-14T14:42:06.258+0000] {processor.py:179} INFO - Processing /home/airflow/.local/lib/python3.8/site-packages/airflow/example_dags/example_trigger_controller_dag.py took 0.385 seconds
[2025-02-14T14:42:36.392+0000] {processor.py:157} INFO - Started process (PID=2225) to work on /home/airflow/.local/lib/python3.8/site-packages/airflow/example_dags/example_trigger_controller_dag.py
[2025-02-14T14:42:36.396+0000] {processor.py:829} INFO - Processing file /home/airflow/.local/lib/python3.8/site-packages/airflow/example_dags/example_trigger_controller_dag.py for tasks to queue
[2025-02-14T14:42:36.400+0000] {logging_mixin.py:154} INFO - [2025-02-14T14:42:36.399+0000] {dagbag.py:536} INFO - Filling up the DagBag from /home/airflow/.local/lib/python3.8/site-packages/airflow/example_dags/example_trigger_controller_dag.py
[2025-02-14T14:42:36.415+0000] {processor.py:839} INFO - DAG(s) dict_keys(['example_trigger_controller_dag']) retrieved from /home/airflow/.local/lib/python3.8/site-packages/airflow/example_dags/example_trigger_controller_dag.py
[2025-02-14T14:42:36.480+0000] {logging_mixin.py:154} INFO - [2025-02-14T14:42:36.480+0000] {dag.py:2941} INFO - Sync 1 DAGs
[2025-02-14T14:42:36.550+0000] {logging_mixin.py:154} INFO - [2025-02-14T14:42:36.550+0000] {dag.py:3722} INFO - Setting next_dagrun for example_trigger_controller_dag to 2021-01-01T00:00:00+00:00, run_after=2021-01-01T00:00:00+00:00
[2025-02-14T14:42:36.596+0000] {processor.py:179} INFO - Processing /home/airflow/.local/lib/python3.8/site-packages/airflow/example_dags/example_trigger_controller_dag.py took 0.218 seconds
[2025-02-14T14:43:07.508+0000] {processor.py:157} INFO - Started process (PID=2465) to work on /home/airflow/.local/lib/python3.8/site-packages/airflow/example_dags/example_trigger_controller_dag.py
[2025-02-14T14:43:07.511+0000] {processor.py:829} INFO - Processing file /home/airflow/.local/lib/python3.8/site-packages/airflow/example_dags/example_trigger_controller_dag.py for tasks to queue
[2025-02-14T14:43:07.513+0000] {logging_mixin.py:154} INFO - [2025-02-14T14:43:07.513+0000] {dagbag.py:536} INFO - Filling up the DagBag from /home/airflow/.local/lib/python3.8/site-packages/airflow/example_dags/example_trigger_controller_dag.py
[2025-02-14T14:43:07.528+0000] {processor.py:839} INFO - DAG(s) dict_keys(['example_trigger_controller_dag']) retrieved from /home/airflow/.local/lib/python3.8/site-packages/airflow/example_dags/example_trigger_controller_dag.py
[2025-02-14T14:43:07.594+0000] {logging_mixin.py:154} INFO - [2025-02-14T14:43:07.594+0000] {dag.py:2941} INFO - Sync 1 DAGs
[2025-02-14T14:43:07.644+0000] {logging_mixin.py:154} INFO - [2025-02-14T14:43:07.643+0000] {dag.py:3722} INFO - Setting next_dagrun for example_trigger_controller_dag to 2021-01-01T00:00:00+00:00, run_after=2021-01-01T00:00:00+00:00
[2025-02-14T14:43:07.697+0000] {processor.py:179} INFO - Processing /home/airflow/.local/lib/python3.8/site-packages/airflow/example_dags/example_trigger_controller_dag.py took 0.206 seconds
[2025-02-14T14:43:37.931+0000] {processor.py:157} INFO - Started process (PID=2701) to work on /home/airflow/.local/lib/python3.8/site-packages/airflow/example_dags/example_trigger_controller_dag.py
[2025-02-14T14:43:37.934+0000] {processor.py:829} INFO - Processing file /home/airflow/.local/lib/python3.8/site-packages/airflow/example_dags/example_trigger_controller_dag.py for tasks to queue
[2025-02-14T14:43:37.936+0000] {logging_mixin.py:154} INFO - [2025-02-14T14:43:37.935+0000] {dagbag.py:536} INFO - Filling up the DagBag from /home/airflow/.local/lib/python3.8/site-packages/airflow/example_dags/example_trigger_controller_dag.py
[2025-02-14T14:43:37.951+0000] {processor.py:839} INFO - DAG(s) dict_keys(['example_trigger_controller_dag']) retrieved from /home/airflow/.local/lib/python3.8/site-packages/airflow/example_dags/example_trigger_controller_dag.py
[2025-02-14T14:43:38.013+0000] {logging_mixin.py:154} INFO - [2025-02-14T14:43:38.011+0000] {dag.py:2941} INFO - Sync 1 DAGs
[2025-02-14T14:43:38.087+0000] {logging_mixin.py:154} INFO - [2025-02-14T14:43:38.087+0000] {dag.py:3722} INFO - Setting next_dagrun for example_trigger_controller_dag to 2021-01-01T00:00:00+00:00, run_after=2021-01-01T00:00:00+00:00
[2025-02-14T14:43:38.134+0000] {processor.py:179} INFO - Processing /home/airflow/.local/lib/python3.8/site-packages/airflow/example_dags/example_trigger_controller_dag.py took 0.213 seconds
[2025-02-14T14:44:08.613+0000] {processor.py:157} INFO - Started process (PID=2938) to work on /home/airflow/.local/lib/python3.8/site-packages/airflow/example_dags/example_trigger_controller_dag.py
[2025-02-14T14:44:08.619+0000] {processor.py:829} INFO - Processing file /home/airflow/.local/lib/python3.8/site-packages/airflow/example_dags/example_trigger_controller_dag.py for tasks to queue
[2025-02-14T14:44:08.622+0000] {logging_mixin.py:154} INFO - [2025-02-14T14:44:08.621+0000] {dagbag.py:536} INFO - Filling up the DagBag from /home/airflow/.local/lib/python3.8/site-packages/airflow/example_dags/example_trigger_controller_dag.py
[2025-02-14T14:44:08.637+0000] {processor.py:839} INFO - DAG(s) dict_keys(['example_trigger_controller_dag']) retrieved from /home/airflow/.local/lib/python3.8/site-packages/airflow/example_dags/example_trigger_controller_dag.py
[2025-02-14T14:44:08.707+0000] {logging_mixin.py:154} INFO - [2025-02-14T14:44:08.706+0000] {dag.py:2941} INFO - Sync 1 DAGs
[2025-02-14T14:44:08.779+0000] {logging_mixin.py:154} INFO - [2025-02-14T14:44:08.779+0000] {dag.py:3722} INFO - Setting next_dagrun for example_trigger_controller_dag to 2021-01-01T00:00:00+00:00, run_after=2021-01-01T00:00:00+00:00
[2025-02-14T14:44:08.828+0000] {processor.py:179} INFO - Processing /home/airflow/.local/lib/python3.8/site-packages/airflow/example_dags/example_trigger_controller_dag.py took 0.231 seconds
[2025-02-14T14:44:39.276+0000] {processor.py:157} INFO - Started process (PID=3193) to work on /home/airflow/.local/lib/python3.8/site-packages/airflow/example_dags/example_trigger_controller_dag.py
[2025-02-14T14:44:39.279+0000] {processor.py:829} INFO - Processing file /home/airflow/.local/lib/python3.8/site-packages/airflow/example_dags/example_trigger_controller_dag.py for tasks to queue
[2025-02-14T14:44:39.280+0000] {logging_mixin.py:154} INFO - [2025-02-14T14:44:39.279+0000] {dagbag.py:536} INFO - Filling up the DagBag from /home/airflow/.local/lib/python3.8/site-packages/airflow/example_dags/example_trigger_controller_dag.py
[2025-02-14T14:44:39.291+0000] {processor.py:839} INFO - DAG(s) dict_keys(['example_trigger_controller_dag']) retrieved from /home/airflow/.local/lib/python3.8/site-packages/airflow/example_dags/example_trigger_controller_dag.py
[2025-02-14T14:44:39.351+0000] {logging_mixin.py:154} INFO - [2025-02-14T14:44:39.350+0000] {dag.py:2941} INFO - Sync 1 DAGs
[2025-02-14T14:44:39.418+0000] {logging_mixin.py:154} INFO - [2025-02-14T14:44:39.416+0000] {dag.py:3722} INFO - Setting next_dagrun for example_trigger_controller_dag to 2021-01-01T00:00:00+00:00, run_after=2021-01-01T00:00:00+00:00
[2025-02-14T14:44:39.476+0000] {processor.py:179} INFO - Processing /home/airflow/.local/lib/python3.8/site-packages/airflow/example_dags/example_trigger_controller_dag.py took 0.207 seconds
[2025-02-14T14:45:09.669+0000] {processor.py:157} INFO - Started process (PID=3444) to work on /home/airflow/.local/lib/python3.8/site-packages/airflow/example_dags/example_trigger_controller_dag.py
[2025-02-14T14:45:09.671+0000] {processor.py:829} INFO - Processing file /home/airflow/.local/lib/python3.8/site-packages/airflow/example_dags/example_trigger_controller_dag.py for tasks to queue
[2025-02-14T14:45:09.673+0000] {logging_mixin.py:154} INFO - [2025-02-14T14:45:09.672+0000] {dagbag.py:536} INFO - Filling up the DagBag from /home/airflow/.local/lib/python3.8/site-packages/airflow/example_dags/example_trigger_controller_dag.py
[2025-02-14T14:45:09.686+0000] {processor.py:839} INFO - DAG(s) dict_keys(['example_trigger_controller_dag']) retrieved from /home/airflow/.local/lib/python3.8/site-packages/airflow/example_dags/example_trigger_controller_dag.py
[2025-02-14T14:45:09.754+0000] {logging_mixin.py:154} INFO - [2025-02-14T14:45:09.754+0000] {dag.py:2941} INFO - Sync 1 DAGs
[2025-02-14T14:45:09.813+0000] {logging_mixin.py:154} INFO - [2025-02-14T14:45:09.812+0000] {dag.py:3722} INFO - Setting next_dagrun for example_trigger_controller_dag to 2021-01-01T00:00:00+00:00, run_after=2021-01-01T00:00:00+00:00
[2025-02-14T14:45:09.859+0000] {processor.py:179} INFO - Processing /home/airflow/.local/lib/python3.8/site-packages/airflow/example_dags/example_trigger_controller_dag.py took 0.201 seconds
[2025-02-14T14:45:40.832+0000] {processor.py:157} INFO - Started process (PID=3682) to work on /home/airflow/.local/lib/python3.8/site-packages/airflow/example_dags/example_trigger_controller_dag.py
[2025-02-14T14:45:40.835+0000] {processor.py:829} INFO - Processing file /home/airflow/.local/lib/python3.8/site-packages/airflow/example_dags/example_trigger_controller_dag.py for tasks to queue
[2025-02-14T14:45:40.837+0000] {logging_mixin.py:154} INFO - [2025-02-14T14:45:40.836+0000] {dagbag.py:536} INFO - Filling up the DagBag from /home/airflow/.local/lib/python3.8/site-packages/airflow/example_dags/example_trigger_controller_dag.py
[2025-02-14T14:45:40.854+0000] {processor.py:839} INFO - DAG(s) dict_keys(['example_trigger_controller_dag']) retrieved from /home/airflow/.local/lib/python3.8/site-packages/airflow/example_dags/example_trigger_controller_dag.py
[2025-02-14T14:45:40.934+0000] {logging_mixin.py:154} INFO - [2025-02-14T14:45:40.933+0000] {dag.py:2941} INFO - Sync 1 DAGs
[2025-02-14T14:45:41.005+0000] {logging_mixin.py:154} INFO - [2025-02-14T14:45:41.004+0000] {dag.py:3722} INFO - Setting next_dagrun for example_trigger_controller_dag to 2021-01-01T00:00:00+00:00, run_after=2021-01-01T00:00:00+00:00
[2025-02-14T14:45:41.050+0000] {processor.py:179} INFO - Processing /home/airflow/.local/lib/python3.8/site-packages/airflow/example_dags/example_trigger_controller_dag.py took 0.227 seconds
[2025-02-14T14:46:11.415+0000] {processor.py:157} INFO - Started process (PID=3918) to work on /home/airflow/.local/lib/python3.8/site-packages/airflow/example_dags/example_trigger_controller_dag.py
[2025-02-14T14:46:11.418+0000] {processor.py:829} INFO - Processing file /home/airflow/.local/lib/python3.8/site-packages/airflow/example_dags/example_trigger_controller_dag.py for tasks to queue
[2025-02-14T14:46:11.420+0000] {logging_mixin.py:154} INFO - [2025-02-14T14:46:11.419+0000] {dagbag.py:536} INFO - Filling up the DagBag from /home/airflow/.local/lib/python3.8/site-packages/airflow/example_dags/example_trigger_controller_dag.py
[2025-02-14T14:46:11.432+0000] {processor.py:839} INFO - DAG(s) dict_keys(['example_trigger_controller_dag']) retrieved from /home/airflow/.local/lib/python3.8/site-packages/airflow/example_dags/example_trigger_controller_dag.py
[2025-02-14T14:46:11.516+0000] {logging_mixin.py:154} INFO - [2025-02-14T14:46:11.515+0000] {dag.py:2941} INFO - Sync 1 DAGs
[2025-02-14T14:46:11.572+0000] {logging_mixin.py:154} INFO - [2025-02-14T14:46:11.572+0000] {dag.py:3722} INFO - Setting next_dagrun for example_trigger_controller_dag to 2021-01-01T00:00:00+00:00, run_after=2021-01-01T00:00:00+00:00
[2025-02-14T14:46:11.615+0000] {processor.py:179} INFO - Processing /home/airflow/.local/lib/python3.8/site-packages/airflow/example_dags/example_trigger_controller_dag.py took 0.210 seconds
[2025-02-14T14:46:42.979+0000] {processor.py:157} INFO - Started process (PID=4155) to work on /home/airflow/.local/lib/python3.8/site-packages/airflow/example_dags/example_trigger_controller_dag.py
[2025-02-14T14:46:42.983+0000] {processor.py:829} INFO - Processing file /home/airflow/.local/lib/python3.8/site-packages/airflow/example_dags/example_trigger_controller_dag.py for tasks to queue
[2025-02-14T14:46:42.987+0000] {logging_mixin.py:154} INFO - [2025-02-14T14:46:42.985+0000] {dagbag.py:536} INFO - Filling up the DagBag from /home/airflow/.local/lib/python3.8/site-packages/airflow/example_dags/example_trigger_controller_dag.py
[2025-02-14T14:46:43.002+0000] {processor.py:839} INFO - DAG(s) dict_keys(['example_trigger_controller_dag']) retrieved from /home/airflow/.local/lib/python3.8/site-packages/airflow/example_dags/example_trigger_controller_dag.py
[2025-02-14T14:46:43.109+0000] {logging_mixin.py:154} INFO - [2025-02-14T14:46:43.108+0000] {dag.py:2941} INFO - Sync 1 DAGs
[2025-02-14T14:46:43.221+0000] {logging_mixin.py:154} INFO - [2025-02-14T14:46:43.220+0000] {dag.py:3722} INFO - Setting next_dagrun for example_trigger_controller_dag to 2021-01-01T00:00:00+00:00, run_after=2021-01-01T00:00:00+00:00
[2025-02-14T14:46:43.304+0000] {processor.py:179} INFO - Processing /home/airflow/.local/lib/python3.8/site-packages/airflow/example_dags/example_trigger_controller_dag.py took 0.335 seconds
[2025-02-14T14:47:14.259+0000] {processor.py:157} INFO - Started process (PID=4395) to work on /home/airflow/.local/lib/python3.8/site-packages/airflow/example_dags/example_trigger_controller_dag.py
[2025-02-14T14:47:14.260+0000] {processor.py:829} INFO - Processing file /home/airflow/.local/lib/python3.8/site-packages/airflow/example_dags/example_trigger_controller_dag.py for tasks to queue
[2025-02-14T14:47:14.262+0000] {logging_mixin.py:154} INFO - [2025-02-14T14:47:14.261+0000] {dagbag.py:536} INFO - Filling up the DagBag from /home/airflow/.local/lib/python3.8/site-packages/airflow/example_dags/example_trigger_controller_dag.py
[2025-02-14T14:47:14.272+0000] {processor.py:839} INFO - DAG(s) dict_keys(['example_trigger_controller_dag']) retrieved from /home/airflow/.local/lib/python3.8/site-packages/airflow/example_dags/example_trigger_controller_dag.py
[2025-02-14T14:47:14.335+0000] {logging_mixin.py:154} INFO - [2025-02-14T14:47:14.334+0000] {dag.py:2941} INFO - Sync 1 DAGs
[2025-02-14T14:47:14.404+0000] {logging_mixin.py:154} INFO - [2025-02-14T14:47:14.403+0000] {dag.py:3722} INFO - Setting next_dagrun for example_trigger_controller_dag to 2021-01-01T00:00:00+00:00, run_after=2021-01-01T00:00:00+00:00
[2025-02-14T14:47:14.453+0000] {processor.py:179} INFO - Processing /home/airflow/.local/lib/python3.8/site-packages/airflow/example_dags/example_trigger_controller_dag.py took 0.202 seconds
[2025-02-14T14:47:45.454+0000] {processor.py:157} INFO - Started process (PID=4630) to work on /home/airflow/.local/lib/python3.8/site-packages/airflow/example_dags/example_trigger_controller_dag.py
[2025-02-14T14:47:45.460+0000] {processor.py:829} INFO - Processing file /home/airflow/.local/lib/python3.8/site-packages/airflow/example_dags/example_trigger_controller_dag.py for tasks to queue
[2025-02-14T14:47:45.465+0000] {logging_mixin.py:154} INFO - [2025-02-14T14:47:45.463+0000] {dagbag.py:536} INFO - Filling up the DagBag from /home/airflow/.local/lib/python3.8/site-packages/airflow/example_dags/example_trigger_controller_dag.py
[2025-02-14T14:47:45.489+0000] {processor.py:839} INFO - DAG(s) dict_keys(['example_trigger_controller_dag']) retrieved from /home/airflow/.local/lib/python3.8/site-packages/airflow/example_dags/example_trigger_controller_dag.py
[2025-02-14T14:47:45.561+0000] {logging_mixin.py:154} INFO - [2025-02-14T14:47:45.561+0000] {dag.py:2941} INFO - Sync 1 DAGs
[2025-02-14T14:47:45.627+0000] {logging_mixin.py:154} INFO - [2025-02-14T14:47:45.626+0000] {dag.py:3722} INFO - Setting next_dagrun for example_trigger_controller_dag to 2021-01-01T00:00:00+00:00, run_after=2021-01-01T00:00:00+00:00
[2025-02-14T14:47:45.684+0000] {processor.py:179} INFO - Processing /home/airflow/.local/lib/python3.8/site-packages/airflow/example_dags/example_trigger_controller_dag.py took 0.245 seconds
[2025-02-14T14:48:16.179+0000] {processor.py:157} INFO - Started process (PID=4874) to work on /home/airflow/.local/lib/python3.8/site-packages/airflow/example_dags/example_trigger_controller_dag.py
[2025-02-14T14:48:16.181+0000] {processor.py:829} INFO - Processing file /home/airflow/.local/lib/python3.8/site-packages/airflow/example_dags/example_trigger_controller_dag.py for tasks to queue
[2025-02-14T14:48:16.183+0000] {logging_mixin.py:154} INFO - [2025-02-14T14:48:16.182+0000] {dagbag.py:536} INFO - Filling up the DagBag from /home/airflow/.local/lib/python3.8/site-packages/airflow/example_dags/example_trigger_controller_dag.py
[2025-02-14T14:48:16.203+0000] {processor.py:839} INFO - DAG(s) dict_keys(['example_trigger_controller_dag']) retrieved from /home/airflow/.local/lib/python3.8/site-packages/airflow/example_dags/example_trigger_controller_dag.py
[2025-02-14T14:48:16.309+0000] {logging_mixin.py:154} INFO - [2025-02-14T14:48:16.308+0000] {dag.py:2941} INFO - Sync 1 DAGs
[2025-02-14T14:48:16.402+0000] {logging_mixin.py:154} INFO - [2025-02-14T14:48:16.401+0000] {dag.py:3722} INFO - Setting next_dagrun for example_trigger_controller_dag to 2021-01-01T00:00:00+00:00, run_after=2021-01-01T00:00:00+00:00
[2025-02-14T14:48:16.468+0000] {processor.py:179} INFO - Processing /home/airflow/.local/lib/python3.8/site-packages/airflow/example_dags/example_trigger_controller_dag.py took 0.300 seconds
[2025-02-14T14:48:47.202+0000] {processor.py:157} INFO - Started process (PID=5106) to work on /home/airflow/.local/lib/python3.8/site-packages/airflow/example_dags/example_trigger_controller_dag.py
[2025-02-14T14:48:47.207+0000] {processor.py:829} INFO - Processing file /home/airflow/.local/lib/python3.8/site-packages/airflow/example_dags/example_trigger_controller_dag.py for tasks to queue
[2025-02-14T14:48:47.209+0000] {logging_mixin.py:154} INFO - [2025-02-14T14:48:47.208+0000] {dagbag.py:536} INFO - Filling up the DagBag from /home/airflow/.local/lib/python3.8/site-packages/airflow/example_dags/example_trigger_controller_dag.py
[2025-02-14T14:48:47.222+0000] {processor.py:839} INFO - DAG(s) dict_keys(['example_trigger_controller_dag']) retrieved from /home/airflow/.local/lib/python3.8/site-packages/airflow/example_dags/example_trigger_controller_dag.py
[2025-02-14T14:48:47.313+0000] {logging_mixin.py:154} INFO - [2025-02-14T14:48:47.313+0000] {dag.py:2941} INFO - Sync 1 DAGs
[2025-02-14T14:48:47.398+0000] {logging_mixin.py:154} INFO - [2025-02-14T14:48:47.397+0000] {dag.py:3722} INFO - Setting next_dagrun for example_trigger_controller_dag to 2021-01-01T00:00:00+00:00, run_after=2021-01-01T00:00:00+00:00
[2025-02-14T14:48:47.454+0000] {processor.py:179} INFO - Processing /home/airflow/.local/lib/python3.8/site-packages/airflow/example_dags/example_trigger_controller_dag.py took 0.266 seconds
[2025-02-14T14:49:17.696+0000] {processor.py:157} INFO - Started process (PID=5349) to work on /home/airflow/.local/lib/python3.8/site-packages/airflow/example_dags/example_trigger_controller_dag.py
[2025-02-14T14:49:17.698+0000] {processor.py:829} INFO - Processing file /home/airflow/.local/lib/python3.8/site-packages/airflow/example_dags/example_trigger_controller_dag.py for tasks to queue
[2025-02-14T14:49:17.700+0000] {logging_mixin.py:154} INFO - [2025-02-14T14:49:17.700+0000] {dagbag.py:536} INFO - Filling up the DagBag from /home/airflow/.local/lib/python3.8/site-packages/airflow/example_dags/example_trigger_controller_dag.py
[2025-02-14T14:49:17.715+0000] {processor.py:839} INFO - DAG(s) dict_keys(['example_trigger_controller_dag']) retrieved from /home/airflow/.local/lib/python3.8/site-packages/airflow/example_dags/example_trigger_controller_dag.py
[2025-02-14T14:49:17.795+0000] {logging_mixin.py:154} INFO - [2025-02-14T14:49:17.794+0000] {dag.py:2941} INFO - Sync 1 DAGs
[2025-02-14T14:49:17.853+0000] {logging_mixin.py:154} INFO - [2025-02-14T14:49:17.852+0000] {dag.py:3722} INFO - Setting next_dagrun for example_trigger_controller_dag to 2021-01-01T00:00:00+00:00, run_after=2021-01-01T00:00:00+00:00
[2025-02-14T14:49:17.919+0000] {processor.py:179} INFO - Processing /home/airflow/.local/lib/python3.8/site-packages/airflow/example_dags/example_trigger_controller_dag.py took 0.236 seconds
[2025-02-14T14:49:48.514+0000] {processor.py:157} INFO - Started process (PID=5588) to work on /home/airflow/.local/lib/python3.8/site-packages/airflow/example_dags/example_trigger_controller_dag.py
[2025-02-14T14:49:48.518+0000] {processor.py:829} INFO - Processing file /home/airflow/.local/lib/python3.8/site-packages/airflow/example_dags/example_trigger_controller_dag.py for tasks to queue
[2025-02-14T14:49:48.520+0000] {logging_mixin.py:154} INFO - [2025-02-14T14:49:48.519+0000] {dagbag.py:536} INFO - Filling up the DagBag from /home/airflow/.local/lib/python3.8/site-packages/airflow/example_dags/example_trigger_controller_dag.py
[2025-02-14T14:49:48.532+0000] {processor.py:839} INFO - DAG(s) dict_keys(['example_trigger_controller_dag']) retrieved from /home/airflow/.local/lib/python3.8/site-packages/airflow/example_dags/example_trigger_controller_dag.py
[2025-02-14T14:49:48.601+0000] {logging_mixin.py:154} INFO - [2025-02-14T14:49:48.600+0000] {dag.py:2941} INFO - Sync 1 DAGs
[2025-02-14T14:49:48.661+0000] {logging_mixin.py:154} INFO - [2025-02-14T14:49:48.661+0000] {dag.py:3722} INFO - Setting next_dagrun for example_trigger_controller_dag to 2021-01-01T00:00:00+00:00, run_after=2021-01-01T00:00:00+00:00
[2025-02-14T14:49:48.709+0000] {processor.py:179} INFO - Processing /home/airflow/.local/lib/python3.8/site-packages/airflow/example_dags/example_trigger_controller_dag.py took 0.204 seconds
[2025-02-14T14:50:19.758+0000] {processor.py:157} INFO - Started process (PID=5836) to work on /home/airflow/.local/lib/python3.8/site-packages/airflow/example_dags/example_trigger_controller_dag.py
[2025-02-14T14:50:19.762+0000] {processor.py:829} INFO - Processing file /home/airflow/.local/lib/python3.8/site-packages/airflow/example_dags/example_trigger_controller_dag.py for tasks to queue
[2025-02-14T14:50:19.765+0000] {logging_mixin.py:154} INFO - [2025-02-14T14:50:19.764+0000] {dagbag.py:536} INFO - Filling up the DagBag from /home/airflow/.local/lib/python3.8/site-packages/airflow/example_dags/example_trigger_controller_dag.py
[2025-02-14T14:50:19.785+0000] {processor.py:839} INFO - DAG(s) dict_keys(['example_trigger_controller_dag']) retrieved from /home/airflow/.local/lib/python3.8/site-packages/airflow/example_dags/example_trigger_controller_dag.py
[2025-02-14T14:50:19.876+0000] {logging_mixin.py:154} INFO - [2025-02-14T14:50:19.875+0000] {dag.py:2941} INFO - Sync 1 DAGs
[2025-02-14T14:50:19.953+0000] {logging_mixin.py:154} INFO - [2025-02-14T14:50:19.953+0000] {dag.py:3722} INFO - Setting next_dagrun for example_trigger_controller_dag to 2021-01-01T00:00:00+00:00, run_after=2021-01-01T00:00:00+00:00
[2025-02-14T14:50:20.024+0000] {processor.py:179} INFO - Processing /home/airflow/.local/lib/python3.8/site-packages/airflow/example_dags/example_trigger_controller_dag.py took 0.285 seconds
[2025-02-14T14:50:50.904+0000] {processor.py:157} INFO - Started process (PID=6077) to work on /home/airflow/.local/lib/python3.8/site-packages/airflow/example_dags/example_trigger_controller_dag.py
[2025-02-14T14:50:50.908+0000] {processor.py:829} INFO - Processing file /home/airflow/.local/lib/python3.8/site-packages/airflow/example_dags/example_trigger_controller_dag.py for tasks to queue
[2025-02-14T14:50:50.911+0000] {logging_mixin.py:154} INFO - [2025-02-14T14:50:50.910+0000] {dagbag.py:536} INFO - Filling up the DagBag from /home/airflow/.local/lib/python3.8/site-packages/airflow/example_dags/example_trigger_controller_dag.py
[2025-02-14T14:50:50.944+0000] {processor.py:839} INFO - DAG(s) dict_keys(['example_trigger_controller_dag']) retrieved from /home/airflow/.local/lib/python3.8/site-packages/airflow/example_dags/example_trigger_controller_dag.py
[2025-02-14T14:50:51.072+0000] {logging_mixin.py:154} INFO - [2025-02-14T14:50:51.071+0000] {dag.py:2941} INFO - Sync 1 DAGs
[2025-02-14T14:50:51.178+0000] {logging_mixin.py:154} INFO - [2025-02-14T14:50:51.177+0000] {dag.py:3722} INFO - Setting next_dagrun for example_trigger_controller_dag to 2021-01-01T00:00:00+00:00, run_after=2021-01-01T00:00:00+00:00
[2025-02-14T14:50:51.232+0000] {processor.py:179} INFO - Processing /home/airflow/.local/lib/python3.8/site-packages/airflow/example_dags/example_trigger_controller_dag.py took 0.339 seconds
[2025-02-14T14:51:21.884+0000] {processor.py:157} INFO - Started process (PID=6315) to work on /home/airflow/.local/lib/python3.8/site-packages/airflow/example_dags/example_trigger_controller_dag.py
[2025-02-14T14:51:21.887+0000] {processor.py:829} INFO - Processing file /home/airflow/.local/lib/python3.8/site-packages/airflow/example_dags/example_trigger_controller_dag.py for tasks to queue
[2025-02-14T14:51:21.889+0000] {logging_mixin.py:154} INFO - [2025-02-14T14:51:21.888+0000] {dagbag.py:536} INFO - Filling up the DagBag from /home/airflow/.local/lib/python3.8/site-packages/airflow/example_dags/example_trigger_controller_dag.py
[2025-02-14T14:51:21.902+0000] {processor.py:839} INFO - DAG(s) dict_keys(['example_trigger_controller_dag']) retrieved from /home/airflow/.local/lib/python3.8/site-packages/airflow/example_dags/example_trigger_controller_dag.py
[2025-02-14T14:51:21.974+0000] {logging_mixin.py:154} INFO - [2025-02-14T14:51:21.974+0000] {dag.py:2941} INFO - Sync 1 DAGs
[2025-02-14T14:51:22.054+0000] {logging_mixin.py:154} INFO - [2025-02-14T14:51:22.053+0000] {dag.py:3722} INFO - Setting next_dagrun for example_trigger_controller_dag to 2021-01-01T00:00:00+00:00, run_after=2021-01-01T00:00:00+00:00
[2025-02-14T14:51:22.123+0000] {processor.py:179} INFO - Processing /home/airflow/.local/lib/python3.8/site-packages/airflow/example_dags/example_trigger_controller_dag.py took 0.253 seconds
[2025-02-14T14:51:52.699+0000] {processor.py:157} INFO - Started process (PID=6555) to work on /home/airflow/.local/lib/python3.8/site-packages/airflow/example_dags/example_trigger_controller_dag.py
[2025-02-14T14:51:52.701+0000] {processor.py:829} INFO - Processing file /home/airflow/.local/lib/python3.8/site-packages/airflow/example_dags/example_trigger_controller_dag.py for tasks to queue
[2025-02-14T14:51:52.703+0000] {logging_mixin.py:154} INFO - [2025-02-14T14:51:52.703+0000] {dagbag.py:536} INFO - Filling up the DagBag from /home/airflow/.local/lib/python3.8/site-packages/airflow/example_dags/example_trigger_controller_dag.py
[2025-02-14T14:51:52.717+0000] {processor.py:839} INFO - DAG(s) dict_keys(['example_trigger_controller_dag']) retrieved from /home/airflow/.local/lib/python3.8/site-packages/airflow/example_dags/example_trigger_controller_dag.py
[2025-02-14T14:51:52.780+0000] {logging_mixin.py:154} INFO - [2025-02-14T14:51:52.780+0000] {dag.py:2941} INFO - Sync 1 DAGs
[2025-02-14T14:51:52.841+0000] {logging_mixin.py:154} INFO - [2025-02-14T14:51:52.840+0000] {dag.py:3722} INFO - Setting next_dagrun for example_trigger_controller_dag to 2021-01-01T00:00:00+00:00, run_after=2021-01-01T00:00:00+00:00
[2025-02-14T14:51:52.882+0000] {processor.py:179} INFO - Processing /home/airflow/.local/lib/python3.8/site-packages/airflow/example_dags/example_trigger_controller_dag.py took 0.193 seconds
[2025-02-14T14:52:23.646+0000] {processor.py:157} INFO - Started process (PID=6791) to work on /home/airflow/.local/lib/python3.8/site-packages/airflow/example_dags/example_trigger_controller_dag.py
[2025-02-14T14:52:23.649+0000] {processor.py:829} INFO - Processing file /home/airflow/.local/lib/python3.8/site-packages/airflow/example_dags/example_trigger_controller_dag.py for tasks to queue
[2025-02-14T14:52:23.651+0000] {logging_mixin.py:154} INFO - [2025-02-14T14:52:23.650+0000] {dagbag.py:536} INFO - Filling up the DagBag from /home/airflow/.local/lib/python3.8/site-packages/airflow/example_dags/example_trigger_controller_dag.py
[2025-02-14T14:52:23.664+0000] {processor.py:839} INFO - DAG(s) dict_keys(['example_trigger_controller_dag']) retrieved from /home/airflow/.local/lib/python3.8/site-packages/airflow/example_dags/example_trigger_controller_dag.py
[2025-02-14T14:52:23.751+0000] {logging_mixin.py:154} INFO - [2025-02-14T14:52:23.751+0000] {dag.py:2941} INFO - Sync 1 DAGs
[2025-02-14T14:52:23.863+0000] {logging_mixin.py:154} INFO - [2025-02-14T14:52:23.862+0000] {dag.py:3722} INFO - Setting next_dagrun for example_trigger_controller_dag to 2021-01-01T00:00:00+00:00, run_after=2021-01-01T00:00:00+00:00
[2025-02-14T14:52:23.939+0000] {processor.py:179} INFO - Processing /home/airflow/.local/lib/python3.8/site-packages/airflow/example_dags/example_trigger_controller_dag.py took 0.304 seconds
[2025-02-14T14:52:54.122+0000] {processor.py:157} INFO - Started process (PID=7029) to work on /home/airflow/.local/lib/python3.8/site-packages/airflow/example_dags/example_trigger_controller_dag.py
[2025-02-14T14:52:54.129+0000] {processor.py:829} INFO - Processing file /home/airflow/.local/lib/python3.8/site-packages/airflow/example_dags/example_trigger_controller_dag.py for tasks to queue
[2025-02-14T14:52:54.131+0000] {logging_mixin.py:154} INFO - [2025-02-14T14:52:54.130+0000] {dagbag.py:536} INFO - Filling up the DagBag from /home/airflow/.local/lib/python3.8/site-packages/airflow/example_dags/example_trigger_controller_dag.py
[2025-02-14T14:52:54.149+0000] {processor.py:839} INFO - DAG(s) dict_keys(['example_trigger_controller_dag']) retrieved from /home/airflow/.local/lib/python3.8/site-packages/airflow/example_dags/example_trigger_controller_dag.py
[2025-02-14T14:52:54.224+0000] {logging_mixin.py:154} INFO - [2025-02-14T14:52:54.224+0000] {dag.py:2941} INFO - Sync 1 DAGs
[2025-02-14T14:52:54.304+0000] {logging_mixin.py:154} INFO - [2025-02-14T14:52:54.304+0000] {dag.py:3722} INFO - Setting next_dagrun for example_trigger_controller_dag to 2021-01-01T00:00:00+00:00, run_after=2021-01-01T00:00:00+00:00
[2025-02-14T14:52:54.429+0000] {processor.py:179} INFO - Processing /home/airflow/.local/lib/python3.8/site-packages/airflow/example_dags/example_trigger_controller_dag.py took 0.317 seconds
[2025-02-14T14:53:24.885+0000] {processor.py:157} INFO - Started process (PID=7266) to work on /home/airflow/.local/lib/python3.8/site-packages/airflow/example_dags/example_trigger_controller_dag.py
[2025-02-14T14:53:24.888+0000] {processor.py:829} INFO - Processing file /home/airflow/.local/lib/python3.8/site-packages/airflow/example_dags/example_trigger_controller_dag.py for tasks to queue
[2025-02-14T14:53:24.891+0000] {logging_mixin.py:154} INFO - [2025-02-14T14:53:24.890+0000] {dagbag.py:536} INFO - Filling up the DagBag from /home/airflow/.local/lib/python3.8/site-packages/airflow/example_dags/example_trigger_controller_dag.py
[2025-02-14T14:53:24.905+0000] {processor.py:839} INFO - DAG(s) dict_keys(['example_trigger_controller_dag']) retrieved from /home/airflow/.local/lib/python3.8/site-packages/airflow/example_dags/example_trigger_controller_dag.py
[2025-02-14T14:53:24.971+0000] {logging_mixin.py:154} INFO - [2025-02-14T14:53:24.971+0000] {dag.py:2941} INFO - Sync 1 DAGs
[2025-02-14T14:53:25.033+0000] {logging_mixin.py:154} INFO - [2025-02-14T14:53:25.033+0000] {dag.py:3722} INFO - Setting next_dagrun for example_trigger_controller_dag to 2021-01-01T00:00:00+00:00, run_after=2021-01-01T00:00:00+00:00
[2025-02-14T14:53:25.090+0000] {processor.py:179} INFO - Processing /home/airflow/.local/lib/python3.8/site-packages/airflow/example_dags/example_trigger_controller_dag.py took 0.214 seconds
[2025-02-14T14:53:55.389+0000] {processor.py:157} INFO - Started process (PID=7504) to work on /home/airflow/.local/lib/python3.8/site-packages/airflow/example_dags/example_trigger_controller_dag.py
[2025-02-14T14:53:55.392+0000] {processor.py:829} INFO - Processing file /home/airflow/.local/lib/python3.8/site-packages/airflow/example_dags/example_trigger_controller_dag.py for tasks to queue
[2025-02-14T14:53:55.394+0000] {logging_mixin.py:154} INFO - [2025-02-14T14:53:55.393+0000] {dagbag.py:536} INFO - Filling up the DagBag from /home/airflow/.local/lib/python3.8/site-packages/airflow/example_dags/example_trigger_controller_dag.py
[2025-02-14T14:53:55.408+0000] {processor.py:839} INFO - DAG(s) dict_keys(['example_trigger_controller_dag']) retrieved from /home/airflow/.local/lib/python3.8/site-packages/airflow/example_dags/example_trigger_controller_dag.py
[2025-02-14T14:53:55.523+0000] {logging_mixin.py:154} INFO - [2025-02-14T14:53:55.522+0000] {dag.py:2941} INFO - Sync 1 DAGs
[2025-02-14T14:53:55.600+0000] {logging_mixin.py:154} INFO - [2025-02-14T14:53:55.599+0000] {dag.py:3722} INFO - Setting next_dagrun for example_trigger_controller_dag to 2021-01-01T00:00:00+00:00, run_after=2021-01-01T00:00:00+00:00
[2025-02-14T14:53:55.654+0000] {processor.py:179} INFO - Processing /home/airflow/.local/lib/python3.8/site-packages/airflow/example_dags/example_trigger_controller_dag.py took 0.275 seconds
