[2025-02-14T14:38:25.599+0000] {processor.py:157} INFO - Started process (PID=287) to work on /home/airflow/.local/lib/python3.8/site-packages/airflow/example_dags/example_kubernetes_executor.py
[2025-02-14T14:38:25.600+0000] {processor.py:829} INFO - Processing file /home/airflow/.local/lib/python3.8/site-packages/airflow/example_dags/example_kubernetes_executor.py for tasks to queue
[2025-02-14T14:38:25.601+0000] {logging_mixin.py:154} INFO - [2025-02-14T14:38:25.601+0000] {dagbag.py:536} INFO - Filling up the DagBag from /home/airflow/.local/lib/python3.8/site-packages/airflow/example_dags/example_kubernetes_executor.py
[2025-02-14T14:38:25.618+0000] {processor.py:839} INFO - DAG(s) dict_keys(['example_kubernetes_executor']) retrieved from /home/airflow/.local/lib/python3.8/site-packages/airflow/example_dags/example_kubernetes_executor.py
[2025-02-14T14:38:25.732+0000] {logging_mixin.py:154} INFO - [2025-02-14T14:38:25.732+0000] {manager.py:499} INFO - Created Permission View: %s
[2025-02-14T14:38:25.739+0000] {logging_mixin.py:154} INFO - [2025-02-14T14:38:25.739+0000] {manager.py:499} INFO - Created Permission View: %s
[2025-02-14T14:38:25.748+0000] {logging_mixin.py:154} INFO - [2025-02-14T14:38:25.748+0000] {manager.py:499} INFO - Created Permission View: %s
[2025-02-14T14:38:25.748+0000] {logging_mixin.py:154} INFO - [2025-02-14T14:38:25.748+0000] {dag.py:2941} INFO - Sync 1 DAGs
[2025-02-14T14:38:25.758+0000] {logging_mixin.py:154} INFO - [2025-02-14T14:38:25.758+0000] {dag.py:2963} INFO - Creating ORM DAG for example_kubernetes_executor
[2025-02-14T14:38:25.759+0000] {logging_mixin.py:154} INFO - [2025-02-14T14:38:25.759+0000] {dag.py:3722} INFO - Setting next_dagrun for example_kubernetes_executor to None, run_after=None
[2025-02-14T14:38:25.779+0000] {processor.py:179} INFO - Processing /home/airflow/.local/lib/python3.8/site-packages/airflow/example_dags/example_kubernetes_executor.py took 0.184 seconds
[2025-02-14T14:38:57.559+0000] {processor.py:157} INFO - Started process (PID=525) to work on /home/airflow/.local/lib/python3.8/site-packages/airflow/example_dags/example_kubernetes_executor.py
[2025-02-14T14:38:57.563+0000] {processor.py:829} INFO - Processing file /home/airflow/.local/lib/python3.8/site-packages/airflow/example_dags/example_kubernetes_executor.py for tasks to queue
[2025-02-14T14:38:57.565+0000] {logging_mixin.py:154} INFO - [2025-02-14T14:38:57.564+0000] {dagbag.py:536} INFO - Filling up the DagBag from /home/airflow/.local/lib/python3.8/site-packages/airflow/example_dags/example_kubernetes_executor.py
[2025-02-14T14:38:57.606+0000] {processor.py:839} INFO - DAG(s) dict_keys(['example_kubernetes_executor']) retrieved from /home/airflow/.local/lib/python3.8/site-packages/airflow/example_dags/example_kubernetes_executor.py
[2025-02-14T14:38:57.831+0000] {logging_mixin.py:154} INFO - [2025-02-14T14:38:57.830+0000] {dag.py:2941} INFO - Sync 1 DAGs
[2025-02-14T14:38:57.871+0000] {logging_mixin.py:154} INFO - [2025-02-14T14:38:57.870+0000] {dag.py:3722} INFO - Setting next_dagrun for example_kubernetes_executor to None, run_after=None
[2025-02-14T14:38:57.981+0000] {processor.py:179} INFO - Processing /home/airflow/.local/lib/python3.8/site-packages/airflow/example_dags/example_kubernetes_executor.py took 0.431 seconds
[2025-02-14T14:39:28.361+0000] {processor.py:157} INFO - Started process (PID=765) to work on /home/airflow/.local/lib/python3.8/site-packages/airflow/example_dags/example_kubernetes_executor.py
[2025-02-14T14:39:28.364+0000] {processor.py:829} INFO - Processing file /home/airflow/.local/lib/python3.8/site-packages/airflow/example_dags/example_kubernetes_executor.py for tasks to queue
[2025-02-14T14:39:28.366+0000] {logging_mixin.py:154} INFO - [2025-02-14T14:39:28.365+0000] {dagbag.py:536} INFO - Filling up the DagBag from /home/airflow/.local/lib/python3.8/site-packages/airflow/example_dags/example_kubernetes_executor.py
[2025-02-14T14:39:28.403+0000] {processor.py:839} INFO - DAG(s) dict_keys(['example_kubernetes_executor']) retrieved from /home/airflow/.local/lib/python3.8/site-packages/airflow/example_dags/example_kubernetes_executor.py
[2025-02-14T14:39:28.513+0000] {logging_mixin.py:154} INFO - [2025-02-14T14:39:28.513+0000] {dag.py:2941} INFO - Sync 1 DAGs
[2025-02-14T14:39:28.540+0000] {logging_mixin.py:154} INFO - [2025-02-14T14:39:28.540+0000] {dag.py:3722} INFO - Setting next_dagrun for example_kubernetes_executor to None, run_after=None
[2025-02-14T14:39:28.592+0000] {processor.py:179} INFO - Processing /home/airflow/.local/lib/python3.8/site-packages/airflow/example_dags/example_kubernetes_executor.py took 0.242 seconds
[2025-02-14T14:39:58.951+0000] {processor.py:157} INFO - Started process (PID=1001) to work on /home/airflow/.local/lib/python3.8/site-packages/airflow/example_dags/example_kubernetes_executor.py
[2025-02-14T14:39:58.955+0000] {processor.py:829} INFO - Processing file /home/airflow/.local/lib/python3.8/site-packages/airflow/example_dags/example_kubernetes_executor.py for tasks to queue
[2025-02-14T14:39:58.957+0000] {logging_mixin.py:154} INFO - [2025-02-14T14:39:58.956+0000] {dagbag.py:536} INFO - Filling up the DagBag from /home/airflow/.local/lib/python3.8/site-packages/airflow/example_dags/example_kubernetes_executor.py
[2025-02-14T14:39:58.998+0000] {processor.py:839} INFO - DAG(s) dict_keys(['example_kubernetes_executor']) retrieved from /home/airflow/.local/lib/python3.8/site-packages/airflow/example_dags/example_kubernetes_executor.py
[2025-02-14T14:39:59.093+0000] {logging_mixin.py:154} INFO - [2025-02-14T14:39:59.092+0000] {dag.py:2941} INFO - Sync 1 DAGs
[2025-02-14T14:39:59.129+0000] {logging_mixin.py:154} INFO - [2025-02-14T14:39:59.129+0000] {dag.py:3722} INFO - Setting next_dagrun for example_kubernetes_executor to None, run_after=None
[2025-02-14T14:39:59.186+0000] {processor.py:179} INFO - Processing /home/airflow/.local/lib/python3.8/site-packages/airflow/example_dags/example_kubernetes_executor.py took 0.245 seconds
[2025-02-14T14:40:29.327+0000] {processor.py:157} INFO - Started process (PID=1239) to work on /home/airflow/.local/lib/python3.8/site-packages/airflow/example_dags/example_kubernetes_executor.py
[2025-02-14T14:40:29.330+0000] {processor.py:829} INFO - Processing file /home/airflow/.local/lib/python3.8/site-packages/airflow/example_dags/example_kubernetes_executor.py for tasks to queue
[2025-02-14T14:40:29.332+0000] {logging_mixin.py:154} INFO - [2025-02-14T14:40:29.331+0000] {dagbag.py:536} INFO - Filling up the DagBag from /home/airflow/.local/lib/python3.8/site-packages/airflow/example_dags/example_kubernetes_executor.py
[2025-02-14T14:40:29.370+0000] {processor.py:839} INFO - DAG(s) dict_keys(['example_kubernetes_executor']) retrieved from /home/airflow/.local/lib/python3.8/site-packages/airflow/example_dags/example_kubernetes_executor.py
[2025-02-14T14:40:29.468+0000] {logging_mixin.py:154} INFO - [2025-02-14T14:40:29.467+0000] {dag.py:2941} INFO - Sync 1 DAGs
[2025-02-14T14:40:29.505+0000] {logging_mixin.py:154} INFO - [2025-02-14T14:40:29.505+0000] {dag.py:3722} INFO - Setting next_dagrun for example_kubernetes_executor to None, run_after=None
[2025-02-14T14:40:29.559+0000] {processor.py:179} INFO - Processing /home/airflow/.local/lib/python3.8/site-packages/airflow/example_dags/example_kubernetes_executor.py took 0.242 seconds
[2025-02-14T14:41:00.601+0000] {processor.py:157} INFO - Started process (PID=1477) to work on /home/airflow/.local/lib/python3.8/site-packages/airflow/example_dags/example_kubernetes_executor.py
[2025-02-14T14:41:00.607+0000] {processor.py:829} INFO - Processing file /home/airflow/.local/lib/python3.8/site-packages/airflow/example_dags/example_kubernetes_executor.py for tasks to queue
[2025-02-14T14:41:00.611+0000] {logging_mixin.py:154} INFO - [2025-02-14T14:41:00.608+0000] {dagbag.py:536} INFO - Filling up the DagBag from /home/airflow/.local/lib/python3.8/site-packages/airflow/example_dags/example_kubernetes_executor.py
[2025-02-14T14:41:00.664+0000] {processor.py:839} INFO - DAG(s) dict_keys(['example_kubernetes_executor']) retrieved from /home/airflow/.local/lib/python3.8/site-packages/airflow/example_dags/example_kubernetes_executor.py
[2025-02-14T14:41:00.786+0000] {logging_mixin.py:154} INFO - [2025-02-14T14:41:00.785+0000] {dag.py:2941} INFO - Sync 1 DAGs
[2025-02-14T14:41:00.828+0000] {logging_mixin.py:154} INFO - [2025-02-14T14:41:00.828+0000] {dag.py:3722} INFO - Setting next_dagrun for example_kubernetes_executor to None, run_after=None
[2025-02-14T14:41:00.880+0000] {processor.py:179} INFO - Processing /home/airflow/.local/lib/python3.8/site-packages/airflow/example_dags/example_kubernetes_executor.py took 0.298 seconds
[2025-02-14T14:41:31.574+0000] {processor.py:157} INFO - Started process (PID=1714) to work on /home/airflow/.local/lib/python3.8/site-packages/airflow/example_dags/example_kubernetes_executor.py
[2025-02-14T14:41:31.576+0000] {processor.py:829} INFO - Processing file /home/airflow/.local/lib/python3.8/site-packages/airflow/example_dags/example_kubernetes_executor.py for tasks to queue
[2025-02-14T14:41:31.579+0000] {logging_mixin.py:154} INFO - [2025-02-14T14:41:31.578+0000] {dagbag.py:536} INFO - Filling up the DagBag from /home/airflow/.local/lib/python3.8/site-packages/airflow/example_dags/example_kubernetes_executor.py
[2025-02-14T14:41:31.630+0000] {processor.py:839} INFO - DAG(s) dict_keys(['example_kubernetes_executor']) retrieved from /home/airflow/.local/lib/python3.8/site-packages/airflow/example_dags/example_kubernetes_executor.py
[2025-02-14T14:41:31.736+0000] {logging_mixin.py:154} INFO - [2025-02-14T14:41:31.735+0000] {dag.py:2941} INFO - Sync 1 DAGs
[2025-02-14T14:41:31.773+0000] {logging_mixin.py:154} INFO - [2025-02-14T14:41:31.772+0000] {dag.py:3722} INFO - Setting next_dagrun for example_kubernetes_executor to None, run_after=None
[2025-02-14T14:41:31.812+0000] {processor.py:179} INFO - Processing /home/airflow/.local/lib/python3.8/site-packages/airflow/example_dags/example_kubernetes_executor.py took 0.252 seconds
[2025-02-14T14:42:01.968+0000] {processor.py:157} INFO - Started process (PID=1952) to work on /home/airflow/.local/lib/python3.8/site-packages/airflow/example_dags/example_kubernetes_executor.py
[2025-02-14T14:42:01.971+0000] {processor.py:829} INFO - Processing file /home/airflow/.local/lib/python3.8/site-packages/airflow/example_dags/example_kubernetes_executor.py for tasks to queue
[2025-02-14T14:42:01.974+0000] {logging_mixin.py:154} INFO - [2025-02-14T14:42:01.973+0000] {dagbag.py:536} INFO - Filling up the DagBag from /home/airflow/.local/lib/python3.8/site-packages/airflow/example_dags/example_kubernetes_executor.py
[2025-02-14T14:42:02.015+0000] {processor.py:839} INFO - DAG(s) dict_keys(['example_kubernetes_executor']) retrieved from /home/airflow/.local/lib/python3.8/site-packages/airflow/example_dags/example_kubernetes_executor.py
[2025-02-14T14:42:02.133+0000] {logging_mixin.py:154} INFO - [2025-02-14T14:42:02.133+0000] {dag.py:2941} INFO - Sync 1 DAGs
[2025-02-14T14:42:02.171+0000] {logging_mixin.py:154} INFO - [2025-02-14T14:42:02.170+0000] {dag.py:3722} INFO - Setting next_dagrun for example_kubernetes_executor to None, run_after=None
[2025-02-14T14:42:02.236+0000] {processor.py:179} INFO - Processing /home/airflow/.local/lib/python3.8/site-packages/airflow/example_dags/example_kubernetes_executor.py took 0.279 seconds
[2025-02-14T14:42:34.450+0000] {processor.py:157} INFO - Started process (PID=2190) to work on /home/airflow/.local/lib/python3.8/site-packages/airflow/example_dags/example_kubernetes_executor.py
[2025-02-14T14:42:34.452+0000] {processor.py:829} INFO - Processing file /home/airflow/.local/lib/python3.8/site-packages/airflow/example_dags/example_kubernetes_executor.py for tasks to queue
[2025-02-14T14:42:34.455+0000] {logging_mixin.py:154} INFO - [2025-02-14T14:42:34.454+0000] {dagbag.py:536} INFO - Filling up the DagBag from /home/airflow/.local/lib/python3.8/site-packages/airflow/example_dags/example_kubernetes_executor.py
[2025-02-14T14:42:34.506+0000] {processor.py:839} INFO - DAG(s) dict_keys(['example_kubernetes_executor']) retrieved from /home/airflow/.local/lib/python3.8/site-packages/airflow/example_dags/example_kubernetes_executor.py
[2025-02-14T14:42:34.629+0000] {logging_mixin.py:154} INFO - [2025-02-14T14:42:34.628+0000] {dag.py:2941} INFO - Sync 1 DAGs
[2025-02-14T14:42:34.668+0000] {logging_mixin.py:154} INFO - [2025-02-14T14:42:34.667+0000] {dag.py:3722} INFO - Setting next_dagrun for example_kubernetes_executor to None, run_after=None
[2025-02-14T14:42:34.733+0000] {processor.py:179} INFO - Processing /home/airflow/.local/lib/python3.8/site-packages/airflow/example_dags/example_kubernetes_executor.py took 0.296 seconds
[2025-02-14T14:43:05.711+0000] {processor.py:157} INFO - Started process (PID=2428) to work on /home/airflow/.local/lib/python3.8/site-packages/airflow/example_dags/example_kubernetes_executor.py
[2025-02-14T14:43:05.715+0000] {processor.py:829} INFO - Processing file /home/airflow/.local/lib/python3.8/site-packages/airflow/example_dags/example_kubernetes_executor.py for tasks to queue
[2025-02-14T14:43:05.717+0000] {logging_mixin.py:154} INFO - [2025-02-14T14:43:05.716+0000] {dagbag.py:536} INFO - Filling up the DagBag from /home/airflow/.local/lib/python3.8/site-packages/airflow/example_dags/example_kubernetes_executor.py
[2025-02-14T14:43:05.756+0000] {processor.py:839} INFO - DAG(s) dict_keys(['example_kubernetes_executor']) retrieved from /home/airflow/.local/lib/python3.8/site-packages/airflow/example_dags/example_kubernetes_executor.py
[2025-02-14T14:43:05.878+0000] {logging_mixin.py:154} INFO - [2025-02-14T14:43:05.877+0000] {dag.py:2941} INFO - Sync 1 DAGs
[2025-02-14T14:43:05.919+0000] {logging_mixin.py:154} INFO - [2025-02-14T14:43:05.919+0000] {dag.py:3722} INFO - Setting next_dagrun for example_kubernetes_executor to None, run_after=None
[2025-02-14T14:43:05.971+0000] {processor.py:179} INFO - Processing /home/airflow/.local/lib/python3.8/site-packages/airflow/example_dags/example_kubernetes_executor.py took 0.274 seconds
[2025-02-14T14:43:36.497+0000] {processor.py:157} INFO - Started process (PID=2666) to work on /home/airflow/.local/lib/python3.8/site-packages/airflow/example_dags/example_kubernetes_executor.py
[2025-02-14T14:43:36.501+0000] {processor.py:829} INFO - Processing file /home/airflow/.local/lib/python3.8/site-packages/airflow/example_dags/example_kubernetes_executor.py for tasks to queue
[2025-02-14T14:43:36.503+0000] {logging_mixin.py:154} INFO - [2025-02-14T14:43:36.502+0000] {dagbag.py:536} INFO - Filling up the DagBag from /home/airflow/.local/lib/python3.8/site-packages/airflow/example_dags/example_kubernetes_executor.py
[2025-02-14T14:43:36.543+0000] {processor.py:839} INFO - DAG(s) dict_keys(['example_kubernetes_executor']) retrieved from /home/airflow/.local/lib/python3.8/site-packages/airflow/example_dags/example_kubernetes_executor.py
[2025-02-14T14:43:36.681+0000] {logging_mixin.py:154} INFO - [2025-02-14T14:43:36.681+0000] {dag.py:2941} INFO - Sync 1 DAGs
[2025-02-14T14:43:36.748+0000] {logging_mixin.py:154} INFO - [2025-02-14T14:43:36.747+0000] {dag.py:3722} INFO - Setting next_dagrun for example_kubernetes_executor to None, run_after=None
[2025-02-14T14:43:36.813+0000] {processor.py:179} INFO - Processing /home/airflow/.local/lib/python3.8/site-packages/airflow/example_dags/example_kubernetes_executor.py took 0.337 seconds
[2025-02-14T14:44:07.083+0000] {processor.py:157} INFO - Started process (PID=2903) to work on /home/airflow/.local/lib/python3.8/site-packages/airflow/example_dags/example_kubernetes_executor.py
[2025-02-14T14:44:07.087+0000] {processor.py:829} INFO - Processing file /home/airflow/.local/lib/python3.8/site-packages/airflow/example_dags/example_kubernetes_executor.py for tasks to queue
[2025-02-14T14:44:07.091+0000] {logging_mixin.py:154} INFO - [2025-02-14T14:44:07.088+0000] {dagbag.py:536} INFO - Filling up the DagBag from /home/airflow/.local/lib/python3.8/site-packages/airflow/example_dags/example_kubernetes_executor.py
[2025-02-14T14:44:07.138+0000] {processor.py:839} INFO - DAG(s) dict_keys(['example_kubernetes_executor']) retrieved from /home/airflow/.local/lib/python3.8/site-packages/airflow/example_dags/example_kubernetes_executor.py
[2025-02-14T14:44:07.247+0000] {logging_mixin.py:154} INFO - [2025-02-14T14:44:07.246+0000] {dag.py:2941} INFO - Sync 1 DAGs
[2025-02-14T14:44:07.304+0000] {logging_mixin.py:154} INFO - [2025-02-14T14:44:07.303+0000] {dag.py:3722} INFO - Setting next_dagrun for example_kubernetes_executor to None, run_after=None
[2025-02-14T14:44:07.376+0000] {processor.py:179} INFO - Processing /home/airflow/.local/lib/python3.8/site-packages/airflow/example_dags/example_kubernetes_executor.py took 0.311 seconds
[2025-02-14T14:44:37.790+0000] {processor.py:157} INFO - Started process (PID=3158) to work on /home/airflow/.local/lib/python3.8/site-packages/airflow/example_dags/example_kubernetes_executor.py
[2025-02-14T14:44:37.792+0000] {processor.py:829} INFO - Processing file /home/airflow/.local/lib/python3.8/site-packages/airflow/example_dags/example_kubernetes_executor.py for tasks to queue
[2025-02-14T14:44:37.794+0000] {logging_mixin.py:154} INFO - [2025-02-14T14:44:37.793+0000] {dagbag.py:536} INFO - Filling up the DagBag from /home/airflow/.local/lib/python3.8/site-packages/airflow/example_dags/example_kubernetes_executor.py
[2025-02-14T14:44:37.840+0000] {processor.py:839} INFO - DAG(s) dict_keys(['example_kubernetes_executor']) retrieved from /home/airflow/.local/lib/python3.8/site-packages/airflow/example_dags/example_kubernetes_executor.py
[2025-02-14T14:44:37.933+0000] {logging_mixin.py:154} INFO - [2025-02-14T14:44:37.932+0000] {dag.py:2941} INFO - Sync 1 DAGs
[2025-02-14T14:44:37.975+0000] {logging_mixin.py:154} INFO - [2025-02-14T14:44:37.974+0000] {dag.py:3722} INFO - Setting next_dagrun for example_kubernetes_executor to None, run_after=None
[2025-02-14T14:44:38.030+0000] {processor.py:179} INFO - Processing /home/airflow/.local/lib/python3.8/site-packages/airflow/example_dags/example_kubernetes_executor.py took 0.250 seconds
[2025-02-14T14:45:08.296+0000] {processor.py:157} INFO - Started process (PID=3412) to work on /home/airflow/.local/lib/python3.8/site-packages/airflow/example_dags/example_kubernetes_executor.py
[2025-02-14T14:45:08.299+0000] {processor.py:829} INFO - Processing file /home/airflow/.local/lib/python3.8/site-packages/airflow/example_dags/example_kubernetes_executor.py for tasks to queue
[2025-02-14T14:45:08.301+0000] {logging_mixin.py:154} INFO - [2025-02-14T14:45:08.300+0000] {dagbag.py:536} INFO - Filling up the DagBag from /home/airflow/.local/lib/python3.8/site-packages/airflow/example_dags/example_kubernetes_executor.py
[2025-02-14T14:45:08.336+0000] {processor.py:839} INFO - DAG(s) dict_keys(['example_kubernetes_executor']) retrieved from /home/airflow/.local/lib/python3.8/site-packages/airflow/example_dags/example_kubernetes_executor.py
[2025-02-14T14:45:08.444+0000] {logging_mixin.py:154} INFO - [2025-02-14T14:45:08.443+0000] {dag.py:2941} INFO - Sync 1 DAGs
[2025-02-14T14:45:08.480+0000] {logging_mixin.py:154} INFO - [2025-02-14T14:45:08.479+0000] {dag.py:3722} INFO - Setting next_dagrun for example_kubernetes_executor to None, run_after=None
[2025-02-14T14:45:08.542+0000] {processor.py:179} INFO - Processing /home/airflow/.local/lib/python3.8/site-packages/airflow/example_dags/example_kubernetes_executor.py took 0.255 seconds
[2025-02-14T14:45:39.470+0000] {processor.py:157} INFO - Started process (PID=3650) to work on /home/airflow/.local/lib/python3.8/site-packages/airflow/example_dags/example_kubernetes_executor.py
[2025-02-14T14:45:39.475+0000] {processor.py:829} INFO - Processing file /home/airflow/.local/lib/python3.8/site-packages/airflow/example_dags/example_kubernetes_executor.py for tasks to queue
[2025-02-14T14:45:39.477+0000] {logging_mixin.py:154} INFO - [2025-02-14T14:45:39.476+0000] {dagbag.py:536} INFO - Filling up the DagBag from /home/airflow/.local/lib/python3.8/site-packages/airflow/example_dags/example_kubernetes_executor.py
[2025-02-14T14:45:39.536+0000] {processor.py:839} INFO - DAG(s) dict_keys(['example_kubernetes_executor']) retrieved from /home/airflow/.local/lib/python3.8/site-packages/airflow/example_dags/example_kubernetes_executor.py
[2025-02-14T14:45:39.675+0000] {logging_mixin.py:154} INFO - [2025-02-14T14:45:39.674+0000] {dag.py:2941} INFO - Sync 1 DAGs
[2025-02-14T14:45:39.712+0000] {logging_mixin.py:154} INFO - [2025-02-14T14:45:39.711+0000] {dag.py:3722} INFO - Setting next_dagrun for example_kubernetes_executor to None, run_after=None
[2025-02-14T14:45:39.792+0000] {processor.py:179} INFO - Processing /home/airflow/.local/lib/python3.8/site-packages/airflow/example_dags/example_kubernetes_executor.py took 0.335 seconds
[2025-02-14T14:46:10.472+0000] {processor.py:157} INFO - Started process (PID=3888) to work on /home/airflow/.local/lib/python3.8/site-packages/airflow/example_dags/example_kubernetes_executor.py
[2025-02-14T14:46:10.477+0000] {processor.py:829} INFO - Processing file /home/airflow/.local/lib/python3.8/site-packages/airflow/example_dags/example_kubernetes_executor.py for tasks to queue
[2025-02-14T14:46:10.481+0000] {logging_mixin.py:154} INFO - [2025-02-14T14:46:10.479+0000] {dagbag.py:536} INFO - Filling up the DagBag from /home/airflow/.local/lib/python3.8/site-packages/airflow/example_dags/example_kubernetes_executor.py
[2025-02-14T14:46:10.523+0000] {processor.py:839} INFO - DAG(s) dict_keys(['example_kubernetes_executor']) retrieved from /home/airflow/.local/lib/python3.8/site-packages/airflow/example_dags/example_kubernetes_executor.py
[2025-02-14T14:46:10.616+0000] {logging_mixin.py:154} INFO - [2025-02-14T14:46:10.616+0000] {dag.py:2941} INFO - Sync 1 DAGs
[2025-02-14T14:46:10.645+0000] {logging_mixin.py:154} INFO - [2025-02-14T14:46:10.645+0000] {dag.py:3722} INFO - Setting next_dagrun for example_kubernetes_executor to None, run_after=None
[2025-02-14T14:46:10.699+0000] {processor.py:179} INFO - Processing /home/airflow/.local/lib/python3.8/site-packages/airflow/example_dags/example_kubernetes_executor.py took 0.238 seconds
[2025-02-14T14:46:41.729+0000] {processor.py:157} INFO - Started process (PID=4125) to work on /home/airflow/.local/lib/python3.8/site-packages/airflow/example_dags/example_kubernetes_executor.py
[2025-02-14T14:46:41.732+0000] {processor.py:829} INFO - Processing file /home/airflow/.local/lib/python3.8/site-packages/airflow/example_dags/example_kubernetes_executor.py for tasks to queue
[2025-02-14T14:46:41.735+0000] {logging_mixin.py:154} INFO - [2025-02-14T14:46:41.734+0000] {dagbag.py:536} INFO - Filling up the DagBag from /home/airflow/.local/lib/python3.8/site-packages/airflow/example_dags/example_kubernetes_executor.py
[2025-02-14T14:46:41.774+0000] {processor.py:839} INFO - DAG(s) dict_keys(['example_kubernetes_executor']) retrieved from /home/airflow/.local/lib/python3.8/site-packages/airflow/example_dags/example_kubernetes_executor.py
[2025-02-14T14:46:41.882+0000] {logging_mixin.py:154} INFO - [2025-02-14T14:46:41.882+0000] {dag.py:2941} INFO - Sync 1 DAGs
[2025-02-14T14:46:41.924+0000] {logging_mixin.py:154} INFO - [2025-02-14T14:46:41.923+0000] {dag.py:3722} INFO - Setting next_dagrun for example_kubernetes_executor to None, run_after=None
[2025-02-14T14:46:41.989+0000] {processor.py:179} INFO - Processing /home/airflow/.local/lib/python3.8/site-packages/airflow/example_dags/example_kubernetes_executor.py took 0.269 seconds
[2025-02-14T14:47:12.644+0000] {processor.py:157} INFO - Started process (PID=4363) to work on /home/airflow/.local/lib/python3.8/site-packages/airflow/example_dags/example_kubernetes_executor.py
[2025-02-14T14:47:12.648+0000] {processor.py:829} INFO - Processing file /home/airflow/.local/lib/python3.8/site-packages/airflow/example_dags/example_kubernetes_executor.py for tasks to queue
[2025-02-14T14:47:12.650+0000] {logging_mixin.py:154} INFO - [2025-02-14T14:47:12.649+0000] {dagbag.py:536} INFO - Filling up the DagBag from /home/airflow/.local/lib/python3.8/site-packages/airflow/example_dags/example_kubernetes_executor.py
[2025-02-14T14:47:12.701+0000] {processor.py:839} INFO - DAG(s) dict_keys(['example_kubernetes_executor']) retrieved from /home/airflow/.local/lib/python3.8/site-packages/airflow/example_dags/example_kubernetes_executor.py
[2025-02-14T14:47:12.827+0000] {logging_mixin.py:154} INFO - [2025-02-14T14:47:12.827+0000] {dag.py:2941} INFO - Sync 1 DAGs
[2025-02-14T14:47:12.867+0000] {logging_mixin.py:154} INFO - [2025-02-14T14:47:12.866+0000] {dag.py:3722} INFO - Setting next_dagrun for example_kubernetes_executor to None, run_after=None
[2025-02-14T14:47:12.928+0000] {processor.py:179} INFO - Processing /home/airflow/.local/lib/python3.8/site-packages/airflow/example_dags/example_kubernetes_executor.py took 0.303 seconds
[2025-02-14T14:47:43.442+0000] {processor.py:157} INFO - Started process (PID=4596) to work on /home/airflow/.local/lib/python3.8/site-packages/airflow/example_dags/example_kubernetes_executor.py
[2025-02-14T14:47:43.445+0000] {processor.py:829} INFO - Processing file /home/airflow/.local/lib/python3.8/site-packages/airflow/example_dags/example_kubernetes_executor.py for tasks to queue
[2025-02-14T14:47:43.447+0000] {logging_mixin.py:154} INFO - [2025-02-14T14:47:43.446+0000] {dagbag.py:536} INFO - Filling up the DagBag from /home/airflow/.local/lib/python3.8/site-packages/airflow/example_dags/example_kubernetes_executor.py
[2025-02-14T14:47:43.485+0000] {processor.py:839} INFO - DAG(s) dict_keys(['example_kubernetes_executor']) retrieved from /home/airflow/.local/lib/python3.8/site-packages/airflow/example_dags/example_kubernetes_executor.py
[2025-02-14T14:47:43.630+0000] {logging_mixin.py:154} INFO - [2025-02-14T14:47:43.630+0000] {dag.py:2941} INFO - Sync 1 DAGs
[2025-02-14T14:47:43.669+0000] {logging_mixin.py:154} INFO - [2025-02-14T14:47:43.669+0000] {dag.py:3722} INFO - Setting next_dagrun for example_kubernetes_executor to None, run_after=None
[2025-02-14T14:47:43.728+0000] {processor.py:179} INFO - Processing /home/airflow/.local/lib/python3.8/site-packages/airflow/example_dags/example_kubernetes_executor.py took 0.298 seconds
[2025-02-14T14:48:14.479+0000] {processor.py:157} INFO - Started process (PID=4840) to work on /home/airflow/.local/lib/python3.8/site-packages/airflow/example_dags/example_kubernetes_executor.py
[2025-02-14T14:48:14.481+0000] {processor.py:829} INFO - Processing file /home/airflow/.local/lib/python3.8/site-packages/airflow/example_dags/example_kubernetes_executor.py for tasks to queue
[2025-02-14T14:48:14.483+0000] {logging_mixin.py:154} INFO - [2025-02-14T14:48:14.482+0000] {dagbag.py:536} INFO - Filling up the DagBag from /home/airflow/.local/lib/python3.8/site-packages/airflow/example_dags/example_kubernetes_executor.py
[2025-02-14T14:48:14.514+0000] {processor.py:839} INFO - DAG(s) dict_keys(['example_kubernetes_executor']) retrieved from /home/airflow/.local/lib/python3.8/site-packages/airflow/example_dags/example_kubernetes_executor.py
[2025-02-14T14:48:14.628+0000] {logging_mixin.py:154} INFO - [2025-02-14T14:48:14.628+0000] {dag.py:2941} INFO - Sync 1 DAGs
[2025-02-14T14:48:14.672+0000] {logging_mixin.py:154} INFO - [2025-02-14T14:48:14.671+0000] {dag.py:3722} INFO - Setting next_dagrun for example_kubernetes_executor to None, run_after=None
[2025-02-14T14:48:14.749+0000] {processor.py:179} INFO - Processing /home/airflow/.local/lib/python3.8/site-packages/airflow/example_dags/example_kubernetes_executor.py took 0.279 seconds
[2025-02-14T14:48:44.809+0000] {processor.py:157} INFO - Started process (PID=5076) to work on /home/airflow/.local/lib/python3.8/site-packages/airflow/example_dags/example_kubernetes_executor.py
[2025-02-14T14:48:44.811+0000] {processor.py:829} INFO - Processing file /home/airflow/.local/lib/python3.8/site-packages/airflow/example_dags/example_kubernetes_executor.py for tasks to queue
[2025-02-14T14:48:44.816+0000] {logging_mixin.py:154} INFO - [2025-02-14T14:48:44.815+0000] {dagbag.py:536} INFO - Filling up the DagBag from /home/airflow/.local/lib/python3.8/site-packages/airflow/example_dags/example_kubernetes_executor.py
[2025-02-14T14:48:44.850+0000] {processor.py:839} INFO - DAG(s) dict_keys(['example_kubernetes_executor']) retrieved from /home/airflow/.local/lib/python3.8/site-packages/airflow/example_dags/example_kubernetes_executor.py
[2025-02-14T14:48:44.941+0000] {logging_mixin.py:154} INFO - [2025-02-14T14:48:44.941+0000] {dag.py:2941} INFO - Sync 1 DAGs
[2025-02-14T14:48:44.974+0000] {logging_mixin.py:154} INFO - [2025-02-14T14:48:44.973+0000] {dag.py:3722} INFO - Setting next_dagrun for example_kubernetes_executor to None, run_after=None
[2025-02-14T14:48:45.049+0000] {processor.py:179} INFO - Processing /home/airflow/.local/lib/python3.8/site-packages/airflow/example_dags/example_kubernetes_executor.py took 0.248 seconds
[2025-02-14T14:49:15.431+0000] {processor.py:157} INFO - Started process (PID=5319) to work on /home/airflow/.local/lib/python3.8/site-packages/airflow/example_dags/example_kubernetes_executor.py
[2025-02-14T14:49:15.434+0000] {processor.py:829} INFO - Processing file /home/airflow/.local/lib/python3.8/site-packages/airflow/example_dags/example_kubernetes_executor.py for tasks to queue
[2025-02-14T14:49:15.436+0000] {logging_mixin.py:154} INFO - [2025-02-14T14:49:15.435+0000] {dagbag.py:536} INFO - Filling up the DagBag from /home/airflow/.local/lib/python3.8/site-packages/airflow/example_dags/example_kubernetes_executor.py
[2025-02-14T14:49:15.475+0000] {processor.py:839} INFO - DAG(s) dict_keys(['example_kubernetes_executor']) retrieved from /home/airflow/.local/lib/python3.8/site-packages/airflow/example_dags/example_kubernetes_executor.py
[2025-02-14T14:49:15.588+0000] {logging_mixin.py:154} INFO - [2025-02-14T14:49:15.587+0000] {dag.py:2941} INFO - Sync 1 DAGs
[2025-02-14T14:49:15.638+0000] {logging_mixin.py:154} INFO - [2025-02-14T14:49:15.637+0000] {dag.py:3722} INFO - Setting next_dagrun for example_kubernetes_executor to None, run_after=None
[2025-02-14T14:49:15.692+0000] {processor.py:179} INFO - Processing /home/airflow/.local/lib/python3.8/site-packages/airflow/example_dags/example_kubernetes_executor.py took 0.270 seconds
[2025-02-14T14:49:46.321+0000] {processor.py:157} INFO - Started process (PID=5556) to work on /home/airflow/.local/lib/python3.8/site-packages/airflow/example_dags/example_kubernetes_executor.py
[2025-02-14T14:49:46.324+0000] {processor.py:829} INFO - Processing file /home/airflow/.local/lib/python3.8/site-packages/airflow/example_dags/example_kubernetes_executor.py for tasks to queue
[2025-02-14T14:49:46.325+0000] {logging_mixin.py:154} INFO - [2025-02-14T14:49:46.324+0000] {dagbag.py:536} INFO - Filling up the DagBag from /home/airflow/.local/lib/python3.8/site-packages/airflow/example_dags/example_kubernetes_executor.py
[2025-02-14T14:49:46.360+0000] {processor.py:839} INFO - DAG(s) dict_keys(['example_kubernetes_executor']) retrieved from /home/airflow/.local/lib/python3.8/site-packages/airflow/example_dags/example_kubernetes_executor.py
[2025-02-14T14:49:46.465+0000] {logging_mixin.py:154} INFO - [2025-02-14T14:49:46.464+0000] {dag.py:2941} INFO - Sync 1 DAGs
[2025-02-14T14:49:46.504+0000] {logging_mixin.py:154} INFO - [2025-02-14T14:49:46.503+0000] {dag.py:3722} INFO - Setting next_dagrun for example_kubernetes_executor to None, run_after=None
[2025-02-14T14:49:46.588+0000] {processor.py:179} INFO - Processing /home/airflow/.local/lib/python3.8/site-packages/airflow/example_dags/example_kubernetes_executor.py took 0.277 seconds
[2025-02-14T14:50:17.440+0000] {processor.py:157} INFO - Started process (PID=5799) to work on /home/airflow/.local/lib/python3.8/site-packages/airflow/example_dags/example_kubernetes_executor.py
[2025-02-14T14:50:17.445+0000] {processor.py:829} INFO - Processing file /home/airflow/.local/lib/python3.8/site-packages/airflow/example_dags/example_kubernetes_executor.py for tasks to queue
[2025-02-14T14:50:17.449+0000] {logging_mixin.py:154} INFO - [2025-02-14T14:50:17.448+0000] {dagbag.py:536} INFO - Filling up the DagBag from /home/airflow/.local/lib/python3.8/site-packages/airflow/example_dags/example_kubernetes_executor.py
[2025-02-14T14:50:17.511+0000] {processor.py:839} INFO - DAG(s) dict_keys(['example_kubernetes_executor']) retrieved from /home/airflow/.local/lib/python3.8/site-packages/airflow/example_dags/example_kubernetes_executor.py
[2025-02-14T14:50:17.656+0000] {logging_mixin.py:154} INFO - [2025-02-14T14:50:17.655+0000] {dag.py:2941} INFO - Sync 1 DAGs
[2025-02-14T14:50:17.691+0000] {logging_mixin.py:154} INFO - [2025-02-14T14:50:17.690+0000] {dag.py:3722} INFO - Setting next_dagrun for example_kubernetes_executor to None, run_after=None
[2025-02-14T14:50:17.743+0000] {processor.py:179} INFO - Processing /home/airflow/.local/lib/python3.8/site-packages/airflow/example_dags/example_kubernetes_executor.py took 0.325 seconds
[2025-02-14T14:50:49.165+0000] {processor.py:157} INFO - Started process (PID=6046) to work on /home/airflow/.local/lib/python3.8/site-packages/airflow/example_dags/example_kubernetes_executor.py
[2025-02-14T14:50:49.170+0000] {processor.py:829} INFO - Processing file /home/airflow/.local/lib/python3.8/site-packages/airflow/example_dags/example_kubernetes_executor.py for tasks to queue
[2025-02-14T14:50:49.174+0000] {logging_mixin.py:154} INFO - [2025-02-14T14:50:49.173+0000] {dagbag.py:536} INFO - Filling up the DagBag from /home/airflow/.local/lib/python3.8/site-packages/airflow/example_dags/example_kubernetes_executor.py
[2025-02-14T14:50:49.278+0000] {processor.py:839} INFO - DAG(s) dict_keys(['example_kubernetes_executor']) retrieved from /home/airflow/.local/lib/python3.8/site-packages/airflow/example_dags/example_kubernetes_executor.py
[2025-02-14T14:50:49.447+0000] {logging_mixin.py:154} INFO - [2025-02-14T14:50:49.447+0000] {dag.py:2941} INFO - Sync 1 DAGs
[2025-02-14T14:50:49.504+0000] {logging_mixin.py:154} INFO - [2025-02-14T14:50:49.503+0000] {dag.py:3722} INFO - Setting next_dagrun for example_kubernetes_executor to None, run_after=None
[2025-02-14T14:50:49.567+0000] {processor.py:179} INFO - Processing /home/airflow/.local/lib/python3.8/site-packages/airflow/example_dags/example_kubernetes_executor.py took 0.423 seconds
[2025-02-14T14:51:20.774+0000] {processor.py:157} INFO - Started process (PID=6285) to work on /home/airflow/.local/lib/python3.8/site-packages/airflow/example_dags/example_kubernetes_executor.py
[2025-02-14T14:51:20.777+0000] {processor.py:829} INFO - Processing file /home/airflow/.local/lib/python3.8/site-packages/airflow/example_dags/example_kubernetes_executor.py for tasks to queue
[2025-02-14T14:51:20.779+0000] {logging_mixin.py:154} INFO - [2025-02-14T14:51:20.778+0000] {dagbag.py:536} INFO - Filling up the DagBag from /home/airflow/.local/lib/python3.8/site-packages/airflow/example_dags/example_kubernetes_executor.py
[2025-02-14T14:51:20.829+0000] {processor.py:839} INFO - DAG(s) dict_keys(['example_kubernetes_executor']) retrieved from /home/airflow/.local/lib/python3.8/site-packages/airflow/example_dags/example_kubernetes_executor.py
[2025-02-14T14:51:20.933+0000] {logging_mixin.py:154} INFO - [2025-02-14T14:51:20.932+0000] {dag.py:2941} INFO - Sync 1 DAGs
[2025-02-14T14:51:20.976+0000] {logging_mixin.py:154} INFO - [2025-02-14T14:51:20.975+0000] {dag.py:3722} INFO - Setting next_dagrun for example_kubernetes_executor to None, run_after=None
[2025-02-14T14:51:21.039+0000] {processor.py:179} INFO - Processing /home/airflow/.local/lib/python3.8/site-packages/airflow/example_dags/example_kubernetes_executor.py took 0.277 seconds
[2025-02-14T14:51:51.467+0000] {processor.py:157} INFO - Started process (PID=6523) to work on /home/airflow/.local/lib/python3.8/site-packages/airflow/example_dags/example_kubernetes_executor.py
[2025-02-14T14:51:51.470+0000] {processor.py:829} INFO - Processing file /home/airflow/.local/lib/python3.8/site-packages/airflow/example_dags/example_kubernetes_executor.py for tasks to queue
[2025-02-14T14:51:51.472+0000] {logging_mixin.py:154} INFO - [2025-02-14T14:51:51.472+0000] {dagbag.py:536} INFO - Filling up the DagBag from /home/airflow/.local/lib/python3.8/site-packages/airflow/example_dags/example_kubernetes_executor.py
[2025-02-14T14:51:51.511+0000] {processor.py:839} INFO - DAG(s) dict_keys(['example_kubernetes_executor']) retrieved from /home/airflow/.local/lib/python3.8/site-packages/airflow/example_dags/example_kubernetes_executor.py
[2025-02-14T14:51:51.608+0000] {logging_mixin.py:154} INFO - [2025-02-14T14:51:51.607+0000] {dag.py:2941} INFO - Sync 1 DAGs
[2025-02-14T14:51:51.648+0000] {logging_mixin.py:154} INFO - [2025-02-14T14:51:51.648+0000] {dag.py:3722} INFO - Setting next_dagrun for example_kubernetes_executor to None, run_after=None
[2025-02-14T14:51:51.709+0000] {processor.py:179} INFO - Processing /home/airflow/.local/lib/python3.8/site-packages/airflow/example_dags/example_kubernetes_executor.py took 0.253 seconds
[2025-02-14T14:52:22.173+0000] {processor.py:157} INFO - Started process (PID=6761) to work on /home/airflow/.local/lib/python3.8/site-packages/airflow/example_dags/example_kubernetes_executor.py
[2025-02-14T14:52:22.180+0000] {processor.py:829} INFO - Processing file /home/airflow/.local/lib/python3.8/site-packages/airflow/example_dags/example_kubernetes_executor.py for tasks to queue
[2025-02-14T14:52:22.187+0000] {logging_mixin.py:154} INFO - [2025-02-14T14:52:22.186+0000] {dagbag.py:536} INFO - Filling up the DagBag from /home/airflow/.local/lib/python3.8/site-packages/airflow/example_dags/example_kubernetes_executor.py
[2025-02-14T14:52:22.239+0000] {processor.py:839} INFO - DAG(s) dict_keys(['example_kubernetes_executor']) retrieved from /home/airflow/.local/lib/python3.8/site-packages/airflow/example_dags/example_kubernetes_executor.py
[2025-02-14T14:52:22.349+0000] {logging_mixin.py:154} INFO - [2025-02-14T14:52:22.349+0000] {dag.py:2941} INFO - Sync 1 DAGs
[2025-02-14T14:52:22.411+0000] {logging_mixin.py:154} INFO - [2025-02-14T14:52:22.410+0000] {dag.py:3722} INFO - Setting next_dagrun for example_kubernetes_executor to None, run_after=None
[2025-02-14T14:52:22.480+0000] {processor.py:179} INFO - Processing /home/airflow/.local/lib/python3.8/site-packages/airflow/example_dags/example_kubernetes_executor.py took 0.325 seconds
[2025-02-14T14:52:52.752+0000] {processor.py:157} INFO - Started process (PID=6999) to work on /home/airflow/.local/lib/python3.8/site-packages/airflow/example_dags/example_kubernetes_executor.py
[2025-02-14T14:52:52.756+0000] {processor.py:829} INFO - Processing file /home/airflow/.local/lib/python3.8/site-packages/airflow/example_dags/example_kubernetes_executor.py for tasks to queue
[2025-02-14T14:52:52.761+0000] {logging_mixin.py:154} INFO - [2025-02-14T14:52:52.760+0000] {dagbag.py:536} INFO - Filling up the DagBag from /home/airflow/.local/lib/python3.8/site-packages/airflow/example_dags/example_kubernetes_executor.py
[2025-02-14T14:52:52.799+0000] {processor.py:839} INFO - DAG(s) dict_keys(['example_kubernetes_executor']) retrieved from /home/airflow/.local/lib/python3.8/site-packages/airflow/example_dags/example_kubernetes_executor.py
[2025-02-14T14:52:52.911+0000] {logging_mixin.py:154} INFO - [2025-02-14T14:52:52.910+0000] {dag.py:2941} INFO - Sync 1 DAGs
[2025-02-14T14:52:52.957+0000] {logging_mixin.py:154} INFO - [2025-02-14T14:52:52.957+0000] {dag.py:3722} INFO - Setting next_dagrun for example_kubernetes_executor to None, run_after=None
[2025-02-14T14:52:53.013+0000] {processor.py:179} INFO - Processing /home/airflow/.local/lib/python3.8/site-packages/airflow/example_dags/example_kubernetes_executor.py took 0.280 seconds
[2025-02-14T14:53:23.568+0000] {processor.py:157} INFO - Started process (PID=7238) to work on /home/airflow/.local/lib/python3.8/site-packages/airflow/example_dags/example_kubernetes_executor.py
[2025-02-14T14:53:23.570+0000] {processor.py:829} INFO - Processing file /home/airflow/.local/lib/python3.8/site-packages/airflow/example_dags/example_kubernetes_executor.py for tasks to queue
[2025-02-14T14:53:23.574+0000] {logging_mixin.py:154} INFO - [2025-02-14T14:53:23.573+0000] {dagbag.py:536} INFO - Filling up the DagBag from /home/airflow/.local/lib/python3.8/site-packages/airflow/example_dags/example_kubernetes_executor.py
[2025-02-14T14:53:23.618+0000] {processor.py:839} INFO - DAG(s) dict_keys(['example_kubernetes_executor']) retrieved from /home/airflow/.local/lib/python3.8/site-packages/airflow/example_dags/example_kubernetes_executor.py
[2025-02-14T14:53:23.704+0000] {logging_mixin.py:154} INFO - [2025-02-14T14:53:23.703+0000] {dag.py:2941} INFO - Sync 1 DAGs
[2025-02-14T14:53:23.757+0000] {logging_mixin.py:154} INFO - [2025-02-14T14:53:23.756+0000] {dag.py:3722} INFO - Setting next_dagrun for example_kubernetes_executor to None, run_after=None
[2025-02-14T14:53:23.809+0000] {processor.py:179} INFO - Processing /home/airflow/.local/lib/python3.8/site-packages/airflow/example_dags/example_kubernetes_executor.py took 0.251 seconds
[2025-02-14T14:53:53.997+0000] {processor.py:157} INFO - Started process (PID=7476) to work on /home/airflow/.local/lib/python3.8/site-packages/airflow/example_dags/example_kubernetes_executor.py
[2025-02-14T14:53:54.001+0000] {processor.py:829} INFO - Processing file /home/airflow/.local/lib/python3.8/site-packages/airflow/example_dags/example_kubernetes_executor.py for tasks to queue
[2025-02-14T14:53:54.003+0000] {logging_mixin.py:154} INFO - [2025-02-14T14:53:54.002+0000] {dagbag.py:536} INFO - Filling up the DagBag from /home/airflow/.local/lib/python3.8/site-packages/airflow/example_dags/example_kubernetes_executor.py
[2025-02-14T14:53:54.043+0000] {processor.py:839} INFO - DAG(s) dict_keys(['example_kubernetes_executor']) retrieved from /home/airflow/.local/lib/python3.8/site-packages/airflow/example_dags/example_kubernetes_executor.py
[2025-02-14T14:53:54.135+0000] {logging_mixin.py:154} INFO - [2025-02-14T14:53:54.134+0000] {dag.py:2941} INFO - Sync 1 DAGs
[2025-02-14T14:53:54.183+0000] {logging_mixin.py:154} INFO - [2025-02-14T14:53:54.182+0000] {dag.py:3722} INFO - Setting next_dagrun for example_kubernetes_executor to None, run_after=None
[2025-02-14T14:53:54.247+0000] {processor.py:179} INFO - Processing /home/airflow/.local/lib/python3.8/site-packages/airflow/example_dags/example_kubernetes_executor.py took 0.261 seconds
