[2025-02-14T14:38:25.194+0000] {processor.py:157} INFO - Started process (PID=267) to work on /home/airflow/.local/lib/python3.8/site-packages/airflow/example_dags/example_task_group.py
[2025-02-14T14:38:25.195+0000] {processor.py:829} INFO - Processing file /home/airflow/.local/lib/python3.8/site-packages/airflow/example_dags/example_task_group.py for tasks to queue
[2025-02-14T14:38:25.195+0000] {logging_mixin.py:154} INFO - [2025-02-14T14:38:25.195+0000] {dagbag.py:536} INFO - Filling up the DagBag from /home/airflow/.local/lib/python3.8/site-packages/airflow/example_dags/example_task_group.py
[2025-02-14T14:38:25.209+0000] {processor.py:839} INFO - DAG(s) dict_keys(['example_task_group']) retrieved from /home/airflow/.local/lib/python3.8/site-packages/airflow/example_dags/example_task_group.py
[2025-02-14T14:38:25.313+0000] {logging_mixin.py:154} INFO - [2025-02-14T14:38:25.313+0000] {manager.py:499} INFO - Created Permission View: %s
[2025-02-14T14:38:25.320+0000] {logging_mixin.py:154} INFO - [2025-02-14T14:38:25.320+0000] {manager.py:499} INFO - Created Permission View: %s
[2025-02-14T14:38:25.325+0000] {logging_mixin.py:154} INFO - [2025-02-14T14:38:25.325+0000] {manager.py:499} INFO - Created Permission View: %s
[2025-02-14T14:38:25.325+0000] {logging_mixin.py:154} INFO - [2025-02-14T14:38:25.325+0000] {dag.py:2941} INFO - Sync 1 DAGs
[2025-02-14T14:38:25.334+0000] {logging_mixin.py:154} INFO - [2025-02-14T14:38:25.334+0000] {dag.py:2963} INFO - Creating ORM DAG for example_task_group
[2025-02-14T14:38:25.341+0000] {logging_mixin.py:154} INFO - [2025-02-14T14:38:25.341+0000] {dag.py:3722} INFO - Setting next_dagrun for example_task_group to 2025-02-13T14:38:25.341410+00:00, run_after=2025-02-14T14:38:25.341410+00:00
[2025-02-14T14:38:25.355+0000] {processor.py:179} INFO - Processing /home/airflow/.local/lib/python3.8/site-packages/airflow/example_dags/example_task_group.py took 0.165 seconds
[2025-02-14T14:38:56.773+0000] {processor.py:157} INFO - Started process (PID=505) to work on /home/airflow/.local/lib/python3.8/site-packages/airflow/example_dags/example_task_group.py
[2025-02-14T14:38:56.775+0000] {processor.py:829} INFO - Processing file /home/airflow/.local/lib/python3.8/site-packages/airflow/example_dags/example_task_group.py for tasks to queue
[2025-02-14T14:38:56.778+0000] {logging_mixin.py:154} INFO - [2025-02-14T14:38:56.777+0000] {dagbag.py:536} INFO - Filling up the DagBag from /home/airflow/.local/lib/python3.8/site-packages/airflow/example_dags/example_task_group.py
[2025-02-14T14:38:56.813+0000] {processor.py:839} INFO - DAG(s) dict_keys(['example_task_group']) retrieved from /home/airflow/.local/lib/python3.8/site-packages/airflow/example_dags/example_task_group.py
[2025-02-14T14:38:56.878+0000] {logging_mixin.py:154} INFO - [2025-02-14T14:38:56.877+0000] {dag.py:2941} INFO - Sync 1 DAGs
[2025-02-14T14:38:56.964+0000] {logging_mixin.py:154} INFO - [2025-02-14T14:38:56.964+0000] {dag.py:3722} INFO - Setting next_dagrun for example_task_group to 2025-02-13T14:38:56.963524+00:00, run_after=2025-02-14T14:38:56.963524+00:00
[2025-02-14T14:38:57.067+0000] {processor.py:179} INFO - Processing /home/airflow/.local/lib/python3.8/site-packages/airflow/example_dags/example_task_group.py took 0.306 seconds
[2025-02-14T14:39:27.412+0000] {processor.py:157} INFO - Started process (PID=743) to work on /home/airflow/.local/lib/python3.8/site-packages/airflow/example_dags/example_task_group.py
[2025-02-14T14:39:27.415+0000] {processor.py:829} INFO - Processing file /home/airflow/.local/lib/python3.8/site-packages/airflow/example_dags/example_task_group.py for tasks to queue
[2025-02-14T14:39:27.417+0000] {logging_mixin.py:154} INFO - [2025-02-14T14:39:27.416+0000] {dagbag.py:536} INFO - Filling up the DagBag from /home/airflow/.local/lib/python3.8/site-packages/airflow/example_dags/example_task_group.py
[2025-02-14T14:39:27.441+0000] {processor.py:839} INFO - DAG(s) dict_keys(['example_task_group']) retrieved from /home/airflow/.local/lib/python3.8/site-packages/airflow/example_dags/example_task_group.py
[2025-02-14T14:39:27.505+0000] {logging_mixin.py:154} INFO - [2025-02-14T14:39:27.504+0000] {dag.py:2941} INFO - Sync 1 DAGs
[2025-02-14T14:39:27.572+0000] {logging_mixin.py:154} INFO - [2025-02-14T14:39:27.571+0000] {dag.py:3722} INFO - Setting next_dagrun for example_task_group to 2025-02-13T14:39:27.571171+00:00, run_after=2025-02-14T14:39:27.571171+00:00
[2025-02-14T14:39:27.648+0000] {processor.py:179} INFO - Processing /home/airflow/.local/lib/python3.8/site-packages/airflow/example_dags/example_task_group.py took 0.246 seconds
[2025-02-14T14:39:58.299+0000] {processor.py:157} INFO - Started process (PID=983) to work on /home/airflow/.local/lib/python3.8/site-packages/airflow/example_dags/example_task_group.py
[2025-02-14T14:39:58.302+0000] {processor.py:829} INFO - Processing file /home/airflow/.local/lib/python3.8/site-packages/airflow/example_dags/example_task_group.py for tasks to queue
[2025-02-14T14:39:58.304+0000] {logging_mixin.py:154} INFO - [2025-02-14T14:39:58.303+0000] {dagbag.py:536} INFO - Filling up the DagBag from /home/airflow/.local/lib/python3.8/site-packages/airflow/example_dags/example_task_group.py
[2025-02-14T14:39:58.329+0000] {processor.py:839} INFO - DAG(s) dict_keys(['example_task_group']) retrieved from /home/airflow/.local/lib/python3.8/site-packages/airflow/example_dags/example_task_group.py
[2025-02-14T14:39:58.401+0000] {logging_mixin.py:154} INFO - [2025-02-14T14:39:58.400+0000] {dag.py:2941} INFO - Sync 1 DAGs
[2025-02-14T14:39:58.465+0000] {logging_mixin.py:154} INFO - [2025-02-14T14:39:58.464+0000] {dag.py:3722} INFO - Setting next_dagrun for example_task_group to 2025-02-13T14:39:58.463939+00:00, run_after=2025-02-14T14:39:58.463939+00:00
[2025-02-14T14:39:58.524+0000] {processor.py:179} INFO - Processing /home/airflow/.local/lib/python3.8/site-packages/airflow/example_dags/example_task_group.py took 0.234 seconds
[2025-02-14T14:40:28.666+0000] {processor.py:157} INFO - Started process (PID=1221) to work on /home/airflow/.local/lib/python3.8/site-packages/airflow/example_dags/example_task_group.py
[2025-02-14T14:40:28.669+0000] {processor.py:829} INFO - Processing file /home/airflow/.local/lib/python3.8/site-packages/airflow/example_dags/example_task_group.py for tasks to queue
[2025-02-14T14:40:28.671+0000] {logging_mixin.py:154} INFO - [2025-02-14T14:40:28.670+0000] {dagbag.py:536} INFO - Filling up the DagBag from /home/airflow/.local/lib/python3.8/site-packages/airflow/example_dags/example_task_group.py
[2025-02-14T14:40:28.694+0000] {processor.py:839} INFO - DAG(s) dict_keys(['example_task_group']) retrieved from /home/airflow/.local/lib/python3.8/site-packages/airflow/example_dags/example_task_group.py
[2025-02-14T14:40:28.765+0000] {logging_mixin.py:154} INFO - [2025-02-14T14:40:28.764+0000] {dag.py:2941} INFO - Sync 1 DAGs
[2025-02-14T14:40:28.846+0000] {logging_mixin.py:154} INFO - [2025-02-14T14:40:28.843+0000] {dag.py:3722} INFO - Setting next_dagrun for example_task_group to 2025-02-13T14:40:28.843168+00:00, run_after=2025-02-14T14:40:28.843168+00:00
[2025-02-14T14:40:28.912+0000] {processor.py:179} INFO - Processing /home/airflow/.local/lib/python3.8/site-packages/airflow/example_dags/example_task_group.py took 0.257 seconds
[2025-02-14T14:40:59.794+0000] {processor.py:157} INFO - Started process (PID=1459) to work on /home/airflow/.local/lib/python3.8/site-packages/airflow/example_dags/example_task_group.py
[2025-02-14T14:40:59.797+0000] {processor.py:829} INFO - Processing file /home/airflow/.local/lib/python3.8/site-packages/airflow/example_dags/example_task_group.py for tasks to queue
[2025-02-14T14:40:59.799+0000] {logging_mixin.py:154} INFO - [2025-02-14T14:40:59.798+0000] {dagbag.py:536} INFO - Filling up the DagBag from /home/airflow/.local/lib/python3.8/site-packages/airflow/example_dags/example_task_group.py
[2025-02-14T14:40:59.842+0000] {processor.py:839} INFO - DAG(s) dict_keys(['example_task_group']) retrieved from /home/airflow/.local/lib/python3.8/site-packages/airflow/example_dags/example_task_group.py
[2025-02-14T14:40:59.923+0000] {logging_mixin.py:154} INFO - [2025-02-14T14:40:59.923+0000] {dag.py:2941} INFO - Sync 1 DAGs
[2025-02-14T14:40:59.998+0000] {logging_mixin.py:154} INFO - [2025-02-14T14:40:59.997+0000] {dag.py:3722} INFO - Setting next_dagrun for example_task_group to 2025-02-13T14:40:59.996469+00:00, run_after=2025-02-14T14:40:59.996469+00:00
[2025-02-14T14:41:00.080+0000] {processor.py:179} INFO - Processing /home/airflow/.local/lib/python3.8/site-packages/airflow/example_dags/example_task_group.py took 0.318 seconds
[2025-02-14T14:41:30.986+0000] {processor.py:157} INFO - Started process (PID=1696) to work on /home/airflow/.local/lib/python3.8/site-packages/airflow/example_dags/example_task_group.py
[2025-02-14T14:41:30.989+0000] {processor.py:829} INFO - Processing file /home/airflow/.local/lib/python3.8/site-packages/airflow/example_dags/example_task_group.py for tasks to queue
[2025-02-14T14:41:30.990+0000] {logging_mixin.py:154} INFO - [2025-02-14T14:41:30.990+0000] {dagbag.py:536} INFO - Filling up the DagBag from /home/airflow/.local/lib/python3.8/site-packages/airflow/example_dags/example_task_group.py
[2025-02-14T14:41:31.015+0000] {processor.py:839} INFO - DAG(s) dict_keys(['example_task_group']) retrieved from /home/airflow/.local/lib/python3.8/site-packages/airflow/example_dags/example_task_group.py
[2025-02-14T14:41:31.096+0000] {logging_mixin.py:154} INFO - [2025-02-14T14:41:31.095+0000] {dag.py:2941} INFO - Sync 1 DAGs
[2025-02-14T14:41:31.157+0000] {logging_mixin.py:154} INFO - [2025-02-14T14:41:31.157+0000] {dag.py:3722} INFO - Setting next_dagrun for example_task_group to 2025-02-13T14:41:31.156390+00:00, run_after=2025-02-14T14:41:31.156390+00:00
[2025-02-14T14:41:31.203+0000] {processor.py:179} INFO - Processing /home/airflow/.local/lib/python3.8/site-packages/airflow/example_dags/example_task_group.py took 0.228 seconds
[2025-02-14T14:42:01.377+0000] {processor.py:157} INFO - Started process (PID=1934) to work on /home/airflow/.local/lib/python3.8/site-packages/airflow/example_dags/example_task_group.py
[2025-02-14T14:42:01.381+0000] {processor.py:829} INFO - Processing file /home/airflow/.local/lib/python3.8/site-packages/airflow/example_dags/example_task_group.py for tasks to queue
[2025-02-14T14:42:01.385+0000] {logging_mixin.py:154} INFO - [2025-02-14T14:42:01.383+0000] {dagbag.py:536} INFO - Filling up the DagBag from /home/airflow/.local/lib/python3.8/site-packages/airflow/example_dags/example_task_group.py
[2025-02-14T14:42:01.409+0000] {processor.py:839} INFO - DAG(s) dict_keys(['example_task_group']) retrieved from /home/airflow/.local/lib/python3.8/site-packages/airflow/example_dags/example_task_group.py
[2025-02-14T14:42:01.484+0000] {logging_mixin.py:154} INFO - [2025-02-14T14:42:01.484+0000] {dag.py:2941} INFO - Sync 1 DAGs
[2025-02-14T14:42:01.557+0000] {logging_mixin.py:154} INFO - [2025-02-14T14:42:01.556+0000] {dag.py:3722} INFO - Setting next_dagrun for example_task_group to 2025-02-13T14:42:01.555773+00:00, run_after=2025-02-14T14:42:01.555773+00:00
[2025-02-14T14:42:01.615+0000] {processor.py:179} INFO - Processing /home/airflow/.local/lib/python3.8/site-packages/airflow/example_dags/example_task_group.py took 0.250 seconds
[2025-02-14T14:42:33.772+0000] {processor.py:157} INFO - Started process (PID=2172) to work on /home/airflow/.local/lib/python3.8/site-packages/airflow/example_dags/example_task_group.py
[2025-02-14T14:42:33.777+0000] {processor.py:829} INFO - Processing file /home/airflow/.local/lib/python3.8/site-packages/airflow/example_dags/example_task_group.py for tasks to queue
[2025-02-14T14:42:33.782+0000] {logging_mixin.py:154} INFO - [2025-02-14T14:42:33.781+0000] {dagbag.py:536} INFO - Filling up the DagBag from /home/airflow/.local/lib/python3.8/site-packages/airflow/example_dags/example_task_group.py
[2025-02-14T14:42:33.840+0000] {processor.py:839} INFO - DAG(s) dict_keys(['example_task_group']) retrieved from /home/airflow/.local/lib/python3.8/site-packages/airflow/example_dags/example_task_group.py
[2025-02-14T14:42:33.938+0000] {logging_mixin.py:154} INFO - [2025-02-14T14:42:33.937+0000] {dag.py:2941} INFO - Sync 1 DAGs
[2025-02-14T14:42:34.005+0000] {logging_mixin.py:154} INFO - [2025-02-14T14:42:34.004+0000] {dag.py:3722} INFO - Setting next_dagrun for example_task_group to 2025-02-13T14:42:34.003274+00:00, run_after=2025-02-14T14:42:34.003274+00:00
[2025-02-14T14:42:34.077+0000] {processor.py:179} INFO - Processing /home/airflow/.local/lib/python3.8/site-packages/airflow/example_dags/example_task_group.py took 0.333 seconds
[2025-02-14T14:43:04.997+0000] {processor.py:157} INFO - Started process (PID=2410) to work on /home/airflow/.local/lib/python3.8/site-packages/airflow/example_dags/example_task_group.py
[2025-02-14T14:43:05.002+0000] {processor.py:829} INFO - Processing file /home/airflow/.local/lib/python3.8/site-packages/airflow/example_dags/example_task_group.py for tasks to queue
[2025-02-14T14:43:05.004+0000] {logging_mixin.py:154} INFO - [2025-02-14T14:43:05.003+0000] {dagbag.py:536} INFO - Filling up the DagBag from /home/airflow/.local/lib/python3.8/site-packages/airflow/example_dags/example_task_group.py
[2025-02-14T14:43:05.029+0000] {processor.py:839} INFO - DAG(s) dict_keys(['example_task_group']) retrieved from /home/airflow/.local/lib/python3.8/site-packages/airflow/example_dags/example_task_group.py
[2025-02-14T14:43:05.143+0000] {logging_mixin.py:154} INFO - [2025-02-14T14:43:05.142+0000] {dag.py:2941} INFO - Sync 1 DAGs
[2025-02-14T14:43:05.216+0000] {logging_mixin.py:154} INFO - [2025-02-14T14:43:05.213+0000] {dag.py:3722} INFO - Setting next_dagrun for example_task_group to 2025-02-13T14:43:05.212390+00:00, run_after=2025-02-14T14:43:05.212390+00:00
[2025-02-14T14:43:05.293+0000] {processor.py:179} INFO - Processing /home/airflow/.local/lib/python3.8/site-packages/airflow/example_dags/example_task_group.py took 0.308 seconds
[2025-02-14T14:43:35.811+0000] {processor.py:157} INFO - Started process (PID=2648) to work on /home/airflow/.local/lib/python3.8/site-packages/airflow/example_dags/example_task_group.py
[2025-02-14T14:43:35.814+0000] {processor.py:829} INFO - Processing file /home/airflow/.local/lib/python3.8/site-packages/airflow/example_dags/example_task_group.py for tasks to queue
[2025-02-14T14:43:35.817+0000] {logging_mixin.py:154} INFO - [2025-02-14T14:43:35.816+0000] {dagbag.py:536} INFO - Filling up the DagBag from /home/airflow/.local/lib/python3.8/site-packages/airflow/example_dags/example_task_group.py
[2025-02-14T14:43:35.844+0000] {processor.py:839} INFO - DAG(s) dict_keys(['example_task_group']) retrieved from /home/airflow/.local/lib/python3.8/site-packages/airflow/example_dags/example_task_group.py
[2025-02-14T14:43:35.913+0000] {logging_mixin.py:154} INFO - [2025-02-14T14:43:35.912+0000] {dag.py:2941} INFO - Sync 1 DAGs
[2025-02-14T14:43:35.979+0000] {logging_mixin.py:154} INFO - [2025-02-14T14:43:35.978+0000] {dag.py:3722} INFO - Setting next_dagrun for example_task_group to 2025-02-13T14:43:35.977958+00:00, run_after=2025-02-14T14:43:35.977958+00:00
[2025-02-14T14:43:36.036+0000] {processor.py:179} INFO - Processing /home/airflow/.local/lib/python3.8/site-packages/airflow/example_dags/example_task_group.py took 0.244 seconds
[2025-02-14T14:44:06.447+0000] {processor.py:157} INFO - Started process (PID=2885) to work on /home/airflow/.local/lib/python3.8/site-packages/airflow/example_dags/example_task_group.py
[2025-02-14T14:44:06.451+0000] {processor.py:829} INFO - Processing file /home/airflow/.local/lib/python3.8/site-packages/airflow/example_dags/example_task_group.py for tasks to queue
[2025-02-14T14:44:06.454+0000] {logging_mixin.py:154} INFO - [2025-02-14T14:44:06.453+0000] {dagbag.py:536} INFO - Filling up the DagBag from /home/airflow/.local/lib/python3.8/site-packages/airflow/example_dags/example_task_group.py
[2025-02-14T14:44:06.480+0000] {processor.py:839} INFO - DAG(s) dict_keys(['example_task_group']) retrieved from /home/airflow/.local/lib/python3.8/site-packages/airflow/example_dags/example_task_group.py
[2025-02-14T14:44:06.535+0000] {logging_mixin.py:154} INFO - [2025-02-14T14:44:06.534+0000] {dag.py:2941} INFO - Sync 1 DAGs
[2025-02-14T14:44:06.594+0000] {logging_mixin.py:154} INFO - [2025-02-14T14:44:06.594+0000] {dag.py:3722} INFO - Setting next_dagrun for example_task_group to 2025-02-13T14:44:06.592284+00:00, run_after=2025-02-14T14:44:06.592284+00:00
[2025-02-14T14:44:06.673+0000] {processor.py:179} INFO - Processing /home/airflow/.local/lib/python3.8/site-packages/airflow/example_dags/example_task_group.py took 0.237 seconds
[2025-02-14T14:44:37.152+0000] {processor.py:157} INFO - Started process (PID=3140) to work on /home/airflow/.local/lib/python3.8/site-packages/airflow/example_dags/example_task_group.py
[2025-02-14T14:44:37.154+0000] {processor.py:829} INFO - Processing file /home/airflow/.local/lib/python3.8/site-packages/airflow/example_dags/example_task_group.py for tasks to queue
[2025-02-14T14:44:37.157+0000] {logging_mixin.py:154} INFO - [2025-02-14T14:44:37.156+0000] {dagbag.py:536} INFO - Filling up the DagBag from /home/airflow/.local/lib/python3.8/site-packages/airflow/example_dags/example_task_group.py
[2025-02-14T14:44:37.185+0000] {processor.py:839} INFO - DAG(s) dict_keys(['example_task_group']) retrieved from /home/airflow/.local/lib/python3.8/site-packages/airflow/example_dags/example_task_group.py
[2025-02-14T14:44:37.291+0000] {logging_mixin.py:154} INFO - [2025-02-14T14:44:37.291+0000] {dag.py:2941} INFO - Sync 1 DAGs
[2025-02-14T14:44:37.370+0000] {logging_mixin.py:154} INFO - [2025-02-14T14:44:37.368+0000] {dag.py:3722} INFO - Setting next_dagrun for example_task_group to 2025-02-13T14:44:37.368122+00:00, run_after=2025-02-14T14:44:37.368122+00:00
[2025-02-14T14:44:37.426+0000] {processor.py:179} INFO - Processing /home/airflow/.local/lib/python3.8/site-packages/airflow/example_dags/example_task_group.py took 0.289 seconds
[2025-02-14T14:45:07.672+0000] {processor.py:157} INFO - Started process (PID=3394) to work on /home/airflow/.local/lib/python3.8/site-packages/airflow/example_dags/example_task_group.py
[2025-02-14T14:45:07.676+0000] {processor.py:829} INFO - Processing file /home/airflow/.local/lib/python3.8/site-packages/airflow/example_dags/example_task_group.py for tasks to queue
[2025-02-14T14:45:07.678+0000] {logging_mixin.py:154} INFO - [2025-02-14T14:45:07.678+0000] {dagbag.py:536} INFO - Filling up the DagBag from /home/airflow/.local/lib/python3.8/site-packages/airflow/example_dags/example_task_group.py
[2025-02-14T14:45:07.703+0000] {processor.py:839} INFO - DAG(s) dict_keys(['example_task_group']) retrieved from /home/airflow/.local/lib/python3.8/site-packages/airflow/example_dags/example_task_group.py
[2025-02-14T14:45:07.770+0000] {logging_mixin.py:154} INFO - [2025-02-14T14:45:07.770+0000] {dag.py:2941} INFO - Sync 1 DAGs
[2025-02-14T14:45:07.837+0000] {logging_mixin.py:154} INFO - [2025-02-14T14:45:07.837+0000] {dag.py:3722} INFO - Setting next_dagrun for example_task_group to 2025-02-13T14:45:07.836186+00:00, run_after=2025-02-14T14:45:07.836186+00:00
[2025-02-14T14:45:07.904+0000] {processor.py:179} INFO - Processing /home/airflow/.local/lib/python3.8/site-packages/airflow/example_dags/example_task_group.py took 0.243 seconds
[2025-02-14T14:45:38.832+0000] {processor.py:157} INFO - Started process (PID=3632) to work on /home/airflow/.local/lib/python3.8/site-packages/airflow/example_dags/example_task_group.py
[2025-02-14T14:45:38.837+0000] {processor.py:829} INFO - Processing file /home/airflow/.local/lib/python3.8/site-packages/airflow/example_dags/example_task_group.py for tasks to queue
[2025-02-14T14:45:38.840+0000] {logging_mixin.py:154} INFO - [2025-02-14T14:45:38.839+0000] {dagbag.py:536} INFO - Filling up the DagBag from /home/airflow/.local/lib/python3.8/site-packages/airflow/example_dags/example_task_group.py
[2025-02-14T14:45:38.864+0000] {processor.py:839} INFO - DAG(s) dict_keys(['example_task_group']) retrieved from /home/airflow/.local/lib/python3.8/site-packages/airflow/example_dags/example_task_group.py
[2025-02-14T14:45:38.947+0000] {logging_mixin.py:154} INFO - [2025-02-14T14:45:38.947+0000] {dag.py:2941} INFO - Sync 1 DAGs
[2025-02-14T14:45:39.013+0000] {logging_mixin.py:154} INFO - [2025-02-14T14:45:39.012+0000] {dag.py:3722} INFO - Setting next_dagrun for example_task_group to 2025-02-13T14:45:39.011763+00:00, run_after=2025-02-14T14:45:39.011763+00:00
[2025-02-14T14:45:39.086+0000] {processor.py:179} INFO - Processing /home/airflow/.local/lib/python3.8/site-packages/airflow/example_dags/example_task_group.py took 0.267 seconds
[2025-02-14T14:46:09.900+0000] {processor.py:157} INFO - Started process (PID=3870) to work on /home/airflow/.local/lib/python3.8/site-packages/airflow/example_dags/example_task_group.py
[2025-02-14T14:46:09.903+0000] {processor.py:829} INFO - Processing file /home/airflow/.local/lib/python3.8/site-packages/airflow/example_dags/example_task_group.py for tasks to queue
[2025-02-14T14:46:09.904+0000] {logging_mixin.py:154} INFO - [2025-02-14T14:46:09.904+0000] {dagbag.py:536} INFO - Filling up the DagBag from /home/airflow/.local/lib/python3.8/site-packages/airflow/example_dags/example_task_group.py
[2025-02-14T14:46:09.924+0000] {processor.py:839} INFO - DAG(s) dict_keys(['example_task_group']) retrieved from /home/airflow/.local/lib/python3.8/site-packages/airflow/example_dags/example_task_group.py
[2025-02-14T14:46:09.995+0000] {logging_mixin.py:154} INFO - [2025-02-14T14:46:09.994+0000] {dag.py:2941} INFO - Sync 1 DAGs
[2025-02-14T14:46:10.084+0000] {logging_mixin.py:154} INFO - [2025-02-14T14:46:10.084+0000] {dag.py:3722} INFO - Setting next_dagrun for example_task_group to 2025-02-13T14:46:10.083648+00:00, run_after=2025-02-14T14:46:10.083648+00:00
[2025-02-14T14:46:10.132+0000] {processor.py:179} INFO - Processing /home/airflow/.local/lib/python3.8/site-packages/airflow/example_dags/example_task_group.py took 0.239 seconds
[2025-02-14T14:46:40.694+0000] {processor.py:157} INFO - Started process (PID=4105) to work on /home/airflow/.local/lib/python3.8/site-packages/airflow/example_dags/example_task_group.py
[2025-02-14T14:46:40.696+0000] {processor.py:829} INFO - Processing file /home/airflow/.local/lib/python3.8/site-packages/airflow/example_dags/example_task_group.py for tasks to queue
[2025-02-14T14:46:40.698+0000] {logging_mixin.py:154} INFO - [2025-02-14T14:46:40.697+0000] {dagbag.py:536} INFO - Filling up the DagBag from /home/airflow/.local/lib/python3.8/site-packages/airflow/example_dags/example_task_group.py
[2025-02-14T14:46:40.723+0000] {processor.py:839} INFO - DAG(s) dict_keys(['example_task_group']) retrieved from /home/airflow/.local/lib/python3.8/site-packages/airflow/example_dags/example_task_group.py
[2025-02-14T14:46:40.822+0000] {logging_mixin.py:154} INFO - [2025-02-14T14:46:40.821+0000] {dag.py:2941} INFO - Sync 1 DAGs
[2025-02-14T14:46:40.904+0000] {logging_mixin.py:154} INFO - [2025-02-14T14:46:40.903+0000] {dag.py:3722} INFO - Setting next_dagrun for example_task_group to 2025-02-13T14:46:40.902587+00:00, run_after=2025-02-14T14:46:40.902587+00:00
[2025-02-14T14:46:41.001+0000] {processor.py:179} INFO - Processing /home/airflow/.local/lib/python3.8/site-packages/airflow/example_dags/example_task_group.py took 0.316 seconds
[2025-02-14T14:47:11.121+0000] {processor.py:157} INFO - Started process (PID=4337) to work on /home/airflow/.local/lib/python3.8/site-packages/airflow/example_dags/example_task_group.py
[2025-02-14T14:47:11.124+0000] {processor.py:829} INFO - Processing file /home/airflow/.local/lib/python3.8/site-packages/airflow/example_dags/example_task_group.py for tasks to queue
[2025-02-14T14:47:11.126+0000] {logging_mixin.py:154} INFO - [2025-02-14T14:47:11.125+0000] {dagbag.py:536} INFO - Filling up the DagBag from /home/airflow/.local/lib/python3.8/site-packages/airflow/example_dags/example_task_group.py
[2025-02-14T14:47:11.152+0000] {processor.py:839} INFO - DAG(s) dict_keys(['example_task_group']) retrieved from /home/airflow/.local/lib/python3.8/site-packages/airflow/example_dags/example_task_group.py
[2025-02-14T14:47:11.235+0000] {logging_mixin.py:154} INFO - [2025-02-14T14:47:11.234+0000] {dag.py:2941} INFO - Sync 1 DAGs
[2025-02-14T14:47:11.300+0000] {logging_mixin.py:154} INFO - [2025-02-14T14:47:11.299+0000] {dag.py:3722} INFO - Setting next_dagrun for example_task_group to 2025-02-13T14:47:11.298159+00:00, run_after=2025-02-14T14:47:11.298159+00:00
[2025-02-14T14:47:11.381+0000] {processor.py:179} INFO - Processing /home/airflow/.local/lib/python3.8/site-packages/airflow/example_dags/example_task_group.py took 0.272 seconds
[2025-02-14T14:47:42.355+0000] {processor.py:157} INFO - Started process (PID=4576) to work on /home/airflow/.local/lib/python3.8/site-packages/airflow/example_dags/example_task_group.py
[2025-02-14T14:47:42.367+0000] {processor.py:829} INFO - Processing file /home/airflow/.local/lib/python3.8/site-packages/airflow/example_dags/example_task_group.py for tasks to queue
[2025-02-14T14:47:42.370+0000] {logging_mixin.py:154} INFO - [2025-02-14T14:47:42.369+0000] {dagbag.py:536} INFO - Filling up the DagBag from /home/airflow/.local/lib/python3.8/site-packages/airflow/example_dags/example_task_group.py
[2025-02-14T14:47:42.396+0000] {processor.py:839} INFO - DAG(s) dict_keys(['example_task_group']) retrieved from /home/airflow/.local/lib/python3.8/site-packages/airflow/example_dags/example_task_group.py
[2025-02-14T14:47:42.472+0000] {logging_mixin.py:154} INFO - [2025-02-14T14:47:42.471+0000] {dag.py:2941} INFO - Sync 1 DAGs
[2025-02-14T14:47:42.538+0000] {logging_mixin.py:154} INFO - [2025-02-14T14:47:42.537+0000] {dag.py:3722} INFO - Setting next_dagrun for example_task_group to 2025-02-13T14:47:42.535758+00:00, run_after=2025-02-14T14:47:42.535758+00:00
[2025-02-14T14:47:42.616+0000] {processor.py:179} INFO - Processing /home/airflow/.local/lib/python3.8/site-packages/airflow/example_dags/example_task_group.py took 0.272 seconds
[2025-02-14T14:48:13.530+0000] {processor.py:157} INFO - Started process (PID=4820) to work on /home/airflow/.local/lib/python3.8/site-packages/airflow/example_dags/example_task_group.py
[2025-02-14T14:48:13.533+0000] {processor.py:829} INFO - Processing file /home/airflow/.local/lib/python3.8/site-packages/airflow/example_dags/example_task_group.py for tasks to queue
[2025-02-14T14:48:13.535+0000] {logging_mixin.py:154} INFO - [2025-02-14T14:48:13.534+0000] {dagbag.py:536} INFO - Filling up the DagBag from /home/airflow/.local/lib/python3.8/site-packages/airflow/example_dags/example_task_group.py
[2025-02-14T14:48:13.560+0000] {processor.py:839} INFO - DAG(s) dict_keys(['example_task_group']) retrieved from /home/airflow/.local/lib/python3.8/site-packages/airflow/example_dags/example_task_group.py
[2025-02-14T14:48:13.642+0000] {logging_mixin.py:154} INFO - [2025-02-14T14:48:13.641+0000] {dag.py:2941} INFO - Sync 1 DAGs
[2025-02-14T14:48:13.716+0000] {logging_mixin.py:154} INFO - [2025-02-14T14:48:13.716+0000] {dag.py:3722} INFO - Setting next_dagrun for example_task_group to 2025-02-13T14:48:13.715185+00:00, run_after=2025-02-14T14:48:13.715185+00:00
[2025-02-14T14:48:13.775+0000] {processor.py:179} INFO - Processing /home/airflow/.local/lib/python3.8/site-packages/airflow/example_dags/example_task_group.py took 0.264 seconds
[2025-02-14T14:48:44.158+0000] {processor.py:157} INFO - Started process (PID=5058) to work on /home/airflow/.local/lib/python3.8/site-packages/airflow/example_dags/example_task_group.py
[2025-02-14T14:48:44.161+0000] {processor.py:829} INFO - Processing file /home/airflow/.local/lib/python3.8/site-packages/airflow/example_dags/example_task_group.py for tasks to queue
[2025-02-14T14:48:44.164+0000] {logging_mixin.py:154} INFO - [2025-02-14T14:48:44.163+0000] {dagbag.py:536} INFO - Filling up the DagBag from /home/airflow/.local/lib/python3.8/site-packages/airflow/example_dags/example_task_group.py
[2025-02-14T14:48:44.188+0000] {processor.py:839} INFO - DAG(s) dict_keys(['example_task_group']) retrieved from /home/airflow/.local/lib/python3.8/site-packages/airflow/example_dags/example_task_group.py
[2025-02-14T14:48:44.275+0000] {logging_mixin.py:154} INFO - [2025-02-14T14:48:44.274+0000] {dag.py:2941} INFO - Sync 1 DAGs
[2025-02-14T14:48:44.354+0000] {logging_mixin.py:154} INFO - [2025-02-14T14:48:44.353+0000] {dag.py:3722} INFO - Setting next_dagrun for example_task_group to 2025-02-13T14:48:44.352553+00:00, run_after=2025-02-14T14:48:44.352553+00:00
[2025-02-14T14:48:44.413+0000] {processor.py:179} INFO - Processing /home/airflow/.local/lib/python3.8/site-packages/airflow/example_dags/example_task_group.py took 0.266 seconds
[2025-02-14T14:49:14.664+0000] {processor.py:157} INFO - Started process (PID=5301) to work on /home/airflow/.local/lib/python3.8/site-packages/airflow/example_dags/example_task_group.py
[2025-02-14T14:49:14.667+0000] {processor.py:829} INFO - Processing file /home/airflow/.local/lib/python3.8/site-packages/airflow/example_dags/example_task_group.py for tasks to queue
[2025-02-14T14:49:14.669+0000] {logging_mixin.py:154} INFO - [2025-02-14T14:49:14.668+0000] {dagbag.py:536} INFO - Filling up the DagBag from /home/airflow/.local/lib/python3.8/site-packages/airflow/example_dags/example_task_group.py
[2025-02-14T14:49:14.691+0000] {processor.py:839} INFO - DAG(s) dict_keys(['example_task_group']) retrieved from /home/airflow/.local/lib/python3.8/site-packages/airflow/example_dags/example_task_group.py
[2025-02-14T14:49:14.761+0000] {logging_mixin.py:154} INFO - [2025-02-14T14:49:14.761+0000] {dag.py:2941} INFO - Sync 1 DAGs
[2025-02-14T14:49:14.833+0000] {logging_mixin.py:154} INFO - [2025-02-14T14:49:14.833+0000] {dag.py:3722} INFO - Setting next_dagrun for example_task_group to 2025-02-13T14:49:14.832458+00:00, run_after=2025-02-14T14:49:14.832458+00:00
[2025-02-14T14:49:14.896+0000] {processor.py:179} INFO - Processing /home/airflow/.local/lib/python3.8/site-packages/airflow/example_dags/example_task_group.py took 0.241 seconds
[2025-02-14T14:49:45.291+0000] {processor.py:157} INFO - Started process (PID=5536) to work on /home/airflow/.local/lib/python3.8/site-packages/airflow/example_dags/example_task_group.py
[2025-02-14T14:49:45.297+0000] {processor.py:829} INFO - Processing file /home/airflow/.local/lib/python3.8/site-packages/airflow/example_dags/example_task_group.py for tasks to queue
[2025-02-14T14:49:45.299+0000] {logging_mixin.py:154} INFO - [2025-02-14T14:49:45.298+0000] {dagbag.py:536} INFO - Filling up the DagBag from /home/airflow/.local/lib/python3.8/site-packages/airflow/example_dags/example_task_group.py
[2025-02-14T14:49:45.345+0000] {processor.py:839} INFO - DAG(s) dict_keys(['example_task_group']) retrieved from /home/airflow/.local/lib/python3.8/site-packages/airflow/example_dags/example_task_group.py
[2025-02-14T14:49:45.465+0000] {logging_mixin.py:154} INFO - [2025-02-14T14:49:45.464+0000] {dag.py:2941} INFO - Sync 1 DAGs
[2025-02-14T14:49:45.557+0000] {logging_mixin.py:154} INFO - [2025-02-14T14:49:45.556+0000] {dag.py:3722} INFO - Setting next_dagrun for example_task_group to 2025-02-13T14:49:45.556299+00:00, run_after=2025-02-14T14:49:45.556299+00:00
[2025-02-14T14:49:45.650+0000] {processor.py:179} INFO - Processing /home/airflow/.local/lib/python3.8/site-packages/airflow/example_dags/example_task_group.py took 0.381 seconds
[2025-02-14T14:50:16.746+0000] {processor.py:157} INFO - Started process (PID=5779) to work on /home/airflow/.local/lib/python3.8/site-packages/airflow/example_dags/example_task_group.py
[2025-02-14T14:50:16.752+0000] {processor.py:829} INFO - Processing file /home/airflow/.local/lib/python3.8/site-packages/airflow/example_dags/example_task_group.py for tasks to queue
[2025-02-14T14:50:16.757+0000] {logging_mixin.py:154} INFO - [2025-02-14T14:50:16.756+0000] {dagbag.py:536} INFO - Filling up the DagBag from /home/airflow/.local/lib/python3.8/site-packages/airflow/example_dags/example_task_group.py
[2025-02-14T14:50:16.801+0000] {processor.py:839} INFO - DAG(s) dict_keys(['example_task_group']) retrieved from /home/airflow/.local/lib/python3.8/site-packages/airflow/example_dags/example_task_group.py
[2025-02-14T14:50:16.878+0000] {logging_mixin.py:154} INFO - [2025-02-14T14:50:16.877+0000] {dag.py:2941} INFO - Sync 1 DAGs
[2025-02-14T14:50:16.967+0000] {logging_mixin.py:154} INFO - [2025-02-14T14:50:16.967+0000] {dag.py:3722} INFO - Setting next_dagrun for example_task_group to 2025-02-13T14:50:16.966307+00:00, run_after=2025-02-14T14:50:16.966307+00:00
[2025-02-14T14:50:17.037+0000] {processor.py:179} INFO - Processing /home/airflow/.local/lib/python3.8/site-packages/airflow/example_dags/example_task_group.py took 0.314 seconds
[2025-02-14T14:50:48.241+0000] {processor.py:157} INFO - Started process (PID=6020) to work on /home/airflow/.local/lib/python3.8/site-packages/airflow/example_dags/example_task_group.py
[2025-02-14T14:50:48.247+0000] {processor.py:829} INFO - Processing file /home/airflow/.local/lib/python3.8/site-packages/airflow/example_dags/example_task_group.py for tasks to queue
[2025-02-14T14:50:48.251+0000] {logging_mixin.py:154} INFO - [2025-02-14T14:50:48.250+0000] {dagbag.py:536} INFO - Filling up the DagBag from /home/airflow/.local/lib/python3.8/site-packages/airflow/example_dags/example_task_group.py
[2025-02-14T14:50:48.311+0000] {processor.py:839} INFO - DAG(s) dict_keys(['example_task_group']) retrieved from /home/airflow/.local/lib/python3.8/site-packages/airflow/example_dags/example_task_group.py
[2025-02-14T14:50:48.377+0000] {logging_mixin.py:154} INFO - [2025-02-14T14:50:48.377+0000] {dag.py:2941} INFO - Sync 1 DAGs
[2025-02-14T14:50:48.469+0000] {logging_mixin.py:154} INFO - [2025-02-14T14:50:48.469+0000] {dag.py:3722} INFO - Setting next_dagrun for example_task_group to 2025-02-13T14:50:48.468414+00:00, run_after=2025-02-14T14:50:48.468414+00:00
[2025-02-14T14:50:48.545+0000] {processor.py:179} INFO - Processing /home/airflow/.local/lib/python3.8/site-packages/airflow/example_dags/example_task_group.py took 0.315 seconds
[2025-02-14T14:51:19.714+0000] {processor.py:157} INFO - Started process (PID=6264) to work on /home/airflow/.local/lib/python3.8/site-packages/airflow/example_dags/example_task_group.py
[2025-02-14T14:51:19.716+0000] {processor.py:829} INFO - Processing file /home/airflow/.local/lib/python3.8/site-packages/airflow/example_dags/example_task_group.py for tasks to queue
[2025-02-14T14:51:19.718+0000] {logging_mixin.py:154} INFO - [2025-02-14T14:51:19.717+0000] {dagbag.py:536} INFO - Filling up the DagBag from /home/airflow/.local/lib/python3.8/site-packages/airflow/example_dags/example_task_group.py
[2025-02-14T14:51:19.745+0000] {processor.py:839} INFO - DAG(s) dict_keys(['example_task_group']) retrieved from /home/airflow/.local/lib/python3.8/site-packages/airflow/example_dags/example_task_group.py
[2025-02-14T14:51:19.838+0000] {logging_mixin.py:154} INFO - [2025-02-14T14:51:19.838+0000] {dag.py:2941} INFO - Sync 1 DAGs
[2025-02-14T14:51:19.930+0000] {logging_mixin.py:154} INFO - [2025-02-14T14:51:19.930+0000] {dag.py:3722} INFO - Setting next_dagrun for example_task_group to 2025-02-13T14:51:19.929468+00:00, run_after=2025-02-14T14:51:19.929468+00:00
[2025-02-14T14:51:20.002+0000] {processor.py:179} INFO - Processing /home/airflow/.local/lib/python3.8/site-packages/airflow/example_dags/example_task_group.py took 0.304 seconds
[2025-02-14T14:51:50.802+0000] {processor.py:157} INFO - Started process (PID=6503) to work on /home/airflow/.local/lib/python3.8/site-packages/airflow/example_dags/example_task_group.py
[2025-02-14T14:51:50.808+0000] {processor.py:829} INFO - Processing file /home/airflow/.local/lib/python3.8/site-packages/airflow/example_dags/example_task_group.py for tasks to queue
[2025-02-14T14:51:50.810+0000] {logging_mixin.py:154} INFO - [2025-02-14T14:51:50.809+0000] {dagbag.py:536} INFO - Filling up the DagBag from /home/airflow/.local/lib/python3.8/site-packages/airflow/example_dags/example_task_group.py
[2025-02-14T14:51:50.837+0000] {processor.py:839} INFO - DAG(s) dict_keys(['example_task_group']) retrieved from /home/airflow/.local/lib/python3.8/site-packages/airflow/example_dags/example_task_group.py
[2025-02-14T14:51:50.924+0000] {logging_mixin.py:154} INFO - [2025-02-14T14:51:50.923+0000] {dag.py:2941} INFO - Sync 1 DAGs
[2025-02-14T14:51:50.988+0000] {logging_mixin.py:154} INFO - [2025-02-14T14:51:50.988+0000] {dag.py:3722} INFO - Setting next_dagrun for example_task_group to 2025-02-13T14:51:50.987267+00:00, run_after=2025-02-14T14:51:50.987267+00:00
[2025-02-14T14:51:51.050+0000] {processor.py:179} INFO - Processing /home/airflow/.local/lib/python3.8/site-packages/airflow/example_dags/example_task_group.py took 0.260 seconds
[2025-02-14T14:52:21.352+0000] {processor.py:157} INFO - Started process (PID=6741) to work on /home/airflow/.local/lib/python3.8/site-packages/airflow/example_dags/example_task_group.py
[2025-02-14T14:52:21.354+0000] {processor.py:829} INFO - Processing file /home/airflow/.local/lib/python3.8/site-packages/airflow/example_dags/example_task_group.py for tasks to queue
[2025-02-14T14:52:21.357+0000] {logging_mixin.py:154} INFO - [2025-02-14T14:52:21.356+0000] {dagbag.py:536} INFO - Filling up the DagBag from /home/airflow/.local/lib/python3.8/site-packages/airflow/example_dags/example_task_group.py
[2025-02-14T14:52:21.388+0000] {processor.py:839} INFO - DAG(s) dict_keys(['example_task_group']) retrieved from /home/airflow/.local/lib/python3.8/site-packages/airflow/example_dags/example_task_group.py
[2025-02-14T14:52:21.468+0000] {logging_mixin.py:154} INFO - [2025-02-14T14:52:21.467+0000] {dag.py:2941} INFO - Sync 1 DAGs
[2025-02-14T14:52:21.631+0000] {logging_mixin.py:154} INFO - [2025-02-14T14:52:21.627+0000] {dag.py:3722} INFO - Setting next_dagrun for example_task_group to 2025-02-13T14:52:21.625745+00:00, run_after=2025-02-14T14:52:21.625745+00:00
[2025-02-14T14:52:21.729+0000] {processor.py:179} INFO - Processing /home/airflow/.local/lib/python3.8/site-packages/airflow/example_dags/example_task_group.py took 0.388 seconds
[2025-02-14T14:52:52.098+0000] {processor.py:157} INFO - Started process (PID=6979) to work on /home/airflow/.local/lib/python3.8/site-packages/airflow/example_dags/example_task_group.py
[2025-02-14T14:52:52.101+0000] {processor.py:829} INFO - Processing file /home/airflow/.local/lib/python3.8/site-packages/airflow/example_dags/example_task_group.py for tasks to queue
[2025-02-14T14:52:52.103+0000] {logging_mixin.py:154} INFO - [2025-02-14T14:52:52.102+0000] {dagbag.py:536} INFO - Filling up the DagBag from /home/airflow/.local/lib/python3.8/site-packages/airflow/example_dags/example_task_group.py
[2025-02-14T14:52:52.128+0000] {processor.py:839} INFO - DAG(s) dict_keys(['example_task_group']) retrieved from /home/airflow/.local/lib/python3.8/site-packages/airflow/example_dags/example_task_group.py
[2025-02-14T14:52:52.223+0000] {logging_mixin.py:154} INFO - [2025-02-14T14:52:52.222+0000] {dag.py:2941} INFO - Sync 1 DAGs
[2025-02-14T14:52:52.305+0000] {logging_mixin.py:154} INFO - [2025-02-14T14:52:52.304+0000] {dag.py:3722} INFO - Setting next_dagrun for example_task_group to 2025-02-13T14:52:52.302114+00:00, run_after=2025-02-14T14:52:52.302114+00:00
[2025-02-14T14:52:52.371+0000] {processor.py:179} INFO - Processing /home/airflow/.local/lib/python3.8/site-packages/airflow/example_dags/example_task_group.py took 0.281 seconds
[2025-02-14T14:53:22.635+0000] {processor.py:157} INFO - Started process (PID=7216) to work on /home/airflow/.local/lib/python3.8/site-packages/airflow/example_dags/example_task_group.py
[2025-02-14T14:53:22.640+0000] {processor.py:829} INFO - Processing file /home/airflow/.local/lib/python3.8/site-packages/airflow/example_dags/example_task_group.py for tasks to queue
[2025-02-14T14:53:22.642+0000] {logging_mixin.py:154} INFO - [2025-02-14T14:53:22.641+0000] {dagbag.py:536} INFO - Filling up the DagBag from /home/airflow/.local/lib/python3.8/site-packages/airflow/example_dags/example_task_group.py
[2025-02-14T14:53:22.674+0000] {processor.py:839} INFO - DAG(s) dict_keys(['example_task_group']) retrieved from /home/airflow/.local/lib/python3.8/site-packages/airflow/example_dags/example_task_group.py
[2025-02-14T14:53:22.767+0000] {logging_mixin.py:154} INFO - [2025-02-14T14:53:22.766+0000] {dag.py:2941} INFO - Sync 1 DAGs
[2025-02-14T14:53:22.841+0000] {logging_mixin.py:154} INFO - [2025-02-14T14:53:22.840+0000] {dag.py:3722} INFO - Setting next_dagrun for example_task_group to 2025-02-13T14:53:22.839653+00:00, run_after=2025-02-14T14:53:22.839653+00:00
[2025-02-14T14:53:22.898+0000] {processor.py:179} INFO - Processing /home/airflow/.local/lib/python3.8/site-packages/airflow/example_dags/example_task_group.py took 0.274 seconds
[2025-02-14T14:53:53.092+0000] {processor.py:157} INFO - Started process (PID=7454) to work on /home/airflow/.local/lib/python3.8/site-packages/airflow/example_dags/example_task_group.py
[2025-02-14T14:53:53.095+0000] {processor.py:829} INFO - Processing file /home/airflow/.local/lib/python3.8/site-packages/airflow/example_dags/example_task_group.py for tasks to queue
[2025-02-14T14:53:53.097+0000] {logging_mixin.py:154} INFO - [2025-02-14T14:53:53.096+0000] {dagbag.py:536} INFO - Filling up the DagBag from /home/airflow/.local/lib/python3.8/site-packages/airflow/example_dags/example_task_group.py
[2025-02-14T14:53:53.123+0000] {processor.py:839} INFO - DAG(s) dict_keys(['example_task_group']) retrieved from /home/airflow/.local/lib/python3.8/site-packages/airflow/example_dags/example_task_group.py
[2025-02-14T14:53:53.190+0000] {logging_mixin.py:154} INFO - [2025-02-14T14:53:53.190+0000] {dag.py:2941} INFO - Sync 1 DAGs
[2025-02-14T14:53:53.272+0000] {logging_mixin.py:154} INFO - [2025-02-14T14:53:53.272+0000] {dag.py:3722} INFO - Setting next_dagrun for example_task_group to 2025-02-13T14:53:53.271536+00:00, run_after=2025-02-14T14:53:53.271536+00:00
[2025-02-14T14:53:53.344+0000] {processor.py:179} INFO - Processing /home/airflow/.local/lib/python3.8/site-packages/airflow/example_dags/example_task_group.py took 0.264 seconds
