[2025-02-14T14:38:32.468+0000] {processor.py:157} INFO - Started process (PID=377) to work on /home/airflow/.local/lib/python3.8/site-packages/airflow/example_dags/example_xcom.py
[2025-02-14T14:38:32.474+0000] {processor.py:829} INFO - Processing file /home/airflow/.local/lib/python3.8/site-packages/airflow/example_dags/example_xcom.py for tasks to queue
[2025-02-14T14:38:32.476+0000] {logging_mixin.py:154} INFO - [2025-02-14T14:38:32.475+0000] {dagbag.py:536} INFO - Filling up the DagBag from /home/airflow/.local/lib/python3.8/site-packages/airflow/example_dags/example_xcom.py
[2025-02-14T14:38:32.503+0000] {processor.py:839} INFO - DAG(s) dict_keys(['example_xcom']) retrieved from /home/airflow/.local/lib/python3.8/site-packages/airflow/example_dags/example_xcom.py
[2025-02-14T14:38:33.004+0000] {logging_mixin.py:154} INFO - [2025-02-14T14:38:33.004+0000] {manager.py:499} INFO - Created Permission View: %s
[2025-02-14T14:38:33.053+0000] {logging_mixin.py:154} INFO - [2025-02-14T14:38:33.053+0000] {manager.py:499} INFO - Created Permission View: %s
[2025-02-14T14:38:33.073+0000] {logging_mixin.py:154} INFO - [2025-02-14T14:38:33.071+0000] {manager.py:499} INFO - Created Permission View: %s
[2025-02-14T14:38:33.074+0000] {logging_mixin.py:154} INFO - [2025-02-14T14:38:33.074+0000] {dag.py:2941} INFO - Sync 1 DAGs
[2025-02-14T14:38:33.117+0000] {logging_mixin.py:154} INFO - [2025-02-14T14:38:33.117+0000] {dag.py:2963} INFO - Creating ORM DAG for example_xcom
[2025-02-14T14:38:33.144+0000] {logging_mixin.py:154} INFO - [2025-02-14T14:38:33.144+0000] {dag.py:3722} INFO - Setting next_dagrun for example_xcom to 2021-01-01T00:00:00+00:00, run_after=2021-01-01T00:00:00+00:00
[2025-02-14T14:38:33.227+0000] {processor.py:179} INFO - Processing /home/airflow/.local/lib/python3.8/site-packages/airflow/example_dags/example_xcom.py took 0.771 seconds
[2025-02-14T14:39:03.980+0000] {processor.py:157} INFO - Started process (PID=617) to work on /home/airflow/.local/lib/python3.8/site-packages/airflow/example_dags/example_xcom.py
[2025-02-14T14:39:03.984+0000] {processor.py:829} INFO - Processing file /home/airflow/.local/lib/python3.8/site-packages/airflow/example_dags/example_xcom.py for tasks to queue
[2025-02-14T14:39:03.986+0000] {logging_mixin.py:154} INFO - [2025-02-14T14:39:03.985+0000] {dagbag.py:536} INFO - Filling up the DagBag from /home/airflow/.local/lib/python3.8/site-packages/airflow/example_dags/example_xcom.py
[2025-02-14T14:39:04.012+0000] {processor.py:839} INFO - DAG(s) dict_keys(['example_xcom']) retrieved from /home/airflow/.local/lib/python3.8/site-packages/airflow/example_dags/example_xcom.py
[2025-02-14T14:39:04.160+0000] {logging_mixin.py:154} INFO - [2025-02-14T14:39:04.159+0000] {dag.py:2941} INFO - Sync 1 DAGs
[2025-02-14T14:39:04.252+0000] {logging_mixin.py:154} INFO - [2025-02-14T14:39:04.252+0000] {dag.py:3722} INFO - Setting next_dagrun for example_xcom to 2021-01-01T00:00:00+00:00, run_after=2021-01-01T00:00:00+00:00
[2025-02-14T14:39:04.301+0000] {processor.py:179} INFO - Processing /home/airflow/.local/lib/python3.8/site-packages/airflow/example_dags/example_xcom.py took 0.332 seconds
[2025-02-14T14:39:34.598+0000] {processor.py:157} INFO - Started process (PID=855) to work on /home/airflow/.local/lib/python3.8/site-packages/airflow/example_dags/example_xcom.py
[2025-02-14T14:39:34.602+0000] {processor.py:829} INFO - Processing file /home/airflow/.local/lib/python3.8/site-packages/airflow/example_dags/example_xcom.py for tasks to queue
[2025-02-14T14:39:34.604+0000] {logging_mixin.py:154} INFO - [2025-02-14T14:39:34.603+0000] {dagbag.py:536} INFO - Filling up the DagBag from /home/airflow/.local/lib/python3.8/site-packages/airflow/example_dags/example_xcom.py
[2025-02-14T14:39:34.624+0000] {processor.py:839} INFO - DAG(s) dict_keys(['example_xcom']) retrieved from /home/airflow/.local/lib/python3.8/site-packages/airflow/example_dags/example_xcom.py
[2025-02-14T14:39:34.698+0000] {logging_mixin.py:154} INFO - [2025-02-14T14:39:34.697+0000] {dag.py:2941} INFO - Sync 1 DAGs
[2025-02-14T14:39:34.769+0000] {logging_mixin.py:154} INFO - [2025-02-14T14:39:34.767+0000] {dag.py:3722} INFO - Setting next_dagrun for example_xcom to 2021-01-01T00:00:00+00:00, run_after=2021-01-01T00:00:00+00:00
[2025-02-14T14:39:34.824+0000] {processor.py:179} INFO - Processing /home/airflow/.local/lib/python3.8/site-packages/airflow/example_dags/example_xcom.py took 0.237 seconds
[2025-02-14T14:40:05.316+0000] {processor.py:157} INFO - Started process (PID=1093) to work on /home/airflow/.local/lib/python3.8/site-packages/airflow/example_dags/example_xcom.py
[2025-02-14T14:40:05.322+0000] {processor.py:829} INFO - Processing file /home/airflow/.local/lib/python3.8/site-packages/airflow/example_dags/example_xcom.py for tasks to queue
[2025-02-14T14:40:05.325+0000] {logging_mixin.py:154} INFO - [2025-02-14T14:40:05.325+0000] {dagbag.py:536} INFO - Filling up the DagBag from /home/airflow/.local/lib/python3.8/site-packages/airflow/example_dags/example_xcom.py
[2025-02-14T14:40:05.351+0000] {processor.py:839} INFO - DAG(s) dict_keys(['example_xcom']) retrieved from /home/airflow/.local/lib/python3.8/site-packages/airflow/example_dags/example_xcom.py
[2025-02-14T14:40:05.434+0000] {logging_mixin.py:154} INFO - [2025-02-14T14:40:05.433+0000] {dag.py:2941} INFO - Sync 1 DAGs
[2025-02-14T14:40:05.500+0000] {logging_mixin.py:154} INFO - [2025-02-14T14:40:05.499+0000] {dag.py:3722} INFO - Setting next_dagrun for example_xcom to 2021-01-01T00:00:00+00:00, run_after=2021-01-01T00:00:00+00:00
[2025-02-14T14:40:05.548+0000] {processor.py:179} INFO - Processing /home/airflow/.local/lib/python3.8/site-packages/airflow/example_dags/example_xcom.py took 0.244 seconds
[2025-02-14T14:40:36.289+0000] {processor.py:157} INFO - Started process (PID=1331) to work on /home/airflow/.local/lib/python3.8/site-packages/airflow/example_dags/example_xcom.py
[2025-02-14T14:40:36.291+0000] {processor.py:829} INFO - Processing file /home/airflow/.local/lib/python3.8/site-packages/airflow/example_dags/example_xcom.py for tasks to queue
[2025-02-14T14:40:36.294+0000] {logging_mixin.py:154} INFO - [2025-02-14T14:40:36.293+0000] {dagbag.py:536} INFO - Filling up the DagBag from /home/airflow/.local/lib/python3.8/site-packages/airflow/example_dags/example_xcom.py
[2025-02-14T14:40:36.316+0000] {processor.py:839} INFO - DAG(s) dict_keys(['example_xcom']) retrieved from /home/airflow/.local/lib/python3.8/site-packages/airflow/example_dags/example_xcom.py
[2025-02-14T14:40:36.386+0000] {logging_mixin.py:154} INFO - [2025-02-14T14:40:36.385+0000] {dag.py:2941} INFO - Sync 1 DAGs
[2025-02-14T14:40:36.458+0000] {logging_mixin.py:154} INFO - [2025-02-14T14:40:36.457+0000] {dag.py:3722} INFO - Setting next_dagrun for example_xcom to 2021-01-01T00:00:00+00:00, run_after=2021-01-01T00:00:00+00:00
[2025-02-14T14:40:36.507+0000] {processor.py:179} INFO - Processing /home/airflow/.local/lib/python3.8/site-packages/airflow/example_dags/example_xcom.py took 0.229 seconds
[2025-02-14T14:41:07.246+0000] {processor.py:157} INFO - Started process (PID=1567) to work on /home/airflow/.local/lib/python3.8/site-packages/airflow/example_dags/example_xcom.py
[2025-02-14T14:41:07.264+0000] {processor.py:829} INFO - Processing file /home/airflow/.local/lib/python3.8/site-packages/airflow/example_dags/example_xcom.py for tasks to queue
[2025-02-14T14:41:07.276+0000] {logging_mixin.py:154} INFO - [2025-02-14T14:41:07.275+0000] {dagbag.py:536} INFO - Filling up the DagBag from /home/airflow/.local/lib/python3.8/site-packages/airflow/example_dags/example_xcom.py
[2025-02-14T14:41:07.406+0000] {processor.py:839} INFO - DAG(s) dict_keys(['example_xcom']) retrieved from /home/airflow/.local/lib/python3.8/site-packages/airflow/example_dags/example_xcom.py
[2025-02-14T14:41:07.563+0000] {logging_mixin.py:154} INFO - [2025-02-14T14:41:07.563+0000] {dag.py:2941} INFO - Sync 1 DAGs
[2025-02-14T14:41:07.739+0000] {logging_mixin.py:154} INFO - [2025-02-14T14:41:07.738+0000] {dag.py:3722} INFO - Setting next_dagrun for example_xcom to 2021-01-01T00:00:00+00:00, run_after=2021-01-01T00:00:00+00:00
[2025-02-14T14:41:07.807+0000] {processor.py:179} INFO - Processing /home/airflow/.local/lib/python3.8/site-packages/airflow/example_dags/example_xcom.py took 0.610 seconds
[2025-02-14T14:41:38.176+0000] {processor.py:157} INFO - Started process (PID=1806) to work on /home/airflow/.local/lib/python3.8/site-packages/airflow/example_dags/example_xcom.py
[2025-02-14T14:41:38.178+0000] {processor.py:829} INFO - Processing file /home/airflow/.local/lib/python3.8/site-packages/airflow/example_dags/example_xcom.py for tasks to queue
[2025-02-14T14:41:38.180+0000] {logging_mixin.py:154} INFO - [2025-02-14T14:41:38.180+0000] {dagbag.py:536} INFO - Filling up the DagBag from /home/airflow/.local/lib/python3.8/site-packages/airflow/example_dags/example_xcom.py
[2025-02-14T14:41:38.201+0000] {processor.py:839} INFO - DAG(s) dict_keys(['example_xcom']) retrieved from /home/airflow/.local/lib/python3.8/site-packages/airflow/example_dags/example_xcom.py
[2025-02-14T14:41:38.292+0000] {logging_mixin.py:154} INFO - [2025-02-14T14:41:38.288+0000] {dag.py:2941} INFO - Sync 1 DAGs
[2025-02-14T14:41:38.390+0000] {logging_mixin.py:154} INFO - [2025-02-14T14:41:38.387+0000] {dag.py:3722} INFO - Setting next_dagrun for example_xcom to 2021-01-01T00:00:00+00:00, run_after=2021-01-01T00:00:00+00:00
[2025-02-14T14:41:38.465+0000] {processor.py:179} INFO - Processing /home/airflow/.local/lib/python3.8/site-packages/airflow/example_dags/example_xcom.py took 0.298 seconds
[2025-02-14T14:42:08.927+0000] {processor.py:157} INFO - Started process (PID=2044) to work on /home/airflow/.local/lib/python3.8/site-packages/airflow/example_dags/example_xcom.py
[2025-02-14T14:42:08.931+0000] {processor.py:829} INFO - Processing file /home/airflow/.local/lib/python3.8/site-packages/airflow/example_dags/example_xcom.py for tasks to queue
[2025-02-14T14:42:08.937+0000] {logging_mixin.py:154} INFO - [2025-02-14T14:42:08.935+0000] {dagbag.py:536} INFO - Filling up the DagBag from /home/airflow/.local/lib/python3.8/site-packages/airflow/example_dags/example_xcom.py
[2025-02-14T14:42:08.960+0000] {processor.py:839} INFO - DAG(s) dict_keys(['example_xcom']) retrieved from /home/airflow/.local/lib/python3.8/site-packages/airflow/example_dags/example_xcom.py
[2025-02-14T14:42:09.032+0000] {logging_mixin.py:154} INFO - [2025-02-14T14:42:09.031+0000] {dag.py:2941} INFO - Sync 1 DAGs
[2025-02-14T14:42:09.103+0000] {logging_mixin.py:154} INFO - [2025-02-14T14:42:09.103+0000] {dag.py:3722} INFO - Setting next_dagrun for example_xcom to 2021-01-01T00:00:00+00:00, run_after=2021-01-01T00:00:00+00:00
[2025-02-14T14:42:09.150+0000] {processor.py:179} INFO - Processing /home/airflow/.local/lib/python3.8/site-packages/airflow/example_dags/example_xcom.py took 0.240 seconds
[2025-02-14T14:42:39.372+0000] {processor.py:157} INFO - Started process (PID=2282) to work on /home/airflow/.local/lib/python3.8/site-packages/airflow/example_dags/example_xcom.py
[2025-02-14T14:42:39.375+0000] {processor.py:829} INFO - Processing file /home/airflow/.local/lib/python3.8/site-packages/airflow/example_dags/example_xcom.py for tasks to queue
[2025-02-14T14:42:39.379+0000] {logging_mixin.py:154} INFO - [2025-02-14T14:42:39.378+0000] {dagbag.py:536} INFO - Filling up the DagBag from /home/airflow/.local/lib/python3.8/site-packages/airflow/example_dags/example_xcom.py
[2025-02-14T14:42:39.401+0000] {processor.py:839} INFO - DAG(s) dict_keys(['example_xcom']) retrieved from /home/airflow/.local/lib/python3.8/site-packages/airflow/example_dags/example_xcom.py
[2025-02-14T14:42:39.506+0000] {logging_mixin.py:154} INFO - [2025-02-14T14:42:39.506+0000] {dag.py:2941} INFO - Sync 1 DAGs
[2025-02-14T14:42:39.570+0000] {logging_mixin.py:154} INFO - [2025-02-14T14:42:39.569+0000] {dag.py:3722} INFO - Setting next_dagrun for example_xcom to 2021-01-01T00:00:00+00:00, run_after=2021-01-01T00:00:00+00:00
[2025-02-14T14:42:39.618+0000] {processor.py:179} INFO - Processing /home/airflow/.local/lib/python3.8/site-packages/airflow/example_dags/example_xcom.py took 0.263 seconds
[2025-02-14T14:43:09.915+0000] {processor.py:157} INFO - Started process (PID=2520) to work on /home/airflow/.local/lib/python3.8/site-packages/airflow/example_dags/example_xcom.py
[2025-02-14T14:43:09.917+0000] {processor.py:829} INFO - Processing file /home/airflow/.local/lib/python3.8/site-packages/airflow/example_dags/example_xcom.py for tasks to queue
[2025-02-14T14:43:09.917+0000] {logging_mixin.py:154} INFO - [2025-02-14T14:43:09.917+0000] {dagbag.py:536} INFO - Filling up the DagBag from /home/airflow/.local/lib/python3.8/site-packages/airflow/example_dags/example_xcom.py
[2025-02-14T14:43:09.929+0000] {processor.py:839} INFO - DAG(s) dict_keys(['example_xcom']) retrieved from /home/airflow/.local/lib/python3.8/site-packages/airflow/example_dags/example_xcom.py
[2025-02-14T14:43:09.955+0000] {logging_mixin.py:154} INFO - [2025-02-14T14:43:09.955+0000] {dag.py:2941} INFO - Sync 1 DAGs
[2025-02-14T14:43:09.977+0000] {logging_mixin.py:154} INFO - [2025-02-14T14:43:09.977+0000] {dag.py:3722} INFO - Setting next_dagrun for example_xcom to 2021-01-01T00:00:00+00:00, run_after=2021-01-01T00:00:00+00:00
[2025-02-14T14:43:09.994+0000] {processor.py:179} INFO - Processing /home/airflow/.local/lib/python3.8/site-packages/airflow/example_dags/example_xcom.py took 0.084 seconds
[2025-02-14T14:43:40.628+0000] {processor.py:157} INFO - Started process (PID=2756) to work on /home/airflow/.local/lib/python3.8/site-packages/airflow/example_dags/example_xcom.py
[2025-02-14T14:43:40.631+0000] {processor.py:829} INFO - Processing file /home/airflow/.local/lib/python3.8/site-packages/airflow/example_dags/example_xcom.py for tasks to queue
[2025-02-14T14:43:40.633+0000] {logging_mixin.py:154} INFO - [2025-02-14T14:43:40.632+0000] {dagbag.py:536} INFO - Filling up the DagBag from /home/airflow/.local/lib/python3.8/site-packages/airflow/example_dags/example_xcom.py
[2025-02-14T14:43:40.658+0000] {processor.py:839} INFO - DAG(s) dict_keys(['example_xcom']) retrieved from /home/airflow/.local/lib/python3.8/site-packages/airflow/example_dags/example_xcom.py
[2025-02-14T14:43:40.730+0000] {logging_mixin.py:154} INFO - [2025-02-14T14:43:40.730+0000] {dag.py:2941} INFO - Sync 1 DAGs
[2025-02-14T14:43:40.803+0000] {logging_mixin.py:154} INFO - [2025-02-14T14:43:40.803+0000] {dag.py:3722} INFO - Setting next_dagrun for example_xcom to 2021-01-01T00:00:00+00:00, run_after=2021-01-01T00:00:00+00:00
[2025-02-14T14:43:40.856+0000] {processor.py:179} INFO - Processing /home/airflow/.local/lib/python3.8/site-packages/airflow/example_dags/example_xcom.py took 0.236 seconds
[2025-02-14T14:44:11.659+0000] {processor.py:157} INFO - Started process (PID=2993) to work on /home/airflow/.local/lib/python3.8/site-packages/airflow/example_dags/example_xcom.py
[2025-02-14T14:44:11.663+0000] {processor.py:829} INFO - Processing file /home/airflow/.local/lib/python3.8/site-packages/airflow/example_dags/example_xcom.py for tasks to queue
[2025-02-14T14:44:11.671+0000] {logging_mixin.py:154} INFO - [2025-02-14T14:44:11.667+0000] {dagbag.py:536} INFO - Filling up the DagBag from /home/airflow/.local/lib/python3.8/site-packages/airflow/example_dags/example_xcom.py
[2025-02-14T14:44:11.701+0000] {processor.py:839} INFO - DAG(s) dict_keys(['example_xcom']) retrieved from /home/airflow/.local/lib/python3.8/site-packages/airflow/example_dags/example_xcom.py
[2025-02-14T14:44:11.781+0000] {logging_mixin.py:154} INFO - [2025-02-14T14:44:11.781+0000] {dag.py:2941} INFO - Sync 1 DAGs
[2025-02-14T14:44:11.872+0000] {logging_mixin.py:154} INFO - [2025-02-14T14:44:11.871+0000] {dag.py:3722} INFO - Setting next_dagrun for example_xcom to 2021-01-01T00:00:00+00:00, run_after=2021-01-01T00:00:00+00:00
[2025-02-14T14:44:11.958+0000] {processor.py:179} INFO - Processing /home/airflow/.local/lib/python3.8/site-packages/airflow/example_dags/example_xcom.py took 0.313 seconds
[2025-02-14T14:44:42.324+0000] {processor.py:157} INFO - Started process (PID=3250) to work on /home/airflow/.local/lib/python3.8/site-packages/airflow/example_dags/example_xcom.py
[2025-02-14T14:44:42.326+0000] {processor.py:829} INFO - Processing file /home/airflow/.local/lib/python3.8/site-packages/airflow/example_dags/example_xcom.py for tasks to queue
[2025-02-14T14:44:42.328+0000] {logging_mixin.py:154} INFO - [2025-02-14T14:44:42.327+0000] {dagbag.py:536} INFO - Filling up the DagBag from /home/airflow/.local/lib/python3.8/site-packages/airflow/example_dags/example_xcom.py
[2025-02-14T14:44:42.351+0000] {processor.py:839} INFO - DAG(s) dict_keys(['example_xcom']) retrieved from /home/airflow/.local/lib/python3.8/site-packages/airflow/example_dags/example_xcom.py
[2025-02-14T14:44:42.434+0000] {logging_mixin.py:154} INFO - [2025-02-14T14:44:42.434+0000] {dag.py:2941} INFO - Sync 1 DAGs
[2025-02-14T14:44:42.499+0000] {logging_mixin.py:154} INFO - [2025-02-14T14:44:42.498+0000] {dag.py:3722} INFO - Setting next_dagrun for example_xcom to 2021-01-01T00:00:00+00:00, run_after=2021-01-01T00:00:00+00:00
[2025-02-14T14:44:42.548+0000] {processor.py:179} INFO - Processing /home/airflow/.local/lib/python3.8/site-packages/airflow/example_dags/example_xcom.py took 0.242 seconds
[2025-02-14T14:45:13.017+0000] {processor.py:157} INFO - Started process (PID=3504) to work on /home/airflow/.local/lib/python3.8/site-packages/airflow/example_dags/example_xcom.py
[2025-02-14T14:45:13.019+0000] {processor.py:829} INFO - Processing file /home/airflow/.local/lib/python3.8/site-packages/airflow/example_dags/example_xcom.py for tasks to queue
[2025-02-14T14:45:13.021+0000] {logging_mixin.py:154} INFO - [2025-02-14T14:45:13.020+0000] {dagbag.py:536} INFO - Filling up the DagBag from /home/airflow/.local/lib/python3.8/site-packages/airflow/example_dags/example_xcom.py
[2025-02-14T14:45:13.041+0000] {processor.py:839} INFO - DAG(s) dict_keys(['example_xcom']) retrieved from /home/airflow/.local/lib/python3.8/site-packages/airflow/example_dags/example_xcom.py
[2025-02-14T14:45:13.131+0000] {logging_mixin.py:154} INFO - [2025-02-14T14:45:13.130+0000] {dag.py:2941} INFO - Sync 1 DAGs
[2025-02-14T14:45:13.196+0000] {logging_mixin.py:154} INFO - [2025-02-14T14:45:13.196+0000] {dag.py:3722} INFO - Setting next_dagrun for example_xcom to 2021-01-01T00:00:00+00:00, run_after=2021-01-01T00:00:00+00:00
[2025-02-14T14:45:13.252+0000] {processor.py:179} INFO - Processing /home/airflow/.local/lib/python3.8/site-packages/airflow/example_dags/example_xcom.py took 0.243 seconds
[2025-02-14T14:45:43.668+0000] {processor.py:157} INFO - Started process (PID=3742) to work on /home/airflow/.local/lib/python3.8/site-packages/airflow/example_dags/example_xcom.py
[2025-02-14T14:45:43.670+0000] {processor.py:829} INFO - Processing file /home/airflow/.local/lib/python3.8/site-packages/airflow/example_dags/example_xcom.py for tasks to queue
[2025-02-14T14:45:43.675+0000] {logging_mixin.py:154} INFO - [2025-02-14T14:45:43.675+0000] {dagbag.py:536} INFO - Filling up the DagBag from /home/airflow/.local/lib/python3.8/site-packages/airflow/example_dags/example_xcom.py
[2025-02-14T14:45:43.714+0000] {processor.py:839} INFO - DAG(s) dict_keys(['example_xcom']) retrieved from /home/airflow/.local/lib/python3.8/site-packages/airflow/example_dags/example_xcom.py
[2025-02-14T14:45:43.804+0000] {logging_mixin.py:154} INFO - [2025-02-14T14:45:43.803+0000] {dag.py:2941} INFO - Sync 1 DAGs
[2025-02-14T14:45:43.887+0000] {logging_mixin.py:154} INFO - [2025-02-14T14:45:43.887+0000] {dag.py:3722} INFO - Setting next_dagrun for example_xcom to 2021-01-01T00:00:00+00:00, run_after=2021-01-01T00:00:00+00:00
[2025-02-14T14:45:43.940+0000] {processor.py:179} INFO - Processing /home/airflow/.local/lib/python3.8/site-packages/airflow/example_dags/example_xcom.py took 0.296 seconds
[2025-02-14T14:46:14.406+0000] {processor.py:157} INFO - Started process (PID=3978) to work on /home/airflow/.local/lib/python3.8/site-packages/airflow/example_dags/example_xcom.py
[2025-02-14T14:46:14.411+0000] {processor.py:829} INFO - Processing file /home/airflow/.local/lib/python3.8/site-packages/airflow/example_dags/example_xcom.py for tasks to queue
[2025-02-14T14:46:14.417+0000] {logging_mixin.py:154} INFO - [2025-02-14T14:46:14.416+0000] {dagbag.py:536} INFO - Filling up the DagBag from /home/airflow/.local/lib/python3.8/site-packages/airflow/example_dags/example_xcom.py
[2025-02-14T14:46:14.439+0000] {processor.py:839} INFO - DAG(s) dict_keys(['example_xcom']) retrieved from /home/airflow/.local/lib/python3.8/site-packages/airflow/example_dags/example_xcom.py
[2025-02-14T14:46:14.491+0000] {logging_mixin.py:154} INFO - [2025-02-14T14:46:14.490+0000] {dag.py:2941} INFO - Sync 1 DAGs
[2025-02-14T14:46:14.582+0000] {logging_mixin.py:154} INFO - [2025-02-14T14:46:14.581+0000] {dag.py:3722} INFO - Setting next_dagrun for example_xcom to 2021-01-01T00:00:00+00:00, run_after=2021-01-01T00:00:00+00:00
[2025-02-14T14:46:14.657+0000] {processor.py:179} INFO - Processing /home/airflow/.local/lib/python3.8/site-packages/airflow/example_dags/example_xcom.py took 0.271 seconds
[2025-02-14T14:46:45.594+0000] {processor.py:157} INFO - Started process (PID=4217) to work on /home/airflow/.local/lib/python3.8/site-packages/airflow/example_dags/example_xcom.py
[2025-02-14T14:46:45.597+0000] {processor.py:829} INFO - Processing file /home/airflow/.local/lib/python3.8/site-packages/airflow/example_dags/example_xcom.py for tasks to queue
[2025-02-14T14:46:45.599+0000] {logging_mixin.py:154} INFO - [2025-02-14T14:46:45.598+0000] {dagbag.py:536} INFO - Filling up the DagBag from /home/airflow/.local/lib/python3.8/site-packages/airflow/example_dags/example_xcom.py
[2025-02-14T14:46:45.619+0000] {processor.py:839} INFO - DAG(s) dict_keys(['example_xcom']) retrieved from /home/airflow/.local/lib/python3.8/site-packages/airflow/example_dags/example_xcom.py
[2025-02-14T14:46:45.699+0000] {logging_mixin.py:154} INFO - [2025-02-14T14:46:45.698+0000] {dag.py:2941} INFO - Sync 1 DAGs
[2025-02-14T14:46:45.775+0000] {logging_mixin.py:154} INFO - [2025-02-14T14:46:45.775+0000] {dag.py:3722} INFO - Setting next_dagrun for example_xcom to 2021-01-01T00:00:00+00:00, run_after=2021-01-01T00:00:00+00:00
[2025-02-14T14:46:45.829+0000] {processor.py:179} INFO - Processing /home/airflow/.local/lib/python3.8/site-packages/airflow/example_dags/example_xcom.py took 0.246 seconds
[2025-02-14T14:47:16.604+0000] {processor.py:157} INFO - Started process (PID=4453) to work on /home/airflow/.local/lib/python3.8/site-packages/airflow/example_dags/example_xcom.py
[2025-02-14T14:47:16.607+0000] {processor.py:829} INFO - Processing file /home/airflow/.local/lib/python3.8/site-packages/airflow/example_dags/example_xcom.py for tasks to queue
[2025-02-14T14:47:16.609+0000] {logging_mixin.py:154} INFO - [2025-02-14T14:47:16.608+0000] {dagbag.py:536} INFO - Filling up the DagBag from /home/airflow/.local/lib/python3.8/site-packages/airflow/example_dags/example_xcom.py
[2025-02-14T14:47:16.637+0000] {processor.py:839} INFO - DAG(s) dict_keys(['example_xcom']) retrieved from /home/airflow/.local/lib/python3.8/site-packages/airflow/example_dags/example_xcom.py
[2025-02-14T14:47:16.722+0000] {logging_mixin.py:154} INFO - [2025-02-14T14:47:16.722+0000] {dag.py:2941} INFO - Sync 1 DAGs
[2025-02-14T14:47:16.786+0000] {logging_mixin.py:154} INFO - [2025-02-14T14:47:16.786+0000] {dag.py:3722} INFO - Setting next_dagrun for example_xcom to 2021-01-01T00:00:00+00:00, run_after=2021-01-01T00:00:00+00:00
[2025-02-14T14:47:16.841+0000] {processor.py:179} INFO - Processing /home/airflow/.local/lib/python3.8/site-packages/airflow/example_dags/example_xcom.py took 0.248 seconds
[2025-02-14T14:47:48.745+0000] {processor.py:157} INFO - Started process (PID=4697) to work on /home/airflow/.local/lib/python3.8/site-packages/airflow/example_dags/example_xcom.py
[2025-02-14T14:47:48.748+0000] {processor.py:829} INFO - Processing file /home/airflow/.local/lib/python3.8/site-packages/airflow/example_dags/example_xcom.py for tasks to queue
[2025-02-14T14:47:48.751+0000] {logging_mixin.py:154} INFO - [2025-02-14T14:47:48.750+0000] {dagbag.py:536} INFO - Filling up the DagBag from /home/airflow/.local/lib/python3.8/site-packages/airflow/example_dags/example_xcom.py
[2025-02-14T14:47:48.776+0000] {processor.py:839} INFO - DAG(s) dict_keys(['example_xcom']) retrieved from /home/airflow/.local/lib/python3.8/site-packages/airflow/example_dags/example_xcom.py
[2025-02-14T14:47:48.848+0000] {logging_mixin.py:154} INFO - [2025-02-14T14:47:48.847+0000] {dag.py:2941} INFO - Sync 1 DAGs
[2025-02-14T14:47:48.946+0000] {logging_mixin.py:154} INFO - [2025-02-14T14:47:48.943+0000] {dag.py:3722} INFO - Setting next_dagrun for example_xcom to 2021-01-01T00:00:00+00:00, run_after=2021-01-01T00:00:00+00:00
[2025-02-14T14:47:49.034+0000] {processor.py:179} INFO - Processing /home/airflow/.local/lib/python3.8/site-packages/airflow/example_dags/example_xcom.py took 0.301 seconds
[2025-02-14T14:48:19.783+0000] {processor.py:157} INFO - Started process (PID=4941) to work on /home/airflow/.local/lib/python3.8/site-packages/airflow/example_dags/example_xcom.py
[2025-02-14T14:48:19.785+0000] {processor.py:829} INFO - Processing file /home/airflow/.local/lib/python3.8/site-packages/airflow/example_dags/example_xcom.py for tasks to queue
[2025-02-14T14:48:19.786+0000] {logging_mixin.py:154} INFO - [2025-02-14T14:48:19.786+0000] {dagbag.py:536} INFO - Filling up the DagBag from /home/airflow/.local/lib/python3.8/site-packages/airflow/example_dags/example_xcom.py
[2025-02-14T14:48:19.812+0000] {processor.py:839} INFO - DAG(s) dict_keys(['example_xcom']) retrieved from /home/airflow/.local/lib/python3.8/site-packages/airflow/example_dags/example_xcom.py
[2025-02-14T14:48:19.884+0000] {logging_mixin.py:154} INFO - [2025-02-14T14:48:19.884+0000] {dag.py:2941} INFO - Sync 1 DAGs
[2025-02-14T14:48:19.950+0000] {logging_mixin.py:154} INFO - [2025-02-14T14:48:19.949+0000] {dag.py:3722} INFO - Setting next_dagrun for example_xcom to 2021-01-01T00:00:00+00:00, run_after=2021-01-01T00:00:00+00:00
[2025-02-14T14:48:20.006+0000] {processor.py:179} INFO - Processing /home/airflow/.local/lib/python3.8/site-packages/airflow/example_dags/example_xcom.py took 0.234 seconds
[2025-02-14T14:48:50.684+0000] {processor.py:157} INFO - Started process (PID=5181) to work on /home/airflow/.local/lib/python3.8/site-packages/airflow/example_dags/example_xcom.py
[2025-02-14T14:48:50.689+0000] {processor.py:829} INFO - Processing file /home/airflow/.local/lib/python3.8/site-packages/airflow/example_dags/example_xcom.py for tasks to queue
[2025-02-14T14:48:50.691+0000] {logging_mixin.py:154} INFO - [2025-02-14T14:48:50.690+0000] {dagbag.py:536} INFO - Filling up the DagBag from /home/airflow/.local/lib/python3.8/site-packages/airflow/example_dags/example_xcom.py
[2025-02-14T14:48:50.716+0000] {processor.py:839} INFO - DAG(s) dict_keys(['example_xcom']) retrieved from /home/airflow/.local/lib/python3.8/site-packages/airflow/example_dags/example_xcom.py
[2025-02-14T14:48:50.787+0000] {logging_mixin.py:154} INFO - [2025-02-14T14:48:50.786+0000] {dag.py:2941} INFO - Sync 1 DAGs
[2025-02-14T14:48:50.867+0000] {logging_mixin.py:154} INFO - [2025-02-14T14:48:50.867+0000] {dag.py:3722} INFO - Setting next_dagrun for example_xcom to 2021-01-01T00:00:00+00:00, run_after=2021-01-01T00:00:00+00:00
[2025-02-14T14:48:50.925+0000] {processor.py:179} INFO - Processing /home/airflow/.local/lib/python3.8/site-packages/airflow/example_dags/example_xcom.py took 0.251 seconds
[2025-02-14T14:49:21.896+0000] {processor.py:157} INFO - Started process (PID=5421) to work on /home/airflow/.local/lib/python3.8/site-packages/airflow/example_dags/example_xcom.py
[2025-02-14T14:49:21.899+0000] {processor.py:829} INFO - Processing file /home/airflow/.local/lib/python3.8/site-packages/airflow/example_dags/example_xcom.py for tasks to queue
[2025-02-14T14:49:21.901+0000] {logging_mixin.py:154} INFO - [2025-02-14T14:49:21.901+0000] {dagbag.py:536} INFO - Filling up the DagBag from /home/airflow/.local/lib/python3.8/site-packages/airflow/example_dags/example_xcom.py
[2025-02-14T14:49:21.930+0000] {processor.py:839} INFO - DAG(s) dict_keys(['example_xcom']) retrieved from /home/airflow/.local/lib/python3.8/site-packages/airflow/example_dags/example_xcom.py
[2025-02-14T14:49:22.033+0000] {logging_mixin.py:154} INFO - [2025-02-14T14:49:22.033+0000] {dag.py:2941} INFO - Sync 1 DAGs
[2025-02-14T14:49:22.125+0000] {logging_mixin.py:154} INFO - [2025-02-14T14:49:22.124+0000] {dag.py:3722} INFO - Setting next_dagrun for example_xcom to 2021-01-01T00:00:00+00:00, run_after=2021-01-01T00:00:00+00:00
[2025-02-14T14:49:22.173+0000] {processor.py:179} INFO - Processing /home/airflow/.local/lib/python3.8/site-packages/airflow/example_dags/example_xcom.py took 0.291 seconds
[2025-02-14T14:49:53.135+0000] {processor.py:157} INFO - Started process (PID=5658) to work on /home/airflow/.local/lib/python3.8/site-packages/airflow/example_dags/example_xcom.py
[2025-02-14T14:49:53.137+0000] {processor.py:829} INFO - Processing file /home/airflow/.local/lib/python3.8/site-packages/airflow/example_dags/example_xcom.py for tasks to queue
[2025-02-14T14:49:53.140+0000] {logging_mixin.py:154} INFO - [2025-02-14T14:49:53.138+0000] {dagbag.py:536} INFO - Filling up the DagBag from /home/airflow/.local/lib/python3.8/site-packages/airflow/example_dags/example_xcom.py
[2025-02-14T14:49:53.169+0000] {processor.py:839} INFO - DAG(s) dict_keys(['example_xcom']) retrieved from /home/airflow/.local/lib/python3.8/site-packages/airflow/example_dags/example_xcom.py
[2025-02-14T14:49:53.250+0000] {logging_mixin.py:154} INFO - [2025-02-14T14:49:53.250+0000] {dag.py:2941} INFO - Sync 1 DAGs
[2025-02-14T14:49:53.314+0000] {logging_mixin.py:154} INFO - [2025-02-14T14:49:53.313+0000] {dag.py:3722} INFO - Setting next_dagrun for example_xcom to 2021-01-01T00:00:00+00:00, run_after=2021-01-01T00:00:00+00:00
[2025-02-14T14:49:53.366+0000] {processor.py:179} INFO - Processing /home/airflow/.local/lib/python3.8/site-packages/airflow/example_dags/example_xcom.py took 0.244 seconds
[2025-02-14T14:50:24.572+0000] {processor.py:157} INFO - Started process (PID=5904) to work on /home/airflow/.local/lib/python3.8/site-packages/airflow/example_dags/example_xcom.py
[2025-02-14T14:50:24.575+0000] {processor.py:829} INFO - Processing file /home/airflow/.local/lib/python3.8/site-packages/airflow/example_dags/example_xcom.py for tasks to queue
[2025-02-14T14:50:24.577+0000] {logging_mixin.py:154} INFO - [2025-02-14T14:50:24.576+0000] {dagbag.py:536} INFO - Filling up the DagBag from /home/airflow/.local/lib/python3.8/site-packages/airflow/example_dags/example_xcom.py
[2025-02-14T14:50:24.600+0000] {processor.py:839} INFO - DAG(s) dict_keys(['example_xcom']) retrieved from /home/airflow/.local/lib/python3.8/site-packages/airflow/example_dags/example_xcom.py
[2025-02-14T14:50:24.669+0000] {logging_mixin.py:154} INFO - [2025-02-14T14:50:24.669+0000] {dag.py:2941} INFO - Sync 1 DAGs
[2025-02-14T14:50:24.750+0000] {logging_mixin.py:154} INFO - [2025-02-14T14:50:24.746+0000] {dag.py:3722} INFO - Setting next_dagrun for example_xcom to 2021-01-01T00:00:00+00:00, run_after=2021-01-01T00:00:00+00:00
[2025-02-14T14:50:24.866+0000] {processor.py:179} INFO - Processing /home/airflow/.local/lib/python3.8/site-packages/airflow/example_dags/example_xcom.py took 0.314 seconds
[2025-02-14T14:50:55.291+0000] {processor.py:157} INFO - Started process (PID=6139) to work on /home/airflow/.local/lib/python3.8/site-packages/airflow/example_dags/example_xcom.py
[2025-02-14T14:50:55.293+0000] {processor.py:829} INFO - Processing file /home/airflow/.local/lib/python3.8/site-packages/airflow/example_dags/example_xcom.py for tasks to queue
[2025-02-14T14:50:55.301+0000] {logging_mixin.py:154} INFO - [2025-02-14T14:50:55.294+0000] {dagbag.py:536} INFO - Filling up the DagBag from /home/airflow/.local/lib/python3.8/site-packages/airflow/example_dags/example_xcom.py
[2025-02-14T14:50:55.325+0000] {processor.py:839} INFO - DAG(s) dict_keys(['example_xcom']) retrieved from /home/airflow/.local/lib/python3.8/site-packages/airflow/example_dags/example_xcom.py
[2025-02-14T14:50:55.402+0000] {logging_mixin.py:154} INFO - [2025-02-14T14:50:55.402+0000] {dag.py:2941} INFO - Sync 1 DAGs
[2025-02-14T14:50:55.475+0000] {logging_mixin.py:154} INFO - [2025-02-14T14:50:55.474+0000] {dag.py:3722} INFO - Setting next_dagrun for example_xcom to 2021-01-01T00:00:00+00:00, run_after=2021-01-01T00:00:00+00:00
[2025-02-14T14:50:55.530+0000] {processor.py:179} INFO - Processing /home/airflow/.local/lib/python3.8/site-packages/airflow/example_dags/example_xcom.py took 0.251 seconds
[2025-02-14T14:51:25.956+0000] {processor.py:157} INFO - Started process (PID=6375) to work on /home/airflow/.local/lib/python3.8/site-packages/airflow/example_dags/example_xcom.py
[2025-02-14T14:51:25.959+0000] {processor.py:829} INFO - Processing file /home/airflow/.local/lib/python3.8/site-packages/airflow/example_dags/example_xcom.py for tasks to queue
[2025-02-14T14:51:25.961+0000] {logging_mixin.py:154} INFO - [2025-02-14T14:51:25.960+0000] {dagbag.py:536} INFO - Filling up the DagBag from /home/airflow/.local/lib/python3.8/site-packages/airflow/example_dags/example_xcom.py
[2025-02-14T14:51:25.983+0000] {processor.py:839} INFO - DAG(s) dict_keys(['example_xcom']) retrieved from /home/airflow/.local/lib/python3.8/site-packages/airflow/example_dags/example_xcom.py
[2025-02-14T14:51:26.048+0000] {logging_mixin.py:154} INFO - [2025-02-14T14:51:26.047+0000] {dag.py:2941} INFO - Sync 1 DAGs
[2025-02-14T14:51:26.122+0000] {logging_mixin.py:154} INFO - [2025-02-14T14:51:26.121+0000] {dag.py:3722} INFO - Setting next_dagrun for example_xcom to 2021-01-01T00:00:00+00:00, run_after=2021-01-01T00:00:00+00:00
[2025-02-14T14:51:26.221+0000] {processor.py:179} INFO - Processing /home/airflow/.local/lib/python3.8/site-packages/airflow/example_dags/example_xcom.py took 0.275 seconds
[2025-02-14T14:51:57.002+0000] {processor.py:157} INFO - Started process (PID=6613) to work on /home/airflow/.local/lib/python3.8/site-packages/airflow/example_dags/example_xcom.py
[2025-02-14T14:51:57.007+0000] {processor.py:829} INFO - Processing file /home/airflow/.local/lib/python3.8/site-packages/airflow/example_dags/example_xcom.py for tasks to queue
[2025-02-14T14:51:57.011+0000] {logging_mixin.py:154} INFO - [2025-02-14T14:51:57.010+0000] {dagbag.py:536} INFO - Filling up the DagBag from /home/airflow/.local/lib/python3.8/site-packages/airflow/example_dags/example_xcom.py
[2025-02-14T14:51:57.052+0000] {processor.py:839} INFO - DAG(s) dict_keys(['example_xcom']) retrieved from /home/airflow/.local/lib/python3.8/site-packages/airflow/example_dags/example_xcom.py
[2025-02-14T14:51:57.192+0000] {logging_mixin.py:154} INFO - [2025-02-14T14:51:57.191+0000] {dag.py:2941} INFO - Sync 1 DAGs
[2025-02-14T14:51:57.374+0000] {logging_mixin.py:154} INFO - [2025-02-14T14:51:57.374+0000] {dag.py:3722} INFO - Setting next_dagrun for example_xcom to 2021-01-01T00:00:00+00:00, run_after=2021-01-01T00:00:00+00:00
[2025-02-14T14:51:57.421+0000] {processor.py:179} INFO - Processing /home/airflow/.local/lib/python3.8/site-packages/airflow/example_dags/example_xcom.py took 0.440 seconds
[2025-02-14T14:52:28.194+0000] {processor.py:157} INFO - Started process (PID=6851) to work on /home/airflow/.local/lib/python3.8/site-packages/airflow/example_dags/example_xcom.py
[2025-02-14T14:52:28.197+0000] {processor.py:829} INFO - Processing file /home/airflow/.local/lib/python3.8/site-packages/airflow/example_dags/example_xcom.py for tasks to queue
[2025-02-14T14:52:28.201+0000] {logging_mixin.py:154} INFO - [2025-02-14T14:52:28.200+0000] {dagbag.py:536} INFO - Filling up the DagBag from /home/airflow/.local/lib/python3.8/site-packages/airflow/example_dags/example_xcom.py
[2025-02-14T14:52:28.224+0000] {processor.py:839} INFO - DAG(s) dict_keys(['example_xcom']) retrieved from /home/airflow/.local/lib/python3.8/site-packages/airflow/example_dags/example_xcom.py
[2025-02-14T14:52:28.306+0000] {logging_mixin.py:154} INFO - [2025-02-14T14:52:28.305+0000] {dag.py:2941} INFO - Sync 1 DAGs
[2025-02-14T14:52:28.370+0000] {logging_mixin.py:154} INFO - [2025-02-14T14:52:28.369+0000] {dag.py:3722} INFO - Setting next_dagrun for example_xcom to 2021-01-01T00:00:00+00:00, run_after=2021-01-01T00:00:00+00:00
[2025-02-14T14:52:28.428+0000] {processor.py:179} INFO - Processing /home/airflow/.local/lib/python3.8/site-packages/airflow/example_dags/example_xcom.py took 0.244 seconds
[2025-02-14T14:52:59.397+0000] {processor.py:157} INFO - Started process (PID=7089) to work on /home/airflow/.local/lib/python3.8/site-packages/airflow/example_dags/example_xcom.py
[2025-02-14T14:52:59.401+0000] {processor.py:829} INFO - Processing file /home/airflow/.local/lib/python3.8/site-packages/airflow/example_dags/example_xcom.py for tasks to queue
[2025-02-14T14:52:59.403+0000] {logging_mixin.py:154} INFO - [2025-02-14T14:52:59.402+0000] {dagbag.py:536} INFO - Filling up the DagBag from /home/airflow/.local/lib/python3.8/site-packages/airflow/example_dags/example_xcom.py
[2025-02-14T14:52:59.428+0000] {processor.py:839} INFO - DAG(s) dict_keys(['example_xcom']) retrieved from /home/airflow/.local/lib/python3.8/site-packages/airflow/example_dags/example_xcom.py
[2025-02-14T14:52:59.489+0000] {logging_mixin.py:154} INFO - [2025-02-14T14:52:59.488+0000] {dag.py:2941} INFO - Sync 1 DAGs
[2025-02-14T14:52:59.554+0000] {logging_mixin.py:154} INFO - [2025-02-14T14:52:59.554+0000] {dag.py:3722} INFO - Setting next_dagrun for example_xcom to 2021-01-01T00:00:00+00:00, run_after=2021-01-01T00:00:00+00:00
[2025-02-14T14:52:59.620+0000] {processor.py:179} INFO - Processing /home/airflow/.local/lib/python3.8/site-packages/airflow/example_dags/example_xcom.py took 0.232 seconds
[2025-02-14T14:53:29.744+0000] {processor.py:157} INFO - Started process (PID=7323) to work on /home/airflow/.local/lib/python3.8/site-packages/airflow/example_dags/example_xcom.py
[2025-02-14T14:53:29.747+0000] {processor.py:829} INFO - Processing file /home/airflow/.local/lib/python3.8/site-packages/airflow/example_dags/example_xcom.py for tasks to queue
[2025-02-14T14:53:29.749+0000] {logging_mixin.py:154} INFO - [2025-02-14T14:53:29.748+0000] {dagbag.py:536} INFO - Filling up the DagBag from /home/airflow/.local/lib/python3.8/site-packages/airflow/example_dags/example_xcom.py
[2025-02-14T14:53:29.772+0000] {processor.py:839} INFO - DAG(s) dict_keys(['example_xcom']) retrieved from /home/airflow/.local/lib/python3.8/site-packages/airflow/example_dags/example_xcom.py
[2025-02-14T14:53:29.852+0000] {logging_mixin.py:154} INFO - [2025-02-14T14:53:29.852+0000] {dag.py:2941} INFO - Sync 1 DAGs
[2025-02-14T14:53:29.908+0000] {logging_mixin.py:154} INFO - [2025-02-14T14:53:29.907+0000] {dag.py:3722} INFO - Setting next_dagrun for example_xcom to 2021-01-01T00:00:00+00:00, run_after=2021-01-01T00:00:00+00:00
[2025-02-14T14:53:29.957+0000] {processor.py:179} INFO - Processing /home/airflow/.local/lib/python3.8/site-packages/airflow/example_dags/example_xcom.py took 0.227 seconds
[2025-02-14T14:54:00.264+0000] {processor.py:157} INFO - Started process (PID=7561) to work on /home/airflow/.local/lib/python3.8/site-packages/airflow/example_dags/example_xcom.py
[2025-02-14T14:54:00.267+0000] {processor.py:829} INFO - Processing file /home/airflow/.local/lib/python3.8/site-packages/airflow/example_dags/example_xcom.py for tasks to queue
[2025-02-14T14:54:00.268+0000] {logging_mixin.py:154} INFO - [2025-02-14T14:54:00.268+0000] {dagbag.py:536} INFO - Filling up the DagBag from /home/airflow/.local/lib/python3.8/site-packages/airflow/example_dags/example_xcom.py
[2025-02-14T14:54:00.292+0000] {processor.py:839} INFO - DAG(s) dict_keys(['example_xcom']) retrieved from /home/airflow/.local/lib/python3.8/site-packages/airflow/example_dags/example_xcom.py
[2025-02-14T14:54:00.350+0000] {logging_mixin.py:154} INFO - [2025-02-14T14:54:00.350+0000] {dag.py:2941} INFO - Sync 1 DAGs
[2025-02-14T14:54:00.395+0000] {logging_mixin.py:154} INFO - [2025-02-14T14:54:00.394+0000] {dag.py:3722} INFO - Setting next_dagrun for example_xcom to 2021-01-01T00:00:00+00:00, run_after=2021-01-01T00:00:00+00:00
[2025-02-14T14:54:00.461+0000] {processor.py:179} INFO - Processing /home/airflow/.local/lib/python3.8/site-packages/airflow/example_dags/example_xcom.py took 0.208 seconds
