[2025-02-14T14:38:28.880+0000] {processor.py:157} INFO - Started process (PID=332) to work on /home/airflow/.local/lib/python3.8/site-packages/airflow/example_dags/example_complex.py
[2025-02-14T14:38:28.888+0000] {processor.py:829} INFO - Processing file /home/airflow/.local/lib/python3.8/site-packages/airflow/example_dags/example_complex.py for tasks to queue
[2025-02-14T14:38:28.899+0000] {logging_mixin.py:154} INFO - [2025-02-14T14:38:28.890+0000] {dagbag.py:536} INFO - Filling up the DagBag from /home/airflow/.local/lib/python3.8/site-packages/airflow/example_dags/example_complex.py
[2025-02-14T14:38:28.959+0000] {processor.py:839} INFO - DAG(s) dict_keys(['example_complex']) retrieved from /home/airflow/.local/lib/python3.8/site-packages/airflow/example_dags/example_complex.py
[2025-02-14T14:38:29.399+0000] {logging_mixin.py:154} INFO - [2025-02-14T14:38:29.398+0000] {manager.py:499} INFO - Created Permission View: %s
[2025-02-14T14:38:29.438+0000] {logging_mixin.py:154} INFO - [2025-02-14T14:38:29.438+0000] {manager.py:499} INFO - Created Permission View: %s
[2025-02-14T14:38:29.453+0000] {logging_mixin.py:154} INFO - [2025-02-14T14:38:29.453+0000] {manager.py:499} INFO - Created Permission View: %s
[2025-02-14T14:38:29.454+0000] {logging_mixin.py:154} INFO - [2025-02-14T14:38:29.454+0000] {dag.py:2941} INFO - Sync 1 DAGs
[2025-02-14T14:38:29.509+0000] {logging_mixin.py:154} INFO - [2025-02-14T14:38:29.508+0000] {dag.py:2963} INFO - Creating ORM DAG for example_complex
[2025-02-14T14:38:29.510+0000] {logging_mixin.py:154} INFO - [2025-02-14T14:38:29.510+0000] {dag.py:3722} INFO - Setting next_dagrun for example_complex to None, run_after=None
[2025-02-14T14:38:29.561+0000] {processor.py:179} INFO - Processing /home/airflow/.local/lib/python3.8/site-packages/airflow/example_dags/example_complex.py took 0.723 seconds
[2025-02-14T14:39:00.224+0000] {processor.py:157} INFO - Started process (PID=570) to work on /home/airflow/.local/lib/python3.8/site-packages/airflow/example_dags/example_complex.py
[2025-02-14T14:39:00.226+0000] {processor.py:829} INFO - Processing file /home/airflow/.local/lib/python3.8/site-packages/airflow/example_dags/example_complex.py for tasks to queue
[2025-02-14T14:39:00.229+0000] {logging_mixin.py:154} INFO - [2025-02-14T14:39:00.228+0000] {dagbag.py:536} INFO - Filling up the DagBag from /home/airflow/.local/lib/python3.8/site-packages/airflow/example_dags/example_complex.py
[2025-02-14T14:39:00.266+0000] {processor.py:839} INFO - DAG(s) dict_keys(['example_complex']) retrieved from /home/airflow/.local/lib/python3.8/site-packages/airflow/example_dags/example_complex.py
[2025-02-14T14:39:00.389+0000] {logging_mixin.py:154} INFO - [2025-02-14T14:39:00.389+0000] {dag.py:2941} INFO - Sync 1 DAGs
[2025-02-14T14:39:00.450+0000] {logging_mixin.py:154} INFO - [2025-02-14T14:39:00.449+0000] {dag.py:3722} INFO - Setting next_dagrun for example_complex to None, run_after=None
[2025-02-14T14:39:00.524+0000] {processor.py:179} INFO - Processing /home/airflow/.local/lib/python3.8/site-packages/airflow/example_dags/example_complex.py took 0.315 seconds
[2025-02-14T14:39:30.892+0000] {processor.py:157} INFO - Started process (PID=808) to work on /home/airflow/.local/lib/python3.8/site-packages/airflow/example_dags/example_complex.py
[2025-02-14T14:39:30.896+0000] {processor.py:829} INFO - Processing file /home/airflow/.local/lib/python3.8/site-packages/airflow/example_dags/example_complex.py for tasks to queue
[2025-02-14T14:39:30.898+0000] {logging_mixin.py:154} INFO - [2025-02-14T14:39:30.897+0000] {dagbag.py:536} INFO - Filling up the DagBag from /home/airflow/.local/lib/python3.8/site-packages/airflow/example_dags/example_complex.py
[2025-02-14T14:39:30.930+0000] {processor.py:839} INFO - DAG(s) dict_keys(['example_complex']) retrieved from /home/airflow/.local/lib/python3.8/site-packages/airflow/example_dags/example_complex.py
[2025-02-14T14:39:31.031+0000] {logging_mixin.py:154} INFO - [2025-02-14T14:39:31.031+0000] {dag.py:2941} INFO - Sync 1 DAGs
[2025-02-14T14:39:31.090+0000] {logging_mixin.py:154} INFO - [2025-02-14T14:39:31.089+0000] {dag.py:3722} INFO - Setting next_dagrun for example_complex to None, run_after=None
[2025-02-14T14:39:31.210+0000] {processor.py:179} INFO - Processing /home/airflow/.local/lib/python3.8/site-packages/airflow/example_dags/example_complex.py took 0.328 seconds
[2025-02-14T14:40:01.768+0000] {processor.py:157} INFO - Started process (PID=1046) to work on /home/airflow/.local/lib/python3.8/site-packages/airflow/example_dags/example_complex.py
[2025-02-14T14:40:01.771+0000] {processor.py:829} INFO - Processing file /home/airflow/.local/lib/python3.8/site-packages/airflow/example_dags/example_complex.py for tasks to queue
[2025-02-14T14:40:01.773+0000] {logging_mixin.py:154} INFO - [2025-02-14T14:40:01.772+0000] {dagbag.py:536} INFO - Filling up the DagBag from /home/airflow/.local/lib/python3.8/site-packages/airflow/example_dags/example_complex.py
[2025-02-14T14:40:01.810+0000] {processor.py:839} INFO - DAG(s) dict_keys(['example_complex']) retrieved from /home/airflow/.local/lib/python3.8/site-packages/airflow/example_dags/example_complex.py
[2025-02-14T14:40:01.913+0000] {logging_mixin.py:154} INFO - [2025-02-14T14:40:01.913+0000] {dag.py:2941} INFO - Sync 1 DAGs
[2025-02-14T14:40:01.963+0000] {logging_mixin.py:154} INFO - [2025-02-14T14:40:01.962+0000] {dag.py:3722} INFO - Setting next_dagrun for example_complex to None, run_after=None
[2025-02-14T14:40:02.006+0000] {processor.py:179} INFO - Processing /home/airflow/.local/lib/python3.8/site-packages/airflow/example_dags/example_complex.py took 0.248 seconds
[2025-02-14T14:40:33.655+0000] {processor.py:157} INFO - Started process (PID=1286) to work on /home/airflow/.local/lib/python3.8/site-packages/airflow/example_dags/example_complex.py
[2025-02-14T14:40:33.659+0000] {processor.py:829} INFO - Processing file /home/airflow/.local/lib/python3.8/site-packages/airflow/example_dags/example_complex.py for tasks to queue
[2025-02-14T14:40:33.660+0000] {logging_mixin.py:154} INFO - [2025-02-14T14:40:33.660+0000] {dagbag.py:536} INFO - Filling up the DagBag from /home/airflow/.local/lib/python3.8/site-packages/airflow/example_dags/example_complex.py
[2025-02-14T14:40:33.687+0000] {processor.py:839} INFO - DAG(s) dict_keys(['example_complex']) retrieved from /home/airflow/.local/lib/python3.8/site-packages/airflow/example_dags/example_complex.py
[2025-02-14T14:40:33.785+0000] {logging_mixin.py:154} INFO - [2025-02-14T14:40:33.784+0000] {dag.py:2941} INFO - Sync 1 DAGs
[2025-02-14T14:40:33.824+0000] {logging_mixin.py:154} INFO - [2025-02-14T14:40:33.824+0000] {dag.py:3722} INFO - Setting next_dagrun for example_complex to None, run_after=None
[2025-02-14T14:40:33.903+0000] {processor.py:179} INFO - Processing /home/airflow/.local/lib/python3.8/site-packages/airflow/example_dags/example_complex.py took 0.261 seconds
[2025-02-14T14:41:04.550+0000] {processor.py:157} INFO - Started process (PID=1522) to work on /home/airflow/.local/lib/python3.8/site-packages/airflow/example_dags/example_complex.py
[2025-02-14T14:41:04.553+0000] {processor.py:829} INFO - Processing file /home/airflow/.local/lib/python3.8/site-packages/airflow/example_dags/example_complex.py for tasks to queue
[2025-02-14T14:41:04.560+0000] {logging_mixin.py:154} INFO - [2025-02-14T14:41:04.556+0000] {dagbag.py:536} INFO - Filling up the DagBag from /home/airflow/.local/lib/python3.8/site-packages/airflow/example_dags/example_complex.py
[2025-02-14T14:41:04.619+0000] {processor.py:839} INFO - DAG(s) dict_keys(['example_complex']) retrieved from /home/airflow/.local/lib/python3.8/site-packages/airflow/example_dags/example_complex.py
[2025-02-14T14:41:04.732+0000] {logging_mixin.py:154} INFO - [2025-02-14T14:41:04.731+0000] {dag.py:2941} INFO - Sync 1 DAGs
[2025-02-14T14:41:04.776+0000] {logging_mixin.py:154} INFO - [2025-02-14T14:41:04.775+0000] {dag.py:3722} INFO - Setting next_dagrun for example_complex to None, run_after=None
[2025-02-14T14:41:04.838+0000] {processor.py:179} INFO - Processing /home/airflow/.local/lib/python3.8/site-packages/airflow/example_dags/example_complex.py took 0.309 seconds
[2025-02-14T14:41:35.435+0000] {processor.py:157} INFO - Started process (PID=1759) to work on /home/airflow/.local/lib/python3.8/site-packages/airflow/example_dags/example_complex.py
[2025-02-14T14:41:35.438+0000] {processor.py:829} INFO - Processing file /home/airflow/.local/lib/python3.8/site-packages/airflow/example_dags/example_complex.py for tasks to queue
[2025-02-14T14:41:35.440+0000] {logging_mixin.py:154} INFO - [2025-02-14T14:41:35.439+0000] {dagbag.py:536} INFO - Filling up the DagBag from /home/airflow/.local/lib/python3.8/site-packages/airflow/example_dags/example_complex.py
[2025-02-14T14:41:35.482+0000] {processor.py:839} INFO - DAG(s) dict_keys(['example_complex']) retrieved from /home/airflow/.local/lib/python3.8/site-packages/airflow/example_dags/example_complex.py
[2025-02-14T14:41:35.589+0000] {logging_mixin.py:154} INFO - [2025-02-14T14:41:35.589+0000] {dag.py:2941} INFO - Sync 1 DAGs
[2025-02-14T14:41:35.627+0000] {logging_mixin.py:154} INFO - [2025-02-14T14:41:35.627+0000] {dag.py:3722} INFO - Setting next_dagrun for example_complex to None, run_after=None
[2025-02-14T14:41:35.677+0000] {processor.py:179} INFO - Processing /home/airflow/.local/lib/python3.8/site-packages/airflow/example_dags/example_complex.py took 0.251 seconds
[2025-02-14T14:42:06.334+0000] {processor.py:157} INFO - Started process (PID=1997) to work on /home/airflow/.local/lib/python3.8/site-packages/airflow/example_dags/example_complex.py
[2025-02-14T14:42:06.337+0000] {processor.py:829} INFO - Processing file /home/airflow/.local/lib/python3.8/site-packages/airflow/example_dags/example_complex.py for tasks to queue
[2025-02-14T14:42:06.339+0000] {logging_mixin.py:154} INFO - [2025-02-14T14:42:06.338+0000] {dagbag.py:536} INFO - Filling up the DagBag from /home/airflow/.local/lib/python3.8/site-packages/airflow/example_dags/example_complex.py
[2025-02-14T14:42:06.376+0000] {processor.py:839} INFO - DAG(s) dict_keys(['example_complex']) retrieved from /home/airflow/.local/lib/python3.8/site-packages/airflow/example_dags/example_complex.py
[2025-02-14T14:42:06.484+0000] {logging_mixin.py:154} INFO - [2025-02-14T14:42:06.483+0000] {dag.py:2941} INFO - Sync 1 DAGs
[2025-02-14T14:42:06.522+0000] {logging_mixin.py:154} INFO - [2025-02-14T14:42:06.521+0000] {dag.py:3722} INFO - Setting next_dagrun for example_complex to None, run_after=None
[2025-02-14T14:42:06.580+0000] {processor.py:179} INFO - Processing /home/airflow/.local/lib/python3.8/site-packages/airflow/example_dags/example_complex.py took 0.256 seconds
[2025-02-14T14:42:36.687+0000] {processor.py:157} INFO - Started process (PID=2235) to work on /home/airflow/.local/lib/python3.8/site-packages/airflow/example_dags/example_complex.py
[2025-02-14T14:42:36.690+0000] {processor.py:829} INFO - Processing file /home/airflow/.local/lib/python3.8/site-packages/airflow/example_dags/example_complex.py for tasks to queue
[2025-02-14T14:42:36.694+0000] {logging_mixin.py:154} INFO - [2025-02-14T14:42:36.692+0000] {dagbag.py:536} INFO - Filling up the DagBag from /home/airflow/.local/lib/python3.8/site-packages/airflow/example_dags/example_complex.py
[2025-02-14T14:42:36.737+0000] {processor.py:839} INFO - DAG(s) dict_keys(['example_complex']) retrieved from /home/airflow/.local/lib/python3.8/site-packages/airflow/example_dags/example_complex.py
[2025-02-14T14:42:36.840+0000] {logging_mixin.py:154} INFO - [2025-02-14T14:42:36.840+0000] {dag.py:2941} INFO - Sync 1 DAGs
[2025-02-14T14:42:36.889+0000] {logging_mixin.py:154} INFO - [2025-02-14T14:42:36.889+0000] {dag.py:3722} INFO - Setting next_dagrun for example_complex to None, run_after=None
[2025-02-14T14:42:36.944+0000] {processor.py:179} INFO - Processing /home/airflow/.local/lib/python3.8/site-packages/airflow/example_dags/example_complex.py took 0.272 seconds
[2025-02-14T14:43:07.850+0000] {processor.py:157} INFO - Started process (PID=2473) to work on /home/airflow/.local/lib/python3.8/site-packages/airflow/example_dags/example_complex.py
[2025-02-14T14:43:07.854+0000] {processor.py:829} INFO - Processing file /home/airflow/.local/lib/python3.8/site-packages/airflow/example_dags/example_complex.py for tasks to queue
[2025-02-14T14:43:07.857+0000] {logging_mixin.py:154} INFO - [2025-02-14T14:43:07.857+0000] {dagbag.py:536} INFO - Filling up the DagBag from /home/airflow/.local/lib/python3.8/site-packages/airflow/example_dags/example_complex.py
[2025-02-14T14:43:07.897+0000] {processor.py:839} INFO - DAG(s) dict_keys(['example_complex']) retrieved from /home/airflow/.local/lib/python3.8/site-packages/airflow/example_dags/example_complex.py
[2025-02-14T14:43:07.999+0000] {logging_mixin.py:154} INFO - [2025-02-14T14:43:07.998+0000] {dag.py:2941} INFO - Sync 1 DAGs
[2025-02-14T14:43:08.037+0000] {logging_mixin.py:154} INFO - [2025-02-14T14:43:08.036+0000] {dag.py:3722} INFO - Setting next_dagrun for example_complex to None, run_after=None
[2025-02-14T14:43:08.096+0000] {processor.py:179} INFO - Processing /home/airflow/.local/lib/python3.8/site-packages/airflow/example_dags/example_complex.py took 0.261 seconds
[2025-02-14T14:43:38.324+0000] {processor.py:157} INFO - Started process (PID=2711) to work on /home/airflow/.local/lib/python3.8/site-packages/airflow/example_dags/example_complex.py
[2025-02-14T14:43:38.326+0000] {processor.py:829} INFO - Processing file /home/airflow/.local/lib/python3.8/site-packages/airflow/example_dags/example_complex.py for tasks to queue
[2025-02-14T14:43:38.329+0000] {logging_mixin.py:154} INFO - [2025-02-14T14:43:38.327+0000] {dagbag.py:536} INFO - Filling up the DagBag from /home/airflow/.local/lib/python3.8/site-packages/airflow/example_dags/example_complex.py
[2025-02-14T14:43:38.366+0000] {processor.py:839} INFO - DAG(s) dict_keys(['example_complex']) retrieved from /home/airflow/.local/lib/python3.8/site-packages/airflow/example_dags/example_complex.py
[2025-02-14T14:43:38.481+0000] {logging_mixin.py:154} INFO - [2025-02-14T14:43:38.480+0000] {dag.py:2941} INFO - Sync 1 DAGs
[2025-02-14T14:43:38.524+0000] {logging_mixin.py:154} INFO - [2025-02-14T14:43:38.523+0000] {dag.py:3722} INFO - Setting next_dagrun for example_complex to None, run_after=None
[2025-02-14T14:43:38.579+0000] {processor.py:179} INFO - Processing /home/airflow/.local/lib/python3.8/site-packages/airflow/example_dags/example_complex.py took 0.264 seconds
[2025-02-14T14:44:09.205+0000] {processor.py:157} INFO - Started process (PID=2948) to work on /home/airflow/.local/lib/python3.8/site-packages/airflow/example_dags/example_complex.py
[2025-02-14T14:44:09.209+0000] {processor.py:829} INFO - Processing file /home/airflow/.local/lib/python3.8/site-packages/airflow/example_dags/example_complex.py for tasks to queue
[2025-02-14T14:44:09.211+0000] {logging_mixin.py:154} INFO - [2025-02-14T14:44:09.210+0000] {dagbag.py:536} INFO - Filling up the DagBag from /home/airflow/.local/lib/python3.8/site-packages/airflow/example_dags/example_complex.py
[2025-02-14T14:44:09.247+0000] {processor.py:839} INFO - DAG(s) dict_keys(['example_complex']) retrieved from /home/airflow/.local/lib/python3.8/site-packages/airflow/example_dags/example_complex.py
[2025-02-14T14:44:09.351+0000] {logging_mixin.py:154} INFO - [2025-02-14T14:44:09.350+0000] {dag.py:2941} INFO - Sync 1 DAGs
[2025-02-14T14:44:09.393+0000] {logging_mixin.py:154} INFO - [2025-02-14T14:44:09.392+0000] {dag.py:3722} INFO - Setting next_dagrun for example_complex to None, run_after=None
[2025-02-14T14:44:09.453+0000] {processor.py:179} INFO - Processing /home/airflow/.local/lib/python3.8/site-packages/airflow/example_dags/example_complex.py took 0.258 seconds
[2025-02-14T14:44:39.855+0000] {processor.py:157} INFO - Started process (PID=3203) to work on /home/airflow/.local/lib/python3.8/site-packages/airflow/example_dags/example_complex.py
[2025-02-14T14:44:39.858+0000] {processor.py:829} INFO - Processing file /home/airflow/.local/lib/python3.8/site-packages/airflow/example_dags/example_complex.py for tasks to queue
[2025-02-14T14:44:39.860+0000] {logging_mixin.py:154} INFO - [2025-02-14T14:44:39.859+0000] {dagbag.py:536} INFO - Filling up the DagBag from /home/airflow/.local/lib/python3.8/site-packages/airflow/example_dags/example_complex.py
[2025-02-14T14:44:39.893+0000] {processor.py:839} INFO - DAG(s) dict_keys(['example_complex']) retrieved from /home/airflow/.local/lib/python3.8/site-packages/airflow/example_dags/example_complex.py
[2025-02-14T14:44:39.994+0000] {logging_mixin.py:154} INFO - [2025-02-14T14:44:39.993+0000] {dag.py:2941} INFO - Sync 1 DAGs
[2025-02-14T14:44:40.038+0000] {logging_mixin.py:154} INFO - [2025-02-14T14:44:40.037+0000] {dag.py:3722} INFO - Setting next_dagrun for example_complex to None, run_after=None
[2025-02-14T14:44:40.091+0000] {processor.py:179} INFO - Processing /home/airflow/.local/lib/python3.8/site-packages/airflow/example_dags/example_complex.py took 0.248 seconds
[2025-02-14T14:45:10.260+0000] {processor.py:157} INFO - Started process (PID=3457) to work on /home/airflow/.local/lib/python3.8/site-packages/airflow/example_dags/example_complex.py
[2025-02-14T14:45:10.263+0000] {processor.py:829} INFO - Processing file /home/airflow/.local/lib/python3.8/site-packages/airflow/example_dags/example_complex.py for tasks to queue
[2025-02-14T14:45:10.265+0000] {logging_mixin.py:154} INFO - [2025-02-14T14:45:10.264+0000] {dagbag.py:536} INFO - Filling up the DagBag from /home/airflow/.local/lib/python3.8/site-packages/airflow/example_dags/example_complex.py
[2025-02-14T14:45:10.295+0000] {processor.py:839} INFO - DAG(s) dict_keys(['example_complex']) retrieved from /home/airflow/.local/lib/python3.8/site-packages/airflow/example_dags/example_complex.py
[2025-02-14T14:45:10.381+0000] {logging_mixin.py:154} INFO - [2025-02-14T14:45:10.380+0000] {dag.py:2941} INFO - Sync 1 DAGs
[2025-02-14T14:45:10.421+0000] {logging_mixin.py:154} INFO - [2025-02-14T14:45:10.421+0000] {dag.py:3722} INFO - Setting next_dagrun for example_complex to None, run_after=None
[2025-02-14T14:45:10.470+0000] {processor.py:179} INFO - Processing /home/airflow/.local/lib/python3.8/site-packages/airflow/example_dags/example_complex.py took 0.222 seconds
[2025-02-14T14:45:41.112+0000] {processor.py:157} INFO - Started process (PID=3692) to work on /home/airflow/.local/lib/python3.8/site-packages/airflow/example_dags/example_complex.py
[2025-02-14T14:45:41.115+0000] {processor.py:829} INFO - Processing file /home/airflow/.local/lib/python3.8/site-packages/airflow/example_dags/example_complex.py for tasks to queue
[2025-02-14T14:45:41.117+0000] {logging_mixin.py:154} INFO - [2025-02-14T14:45:41.116+0000] {dagbag.py:536} INFO - Filling up the DagBag from /home/airflow/.local/lib/python3.8/site-packages/airflow/example_dags/example_complex.py
[2025-02-14T14:45:41.143+0000] {processor.py:839} INFO - DAG(s) dict_keys(['example_complex']) retrieved from /home/airflow/.local/lib/python3.8/site-packages/airflow/example_dags/example_complex.py
[2025-02-14T14:45:41.231+0000] {logging_mixin.py:154} INFO - [2025-02-14T14:45:41.230+0000] {dag.py:2941} INFO - Sync 1 DAGs
[2025-02-14T14:45:41.268+0000] {logging_mixin.py:154} INFO - [2025-02-14T14:45:41.267+0000] {dag.py:3722} INFO - Setting next_dagrun for example_complex to None, run_after=None
[2025-02-14T14:45:41.331+0000] {processor.py:179} INFO - Processing /home/airflow/.local/lib/python3.8/site-packages/airflow/example_dags/example_complex.py took 0.228 seconds
[2025-02-14T14:46:11.683+0000] {processor.py:157} INFO - Started process (PID=3928) to work on /home/airflow/.local/lib/python3.8/site-packages/airflow/example_dags/example_complex.py
[2025-02-14T14:46:11.686+0000] {processor.py:829} INFO - Processing file /home/airflow/.local/lib/python3.8/site-packages/airflow/example_dags/example_complex.py for tasks to queue
[2025-02-14T14:46:11.688+0000] {logging_mixin.py:154} INFO - [2025-02-14T14:46:11.688+0000] {dagbag.py:536} INFO - Filling up the DagBag from /home/airflow/.local/lib/python3.8/site-packages/airflow/example_dags/example_complex.py
[2025-02-14T14:46:11.715+0000] {processor.py:839} INFO - DAG(s) dict_keys(['example_complex']) retrieved from /home/airflow/.local/lib/python3.8/site-packages/airflow/example_dags/example_complex.py
[2025-02-14T14:46:11.821+0000] {logging_mixin.py:154} INFO - [2025-02-14T14:46:11.820+0000] {dag.py:2941} INFO - Sync 1 DAGs
[2025-02-14T14:46:11.857+0000] {logging_mixin.py:154} INFO - [2025-02-14T14:46:11.857+0000] {dag.py:3722} INFO - Setting next_dagrun for example_complex to None, run_after=None
[2025-02-14T14:46:11.927+0000] {processor.py:179} INFO - Processing /home/airflow/.local/lib/python3.8/site-packages/airflow/example_dags/example_complex.py took 0.252 seconds
[2025-02-14T14:46:43.423+0000] {processor.py:157} INFO - Started process (PID=4165) to work on /home/airflow/.local/lib/python3.8/site-packages/airflow/example_dags/example_complex.py
[2025-02-14T14:46:43.426+0000] {processor.py:829} INFO - Processing file /home/airflow/.local/lib/python3.8/site-packages/airflow/example_dags/example_complex.py for tasks to queue
[2025-02-14T14:46:43.428+0000] {logging_mixin.py:154} INFO - [2025-02-14T14:46:43.427+0000] {dagbag.py:536} INFO - Filling up the DagBag from /home/airflow/.local/lib/python3.8/site-packages/airflow/example_dags/example_complex.py
[2025-02-14T14:46:43.458+0000] {processor.py:839} INFO - DAG(s) dict_keys(['example_complex']) retrieved from /home/airflow/.local/lib/python3.8/site-packages/airflow/example_dags/example_complex.py
[2025-02-14T14:46:43.565+0000] {logging_mixin.py:154} INFO - [2025-02-14T14:46:43.564+0000] {dag.py:2941} INFO - Sync 1 DAGs
[2025-02-14T14:46:43.626+0000] {logging_mixin.py:154} INFO - [2025-02-14T14:46:43.625+0000] {dag.py:3722} INFO - Setting next_dagrun for example_complex to None, run_after=None
[2025-02-14T14:46:43.686+0000] {processor.py:179} INFO - Processing /home/airflow/.local/lib/python3.8/site-packages/airflow/example_dags/example_complex.py took 0.275 seconds
[2025-02-14T14:47:14.575+0000] {processor.py:157} INFO - Started process (PID=4403) to work on /home/airflow/.local/lib/python3.8/site-packages/airflow/example_dags/example_complex.py
[2025-02-14T14:47:14.577+0000] {processor.py:829} INFO - Processing file /home/airflow/.local/lib/python3.8/site-packages/airflow/example_dags/example_complex.py for tasks to queue
[2025-02-14T14:47:14.582+0000] {logging_mixin.py:154} INFO - [2025-02-14T14:47:14.579+0000] {dagbag.py:536} INFO - Filling up the DagBag from /home/airflow/.local/lib/python3.8/site-packages/airflow/example_dags/example_complex.py
[2025-02-14T14:47:14.625+0000] {processor.py:839} INFO - DAG(s) dict_keys(['example_complex']) retrieved from /home/airflow/.local/lib/python3.8/site-packages/airflow/example_dags/example_complex.py
[2025-02-14T14:47:14.724+0000] {logging_mixin.py:154} INFO - [2025-02-14T14:47:14.724+0000] {dag.py:2941} INFO - Sync 1 DAGs
[2025-02-14T14:47:14.760+0000] {logging_mixin.py:154} INFO - [2025-02-14T14:47:14.760+0000] {dag.py:3722} INFO - Setting next_dagrun for example_complex to None, run_after=None
[2025-02-14T14:47:14.815+0000] {processor.py:179} INFO - Processing /home/airflow/.local/lib/python3.8/site-packages/airflow/example_dags/example_complex.py took 0.254 seconds
[2025-02-14T14:47:46.147+0000] {processor.py:157} INFO - Started process (PID=4642) to work on /home/airflow/.local/lib/python3.8/site-packages/airflow/example_dags/example_complex.py
[2025-02-14T14:47:46.150+0000] {processor.py:829} INFO - Processing file /home/airflow/.local/lib/python3.8/site-packages/airflow/example_dags/example_complex.py for tasks to queue
[2025-02-14T14:47:46.154+0000] {logging_mixin.py:154} INFO - [2025-02-14T14:47:46.154+0000] {dagbag.py:536} INFO - Filling up the DagBag from /home/airflow/.local/lib/python3.8/site-packages/airflow/example_dags/example_complex.py
[2025-02-14T14:47:46.195+0000] {processor.py:839} INFO - DAG(s) dict_keys(['example_complex']) retrieved from /home/airflow/.local/lib/python3.8/site-packages/airflow/example_dags/example_complex.py
[2025-02-14T14:47:46.371+0000] {logging_mixin.py:154} INFO - [2025-02-14T14:47:46.369+0000] {dag.py:2941} INFO - Sync 1 DAGs
[2025-02-14T14:47:46.448+0000] {logging_mixin.py:154} INFO - [2025-02-14T14:47:46.447+0000] {dag.py:3722} INFO - Setting next_dagrun for example_complex to None, run_after=None
[2025-02-14T14:47:46.528+0000] {processor.py:179} INFO - Processing /home/airflow/.local/lib/python3.8/site-packages/airflow/example_dags/example_complex.py took 0.396 seconds
[2025-02-14T14:48:16.903+0000] {processor.py:157} INFO - Started process (PID=4884) to work on /home/airflow/.local/lib/python3.8/site-packages/airflow/example_dags/example_complex.py
[2025-02-14T14:48:16.906+0000] {processor.py:829} INFO - Processing file /home/airflow/.local/lib/python3.8/site-packages/airflow/example_dags/example_complex.py for tasks to queue
[2025-02-14T14:48:16.908+0000] {logging_mixin.py:154} INFO - [2025-02-14T14:48:16.908+0000] {dagbag.py:536} INFO - Filling up the DagBag from /home/airflow/.local/lib/python3.8/site-packages/airflow/example_dags/example_complex.py
[2025-02-14T14:48:16.947+0000] {processor.py:839} INFO - DAG(s) dict_keys(['example_complex']) retrieved from /home/airflow/.local/lib/python3.8/site-packages/airflow/example_dags/example_complex.py
[2025-02-14T14:48:17.058+0000] {logging_mixin.py:154} INFO - [2025-02-14T14:48:17.058+0000] {dag.py:2941} INFO - Sync 1 DAGs
[2025-02-14T14:48:17.105+0000] {logging_mixin.py:154} INFO - [2025-02-14T14:48:17.105+0000] {dag.py:3722} INFO - Setting next_dagrun for example_complex to None, run_after=None
[2025-02-14T14:48:17.174+0000] {processor.py:179} INFO - Processing /home/airflow/.local/lib/python3.8/site-packages/airflow/example_dags/example_complex.py took 0.282 seconds
[2025-02-14T14:48:47.796+0000] {processor.py:157} INFO - Started process (PID=5122) to work on /home/airflow/.local/lib/python3.8/site-packages/airflow/example_dags/example_complex.py
[2025-02-14T14:48:47.802+0000] {processor.py:829} INFO - Processing file /home/airflow/.local/lib/python3.8/site-packages/airflow/example_dags/example_complex.py for tasks to queue
[2025-02-14T14:48:47.804+0000] {logging_mixin.py:154} INFO - [2025-02-14T14:48:47.803+0000] {dagbag.py:536} INFO - Filling up the DagBag from /home/airflow/.local/lib/python3.8/site-packages/airflow/example_dags/example_complex.py
[2025-02-14T14:48:47.841+0000] {processor.py:839} INFO - DAG(s) dict_keys(['example_complex']) retrieved from /home/airflow/.local/lib/python3.8/site-packages/airflow/example_dags/example_complex.py
[2025-02-14T14:48:47.924+0000] {logging_mixin.py:154} INFO - [2025-02-14T14:48:47.924+0000] {dag.py:2941} INFO - Sync 1 DAGs
[2025-02-14T14:48:47.967+0000] {logging_mixin.py:154} INFO - [2025-02-14T14:48:47.966+0000] {dag.py:3722} INFO - Setting next_dagrun for example_complex to None, run_after=None
[2025-02-14T14:48:48.050+0000] {processor.py:179} INFO - Processing /home/airflow/.local/lib/python3.8/site-packages/airflow/example_dags/example_complex.py took 0.264 seconds
[2025-02-14T14:49:18.444+0000] {processor.py:157} INFO - Started process (PID=5366) to work on /home/airflow/.local/lib/python3.8/site-packages/airflow/example_dags/example_complex.py
[2025-02-14T14:49:18.453+0000] {processor.py:829} INFO - Processing file /home/airflow/.local/lib/python3.8/site-packages/airflow/example_dags/example_complex.py for tasks to queue
[2025-02-14T14:49:18.455+0000] {logging_mixin.py:154} INFO - [2025-02-14T14:49:18.454+0000] {dagbag.py:536} INFO - Filling up the DagBag from /home/airflow/.local/lib/python3.8/site-packages/airflow/example_dags/example_complex.py
[2025-02-14T14:49:18.502+0000] {processor.py:839} INFO - DAG(s) dict_keys(['example_complex']) retrieved from /home/airflow/.local/lib/python3.8/site-packages/airflow/example_dags/example_complex.py
[2025-02-14T14:49:18.591+0000] {logging_mixin.py:154} INFO - [2025-02-14T14:49:18.590+0000] {dag.py:2941} INFO - Sync 1 DAGs
[2025-02-14T14:49:18.633+0000] {logging_mixin.py:154} INFO - [2025-02-14T14:49:18.632+0000] {dag.py:3722} INFO - Setting next_dagrun for example_complex to None, run_after=None
[2025-02-14T14:49:18.723+0000] {processor.py:179} INFO - Processing /home/airflow/.local/lib/python3.8/site-packages/airflow/example_dags/example_complex.py took 0.312 seconds
[2025-02-14T14:49:48.809+0000] {processor.py:157} INFO - Started process (PID=5602) to work on /home/airflow/.local/lib/python3.8/site-packages/airflow/example_dags/example_complex.py
[2025-02-14T14:49:48.812+0000] {processor.py:829} INFO - Processing file /home/airflow/.local/lib/python3.8/site-packages/airflow/example_dags/example_complex.py for tasks to queue
[2025-02-14T14:49:48.813+0000] {logging_mixin.py:154} INFO - [2025-02-14T14:49:48.813+0000] {dagbag.py:536} INFO - Filling up the DagBag from /home/airflow/.local/lib/python3.8/site-packages/airflow/example_dags/example_complex.py
[2025-02-14T14:49:48.852+0000] {processor.py:839} INFO - DAG(s) dict_keys(['example_complex']) retrieved from /home/airflow/.local/lib/python3.8/site-packages/airflow/example_dags/example_complex.py
[2025-02-14T14:49:48.966+0000] {logging_mixin.py:154} INFO - [2025-02-14T14:49:48.966+0000] {dag.py:2941} INFO - Sync 1 DAGs
[2025-02-14T14:49:49.014+0000] {logging_mixin.py:154} INFO - [2025-02-14T14:49:49.014+0000] {dag.py:3722} INFO - Setting next_dagrun for example_complex to None, run_after=None
[2025-02-14T14:49:49.079+0000] {processor.py:179} INFO - Processing /home/airflow/.local/lib/python3.8/site-packages/airflow/example_dags/example_complex.py took 0.279 seconds
[2025-02-14T14:50:20.175+0000] {processor.py:157} INFO - Started process (PID=5846) to work on /home/airflow/.local/lib/python3.8/site-packages/airflow/example_dags/example_complex.py
[2025-02-14T14:50:20.182+0000] {processor.py:829} INFO - Processing file /home/airflow/.local/lib/python3.8/site-packages/airflow/example_dags/example_complex.py for tasks to queue
[2025-02-14T14:50:20.187+0000] {logging_mixin.py:154} INFO - [2025-02-14T14:50:20.186+0000] {dagbag.py:536} INFO - Filling up the DagBag from /home/airflow/.local/lib/python3.8/site-packages/airflow/example_dags/example_complex.py
[2025-02-14T14:50:20.248+0000] {processor.py:839} INFO - DAG(s) dict_keys(['example_complex']) retrieved from /home/airflow/.local/lib/python3.8/site-packages/airflow/example_dags/example_complex.py
[2025-02-14T14:50:20.469+0000] {logging_mixin.py:154} INFO - [2025-02-14T14:50:20.466+0000] {dag.py:2941} INFO - Sync 1 DAGs
[2025-02-14T14:50:20.540+0000] {logging_mixin.py:154} INFO - [2025-02-14T14:50:20.539+0000] {dag.py:3722} INFO - Setting next_dagrun for example_complex to None, run_after=None
[2025-02-14T14:50:20.597+0000] {processor.py:179} INFO - Processing /home/airflow/.local/lib/python3.8/site-packages/airflow/example_dags/example_complex.py took 0.452 seconds
[2025-02-14T14:50:51.415+0000] {processor.py:157} INFO - Started process (PID=6087) to work on /home/airflow/.local/lib/python3.8/site-packages/airflow/example_dags/example_complex.py
[2025-02-14T14:50:51.421+0000] {processor.py:829} INFO - Processing file /home/airflow/.local/lib/python3.8/site-packages/airflow/example_dags/example_complex.py for tasks to queue
[2025-02-14T14:50:51.426+0000] {logging_mixin.py:154} INFO - [2025-02-14T14:50:51.424+0000] {dagbag.py:536} INFO - Filling up the DagBag from /home/airflow/.local/lib/python3.8/site-packages/airflow/example_dags/example_complex.py
[2025-02-14T14:50:51.486+0000] {processor.py:839} INFO - DAG(s) dict_keys(['example_complex']) retrieved from /home/airflow/.local/lib/python3.8/site-packages/airflow/example_dags/example_complex.py
[2025-02-14T14:50:51.612+0000] {logging_mixin.py:154} INFO - [2025-02-14T14:50:51.611+0000] {dag.py:2941} INFO - Sync 1 DAGs
[2025-02-14T14:50:51.652+0000] {logging_mixin.py:154} INFO - [2025-02-14T14:50:51.651+0000] {dag.py:3722} INFO - Setting next_dagrun for example_complex to None, run_after=None
[2025-02-14T14:50:51.726+0000] {processor.py:179} INFO - Processing /home/airflow/.local/lib/python3.8/site-packages/airflow/example_dags/example_complex.py took 0.334 seconds
[2025-02-14T14:51:22.221+0000] {processor.py:157} INFO - Started process (PID=6325) to work on /home/airflow/.local/lib/python3.8/site-packages/airflow/example_dags/example_complex.py
[2025-02-14T14:51:22.223+0000] {processor.py:829} INFO - Processing file /home/airflow/.local/lib/python3.8/site-packages/airflow/example_dags/example_complex.py for tasks to queue
[2025-02-14T14:51:22.226+0000] {logging_mixin.py:154} INFO - [2025-02-14T14:51:22.225+0000] {dagbag.py:536} INFO - Filling up the DagBag from /home/airflow/.local/lib/python3.8/site-packages/airflow/example_dags/example_complex.py
[2025-02-14T14:51:22.263+0000] {processor.py:839} INFO - DAG(s) dict_keys(['example_complex']) retrieved from /home/airflow/.local/lib/python3.8/site-packages/airflow/example_dags/example_complex.py
[2025-02-14T14:51:22.372+0000] {logging_mixin.py:154} INFO - [2025-02-14T14:51:22.372+0000] {dag.py:2941} INFO - Sync 1 DAGs
[2025-02-14T14:51:22.419+0000] {logging_mixin.py:154} INFO - [2025-02-14T14:51:22.419+0000] {dag.py:3722} INFO - Setting next_dagrun for example_complex to None, run_after=None
[2025-02-14T14:51:22.467+0000] {processor.py:179} INFO - Processing /home/airflow/.local/lib/python3.8/site-packages/airflow/example_dags/example_complex.py took 0.261 seconds
[2025-02-14T14:51:52.982+0000] {processor.py:157} INFO - Started process (PID=6563) to work on /home/airflow/.local/lib/python3.8/site-packages/airflow/example_dags/example_complex.py
[2025-02-14T14:51:52.985+0000] {processor.py:829} INFO - Processing file /home/airflow/.local/lib/python3.8/site-packages/airflow/example_dags/example_complex.py for tasks to queue
[2025-02-14T14:51:52.988+0000] {logging_mixin.py:154} INFO - [2025-02-14T14:51:52.987+0000] {dagbag.py:536} INFO - Filling up the DagBag from /home/airflow/.local/lib/python3.8/site-packages/airflow/example_dags/example_complex.py
[2025-02-14T14:51:53.025+0000] {processor.py:839} INFO - DAG(s) dict_keys(['example_complex']) retrieved from /home/airflow/.local/lib/python3.8/site-packages/airflow/example_dags/example_complex.py
[2025-02-14T14:51:53.148+0000] {logging_mixin.py:154} INFO - [2025-02-14T14:51:53.147+0000] {dag.py:2941} INFO - Sync 1 DAGs
[2025-02-14T14:51:53.189+0000] {logging_mixin.py:154} INFO - [2025-02-14T14:51:53.188+0000] {dag.py:3722} INFO - Setting next_dagrun for example_complex to None, run_after=None
[2025-02-14T14:51:53.245+0000] {processor.py:179} INFO - Processing /home/airflow/.local/lib/python3.8/site-packages/airflow/example_dags/example_complex.py took 0.274 seconds
[2025-02-14T14:52:24.349+0000] {processor.py:157} INFO - Started process (PID=6803) to work on /home/airflow/.local/lib/python3.8/site-packages/airflow/example_dags/example_complex.py
[2025-02-14T14:52:24.351+0000] {processor.py:829} INFO - Processing file /home/airflow/.local/lib/python3.8/site-packages/airflow/example_dags/example_complex.py for tasks to queue
[2025-02-14T14:52:24.353+0000] {logging_mixin.py:154} INFO - [2025-02-14T14:52:24.352+0000] {dagbag.py:536} INFO - Filling up the DagBag from /home/airflow/.local/lib/python3.8/site-packages/airflow/example_dags/example_complex.py
[2025-02-14T14:52:24.383+0000] {processor.py:839} INFO - DAG(s) dict_keys(['example_complex']) retrieved from /home/airflow/.local/lib/python3.8/site-packages/airflow/example_dags/example_complex.py
[2025-02-14T14:52:24.521+0000] {logging_mixin.py:154} INFO - [2025-02-14T14:52:24.520+0000] {dag.py:2941} INFO - Sync 1 DAGs
[2025-02-14T14:52:24.573+0000] {logging_mixin.py:154} INFO - [2025-02-14T14:52:24.573+0000] {dag.py:3722} INFO - Setting next_dagrun for example_complex to None, run_after=None
[2025-02-14T14:52:24.655+0000] {processor.py:179} INFO - Processing /home/airflow/.local/lib/python3.8/site-packages/airflow/example_dags/example_complex.py took 0.320 seconds
[2025-02-14T14:52:54.793+0000] {processor.py:157} INFO - Started process (PID=7041) to work on /home/airflow/.local/lib/python3.8/site-packages/airflow/example_dags/example_complex.py
[2025-02-14T14:52:54.796+0000] {processor.py:829} INFO - Processing file /home/airflow/.local/lib/python3.8/site-packages/airflow/example_dags/example_complex.py for tasks to queue
[2025-02-14T14:52:54.799+0000] {logging_mixin.py:154} INFO - [2025-02-14T14:52:54.798+0000] {dagbag.py:536} INFO - Filling up the DagBag from /home/airflow/.local/lib/python3.8/site-packages/airflow/example_dags/example_complex.py
[2025-02-14T14:52:54.831+0000] {processor.py:839} INFO - DAG(s) dict_keys(['example_complex']) retrieved from /home/airflow/.local/lib/python3.8/site-packages/airflow/example_dags/example_complex.py
[2025-02-14T14:52:54.936+0000] {logging_mixin.py:154} INFO - [2025-02-14T14:52:54.935+0000] {dag.py:2941} INFO - Sync 1 DAGs
[2025-02-14T14:52:54.974+0000] {logging_mixin.py:154} INFO - [2025-02-14T14:52:54.973+0000] {dag.py:3722} INFO - Setting next_dagrun for example_complex to None, run_after=None
[2025-02-14T14:52:55.032+0000] {processor.py:179} INFO - Processing /home/airflow/.local/lib/python3.8/site-packages/airflow/example_dags/example_complex.py took 0.250 seconds
[2025-02-14T14:53:25.428+0000] {processor.py:157} INFO - Started process (PID=7278) to work on /home/airflow/.local/lib/python3.8/site-packages/airflow/example_dags/example_complex.py
[2025-02-14T14:53:25.431+0000] {processor.py:829} INFO - Processing file /home/airflow/.local/lib/python3.8/site-packages/airflow/example_dags/example_complex.py for tasks to queue
[2025-02-14T14:53:25.433+0000] {logging_mixin.py:154} INFO - [2025-02-14T14:53:25.432+0000] {dagbag.py:536} INFO - Filling up the DagBag from /home/airflow/.local/lib/python3.8/site-packages/airflow/example_dags/example_complex.py
[2025-02-14T14:53:25.471+0000] {processor.py:839} INFO - DAG(s) dict_keys(['example_complex']) retrieved from /home/airflow/.local/lib/python3.8/site-packages/airflow/example_dags/example_complex.py
[2025-02-14T14:53:25.576+0000] {logging_mixin.py:154} INFO - [2025-02-14T14:53:25.575+0000] {dag.py:2941} INFO - Sync 1 DAGs
[2025-02-14T14:53:25.612+0000] {logging_mixin.py:154} INFO - [2025-02-14T14:53:25.611+0000] {dag.py:3722} INFO - Setting next_dagrun for example_complex to None, run_after=None
[2025-02-14T14:53:25.673+0000] {processor.py:179} INFO - Processing /home/airflow/.local/lib/python3.8/site-packages/airflow/example_dags/example_complex.py took 0.254 seconds
[2025-02-14T14:53:55.974+0000] {processor.py:157} INFO - Started process (PID=7516) to work on /home/airflow/.local/lib/python3.8/site-packages/airflow/example_dags/example_complex.py
[2025-02-14T14:53:55.978+0000] {processor.py:829} INFO - Processing file /home/airflow/.local/lib/python3.8/site-packages/airflow/example_dags/example_complex.py for tasks to queue
[2025-02-14T14:53:55.980+0000] {logging_mixin.py:154} INFO - [2025-02-14T14:53:55.979+0000] {dagbag.py:536} INFO - Filling up the DagBag from /home/airflow/.local/lib/python3.8/site-packages/airflow/example_dags/example_complex.py
[2025-02-14T14:53:56.011+0000] {processor.py:839} INFO - DAG(s) dict_keys(['example_complex']) retrieved from /home/airflow/.local/lib/python3.8/site-packages/airflow/example_dags/example_complex.py
[2025-02-14T14:53:56.111+0000] {logging_mixin.py:154} INFO - [2025-02-14T14:53:56.110+0000] {dag.py:2941} INFO - Sync 1 DAGs
[2025-02-14T14:53:56.147+0000] {logging_mixin.py:154} INFO - [2025-02-14T14:53:56.147+0000] {dag.py:3722} INFO - Setting next_dagrun for example_complex to None, run_after=None
[2025-02-14T14:53:56.200+0000] {processor.py:179} INFO - Processing /home/airflow/.local/lib/python3.8/site-packages/airflow/example_dags/example_complex.py took 0.236 seconds
