[2025-02-14T14:38:24.780+0000] {processor.py:157} INFO - Started process (PID=247) to work on /home/airflow/.local/lib/python3.8/site-packages/airflow/example_dags/example_dynamic_task_mapping_with_no_taskflow_operators.py
[2025-02-14T14:38:24.782+0000] {processor.py:829} INFO - Processing file /home/airflow/.local/lib/python3.8/site-packages/airflow/example_dags/example_dynamic_task_mapping_with_no_taskflow_operators.py for tasks to queue
[2025-02-14T14:38:24.782+0000] {logging_mixin.py:154} INFO - [2025-02-14T14:38:24.782+0000] {dagbag.py:536} INFO - Filling up the DagBag from /home/airflow/.local/lib/python3.8/site-packages/airflow/example_dags/example_dynamic_task_mapping_with_no_taskflow_operators.py
[2025-02-14T14:38:24.793+0000] {processor.py:839} INFO - DAG(s) dict_keys(['example_dynamic_task_mapping_with_no_taskflow_operators']) retrieved from /home/airflow/.local/lib/python3.8/site-packages/airflow/example_dags/example_dynamic_task_mapping_with_no_taskflow_operators.py
[2025-02-14T14:38:24.928+0000] {logging_mixin.py:154} INFO - [2025-02-14T14:38:24.928+0000] {manager.py:499} INFO - Created Permission View: %s
[2025-02-14T14:38:24.940+0000] {logging_mixin.py:154} INFO - [2025-02-14T14:38:24.940+0000] {manager.py:499} INFO - Created Permission View: %s
[2025-02-14T14:38:24.948+0000] {logging_mixin.py:154} INFO - [2025-02-14T14:38:24.947+0000] {manager.py:499} INFO - Created Permission View: %s
[2025-02-14T14:38:24.948+0000] {logging_mixin.py:154} INFO - [2025-02-14T14:38:24.948+0000] {dag.py:2941} INFO - Sync 1 DAGs
[2025-02-14T14:38:24.960+0000] {logging_mixin.py:154} INFO - [2025-02-14T14:38:24.960+0000] {dag.py:2963} INFO - Creating ORM DAG for example_dynamic_task_mapping_with_no_taskflow_operators
[2025-02-14T14:38:24.975+0000] {logging_mixin.py:154} INFO - [2025-02-14T14:38:24.975+0000] {dag.py:3722} INFO - Setting next_dagrun for example_dynamic_task_mapping_with_no_taskflow_operators to 2025-02-13T14:38:24.975095+00:00, run_after=2025-02-14T14:38:24.975095+00:00
[2025-02-14T14:38:24.987+0000] {processor.py:179} INFO - Processing /home/airflow/.local/lib/python3.8/site-packages/airflow/example_dags/example_dynamic_task_mapping_with_no_taskflow_operators.py took 0.214 seconds
[2025-02-14T14:38:55.923+0000] {processor.py:157} INFO - Started process (PID=485) to work on /home/airflow/.local/lib/python3.8/site-packages/airflow/example_dags/example_dynamic_task_mapping_with_no_taskflow_operators.py
[2025-02-14T14:38:55.926+0000] {processor.py:829} INFO - Processing file /home/airflow/.local/lib/python3.8/site-packages/airflow/example_dags/example_dynamic_task_mapping_with_no_taskflow_operators.py for tasks to queue
[2025-02-14T14:38:55.928+0000] {logging_mixin.py:154} INFO - [2025-02-14T14:38:55.928+0000] {dagbag.py:536} INFO - Filling up the DagBag from /home/airflow/.local/lib/python3.8/site-packages/airflow/example_dags/example_dynamic_task_mapping_with_no_taskflow_operators.py
[2025-02-14T14:38:55.950+0000] {processor.py:839} INFO - DAG(s) dict_keys(['example_dynamic_task_mapping_with_no_taskflow_operators']) retrieved from /home/airflow/.local/lib/python3.8/site-packages/airflow/example_dags/example_dynamic_task_mapping_with_no_taskflow_operators.py
[2025-02-14T14:38:56.015+0000] {logging_mixin.py:154} INFO - [2025-02-14T14:38:56.015+0000] {dag.py:2941} INFO - Sync 1 DAGs
[2025-02-14T14:38:56.122+0000] {logging_mixin.py:154} INFO - [2025-02-14T14:38:56.121+0000] {dag.py:3722} INFO - Setting next_dagrun for example_dynamic_task_mapping_with_no_taskflow_operators to 2025-02-13T14:38:56.120773+00:00, run_after=2025-02-14T14:38:56.120773+00:00
[2025-02-14T14:38:56.216+0000] {processor.py:179} INFO - Processing /home/airflow/.local/lib/python3.8/site-packages/airflow/example_dags/example_dynamic_task_mapping_with_no_taskflow_operators.py took 0.305 seconds
[2025-02-14T14:39:26.442+0000] {processor.py:157} INFO - Started process (PID=723) to work on /home/airflow/.local/lib/python3.8/site-packages/airflow/example_dags/example_dynamic_task_mapping_with_no_taskflow_operators.py
[2025-02-14T14:39:26.445+0000] {processor.py:829} INFO - Processing file /home/airflow/.local/lib/python3.8/site-packages/airflow/example_dags/example_dynamic_task_mapping_with_no_taskflow_operators.py for tasks to queue
[2025-02-14T14:39:26.447+0000] {logging_mixin.py:154} INFO - [2025-02-14T14:39:26.447+0000] {dagbag.py:536} INFO - Filling up the DagBag from /home/airflow/.local/lib/python3.8/site-packages/airflow/example_dags/example_dynamic_task_mapping_with_no_taskflow_operators.py
[2025-02-14T14:39:26.490+0000] {processor.py:839} INFO - DAG(s) dict_keys(['example_dynamic_task_mapping_with_no_taskflow_operators']) retrieved from /home/airflow/.local/lib/python3.8/site-packages/airflow/example_dags/example_dynamic_task_mapping_with_no_taskflow_operators.py
[2025-02-14T14:39:26.569+0000] {logging_mixin.py:154} INFO - [2025-02-14T14:39:26.569+0000] {dag.py:2941} INFO - Sync 1 DAGs
[2025-02-14T14:39:26.646+0000] {logging_mixin.py:154} INFO - [2025-02-14T14:39:26.645+0000] {dag.py:3722} INFO - Setting next_dagrun for example_dynamic_task_mapping_with_no_taskflow_operators to 2025-02-13T14:39:26.645167+00:00, run_after=2025-02-14T14:39:26.645167+00:00
[2025-02-14T14:39:26.694+0000] {processor.py:179} INFO - Processing /home/airflow/.local/lib/python3.8/site-packages/airflow/example_dags/example_dynamic_task_mapping_with_no_taskflow_operators.py took 0.261 seconds
[2025-02-14T14:39:57.373+0000] {processor.py:157} INFO - Started process (PID=963) to work on /home/airflow/.local/lib/python3.8/site-packages/airflow/example_dags/example_dynamic_task_mapping_with_no_taskflow_operators.py
[2025-02-14T14:39:57.376+0000] {processor.py:829} INFO - Processing file /home/airflow/.local/lib/python3.8/site-packages/airflow/example_dags/example_dynamic_task_mapping_with_no_taskflow_operators.py for tasks to queue
[2025-02-14T14:39:57.378+0000] {logging_mixin.py:154} INFO - [2025-02-14T14:39:57.377+0000] {dagbag.py:536} INFO - Filling up the DagBag from /home/airflow/.local/lib/python3.8/site-packages/airflow/example_dags/example_dynamic_task_mapping_with_no_taskflow_operators.py
[2025-02-14T14:39:57.402+0000] {processor.py:839} INFO - DAG(s) dict_keys(['example_dynamic_task_mapping_with_no_taskflow_operators']) retrieved from /home/airflow/.local/lib/python3.8/site-packages/airflow/example_dags/example_dynamic_task_mapping_with_no_taskflow_operators.py
[2025-02-14T14:39:57.490+0000] {logging_mixin.py:154} INFO - [2025-02-14T14:39:57.489+0000] {dag.py:2941} INFO - Sync 1 DAGs
[2025-02-14T14:39:57.564+0000] {logging_mixin.py:154} INFO - [2025-02-14T14:39:57.563+0000] {dag.py:3722} INFO - Setting next_dagrun for example_dynamic_task_mapping_with_no_taskflow_operators to 2025-02-13T14:39:57.560710+00:00, run_after=2025-02-14T14:39:57.560710+00:00
[2025-02-14T14:39:57.617+0000] {processor.py:179} INFO - Processing /home/airflow/.local/lib/python3.8/site-packages/airflow/example_dags/example_dynamic_task_mapping_with_no_taskflow_operators.py took 0.255 seconds
[2025-02-14T14:40:27.856+0000] {processor.py:157} INFO - Started process (PID=1201) to work on /home/airflow/.local/lib/python3.8/site-packages/airflow/example_dags/example_dynamic_task_mapping_with_no_taskflow_operators.py
[2025-02-14T14:40:27.863+0000] {processor.py:829} INFO - Processing file /home/airflow/.local/lib/python3.8/site-packages/airflow/example_dags/example_dynamic_task_mapping_with_no_taskflow_operators.py for tasks to queue
[2025-02-14T14:40:27.865+0000] {logging_mixin.py:154} INFO - [2025-02-14T14:40:27.864+0000] {dagbag.py:536} INFO - Filling up the DagBag from /home/airflow/.local/lib/python3.8/site-packages/airflow/example_dags/example_dynamic_task_mapping_with_no_taskflow_operators.py
[2025-02-14T14:40:27.888+0000] {processor.py:839} INFO - DAG(s) dict_keys(['example_dynamic_task_mapping_with_no_taskflow_operators']) retrieved from /home/airflow/.local/lib/python3.8/site-packages/airflow/example_dags/example_dynamic_task_mapping_with_no_taskflow_operators.py
[2025-02-14T14:40:27.940+0000] {logging_mixin.py:154} INFO - [2025-02-14T14:40:27.940+0000] {dag.py:2941} INFO - Sync 1 DAGs
[2025-02-14T14:40:28.005+0000] {logging_mixin.py:154} INFO - [2025-02-14T14:40:28.005+0000] {dag.py:3722} INFO - Setting next_dagrun for example_dynamic_task_mapping_with_no_taskflow_operators to 2025-02-13T14:40:28.004462+00:00, run_after=2025-02-14T14:40:28.004462+00:00
[2025-02-14T14:40:28.062+0000] {processor.py:179} INFO - Processing /home/airflow/.local/lib/python3.8/site-packages/airflow/example_dags/example_dynamic_task_mapping_with_no_taskflow_operators.py took 0.218 seconds
[2025-02-14T14:40:58.723+0000] {processor.py:157} INFO - Started process (PID=1437) to work on /home/airflow/.local/lib/python3.8/site-packages/airflow/example_dags/example_dynamic_task_mapping_with_no_taskflow_operators.py
[2025-02-14T14:40:58.725+0000] {processor.py:829} INFO - Processing file /home/airflow/.local/lib/python3.8/site-packages/airflow/example_dags/example_dynamic_task_mapping_with_no_taskflow_operators.py for tasks to queue
[2025-02-14T14:40:58.728+0000] {logging_mixin.py:154} INFO - [2025-02-14T14:40:58.727+0000] {dagbag.py:536} INFO - Filling up the DagBag from /home/airflow/.local/lib/python3.8/site-packages/airflow/example_dags/example_dynamic_task_mapping_with_no_taskflow_operators.py
[2025-02-14T14:40:58.754+0000] {processor.py:839} INFO - DAG(s) dict_keys(['example_dynamic_task_mapping_with_no_taskflow_operators']) retrieved from /home/airflow/.local/lib/python3.8/site-packages/airflow/example_dags/example_dynamic_task_mapping_with_no_taskflow_operators.py
[2025-02-14T14:40:58.830+0000] {logging_mixin.py:154} INFO - [2025-02-14T14:40:58.829+0000] {dag.py:2941} INFO - Sync 1 DAGs
[2025-02-14T14:40:58.906+0000] {logging_mixin.py:154} INFO - [2025-02-14T14:40:58.906+0000] {dag.py:3722} INFO - Setting next_dagrun for example_dynamic_task_mapping_with_no_taskflow_operators to 2025-02-13T14:40:58.904844+00:00, run_after=2025-02-14T14:40:58.904844+00:00
[2025-02-14T14:40:58.961+0000] {processor.py:179} INFO - Processing /home/airflow/.local/lib/python3.8/site-packages/airflow/example_dags/example_dynamic_task_mapping_with_no_taskflow_operators.py took 0.258 seconds
[2025-02-14T14:41:29.412+0000] {processor.py:157} INFO - Started process (PID=1679) to work on /home/airflow/.local/lib/python3.8/site-packages/airflow/example_dags/example_dynamic_task_mapping_with_no_taskflow_operators.py
[2025-02-14T14:41:29.418+0000] {processor.py:829} INFO - Processing file /home/airflow/.local/lib/python3.8/site-packages/airflow/example_dags/example_dynamic_task_mapping_with_no_taskflow_operators.py for tasks to queue
[2025-02-14T14:41:29.424+0000] {logging_mixin.py:154} INFO - [2025-02-14T14:41:29.423+0000] {dagbag.py:536} INFO - Filling up the DagBag from /home/airflow/.local/lib/python3.8/site-packages/airflow/example_dags/example_dynamic_task_mapping_with_no_taskflow_operators.py
[2025-02-14T14:41:29.455+0000] {processor.py:839} INFO - DAG(s) dict_keys(['example_dynamic_task_mapping_with_no_taskflow_operators']) retrieved from /home/airflow/.local/lib/python3.8/site-packages/airflow/example_dags/example_dynamic_task_mapping_with_no_taskflow_operators.py
[2025-02-14T14:41:29.531+0000] {logging_mixin.py:154} INFO - [2025-02-14T14:41:29.530+0000] {dag.py:2941} INFO - Sync 1 DAGs
[2025-02-14T14:41:29.618+0000] {logging_mixin.py:154} INFO - [2025-02-14T14:41:29.618+0000] {dag.py:3722} INFO - Setting next_dagrun for example_dynamic_task_mapping_with_no_taskflow_operators to 2025-02-13T14:41:29.617310+00:00, run_after=2025-02-14T14:41:29.617310+00:00
[2025-02-14T14:41:29.668+0000] {processor.py:179} INFO - Processing /home/airflow/.local/lib/python3.8/site-packages/airflow/example_dags/example_dynamic_task_mapping_with_no_taskflow_operators.py took 0.268 seconds
[2025-02-14T14:42:00.012+0000] {processor.py:157} INFO - Started process (PID=1919) to work on /home/airflow/.local/lib/python3.8/site-packages/airflow/example_dags/example_dynamic_task_mapping_with_no_taskflow_operators.py
[2025-02-14T14:42:00.014+0000] {processor.py:829} INFO - Processing file /home/airflow/.local/lib/python3.8/site-packages/airflow/example_dags/example_dynamic_task_mapping_with_no_taskflow_operators.py for tasks to queue
[2025-02-14T14:42:00.016+0000] {logging_mixin.py:154} INFO - [2025-02-14T14:42:00.015+0000] {dagbag.py:536} INFO - Filling up the DagBag from /home/airflow/.local/lib/python3.8/site-packages/airflow/example_dags/example_dynamic_task_mapping_with_no_taskflow_operators.py
[2025-02-14T14:42:00.039+0000] {processor.py:839} INFO - DAG(s) dict_keys(['example_dynamic_task_mapping_with_no_taskflow_operators']) retrieved from /home/airflow/.local/lib/python3.8/site-packages/airflow/example_dags/example_dynamic_task_mapping_with_no_taskflow_operators.py
[2025-02-14T14:42:00.114+0000] {logging_mixin.py:154} INFO - [2025-02-14T14:42:00.113+0000] {dag.py:2941} INFO - Sync 1 DAGs
[2025-02-14T14:42:00.183+0000] {logging_mixin.py:154} INFO - [2025-02-14T14:42:00.183+0000] {dag.py:3722} INFO - Setting next_dagrun for example_dynamic_task_mapping_with_no_taskflow_operators to 2025-02-13T14:42:00.182677+00:00, run_after=2025-02-14T14:42:00.182677+00:00
[2025-02-14T14:42:00.236+0000] {processor.py:179} INFO - Processing /home/airflow/.local/lib/python3.8/site-packages/airflow/example_dags/example_dynamic_task_mapping_with_no_taskflow_operators.py took 0.233 seconds
[2025-02-14T14:42:32.473+0000] {processor.py:157} INFO - Started process (PID=2150) to work on /home/airflow/.local/lib/python3.8/site-packages/airflow/example_dags/example_dynamic_task_mapping_with_no_taskflow_operators.py
[2025-02-14T14:42:32.477+0000] {processor.py:829} INFO - Processing file /home/airflow/.local/lib/python3.8/site-packages/airflow/example_dags/example_dynamic_task_mapping_with_no_taskflow_operators.py for tasks to queue
[2025-02-14T14:42:32.478+0000] {logging_mixin.py:154} INFO - [2025-02-14T14:42:32.478+0000] {dagbag.py:536} INFO - Filling up the DagBag from /home/airflow/.local/lib/python3.8/site-packages/airflow/example_dags/example_dynamic_task_mapping_with_no_taskflow_operators.py
[2025-02-14T14:42:32.503+0000] {processor.py:839} INFO - DAG(s) dict_keys(['example_dynamic_task_mapping_with_no_taskflow_operators']) retrieved from /home/airflow/.local/lib/python3.8/site-packages/airflow/example_dags/example_dynamic_task_mapping_with_no_taskflow_operators.py
[2025-02-14T14:42:32.661+0000] {logging_mixin.py:154} INFO - [2025-02-14T14:42:32.660+0000] {dag.py:2941} INFO - Sync 1 DAGs
[2025-02-14T14:42:32.840+0000] {logging_mixin.py:154} INFO - [2025-02-14T14:42:32.839+0000] {dag.py:3722} INFO - Setting next_dagrun for example_dynamic_task_mapping_with_no_taskflow_operators to 2025-02-13T14:42:32.838504+00:00, run_after=2025-02-14T14:42:32.838504+00:00
[2025-02-14T14:42:32.896+0000] {processor.py:179} INFO - Processing /home/airflow/.local/lib/python3.8/site-packages/airflow/example_dags/example_dynamic_task_mapping_with_no_taskflow_operators.py took 0.437 seconds
[2025-02-14T14:43:03.359+0000] {processor.py:157} INFO - Started process (PID=2388) to work on /home/airflow/.local/lib/python3.8/site-packages/airflow/example_dags/example_dynamic_task_mapping_with_no_taskflow_operators.py
[2025-02-14T14:43:03.361+0000] {processor.py:829} INFO - Processing file /home/airflow/.local/lib/python3.8/site-packages/airflow/example_dags/example_dynamic_task_mapping_with_no_taskflow_operators.py for tasks to queue
[2025-02-14T14:43:03.363+0000] {logging_mixin.py:154} INFO - [2025-02-14T14:43:03.362+0000] {dagbag.py:536} INFO - Filling up the DagBag from /home/airflow/.local/lib/python3.8/site-packages/airflow/example_dags/example_dynamic_task_mapping_with_no_taskflow_operators.py
[2025-02-14T14:43:03.387+0000] {processor.py:839} INFO - DAG(s) dict_keys(['example_dynamic_task_mapping_with_no_taskflow_operators']) retrieved from /home/airflow/.local/lib/python3.8/site-packages/airflow/example_dags/example_dynamic_task_mapping_with_no_taskflow_operators.py
[2025-02-14T14:43:03.464+0000] {logging_mixin.py:154} INFO - [2025-02-14T14:43:03.464+0000] {dag.py:2941} INFO - Sync 1 DAGs
[2025-02-14T14:43:03.543+0000] {logging_mixin.py:154} INFO - [2025-02-14T14:43:03.543+0000] {dag.py:3722} INFO - Setting next_dagrun for example_dynamic_task_mapping_with_no_taskflow_operators to 2025-02-13T14:43:03.542552+00:00, run_after=2025-02-14T14:43:03.542552+00:00
[2025-02-14T14:43:03.596+0000] {processor.py:179} INFO - Processing /home/airflow/.local/lib/python3.8/site-packages/airflow/example_dags/example_dynamic_task_mapping_with_no_taskflow_operators.py took 0.247 seconds
[2025-02-14T14:43:34.160+0000] {processor.py:157} INFO - Started process (PID=2628) to work on /home/airflow/.local/lib/python3.8/site-packages/airflow/example_dags/example_dynamic_task_mapping_with_no_taskflow_operators.py
[2025-02-14T14:43:34.163+0000] {processor.py:829} INFO - Processing file /home/airflow/.local/lib/python3.8/site-packages/airflow/example_dags/example_dynamic_task_mapping_with_no_taskflow_operators.py for tasks to queue
[2025-02-14T14:43:34.166+0000] {logging_mixin.py:154} INFO - [2025-02-14T14:43:34.165+0000] {dagbag.py:536} INFO - Filling up the DagBag from /home/airflow/.local/lib/python3.8/site-packages/airflow/example_dags/example_dynamic_task_mapping_with_no_taskflow_operators.py
[2025-02-14T14:43:34.215+0000] {processor.py:839} INFO - DAG(s) dict_keys(['example_dynamic_task_mapping_with_no_taskflow_operators']) retrieved from /home/airflow/.local/lib/python3.8/site-packages/airflow/example_dags/example_dynamic_task_mapping_with_no_taskflow_operators.py
[2025-02-14T14:43:34.278+0000] {logging_mixin.py:154} INFO - [2025-02-14T14:43:34.278+0000] {dag.py:2941} INFO - Sync 1 DAGs
[2025-02-14T14:43:34.345+0000] {logging_mixin.py:154} INFO - [2025-02-14T14:43:34.344+0000] {dag.py:3722} INFO - Setting next_dagrun for example_dynamic_task_mapping_with_no_taskflow_operators to 2025-02-13T14:43:34.341231+00:00, run_after=2025-02-14T14:43:34.341231+00:00
[2025-02-14T14:43:34.415+0000] {processor.py:179} INFO - Processing /home/airflow/.local/lib/python3.8/site-packages/airflow/example_dags/example_dynamic_task_mapping_with_no_taskflow_operators.py took 0.264 seconds
[2025-02-14T14:44:04.813+0000] {processor.py:157} INFO - Started process (PID=2865) to work on /home/airflow/.local/lib/python3.8/site-packages/airflow/example_dags/example_dynamic_task_mapping_with_no_taskflow_operators.py
[2025-02-14T14:44:04.816+0000] {processor.py:829} INFO - Processing file /home/airflow/.local/lib/python3.8/site-packages/airflow/example_dags/example_dynamic_task_mapping_with_no_taskflow_operators.py for tasks to queue
[2025-02-14T14:44:04.818+0000] {logging_mixin.py:154} INFO - [2025-02-14T14:44:04.817+0000] {dagbag.py:536} INFO - Filling up the DagBag from /home/airflow/.local/lib/python3.8/site-packages/airflow/example_dags/example_dynamic_task_mapping_with_no_taskflow_operators.py
[2025-02-14T14:44:04.837+0000] {processor.py:839} INFO - DAG(s) dict_keys(['example_dynamic_task_mapping_with_no_taskflow_operators']) retrieved from /home/airflow/.local/lib/python3.8/site-packages/airflow/example_dags/example_dynamic_task_mapping_with_no_taskflow_operators.py
[2025-02-14T14:44:04.918+0000] {logging_mixin.py:154} INFO - [2025-02-14T14:44:04.918+0000] {dag.py:2941} INFO - Sync 1 DAGs
[2025-02-14T14:44:04.990+0000] {logging_mixin.py:154} INFO - [2025-02-14T14:44:04.990+0000] {dag.py:3722} INFO - Setting next_dagrun for example_dynamic_task_mapping_with_no_taskflow_operators to 2025-02-13T14:44:04.989382+00:00, run_after=2025-02-14T14:44:04.989382+00:00
[2025-02-14T14:44:05.036+0000] {processor.py:179} INFO - Processing /home/airflow/.local/lib/python3.8/site-packages/airflow/example_dags/example_dynamic_task_mapping_with_no_taskflow_operators.py took 0.237 seconds
[2025-02-14T14:44:35.552+0000] {processor.py:157} INFO - Started process (PID=3120) to work on /home/airflow/.local/lib/python3.8/site-packages/airflow/example_dags/example_dynamic_task_mapping_with_no_taskflow_operators.py
[2025-02-14T14:44:35.555+0000] {processor.py:829} INFO - Processing file /home/airflow/.local/lib/python3.8/site-packages/airflow/example_dags/example_dynamic_task_mapping_with_no_taskflow_operators.py for tasks to queue
[2025-02-14T14:44:35.557+0000] {logging_mixin.py:154} INFO - [2025-02-14T14:44:35.556+0000] {dagbag.py:536} INFO - Filling up the DagBag from /home/airflow/.local/lib/python3.8/site-packages/airflow/example_dags/example_dynamic_task_mapping_with_no_taskflow_operators.py
[2025-02-14T14:44:35.578+0000] {processor.py:839} INFO - DAG(s) dict_keys(['example_dynamic_task_mapping_with_no_taskflow_operators']) retrieved from /home/airflow/.local/lib/python3.8/site-packages/airflow/example_dags/example_dynamic_task_mapping_with_no_taskflow_operators.py
[2025-02-14T14:44:35.636+0000] {logging_mixin.py:154} INFO - [2025-02-14T14:44:35.636+0000] {dag.py:2941} INFO - Sync 1 DAGs
[2025-02-14T14:44:35.707+0000] {logging_mixin.py:154} INFO - [2025-02-14T14:44:35.706+0000] {dag.py:3722} INFO - Setting next_dagrun for example_dynamic_task_mapping_with_no_taskflow_operators to 2025-02-13T14:44:35.705080+00:00, run_after=2025-02-14T14:44:35.705080+00:00
[2025-02-14T14:44:35.762+0000] {processor.py:179} INFO - Processing /home/airflow/.local/lib/python3.8/site-packages/airflow/example_dags/example_dynamic_task_mapping_with_no_taskflow_operators.py took 0.220 seconds
[2025-02-14T14:45:06.080+0000] {processor.py:157} INFO - Started process (PID=3374) to work on /home/airflow/.local/lib/python3.8/site-packages/airflow/example_dags/example_dynamic_task_mapping_with_no_taskflow_operators.py
[2025-02-14T14:45:06.086+0000] {processor.py:829} INFO - Processing file /home/airflow/.local/lib/python3.8/site-packages/airflow/example_dags/example_dynamic_task_mapping_with_no_taskflow_operators.py for tasks to queue
[2025-02-14T14:45:06.095+0000] {logging_mixin.py:154} INFO - [2025-02-14T14:45:06.091+0000] {dagbag.py:536} INFO - Filling up the DagBag from /home/airflow/.local/lib/python3.8/site-packages/airflow/example_dags/example_dynamic_task_mapping_with_no_taskflow_operators.py
[2025-02-14T14:45:06.127+0000] {processor.py:839} INFO - DAG(s) dict_keys(['example_dynamic_task_mapping_with_no_taskflow_operators']) retrieved from /home/airflow/.local/lib/python3.8/site-packages/airflow/example_dags/example_dynamic_task_mapping_with_no_taskflow_operators.py
[2025-02-14T14:45:06.185+0000] {logging_mixin.py:154} INFO - [2025-02-14T14:45:06.185+0000] {dag.py:2941} INFO - Sync 1 DAGs
[2025-02-14T14:45:06.248+0000] {logging_mixin.py:154} INFO - [2025-02-14T14:45:06.248+0000] {dag.py:3722} INFO - Setting next_dagrun for example_dynamic_task_mapping_with_no_taskflow_operators to 2025-02-13T14:45:06.247300+00:00, run_after=2025-02-14T14:45:06.247300+00:00
[2025-02-14T14:45:06.305+0000] {processor.py:179} INFO - Processing /home/airflow/.local/lib/python3.8/site-packages/airflow/example_dags/example_dynamic_task_mapping_with_no_taskflow_operators.py took 0.239 seconds
[2025-02-14T14:45:37.177+0000] {processor.py:157} INFO - Started process (PID=3610) to work on /home/airflow/.local/lib/python3.8/site-packages/airflow/example_dags/example_dynamic_task_mapping_with_no_taskflow_operators.py
[2025-02-14T14:45:37.180+0000] {processor.py:829} INFO - Processing file /home/airflow/.local/lib/python3.8/site-packages/airflow/example_dags/example_dynamic_task_mapping_with_no_taskflow_operators.py for tasks to queue
[2025-02-14T14:45:37.182+0000] {logging_mixin.py:154} INFO - [2025-02-14T14:45:37.181+0000] {dagbag.py:536} INFO - Filling up the DagBag from /home/airflow/.local/lib/python3.8/site-packages/airflow/example_dags/example_dynamic_task_mapping_with_no_taskflow_operators.py
[2025-02-14T14:45:37.204+0000] {processor.py:839} INFO - DAG(s) dict_keys(['example_dynamic_task_mapping_with_no_taskflow_operators']) retrieved from /home/airflow/.local/lib/python3.8/site-packages/airflow/example_dags/example_dynamic_task_mapping_with_no_taskflow_operators.py
[2025-02-14T14:45:37.279+0000] {logging_mixin.py:154} INFO - [2025-02-14T14:45:37.278+0000] {dag.py:2941} INFO - Sync 1 DAGs
[2025-02-14T14:45:37.373+0000] {logging_mixin.py:154} INFO - [2025-02-14T14:45:37.372+0000] {dag.py:3722} INFO - Setting next_dagrun for example_dynamic_task_mapping_with_no_taskflow_operators to 2025-02-13T14:45:37.371943+00:00, run_after=2025-02-14T14:45:37.371943+00:00
[2025-02-14T14:45:37.448+0000] {processor.py:179} INFO - Processing /home/airflow/.local/lib/python3.8/site-packages/airflow/example_dags/example_dynamic_task_mapping_with_no_taskflow_operators.py took 0.284 seconds
[2025-02-14T14:46:08.334+0000] {processor.py:157} INFO - Started process (PID=3848) to work on /home/airflow/.local/lib/python3.8/site-packages/airflow/example_dags/example_dynamic_task_mapping_with_no_taskflow_operators.py
[2025-02-14T14:46:08.337+0000] {processor.py:829} INFO - Processing file /home/airflow/.local/lib/python3.8/site-packages/airflow/example_dags/example_dynamic_task_mapping_with_no_taskflow_operators.py for tasks to queue
[2025-02-14T14:46:08.339+0000] {logging_mixin.py:154} INFO - [2025-02-14T14:46:08.339+0000] {dagbag.py:536} INFO - Filling up the DagBag from /home/airflow/.local/lib/python3.8/site-packages/airflow/example_dags/example_dynamic_task_mapping_with_no_taskflow_operators.py
[2025-02-14T14:46:08.362+0000] {processor.py:839} INFO - DAG(s) dict_keys(['example_dynamic_task_mapping_with_no_taskflow_operators']) retrieved from /home/airflow/.local/lib/python3.8/site-packages/airflow/example_dags/example_dynamic_task_mapping_with_no_taskflow_operators.py
[2025-02-14T14:46:08.422+0000] {logging_mixin.py:154} INFO - [2025-02-14T14:46:08.422+0000] {dag.py:2941} INFO - Sync 1 DAGs
[2025-02-14T14:46:08.478+0000] {logging_mixin.py:154} INFO - [2025-02-14T14:46:08.477+0000] {dag.py:3722} INFO - Setting next_dagrun for example_dynamic_task_mapping_with_no_taskflow_operators to 2025-02-13T14:46:08.476944+00:00, run_after=2025-02-14T14:46:08.476944+00:00
[2025-02-14T14:46:08.531+0000] {processor.py:179} INFO - Processing /home/airflow/.local/lib/python3.8/site-packages/airflow/example_dags/example_dynamic_task_mapping_with_no_taskflow_operators.py took 0.210 seconds
[2025-02-14T14:46:39.575+0000] {processor.py:157} INFO - Started process (PID=4081) to work on /home/airflow/.local/lib/python3.8/site-packages/airflow/example_dags/example_dynamic_task_mapping_with_no_taskflow_operators.py
[2025-02-14T14:46:39.579+0000] {processor.py:829} INFO - Processing file /home/airflow/.local/lib/python3.8/site-packages/airflow/example_dags/example_dynamic_task_mapping_with_no_taskflow_operators.py for tasks to queue
[2025-02-14T14:46:39.583+0000] {logging_mixin.py:154} INFO - [2025-02-14T14:46:39.581+0000] {dagbag.py:536} INFO - Filling up the DagBag from /home/airflow/.local/lib/python3.8/site-packages/airflow/example_dags/example_dynamic_task_mapping_with_no_taskflow_operators.py
[2025-02-14T14:46:39.616+0000] {processor.py:839} INFO - DAG(s) dict_keys(['example_dynamic_task_mapping_with_no_taskflow_operators']) retrieved from /home/airflow/.local/lib/python3.8/site-packages/airflow/example_dags/example_dynamic_task_mapping_with_no_taskflow_operators.py
[2025-02-14T14:46:39.745+0000] {logging_mixin.py:154} INFO - [2025-02-14T14:46:39.741+0000] {dag.py:2941} INFO - Sync 1 DAGs
[2025-02-14T14:46:39.857+0000] {logging_mixin.py:154} INFO - [2025-02-14T14:46:39.856+0000] {dag.py:3722} INFO - Setting next_dagrun for example_dynamic_task_mapping_with_no_taskflow_operators to 2025-02-13T14:46:39.855296+00:00, run_after=2025-02-14T14:46:39.855296+00:00
[2025-02-14T14:46:39.936+0000] {processor.py:179} INFO - Processing /home/airflow/.local/lib/python3.8/site-packages/airflow/example_dags/example_dynamic_task_mapping_with_no_taskflow_operators.py took 0.377 seconds
[2025-02-14T14:47:10.385+0000] {processor.py:157} INFO - Started process (PID=4319) to work on /home/airflow/.local/lib/python3.8/site-packages/airflow/example_dags/example_dynamic_task_mapping_with_no_taskflow_operators.py
[2025-02-14T14:47:10.388+0000] {processor.py:829} INFO - Processing file /home/airflow/.local/lib/python3.8/site-packages/airflow/example_dags/example_dynamic_task_mapping_with_no_taskflow_operators.py for tasks to queue
[2025-02-14T14:47:10.391+0000] {logging_mixin.py:154} INFO - [2025-02-14T14:47:10.389+0000] {dagbag.py:536} INFO - Filling up the DagBag from /home/airflow/.local/lib/python3.8/site-packages/airflow/example_dags/example_dynamic_task_mapping_with_no_taskflow_operators.py
[2025-02-14T14:47:10.412+0000] {processor.py:839} INFO - DAG(s) dict_keys(['example_dynamic_task_mapping_with_no_taskflow_operators']) retrieved from /home/airflow/.local/lib/python3.8/site-packages/airflow/example_dags/example_dynamic_task_mapping_with_no_taskflow_operators.py
[2025-02-14T14:47:10.476+0000] {logging_mixin.py:154} INFO - [2025-02-14T14:47:10.476+0000] {dag.py:2941} INFO - Sync 1 DAGs
[2025-02-14T14:47:10.568+0000] {logging_mixin.py:154} INFO - [2025-02-14T14:47:10.567+0000] {dag.py:3722} INFO - Setting next_dagrun for example_dynamic_task_mapping_with_no_taskflow_operators to 2025-02-13T14:47:10.566524+00:00, run_after=2025-02-14T14:47:10.566524+00:00
[2025-02-14T14:47:10.637+0000] {processor.py:179} INFO - Processing /home/airflow/.local/lib/python3.8/site-packages/airflow/example_dags/example_dynamic_task_mapping_with_no_taskflow_operators.py took 0.270 seconds
[2025-02-14T14:47:41.716+0000] {processor.py:157} INFO - Started process (PID=4561) to work on /home/airflow/.local/lib/python3.8/site-packages/airflow/example_dags/example_dynamic_task_mapping_with_no_taskflow_operators.py
[2025-02-14T14:47:41.719+0000] {processor.py:829} INFO - Processing file /home/airflow/.local/lib/python3.8/site-packages/airflow/example_dags/example_dynamic_task_mapping_with_no_taskflow_operators.py for tasks to queue
[2025-02-14T14:47:41.722+0000] {logging_mixin.py:154} INFO - [2025-02-14T14:47:41.721+0000] {dagbag.py:536} INFO - Filling up the DagBag from /home/airflow/.local/lib/python3.8/site-packages/airflow/example_dags/example_dynamic_task_mapping_with_no_taskflow_operators.py
[2025-02-14T14:47:41.750+0000] {processor.py:839} INFO - DAG(s) dict_keys(['example_dynamic_task_mapping_with_no_taskflow_operators']) retrieved from /home/airflow/.local/lib/python3.8/site-packages/airflow/example_dags/example_dynamic_task_mapping_with_no_taskflow_operators.py
[2025-02-14T14:47:41.829+0000] {logging_mixin.py:154} INFO - [2025-02-14T14:47:41.828+0000] {dag.py:2941} INFO - Sync 1 DAGs
[2025-02-14T14:47:41.897+0000] {logging_mixin.py:154} INFO - [2025-02-14T14:47:41.897+0000] {dag.py:3722} INFO - Setting next_dagrun for example_dynamic_task_mapping_with_no_taskflow_operators to 2025-02-13T14:47:41.896637+00:00, run_after=2025-02-14T14:47:41.896637+00:00
[2025-02-14T14:47:41.952+0000] {processor.py:179} INFO - Processing /home/airflow/.local/lib/python3.8/site-packages/airflow/example_dags/example_dynamic_task_mapping_with_no_taskflow_operators.py took 0.245 seconds
[2025-02-14T14:48:12.875+0000] {processor.py:157} INFO - Started process (PID=4805) to work on /home/airflow/.local/lib/python3.8/site-packages/airflow/example_dags/example_dynamic_task_mapping_with_no_taskflow_operators.py
[2025-02-14T14:48:12.878+0000] {processor.py:829} INFO - Processing file /home/airflow/.local/lib/python3.8/site-packages/airflow/example_dags/example_dynamic_task_mapping_with_no_taskflow_operators.py for tasks to queue
[2025-02-14T14:48:12.880+0000] {logging_mixin.py:154} INFO - [2025-02-14T14:48:12.879+0000] {dagbag.py:536} INFO - Filling up the DagBag from /home/airflow/.local/lib/python3.8/site-packages/airflow/example_dags/example_dynamic_task_mapping_with_no_taskflow_operators.py
[2025-02-14T14:48:12.899+0000] {processor.py:839} INFO - DAG(s) dict_keys(['example_dynamic_task_mapping_with_no_taskflow_operators']) retrieved from /home/airflow/.local/lib/python3.8/site-packages/airflow/example_dags/example_dynamic_task_mapping_with_no_taskflow_operators.py
[2025-02-14T14:48:12.979+0000] {logging_mixin.py:154} INFO - [2025-02-14T14:48:12.978+0000] {dag.py:2941} INFO - Sync 1 DAGs
[2025-02-14T14:48:13.094+0000] {logging_mixin.py:154} INFO - [2025-02-14T14:48:13.093+0000] {dag.py:3722} INFO - Setting next_dagrun for example_dynamic_task_mapping_with_no_taskflow_operators to 2025-02-13T14:48:13.093049+00:00, run_after=2025-02-14T14:48:13.093049+00:00
[2025-02-14T14:48:13.168+0000] {processor.py:179} INFO - Processing /home/airflow/.local/lib/python3.8/site-packages/airflow/example_dags/example_dynamic_task_mapping_with_no_taskflow_operators.py took 0.304 seconds
[2025-02-14T14:48:43.540+0000] {processor.py:157} INFO - Started process (PID=5043) to work on /home/airflow/.local/lib/python3.8/site-packages/airflow/example_dags/example_dynamic_task_mapping_with_no_taskflow_operators.py
[2025-02-14T14:48:43.543+0000] {processor.py:829} INFO - Processing file /home/airflow/.local/lib/python3.8/site-packages/airflow/example_dags/example_dynamic_task_mapping_with_no_taskflow_operators.py for tasks to queue
[2025-02-14T14:48:43.545+0000] {logging_mixin.py:154} INFO - [2025-02-14T14:48:43.544+0000] {dagbag.py:536} INFO - Filling up the DagBag from /home/airflow/.local/lib/python3.8/site-packages/airflow/example_dags/example_dynamic_task_mapping_with_no_taskflow_operators.py
[2025-02-14T14:48:43.569+0000] {processor.py:839} INFO - DAG(s) dict_keys(['example_dynamic_task_mapping_with_no_taskflow_operators']) retrieved from /home/airflow/.local/lib/python3.8/site-packages/airflow/example_dags/example_dynamic_task_mapping_with_no_taskflow_operators.py
[2025-02-14T14:48:43.634+0000] {logging_mixin.py:154} INFO - [2025-02-14T14:48:43.633+0000] {dag.py:2941} INFO - Sync 1 DAGs
[2025-02-14T14:48:43.710+0000] {logging_mixin.py:154} INFO - [2025-02-14T14:48:43.707+0000] {dag.py:3722} INFO - Setting next_dagrun for example_dynamic_task_mapping_with_no_taskflow_operators to 2025-02-13T14:48:43.703869+00:00, run_after=2025-02-14T14:48:43.703869+00:00
[2025-02-14T14:48:43.769+0000] {processor.py:179} INFO - Processing /home/airflow/.local/lib/python3.8/site-packages/airflow/example_dags/example_dynamic_task_mapping_with_no_taskflow_operators.py took 0.239 seconds
[2025-02-14T14:49:13.984+0000] {processor.py:157} INFO - Started process (PID=5284) to work on /home/airflow/.local/lib/python3.8/site-packages/airflow/example_dags/example_dynamic_task_mapping_with_no_taskflow_operators.py
[2025-02-14T14:49:13.987+0000] {processor.py:829} INFO - Processing file /home/airflow/.local/lib/python3.8/site-packages/airflow/example_dags/example_dynamic_task_mapping_with_no_taskflow_operators.py for tasks to queue
[2025-02-14T14:49:13.989+0000] {logging_mixin.py:154} INFO - [2025-02-14T14:49:13.989+0000] {dagbag.py:536} INFO - Filling up the DagBag from /home/airflow/.local/lib/python3.8/site-packages/airflow/example_dags/example_dynamic_task_mapping_with_no_taskflow_operators.py
[2025-02-14T14:49:14.001+0000] {processor.py:839} INFO - DAG(s) dict_keys(['example_dynamic_task_mapping_with_no_taskflow_operators']) retrieved from /home/airflow/.local/lib/python3.8/site-packages/airflow/example_dags/example_dynamic_task_mapping_with_no_taskflow_operators.py
[2025-02-14T14:49:14.089+0000] {logging_mixin.py:154} INFO - [2025-02-14T14:49:14.089+0000] {dag.py:2941} INFO - Sync 1 DAGs
[2025-02-14T14:49:14.188+0000] {logging_mixin.py:154} INFO - [2025-02-14T14:49:14.188+0000] {dag.py:3722} INFO - Setting next_dagrun for example_dynamic_task_mapping_with_no_taskflow_operators to 2025-02-13T14:49:14.187606+00:00, run_after=2025-02-14T14:49:14.187606+00:00
[2025-02-14T14:49:14.255+0000] {processor.py:179} INFO - Processing /home/airflow/.local/lib/python3.8/site-packages/airflow/example_dags/example_dynamic_task_mapping_with_no_taskflow_operators.py took 0.281 seconds
[2025-02-14T14:49:44.639+0000] {processor.py:157} INFO - Started process (PID=5523) to work on /home/airflow/.local/lib/python3.8/site-packages/airflow/example_dags/example_dynamic_task_mapping_with_no_taskflow_operators.py
[2025-02-14T14:49:44.641+0000] {processor.py:829} INFO - Processing file /home/airflow/.local/lib/python3.8/site-packages/airflow/example_dags/example_dynamic_task_mapping_with_no_taskflow_operators.py for tasks to queue
[2025-02-14T14:49:44.642+0000] {logging_mixin.py:154} INFO - [2025-02-14T14:49:44.642+0000] {dagbag.py:536} INFO - Filling up the DagBag from /home/airflow/.local/lib/python3.8/site-packages/airflow/example_dags/example_dynamic_task_mapping_with_no_taskflow_operators.py
[2025-02-14T14:49:44.666+0000] {processor.py:839} INFO - DAG(s) dict_keys(['example_dynamic_task_mapping_with_no_taskflow_operators']) retrieved from /home/airflow/.local/lib/python3.8/site-packages/airflow/example_dags/example_dynamic_task_mapping_with_no_taskflow_operators.py
[2025-02-14T14:49:44.721+0000] {logging_mixin.py:154} INFO - [2025-02-14T14:49:44.721+0000] {dag.py:2941} INFO - Sync 1 DAGs
[2025-02-14T14:49:44.778+0000] {logging_mixin.py:154} INFO - [2025-02-14T14:49:44.778+0000] {dag.py:3722} INFO - Setting next_dagrun for example_dynamic_task_mapping_with_no_taskflow_operators to 2025-02-13T14:49:44.777766+00:00, run_after=2025-02-14T14:49:44.777766+00:00
[2025-02-14T14:49:44.825+0000] {processor.py:179} INFO - Processing /home/airflow/.local/lib/python3.8/site-packages/airflow/example_dags/example_dynamic_task_mapping_with_no_taskflow_operators.py took 0.196 seconds
[2025-02-14T14:50:16.056+0000] {processor.py:157} INFO - Started process (PID=5764) to work on /home/airflow/.local/lib/python3.8/site-packages/airflow/example_dags/example_dynamic_task_mapping_with_no_taskflow_operators.py
[2025-02-14T14:50:16.062+0000] {processor.py:829} INFO - Processing file /home/airflow/.local/lib/python3.8/site-packages/airflow/example_dags/example_dynamic_task_mapping_with_no_taskflow_operators.py for tasks to queue
[2025-02-14T14:50:16.066+0000] {logging_mixin.py:154} INFO - [2025-02-14T14:50:16.063+0000] {dagbag.py:536} INFO - Filling up the DagBag from /home/airflow/.local/lib/python3.8/site-packages/airflow/example_dags/example_dynamic_task_mapping_with_no_taskflow_operators.py
[2025-02-14T14:50:16.091+0000] {processor.py:839} INFO - DAG(s) dict_keys(['example_dynamic_task_mapping_with_no_taskflow_operators']) retrieved from /home/airflow/.local/lib/python3.8/site-packages/airflow/example_dags/example_dynamic_task_mapping_with_no_taskflow_operators.py
[2025-02-14T14:50:16.151+0000] {logging_mixin.py:154} INFO - [2025-02-14T14:50:16.151+0000] {dag.py:2941} INFO - Sync 1 DAGs
[2025-02-14T14:50:16.226+0000] {logging_mixin.py:154} INFO - [2025-02-14T14:50:16.226+0000] {dag.py:3722} INFO - Setting next_dagrun for example_dynamic_task_mapping_with_no_taskflow_operators to 2025-02-13T14:50:16.225017+00:00, run_after=2025-02-14T14:50:16.225017+00:00
[2025-02-14T14:50:16.388+0000] {processor.py:179} INFO - Processing /home/airflow/.local/lib/python3.8/site-packages/airflow/example_dags/example_dynamic_task_mapping_with_no_taskflow_operators.py took 0.355 seconds
[2025-02-14T14:50:47.096+0000] {processor.py:157} INFO - Started process (PID=6000) to work on /home/airflow/.local/lib/python3.8/site-packages/airflow/example_dags/example_dynamic_task_mapping_with_no_taskflow_operators.py
[2025-02-14T14:50:47.099+0000] {processor.py:829} INFO - Processing file /home/airflow/.local/lib/python3.8/site-packages/airflow/example_dags/example_dynamic_task_mapping_with_no_taskflow_operators.py for tasks to queue
[2025-02-14T14:50:47.101+0000] {logging_mixin.py:154} INFO - [2025-02-14T14:50:47.100+0000] {dagbag.py:536} INFO - Filling up the DagBag from /home/airflow/.local/lib/python3.8/site-packages/airflow/example_dags/example_dynamic_task_mapping_with_no_taskflow_operators.py
[2025-02-14T14:50:47.134+0000] {processor.py:839} INFO - DAG(s) dict_keys(['example_dynamic_task_mapping_with_no_taskflow_operators']) retrieved from /home/airflow/.local/lib/python3.8/site-packages/airflow/example_dags/example_dynamic_task_mapping_with_no_taskflow_operators.py
[2025-02-14T14:50:47.197+0000] {logging_mixin.py:154} INFO - [2025-02-14T14:50:47.196+0000] {dag.py:2941} INFO - Sync 1 DAGs
[2025-02-14T14:50:47.336+0000] {logging_mixin.py:154} INFO - [2025-02-14T14:50:47.333+0000] {dag.py:3722} INFO - Setting next_dagrun for example_dynamic_task_mapping_with_no_taskflow_operators to 2025-02-13T14:50:47.332830+00:00, run_after=2025-02-14T14:50:47.332830+00:00
[2025-02-14T14:50:47.480+0000] {processor.py:179} INFO - Processing /home/airflow/.local/lib/python3.8/site-packages/airflow/example_dags/example_dynamic_task_mapping_with_no_taskflow_operators.py took 0.395 seconds
[2025-02-14T14:51:18.515+0000] {processor.py:157} INFO - Started process (PID=6238) to work on /home/airflow/.local/lib/python3.8/site-packages/airflow/example_dags/example_dynamic_task_mapping_with_no_taskflow_operators.py
[2025-02-14T14:51:18.525+0000] {processor.py:829} INFO - Processing file /home/airflow/.local/lib/python3.8/site-packages/airflow/example_dags/example_dynamic_task_mapping_with_no_taskflow_operators.py for tasks to queue
[2025-02-14T14:51:18.540+0000] {logging_mixin.py:154} INFO - [2025-02-14T14:51:18.538+0000] {dagbag.py:536} INFO - Filling up the DagBag from /home/airflow/.local/lib/python3.8/site-packages/airflow/example_dags/example_dynamic_task_mapping_with_no_taskflow_operators.py
[2025-02-14T14:51:18.610+0000] {processor.py:839} INFO - DAG(s) dict_keys(['example_dynamic_task_mapping_with_no_taskflow_operators']) retrieved from /home/airflow/.local/lib/python3.8/site-packages/airflow/example_dags/example_dynamic_task_mapping_with_no_taskflow_operators.py
[2025-02-14T14:51:18.805+0000] {logging_mixin.py:154} INFO - [2025-02-14T14:51:18.804+0000] {dag.py:2941} INFO - Sync 1 DAGs
[2025-02-14T14:51:18.947+0000] {logging_mixin.py:154} INFO - [2025-02-14T14:51:18.947+0000] {dag.py:3722} INFO - Setting next_dagrun for example_dynamic_task_mapping_with_no_taskflow_operators to 2025-02-13T14:51:18.943168+00:00, run_after=2025-02-14T14:51:18.943168+00:00
[2025-02-14T14:51:19.043+0000] {processor.py:179} INFO - Processing /home/airflow/.local/lib/python3.8/site-packages/airflow/example_dags/example_dynamic_task_mapping_with_no_taskflow_operators.py took 0.577 seconds
[2025-02-14T14:51:49.400+0000] {processor.py:157} INFO - Started process (PID=6483) to work on /home/airflow/.local/lib/python3.8/site-packages/airflow/example_dags/example_dynamic_task_mapping_with_no_taskflow_operators.py
[2025-02-14T14:51:49.402+0000] {processor.py:829} INFO - Processing file /home/airflow/.local/lib/python3.8/site-packages/airflow/example_dags/example_dynamic_task_mapping_with_no_taskflow_operators.py for tasks to queue
[2025-02-14T14:51:49.404+0000] {logging_mixin.py:154} INFO - [2025-02-14T14:51:49.403+0000] {dagbag.py:536} INFO - Filling up the DagBag from /home/airflow/.local/lib/python3.8/site-packages/airflow/example_dags/example_dynamic_task_mapping_with_no_taskflow_operators.py
[2025-02-14T14:51:49.425+0000] {processor.py:839} INFO - DAG(s) dict_keys(['example_dynamic_task_mapping_with_no_taskflow_operators']) retrieved from /home/airflow/.local/lib/python3.8/site-packages/airflow/example_dags/example_dynamic_task_mapping_with_no_taskflow_operators.py
[2025-02-14T14:51:49.493+0000] {logging_mixin.py:154} INFO - [2025-02-14T14:51:49.492+0000] {dag.py:2941} INFO - Sync 1 DAGs
[2025-02-14T14:51:49.553+0000] {logging_mixin.py:154} INFO - [2025-02-14T14:51:49.553+0000] {dag.py:3722} INFO - Setting next_dagrun for example_dynamic_task_mapping_with_no_taskflow_operators to 2025-02-13T14:51:49.552721+00:00, run_after=2025-02-14T14:51:49.552721+00:00
[2025-02-14T14:51:49.607+0000] {processor.py:179} INFO - Processing /home/airflow/.local/lib/python3.8/site-packages/airflow/example_dags/example_dynamic_task_mapping_with_no_taskflow_operators.py took 0.216 seconds
[2025-02-14T14:52:20.141+0000] {processor.py:157} INFO - Started process (PID=6726) to work on /home/airflow/.local/lib/python3.8/site-packages/airflow/example_dags/example_dynamic_task_mapping_with_no_taskflow_operators.py
[2025-02-14T14:52:20.155+0000] {processor.py:829} INFO - Processing file /home/airflow/.local/lib/python3.8/site-packages/airflow/example_dags/example_dynamic_task_mapping_with_no_taskflow_operators.py for tasks to queue
[2025-02-14T14:52:20.164+0000] {logging_mixin.py:154} INFO - [2025-02-14T14:52:20.160+0000] {dagbag.py:536} INFO - Filling up the DagBag from /home/airflow/.local/lib/python3.8/site-packages/airflow/example_dags/example_dynamic_task_mapping_with_no_taskflow_operators.py
[2025-02-14T14:52:20.213+0000] {processor.py:839} INFO - DAG(s) dict_keys(['example_dynamic_task_mapping_with_no_taskflow_operators']) retrieved from /home/airflow/.local/lib/python3.8/site-packages/airflow/example_dags/example_dynamic_task_mapping_with_no_taskflow_operators.py
[2025-02-14T14:52:20.347+0000] {logging_mixin.py:154} INFO - [2025-02-14T14:52:20.342+0000] {dag.py:2941} INFO - Sync 1 DAGs
[2025-02-14T14:52:20.500+0000] {logging_mixin.py:154} INFO - [2025-02-14T14:52:20.499+0000] {dag.py:3722} INFO - Setting next_dagrun for example_dynamic_task_mapping_with_no_taskflow_operators to 2025-02-13T14:52:20.498869+00:00, run_after=2025-02-14T14:52:20.498869+00:00
[2025-02-14T14:52:20.573+0000] {processor.py:179} INFO - Processing /home/airflow/.local/lib/python3.8/site-packages/airflow/example_dags/example_dynamic_task_mapping_with_no_taskflow_operators.py took 0.468 seconds
[2025-02-14T14:52:50.725+0000] {processor.py:157} INFO - Started process (PID=6966) to work on /home/airflow/.local/lib/python3.8/site-packages/airflow/example_dags/example_dynamic_task_mapping_with_no_taskflow_operators.py
[2025-02-14T14:52:50.727+0000] {processor.py:829} INFO - Processing file /home/airflow/.local/lib/python3.8/site-packages/airflow/example_dags/example_dynamic_task_mapping_with_no_taskflow_operators.py for tasks to queue
[2025-02-14T14:52:50.729+0000] {logging_mixin.py:154} INFO - [2025-02-14T14:52:50.728+0000] {dagbag.py:536} INFO - Filling up the DagBag from /home/airflow/.local/lib/python3.8/site-packages/airflow/example_dags/example_dynamic_task_mapping_with_no_taskflow_operators.py
[2025-02-14T14:52:50.750+0000] {processor.py:839} INFO - DAG(s) dict_keys(['example_dynamic_task_mapping_with_no_taskflow_operators']) retrieved from /home/airflow/.local/lib/python3.8/site-packages/airflow/example_dags/example_dynamic_task_mapping_with_no_taskflow_operators.py
[2025-02-14T14:52:50.831+0000] {logging_mixin.py:154} INFO - [2025-02-14T14:52:50.830+0000] {dag.py:2941} INFO - Sync 1 DAGs
[2025-02-14T14:52:50.918+0000] {logging_mixin.py:154} INFO - [2025-02-14T14:52:50.916+0000] {dag.py:3722} INFO - Setting next_dagrun for example_dynamic_task_mapping_with_no_taskflow_operators to 2025-02-13T14:52:50.915554+00:00, run_after=2025-02-14T14:52:50.915554+00:00
[2025-02-14T14:52:50.970+0000] {processor.py:179} INFO - Processing /home/airflow/.local/lib/python3.8/site-packages/airflow/example_dags/example_dynamic_task_mapping_with_no_taskflow_operators.py took 0.258 seconds
[2025-02-14T14:53:21.130+0000] {processor.py:157} INFO - Started process (PID=7203) to work on /home/airflow/.local/lib/python3.8/site-packages/airflow/example_dags/example_dynamic_task_mapping_with_no_taskflow_operators.py
[2025-02-14T14:53:21.134+0000] {processor.py:829} INFO - Processing file /home/airflow/.local/lib/python3.8/site-packages/airflow/example_dags/example_dynamic_task_mapping_with_no_taskflow_operators.py for tasks to queue
[2025-02-14T14:53:21.137+0000] {logging_mixin.py:154} INFO - [2025-02-14T14:53:21.136+0000] {dagbag.py:536} INFO - Filling up the DagBag from /home/airflow/.local/lib/python3.8/site-packages/airflow/example_dags/example_dynamic_task_mapping_with_no_taskflow_operators.py
[2025-02-14T14:53:21.162+0000] {processor.py:839} INFO - DAG(s) dict_keys(['example_dynamic_task_mapping_with_no_taskflow_operators']) retrieved from /home/airflow/.local/lib/python3.8/site-packages/airflow/example_dags/example_dynamic_task_mapping_with_no_taskflow_operators.py
[2025-02-14T14:53:21.234+0000] {logging_mixin.py:154} INFO - [2025-02-14T14:53:21.234+0000] {dag.py:2941} INFO - Sync 1 DAGs
[2025-02-14T14:53:21.326+0000] {logging_mixin.py:154} INFO - [2025-02-14T14:53:21.325+0000] {dag.py:3722} INFO - Setting next_dagrun for example_dynamic_task_mapping_with_no_taskflow_operators to 2025-02-13T14:53:21.325093+00:00, run_after=2025-02-14T14:53:21.325093+00:00
[2025-02-14T14:53:21.403+0000] {processor.py:179} INFO - Processing /home/airflow/.local/lib/python3.8/site-packages/airflow/example_dags/example_dynamic_task_mapping_with_no_taskflow_operators.py took 0.295 seconds
[2025-02-14T14:53:51.545+0000] {processor.py:157} INFO - Started process (PID=7434) to work on /home/airflow/.local/lib/python3.8/site-packages/airflow/example_dags/example_dynamic_task_mapping_with_no_taskflow_operators.py
[2025-02-14T14:53:51.547+0000] {processor.py:829} INFO - Processing file /home/airflow/.local/lib/python3.8/site-packages/airflow/example_dags/example_dynamic_task_mapping_with_no_taskflow_operators.py for tasks to queue
[2025-02-14T14:53:51.552+0000] {logging_mixin.py:154} INFO - [2025-02-14T14:53:51.549+0000] {dagbag.py:536} INFO - Filling up the DagBag from /home/airflow/.local/lib/python3.8/site-packages/airflow/example_dags/example_dynamic_task_mapping_with_no_taskflow_operators.py
[2025-02-14T14:53:51.580+0000] {processor.py:839} INFO - DAG(s) dict_keys(['example_dynamic_task_mapping_with_no_taskflow_operators']) retrieved from /home/airflow/.local/lib/python3.8/site-packages/airflow/example_dags/example_dynamic_task_mapping_with_no_taskflow_operators.py
[2025-02-14T14:53:51.647+0000] {logging_mixin.py:154} INFO - [2025-02-14T14:53:51.646+0000] {dag.py:2941} INFO - Sync 1 DAGs
[2025-02-14T14:53:51.730+0000] {logging_mixin.py:154} INFO - [2025-02-14T14:53:51.730+0000] {dag.py:3722} INFO - Setting next_dagrun for example_dynamic_task_mapping_with_no_taskflow_operators to 2025-02-13T14:53:51.729300+00:00, run_after=2025-02-14T14:53:51.729300+00:00
[2025-02-14T14:53:51.783+0000] {processor.py:179} INFO - Processing /home/airflow/.local/lib/python3.8/site-packages/airflow/example_dags/example_dynamic_task_mapping_with_no_taskflow_operators.py took 0.251 seconds
