[2025-02-14T14:38:25.562+0000] {processor.py:157} INFO - Started process (PID=282) to work on /home/airflow/.local/lib/python3.8/site-packages/airflow/example_dags/example_skip_dag.py
[2025-02-14T14:38:25.563+0000] {processor.py:829} INFO - Processing file /home/airflow/.local/lib/python3.8/site-packages/airflow/example_dags/example_skip_dag.py for tasks to queue
[2025-02-14T14:38:25.564+0000] {logging_mixin.py:154} INFO - [2025-02-14T14:38:25.563+0000] {dagbag.py:536} INFO - Filling up the DagBag from /home/airflow/.local/lib/python3.8/site-packages/airflow/example_dags/example_skip_dag.py
[2025-02-14T14:38:25.578+0000] {processor.py:839} INFO - DAG(s) dict_keys(['example_skip_dag']) retrieved from /home/airflow/.local/lib/python3.8/site-packages/airflow/example_dags/example_skip_dag.py
[2025-02-14T14:38:25.685+0000] {logging_mixin.py:154} INFO - [2025-02-14T14:38:25.685+0000] {manager.py:499} INFO - Created Permission View: %s
[2025-02-14T14:38:25.692+0000] {logging_mixin.py:154} INFO - [2025-02-14T14:38:25.692+0000] {manager.py:499} INFO - Created Permission View: %s
[2025-02-14T14:38:25.697+0000] {logging_mixin.py:154} INFO - [2025-02-14T14:38:25.697+0000] {manager.py:499} INFO - Created Permission View: %s
[2025-02-14T14:38:25.697+0000] {logging_mixin.py:154} INFO - [2025-02-14T14:38:25.697+0000] {dag.py:2941} INFO - Sync 1 DAGs
[2025-02-14T14:38:25.705+0000] {logging_mixin.py:154} INFO - [2025-02-14T14:38:25.705+0000] {dag.py:2963} INFO - Creating ORM DAG for example_skip_dag
[2025-02-14T14:38:25.714+0000] {logging_mixin.py:154} INFO - [2025-02-14T14:38:25.714+0000] {dag.py:3722} INFO - Setting next_dagrun for example_skip_dag to 2025-02-13T14:38:25.714098+00:00, run_after=2025-02-14T14:38:25.714098+00:00
[2025-02-14T14:38:25.727+0000] {processor.py:179} INFO - Processing /home/airflow/.local/lib/python3.8/site-packages/airflow/example_dags/example_skip_dag.py took 0.169 seconds
[2025-02-14T14:38:57.445+0000] {processor.py:157} INFO - Started process (PID=520) to work on /home/airflow/.local/lib/python3.8/site-packages/airflow/example_dags/example_skip_dag.py
[2025-02-14T14:38:57.449+0000] {processor.py:829} INFO - Processing file /home/airflow/.local/lib/python3.8/site-packages/airflow/example_dags/example_skip_dag.py for tasks to queue
[2025-02-14T14:38:57.451+0000] {logging_mixin.py:154} INFO - [2025-02-14T14:38:57.450+0000] {dagbag.py:536} INFO - Filling up the DagBag from /home/airflow/.local/lib/python3.8/site-packages/airflow/example_dags/example_skip_dag.py
[2025-02-14T14:38:57.476+0000] {processor.py:839} INFO - DAG(s) dict_keys(['example_skip_dag']) retrieved from /home/airflow/.local/lib/python3.8/site-packages/airflow/example_dags/example_skip_dag.py
[2025-02-14T14:38:57.564+0000] {logging_mixin.py:154} INFO - [2025-02-14T14:38:57.563+0000] {dag.py:2941} INFO - Sync 1 DAGs
[2025-02-14T14:38:57.647+0000] {logging_mixin.py:154} INFO - [2025-02-14T14:38:57.645+0000] {dag.py:3722} INFO - Setting next_dagrun for example_skip_dag to 2025-02-13T14:38:57.645070+00:00, run_after=2025-02-14T14:38:57.645070+00:00
[2025-02-14T14:38:57.705+0000] {processor.py:179} INFO - Processing /home/airflow/.local/lib/python3.8/site-packages/airflow/example_dags/example_skip_dag.py took 0.270 seconds
[2025-02-14T14:39:28.015+0000] {processor.py:157} INFO - Started process (PID=760) to work on /home/airflow/.local/lib/python3.8/site-packages/airflow/example_dags/example_skip_dag.py
[2025-02-14T14:39:28.020+0000] {processor.py:829} INFO - Processing file /home/airflow/.local/lib/python3.8/site-packages/airflow/example_dags/example_skip_dag.py for tasks to queue
[2025-02-14T14:39:28.022+0000] {logging_mixin.py:154} INFO - [2025-02-14T14:39:28.021+0000] {dagbag.py:536} INFO - Filling up the DagBag from /home/airflow/.local/lib/python3.8/site-packages/airflow/example_dags/example_skip_dag.py
[2025-02-14T14:39:28.048+0000] {processor.py:839} INFO - DAG(s) dict_keys(['example_skip_dag']) retrieved from /home/airflow/.local/lib/python3.8/site-packages/airflow/example_dags/example_skip_dag.py
[2025-02-14T14:39:28.142+0000] {logging_mixin.py:154} INFO - [2025-02-14T14:39:28.141+0000] {dag.py:2941} INFO - Sync 1 DAGs
[2025-02-14T14:39:28.210+0000] {logging_mixin.py:154} INFO - [2025-02-14T14:39:28.209+0000] {dag.py:3722} INFO - Setting next_dagrun for example_skip_dag to 2025-02-13T14:39:28.208603+00:00, run_after=2025-02-14T14:39:28.208603+00:00
[2025-02-14T14:39:28.262+0000] {processor.py:179} INFO - Processing /home/airflow/.local/lib/python3.8/site-packages/airflow/example_dags/example_skip_dag.py took 0.258 seconds
[2025-02-14T14:39:58.917+0000] {processor.py:157} INFO - Started process (PID=998) to work on /home/airflow/.local/lib/python3.8/site-packages/airflow/example_dags/example_skip_dag.py
[2025-02-14T14:39:58.920+0000] {processor.py:829} INFO - Processing file /home/airflow/.local/lib/python3.8/site-packages/airflow/example_dags/example_skip_dag.py for tasks to queue
[2025-02-14T14:39:58.923+0000] {logging_mixin.py:154} INFO - [2025-02-14T14:39:58.922+0000] {dagbag.py:536} INFO - Filling up the DagBag from /home/airflow/.local/lib/python3.8/site-packages/airflow/example_dags/example_skip_dag.py
[2025-02-14T14:39:58.945+0000] {processor.py:839} INFO - DAG(s) dict_keys(['example_skip_dag']) retrieved from /home/airflow/.local/lib/python3.8/site-packages/airflow/example_dags/example_skip_dag.py
[2025-02-14T14:39:59.021+0000] {logging_mixin.py:154} INFO - [2025-02-14T14:39:59.020+0000] {dag.py:2941} INFO - Sync 1 DAGs
[2025-02-14T14:39:59.084+0000] {logging_mixin.py:154} INFO - [2025-02-14T14:39:59.084+0000] {dag.py:3722} INFO - Setting next_dagrun for example_skip_dag to 2025-02-13T14:39:59.083326+00:00, run_after=2025-02-14T14:39:59.083326+00:00
[2025-02-14T14:39:59.139+0000] {processor.py:179} INFO - Processing /home/airflow/.local/lib/python3.8/site-packages/airflow/example_dags/example_skip_dag.py took 0.235 seconds
[2025-02-14T14:40:29.309+0000] {processor.py:157} INFO - Started process (PID=1236) to work on /home/airflow/.local/lib/python3.8/site-packages/airflow/example_dags/example_skip_dag.py
[2025-02-14T14:40:29.312+0000] {processor.py:829} INFO - Processing file /home/airflow/.local/lib/python3.8/site-packages/airflow/example_dags/example_skip_dag.py for tasks to queue
[2025-02-14T14:40:29.314+0000] {logging_mixin.py:154} INFO - [2025-02-14T14:40:29.313+0000] {dagbag.py:536} INFO - Filling up the DagBag from /home/airflow/.local/lib/python3.8/site-packages/airflow/example_dags/example_skip_dag.py
[2025-02-14T14:40:29.338+0000] {processor.py:839} INFO - DAG(s) dict_keys(['example_skip_dag']) retrieved from /home/airflow/.local/lib/python3.8/site-packages/airflow/example_dags/example_skip_dag.py
[2025-02-14T14:40:29.409+0000] {logging_mixin.py:154} INFO - [2025-02-14T14:40:29.408+0000] {dag.py:2941} INFO - Sync 1 DAGs
[2025-02-14T14:40:29.473+0000] {logging_mixin.py:154} INFO - [2025-02-14T14:40:29.472+0000] {dag.py:3722} INFO - Setting next_dagrun for example_skip_dag to 2025-02-13T14:40:29.471721+00:00, run_after=2025-02-14T14:40:29.471721+00:00
[2025-02-14T14:40:29.521+0000] {processor.py:179} INFO - Processing /home/airflow/.local/lib/python3.8/site-packages/airflow/example_dags/example_skip_dag.py took 0.225 seconds
[2025-02-14T14:41:00.278+0000] {processor.py:157} INFO - Started process (PID=1472) to work on /home/airflow/.local/lib/python3.8/site-packages/airflow/example_dags/example_skip_dag.py
[2025-02-14T14:41:00.282+0000] {processor.py:829} INFO - Processing file /home/airflow/.local/lib/python3.8/site-packages/airflow/example_dags/example_skip_dag.py for tasks to queue
[2025-02-14T14:41:00.287+0000] {logging_mixin.py:154} INFO - [2025-02-14T14:41:00.286+0000] {dagbag.py:536} INFO - Filling up the DagBag from /home/airflow/.local/lib/python3.8/site-packages/airflow/example_dags/example_skip_dag.py
[2025-02-14T14:41:00.324+0000] {processor.py:839} INFO - DAG(s) dict_keys(['example_skip_dag']) retrieved from /home/airflow/.local/lib/python3.8/site-packages/airflow/example_dags/example_skip_dag.py
[2025-02-14T14:41:00.397+0000] {logging_mixin.py:154} INFO - [2025-02-14T14:41:00.397+0000] {dag.py:2941} INFO - Sync 1 DAGs
[2025-02-14T14:41:00.494+0000] {logging_mixin.py:154} INFO - [2025-02-14T14:41:00.493+0000] {dag.py:3722} INFO - Setting next_dagrun for example_skip_dag to 2025-02-13T14:41:00.492789+00:00, run_after=2025-02-14T14:41:00.492789+00:00
[2025-02-14T14:41:00.569+0000] {processor.py:179} INFO - Processing /home/airflow/.local/lib/python3.8/site-packages/airflow/example_dags/example_skip_dag.py took 0.306 seconds
[2025-02-14T14:41:31.366+0000] {processor.py:157} INFO - Started process (PID=1709) to work on /home/airflow/.local/lib/python3.8/site-packages/airflow/example_dags/example_skip_dag.py
[2025-02-14T14:41:31.369+0000] {processor.py:829} INFO - Processing file /home/airflow/.local/lib/python3.8/site-packages/airflow/example_dags/example_skip_dag.py for tasks to queue
[2025-02-14T14:41:31.371+0000] {logging_mixin.py:154} INFO - [2025-02-14T14:41:31.370+0000] {dagbag.py:536} INFO - Filling up the DagBag from /home/airflow/.local/lib/python3.8/site-packages/airflow/example_dags/example_skip_dag.py
[2025-02-14T14:41:31.393+0000] {processor.py:839} INFO - DAG(s) dict_keys(['example_skip_dag']) retrieved from /home/airflow/.local/lib/python3.8/site-packages/airflow/example_dags/example_skip_dag.py
[2025-02-14T14:41:31.475+0000] {logging_mixin.py:154} INFO - [2025-02-14T14:41:31.474+0000] {dag.py:2941} INFO - Sync 1 DAGs
[2025-02-14T14:41:31.543+0000] {logging_mixin.py:154} INFO - [2025-02-14T14:41:31.543+0000] {dag.py:3722} INFO - Setting next_dagrun for example_skip_dag to 2025-02-13T14:41:31.542166+00:00, run_after=2025-02-14T14:41:31.542166+00:00
[2025-02-14T14:41:31.594+0000] {processor.py:179} INFO - Processing /home/airflow/.local/lib/python3.8/site-packages/airflow/example_dags/example_skip_dag.py took 0.238 seconds
[2025-02-14T14:42:01.946+0000] {processor.py:157} INFO - Started process (PID=1949) to work on /home/airflow/.local/lib/python3.8/site-packages/airflow/example_dags/example_skip_dag.py
[2025-02-14T14:42:01.950+0000] {processor.py:829} INFO - Processing file /home/airflow/.local/lib/python3.8/site-packages/airflow/example_dags/example_skip_dag.py for tasks to queue
[2025-02-14T14:42:01.952+0000] {logging_mixin.py:154} INFO - [2025-02-14T14:42:01.951+0000] {dagbag.py:536} INFO - Filling up the DagBag from /home/airflow/.local/lib/python3.8/site-packages/airflow/example_dags/example_skip_dag.py
[2025-02-14T14:42:01.974+0000] {processor.py:839} INFO - DAG(s) dict_keys(['example_skip_dag']) retrieved from /home/airflow/.local/lib/python3.8/site-packages/airflow/example_dags/example_skip_dag.py
[2025-02-14T14:42:02.055+0000] {logging_mixin.py:154} INFO - [2025-02-14T14:42:02.054+0000] {dag.py:2941} INFO - Sync 1 DAGs
[2025-02-14T14:42:02.121+0000] {logging_mixin.py:154} INFO - [2025-02-14T14:42:02.121+0000] {dag.py:3722} INFO - Setting next_dagrun for example_skip_dag to 2025-02-13T14:42:02.120400+00:00, run_after=2025-02-14T14:42:02.120400+00:00
[2025-02-14T14:42:02.175+0000] {processor.py:179} INFO - Processing /home/airflow/.local/lib/python3.8/site-packages/airflow/example_dags/example_skip_dag.py took 0.241 seconds
[2025-02-14T14:42:34.215+0000] {processor.py:157} INFO - Started process (PID=2185) to work on /home/airflow/.local/lib/python3.8/site-packages/airflow/example_dags/example_skip_dag.py
[2025-02-14T14:42:34.218+0000] {processor.py:829} INFO - Processing file /home/airflow/.local/lib/python3.8/site-packages/airflow/example_dags/example_skip_dag.py for tasks to queue
[2025-02-14T14:42:34.221+0000] {logging_mixin.py:154} INFO - [2025-02-14T14:42:34.220+0000] {dagbag.py:536} INFO - Filling up the DagBag from /home/airflow/.local/lib/python3.8/site-packages/airflow/example_dags/example_skip_dag.py
[2025-02-14T14:42:34.243+0000] {processor.py:839} INFO - DAG(s) dict_keys(['example_skip_dag']) retrieved from /home/airflow/.local/lib/python3.8/site-packages/airflow/example_dags/example_skip_dag.py
[2025-02-14T14:42:34.314+0000] {logging_mixin.py:154} INFO - [2025-02-14T14:42:34.314+0000] {dag.py:2941} INFO - Sync 1 DAGs
[2025-02-14T14:42:34.381+0000] {logging_mixin.py:154} INFO - [2025-02-14T14:42:34.381+0000] {dag.py:3722} INFO - Setting next_dagrun for example_skip_dag to 2025-02-13T14:42:34.380508+00:00, run_after=2025-02-14T14:42:34.380508+00:00
[2025-02-14T14:42:34.437+0000] {processor.py:179} INFO - Processing /home/airflow/.local/lib/python3.8/site-packages/airflow/example_dags/example_skip_dag.py took 0.244 seconds
[2025-02-14T14:43:05.682+0000] {processor.py:157} INFO - Started process (PID=2425) to work on /home/airflow/.local/lib/python3.8/site-packages/airflow/example_dags/example_skip_dag.py
[2025-02-14T14:43:05.685+0000] {processor.py:829} INFO - Processing file /home/airflow/.local/lib/python3.8/site-packages/airflow/example_dags/example_skip_dag.py for tasks to queue
[2025-02-14T14:43:05.687+0000] {logging_mixin.py:154} INFO - [2025-02-14T14:43:05.686+0000] {dagbag.py:536} INFO - Filling up the DagBag from /home/airflow/.local/lib/python3.8/site-packages/airflow/example_dags/example_skip_dag.py
[2025-02-14T14:43:05.710+0000] {processor.py:839} INFO - DAG(s) dict_keys(['example_skip_dag']) retrieved from /home/airflow/.local/lib/python3.8/site-packages/airflow/example_dags/example_skip_dag.py
[2025-02-14T14:43:05.820+0000] {logging_mixin.py:154} INFO - [2025-02-14T14:43:05.820+0000] {dag.py:2941} INFO - Sync 1 DAGs
[2025-02-14T14:43:05.912+0000] {logging_mixin.py:154} INFO - [2025-02-14T14:43:05.911+0000] {dag.py:3722} INFO - Setting next_dagrun for example_skip_dag to 2025-02-13T14:43:05.911147+00:00, run_after=2025-02-14T14:43:05.911147+00:00
[2025-02-14T14:43:05.971+0000] {processor.py:179} INFO - Processing /home/airflow/.local/lib/python3.8/site-packages/airflow/example_dags/example_skip_dag.py took 0.298 seconds
[2025-02-14T14:43:36.157+0000] {processor.py:157} INFO - Started process (PID=2661) to work on /home/airflow/.local/lib/python3.8/site-packages/airflow/example_dags/example_skip_dag.py
[2025-02-14T14:43:36.159+0000] {processor.py:829} INFO - Processing file /home/airflow/.local/lib/python3.8/site-packages/airflow/example_dags/example_skip_dag.py for tasks to queue
[2025-02-14T14:43:36.161+0000] {logging_mixin.py:154} INFO - [2025-02-14T14:43:36.160+0000] {dagbag.py:536} INFO - Filling up the DagBag from /home/airflow/.local/lib/python3.8/site-packages/airflow/example_dags/example_skip_dag.py
[2025-02-14T14:43:36.199+0000] {processor.py:839} INFO - DAG(s) dict_keys(['example_skip_dag']) retrieved from /home/airflow/.local/lib/python3.8/site-packages/airflow/example_dags/example_skip_dag.py
[2025-02-14T14:43:36.269+0000] {logging_mixin.py:154} INFO - [2025-02-14T14:43:36.268+0000] {dag.py:2941} INFO - Sync 1 DAGs
[2025-02-14T14:43:36.350+0000] {logging_mixin.py:154} INFO - [2025-02-14T14:43:36.350+0000] {dag.py:3722} INFO - Setting next_dagrun for example_skip_dag to 2025-02-13T14:43:36.349727+00:00, run_after=2025-02-14T14:43:36.349727+00:00
[2025-02-14T14:43:36.447+0000] {processor.py:179} INFO - Processing /home/airflow/.local/lib/python3.8/site-packages/airflow/example_dags/example_skip_dag.py took 0.301 seconds
[2025-02-14T14:44:07.045+0000] {processor.py:157} INFO - Started process (PID=2900) to work on /home/airflow/.local/lib/python3.8/site-packages/airflow/example_dags/example_skip_dag.py
[2025-02-14T14:44:07.048+0000] {processor.py:829} INFO - Processing file /home/airflow/.local/lib/python3.8/site-packages/airflow/example_dags/example_skip_dag.py for tasks to queue
[2025-02-14T14:44:07.051+0000] {logging_mixin.py:154} INFO - [2025-02-14T14:44:07.050+0000] {dagbag.py:536} INFO - Filling up the DagBag from /home/airflow/.local/lib/python3.8/site-packages/airflow/example_dags/example_skip_dag.py
[2025-02-14T14:44:07.075+0000] {processor.py:839} INFO - DAG(s) dict_keys(['example_skip_dag']) retrieved from /home/airflow/.local/lib/python3.8/site-packages/airflow/example_dags/example_skip_dag.py
[2025-02-14T14:44:07.168+0000] {logging_mixin.py:154} INFO - [2025-02-14T14:44:07.168+0000] {dag.py:2941} INFO - Sync 1 DAGs
[2025-02-14T14:44:07.238+0000] {logging_mixin.py:154} INFO - [2025-02-14T14:44:07.237+0000] {dag.py:3722} INFO - Setting next_dagrun for example_skip_dag to 2025-02-13T14:44:07.237048+00:00, run_after=2025-02-14T14:44:07.237048+00:00
[2025-02-14T14:44:07.307+0000] {processor.py:179} INFO - Processing /home/airflow/.local/lib/python3.8/site-packages/airflow/example_dags/example_skip_dag.py took 0.271 seconds
[2025-02-14T14:44:37.596+0000] {processor.py:157} INFO - Started process (PID=3153) to work on /home/airflow/.local/lib/python3.8/site-packages/airflow/example_dags/example_skip_dag.py
[2025-02-14T14:44:37.598+0000] {processor.py:829} INFO - Processing file /home/airflow/.local/lib/python3.8/site-packages/airflow/example_dags/example_skip_dag.py for tasks to queue
[2025-02-14T14:44:37.601+0000] {logging_mixin.py:154} INFO - [2025-02-14T14:44:37.599+0000] {dagbag.py:536} INFO - Filling up the DagBag from /home/airflow/.local/lib/python3.8/site-packages/airflow/example_dags/example_skip_dag.py
[2025-02-14T14:44:37.623+0000] {processor.py:839} INFO - DAG(s) dict_keys(['example_skip_dag']) retrieved from /home/airflow/.local/lib/python3.8/site-packages/airflow/example_dags/example_skip_dag.py
[2025-02-14T14:44:37.691+0000] {logging_mixin.py:154} INFO - [2025-02-14T14:44:37.690+0000] {dag.py:2941} INFO - Sync 1 DAGs
[2025-02-14T14:44:37.763+0000] {logging_mixin.py:154} INFO - [2025-02-14T14:44:37.762+0000] {dag.py:3722} INFO - Setting next_dagrun for example_skip_dag to 2025-02-13T14:44:37.762006+00:00, run_after=2025-02-14T14:44:37.762006+00:00
[2025-02-14T14:44:37.823+0000] {processor.py:179} INFO - Processing /home/airflow/.local/lib/python3.8/site-packages/airflow/example_dags/example_skip_dag.py took 0.238 seconds
[2025-02-14T14:45:08.057+0000] {processor.py:157} INFO - Started process (PID=3407) to work on /home/airflow/.local/lib/python3.8/site-packages/airflow/example_dags/example_skip_dag.py
[2025-02-14T14:45:08.064+0000] {processor.py:829} INFO - Processing file /home/airflow/.local/lib/python3.8/site-packages/airflow/example_dags/example_skip_dag.py for tasks to queue
[2025-02-14T14:45:08.069+0000] {logging_mixin.py:154} INFO - [2025-02-14T14:45:08.067+0000] {dagbag.py:536} INFO - Filling up the DagBag from /home/airflow/.local/lib/python3.8/site-packages/airflow/example_dags/example_skip_dag.py
[2025-02-14T14:45:08.090+0000] {processor.py:839} INFO - DAG(s) dict_keys(['example_skip_dag']) retrieved from /home/airflow/.local/lib/python3.8/site-packages/airflow/example_dags/example_skip_dag.py
[2025-02-14T14:45:08.164+0000] {logging_mixin.py:154} INFO - [2025-02-14T14:45:08.164+0000] {dag.py:2941} INFO - Sync 1 DAGs
[2025-02-14T14:45:08.244+0000] {logging_mixin.py:154} INFO - [2025-02-14T14:45:08.243+0000] {dag.py:3722} INFO - Setting next_dagrun for example_skip_dag to 2025-02-13T14:45:08.241977+00:00, run_after=2025-02-14T14:45:08.241977+00:00
[2025-02-14T14:45:08.297+0000] {processor.py:179} INFO - Processing /home/airflow/.local/lib/python3.8/site-packages/airflow/example_dags/example_skip_dag.py took 0.252 seconds
[2025-02-14T14:45:39.235+0000] {processor.py:157} INFO - Started process (PID=3645) to work on /home/airflow/.local/lib/python3.8/site-packages/airflow/example_dags/example_skip_dag.py
[2025-02-14T14:45:39.237+0000] {processor.py:829} INFO - Processing file /home/airflow/.local/lib/python3.8/site-packages/airflow/example_dags/example_skip_dag.py for tasks to queue
[2025-02-14T14:45:39.239+0000] {logging_mixin.py:154} INFO - [2025-02-14T14:45:39.238+0000] {dagbag.py:536} INFO - Filling up the DagBag from /home/airflow/.local/lib/python3.8/site-packages/airflow/example_dags/example_skip_dag.py
[2025-02-14T14:45:39.262+0000] {processor.py:839} INFO - DAG(s) dict_keys(['example_skip_dag']) retrieved from /home/airflow/.local/lib/python3.8/site-packages/airflow/example_dags/example_skip_dag.py
[2025-02-14T14:45:39.346+0000] {logging_mixin.py:154} INFO - [2025-02-14T14:45:39.343+0000] {dag.py:2941} INFO - Sync 1 DAGs
[2025-02-14T14:45:39.412+0000] {logging_mixin.py:154} INFO - [2025-02-14T14:45:39.412+0000] {dag.py:3722} INFO - Setting next_dagrun for example_skip_dag to 2025-02-13T14:45:39.411406+00:00, run_after=2025-02-14T14:45:39.411406+00:00
[2025-02-14T14:45:39.476+0000] {processor.py:179} INFO - Processing /home/airflow/.local/lib/python3.8/site-packages/airflow/example_dags/example_skip_dag.py took 0.251 seconds
[2025-02-14T14:46:10.338+0000] {processor.py:157} INFO - Started process (PID=3883) to work on /home/airflow/.local/lib/python3.8/site-packages/airflow/example_dags/example_skip_dag.py
[2025-02-14T14:46:10.348+0000] {processor.py:829} INFO - Processing file /home/airflow/.local/lib/python3.8/site-packages/airflow/example_dags/example_skip_dag.py for tasks to queue
[2025-02-14T14:46:10.355+0000] {logging_mixin.py:154} INFO - [2025-02-14T14:46:10.354+0000] {dagbag.py:536} INFO - Filling up the DagBag from /home/airflow/.local/lib/python3.8/site-packages/airflow/example_dags/example_skip_dag.py
[2025-02-14T14:46:10.389+0000] {processor.py:839} INFO - DAG(s) dict_keys(['example_skip_dag']) retrieved from /home/airflow/.local/lib/python3.8/site-packages/airflow/example_dags/example_skip_dag.py
[2025-02-14T14:46:10.469+0000] {logging_mixin.py:154} INFO - [2025-02-14T14:46:10.468+0000] {dag.py:2941} INFO - Sync 1 DAGs
[2025-02-14T14:46:10.542+0000] {logging_mixin.py:154} INFO - [2025-02-14T14:46:10.542+0000] {dag.py:3722} INFO - Setting next_dagrun for example_skip_dag to 2025-02-13T14:46:10.541486+00:00, run_after=2025-02-14T14:46:10.541486+00:00
[2025-02-14T14:46:10.588+0000] {processor.py:179} INFO - Processing /home/airflow/.local/lib/python3.8/site-packages/airflow/example_dags/example_skip_dag.py took 0.273 seconds
[2025-02-14T14:46:41.634+0000] {processor.py:157} INFO - Started process (PID=4120) to work on /home/airflow/.local/lib/python3.8/site-packages/airflow/example_dags/example_skip_dag.py
[2025-02-14T14:46:41.636+0000] {processor.py:829} INFO - Processing file /home/airflow/.local/lib/python3.8/site-packages/airflow/example_dags/example_skip_dag.py for tasks to queue
[2025-02-14T14:46:41.639+0000] {logging_mixin.py:154} INFO - [2025-02-14T14:46:41.638+0000] {dagbag.py:536} INFO - Filling up the DagBag from /home/airflow/.local/lib/python3.8/site-packages/airflow/example_dags/example_skip_dag.py
[2025-02-14T14:46:41.664+0000] {processor.py:839} INFO - DAG(s) dict_keys(['example_skip_dag']) retrieved from /home/airflow/.local/lib/python3.8/site-packages/airflow/example_dags/example_skip_dag.py
[2025-02-14T14:46:41.730+0000] {logging_mixin.py:154} INFO - [2025-02-14T14:46:41.729+0000] {dag.py:2941} INFO - Sync 1 DAGs
[2025-02-14T14:46:41.793+0000] {logging_mixin.py:154} INFO - [2025-02-14T14:46:41.793+0000] {dag.py:3722} INFO - Setting next_dagrun for example_skip_dag to 2025-02-13T14:46:41.792605+00:00, run_after=2025-02-14T14:46:41.792605+00:00
[2025-02-14T14:46:41.855+0000] {processor.py:179} INFO - Processing /home/airflow/.local/lib/python3.8/site-packages/airflow/example_dags/example_skip_dag.py took 0.235 seconds
[2025-02-14T14:47:12.273+0000] {processor.py:157} INFO - Started process (PID=4358) to work on /home/airflow/.local/lib/python3.8/site-packages/airflow/example_dags/example_skip_dag.py
[2025-02-14T14:47:12.276+0000] {processor.py:829} INFO - Processing file /home/airflow/.local/lib/python3.8/site-packages/airflow/example_dags/example_skip_dag.py for tasks to queue
[2025-02-14T14:47:12.280+0000] {logging_mixin.py:154} INFO - [2025-02-14T14:47:12.280+0000] {dagbag.py:536} INFO - Filling up the DagBag from /home/airflow/.local/lib/python3.8/site-packages/airflow/example_dags/example_skip_dag.py
[2025-02-14T14:47:12.306+0000] {processor.py:839} INFO - DAG(s) dict_keys(['example_skip_dag']) retrieved from /home/airflow/.local/lib/python3.8/site-packages/airflow/example_dags/example_skip_dag.py
[2025-02-14T14:47:12.378+0000] {logging_mixin.py:154} INFO - [2025-02-14T14:47:12.377+0000] {dag.py:2941} INFO - Sync 1 DAGs
[2025-02-14T14:47:12.448+0000] {logging_mixin.py:154} INFO - [2025-02-14T14:47:12.448+0000] {dag.py:3722} INFO - Setting next_dagrun for example_skip_dag to 2025-02-13T14:47:12.447565+00:00, run_after=2025-02-14T14:47:12.447565+00:00
[2025-02-14T14:47:12.519+0000] {processor.py:179} INFO - Processing /home/airflow/.local/lib/python3.8/site-packages/airflow/example_dags/example_skip_dag.py took 0.264 seconds
[2025-02-14T14:47:43.135+0000] {processor.py:157} INFO - Started process (PID=4591) to work on /home/airflow/.local/lib/python3.8/site-packages/airflow/example_dags/example_skip_dag.py
[2025-02-14T14:47:43.138+0000] {processor.py:829} INFO - Processing file /home/airflow/.local/lib/python3.8/site-packages/airflow/example_dags/example_skip_dag.py for tasks to queue
[2025-02-14T14:47:43.140+0000] {logging_mixin.py:154} INFO - [2025-02-14T14:47:43.139+0000] {dagbag.py:536} INFO - Filling up the DagBag from /home/airflow/.local/lib/python3.8/site-packages/airflow/example_dags/example_skip_dag.py
[2025-02-14T14:47:43.162+0000] {processor.py:839} INFO - DAG(s) dict_keys(['example_skip_dag']) retrieved from /home/airflow/.local/lib/python3.8/site-packages/airflow/example_dags/example_skip_dag.py
[2025-02-14T14:47:43.225+0000] {logging_mixin.py:154} INFO - [2025-02-14T14:47:43.224+0000] {dag.py:2941} INFO - Sync 1 DAGs
[2025-02-14T14:47:43.283+0000] {logging_mixin.py:154} INFO - [2025-02-14T14:47:43.282+0000] {dag.py:3722} INFO - Setting next_dagrun for example_skip_dag to 2025-02-13T14:47:43.282244+00:00, run_after=2025-02-14T14:47:43.282244+00:00
[2025-02-14T14:47:43.347+0000] {processor.py:179} INFO - Processing /home/airflow/.local/lib/python3.8/site-packages/airflow/example_dags/example_skip_dag.py took 0.222 seconds
[2025-02-14T14:48:14.163+0000] {processor.py:157} INFO - Started process (PID=4835) to work on /home/airflow/.local/lib/python3.8/site-packages/airflow/example_dags/example_skip_dag.py
[2025-02-14T14:48:14.166+0000] {processor.py:829} INFO - Processing file /home/airflow/.local/lib/python3.8/site-packages/airflow/example_dags/example_skip_dag.py for tasks to queue
[2025-02-14T14:48:14.168+0000] {logging_mixin.py:154} INFO - [2025-02-14T14:48:14.167+0000] {dagbag.py:536} INFO - Filling up the DagBag from /home/airflow/.local/lib/python3.8/site-packages/airflow/example_dags/example_skip_dag.py
[2025-02-14T14:48:14.190+0000] {processor.py:839} INFO - DAG(s) dict_keys(['example_skip_dag']) retrieved from /home/airflow/.local/lib/python3.8/site-packages/airflow/example_dags/example_skip_dag.py
[2025-02-14T14:48:14.265+0000] {logging_mixin.py:154} INFO - [2025-02-14T14:48:14.265+0000] {dag.py:2941} INFO - Sync 1 DAGs
[2025-02-14T14:48:14.330+0000] {logging_mixin.py:154} INFO - [2025-02-14T14:48:14.329+0000] {dag.py:3722} INFO - Setting next_dagrun for example_skip_dag to 2025-02-13T14:48:14.329208+00:00, run_after=2025-02-14T14:48:14.329208+00:00
[2025-02-14T14:48:14.386+0000] {processor.py:179} INFO - Processing /home/airflow/.local/lib/python3.8/site-packages/airflow/example_dags/example_skip_dag.py took 0.233 seconds
[2025-02-14T14:48:44.763+0000] {processor.py:157} INFO - Started process (PID=5071) to work on /home/airflow/.local/lib/python3.8/site-packages/airflow/example_dags/example_skip_dag.py
[2025-02-14T14:48:44.765+0000] {processor.py:829} INFO - Processing file /home/airflow/.local/lib/python3.8/site-packages/airflow/example_dags/example_skip_dag.py for tasks to queue
[2025-02-14T14:48:44.767+0000] {logging_mixin.py:154} INFO - [2025-02-14T14:48:44.766+0000] {dagbag.py:536} INFO - Filling up the DagBag from /home/airflow/.local/lib/python3.8/site-packages/airflow/example_dags/example_skip_dag.py
[2025-02-14T14:48:44.785+0000] {processor.py:839} INFO - DAG(s) dict_keys(['example_skip_dag']) retrieved from /home/airflow/.local/lib/python3.8/site-packages/airflow/example_dags/example_skip_dag.py
[2025-02-14T14:48:44.838+0000] {logging_mixin.py:154} INFO - [2025-02-14T14:48:44.837+0000] {dag.py:2941} INFO - Sync 1 DAGs
[2025-02-14T14:48:44.900+0000] {logging_mixin.py:154} INFO - [2025-02-14T14:48:44.900+0000] {dag.py:3722} INFO - Setting next_dagrun for example_skip_dag to 2025-02-13T14:48:44.899495+00:00, run_after=2025-02-14T14:48:44.899495+00:00
[2025-02-14T14:48:44.946+0000] {processor.py:179} INFO - Processing /home/airflow/.local/lib/python3.8/site-packages/airflow/example_dags/example_skip_dag.py took 0.192 seconds
[2025-02-14T14:49:15.383+0000] {processor.py:157} INFO - Started process (PID=5316) to work on /home/airflow/.local/lib/python3.8/site-packages/airflow/example_dags/example_skip_dag.py
[2025-02-14T14:49:15.385+0000] {processor.py:829} INFO - Processing file /home/airflow/.local/lib/python3.8/site-packages/airflow/example_dags/example_skip_dag.py for tasks to queue
[2025-02-14T14:49:15.388+0000] {logging_mixin.py:154} INFO - [2025-02-14T14:49:15.387+0000] {dagbag.py:536} INFO - Filling up the DagBag from /home/airflow/.local/lib/python3.8/site-packages/airflow/example_dags/example_skip_dag.py
[2025-02-14T14:49:15.409+0000] {processor.py:839} INFO - DAG(s) dict_keys(['example_skip_dag']) retrieved from /home/airflow/.local/lib/python3.8/site-packages/airflow/example_dags/example_skip_dag.py
[2025-02-14T14:49:15.472+0000] {logging_mixin.py:154} INFO - [2025-02-14T14:49:15.471+0000] {dag.py:2941} INFO - Sync 1 DAGs
[2025-02-14T14:49:15.550+0000] {logging_mixin.py:154} INFO - [2025-02-14T14:49:15.549+0000] {dag.py:3722} INFO - Setting next_dagrun for example_skip_dag to 2025-02-13T14:49:15.549012+00:00, run_after=2025-02-14T14:49:15.549012+00:00
[2025-02-14T14:49:15.633+0000] {processor.py:179} INFO - Processing /home/airflow/.local/lib/python3.8/site-packages/airflow/example_dags/example_skip_dag.py took 0.258 seconds
[2025-02-14T14:49:46.259+0000] {processor.py:157} INFO - Started process (PID=5551) to work on /home/airflow/.local/lib/python3.8/site-packages/airflow/example_dags/example_skip_dag.py
[2025-02-14T14:49:46.263+0000] {processor.py:829} INFO - Processing file /home/airflow/.local/lib/python3.8/site-packages/airflow/example_dags/example_skip_dag.py for tasks to queue
[2025-02-14T14:49:46.265+0000] {logging_mixin.py:154} INFO - [2025-02-14T14:49:46.264+0000] {dagbag.py:536} INFO - Filling up the DagBag from /home/airflow/.local/lib/python3.8/site-packages/airflow/example_dags/example_skip_dag.py
[2025-02-14T14:49:46.283+0000] {processor.py:839} INFO - DAG(s) dict_keys(['example_skip_dag']) retrieved from /home/airflow/.local/lib/python3.8/site-packages/airflow/example_dags/example_skip_dag.py
[2025-02-14T14:49:46.344+0000] {logging_mixin.py:154} INFO - [2025-02-14T14:49:46.343+0000] {dag.py:2941} INFO - Sync 1 DAGs
[2025-02-14T14:49:46.414+0000] {logging_mixin.py:154} INFO - [2025-02-14T14:49:46.413+0000] {dag.py:3722} INFO - Setting next_dagrun for example_skip_dag to 2025-02-13T14:49:46.412535+00:00, run_after=2025-02-14T14:49:46.412535+00:00
[2025-02-14T14:49:46.472+0000] {processor.py:179} INFO - Processing /home/airflow/.local/lib/python3.8/site-packages/airflow/example_dags/example_skip_dag.py took 0.228 seconds
[2025-02-14T14:50:17.281+0000] {processor.py:157} INFO - Started process (PID=5794) to work on /home/airflow/.local/lib/python3.8/site-packages/airflow/example_dags/example_skip_dag.py
[2025-02-14T14:50:17.284+0000] {processor.py:829} INFO - Processing file /home/airflow/.local/lib/python3.8/site-packages/airflow/example_dags/example_skip_dag.py for tasks to queue
[2025-02-14T14:50:17.286+0000] {logging_mixin.py:154} INFO - [2025-02-14T14:50:17.285+0000] {dagbag.py:536} INFO - Filling up the DagBag from /home/airflow/.local/lib/python3.8/site-packages/airflow/example_dags/example_skip_dag.py
[2025-02-14T14:50:17.308+0000] {processor.py:839} INFO - DAG(s) dict_keys(['example_skip_dag']) retrieved from /home/airflow/.local/lib/python3.8/site-packages/airflow/example_dags/example_skip_dag.py
[2025-02-14T14:50:17.407+0000] {logging_mixin.py:154} INFO - [2025-02-14T14:50:17.406+0000] {dag.py:2941} INFO - Sync 1 DAGs
[2025-02-14T14:50:17.536+0000] {logging_mixin.py:154} INFO - [2025-02-14T14:50:17.535+0000] {dag.py:3722} INFO - Setting next_dagrun for example_skip_dag to 2025-02-13T14:50:17.526913+00:00, run_after=2025-02-14T14:50:17.526913+00:00
[2025-02-14T14:50:17.649+0000] {processor.py:179} INFO - Processing /home/airflow/.local/lib/python3.8/site-packages/airflow/example_dags/example_skip_dag.py took 0.378 seconds
[2025-02-14T14:50:49.051+0000] {processor.py:157} INFO - Started process (PID=6038) to work on /home/airflow/.local/lib/python3.8/site-packages/airflow/example_dags/example_skip_dag.py
[2025-02-14T14:50:49.061+0000] {processor.py:829} INFO - Processing file /home/airflow/.local/lib/python3.8/site-packages/airflow/example_dags/example_skip_dag.py for tasks to queue
[2025-02-14T14:50:49.071+0000] {logging_mixin.py:154} INFO - [2025-02-14T14:50:49.067+0000] {dagbag.py:536} INFO - Filling up the DagBag from /home/airflow/.local/lib/python3.8/site-packages/airflow/example_dags/example_skip_dag.py
[2025-02-14T14:50:49.124+0000] {processor.py:839} INFO - DAG(s) dict_keys(['example_skip_dag']) retrieved from /home/airflow/.local/lib/python3.8/site-packages/airflow/example_dags/example_skip_dag.py
[2025-02-14T14:50:49.308+0000] {logging_mixin.py:154} INFO - [2025-02-14T14:50:49.308+0000] {dag.py:2941} INFO - Sync 1 DAGs
[2025-02-14T14:50:49.445+0000] {logging_mixin.py:154} INFO - [2025-02-14T14:50:49.442+0000] {dag.py:3722} INFO - Setting next_dagrun for example_skip_dag to 2025-02-13T14:50:49.441537+00:00, run_after=2025-02-14T14:50:49.441537+00:00
[2025-02-14T14:50:49.543+0000] {processor.py:179} INFO - Processing /home/airflow/.local/lib/python3.8/site-packages/airflow/example_dags/example_skip_dag.py took 0.515 seconds
[2025-02-14T14:51:20.755+0000] {processor.py:157} INFO - Started process (PID=6282) to work on /home/airflow/.local/lib/python3.8/site-packages/airflow/example_dags/example_skip_dag.py
[2025-02-14T14:51:20.758+0000] {processor.py:829} INFO - Processing file /home/airflow/.local/lib/python3.8/site-packages/airflow/example_dags/example_skip_dag.py for tasks to queue
[2025-02-14T14:51:20.760+0000] {logging_mixin.py:154} INFO - [2025-02-14T14:51:20.759+0000] {dagbag.py:536} INFO - Filling up the DagBag from /home/airflow/.local/lib/python3.8/site-packages/airflow/example_dags/example_skip_dag.py
[2025-02-14T14:51:20.785+0000] {processor.py:839} INFO - DAG(s) dict_keys(['example_skip_dag']) retrieved from /home/airflow/.local/lib/python3.8/site-packages/airflow/example_dags/example_skip_dag.py
[2025-02-14T14:51:20.864+0000] {logging_mixin.py:154} INFO - [2025-02-14T14:51:20.863+0000] {dag.py:2941} INFO - Sync 1 DAGs
[2025-02-14T14:51:20.939+0000] {logging_mixin.py:154} INFO - [2025-02-14T14:51:20.938+0000] {dag.py:3722} INFO - Setting next_dagrun for example_skip_dag to 2025-02-13T14:51:20.937577+00:00, run_after=2025-02-14T14:51:20.937577+00:00
[2025-02-14T14:51:20.998+0000] {processor.py:179} INFO - Processing /home/airflow/.local/lib/python3.8/site-packages/airflow/example_dags/example_skip_dag.py took 0.257 seconds
[2025-02-14T14:51:51.416+0000] {processor.py:157} INFO - Started process (PID=6520) to work on /home/airflow/.local/lib/python3.8/site-packages/airflow/example_dags/example_skip_dag.py
[2025-02-14T14:51:51.419+0000] {processor.py:829} INFO - Processing file /home/airflow/.local/lib/python3.8/site-packages/airflow/example_dags/example_skip_dag.py for tasks to queue
[2025-02-14T14:51:51.422+0000] {logging_mixin.py:154} INFO - [2025-02-14T14:51:51.420+0000] {dagbag.py:536} INFO - Filling up the DagBag from /home/airflow/.local/lib/python3.8/site-packages/airflow/example_dags/example_skip_dag.py
[2025-02-14T14:51:51.447+0000] {processor.py:839} INFO - DAG(s) dict_keys(['example_skip_dag']) retrieved from /home/airflow/.local/lib/python3.8/site-packages/airflow/example_dags/example_skip_dag.py
[2025-02-14T14:51:51.514+0000] {logging_mixin.py:154} INFO - [2025-02-14T14:51:51.514+0000] {dag.py:2941} INFO - Sync 1 DAGs
[2025-02-14T14:51:51.582+0000] {logging_mixin.py:154} INFO - [2025-02-14T14:51:51.582+0000] {dag.py:3722} INFO - Setting next_dagrun for example_skip_dag to 2025-02-13T14:51:51.581532+00:00, run_after=2025-02-14T14:51:51.581532+00:00
[2025-02-14T14:51:51.642+0000] {processor.py:179} INFO - Processing /home/airflow/.local/lib/python3.8/site-packages/airflow/example_dags/example_skip_dag.py took 0.236 seconds
[2025-02-14T14:52:22.073+0000] {processor.py:157} INFO - Started process (PID=6756) to work on /home/airflow/.local/lib/python3.8/site-packages/airflow/example_dags/example_skip_dag.py
[2025-02-14T14:52:22.075+0000] {processor.py:829} INFO - Processing file /home/airflow/.local/lib/python3.8/site-packages/airflow/example_dags/example_skip_dag.py for tasks to queue
[2025-02-14T14:52:22.077+0000] {logging_mixin.py:154} INFO - [2025-02-14T14:52:22.076+0000] {dagbag.py:536} INFO - Filling up the DagBag from /home/airflow/.local/lib/python3.8/site-packages/airflow/example_dags/example_skip_dag.py
[2025-02-14T14:52:22.128+0000] {processor.py:839} INFO - DAG(s) dict_keys(['example_skip_dag']) retrieved from /home/airflow/.local/lib/python3.8/site-packages/airflow/example_dags/example_skip_dag.py
[2025-02-14T14:52:22.232+0000] {logging_mixin.py:154} INFO - [2025-02-14T14:52:22.231+0000] {dag.py:2941} INFO - Sync 1 DAGs
[2025-02-14T14:52:22.309+0000] {logging_mixin.py:154} INFO - [2025-02-14T14:52:22.309+0000] {dag.py:3722} INFO - Setting next_dagrun for example_skip_dag to 2025-02-13T14:52:22.308557+00:00, run_after=2025-02-14T14:52:22.308557+00:00
[2025-02-14T14:52:22.373+0000] {processor.py:179} INFO - Processing /home/airflow/.local/lib/python3.8/site-packages/airflow/example_dags/example_skip_dag.py took 0.311 seconds
[2025-02-14T14:52:52.713+0000] {processor.py:157} INFO - Started process (PID=6996) to work on /home/airflow/.local/lib/python3.8/site-packages/airflow/example_dags/example_skip_dag.py
[2025-02-14T14:52:52.717+0000] {processor.py:829} INFO - Processing file /home/airflow/.local/lib/python3.8/site-packages/airflow/example_dags/example_skip_dag.py for tasks to queue
[2025-02-14T14:52:52.721+0000] {logging_mixin.py:154} INFO - [2025-02-14T14:52:52.718+0000] {dagbag.py:536} INFO - Filling up the DagBag from /home/airflow/.local/lib/python3.8/site-packages/airflow/example_dags/example_skip_dag.py
[2025-02-14T14:52:52.751+0000] {processor.py:839} INFO - DAG(s) dict_keys(['example_skip_dag']) retrieved from /home/airflow/.local/lib/python3.8/site-packages/airflow/example_dags/example_skip_dag.py
[2025-02-14T14:52:52.823+0000] {logging_mixin.py:154} INFO - [2025-02-14T14:52:52.821+0000] {dag.py:2941} INFO - Sync 1 DAGs
[2025-02-14T14:52:52.902+0000] {logging_mixin.py:154} INFO - [2025-02-14T14:52:52.901+0000] {dag.py:3722} INFO - Setting next_dagrun for example_skip_dag to 2025-02-13T14:52:52.899223+00:00, run_after=2025-02-14T14:52:52.899223+00:00
[2025-02-14T14:52:52.963+0000] {processor.py:179} INFO - Processing /home/airflow/.local/lib/python3.8/site-packages/airflow/example_dags/example_skip_dag.py took 0.261 seconds
[2025-02-14T14:53:23.309+0000] {processor.py:157} INFO - Started process (PID=7233) to work on /home/airflow/.local/lib/python3.8/site-packages/airflow/example_dags/example_skip_dag.py
[2025-02-14T14:53:23.311+0000] {processor.py:829} INFO - Processing file /home/airflow/.local/lib/python3.8/site-packages/airflow/example_dags/example_skip_dag.py for tasks to queue
[2025-02-14T14:53:23.313+0000] {logging_mixin.py:154} INFO - [2025-02-14T14:53:23.313+0000] {dagbag.py:536} INFO - Filling up the DagBag from /home/airflow/.local/lib/python3.8/site-packages/airflow/example_dags/example_skip_dag.py
[2025-02-14T14:53:23.340+0000] {processor.py:839} INFO - DAG(s) dict_keys(['example_skip_dag']) retrieved from /home/airflow/.local/lib/python3.8/site-packages/airflow/example_dags/example_skip_dag.py
[2025-02-14T14:53:23.400+0000] {logging_mixin.py:154} INFO - [2025-02-14T14:53:23.399+0000] {dag.py:2941} INFO - Sync 1 DAGs
[2025-02-14T14:53:23.443+0000] {logging_mixin.py:154} INFO - [2025-02-14T14:53:23.443+0000] {dag.py:3722} INFO - Setting next_dagrun for example_skip_dag to 2025-02-13T14:53:23.442441+00:00, run_after=2025-02-14T14:53:23.442441+00:00
[2025-02-14T14:53:23.491+0000] {processor.py:179} INFO - Processing /home/airflow/.local/lib/python3.8/site-packages/airflow/example_dags/example_skip_dag.py took 0.195 seconds
[2025-02-14T14:53:53.698+0000] {processor.py:157} INFO - Started process (PID=7469) to work on /home/airflow/.local/lib/python3.8/site-packages/airflow/example_dags/example_skip_dag.py
[2025-02-14T14:53:53.701+0000] {processor.py:829} INFO - Processing file /home/airflow/.local/lib/python3.8/site-packages/airflow/example_dags/example_skip_dag.py for tasks to queue
[2025-02-14T14:53:53.703+0000] {logging_mixin.py:154} INFO - [2025-02-14T14:53:53.702+0000] {dagbag.py:536} INFO - Filling up the DagBag from /home/airflow/.local/lib/python3.8/site-packages/airflow/example_dags/example_skip_dag.py
[2025-02-14T14:53:53.724+0000] {processor.py:839} INFO - DAG(s) dict_keys(['example_skip_dag']) retrieved from /home/airflow/.local/lib/python3.8/site-packages/airflow/example_dags/example_skip_dag.py
[2025-02-14T14:53:53.794+0000] {logging_mixin.py:154} INFO - [2025-02-14T14:53:53.793+0000] {dag.py:2941} INFO - Sync 1 DAGs
[2025-02-14T14:53:53.860+0000] {logging_mixin.py:154} INFO - [2025-02-14T14:53:53.860+0000] {dag.py:3722} INFO - Setting next_dagrun for example_skip_dag to 2025-02-13T14:53:53.859475+00:00, run_after=2025-02-14T14:53:53.859475+00:00
[2025-02-14T14:53:53.910+0000] {processor.py:179} INFO - Processing /home/airflow/.local/lib/python3.8/site-packages/airflow/example_dags/example_skip_dag.py took 0.222 seconds
