[2025-02-14T14:38:25.760+0000] {processor.py:157} INFO - Started process (PID=292) to work on /home/airflow/.local/lib/python3.8/site-packages/airflow/example_dags/example_dag_decorator.py
[2025-02-14T14:38:25.762+0000] {processor.py:829} INFO - Processing file /home/airflow/.local/lib/python3.8/site-packages/airflow/example_dags/example_dag_decorator.py for tasks to queue
[2025-02-14T14:38:25.762+0000] {logging_mixin.py:154} INFO - [2025-02-14T14:38:25.762+0000] {dagbag.py:536} INFO - Filling up the DagBag from /home/airflow/.local/lib/python3.8/site-packages/airflow/example_dags/example_dag_decorator.py
[2025-02-14T14:38:25.939+0000] {processor.py:839} INFO - DAG(s) dict_keys(['example_dag_decorator']) retrieved from /home/airflow/.local/lib/python3.8/site-packages/airflow/example_dags/example_dag_decorator.py
[2025-02-14T14:38:26.075+0000] {logging_mixin.py:154} INFO - [2025-02-14T14:38:26.075+0000] {manager.py:499} INFO - Created Permission View: %s
[2025-02-14T14:38:26.104+0000] {logging_mixin.py:154} INFO - [2025-02-14T14:38:26.104+0000] {manager.py:499} INFO - Created Permission View: %s
[2025-02-14T14:38:26.114+0000] {logging_mixin.py:154} INFO - [2025-02-14T14:38:26.113+0000] {manager.py:499} INFO - Created Permission View: %s
[2025-02-14T14:38:26.114+0000] {logging_mixin.py:154} INFO - [2025-02-14T14:38:26.114+0000] {dag.py:2941} INFO - Sync 1 DAGs
[2025-02-14T14:38:26.125+0000] {logging_mixin.py:154} INFO - [2025-02-14T14:38:26.125+0000] {dag.py:2963} INFO - Creating ORM DAG for example_dag_decorator
[2025-02-14T14:38:26.126+0000] {logging_mixin.py:154} INFO - [2025-02-14T14:38:26.126+0000] {dag.py:3722} INFO - Setting next_dagrun for example_dag_decorator to None, run_after=None
[2025-02-14T14:38:26.146+0000] {processor.py:179} INFO - Processing /home/airflow/.local/lib/python3.8/site-packages/airflow/example_dags/example_dag_decorator.py took 0.391 seconds
[2025-02-14T14:38:57.961+0000] {processor.py:157} INFO - Started process (PID=530) to work on /home/airflow/.local/lib/python3.8/site-packages/airflow/example_dags/example_dag_decorator.py
[2025-02-14T14:38:57.982+0000] {processor.py:829} INFO - Processing file /home/airflow/.local/lib/python3.8/site-packages/airflow/example_dags/example_dag_decorator.py for tasks to queue
[2025-02-14T14:38:57.994+0000] {logging_mixin.py:154} INFO - [2025-02-14T14:38:57.993+0000] {dagbag.py:536} INFO - Filling up the DagBag from /home/airflow/.local/lib/python3.8/site-packages/airflow/example_dags/example_dag_decorator.py
[2025-02-14T14:38:58.400+0000] {processor.py:839} INFO - DAG(s) dict_keys(['example_dag_decorator']) retrieved from /home/airflow/.local/lib/python3.8/site-packages/airflow/example_dags/example_dag_decorator.py
[2025-02-14T14:38:58.906+0000] {logging_mixin.py:154} INFO - [2025-02-14T14:38:58.904+0000] {dag.py:2941} INFO - Sync 1 DAGs
[2025-02-14T14:38:58.946+0000] {logging_mixin.py:154} INFO - [2025-02-14T14:38:58.944+0000] {dag.py:3722} INFO - Setting next_dagrun for example_dag_decorator to None, run_after=None
[2025-02-14T14:38:59.026+0000] {processor.py:179} INFO - Processing /home/airflow/.local/lib/python3.8/site-packages/airflow/example_dags/example_dag_decorator.py took 1.096 seconds
[2025-02-14T14:39:29.388+0000] {processor.py:157} INFO - Started process (PID=770) to work on /home/airflow/.local/lib/python3.8/site-packages/airflow/example_dags/example_dag_decorator.py
[2025-02-14T14:39:29.391+0000] {processor.py:829} INFO - Processing file /home/airflow/.local/lib/python3.8/site-packages/airflow/example_dags/example_dag_decorator.py for tasks to queue
[2025-02-14T14:39:29.393+0000] {logging_mixin.py:154} INFO - [2025-02-14T14:39:29.392+0000] {dagbag.py:536} INFO - Filling up the DagBag from /home/airflow/.local/lib/python3.8/site-packages/airflow/example_dags/example_dag_decorator.py
[2025-02-14T14:39:29.590+0000] {processor.py:839} INFO - DAG(s) dict_keys(['example_dag_decorator']) retrieved from /home/airflow/.local/lib/python3.8/site-packages/airflow/example_dags/example_dag_decorator.py
[2025-02-14T14:39:29.923+0000] {logging_mixin.py:154} INFO - [2025-02-14T14:39:29.922+0000] {dag.py:2941} INFO - Sync 1 DAGs
[2025-02-14T14:39:29.958+0000] {logging_mixin.py:154} INFO - [2025-02-14T14:39:29.957+0000] {dag.py:3722} INFO - Setting next_dagrun for example_dag_decorator to None, run_after=None
[2025-02-14T14:39:30.020+0000] {processor.py:179} INFO - Processing /home/airflow/.local/lib/python3.8/site-packages/airflow/example_dags/example_dag_decorator.py took 0.641 seconds
[2025-02-14T14:40:00.250+0000] {processor.py:157} INFO - Started process (PID=1008) to work on /home/airflow/.local/lib/python3.8/site-packages/airflow/example_dags/example_dag_decorator.py
[2025-02-14T14:40:00.255+0000] {processor.py:829} INFO - Processing file /home/airflow/.local/lib/python3.8/site-packages/airflow/example_dags/example_dag_decorator.py for tasks to queue
[2025-02-14T14:40:00.257+0000] {logging_mixin.py:154} INFO - [2025-02-14T14:40:00.256+0000] {dagbag.py:536} INFO - Filling up the DagBag from /home/airflow/.local/lib/python3.8/site-packages/airflow/example_dags/example_dag_decorator.py
[2025-02-14T14:40:00.467+0000] {processor.py:839} INFO - DAG(s) dict_keys(['example_dag_decorator']) retrieved from /home/airflow/.local/lib/python3.8/site-packages/airflow/example_dags/example_dag_decorator.py
[2025-02-14T14:40:00.839+0000] {logging_mixin.py:154} INFO - [2025-02-14T14:40:00.838+0000] {dag.py:2941} INFO - Sync 1 DAGs
[2025-02-14T14:40:00.871+0000] {logging_mixin.py:154} INFO - [2025-02-14T14:40:00.870+0000] {dag.py:3722} INFO - Setting next_dagrun for example_dag_decorator to None, run_after=None
[2025-02-14T14:40:00.933+0000] {processor.py:179} INFO - Processing /home/airflow/.local/lib/python3.8/site-packages/airflow/example_dags/example_dag_decorator.py took 0.693 seconds
[2025-02-14T14:40:31.627+0000] {processor.py:157} INFO - Started process (PID=1246) to work on /home/airflow/.local/lib/python3.8/site-packages/airflow/example_dags/example_dag_decorator.py
[2025-02-14T14:40:31.632+0000] {processor.py:829} INFO - Processing file /home/airflow/.local/lib/python3.8/site-packages/airflow/example_dags/example_dag_decorator.py for tasks to queue
[2025-02-14T14:40:31.634+0000] {logging_mixin.py:154} INFO - [2025-02-14T14:40:31.634+0000] {dagbag.py:536} INFO - Filling up the DagBag from /home/airflow/.local/lib/python3.8/site-packages/airflow/example_dags/example_dag_decorator.py
[2025-02-14T14:40:31.920+0000] {processor.py:839} INFO - DAG(s) dict_keys(['example_dag_decorator']) retrieved from /home/airflow/.local/lib/python3.8/site-packages/airflow/example_dags/example_dag_decorator.py
[2025-02-14T14:40:32.250+0000] {logging_mixin.py:154} INFO - [2025-02-14T14:40:32.250+0000] {dag.py:2941} INFO - Sync 1 DAGs
[2025-02-14T14:40:32.279+0000] {logging_mixin.py:154} INFO - [2025-02-14T14:40:32.278+0000] {dag.py:3722} INFO - Setting next_dagrun for example_dag_decorator to None, run_after=None
[2025-02-14T14:40:32.334+0000] {processor.py:179} INFO - Processing /home/airflow/.local/lib/python3.8/site-packages/airflow/example_dags/example_dag_decorator.py took 0.720 seconds
[2025-02-14T14:41:02.701+0000] {processor.py:157} INFO - Started process (PID=1484) to work on /home/airflow/.local/lib/python3.8/site-packages/airflow/example_dags/example_dag_decorator.py
[2025-02-14T14:41:02.704+0000] {processor.py:829} INFO - Processing file /home/airflow/.local/lib/python3.8/site-packages/airflow/example_dags/example_dag_decorator.py for tasks to queue
[2025-02-14T14:41:02.707+0000] {logging_mixin.py:154} INFO - [2025-02-14T14:41:02.705+0000] {dagbag.py:536} INFO - Filling up the DagBag from /home/airflow/.local/lib/python3.8/site-packages/airflow/example_dags/example_dag_decorator.py
[2025-02-14T14:41:02.917+0000] {processor.py:839} INFO - DAG(s) dict_keys(['example_dag_decorator']) retrieved from /home/airflow/.local/lib/python3.8/site-packages/airflow/example_dags/example_dag_decorator.py
[2025-02-14T14:41:03.009+0000] {logging_mixin.py:154} INFO - [2025-02-14T14:41:03.007+0000] {dag.py:2941} INFO - Sync 1 DAGs
[2025-02-14T14:41:03.071+0000] {logging_mixin.py:154} INFO - [2025-02-14T14:41:03.070+0000] {dag.py:3722} INFO - Setting next_dagrun for example_dag_decorator to None, run_after=None
[2025-02-14T14:41:03.151+0000] {processor.py:179} INFO - Processing /home/airflow/.local/lib/python3.8/site-packages/airflow/example_dags/example_dag_decorator.py took 0.461 seconds
[2025-02-14T14:41:33.715+0000] {processor.py:157} INFO - Started process (PID=1721) to work on /home/airflow/.local/lib/python3.8/site-packages/airflow/example_dags/example_dag_decorator.py
[2025-02-14T14:41:33.719+0000] {processor.py:829} INFO - Processing file /home/airflow/.local/lib/python3.8/site-packages/airflow/example_dags/example_dag_decorator.py for tasks to queue
[2025-02-14T14:41:33.723+0000] {logging_mixin.py:154} INFO - [2025-02-14T14:41:33.721+0000] {dagbag.py:536} INFO - Filling up the DagBag from /home/airflow/.local/lib/python3.8/site-packages/airflow/example_dags/example_dag_decorator.py
[2025-02-14T14:41:33.985+0000] {processor.py:839} INFO - DAG(s) dict_keys(['example_dag_decorator']) retrieved from /home/airflow/.local/lib/python3.8/site-packages/airflow/example_dags/example_dag_decorator.py
[2025-02-14T14:41:34.443+0000] {logging_mixin.py:154} INFO - [2025-02-14T14:41:34.442+0000] {dag.py:2941} INFO - Sync 1 DAGs
[2025-02-14T14:41:34.480+0000] {logging_mixin.py:154} INFO - [2025-02-14T14:41:34.479+0000] {dag.py:3722} INFO - Setting next_dagrun for example_dag_decorator to None, run_after=None
[2025-02-14T14:41:34.543+0000] {processor.py:179} INFO - Processing /home/airflow/.local/lib/python3.8/site-packages/airflow/example_dags/example_dag_decorator.py took 0.845 seconds
[2025-02-14T14:42:04.722+0000] {processor.py:157} INFO - Started process (PID=1964) to work on /home/airflow/.local/lib/python3.8/site-packages/airflow/example_dags/example_dag_decorator.py
[2025-02-14T14:42:04.725+0000] {processor.py:829} INFO - Processing file /home/airflow/.local/lib/python3.8/site-packages/airflow/example_dags/example_dag_decorator.py for tasks to queue
[2025-02-14T14:42:04.728+0000] {logging_mixin.py:154} INFO - [2025-02-14T14:42:04.727+0000] {dagbag.py:536} INFO - Filling up the DagBag from /home/airflow/.local/lib/python3.8/site-packages/airflow/example_dags/example_dag_decorator.py
[2025-02-14T14:42:04.963+0000] {processor.py:839} INFO - DAG(s) dict_keys(['example_dag_decorator']) retrieved from /home/airflow/.local/lib/python3.8/site-packages/airflow/example_dags/example_dag_decorator.py
[2025-02-14T14:42:05.339+0000] {logging_mixin.py:154} INFO - [2025-02-14T14:42:05.338+0000] {dag.py:2941} INFO - Sync 1 DAGs
[2025-02-14T14:42:05.370+0000] {logging_mixin.py:154} INFO - [2025-02-14T14:42:05.370+0000] {dag.py:3722} INFO - Setting next_dagrun for example_dag_decorator to None, run_after=None
[2025-02-14T14:42:05.442+0000] {processor.py:179} INFO - Processing /home/airflow/.local/lib/python3.8/site-packages/airflow/example_dags/example_dag_decorator.py took 0.730 seconds
[2025-02-14T14:42:35.646+0000] {processor.py:157} INFO - Started process (PID=2207) to work on /home/airflow/.local/lib/python3.8/site-packages/airflow/example_dags/example_dag_decorator.py
[2025-02-14T14:42:35.648+0000] {processor.py:829} INFO - Processing file /home/airflow/.local/lib/python3.8/site-packages/airflow/example_dags/example_dag_decorator.py for tasks to queue
[2025-02-14T14:42:35.652+0000] {logging_mixin.py:154} INFO - [2025-02-14T14:42:35.651+0000] {dagbag.py:536} INFO - Filling up the DagBag from /home/airflow/.local/lib/python3.8/site-packages/airflow/example_dags/example_dag_decorator.py
[2025-02-14T14:42:35.864+0000] {processor.py:839} INFO - DAG(s) dict_keys(['example_dag_decorator']) retrieved from /home/airflow/.local/lib/python3.8/site-packages/airflow/example_dags/example_dag_decorator.py
[2025-02-14T14:42:36.203+0000] {logging_mixin.py:154} INFO - [2025-02-14T14:42:36.202+0000] {dag.py:2941} INFO - Sync 1 DAGs
[2025-02-14T14:42:36.237+0000] {logging_mixin.py:154} INFO - [2025-02-14T14:42:36.237+0000] {dag.py:3722} INFO - Setting next_dagrun for example_dag_decorator to None, run_after=None
[2025-02-14T14:42:36.291+0000] {processor.py:179} INFO - Processing /home/airflow/.local/lib/python3.8/site-packages/airflow/example_dags/example_dag_decorator.py took 0.662 seconds
[2025-02-14T14:43:06.783+0000] {processor.py:157} INFO - Started process (PID=2448) to work on /home/airflow/.local/lib/python3.8/site-packages/airflow/example_dags/example_dag_decorator.py
[2025-02-14T14:43:06.786+0000] {processor.py:829} INFO - Processing file /home/airflow/.local/lib/python3.8/site-packages/airflow/example_dags/example_dag_decorator.py for tasks to queue
[2025-02-14T14:43:06.788+0000] {logging_mixin.py:154} INFO - [2025-02-14T14:43:06.788+0000] {dagbag.py:536} INFO - Filling up the DagBag from /home/airflow/.local/lib/python3.8/site-packages/airflow/example_dags/example_dag_decorator.py
[2025-02-14T14:43:06.978+0000] {processor.py:839} INFO - DAG(s) dict_keys(['example_dag_decorator']) retrieved from /home/airflow/.local/lib/python3.8/site-packages/airflow/example_dags/example_dag_decorator.py
[2025-02-14T14:43:07.310+0000] {logging_mixin.py:154} INFO - [2025-02-14T14:43:07.309+0000] {dag.py:2941} INFO - Sync 1 DAGs
[2025-02-14T14:43:07.346+0000] {logging_mixin.py:154} INFO - [2025-02-14T14:43:07.345+0000] {dag.py:3722} INFO - Setting next_dagrun for example_dag_decorator to None, run_after=None
[2025-02-14T14:43:07.396+0000] {processor.py:179} INFO - Processing /home/airflow/.local/lib/python3.8/site-packages/airflow/example_dags/example_dag_decorator.py took 0.622 seconds
[2025-02-14T14:43:37.602+0000] {processor.py:157} INFO - Started process (PID=2693) to work on /home/airflow/.local/lib/python3.8/site-packages/airflow/example_dags/example_dag_decorator.py
[2025-02-14T14:43:37.605+0000] {processor.py:829} INFO - Processing file /home/airflow/.local/lib/python3.8/site-packages/airflow/example_dags/example_dag_decorator.py for tasks to queue
[2025-02-14T14:43:37.607+0000] {logging_mixin.py:154} INFO - [2025-02-14T14:43:37.606+0000] {dagbag.py:536} INFO - Filling up the DagBag from /home/airflow/.local/lib/python3.8/site-packages/airflow/example_dags/example_dag_decorator.py
[2025-02-14T14:43:37.802+0000] {processor.py:839} INFO - DAG(s) dict_keys(['example_dag_decorator']) retrieved from /home/airflow/.local/lib/python3.8/site-packages/airflow/example_dags/example_dag_decorator.py
[2025-02-14T14:43:38.152+0000] {logging_mixin.py:154} INFO - [2025-02-14T14:43:38.151+0000] {dag.py:2941} INFO - Sync 1 DAGs
[2025-02-14T14:43:38.185+0000] {logging_mixin.py:154} INFO - [2025-02-14T14:43:38.184+0000] {dag.py:3722} INFO - Setting next_dagrun for example_dag_decorator to None, run_after=None
[2025-02-14T14:43:38.249+0000] {processor.py:179} INFO - Processing /home/airflow/.local/lib/python3.8/site-packages/airflow/example_dags/example_dag_decorator.py took 0.656 seconds
[2025-02-14T14:44:08.533+0000] {processor.py:157} INFO - Started process (PID=2933) to work on /home/airflow/.local/lib/python3.8/site-packages/airflow/example_dags/example_dag_decorator.py
[2025-02-14T14:44:08.536+0000] {processor.py:829} INFO - Processing file /home/airflow/.local/lib/python3.8/site-packages/airflow/example_dags/example_dag_decorator.py for tasks to queue
[2025-02-14T14:44:08.538+0000] {logging_mixin.py:154} INFO - [2025-02-14T14:44:08.538+0000] {dagbag.py:536} INFO - Filling up the DagBag from /home/airflow/.local/lib/python3.8/site-packages/airflow/example_dags/example_dag_decorator.py
[2025-02-14T14:44:08.777+0000] {processor.py:839} INFO - DAG(s) dict_keys(['example_dag_decorator']) retrieved from /home/airflow/.local/lib/python3.8/site-packages/airflow/example_dags/example_dag_decorator.py
[2025-02-14T14:44:09.105+0000] {logging_mixin.py:154} INFO - [2025-02-14T14:44:09.105+0000] {dag.py:2941} INFO - Sync 1 DAGs
[2025-02-14T14:44:09.143+0000] {logging_mixin.py:154} INFO - [2025-02-14T14:44:09.142+0000] {dag.py:3722} INFO - Setting next_dagrun for example_dag_decorator to None, run_after=None
[2025-02-14T14:44:09.202+0000] {processor.py:179} INFO - Processing /home/airflow/.local/lib/python3.8/site-packages/airflow/example_dags/example_dag_decorator.py took 0.680 seconds
[2025-02-14T14:44:39.261+0000] {processor.py:157} INFO - Started process (PID=3190) to work on /home/airflow/.local/lib/python3.8/site-packages/airflow/example_dags/example_dag_decorator.py
[2025-02-14T14:44:39.263+0000] {processor.py:829} INFO - Processing file /home/airflow/.local/lib/python3.8/site-packages/airflow/example_dags/example_dag_decorator.py for tasks to queue
[2025-02-14T14:44:39.264+0000] {logging_mixin.py:154} INFO - [2025-02-14T14:44:39.264+0000] {dagbag.py:536} INFO - Filling up the DagBag from /home/airflow/.local/lib/python3.8/site-packages/airflow/example_dags/example_dag_decorator.py
[2025-02-14T14:44:39.439+0000] {processor.py:839} INFO - DAG(s) dict_keys(['example_dag_decorator']) retrieved from /home/airflow/.local/lib/python3.8/site-packages/airflow/example_dags/example_dag_decorator.py
[2025-02-14T14:44:39.781+0000] {logging_mixin.py:154} INFO - [2025-02-14T14:44:39.781+0000] {dag.py:2941} INFO - Sync 1 DAGs
[2025-02-14T14:44:39.815+0000] {logging_mixin.py:154} INFO - [2025-02-14T14:44:39.815+0000] {dag.py:3722} INFO - Setting next_dagrun for example_dag_decorator to None, run_after=None
[2025-02-14T14:44:39.878+0000] {processor.py:179} INFO - Processing /home/airflow/.local/lib/python3.8/site-packages/airflow/example_dags/example_dag_decorator.py took 0.626 seconds
[2025-02-14T14:45:10.232+0000] {processor.py:157} INFO - Started process (PID=3454) to work on /home/airflow/.local/lib/python3.8/site-packages/airflow/example_dags/example_dag_decorator.py
[2025-02-14T14:45:10.235+0000] {processor.py:829} INFO - Processing file /home/airflow/.local/lib/python3.8/site-packages/airflow/example_dags/example_dag_decorator.py for tasks to queue
[2025-02-14T14:45:10.238+0000] {logging_mixin.py:154} INFO - [2025-02-14T14:45:10.237+0000] {dagbag.py:536} INFO - Filling up the DagBag from /home/airflow/.local/lib/python3.8/site-packages/airflow/example_dags/example_dag_decorator.py
[2025-02-14T14:45:10.425+0000] {processor.py:839} INFO - DAG(s) dict_keys(['example_dag_decorator']) retrieved from /home/airflow/.local/lib/python3.8/site-packages/airflow/example_dags/example_dag_decorator.py
[2025-02-14T14:45:10.738+0000] {logging_mixin.py:154} INFO - [2025-02-14T14:45:10.737+0000] {dag.py:2941} INFO - Sync 1 DAGs
[2025-02-14T14:45:10.783+0000] {logging_mixin.py:154} INFO - [2025-02-14T14:45:10.782+0000] {dag.py:3722} INFO - Setting next_dagrun for example_dag_decorator to None, run_after=None
[2025-02-14T14:45:10.841+0000] {processor.py:179} INFO - Processing /home/airflow/.local/lib/python3.8/site-packages/airflow/example_dags/example_dag_decorator.py took 0.619 seconds
[2025-02-14T14:45:41.773+0000] {processor.py:157} INFO - Started process (PID=3702) to work on /home/airflow/.local/lib/python3.8/site-packages/airflow/example_dags/example_dag_decorator.py
[2025-02-14T14:45:41.777+0000] {processor.py:829} INFO - Processing file /home/airflow/.local/lib/python3.8/site-packages/airflow/example_dags/example_dag_decorator.py for tasks to queue
[2025-02-14T14:45:41.784+0000] {logging_mixin.py:154} INFO - [2025-02-14T14:45:41.783+0000] {dagbag.py:536} INFO - Filling up the DagBag from /home/airflow/.local/lib/python3.8/site-packages/airflow/example_dags/example_dag_decorator.py
[2025-02-14T14:45:41.980+0000] {processor.py:839} INFO - DAG(s) dict_keys(['example_dag_decorator']) retrieved from /home/airflow/.local/lib/python3.8/site-packages/airflow/example_dags/example_dag_decorator.py
[2025-02-14T14:45:42.322+0000] {logging_mixin.py:154} INFO - [2025-02-14T14:45:42.321+0000] {dag.py:2941} INFO - Sync 1 DAGs
[2025-02-14T14:45:42.353+0000] {logging_mixin.py:154} INFO - [2025-02-14T14:45:42.352+0000] {dag.py:3722} INFO - Setting next_dagrun for example_dag_decorator to None, run_after=None
[2025-02-14T14:45:42.398+0000] {processor.py:179} INFO - Processing /home/airflow/.local/lib/python3.8/site-packages/airflow/example_dags/example_dag_decorator.py took 0.636 seconds
[2025-02-14T14:46:12.710+0000] {processor.py:157} INFO - Started process (PID=3950) to work on /home/airflow/.local/lib/python3.8/site-packages/airflow/example_dags/example_dag_decorator.py
[2025-02-14T14:46:12.713+0000] {processor.py:829} INFO - Processing file /home/airflow/.local/lib/python3.8/site-packages/airflow/example_dags/example_dag_decorator.py for tasks to queue
[2025-02-14T14:46:12.715+0000] {logging_mixin.py:154} INFO - [2025-02-14T14:46:12.714+0000] {dagbag.py:536} INFO - Filling up the DagBag from /home/airflow/.local/lib/python3.8/site-packages/airflow/example_dags/example_dag_decorator.py
[2025-02-14T14:46:12.908+0000] {processor.py:839} INFO - DAG(s) dict_keys(['example_dag_decorator']) retrieved from /home/airflow/.local/lib/python3.8/site-packages/airflow/example_dags/example_dag_decorator.py
[2025-02-14T14:46:13.245+0000] {logging_mixin.py:154} INFO - [2025-02-14T14:46:13.244+0000] {dag.py:2941} INFO - Sync 1 DAGs
[2025-02-14T14:46:13.829+0000] {logging_mixin.py:154} INFO - [2025-02-14T14:46:13.828+0000] {dag.py:3722} INFO - Setting next_dagrun for example_dag_decorator to None, run_after=None
[2025-02-14T14:46:13.890+0000] {processor.py:179} INFO - Processing /home/airflow/.local/lib/python3.8/site-packages/airflow/example_dags/example_dag_decorator.py took 1.189 seconds
[2025-02-14T14:46:44.110+0000] {processor.py:157} INFO - Started process (PID=4185) to work on /home/airflow/.local/lib/python3.8/site-packages/airflow/example_dags/example_dag_decorator.py
[2025-02-14T14:46:44.113+0000] {processor.py:829} INFO - Processing file /home/airflow/.local/lib/python3.8/site-packages/airflow/example_dags/example_dag_decorator.py for tasks to queue
[2025-02-14T14:46:44.115+0000] {logging_mixin.py:154} INFO - [2025-02-14T14:46:44.114+0000] {dagbag.py:536} INFO - Filling up the DagBag from /home/airflow/.local/lib/python3.8/site-packages/airflow/example_dags/example_dag_decorator.py
[2025-02-14T14:46:44.315+0000] {processor.py:839} INFO - DAG(s) dict_keys(['example_dag_decorator']) retrieved from /home/airflow/.local/lib/python3.8/site-packages/airflow/example_dags/example_dag_decorator.py
[2025-02-14T14:46:44.702+0000] {logging_mixin.py:154} INFO - [2025-02-14T14:46:44.701+0000] {dag.py:2941} INFO - Sync 1 DAGs
[2025-02-14T14:46:44.737+0000] {logging_mixin.py:154} INFO - [2025-02-14T14:46:44.737+0000] {dag.py:3722} INFO - Setting next_dagrun for example_dag_decorator to None, run_after=None
[2025-02-14T14:46:44.806+0000] {processor.py:179} INFO - Processing /home/airflow/.local/lib/python3.8/site-packages/airflow/example_dags/example_dag_decorator.py took 0.710 seconds
[2025-02-14T14:47:14.908+0000] {processor.py:157} INFO - Started process (PID=4413) to work on /home/airflow/.local/lib/python3.8/site-packages/airflow/example_dags/example_dag_decorator.py
[2025-02-14T14:47:14.910+0000] {processor.py:829} INFO - Processing file /home/airflow/.local/lib/python3.8/site-packages/airflow/example_dags/example_dag_decorator.py for tasks to queue
[2025-02-14T14:47:14.912+0000] {logging_mixin.py:154} INFO - [2025-02-14T14:47:14.911+0000] {dagbag.py:536} INFO - Filling up the DagBag from /home/airflow/.local/lib/python3.8/site-packages/airflow/example_dags/example_dag_decorator.py
[2025-02-14T14:47:15.140+0000] {processor.py:839} INFO - DAG(s) dict_keys(['example_dag_decorator']) retrieved from /home/airflow/.local/lib/python3.8/site-packages/airflow/example_dags/example_dag_decorator.py
[2025-02-14T14:47:15.469+0000] {logging_mixin.py:154} INFO - [2025-02-14T14:47:15.468+0000] {dag.py:2941} INFO - Sync 1 DAGs
[2025-02-14T14:47:15.502+0000] {logging_mixin.py:154} INFO - [2025-02-14T14:47:15.502+0000] {dag.py:3722} INFO - Setting next_dagrun for example_dag_decorator to None, run_after=None
[2025-02-14T14:47:15.556+0000] {processor.py:179} INFO - Processing /home/airflow/.local/lib/python3.8/site-packages/airflow/example_dags/example_dag_decorator.py took 0.661 seconds
[2025-02-14T14:47:46.651+0000] {processor.py:157} INFO - Started process (PID=4647) to work on /home/airflow/.local/lib/python3.8/site-packages/airflow/example_dags/example_dag_decorator.py
[2025-02-14T14:47:46.656+0000] {processor.py:829} INFO - Processing file /home/airflow/.local/lib/python3.8/site-packages/airflow/example_dags/example_dag_decorator.py for tasks to queue
[2025-02-14T14:47:46.659+0000] {logging_mixin.py:154} INFO - [2025-02-14T14:47:46.658+0000] {dagbag.py:536} INFO - Filling up the DagBag from /home/airflow/.local/lib/python3.8/site-packages/airflow/example_dags/example_dag_decorator.py
[2025-02-14T14:47:46.908+0000] {processor.py:839} INFO - DAG(s) dict_keys(['example_dag_decorator']) retrieved from /home/airflow/.local/lib/python3.8/site-packages/airflow/example_dags/example_dag_decorator.py
[2025-02-14T14:47:47.298+0000] {logging_mixin.py:154} INFO - [2025-02-14T14:47:47.297+0000] {dag.py:2941} INFO - Sync 1 DAGs
[2025-02-14T14:47:47.732+0000] {logging_mixin.py:154} INFO - [2025-02-14T14:47:47.731+0000] {dag.py:3722} INFO - Setting next_dagrun for example_dag_decorator to None, run_after=None
[2025-02-14T14:47:47.810+0000] {processor.py:179} INFO - Processing /home/airflow/.local/lib/python3.8/site-packages/airflow/example_dags/example_dag_decorator.py took 1.181 seconds
[2025-02-14T14:48:18.430+0000] {processor.py:157} INFO - Started process (PID=4908) to work on /home/airflow/.local/lib/python3.8/site-packages/airflow/example_dags/example_dag_decorator.py
[2025-02-14T14:48:18.433+0000] {processor.py:829} INFO - Processing file /home/airflow/.local/lib/python3.8/site-packages/airflow/example_dags/example_dag_decorator.py for tasks to queue
[2025-02-14T14:48:18.435+0000] {logging_mixin.py:154} INFO - [2025-02-14T14:48:18.434+0000] {dagbag.py:536} INFO - Filling up the DagBag from /home/airflow/.local/lib/python3.8/site-packages/airflow/example_dags/example_dag_decorator.py
[2025-02-14T14:48:18.599+0000] {processor.py:839} INFO - DAG(s) dict_keys(['example_dag_decorator']) retrieved from /home/airflow/.local/lib/python3.8/site-packages/airflow/example_dags/example_dag_decorator.py
[2025-02-14T14:48:18.889+0000] {logging_mixin.py:154} INFO - [2025-02-14T14:48:18.889+0000] {dag.py:2941} INFO - Sync 1 DAGs
[2025-02-14T14:48:18.927+0000] {logging_mixin.py:154} INFO - [2025-02-14T14:48:18.926+0000] {dag.py:3722} INFO - Setting next_dagrun for example_dag_decorator to None, run_after=None
[2025-02-14T14:48:19.021+0000] {processor.py:179} INFO - Processing /home/airflow/.local/lib/python3.8/site-packages/airflow/example_dags/example_dag_decorator.py took 0.600 seconds
[2025-02-14T14:48:49.298+0000] {processor.py:157} INFO - Started process (PID=5154) to work on /home/airflow/.local/lib/python3.8/site-packages/airflow/example_dags/example_dag_decorator.py
[2025-02-14T14:48:49.304+0000] {processor.py:829} INFO - Processing file /home/airflow/.local/lib/python3.8/site-packages/airflow/example_dags/example_dag_decorator.py for tasks to queue
[2025-02-14T14:48:49.313+0000] {logging_mixin.py:154} INFO - [2025-02-14T14:48:49.312+0000] {dagbag.py:536} INFO - Filling up the DagBag from /home/airflow/.local/lib/python3.8/site-packages/airflow/example_dags/example_dag_decorator.py
[2025-02-14T14:48:49.599+0000] {processor.py:839} INFO - DAG(s) dict_keys(['example_dag_decorator']) retrieved from /home/airflow/.local/lib/python3.8/site-packages/airflow/example_dags/example_dag_decorator.py
[2025-02-14T14:48:49.929+0000] {logging_mixin.py:154} INFO - [2025-02-14T14:48:49.928+0000] {dag.py:2941} INFO - Sync 1 DAGs
[2025-02-14T14:48:49.963+0000] {logging_mixin.py:154} INFO - [2025-02-14T14:48:49.962+0000] {dag.py:3722} INFO - Setting next_dagrun for example_dag_decorator to None, run_after=None
[2025-02-14T14:48:50.018+0000] {processor.py:179} INFO - Processing /home/airflow/.local/lib/python3.8/site-packages/airflow/example_dags/example_dag_decorator.py took 0.735 seconds
[2025-02-14T14:49:20.406+0000] {processor.py:157} INFO - Started process (PID=5396) to work on /home/airflow/.local/lib/python3.8/site-packages/airflow/example_dags/example_dag_decorator.py
[2025-02-14T14:49:20.410+0000] {processor.py:829} INFO - Processing file /home/airflow/.local/lib/python3.8/site-packages/airflow/example_dags/example_dag_decorator.py for tasks to queue
[2025-02-14T14:49:20.412+0000] {logging_mixin.py:154} INFO - [2025-02-14T14:49:20.411+0000] {dagbag.py:536} INFO - Filling up the DagBag from /home/airflow/.local/lib/python3.8/site-packages/airflow/example_dags/example_dag_decorator.py
[2025-02-14T14:49:20.605+0000] {processor.py:839} INFO - DAG(s) dict_keys(['example_dag_decorator']) retrieved from /home/airflow/.local/lib/python3.8/site-packages/airflow/example_dags/example_dag_decorator.py
[2025-02-14T14:49:20.938+0000] {logging_mixin.py:154} INFO - [2025-02-14T14:49:20.938+0000] {dag.py:2941} INFO - Sync 1 DAGs
[2025-02-14T14:49:21.386+0000] {logging_mixin.py:154} INFO - [2025-02-14T14:49:21.385+0000] {dag.py:3722} INFO - Setting next_dagrun for example_dag_decorator to None, run_after=None
[2025-02-14T14:49:21.445+0000] {processor.py:179} INFO - Processing /home/airflow/.local/lib/python3.8/site-packages/airflow/example_dags/example_dag_decorator.py took 1.053 seconds
[2025-02-14T14:49:51.829+0000] {processor.py:157} INFO - Started process (PID=5638) to work on /home/airflow/.local/lib/python3.8/site-packages/airflow/example_dags/example_dag_decorator.py
[2025-02-14T14:49:51.831+0000] {processor.py:829} INFO - Processing file /home/airflow/.local/lib/python3.8/site-packages/airflow/example_dags/example_dag_decorator.py for tasks to queue
[2025-02-14T14:49:51.833+0000] {logging_mixin.py:154} INFO - [2025-02-14T14:49:51.832+0000] {dagbag.py:536} INFO - Filling up the DagBag from /home/airflow/.local/lib/python3.8/site-packages/airflow/example_dags/example_dag_decorator.py
[2025-02-14T14:49:52.004+0000] {processor.py:839} INFO - DAG(s) dict_keys(['example_dag_decorator']) retrieved from /home/airflow/.local/lib/python3.8/site-packages/airflow/example_dags/example_dag_decorator.py
[2025-02-14T14:49:52.323+0000] {logging_mixin.py:154} INFO - [2025-02-14T14:49:52.322+0000] {dag.py:2941} INFO - Sync 1 DAGs
[2025-02-14T14:49:52.373+0000] {logging_mixin.py:154} INFO - [2025-02-14T14:49:52.372+0000] {dag.py:3722} INFO - Setting next_dagrun for example_dag_decorator to None, run_after=None
[2025-02-14T14:49:52.447+0000] {processor.py:179} INFO - Processing /home/airflow/.local/lib/python3.8/site-packages/airflow/example_dags/example_dag_decorator.py took 0.628 seconds
[2025-02-14T14:50:22.525+0000] {processor.py:157} INFO - Started process (PID=5876) to work on /home/airflow/.local/lib/python3.8/site-packages/airflow/example_dags/example_dag_decorator.py
[2025-02-14T14:50:22.528+0000] {processor.py:829} INFO - Processing file /home/airflow/.local/lib/python3.8/site-packages/airflow/example_dags/example_dag_decorator.py for tasks to queue
[2025-02-14T14:50:22.530+0000] {logging_mixin.py:154} INFO - [2025-02-14T14:50:22.529+0000] {dagbag.py:536} INFO - Filling up the DagBag from /home/airflow/.local/lib/python3.8/site-packages/airflow/example_dags/example_dag_decorator.py
[2025-02-14T14:50:22.778+0000] {processor.py:839} INFO - DAG(s) dict_keys(['example_dag_decorator']) retrieved from /home/airflow/.local/lib/python3.8/site-packages/airflow/example_dags/example_dag_decorator.py
[2025-02-14T14:50:23.674+0000] {logging_mixin.py:154} INFO - [2025-02-14T14:50:23.674+0000] {dag.py:2941} INFO - Sync 1 DAGs
[2025-02-14T14:50:23.702+0000] {logging_mixin.py:154} INFO - [2025-02-14T14:50:23.702+0000] {dag.py:3722} INFO - Setting next_dagrun for example_dag_decorator to None, run_after=None
[2025-02-14T14:50:23.759+0000] {processor.py:179} INFO - Processing /home/airflow/.local/lib/python3.8/site-packages/airflow/example_dags/example_dag_decorator.py took 1.248 seconds
[2025-02-14T14:50:53.885+0000] {processor.py:157} INFO - Started process (PID=6122) to work on /home/airflow/.local/lib/python3.8/site-packages/airflow/example_dags/example_dag_decorator.py
[2025-02-14T14:50:53.888+0000] {processor.py:829} INFO - Processing file /home/airflow/.local/lib/python3.8/site-packages/airflow/example_dags/example_dag_decorator.py for tasks to queue
[2025-02-14T14:50:53.890+0000] {logging_mixin.py:154} INFO - [2025-02-14T14:50:53.889+0000] {dagbag.py:536} INFO - Filling up the DagBag from /home/airflow/.local/lib/python3.8/site-packages/airflow/example_dags/example_dag_decorator.py
[2025-02-14T14:50:54.102+0000] {processor.py:839} INFO - DAG(s) dict_keys(['example_dag_decorator']) retrieved from /home/airflow/.local/lib/python3.8/site-packages/airflow/example_dags/example_dag_decorator.py
[2025-02-14T14:50:54.810+0000] {logging_mixin.py:154} INFO - [2025-02-14T14:50:54.808+0000] {dag.py:2941} INFO - Sync 1 DAGs
[2025-02-14T14:50:54.840+0000] {logging_mixin.py:154} INFO - [2025-02-14T14:50:54.839+0000] {dag.py:3722} INFO - Setting next_dagrun for example_dag_decorator to None, run_after=None
[2025-02-14T14:50:54.914+0000] {processor.py:179} INFO - Processing /home/airflow/.local/lib/python3.8/site-packages/airflow/example_dags/example_dag_decorator.py took 1.048 seconds
[2025-02-14T14:51:25.433+0000] {processor.py:157} INFO - Started process (PID=6362) to work on /home/airflow/.local/lib/python3.8/site-packages/airflow/example_dags/example_dag_decorator.py
[2025-02-14T14:51:25.437+0000] {processor.py:829} INFO - Processing file /home/airflow/.local/lib/python3.8/site-packages/airflow/example_dags/example_dag_decorator.py for tasks to queue
[2025-02-14T14:51:25.442+0000] {logging_mixin.py:154} INFO - [2025-02-14T14:51:25.440+0000] {dagbag.py:536} INFO - Filling up the DagBag from /home/airflow/.local/lib/python3.8/site-packages/airflow/example_dags/example_dag_decorator.py
[2025-02-14T14:51:25.670+0000] {processor.py:839} INFO - DAG(s) dict_keys(['example_dag_decorator']) retrieved from /home/airflow/.local/lib/python3.8/site-packages/airflow/example_dags/example_dag_decorator.py
[2025-02-14T14:51:25.759+0000] {logging_mixin.py:154} INFO - [2025-02-14T14:51:25.759+0000] {dag.py:2941} INFO - Sync 1 DAGs
[2025-02-14T14:51:25.810+0000] {logging_mixin.py:154} INFO - [2025-02-14T14:51:25.809+0000] {dag.py:3722} INFO - Setting next_dagrun for example_dag_decorator to None, run_after=None
[2025-02-14T14:51:25.867+0000] {processor.py:179} INFO - Processing /home/airflow/.local/lib/python3.8/site-packages/airflow/example_dags/example_dag_decorator.py took 0.447 seconds
[2025-02-14T14:51:56.410+0000] {processor.py:157} INFO - Started process (PID=6600) to work on /home/airflow/.local/lib/python3.8/site-packages/airflow/example_dags/example_dag_decorator.py
[2025-02-14T14:51:56.413+0000] {processor.py:829} INFO - Processing file /home/airflow/.local/lib/python3.8/site-packages/airflow/example_dags/example_dag_decorator.py for tasks to queue
[2025-02-14T14:51:56.415+0000] {logging_mixin.py:154} INFO - [2025-02-14T14:51:56.414+0000] {dagbag.py:536} INFO - Filling up the DagBag from /home/airflow/.local/lib/python3.8/site-packages/airflow/example_dags/example_dag_decorator.py
[2025-02-14T14:51:56.613+0000] {processor.py:839} INFO - DAG(s) dict_keys(['example_dag_decorator']) retrieved from /home/airflow/.local/lib/python3.8/site-packages/airflow/example_dags/example_dag_decorator.py
[2025-02-14T14:51:57.669+0000] {logging_mixin.py:154} INFO - [2025-02-14T14:51:57.668+0000] {dag.py:2941} INFO - Sync 1 DAGs
[2025-02-14T14:51:57.714+0000] {logging_mixin.py:154} INFO - [2025-02-14T14:51:57.714+0000] {dag.py:3722} INFO - Setting next_dagrun for example_dag_decorator to None, run_after=None
[2025-02-14T14:51:57.794+0000] {processor.py:179} INFO - Processing /home/airflow/.local/lib/python3.8/site-packages/airflow/example_dags/example_dag_decorator.py took 1.398 seconds
[2025-02-14T14:52:28.178+0000] {processor.py:157} INFO - Started process (PID=6848) to work on /home/airflow/.local/lib/python3.8/site-packages/airflow/example_dags/example_dag_decorator.py
[2025-02-14T14:52:28.182+0000] {processor.py:829} INFO - Processing file /home/airflow/.local/lib/python3.8/site-packages/airflow/example_dags/example_dag_decorator.py for tasks to queue
[2025-02-14T14:52:28.184+0000] {logging_mixin.py:154} INFO - [2025-02-14T14:52:28.183+0000] {dagbag.py:536} INFO - Filling up the DagBag from /home/airflow/.local/lib/python3.8/site-packages/airflow/example_dags/example_dag_decorator.py
[2025-02-14T14:52:28.392+0000] {processor.py:839} INFO - DAG(s) dict_keys(['example_dag_decorator']) retrieved from /home/airflow/.local/lib/python3.8/site-packages/airflow/example_dags/example_dag_decorator.py
[2025-02-14T14:52:29.138+0000] {logging_mixin.py:154} INFO - [2025-02-14T14:52:29.138+0000] {dag.py:2941} INFO - Sync 1 DAGs
[2025-02-14T14:52:29.172+0000] {logging_mixin.py:154} INFO - [2025-02-14T14:52:29.172+0000] {dag.py:3722} INFO - Setting next_dagrun for example_dag_decorator to None, run_after=None
[2025-02-14T14:52:29.222+0000] {processor.py:179} INFO - Processing /home/airflow/.local/lib/python3.8/site-packages/airflow/example_dags/example_dag_decorator.py took 1.057 seconds
[2025-02-14T14:52:59.372+0000] {processor.py:157} INFO - Started process (PID=7086) to work on /home/airflow/.local/lib/python3.8/site-packages/airflow/example_dags/example_dag_decorator.py
[2025-02-14T14:52:59.376+0000] {processor.py:829} INFO - Processing file /home/airflow/.local/lib/python3.8/site-packages/airflow/example_dags/example_dag_decorator.py for tasks to queue
[2025-02-14T14:52:59.381+0000] {logging_mixin.py:154} INFO - [2025-02-14T14:52:59.378+0000] {dagbag.py:536} INFO - Filling up the DagBag from /home/airflow/.local/lib/python3.8/site-packages/airflow/example_dags/example_dag_decorator.py
[2025-02-14T14:52:59.586+0000] {processor.py:839} INFO - DAG(s) dict_keys(['example_dag_decorator']) retrieved from /home/airflow/.local/lib/python3.8/site-packages/airflow/example_dags/example_dag_decorator.py
[2025-02-14T14:53:00.361+0000] {logging_mixin.py:154} INFO - [2025-02-14T14:53:00.361+0000] {dag.py:2941} INFO - Sync 1 DAGs
[2025-02-14T14:53:00.392+0000] {logging_mixin.py:154} INFO - [2025-02-14T14:53:00.392+0000] {dag.py:3722} INFO - Setting next_dagrun for example_dag_decorator to None, run_after=None
[2025-02-14T14:53:00.464+0000] {processor.py:179} INFO - Processing /home/airflow/.local/lib/python3.8/site-packages/airflow/example_dags/example_dag_decorator.py took 1.114 seconds
[2025-02-14T14:53:30.778+0000] {processor.py:157} INFO - Started process (PID=7328) to work on /home/airflow/.local/lib/python3.8/site-packages/airflow/example_dags/example_dag_decorator.py
[2025-02-14T14:53:30.780+0000] {processor.py:829} INFO - Processing file /home/airflow/.local/lib/python3.8/site-packages/airflow/example_dags/example_dag_decorator.py for tasks to queue
[2025-02-14T14:53:30.782+0000] {logging_mixin.py:154} INFO - [2025-02-14T14:53:30.781+0000] {dagbag.py:536} INFO - Filling up the DagBag from /home/airflow/.local/lib/python3.8/site-packages/airflow/example_dags/example_dag_decorator.py
[2025-02-14T14:53:30.973+0000] {processor.py:839} INFO - DAG(s) dict_keys(['example_dag_decorator']) retrieved from /home/airflow/.local/lib/python3.8/site-packages/airflow/example_dags/example_dag_decorator.py
[2025-02-14T14:53:31.590+0000] {logging_mixin.py:154} INFO - [2025-02-14T14:53:31.589+0000] {dag.py:2941} INFO - Sync 1 DAGs
[2025-02-14T14:53:31.621+0000] {logging_mixin.py:154} INFO - [2025-02-14T14:53:31.620+0000] {dag.py:3722} INFO - Setting next_dagrun for example_dag_decorator to None, run_after=None
[2025-02-14T14:53:31.673+0000] {processor.py:179} INFO - Processing /home/airflow/.local/lib/python3.8/site-packages/airflow/example_dags/example_dag_decorator.py took 0.905 seconds
[2025-02-14T14:54:01.953+0000] {processor.py:157} INFO - Started process (PID=7576) to work on /home/airflow/.local/lib/python3.8/site-packages/airflow/example_dags/example_dag_decorator.py
[2025-02-14T14:54:01.956+0000] {processor.py:829} INFO - Processing file /home/airflow/.local/lib/python3.8/site-packages/airflow/example_dags/example_dag_decorator.py for tasks to queue
[2025-02-14T14:54:01.959+0000] {logging_mixin.py:154} INFO - [2025-02-14T14:54:01.958+0000] {dagbag.py:536} INFO - Filling up the DagBag from /home/airflow/.local/lib/python3.8/site-packages/airflow/example_dags/example_dag_decorator.py
[2025-02-14T14:54:02.190+0000] {processor.py:839} INFO - DAG(s) dict_keys(['example_dag_decorator']) retrieved from /home/airflow/.local/lib/python3.8/site-packages/airflow/example_dags/example_dag_decorator.py
[2025-02-14T14:54:04.274+0000] {logging_mixin.py:154} INFO - [2025-02-14T14:54:04.267+0000] {dag.py:2941} INFO - Sync 1 DAGs
[2025-02-14T14:54:04.420+0000] {logging_mixin.py:154} INFO - [2025-02-14T14:54:04.419+0000] {dag.py:3722} INFO - Setting next_dagrun for example_dag_decorator to None, run_after=None
[2025-02-14T14:54:04.480+0000] {processor.py:179} INFO - Processing /home/airflow/.local/lib/python3.8/site-packages/airflow/example_dags/example_dag_decorator.py took 2.539 seconds
