[2025-02-14T14:38:24.044+0000] {processor.py:157} INFO - Started process (PID=219) to work on /home/airflow/.local/lib/python3.8/site-packages/airflow/example_dags/example_sla_dag.py
[2025-02-14T14:38:24.046+0000] {processor.py:829} INFO - Processing file /home/airflow/.local/lib/python3.8/site-packages/airflow/example_dags/example_sla_dag.py for tasks to queue
[2025-02-14T14:38:24.049+0000] {logging_mixin.py:154} INFO - [2025-02-14T14:38:24.047+0000] {dagbag.py:536} INFO - Filling up the DagBag from /home/airflow/.local/lib/python3.8/site-packages/airflow/example_dags/example_sla_dag.py
[2025-02-14T14:38:24.081+0000] {processor.py:839} INFO - DAG(s) dict_keys(['example_sla_dag']) retrieved from /home/airflow/.local/lib/python3.8/site-packages/airflow/example_dags/example_sla_dag.py
[2025-02-14T14:38:24.292+0000] {logging_mixin.py:154} INFO - [2025-02-14T14:38:24.292+0000] {manager.py:499} INFO - Created Permission View: %s
[2025-02-14T14:38:24.299+0000] {logging_mixin.py:154} INFO - [2025-02-14T14:38:24.299+0000] {manager.py:499} INFO - Created Permission View: %s
[2025-02-14T14:38:24.304+0000] {logging_mixin.py:154} INFO - [2025-02-14T14:38:24.303+0000] {manager.py:499} INFO - Created Permission View: %s
[2025-02-14T14:38:24.304+0000] {logging_mixin.py:154} INFO - [2025-02-14T14:38:24.304+0000] {dag.py:2941} INFO - Sync 1 DAGs
[2025-02-14T14:38:24.314+0000] {logging_mixin.py:154} INFO - [2025-02-14T14:38:24.313+0000] {dag.py:2963} INFO - Creating ORM DAG for example_sla_dag
[2025-02-14T14:38:24.325+0000] {logging_mixin.py:154} INFO - [2025-02-14T14:38:24.325+0000] {dag.py:3722} INFO - Setting next_dagrun for example_sla_dag to 2025-02-14T14:36:00+00:00, run_after=2025-02-14T14:38:00+00:00
[2025-02-14T14:38:24.336+0000] {processor.py:179} INFO - Processing /home/airflow/.local/lib/python3.8/site-packages/airflow/example_dags/example_sla_dag.py took 0.303 seconds
[2025-02-14T14:38:54.806+0000] {processor.py:157} INFO - Started process (PID=457) to work on /home/airflow/.local/lib/python3.8/site-packages/airflow/example_dags/example_sla_dag.py
[2025-02-14T14:38:54.809+0000] {processor.py:829} INFO - Processing file /home/airflow/.local/lib/python3.8/site-packages/airflow/example_dags/example_sla_dag.py for tasks to queue
[2025-02-14T14:38:54.812+0000] {logging_mixin.py:154} INFO - [2025-02-14T14:38:54.811+0000] {dagbag.py:536} INFO - Filling up the DagBag from /home/airflow/.local/lib/python3.8/site-packages/airflow/example_dags/example_sla_dag.py
[2025-02-14T14:38:54.836+0000] {processor.py:839} INFO - DAG(s) dict_keys(['example_sla_dag']) retrieved from /home/airflow/.local/lib/python3.8/site-packages/airflow/example_dags/example_sla_dag.py
[2025-02-14T14:38:54.901+0000] {logging_mixin.py:154} INFO - [2025-02-14T14:38:54.900+0000] {dag.py:2941} INFO - Sync 1 DAGs
[2025-02-14T14:38:54.981+0000] {logging_mixin.py:154} INFO - [2025-02-14T14:38:54.981+0000] {dag.py:3722} INFO - Setting next_dagrun for example_sla_dag to 2025-02-14T14:36:00+00:00, run_after=2025-02-14T14:38:00+00:00
[2025-02-14T14:38:55.054+0000] {processor.py:179} INFO - Processing /home/airflow/.local/lib/python3.8/site-packages/airflow/example_dags/example_sla_dag.py took 0.261 seconds
[2025-02-14T14:39:25.179+0000] {processor.py:157} INFO - Started process (PID=693) to work on /home/airflow/.local/lib/python3.8/site-packages/airflow/example_dags/example_sla_dag.py
[2025-02-14T14:39:25.184+0000] {processor.py:829} INFO - Processing file /home/airflow/.local/lib/python3.8/site-packages/airflow/example_dags/example_sla_dag.py for tasks to queue
[2025-02-14T14:39:25.186+0000] {logging_mixin.py:154} INFO - [2025-02-14T14:39:25.185+0000] {dagbag.py:536} INFO - Filling up the DagBag from /home/airflow/.local/lib/python3.8/site-packages/airflow/example_dags/example_sla_dag.py
[2025-02-14T14:39:25.211+0000] {processor.py:839} INFO - DAG(s) dict_keys(['example_sla_dag']) retrieved from /home/airflow/.local/lib/python3.8/site-packages/airflow/example_dags/example_sla_dag.py
[2025-02-14T14:39:25.304+0000] {logging_mixin.py:154} INFO - [2025-02-14T14:39:25.303+0000] {dag.py:2941} INFO - Sync 1 DAGs
[2025-02-14T14:39:25.391+0000] {logging_mixin.py:154} INFO - [2025-02-14T14:39:25.390+0000] {dag.py:3722} INFO - Setting next_dagrun for example_sla_dag to 2025-02-14T14:36:00+00:00, run_after=2025-02-14T14:38:00+00:00
[2025-02-14T14:39:25.448+0000] {processor.py:179} INFO - Processing /home/airflow/.local/lib/python3.8/site-packages/airflow/example_dags/example_sla_dag.py took 0.278 seconds
[2025-02-14T14:39:55.846+0000] {processor.py:157} INFO - Started process (PID=931) to work on /home/airflow/.local/lib/python3.8/site-packages/airflow/example_dags/example_sla_dag.py
[2025-02-14T14:39:55.849+0000] {processor.py:829} INFO - Processing file /home/airflow/.local/lib/python3.8/site-packages/airflow/example_dags/example_sla_dag.py for tasks to queue
[2025-02-14T14:39:55.851+0000] {logging_mixin.py:154} INFO - [2025-02-14T14:39:55.851+0000] {dagbag.py:536} INFO - Filling up the DagBag from /home/airflow/.local/lib/python3.8/site-packages/airflow/example_dags/example_sla_dag.py
[2025-02-14T14:39:55.875+0000] {processor.py:839} INFO - DAG(s) dict_keys(['example_sla_dag']) retrieved from /home/airflow/.local/lib/python3.8/site-packages/airflow/example_dags/example_sla_dag.py
[2025-02-14T14:39:55.936+0000] {logging_mixin.py:154} INFO - [2025-02-14T14:39:55.935+0000] {dag.py:2941} INFO - Sync 1 DAGs
[2025-02-14T14:39:56.015+0000] {logging_mixin.py:154} INFO - [2025-02-14T14:39:56.014+0000] {dag.py:3722} INFO - Setting next_dagrun for example_sla_dag to 2025-02-14T14:36:00+00:00, run_after=2025-02-14T14:38:00+00:00
[2025-02-14T14:39:56.065+0000] {processor.py:179} INFO - Processing /home/airflow/.local/lib/python3.8/site-packages/airflow/example_dags/example_sla_dag.py took 0.229 seconds
[2025-02-14T14:40:26.442+0000] {processor.py:157} INFO - Started process (PID=1169) to work on /home/airflow/.local/lib/python3.8/site-packages/airflow/example_dags/example_sla_dag.py
[2025-02-14T14:40:26.446+0000] {processor.py:829} INFO - Processing file /home/airflow/.local/lib/python3.8/site-packages/airflow/example_dags/example_sla_dag.py for tasks to queue
[2025-02-14T14:40:26.448+0000] {logging_mixin.py:154} INFO - [2025-02-14T14:40:26.448+0000] {dagbag.py:536} INFO - Filling up the DagBag from /home/airflow/.local/lib/python3.8/site-packages/airflow/example_dags/example_sla_dag.py
[2025-02-14T14:40:26.475+0000] {processor.py:839} INFO - DAG(s) dict_keys(['example_sla_dag']) retrieved from /home/airflow/.local/lib/python3.8/site-packages/airflow/example_dags/example_sla_dag.py
[2025-02-14T14:40:26.546+0000] {logging_mixin.py:154} INFO - [2025-02-14T14:40:26.546+0000] {dag.py:2941} INFO - Sync 1 DAGs
[2025-02-14T14:40:26.631+0000] {logging_mixin.py:154} INFO - [2025-02-14T14:40:26.630+0000] {dag.py:3722} INFO - Setting next_dagrun for example_sla_dag to 2025-02-14T14:38:00+00:00, run_after=2025-02-14T14:40:00+00:00
[2025-02-14T14:40:26.680+0000] {processor.py:179} INFO - Processing /home/airflow/.local/lib/python3.8/site-packages/airflow/example_dags/example_sla_dag.py took 0.248 seconds
[2025-02-14T14:40:57.664+0000] {processor.py:157} INFO - Started process (PID=1409) to work on /home/airflow/.local/lib/python3.8/site-packages/airflow/example_dags/example_sla_dag.py
[2025-02-14T14:40:57.667+0000] {processor.py:829} INFO - Processing file /home/airflow/.local/lib/python3.8/site-packages/airflow/example_dags/example_sla_dag.py for tasks to queue
[2025-02-14T14:40:57.670+0000] {logging_mixin.py:154} INFO - [2025-02-14T14:40:57.668+0000] {dagbag.py:536} INFO - Filling up the DagBag from /home/airflow/.local/lib/python3.8/site-packages/airflow/example_dags/example_sla_dag.py
[2025-02-14T14:40:57.697+0000] {processor.py:839} INFO - DAG(s) dict_keys(['example_sla_dag']) retrieved from /home/airflow/.local/lib/python3.8/site-packages/airflow/example_dags/example_sla_dag.py
[2025-02-14T14:40:57.789+0000] {logging_mixin.py:154} INFO - [2025-02-14T14:40:57.789+0000] {dag.py:2941} INFO - Sync 1 DAGs
[2025-02-14T14:40:57.861+0000] {logging_mixin.py:154} INFO - [2025-02-14T14:40:57.860+0000] {dag.py:3722} INFO - Setting next_dagrun for example_sla_dag to 2025-02-14T14:38:00+00:00, run_after=2025-02-14T14:40:00+00:00
[2025-02-14T14:40:57.903+0000] {processor.py:179} INFO - Processing /home/airflow/.local/lib/python3.8/site-packages/airflow/example_dags/example_sla_dag.py took 0.252 seconds
[2025-02-14T14:41:28.166+0000] {processor.py:157} INFO - Started process (PID=1646) to work on /home/airflow/.local/lib/python3.8/site-packages/airflow/example_dags/example_sla_dag.py
[2025-02-14T14:41:28.169+0000] {processor.py:829} INFO - Processing file /home/airflow/.local/lib/python3.8/site-packages/airflow/example_dags/example_sla_dag.py for tasks to queue
[2025-02-14T14:41:28.171+0000] {logging_mixin.py:154} INFO - [2025-02-14T14:41:28.170+0000] {dagbag.py:536} INFO - Filling up the DagBag from /home/airflow/.local/lib/python3.8/site-packages/airflow/example_dags/example_sla_dag.py
[2025-02-14T14:41:28.208+0000] {processor.py:839} INFO - DAG(s) dict_keys(['example_sla_dag']) retrieved from /home/airflow/.local/lib/python3.8/site-packages/airflow/example_dags/example_sla_dag.py
[2025-02-14T14:41:28.276+0000] {logging_mixin.py:154} INFO - [2025-02-14T14:41:28.276+0000] {dag.py:2941} INFO - Sync 1 DAGs
[2025-02-14T14:41:28.369+0000] {logging_mixin.py:154} INFO - [2025-02-14T14:41:28.369+0000] {dag.py:3722} INFO - Setting next_dagrun for example_sla_dag to 2025-02-14T14:38:00+00:00, run_after=2025-02-14T14:40:00+00:00
[2025-02-14T14:41:28.426+0000] {processor.py:179} INFO - Processing /home/airflow/.local/lib/python3.8/site-packages/airflow/example_dags/example_sla_dag.py took 0.268 seconds
[2025-02-14T14:41:58.656+0000] {processor.py:157} INFO - Started process (PID=1882) to work on /home/airflow/.local/lib/python3.8/site-packages/airflow/example_dags/example_sla_dag.py
[2025-02-14T14:41:58.659+0000] {processor.py:829} INFO - Processing file /home/airflow/.local/lib/python3.8/site-packages/airflow/example_dags/example_sla_dag.py for tasks to queue
[2025-02-14T14:41:58.661+0000] {logging_mixin.py:154} INFO - [2025-02-14T14:41:58.660+0000] {dagbag.py:536} INFO - Filling up the DagBag from /home/airflow/.local/lib/python3.8/site-packages/airflow/example_dags/example_sla_dag.py
[2025-02-14T14:41:58.685+0000] {processor.py:839} INFO - DAG(s) dict_keys(['example_sla_dag']) retrieved from /home/airflow/.local/lib/python3.8/site-packages/airflow/example_dags/example_sla_dag.py
[2025-02-14T14:41:58.750+0000] {logging_mixin.py:154} INFO - [2025-02-14T14:41:58.749+0000] {dag.py:2941} INFO - Sync 1 DAGs
[2025-02-14T14:41:58.828+0000] {logging_mixin.py:154} INFO - [2025-02-14T14:41:58.828+0000] {dag.py:3722} INFO - Setting next_dagrun for example_sla_dag to 2025-02-14T14:38:00+00:00, run_after=2025-02-14T14:40:00+00:00
[2025-02-14T14:41:58.889+0000] {processor.py:179} INFO - Processing /home/airflow/.local/lib/python3.8/site-packages/airflow/example_dags/example_sla_dag.py took 0.242 seconds
[2025-02-14T14:42:30.289+0000] {processor.py:157} INFO - Started process (PID=2120) to work on /home/airflow/.local/lib/python3.8/site-packages/airflow/example_dags/example_sla_dag.py
[2025-02-14T14:42:30.308+0000] {processor.py:829} INFO - Processing file /home/airflow/.local/lib/python3.8/site-packages/airflow/example_dags/example_sla_dag.py for tasks to queue
[2025-02-14T14:42:30.331+0000] {logging_mixin.py:154} INFO - [2025-02-14T14:42:30.325+0000] {dagbag.py:536} INFO - Filling up the DagBag from /home/airflow/.local/lib/python3.8/site-packages/airflow/example_dags/example_sla_dag.py
[2025-02-14T14:42:30.474+0000] {processor.py:839} INFO - DAG(s) dict_keys(['example_sla_dag']) retrieved from /home/airflow/.local/lib/python3.8/site-packages/airflow/example_dags/example_sla_dag.py
[2025-02-14T14:42:30.756+0000] {logging_mixin.py:154} INFO - [2025-02-14T14:42:30.752+0000] {dag.py:2941} INFO - Sync 1 DAGs
[2025-02-14T14:42:30.968+0000] {logging_mixin.py:154} INFO - [2025-02-14T14:42:30.963+0000] {dag.py:3722} INFO - Setting next_dagrun for example_sla_dag to 2025-02-14T14:40:00+00:00, run_after=2025-02-14T14:42:00+00:00
[2025-02-14T14:42:31.197+0000] {processor.py:179} INFO - Processing /home/airflow/.local/lib/python3.8/site-packages/airflow/example_dags/example_sla_dag.py took 0.959 seconds
[2025-02-14T14:43:01.925+0000] {processor.py:157} INFO - Started process (PID=2360) to work on /home/airflow/.local/lib/python3.8/site-packages/airflow/example_dags/example_sla_dag.py
[2025-02-14T14:43:01.929+0000] {processor.py:829} INFO - Processing file /home/airflow/.local/lib/python3.8/site-packages/airflow/example_dags/example_sla_dag.py for tasks to queue
[2025-02-14T14:43:01.932+0000] {logging_mixin.py:154} INFO - [2025-02-14T14:43:01.931+0000] {dagbag.py:536} INFO - Filling up the DagBag from /home/airflow/.local/lib/python3.8/site-packages/airflow/example_dags/example_sla_dag.py
[2025-02-14T14:43:01.956+0000] {processor.py:839} INFO - DAG(s) dict_keys(['example_sla_dag']) retrieved from /home/airflow/.local/lib/python3.8/site-packages/airflow/example_dags/example_sla_dag.py
[2025-02-14T14:43:02.110+0000] {logging_mixin.py:154} INFO - [2025-02-14T14:43:02.110+0000] {dag.py:2941} INFO - Sync 1 DAGs
[2025-02-14T14:43:02.272+0000] {logging_mixin.py:154} INFO - [2025-02-14T14:43:02.272+0000] {dag.py:3722} INFO - Setting next_dagrun for example_sla_dag to 2025-02-14T14:40:00+00:00, run_after=2025-02-14T14:42:00+00:00
[2025-02-14T14:43:02.401+0000] {processor.py:179} INFO - Processing /home/airflow/.local/lib/python3.8/site-packages/airflow/example_dags/example_sla_dag.py took 0.497 seconds
[2025-02-14T14:43:32.675+0000] {processor.py:157} INFO - Started process (PID=2598) to work on /home/airflow/.local/lib/python3.8/site-packages/airflow/example_dags/example_sla_dag.py
[2025-02-14T14:43:32.678+0000] {processor.py:829} INFO - Processing file /home/airflow/.local/lib/python3.8/site-packages/airflow/example_dags/example_sla_dag.py for tasks to queue
[2025-02-14T14:43:32.681+0000] {logging_mixin.py:154} INFO - [2025-02-14T14:43:32.679+0000] {dagbag.py:536} INFO - Filling up the DagBag from /home/airflow/.local/lib/python3.8/site-packages/airflow/example_dags/example_sla_dag.py
[2025-02-14T14:43:32.733+0000] {processor.py:839} INFO - DAG(s) dict_keys(['example_sla_dag']) retrieved from /home/airflow/.local/lib/python3.8/site-packages/airflow/example_dags/example_sla_dag.py
[2025-02-14T14:43:32.817+0000] {logging_mixin.py:154} INFO - [2025-02-14T14:43:32.815+0000] {dag.py:2941} INFO - Sync 1 DAGs
[2025-02-14T14:43:32.978+0000] {logging_mixin.py:154} INFO - [2025-02-14T14:43:32.978+0000] {dag.py:3722} INFO - Setting next_dagrun for example_sla_dag to 2025-02-14T14:40:00+00:00, run_after=2025-02-14T14:42:00+00:00
[2025-02-14T14:43:33.034+0000] {processor.py:179} INFO - Processing /home/airflow/.local/lib/python3.8/site-packages/airflow/example_dags/example_sla_dag.py took 0.374 seconds
[2025-02-14T14:44:03.187+0000] {processor.py:157} INFO - Started process (PID=2835) to work on /home/airflow/.local/lib/python3.8/site-packages/airflow/example_dags/example_sla_dag.py
[2025-02-14T14:44:03.190+0000] {processor.py:829} INFO - Processing file /home/airflow/.local/lib/python3.8/site-packages/airflow/example_dags/example_sla_dag.py for tasks to queue
[2025-02-14T14:44:03.192+0000] {logging_mixin.py:154} INFO - [2025-02-14T14:44:03.191+0000] {dagbag.py:536} INFO - Filling up the DagBag from /home/airflow/.local/lib/python3.8/site-packages/airflow/example_dags/example_sla_dag.py
[2025-02-14T14:44:03.218+0000] {processor.py:839} INFO - DAG(s) dict_keys(['example_sla_dag']) retrieved from /home/airflow/.local/lib/python3.8/site-packages/airflow/example_dags/example_sla_dag.py
[2025-02-14T14:44:03.311+0000] {logging_mixin.py:154} INFO - [2025-02-14T14:44:03.310+0000] {dag.py:2941} INFO - Sync 1 DAGs
[2025-02-14T14:44:03.411+0000] {logging_mixin.py:154} INFO - [2025-02-14T14:44:03.410+0000] {dag.py:3722} INFO - Setting next_dagrun for example_sla_dag to 2025-02-14T14:42:00+00:00, run_after=2025-02-14T14:44:00+00:00
[2025-02-14T14:44:03.467+0000] {processor.py:179} INFO - Processing /home/airflow/.local/lib/python3.8/site-packages/airflow/example_dags/example_sla_dag.py took 0.288 seconds
[2025-02-14T14:44:34.331+0000] {processor.py:157} INFO - Started process (PID=3090) to work on /home/airflow/.local/lib/python3.8/site-packages/airflow/example_dags/example_sla_dag.py
[2025-02-14T14:44:34.334+0000] {processor.py:829} INFO - Processing file /home/airflow/.local/lib/python3.8/site-packages/airflow/example_dags/example_sla_dag.py for tasks to queue
[2025-02-14T14:44:34.336+0000] {logging_mixin.py:154} INFO - [2025-02-14T14:44:34.336+0000] {dagbag.py:536} INFO - Filling up the DagBag from /home/airflow/.local/lib/python3.8/site-packages/airflow/example_dags/example_sla_dag.py
[2025-02-14T14:44:34.363+0000] {processor.py:839} INFO - DAG(s) dict_keys(['example_sla_dag']) retrieved from /home/airflow/.local/lib/python3.8/site-packages/airflow/example_dags/example_sla_dag.py
[2025-02-14T14:44:34.427+0000] {logging_mixin.py:154} INFO - [2025-02-14T14:44:34.426+0000] {dag.py:2941} INFO - Sync 1 DAGs
[2025-02-14T14:44:34.570+0000] {logging_mixin.py:154} INFO - [2025-02-14T14:44:34.570+0000] {dag.py:3722} INFO - Setting next_dagrun for example_sla_dag to 2025-02-14T14:42:00+00:00, run_after=2025-02-14T14:44:00+00:00
[2025-02-14T14:44:34.668+0000] {processor.py:179} INFO - Processing /home/airflow/.local/lib/python3.8/site-packages/airflow/example_dags/example_sla_dag.py took 0.348 seconds
[2025-02-14T14:45:04.757+0000] {processor.py:157} INFO - Started process (PID=3339) to work on /home/airflow/.local/lib/python3.8/site-packages/airflow/example_dags/example_sla_dag.py
[2025-02-14T14:45:04.760+0000] {processor.py:829} INFO - Processing file /home/airflow/.local/lib/python3.8/site-packages/airflow/example_dags/example_sla_dag.py for tasks to queue
[2025-02-14T14:45:04.762+0000] {logging_mixin.py:154} INFO - [2025-02-14T14:45:04.761+0000] {dagbag.py:536} INFO - Filling up the DagBag from /home/airflow/.local/lib/python3.8/site-packages/airflow/example_dags/example_sla_dag.py
[2025-02-14T14:45:04.785+0000] {processor.py:839} INFO - DAG(s) dict_keys(['example_sla_dag']) retrieved from /home/airflow/.local/lib/python3.8/site-packages/airflow/example_dags/example_sla_dag.py
[2025-02-14T14:45:04.856+0000] {logging_mixin.py:154} INFO - [2025-02-14T14:45:04.855+0000] {dag.py:2941} INFO - Sync 1 DAGs
[2025-02-14T14:45:04.987+0000] {logging_mixin.py:154} INFO - [2025-02-14T14:45:04.987+0000] {dag.py:3722} INFO - Setting next_dagrun for example_sla_dag to 2025-02-14T14:42:00+00:00, run_after=2025-02-14T14:44:00+00:00
[2025-02-14T14:45:05.052+0000] {processor.py:179} INFO - Processing /home/airflow/.local/lib/python3.8/site-packages/airflow/example_dags/example_sla_dag.py took 0.304 seconds
[2025-02-14T14:45:35.665+0000] {processor.py:157} INFO - Started process (PID=3579) to work on /home/airflow/.local/lib/python3.8/site-packages/airflow/example_dags/example_sla_dag.py
[2025-02-14T14:45:35.668+0000] {processor.py:829} INFO - Processing file /home/airflow/.local/lib/python3.8/site-packages/airflow/example_dags/example_sla_dag.py for tasks to queue
[2025-02-14T14:45:35.670+0000] {logging_mixin.py:154} INFO - [2025-02-14T14:45:35.669+0000] {dagbag.py:536} INFO - Filling up the DagBag from /home/airflow/.local/lib/python3.8/site-packages/airflow/example_dags/example_sla_dag.py
[2025-02-14T14:45:35.697+0000] {processor.py:839} INFO - DAG(s) dict_keys(['example_sla_dag']) retrieved from /home/airflow/.local/lib/python3.8/site-packages/airflow/example_dags/example_sla_dag.py
[2025-02-14T14:45:35.759+0000] {logging_mixin.py:154} INFO - [2025-02-14T14:45:35.758+0000] {dag.py:2941} INFO - Sync 1 DAGs
[2025-02-14T14:45:35.811+0000] {logging_mixin.py:154} INFO - [2025-02-14T14:45:35.810+0000] {dag.py:3722} INFO - Setting next_dagrun for example_sla_dag to 2025-02-14T14:42:00+00:00, run_after=2025-02-14T14:44:00+00:00
[2025-02-14T14:45:35.879+0000] {processor.py:179} INFO - Processing /home/airflow/.local/lib/python3.8/site-packages/airflow/example_dags/example_sla_dag.py took 0.233 seconds
[2025-02-14T14:46:06.159+0000] {processor.py:157} INFO - Started process (PID=3812) to work on /home/airflow/.local/lib/python3.8/site-packages/airflow/example_dags/example_sla_dag.py
[2025-02-14T14:46:06.161+0000] {processor.py:829} INFO - Processing file /home/airflow/.local/lib/python3.8/site-packages/airflow/example_dags/example_sla_dag.py for tasks to queue
[2025-02-14T14:46:06.164+0000] {logging_mixin.py:154} INFO - [2025-02-14T14:46:06.163+0000] {dagbag.py:536} INFO - Filling up the DagBag from /home/airflow/.local/lib/python3.8/site-packages/airflow/example_dags/example_sla_dag.py
[2025-02-14T14:46:06.191+0000] {processor.py:839} INFO - DAG(s) dict_keys(['example_sla_dag']) retrieved from /home/airflow/.local/lib/python3.8/site-packages/airflow/example_dags/example_sla_dag.py
[2025-02-14T14:46:06.254+0000] {logging_mixin.py:154} INFO - [2025-02-14T14:46:06.254+0000] {dag.py:2941} INFO - Sync 1 DAGs
[2025-02-14T14:46:06.321+0000] {logging_mixin.py:154} INFO - [2025-02-14T14:46:06.321+0000] {dag.py:3722} INFO - Setting next_dagrun for example_sla_dag to 2025-02-14T14:44:00+00:00, run_after=2025-02-14T14:46:00+00:00
[2025-02-14T14:46:06.372+0000] {processor.py:179} INFO - Processing /home/airflow/.local/lib/python3.8/site-packages/airflow/example_dags/example_sla_dag.py took 0.223 seconds
[2025-02-14T14:46:37.333+0000] {processor.py:157} INFO - Started process (PID=4049) to work on /home/airflow/.local/lib/python3.8/site-packages/airflow/example_dags/example_sla_dag.py
[2025-02-14T14:46:37.335+0000] {processor.py:829} INFO - Processing file /home/airflow/.local/lib/python3.8/site-packages/airflow/example_dags/example_sla_dag.py for tasks to queue
[2025-02-14T14:46:37.337+0000] {logging_mixin.py:154} INFO - [2025-02-14T14:46:37.337+0000] {dagbag.py:536} INFO - Filling up the DagBag from /home/airflow/.local/lib/python3.8/site-packages/airflow/example_dags/example_sla_dag.py
[2025-02-14T14:46:37.365+0000] {processor.py:839} INFO - DAG(s) dict_keys(['example_sla_dag']) retrieved from /home/airflow/.local/lib/python3.8/site-packages/airflow/example_dags/example_sla_dag.py
[2025-02-14T14:46:37.445+0000] {logging_mixin.py:154} INFO - [2025-02-14T14:46:37.443+0000] {dag.py:2941} INFO - Sync 1 DAGs
[2025-02-14T14:46:37.569+0000] {logging_mixin.py:154} INFO - [2025-02-14T14:46:37.569+0000] {dag.py:3722} INFO - Setting next_dagrun for example_sla_dag to 2025-02-14T14:44:00+00:00, run_after=2025-02-14T14:46:00+00:00
[2025-02-14T14:46:37.624+0000] {processor.py:179} INFO - Processing /home/airflow/.local/lib/python3.8/site-packages/airflow/example_dags/example_sla_dag.py took 0.303 seconds
[2025-02-14T14:47:08.101+0000] {processor.py:157} INFO - Started process (PID=4287) to work on /home/airflow/.local/lib/python3.8/site-packages/airflow/example_dags/example_sla_dag.py
[2025-02-14T14:47:08.104+0000] {processor.py:829} INFO - Processing file /home/airflow/.local/lib/python3.8/site-packages/airflow/example_dags/example_sla_dag.py for tasks to queue
[2025-02-14T14:47:08.105+0000] {logging_mixin.py:154} INFO - [2025-02-14T14:47:08.105+0000] {dagbag.py:536} INFO - Filling up the DagBag from /home/airflow/.local/lib/python3.8/site-packages/airflow/example_dags/example_sla_dag.py
[2025-02-14T14:47:08.129+0000] {processor.py:839} INFO - DAG(s) dict_keys(['example_sla_dag']) retrieved from /home/airflow/.local/lib/python3.8/site-packages/airflow/example_dags/example_sla_dag.py
[2025-02-14T14:47:08.210+0000] {logging_mixin.py:154} INFO - [2025-02-14T14:47:08.209+0000] {dag.py:2941} INFO - Sync 1 DAGs
[2025-02-14T14:47:08.291+0000] {logging_mixin.py:154} INFO - [2025-02-14T14:47:08.290+0000] {dag.py:3722} INFO - Setting next_dagrun for example_sla_dag to 2025-02-14T14:44:00+00:00, run_after=2025-02-14T14:46:00+00:00
[2025-02-14T14:47:08.343+0000] {processor.py:179} INFO - Processing /home/airflow/.local/lib/python3.8/site-packages/airflow/example_dags/example_sla_dag.py took 0.251 seconds
[2025-02-14T14:47:39.047+0000] {processor.py:157} INFO - Started process (PID=4524) to work on /home/airflow/.local/lib/python3.8/site-packages/airflow/example_dags/example_sla_dag.py
[2025-02-14T14:47:39.050+0000] {processor.py:829} INFO - Processing file /home/airflow/.local/lib/python3.8/site-packages/airflow/example_dags/example_sla_dag.py for tasks to queue
[2025-02-14T14:47:39.052+0000] {logging_mixin.py:154} INFO - [2025-02-14T14:47:39.051+0000] {dagbag.py:536} INFO - Filling up the DagBag from /home/airflow/.local/lib/python3.8/site-packages/airflow/example_dags/example_sla_dag.py
[2025-02-14T14:47:39.082+0000] {processor.py:839} INFO - DAG(s) dict_keys(['example_sla_dag']) retrieved from /home/airflow/.local/lib/python3.8/site-packages/airflow/example_dags/example_sla_dag.py
[2025-02-14T14:47:39.158+0000] {logging_mixin.py:154} INFO - [2025-02-14T14:47:39.156+0000] {dag.py:2941} INFO - Sync 1 DAGs
[2025-02-14T14:47:39.256+0000] {logging_mixin.py:154} INFO - [2025-02-14T14:47:39.256+0000] {dag.py:3722} INFO - Setting next_dagrun for example_sla_dag to 2025-02-14T14:44:00+00:00, run_after=2025-02-14T14:46:00+00:00
[2025-02-14T14:47:39.329+0000] {processor.py:179} INFO - Processing /home/airflow/.local/lib/python3.8/site-packages/airflow/example_dags/example_sla_dag.py took 0.292 seconds
[2025-02-14T14:48:10.215+0000] {processor.py:157} INFO - Started process (PID=4768) to work on /home/airflow/.local/lib/python3.8/site-packages/airflow/example_dags/example_sla_dag.py
[2025-02-14T14:48:10.217+0000] {processor.py:829} INFO - Processing file /home/airflow/.local/lib/python3.8/site-packages/airflow/example_dags/example_sla_dag.py for tasks to queue
[2025-02-14T14:48:10.220+0000] {logging_mixin.py:154} INFO - [2025-02-14T14:48:10.219+0000] {dagbag.py:536} INFO - Filling up the DagBag from /home/airflow/.local/lib/python3.8/site-packages/airflow/example_dags/example_sla_dag.py
[2025-02-14T14:48:10.244+0000] {processor.py:839} INFO - DAG(s) dict_keys(['example_sla_dag']) retrieved from /home/airflow/.local/lib/python3.8/site-packages/airflow/example_dags/example_sla_dag.py
[2025-02-14T14:48:10.291+0000] {logging_mixin.py:154} INFO - [2025-02-14T14:48:10.291+0000] {dag.py:2941} INFO - Sync 1 DAGs
[2025-02-14T14:48:10.316+0000] {logging_mixin.py:154} INFO - [2025-02-14T14:48:10.316+0000] {dag.py:3722} INFO - Setting next_dagrun for example_sla_dag to 2025-02-14T14:46:00+00:00, run_after=2025-02-14T14:48:00+00:00
[2025-02-14T14:48:10.334+0000] {processor.py:179} INFO - Processing /home/airflow/.local/lib/python3.8/site-packages/airflow/example_dags/example_sla_dag.py took 0.129 seconds
[2025-02-14T14:48:41.142+0000] {processor.py:157} INFO - Started process (PID=5006) to work on /home/airflow/.local/lib/python3.8/site-packages/airflow/example_dags/example_sla_dag.py
[2025-02-14T14:48:41.145+0000] {processor.py:829} INFO - Processing file /home/airflow/.local/lib/python3.8/site-packages/airflow/example_dags/example_sla_dag.py for tasks to queue
[2025-02-14T14:48:41.146+0000] {logging_mixin.py:154} INFO - [2025-02-14T14:48:41.145+0000] {dagbag.py:536} INFO - Filling up the DagBag from /home/airflow/.local/lib/python3.8/site-packages/airflow/example_dags/example_sla_dag.py
[2025-02-14T14:48:41.176+0000] {processor.py:839} INFO - DAG(s) dict_keys(['example_sla_dag']) retrieved from /home/airflow/.local/lib/python3.8/site-packages/airflow/example_dags/example_sla_dag.py
[2025-02-14T14:48:41.258+0000] {logging_mixin.py:154} INFO - [2025-02-14T14:48:41.257+0000] {dag.py:2941} INFO - Sync 1 DAGs
[2025-02-14T14:48:41.319+0000] {logging_mixin.py:154} INFO - [2025-02-14T14:48:41.318+0000] {dag.py:3722} INFO - Setting next_dagrun for example_sla_dag to 2025-02-14T14:46:00+00:00, run_after=2025-02-14T14:48:00+00:00
[2025-02-14T14:48:41.365+0000] {processor.py:179} INFO - Processing /home/airflow/.local/lib/python3.8/site-packages/airflow/example_dags/example_sla_dag.py took 0.230 seconds
[2025-02-14T14:49:12.424+0000] {processor.py:157} INFO - Started process (PID=5249) to work on /home/airflow/.local/lib/python3.8/site-packages/airflow/example_dags/example_sla_dag.py
[2025-02-14T14:49:12.428+0000] {processor.py:829} INFO - Processing file /home/airflow/.local/lib/python3.8/site-packages/airflow/example_dags/example_sla_dag.py for tasks to queue
[2025-02-14T14:49:12.432+0000] {logging_mixin.py:154} INFO - [2025-02-14T14:49:12.431+0000] {dagbag.py:536} INFO - Filling up the DagBag from /home/airflow/.local/lib/python3.8/site-packages/airflow/example_dags/example_sla_dag.py
[2025-02-14T14:49:12.485+0000] {processor.py:839} INFO - DAG(s) dict_keys(['example_sla_dag']) retrieved from /home/airflow/.local/lib/python3.8/site-packages/airflow/example_dags/example_sla_dag.py
[2025-02-14T14:49:12.667+0000] {logging_mixin.py:154} INFO - [2025-02-14T14:49:12.663+0000] {dag.py:2941} INFO - Sync 1 DAGs
[2025-02-14T14:49:12.818+0000] {logging_mixin.py:154} INFO - [2025-02-14T14:49:12.817+0000] {dag.py:3722} INFO - Setting next_dagrun for example_sla_dag to 2025-02-14T14:46:00+00:00, run_after=2025-02-14T14:48:00+00:00
[2025-02-14T14:49:12.903+0000] {processor.py:179} INFO - Processing /home/airflow/.local/lib/python3.8/site-packages/airflow/example_dags/example_sla_dag.py took 0.502 seconds
[2025-02-14T14:49:43.356+0000] {processor.py:157} INFO - Started process (PID=5486) to work on /home/airflow/.local/lib/python3.8/site-packages/airflow/example_dags/example_sla_dag.py
[2025-02-14T14:49:43.359+0000] {processor.py:829} INFO - Processing file /home/airflow/.local/lib/python3.8/site-packages/airflow/example_dags/example_sla_dag.py for tasks to queue
[2025-02-14T14:49:43.362+0000] {logging_mixin.py:154} INFO - [2025-02-14T14:49:43.361+0000] {dagbag.py:536} INFO - Filling up the DagBag from /home/airflow/.local/lib/python3.8/site-packages/airflow/example_dags/example_sla_dag.py
[2025-02-14T14:49:43.394+0000] {processor.py:839} INFO - DAG(s) dict_keys(['example_sla_dag']) retrieved from /home/airflow/.local/lib/python3.8/site-packages/airflow/example_dags/example_sla_dag.py
[2025-02-14T14:49:43.464+0000] {logging_mixin.py:154} INFO - [2025-02-14T14:49:43.463+0000] {dag.py:2941} INFO - Sync 1 DAGs
[2025-02-14T14:49:43.558+0000] {logging_mixin.py:154} INFO - [2025-02-14T14:49:43.557+0000] {dag.py:3722} INFO - Setting next_dagrun for example_sla_dag to 2025-02-14T14:46:00+00:00, run_after=2025-02-14T14:48:00+00:00
[2025-02-14T14:49:43.612+0000] {processor.py:179} INFO - Processing /home/airflow/.local/lib/python3.8/site-packages/airflow/example_dags/example_sla_dag.py took 0.270 seconds
[2025-02-14T14:50:14.512+0000] {processor.py:157} INFO - Started process (PID=5729) to work on /home/airflow/.local/lib/python3.8/site-packages/airflow/example_dags/example_sla_dag.py
[2025-02-14T14:50:14.514+0000] {processor.py:829} INFO - Processing file /home/airflow/.local/lib/python3.8/site-packages/airflow/example_dags/example_sla_dag.py for tasks to queue
[2025-02-14T14:50:14.516+0000] {logging_mixin.py:154} INFO - [2025-02-14T14:50:14.516+0000] {dagbag.py:536} INFO - Filling up the DagBag from /home/airflow/.local/lib/python3.8/site-packages/airflow/example_dags/example_sla_dag.py
[2025-02-14T14:50:14.543+0000] {processor.py:839} INFO - DAG(s) dict_keys(['example_sla_dag']) retrieved from /home/airflow/.local/lib/python3.8/site-packages/airflow/example_dags/example_sla_dag.py
[2025-02-14T14:50:14.599+0000] {logging_mixin.py:154} INFO - [2025-02-14T14:50:14.599+0000] {dag.py:2941} INFO - Sync 1 DAGs
[2025-02-14T14:50:14.667+0000] {logging_mixin.py:154} INFO - [2025-02-14T14:50:14.667+0000] {dag.py:3722} INFO - Setting next_dagrun for example_sla_dag to 2025-02-14T14:48:00+00:00, run_after=2025-02-14T14:50:00+00:00
[2025-02-14T14:50:14.713+0000] {processor.py:179} INFO - Processing /home/airflow/.local/lib/python3.8/site-packages/airflow/example_dags/example_sla_dag.py took 0.221 seconds
[2025-02-14T14:50:45.705+0000] {processor.py:157} INFO - Started process (PID=5970) to work on /home/airflow/.local/lib/python3.8/site-packages/airflow/example_dags/example_sla_dag.py
[2025-02-14T14:50:45.708+0000] {processor.py:829} INFO - Processing file /home/airflow/.local/lib/python3.8/site-packages/airflow/example_dags/example_sla_dag.py for tasks to queue
[2025-02-14T14:50:45.710+0000] {logging_mixin.py:154} INFO - [2025-02-14T14:50:45.709+0000] {dagbag.py:536} INFO - Filling up the DagBag from /home/airflow/.local/lib/python3.8/site-packages/airflow/example_dags/example_sla_dag.py
[2025-02-14T14:50:45.738+0000] {processor.py:839} INFO - DAG(s) dict_keys(['example_sla_dag']) retrieved from /home/airflow/.local/lib/python3.8/site-packages/airflow/example_dags/example_sla_dag.py
[2025-02-14T14:50:45.855+0000] {logging_mixin.py:154} INFO - [2025-02-14T14:50:45.855+0000] {dag.py:2941} INFO - Sync 1 DAGs
[2025-02-14T14:50:45.981+0000] {logging_mixin.py:154} INFO - [2025-02-14T14:50:45.980+0000] {dag.py:3722} INFO - Setting next_dagrun for example_sla_dag to 2025-02-14T14:48:00+00:00, run_after=2025-02-14T14:50:00+00:00
[2025-02-14T14:50:46.074+0000] {processor.py:179} INFO - Processing /home/airflow/.local/lib/python3.8/site-packages/airflow/example_dags/example_sla_dag.py took 0.384 seconds
[2025-02-14T14:51:17.001+0000] {processor.py:157} INFO - Started process (PID=6210) to work on /home/airflow/.local/lib/python3.8/site-packages/airflow/example_dags/example_sla_dag.py
[2025-02-14T14:51:17.004+0000] {processor.py:829} INFO - Processing file /home/airflow/.local/lib/python3.8/site-packages/airflow/example_dags/example_sla_dag.py for tasks to queue
[2025-02-14T14:51:17.007+0000] {logging_mixin.py:154} INFO - [2025-02-14T14:51:17.007+0000] {dagbag.py:536} INFO - Filling up the DagBag from /home/airflow/.local/lib/python3.8/site-packages/airflow/example_dags/example_sla_dag.py
[2025-02-14T14:51:17.059+0000] {processor.py:839} INFO - DAG(s) dict_keys(['example_sla_dag']) retrieved from /home/airflow/.local/lib/python3.8/site-packages/airflow/example_dags/example_sla_dag.py
[2025-02-14T14:51:17.174+0000] {logging_mixin.py:154} INFO - [2025-02-14T14:51:17.173+0000] {dag.py:2941} INFO - Sync 1 DAGs
[2025-02-14T14:51:17.284+0000] {logging_mixin.py:154} INFO - [2025-02-14T14:51:17.284+0000] {dag.py:3722} INFO - Setting next_dagrun for example_sla_dag to 2025-02-14T14:48:00+00:00, run_after=2025-02-14T14:50:00+00:00
[2025-02-14T14:51:17.350+0000] {processor.py:179} INFO - Processing /home/airflow/.local/lib/python3.8/site-packages/airflow/example_dags/example_sla_dag.py took 0.363 seconds
[2025-02-14T14:51:47.474+0000] {processor.py:157} INFO - Started process (PID=6446) to work on /home/airflow/.local/lib/python3.8/site-packages/airflow/example_dags/example_sla_dag.py
[2025-02-14T14:51:47.476+0000] {processor.py:829} INFO - Processing file /home/airflow/.local/lib/python3.8/site-packages/airflow/example_dags/example_sla_dag.py for tasks to queue
[2025-02-14T14:51:47.478+0000] {logging_mixin.py:154} INFO - [2025-02-14T14:51:47.477+0000] {dagbag.py:536} INFO - Filling up the DagBag from /home/airflow/.local/lib/python3.8/site-packages/airflow/example_dags/example_sla_dag.py
[2025-02-14T14:51:47.505+0000] {processor.py:839} INFO - DAG(s) dict_keys(['example_sla_dag']) retrieved from /home/airflow/.local/lib/python3.8/site-packages/airflow/example_dags/example_sla_dag.py
[2025-02-14T14:51:47.577+0000] {logging_mixin.py:154} INFO - [2025-02-14T14:51:47.577+0000] {dag.py:2941} INFO - Sync 1 DAGs
[2025-02-14T14:51:47.654+0000] {logging_mixin.py:154} INFO - [2025-02-14T14:51:47.654+0000] {dag.py:3722} INFO - Setting next_dagrun for example_sla_dag to 2025-02-14T14:48:00+00:00, run_after=2025-02-14T14:50:00+00:00
[2025-02-14T14:51:47.709+0000] {processor.py:179} INFO - Processing /home/airflow/.local/lib/python3.8/site-packages/airflow/example_dags/example_sla_dag.py took 0.244 seconds
[2025-02-14T14:52:18.075+0000] {processor.py:157} INFO - Started process (PID=6684) to work on /home/airflow/.local/lib/python3.8/site-packages/airflow/example_dags/example_sla_dag.py
[2025-02-14T14:52:18.079+0000] {processor.py:829} INFO - Processing file /home/airflow/.local/lib/python3.8/site-packages/airflow/example_dags/example_sla_dag.py for tasks to queue
[2025-02-14T14:52:18.083+0000] {logging_mixin.py:154} INFO - [2025-02-14T14:52:18.080+0000] {dagbag.py:536} INFO - Filling up the DagBag from /home/airflow/.local/lib/python3.8/site-packages/airflow/example_dags/example_sla_dag.py
[2025-02-14T14:52:18.119+0000] {processor.py:839} INFO - DAG(s) dict_keys(['example_sla_dag']) retrieved from /home/airflow/.local/lib/python3.8/site-packages/airflow/example_dags/example_sla_dag.py
[2025-02-14T14:52:18.181+0000] {logging_mixin.py:154} INFO - [2025-02-14T14:52:18.180+0000] {dag.py:2941} INFO - Sync 1 DAGs
[2025-02-14T14:52:18.265+0000] {logging_mixin.py:154} INFO - [2025-02-14T14:52:18.265+0000] {dag.py:3722} INFO - Setting next_dagrun for example_sla_dag to 2025-02-14T14:50:00+00:00, run_after=2025-02-14T14:52:00+00:00
[2025-02-14T14:52:18.311+0000] {processor.py:179} INFO - Processing /home/airflow/.local/lib/python3.8/site-packages/airflow/example_dags/example_sla_dag.py took 0.254 seconds
[2025-02-14T14:52:49.140+0000] {processor.py:157} INFO - Started process (PID=6922) to work on /home/airflow/.local/lib/python3.8/site-packages/airflow/example_dags/example_sla_dag.py
[2025-02-14T14:52:49.142+0000] {processor.py:829} INFO - Processing file /home/airflow/.local/lib/python3.8/site-packages/airflow/example_dags/example_sla_dag.py for tasks to queue
[2025-02-14T14:52:49.144+0000] {logging_mixin.py:154} INFO - [2025-02-14T14:52:49.144+0000] {dagbag.py:536} INFO - Filling up the DagBag from /home/airflow/.local/lib/python3.8/site-packages/airflow/example_dags/example_sla_dag.py
[2025-02-14T14:52:49.168+0000] {processor.py:839} INFO - DAG(s) dict_keys(['example_sla_dag']) retrieved from /home/airflow/.local/lib/python3.8/site-packages/airflow/example_dags/example_sla_dag.py
[2025-02-14T14:52:49.246+0000] {logging_mixin.py:154} INFO - [2025-02-14T14:52:49.246+0000] {dag.py:2941} INFO - Sync 1 DAGs
[2025-02-14T14:52:49.330+0000] {logging_mixin.py:154} INFO - [2025-02-14T14:52:49.330+0000] {dag.py:3722} INFO - Setting next_dagrun for example_sla_dag to 2025-02-14T14:50:00+00:00, run_after=2025-02-14T14:52:00+00:00
[2025-02-14T14:52:49.377+0000] {processor.py:179} INFO - Processing /home/airflow/.local/lib/python3.8/site-packages/airflow/example_dags/example_sla_dag.py took 0.247 seconds
[2025-02-14T14:53:19.856+0000] {processor.py:157} INFO - Started process (PID=7160) to work on /home/airflow/.local/lib/python3.8/site-packages/airflow/example_dags/example_sla_dag.py
[2025-02-14T14:53:19.858+0000] {processor.py:829} INFO - Processing file /home/airflow/.local/lib/python3.8/site-packages/airflow/example_dags/example_sla_dag.py for tasks to queue
[2025-02-14T14:53:19.861+0000] {logging_mixin.py:154} INFO - [2025-02-14T14:53:19.860+0000] {dagbag.py:536} INFO - Filling up the DagBag from /home/airflow/.local/lib/python3.8/site-packages/airflow/example_dags/example_sla_dag.py
[2025-02-14T14:53:19.888+0000] {processor.py:839} INFO - DAG(s) dict_keys(['example_sla_dag']) retrieved from /home/airflow/.local/lib/python3.8/site-packages/airflow/example_dags/example_sla_dag.py
[2025-02-14T14:53:19.959+0000] {logging_mixin.py:154} INFO - [2025-02-14T14:53:19.957+0000] {dag.py:2941} INFO - Sync 1 DAGs
[2025-02-14T14:53:20.042+0000] {logging_mixin.py:154} INFO - [2025-02-14T14:53:20.042+0000] {dag.py:3722} INFO - Setting next_dagrun for example_sla_dag to 2025-02-14T14:50:00+00:00, run_after=2025-02-14T14:52:00+00:00
[2025-02-14T14:53:20.098+0000] {processor.py:179} INFO - Processing /home/airflow/.local/lib/python3.8/site-packages/airflow/example_dags/example_sla_dag.py took 0.258 seconds
[2025-02-14T14:53:50.546+0000] {processor.py:157} INFO - Started process (PID=7403) to work on /home/airflow/.local/lib/python3.8/site-packages/airflow/example_dags/example_sla_dag.py
[2025-02-14T14:53:50.558+0000] {processor.py:829} INFO - Processing file /home/airflow/.local/lib/python3.8/site-packages/airflow/example_dags/example_sla_dag.py for tasks to queue
[2025-02-14T14:53:50.560+0000] {logging_mixin.py:154} INFO - [2025-02-14T14:53:50.559+0000] {dagbag.py:536} INFO - Filling up the DagBag from /home/airflow/.local/lib/python3.8/site-packages/airflow/example_dags/example_sla_dag.py
[2025-02-14T14:53:50.595+0000] {processor.py:839} INFO - DAG(s) dict_keys(['example_sla_dag']) retrieved from /home/airflow/.local/lib/python3.8/site-packages/airflow/example_dags/example_sla_dag.py
[2025-02-14T14:53:50.675+0000] {logging_mixin.py:154} INFO - [2025-02-14T14:53:50.674+0000] {dag.py:2941} INFO - Sync 1 DAGs
[2025-02-14T14:53:50.779+0000] {logging_mixin.py:154} INFO - [2025-02-14T14:53:50.778+0000] {dag.py:3722} INFO - Setting next_dagrun for example_sla_dag to 2025-02-14T14:50:00+00:00, run_after=2025-02-14T14:52:00+00:00
[2025-02-14T14:53:50.837+0000] {processor.py:179} INFO - Processing /home/airflow/.local/lib/python3.8/site-packages/airflow/example_dags/example_sla_dag.py took 0.311 seconds
