[2025-02-14T14:38:26.764+0000] {processor.py:157} INFO - Started process (PID=314) to work on /home/airflow/.local/lib/python3.8/site-packages/airflow/example_dags/example_short_circuit_operator.py
[2025-02-14T14:38:26.767+0000] {processor.py:829} INFO - Processing file /home/airflow/.local/lib/python3.8/site-packages/airflow/example_dags/example_short_circuit_operator.py for tasks to queue
[2025-02-14T14:38:26.772+0000] {logging_mixin.py:154} INFO - [2025-02-14T14:38:26.771+0000] {dagbag.py:536} INFO - Filling up the DagBag from /home/airflow/.local/lib/python3.8/site-packages/airflow/example_dags/example_short_circuit_operator.py
[2025-02-14T14:38:26.835+0000] {processor.py:839} INFO - DAG(s) dict_keys(['example_short_circuit_operator']) retrieved from /home/airflow/.local/lib/python3.8/site-packages/airflow/example_dags/example_short_circuit_operator.py
[2025-02-14T14:38:27.252+0000] {logging_mixin.py:154} INFO - [2025-02-14T14:38:27.251+0000] {manager.py:499} INFO - Created Permission View: %s
[2025-02-14T14:38:27.285+0000] {logging_mixin.py:154} INFO - [2025-02-14T14:38:27.284+0000] {manager.py:499} INFO - Created Permission View: %s
[2025-02-14T14:38:27.301+0000] {logging_mixin.py:154} INFO - [2025-02-14T14:38:27.300+0000] {manager.py:499} INFO - Created Permission View: %s
[2025-02-14T14:38:27.302+0000] {logging_mixin.py:154} INFO - [2025-02-14T14:38:27.301+0000] {dag.py:2941} INFO - Sync 1 DAGs
[2025-02-14T14:38:27.348+0000] {logging_mixin.py:154} INFO - [2025-02-14T14:38:27.348+0000] {dag.py:2963} INFO - Creating ORM DAG for example_short_circuit_operator
[2025-02-14T14:38:27.378+0000] {logging_mixin.py:154} INFO - [2025-02-14T14:38:27.378+0000] {dag.py:3722} INFO - Setting next_dagrun for example_short_circuit_operator to 2025-02-13T14:38:27.377483+00:00, run_after=2025-02-14T14:38:27.377483+00:00
[2025-02-14T14:38:27.426+0000] {processor.py:179} INFO - Processing /home/airflow/.local/lib/python3.8/site-packages/airflow/example_dags/example_short_circuit_operator.py took 0.680 seconds
[2025-02-14T14:38:59.360+0000] {processor.py:157} INFO - Started process (PID=550) to work on /home/airflow/.local/lib/python3.8/site-packages/airflow/example_dags/example_short_circuit_operator.py
[2025-02-14T14:38:59.364+0000] {processor.py:829} INFO - Processing file /home/airflow/.local/lib/python3.8/site-packages/airflow/example_dags/example_short_circuit_operator.py for tasks to queue
[2025-02-14T14:38:59.366+0000] {logging_mixin.py:154} INFO - [2025-02-14T14:38:59.365+0000] {dagbag.py:536} INFO - Filling up the DagBag from /home/airflow/.local/lib/python3.8/site-packages/airflow/example_dags/example_short_circuit_operator.py
[2025-02-14T14:38:59.405+0000] {processor.py:839} INFO - DAG(s) dict_keys(['example_short_circuit_operator']) retrieved from /home/airflow/.local/lib/python3.8/site-packages/airflow/example_dags/example_short_circuit_operator.py
[2025-02-14T14:38:59.518+0000] {logging_mixin.py:154} INFO - [2025-02-14T14:38:59.515+0000] {dag.py:2941} INFO - Sync 1 DAGs
[2025-02-14T14:38:59.609+0000] {logging_mixin.py:154} INFO - [2025-02-14T14:38:59.607+0000] {dag.py:3722} INFO - Setting next_dagrun for example_short_circuit_operator to 2025-02-13T14:38:59.605087+00:00, run_after=2025-02-14T14:38:59.605087+00:00
[2025-02-14T14:38:59.732+0000] {processor.py:179} INFO - Processing /home/airflow/.local/lib/python3.8/site-packages/airflow/example_dags/example_short_circuit_operator.py took 0.391 seconds
[2025-02-14T14:39:30.216+0000] {processor.py:157} INFO - Started process (PID=788) to work on /home/airflow/.local/lib/python3.8/site-packages/airflow/example_dags/example_short_circuit_operator.py
[2025-02-14T14:39:30.219+0000] {processor.py:829} INFO - Processing file /home/airflow/.local/lib/python3.8/site-packages/airflow/example_dags/example_short_circuit_operator.py for tasks to queue
[2025-02-14T14:39:30.221+0000] {logging_mixin.py:154} INFO - [2025-02-14T14:39:30.221+0000] {dagbag.py:536} INFO - Filling up the DagBag from /home/airflow/.local/lib/python3.8/site-packages/airflow/example_dags/example_short_circuit_operator.py
[2025-02-14T14:39:30.244+0000] {processor.py:839} INFO - DAG(s) dict_keys(['example_short_circuit_operator']) retrieved from /home/airflow/.local/lib/python3.8/site-packages/airflow/example_dags/example_short_circuit_operator.py
[2025-02-14T14:39:30.323+0000] {logging_mixin.py:154} INFO - [2025-02-14T14:39:30.322+0000] {dag.py:2941} INFO - Sync 1 DAGs
[2025-02-14T14:39:30.400+0000] {logging_mixin.py:154} INFO - [2025-02-14T14:39:30.400+0000] {dag.py:3722} INFO - Setting next_dagrun for example_short_circuit_operator to 2025-02-13T14:39:30.399552+00:00, run_after=2025-02-14T14:39:30.399552+00:00
[2025-02-14T14:39:30.466+0000] {processor.py:179} INFO - Processing /home/airflow/.local/lib/python3.8/site-packages/airflow/example_dags/example_short_circuit_operator.py took 0.259 seconds
[2025-02-14T14:40:01.088+0000] {processor.py:157} INFO - Started process (PID=1026) to work on /home/airflow/.local/lib/python3.8/site-packages/airflow/example_dags/example_short_circuit_operator.py
[2025-02-14T14:40:01.094+0000] {processor.py:829} INFO - Processing file /home/airflow/.local/lib/python3.8/site-packages/airflow/example_dags/example_short_circuit_operator.py for tasks to queue
[2025-02-14T14:40:01.097+0000] {logging_mixin.py:154} INFO - [2025-02-14T14:40:01.095+0000] {dagbag.py:536} INFO - Filling up the DagBag from /home/airflow/.local/lib/python3.8/site-packages/airflow/example_dags/example_short_circuit_operator.py
[2025-02-14T14:40:01.137+0000] {processor.py:839} INFO - DAG(s) dict_keys(['example_short_circuit_operator']) retrieved from /home/airflow/.local/lib/python3.8/site-packages/airflow/example_dags/example_short_circuit_operator.py
[2025-02-14T14:40:01.210+0000] {logging_mixin.py:154} INFO - [2025-02-14T14:40:01.210+0000] {dag.py:2941} INFO - Sync 1 DAGs
[2025-02-14T14:40:01.288+0000] {logging_mixin.py:154} INFO - [2025-02-14T14:40:01.287+0000] {dag.py:3722} INFO - Setting next_dagrun for example_short_circuit_operator to 2025-02-13T14:40:01.286905+00:00, run_after=2025-02-14T14:40:01.286905+00:00
[2025-02-14T14:40:01.346+0000] {processor.py:179} INFO - Processing /home/airflow/.local/lib/python3.8/site-packages/airflow/example_dags/example_short_circuit_operator.py took 0.274 seconds
[2025-02-14T14:40:32.674+0000] {processor.py:157} INFO - Started process (PID=1266) to work on /home/airflow/.local/lib/python3.8/site-packages/airflow/example_dags/example_short_circuit_operator.py
[2025-02-14T14:40:32.677+0000] {processor.py:829} INFO - Processing file /home/airflow/.local/lib/python3.8/site-packages/airflow/example_dags/example_short_circuit_operator.py for tasks to queue
[2025-02-14T14:40:32.679+0000] {logging_mixin.py:154} INFO - [2025-02-14T14:40:32.678+0000] {dagbag.py:536} INFO - Filling up the DagBag from /home/airflow/.local/lib/python3.8/site-packages/airflow/example_dags/example_short_circuit_operator.py
[2025-02-14T14:40:32.705+0000] {processor.py:839} INFO - DAG(s) dict_keys(['example_short_circuit_operator']) retrieved from /home/airflow/.local/lib/python3.8/site-packages/airflow/example_dags/example_short_circuit_operator.py
[2025-02-14T14:40:32.789+0000] {logging_mixin.py:154} INFO - [2025-02-14T14:40:32.788+0000] {dag.py:2941} INFO - Sync 1 DAGs
[2025-02-14T14:40:32.866+0000] {logging_mixin.py:154} INFO - [2025-02-14T14:40:32.866+0000] {dag.py:3722} INFO - Setting next_dagrun for example_short_circuit_operator to 2025-02-13T14:40:32.864918+00:00, run_after=2025-02-14T14:40:32.864918+00:00
[2025-02-14T14:40:32.929+0000] {processor.py:179} INFO - Processing /home/airflow/.local/lib/python3.8/site-packages/airflow/example_dags/example_short_circuit_operator.py took 0.266 seconds
[2025-02-14T14:41:03.586+0000] {processor.py:157} INFO - Started process (PID=1502) to work on /home/airflow/.local/lib/python3.8/site-packages/airflow/example_dags/example_short_circuit_operator.py
[2025-02-14T14:41:03.591+0000] {processor.py:829} INFO - Processing file /home/airflow/.local/lib/python3.8/site-packages/airflow/example_dags/example_short_circuit_operator.py for tasks to queue
[2025-02-14T14:41:03.595+0000] {logging_mixin.py:154} INFO - [2025-02-14T14:41:03.594+0000] {dagbag.py:536} INFO - Filling up the DagBag from /home/airflow/.local/lib/python3.8/site-packages/airflow/example_dags/example_short_circuit_operator.py
[2025-02-14T14:41:03.657+0000] {processor.py:839} INFO - DAG(s) dict_keys(['example_short_circuit_operator']) retrieved from /home/airflow/.local/lib/python3.8/site-packages/airflow/example_dags/example_short_circuit_operator.py
[2025-02-14T14:41:03.816+0000] {logging_mixin.py:154} INFO - [2025-02-14T14:41:03.816+0000] {dag.py:2941} INFO - Sync 1 DAGs
[2025-02-14T14:41:03.913+0000] {logging_mixin.py:154} INFO - [2025-02-14T14:41:03.913+0000] {dag.py:3722} INFO - Setting next_dagrun for example_short_circuit_operator to 2025-02-13T14:41:03.912550+00:00, run_after=2025-02-14T14:41:03.912550+00:00
[2025-02-14T14:41:03.987+0000] {processor.py:179} INFO - Processing /home/airflow/.local/lib/python3.8/site-packages/airflow/example_dags/example_short_circuit_operator.py took 0.435 seconds
[2025-02-14T14:41:34.698+0000] {processor.py:157} INFO - Started process (PID=1739) to work on /home/airflow/.local/lib/python3.8/site-packages/airflow/example_dags/example_short_circuit_operator.py
[2025-02-14T14:41:34.701+0000] {processor.py:829} INFO - Processing file /home/airflow/.local/lib/python3.8/site-packages/airflow/example_dags/example_short_circuit_operator.py for tasks to queue
[2025-02-14T14:41:34.706+0000] {logging_mixin.py:154} INFO - [2025-02-14T14:41:34.703+0000] {dagbag.py:536} INFO - Filling up the DagBag from /home/airflow/.local/lib/python3.8/site-packages/airflow/example_dags/example_short_circuit_operator.py
[2025-02-14T14:41:34.731+0000] {processor.py:839} INFO - DAG(s) dict_keys(['example_short_circuit_operator']) retrieved from /home/airflow/.local/lib/python3.8/site-packages/airflow/example_dags/example_short_circuit_operator.py
[2025-02-14T14:41:34.807+0000] {logging_mixin.py:154} INFO - [2025-02-14T14:41:34.807+0000] {dag.py:2941} INFO - Sync 1 DAGs
[2025-02-14T14:41:34.911+0000] {logging_mixin.py:154} INFO - [2025-02-14T14:41:34.910+0000] {dag.py:3722} INFO - Setting next_dagrun for example_short_circuit_operator to 2025-02-13T14:41:34.908647+00:00, run_after=2025-02-14T14:41:34.908647+00:00
[2025-02-14T14:41:35.026+0000] {processor.py:179} INFO - Processing /home/airflow/.local/lib/python3.8/site-packages/airflow/example_dags/example_short_circuit_operator.py took 0.338 seconds
[2025-02-14T14:42:05.538+0000] {processor.py:157} INFO - Started process (PID=1979) to work on /home/airflow/.local/lib/python3.8/site-packages/airflow/example_dags/example_short_circuit_operator.py
[2025-02-14T14:42:05.541+0000] {processor.py:829} INFO - Processing file /home/airflow/.local/lib/python3.8/site-packages/airflow/example_dags/example_short_circuit_operator.py for tasks to queue
[2025-02-14T14:42:05.546+0000] {logging_mixin.py:154} INFO - [2025-02-14T14:42:05.544+0000] {dagbag.py:536} INFO - Filling up the DagBag from /home/airflow/.local/lib/python3.8/site-packages/airflow/example_dags/example_short_circuit_operator.py
[2025-02-14T14:42:05.576+0000] {processor.py:839} INFO - DAG(s) dict_keys(['example_short_circuit_operator']) retrieved from /home/airflow/.local/lib/python3.8/site-packages/airflow/example_dags/example_short_circuit_operator.py
[2025-02-14T14:42:05.636+0000] {logging_mixin.py:154} INFO - [2025-02-14T14:42:05.636+0000] {dag.py:2941} INFO - Sync 1 DAGs
[2025-02-14T14:42:05.705+0000] {logging_mixin.py:154} INFO - [2025-02-14T14:42:05.704+0000] {dag.py:3722} INFO - Setting next_dagrun for example_short_circuit_operator to 2025-02-13T14:42:05.704053+00:00, run_after=2025-02-14T14:42:05.704053+00:00
[2025-02-14T14:42:05.756+0000] {processor.py:179} INFO - Processing /home/airflow/.local/lib/python3.8/site-packages/airflow/example_dags/example_short_circuit_operator.py took 0.236 seconds
[2025-02-14T14:42:35.929+0000] {processor.py:157} INFO - Started process (PID=2215) to work on /home/airflow/.local/lib/python3.8/site-packages/airflow/example_dags/example_short_circuit_operator.py
[2025-02-14T14:42:35.932+0000] {processor.py:829} INFO - Processing file /home/airflow/.local/lib/python3.8/site-packages/airflow/example_dags/example_short_circuit_operator.py for tasks to queue
[2025-02-14T14:42:35.943+0000] {logging_mixin.py:154} INFO - [2025-02-14T14:42:35.943+0000] {dagbag.py:536} INFO - Filling up the DagBag from /home/airflow/.local/lib/python3.8/site-packages/airflow/example_dags/example_short_circuit_operator.py
[2025-02-14T14:42:35.973+0000] {processor.py:839} INFO - DAG(s) dict_keys(['example_short_circuit_operator']) retrieved from /home/airflow/.local/lib/python3.8/site-packages/airflow/example_dags/example_short_circuit_operator.py
[2025-02-14T14:42:36.048+0000] {logging_mixin.py:154} INFO - [2025-02-14T14:42:36.047+0000] {dag.py:2941} INFO - Sync 1 DAGs
[2025-02-14T14:42:36.108+0000] {logging_mixin.py:154} INFO - [2025-02-14T14:42:36.107+0000] {dag.py:3722} INFO - Setting next_dagrun for example_short_circuit_operator to 2025-02-13T14:42:36.106969+00:00, run_after=2025-02-14T14:42:36.106969+00:00
[2025-02-14T14:42:36.168+0000] {processor.py:179} INFO - Processing /home/airflow/.local/lib/python3.8/site-packages/airflow/example_dags/example_short_circuit_operator.py took 0.249 seconds
[2025-02-14T14:43:06.825+0000] {processor.py:157} INFO - Started process (PID=2453) to work on /home/airflow/.local/lib/python3.8/site-packages/airflow/example_dags/example_short_circuit_operator.py
[2025-02-14T14:43:06.828+0000] {processor.py:829} INFO - Processing file /home/airflow/.local/lib/python3.8/site-packages/airflow/example_dags/example_short_circuit_operator.py for tasks to queue
[2025-02-14T14:43:06.830+0000] {logging_mixin.py:154} INFO - [2025-02-14T14:43:06.829+0000] {dagbag.py:536} INFO - Filling up the DagBag from /home/airflow/.local/lib/python3.8/site-packages/airflow/example_dags/example_short_circuit_operator.py
[2025-02-14T14:43:06.855+0000] {processor.py:839} INFO - DAG(s) dict_keys(['example_short_circuit_operator']) retrieved from /home/airflow/.local/lib/python3.8/site-packages/airflow/example_dags/example_short_circuit_operator.py
[2025-02-14T14:43:06.931+0000] {logging_mixin.py:154} INFO - [2025-02-14T14:43:06.930+0000] {dag.py:2941} INFO - Sync 1 DAGs
[2025-02-14T14:43:07.001+0000] {logging_mixin.py:154} INFO - [2025-02-14T14:43:07.000+0000] {dag.py:3722} INFO - Setting next_dagrun for example_short_circuit_operator to 2025-02-13T14:43:06.996540+00:00, run_after=2025-02-14T14:43:06.996540+00:00
[2025-02-14T14:43:07.056+0000] {processor.py:179} INFO - Processing /home/airflow/.local/lib/python3.8/site-packages/airflow/example_dags/example_short_circuit_operator.py took 0.241 seconds
[2025-02-14T14:43:37.294+0000] {processor.py:157} INFO - Started process (PID=2686) to work on /home/airflow/.local/lib/python3.8/site-packages/airflow/example_dags/example_short_circuit_operator.py
[2025-02-14T14:43:37.296+0000] {processor.py:829} INFO - Processing file /home/airflow/.local/lib/python3.8/site-packages/airflow/example_dags/example_short_circuit_operator.py for tasks to queue
[2025-02-14T14:43:37.299+0000] {logging_mixin.py:154} INFO - [2025-02-14T14:43:37.298+0000] {dagbag.py:536} INFO - Filling up the DagBag from /home/airflow/.local/lib/python3.8/site-packages/airflow/example_dags/example_short_circuit_operator.py
[2025-02-14T14:43:37.323+0000] {processor.py:839} INFO - DAG(s) dict_keys(['example_short_circuit_operator']) retrieved from /home/airflow/.local/lib/python3.8/site-packages/airflow/example_dags/example_short_circuit_operator.py
[2025-02-14T14:43:37.381+0000] {logging_mixin.py:154} INFO - [2025-02-14T14:43:37.381+0000] {dag.py:2941} INFO - Sync 1 DAGs
[2025-02-14T14:43:37.443+0000] {logging_mixin.py:154} INFO - [2025-02-14T14:43:37.442+0000] {dag.py:3722} INFO - Setting next_dagrun for example_short_circuit_operator to 2025-02-13T14:43:37.441948+00:00, run_after=2025-02-14T14:43:37.441948+00:00
[2025-02-14T14:43:37.508+0000] {processor.py:179} INFO - Processing /home/airflow/.local/lib/python3.8/site-packages/airflow/example_dags/example_short_circuit_operator.py took 0.227 seconds
[2025-02-14T14:44:08.182+0000] {processor.py:157} INFO - Started process (PID=2923) to work on /home/airflow/.local/lib/python3.8/site-packages/airflow/example_dags/example_short_circuit_operator.py
[2025-02-14T14:44:08.185+0000] {processor.py:829} INFO - Processing file /home/airflow/.local/lib/python3.8/site-packages/airflow/example_dags/example_short_circuit_operator.py for tasks to queue
[2025-02-14T14:44:08.187+0000] {logging_mixin.py:154} INFO - [2025-02-14T14:44:08.186+0000] {dagbag.py:536} INFO - Filling up the DagBag from /home/airflow/.local/lib/python3.8/site-packages/airflow/example_dags/example_short_circuit_operator.py
[2025-02-14T14:44:08.214+0000] {processor.py:839} INFO - DAG(s) dict_keys(['example_short_circuit_operator']) retrieved from /home/airflow/.local/lib/python3.8/site-packages/airflow/example_dags/example_short_circuit_operator.py
[2025-02-14T14:44:08.306+0000] {logging_mixin.py:154} INFO - [2025-02-14T14:44:08.305+0000] {dag.py:2941} INFO - Sync 1 DAGs
[2025-02-14T14:44:08.375+0000] {logging_mixin.py:154} INFO - [2025-02-14T14:44:08.375+0000] {dag.py:3722} INFO - Setting next_dagrun for example_short_circuit_operator to 2025-02-13T14:44:08.374824+00:00, run_after=2025-02-14T14:44:08.374824+00:00
[2025-02-14T14:44:08.428+0000] {processor.py:179} INFO - Processing /home/airflow/.local/lib/python3.8/site-packages/airflow/example_dags/example_short_circuit_operator.py took 0.257 seconds
[2025-02-14T14:44:38.639+0000] {processor.py:157} INFO - Started process (PID=3180) to work on /home/airflow/.local/lib/python3.8/site-packages/airflow/example_dags/example_short_circuit_operator.py
[2025-02-14T14:44:38.641+0000] {processor.py:829} INFO - Processing file /home/airflow/.local/lib/python3.8/site-packages/airflow/example_dags/example_short_circuit_operator.py for tasks to queue
[2025-02-14T14:44:38.643+0000] {logging_mixin.py:154} INFO - [2025-02-14T14:44:38.643+0000] {dagbag.py:536} INFO - Filling up the DagBag from /home/airflow/.local/lib/python3.8/site-packages/airflow/example_dags/example_short_circuit_operator.py
[2025-02-14T14:44:38.667+0000] {processor.py:839} INFO - DAG(s) dict_keys(['example_short_circuit_operator']) retrieved from /home/airflow/.local/lib/python3.8/site-packages/airflow/example_dags/example_short_circuit_operator.py
[2025-02-14T14:44:38.768+0000] {logging_mixin.py:154} INFO - [2025-02-14T14:44:38.768+0000] {dag.py:2941} INFO - Sync 1 DAGs
[2025-02-14T14:44:38.836+0000] {logging_mixin.py:154} INFO - [2025-02-14T14:44:38.835+0000] {dag.py:3722} INFO - Setting next_dagrun for example_short_circuit_operator to 2025-02-13T14:44:38.834734+00:00, run_after=2025-02-14T14:44:38.834734+00:00
[2025-02-14T14:44:38.895+0000] {processor.py:179} INFO - Processing /home/airflow/.local/lib/python3.8/site-packages/airflow/example_dags/example_short_circuit_operator.py took 0.265 seconds
[2025-02-14T14:45:09.103+0000] {processor.py:157} INFO - Started process (PID=3434) to work on /home/airflow/.local/lib/python3.8/site-packages/airflow/example_dags/example_short_circuit_operator.py
[2025-02-14T14:45:09.106+0000] {processor.py:829} INFO - Processing file /home/airflow/.local/lib/python3.8/site-packages/airflow/example_dags/example_short_circuit_operator.py for tasks to queue
[2025-02-14T14:45:09.108+0000] {logging_mixin.py:154} INFO - [2025-02-14T14:45:09.107+0000] {dagbag.py:536} INFO - Filling up the DagBag from /home/airflow/.local/lib/python3.8/site-packages/airflow/example_dags/example_short_circuit_operator.py
[2025-02-14T14:45:09.130+0000] {processor.py:839} INFO - DAG(s) dict_keys(['example_short_circuit_operator']) retrieved from /home/airflow/.local/lib/python3.8/site-packages/airflow/example_dags/example_short_circuit_operator.py
[2025-02-14T14:45:09.192+0000] {logging_mixin.py:154} INFO - [2025-02-14T14:45:09.192+0000] {dag.py:2941} INFO - Sync 1 DAGs
[2025-02-14T14:45:09.254+0000] {logging_mixin.py:154} INFO - [2025-02-14T14:45:09.254+0000] {dag.py:3722} INFO - Setting next_dagrun for example_short_circuit_operator to 2025-02-13T14:45:09.253349+00:00, run_after=2025-02-14T14:45:09.253349+00:00
[2025-02-14T14:45:09.305+0000] {processor.py:179} INFO - Processing /home/airflow/.local/lib/python3.8/site-packages/airflow/example_dags/example_short_circuit_operator.py took 0.213 seconds
[2025-02-14T14:45:40.234+0000] {processor.py:157} INFO - Started process (PID=3672) to work on /home/airflow/.local/lib/python3.8/site-packages/airflow/example_dags/example_short_circuit_operator.py
[2025-02-14T14:45:40.236+0000] {processor.py:829} INFO - Processing file /home/airflow/.local/lib/python3.8/site-packages/airflow/example_dags/example_short_circuit_operator.py for tasks to queue
[2025-02-14T14:45:40.238+0000] {logging_mixin.py:154} INFO - [2025-02-14T14:45:40.237+0000] {dagbag.py:536} INFO - Filling up the DagBag from /home/airflow/.local/lib/python3.8/site-packages/airflow/example_dags/example_short_circuit_operator.py
[2025-02-14T14:45:40.264+0000] {processor.py:839} INFO - DAG(s) dict_keys(['example_short_circuit_operator']) retrieved from /home/airflow/.local/lib/python3.8/site-packages/airflow/example_dags/example_short_circuit_operator.py
[2025-02-14T14:45:40.342+0000] {logging_mixin.py:154} INFO - [2025-02-14T14:45:40.341+0000] {dag.py:2941} INFO - Sync 1 DAGs
[2025-02-14T14:45:40.410+0000] {logging_mixin.py:154} INFO - [2025-02-14T14:45:40.409+0000] {dag.py:3722} INFO - Setting next_dagrun for example_short_circuit_operator to 2025-02-13T14:45:40.408860+00:00, run_after=2025-02-14T14:45:40.408860+00:00
[2025-02-14T14:45:40.478+0000] {processor.py:179} INFO - Processing /home/airflow/.local/lib/python3.8/site-packages/airflow/example_dags/example_short_circuit_operator.py took 0.254 seconds
[2025-02-14T14:46:11.118+0000] {processor.py:157} INFO - Started process (PID=3908) to work on /home/airflow/.local/lib/python3.8/site-packages/airflow/example_dags/example_short_circuit_operator.py
[2025-02-14T14:46:11.121+0000] {processor.py:829} INFO - Processing file /home/airflow/.local/lib/python3.8/site-packages/airflow/example_dags/example_short_circuit_operator.py for tasks to queue
[2025-02-14T14:46:11.123+0000] {logging_mixin.py:154} INFO - [2025-02-14T14:46:11.122+0000] {dagbag.py:536} INFO - Filling up the DagBag from /home/airflow/.local/lib/python3.8/site-packages/airflow/example_dags/example_short_circuit_operator.py
[2025-02-14T14:46:11.146+0000] {processor.py:839} INFO - DAG(s) dict_keys(['example_short_circuit_operator']) retrieved from /home/airflow/.local/lib/python3.8/site-packages/airflow/example_dags/example_short_circuit_operator.py
[2025-02-14T14:46:11.228+0000] {logging_mixin.py:154} INFO - [2025-02-14T14:46:11.228+0000] {dag.py:2941} INFO - Sync 1 DAGs
[2025-02-14T14:46:11.301+0000] {logging_mixin.py:154} INFO - [2025-02-14T14:46:11.299+0000] {dag.py:3722} INFO - Setting next_dagrun for example_short_circuit_operator to 2025-02-13T14:46:11.298192+00:00, run_after=2025-02-14T14:46:11.298192+00:00
[2025-02-14T14:46:11.353+0000] {processor.py:179} INFO - Processing /home/airflow/.local/lib/python3.8/site-packages/airflow/example_dags/example_short_circuit_operator.py took 0.246 seconds
[2025-02-14T14:46:42.612+0000] {processor.py:157} INFO - Started process (PID=4145) to work on /home/airflow/.local/lib/python3.8/site-packages/airflow/example_dags/example_short_circuit_operator.py
[2025-02-14T14:46:42.616+0000] {processor.py:829} INFO - Processing file /home/airflow/.local/lib/python3.8/site-packages/airflow/example_dags/example_short_circuit_operator.py for tasks to queue
[2025-02-14T14:46:42.619+0000] {logging_mixin.py:154} INFO - [2025-02-14T14:46:42.617+0000] {dagbag.py:536} INFO - Filling up the DagBag from /home/airflow/.local/lib/python3.8/site-packages/airflow/example_dags/example_short_circuit_operator.py
[2025-02-14T14:46:42.650+0000] {processor.py:839} INFO - DAG(s) dict_keys(['example_short_circuit_operator']) retrieved from /home/airflow/.local/lib/python3.8/site-packages/airflow/example_dags/example_short_circuit_operator.py
[2025-02-14T14:46:42.748+0000] {logging_mixin.py:154} INFO - [2025-02-14T14:46:42.748+0000] {dag.py:2941} INFO - Sync 1 DAGs
[2025-02-14T14:46:42.823+0000] {logging_mixin.py:154} INFO - [2025-02-14T14:46:42.822+0000] {dag.py:3722} INFO - Setting next_dagrun for example_short_circuit_operator to 2025-02-13T14:46:42.821817+00:00, run_after=2025-02-14T14:46:42.821817+00:00
[2025-02-14T14:46:42.890+0000] {processor.py:179} INFO - Processing /home/airflow/.local/lib/python3.8/site-packages/airflow/example_dags/example_short_circuit_operator.py took 0.306 seconds
[2025-02-14T14:47:13.895+0000] {processor.py:157} INFO - Started process (PID=4383) to work on /home/airflow/.local/lib/python3.8/site-packages/airflow/example_dags/example_short_circuit_operator.py
[2025-02-14T14:47:13.902+0000] {processor.py:829} INFO - Processing file /home/airflow/.local/lib/python3.8/site-packages/airflow/example_dags/example_short_circuit_operator.py for tasks to queue
[2025-02-14T14:47:13.904+0000] {logging_mixin.py:154} INFO - [2025-02-14T14:47:13.903+0000] {dagbag.py:536} INFO - Filling up the DagBag from /home/airflow/.local/lib/python3.8/site-packages/airflow/example_dags/example_short_circuit_operator.py
[2025-02-14T14:47:13.930+0000] {processor.py:839} INFO - DAG(s) dict_keys(['example_short_circuit_operator']) retrieved from /home/airflow/.local/lib/python3.8/site-packages/airflow/example_dags/example_short_circuit_operator.py
[2025-02-14T14:47:14.033+0000] {logging_mixin.py:154} INFO - [2025-02-14T14:47:14.032+0000] {dag.py:2941} INFO - Sync 1 DAGs
[2025-02-14T14:47:14.113+0000] {logging_mixin.py:154} INFO - [2025-02-14T14:47:14.112+0000] {dag.py:3722} INFO - Setting next_dagrun for example_short_circuit_operator to 2025-02-13T14:47:14.111614+00:00, run_after=2025-02-14T14:47:14.111614+00:00
[2025-02-14T14:47:14.161+0000] {processor.py:179} INFO - Processing /home/airflow/.local/lib/python3.8/site-packages/airflow/example_dags/example_short_circuit_operator.py took 0.278 seconds
[2025-02-14T14:47:45.070+0000] {processor.py:157} INFO - Started process (PID=4620) to work on /home/airflow/.local/lib/python3.8/site-packages/airflow/example_dags/example_short_circuit_operator.py
[2025-02-14T14:47:45.077+0000] {processor.py:829} INFO - Processing file /home/airflow/.local/lib/python3.8/site-packages/airflow/example_dags/example_short_circuit_operator.py for tasks to queue
[2025-02-14T14:47:45.079+0000] {logging_mixin.py:154} INFO - [2025-02-14T14:47:45.078+0000] {dagbag.py:536} INFO - Filling up the DagBag from /home/airflow/.local/lib/python3.8/site-packages/airflow/example_dags/example_short_circuit_operator.py
[2025-02-14T14:47:45.107+0000] {processor.py:839} INFO - DAG(s) dict_keys(['example_short_circuit_operator']) retrieved from /home/airflow/.local/lib/python3.8/site-packages/airflow/example_dags/example_short_circuit_operator.py
[2025-02-14T14:47:45.172+0000] {logging_mixin.py:154} INFO - [2025-02-14T14:47:45.172+0000] {dag.py:2941} INFO - Sync 1 DAGs
[2025-02-14T14:47:45.252+0000] {logging_mixin.py:154} INFO - [2025-02-14T14:47:45.252+0000] {dag.py:3722} INFO - Setting next_dagrun for example_short_circuit_operator to 2025-02-13T14:47:45.251632+00:00, run_after=2025-02-14T14:47:45.251632+00:00
[2025-02-14T14:47:45.351+0000] {processor.py:179} INFO - Processing /home/airflow/.local/lib/python3.8/site-packages/airflow/example_dags/example_short_circuit_operator.py took 0.291 seconds
[2025-02-14T14:48:15.482+0000] {processor.py:157} INFO - Started process (PID=4860) to work on /home/airflow/.local/lib/python3.8/site-packages/airflow/example_dags/example_short_circuit_operator.py
[2025-02-14T14:48:15.489+0000] {processor.py:829} INFO - Processing file /home/airflow/.local/lib/python3.8/site-packages/airflow/example_dags/example_short_circuit_operator.py for tasks to queue
[2025-02-14T14:48:15.492+0000] {logging_mixin.py:154} INFO - [2025-02-14T14:48:15.490+0000] {dagbag.py:536} INFO - Filling up the DagBag from /home/airflow/.local/lib/python3.8/site-packages/airflow/example_dags/example_short_circuit_operator.py
[2025-02-14T14:48:15.514+0000] {processor.py:839} INFO - DAG(s) dict_keys(['example_short_circuit_operator']) retrieved from /home/airflow/.local/lib/python3.8/site-packages/airflow/example_dags/example_short_circuit_operator.py
[2025-02-14T14:48:15.594+0000] {logging_mixin.py:154} INFO - [2025-02-14T14:48:15.593+0000] {dag.py:2941} INFO - Sync 1 DAGs
[2025-02-14T14:48:15.655+0000] {logging_mixin.py:154} INFO - [2025-02-14T14:48:15.654+0000] {dag.py:3722} INFO - Setting next_dagrun for example_short_circuit_operator to 2025-02-13T14:48:15.653652+00:00, run_after=2025-02-14T14:48:15.653652+00:00
[2025-02-14T14:48:15.712+0000] {processor.py:179} INFO - Processing /home/airflow/.local/lib/python3.8/site-packages/airflow/example_dags/example_short_circuit_operator.py took 0.249 seconds
[2025-02-14T14:48:46.848+0000] {processor.py:157} INFO - Started process (PID=5098) to work on /home/airflow/.local/lib/python3.8/site-packages/airflow/example_dags/example_short_circuit_operator.py
[2025-02-14T14:48:46.852+0000] {processor.py:829} INFO - Processing file /home/airflow/.local/lib/python3.8/site-packages/airflow/example_dags/example_short_circuit_operator.py for tasks to queue
[2025-02-14T14:48:46.854+0000] {logging_mixin.py:154} INFO - [2025-02-14T14:48:46.853+0000] {dagbag.py:536} INFO - Filling up the DagBag from /home/airflow/.local/lib/python3.8/site-packages/airflow/example_dags/example_short_circuit_operator.py
[2025-02-14T14:48:46.885+0000] {processor.py:839} INFO - DAG(s) dict_keys(['example_short_circuit_operator']) retrieved from /home/airflow/.local/lib/python3.8/site-packages/airflow/example_dags/example_short_circuit_operator.py
[2025-02-14T14:48:46.964+0000] {logging_mixin.py:154} INFO - [2025-02-14T14:48:46.963+0000] {dag.py:2941} INFO - Sync 1 DAGs
[2025-02-14T14:48:47.030+0000] {logging_mixin.py:154} INFO - [2025-02-14T14:48:47.030+0000] {dag.py:3722} INFO - Setting next_dagrun for example_short_circuit_operator to 2025-02-13T14:48:47.029409+00:00, run_after=2025-02-14T14:48:47.029409+00:00
[2025-02-14T14:48:47.111+0000] {processor.py:179} INFO - Processing /home/airflow/.local/lib/python3.8/site-packages/airflow/example_dags/example_short_circuit_operator.py took 0.274 seconds
[2025-02-14T14:49:17.366+0000] {processor.py:157} INFO - Started process (PID=5341) to work on /home/airflow/.local/lib/python3.8/site-packages/airflow/example_dags/example_short_circuit_operator.py
[2025-02-14T14:49:17.369+0000] {processor.py:829} INFO - Processing file /home/airflow/.local/lib/python3.8/site-packages/airflow/example_dags/example_short_circuit_operator.py for tasks to queue
[2025-02-14T14:49:17.373+0000] {logging_mixin.py:154} INFO - [2025-02-14T14:49:17.372+0000] {dagbag.py:536} INFO - Filling up the DagBag from /home/airflow/.local/lib/python3.8/site-packages/airflow/example_dags/example_short_circuit_operator.py
[2025-02-14T14:49:17.402+0000] {processor.py:839} INFO - DAG(s) dict_keys(['example_short_circuit_operator']) retrieved from /home/airflow/.local/lib/python3.8/site-packages/airflow/example_dags/example_short_circuit_operator.py
[2025-02-14T14:49:17.481+0000] {logging_mixin.py:154} INFO - [2025-02-14T14:49:17.480+0000] {dag.py:2941} INFO - Sync 1 DAGs
[2025-02-14T14:49:17.540+0000] {logging_mixin.py:154} INFO - [2025-02-14T14:49:17.540+0000] {dag.py:3722} INFO - Setting next_dagrun for example_short_circuit_operator to 2025-02-13T14:49:17.540522+00:00, run_after=2025-02-14T14:49:17.540522+00:00
[2025-02-14T14:49:17.591+0000] {processor.py:179} INFO - Processing /home/airflow/.local/lib/python3.8/site-packages/airflow/example_dags/example_short_circuit_operator.py took 0.237 seconds
[2025-02-14T14:49:48.211+0000] {processor.py:157} INFO - Started process (PID=5578) to work on /home/airflow/.local/lib/python3.8/site-packages/airflow/example_dags/example_short_circuit_operator.py
[2025-02-14T14:49:48.213+0000] {processor.py:829} INFO - Processing file /home/airflow/.local/lib/python3.8/site-packages/airflow/example_dags/example_short_circuit_operator.py for tasks to queue
[2025-02-14T14:49:48.215+0000] {logging_mixin.py:154} INFO - [2025-02-14T14:49:48.214+0000] {dagbag.py:536} INFO - Filling up the DagBag from /home/airflow/.local/lib/python3.8/site-packages/airflow/example_dags/example_short_circuit_operator.py
[2025-02-14T14:49:48.234+0000] {processor.py:839} INFO - DAG(s) dict_keys(['example_short_circuit_operator']) retrieved from /home/airflow/.local/lib/python3.8/site-packages/airflow/example_dags/example_short_circuit_operator.py
[2025-02-14T14:49:48.310+0000] {logging_mixin.py:154} INFO - [2025-02-14T14:49:48.309+0000] {dag.py:2941} INFO - Sync 1 DAGs
[2025-02-14T14:49:48.375+0000] {logging_mixin.py:154} INFO - [2025-02-14T14:49:48.375+0000] {dag.py:3722} INFO - Setting next_dagrun for example_short_circuit_operator to 2025-02-13T14:49:48.374448+00:00, run_after=2025-02-14T14:49:48.374448+00:00
[2025-02-14T14:49:48.433+0000] {processor.py:179} INFO - Processing /home/airflow/.local/lib/python3.8/site-packages/airflow/example_dags/example_short_circuit_operator.py took 0.233 seconds
[2025-02-14T14:50:19.406+0000] {processor.py:157} INFO - Started process (PID=5826) to work on /home/airflow/.local/lib/python3.8/site-packages/airflow/example_dags/example_short_circuit_operator.py
[2025-02-14T14:50:19.408+0000] {processor.py:829} INFO - Processing file /home/airflow/.local/lib/python3.8/site-packages/airflow/example_dags/example_short_circuit_operator.py for tasks to queue
[2025-02-14T14:50:19.410+0000] {logging_mixin.py:154} INFO - [2025-02-14T14:50:19.409+0000] {dagbag.py:536} INFO - Filling up the DagBag from /home/airflow/.local/lib/python3.8/site-packages/airflow/example_dags/example_short_circuit_operator.py
[2025-02-14T14:50:19.437+0000] {processor.py:839} INFO - DAG(s) dict_keys(['example_short_circuit_operator']) retrieved from /home/airflow/.local/lib/python3.8/site-packages/airflow/example_dags/example_short_circuit_operator.py
[2025-02-14T14:50:19.516+0000] {logging_mixin.py:154} INFO - [2025-02-14T14:50:19.516+0000] {dag.py:2941} INFO - Sync 1 DAGs
[2025-02-14T14:50:19.600+0000] {logging_mixin.py:154} INFO - [2025-02-14T14:50:19.600+0000] {dag.py:3722} INFO - Setting next_dagrun for example_short_circuit_operator to 2025-02-13T14:50:19.597260+00:00, run_after=2025-02-14T14:50:19.597260+00:00
[2025-02-14T14:50:19.653+0000] {processor.py:179} INFO - Processing /home/airflow/.local/lib/python3.8/site-packages/airflow/example_dags/example_short_circuit_operator.py took 0.258 seconds
[2025-02-14T14:50:50.557+0000] {processor.py:157} INFO - Started process (PID=6067) to work on /home/airflow/.local/lib/python3.8/site-packages/airflow/example_dags/example_short_circuit_operator.py
[2025-02-14T14:50:50.562+0000] {processor.py:829} INFO - Processing file /home/airflow/.local/lib/python3.8/site-packages/airflow/example_dags/example_short_circuit_operator.py for tasks to queue
[2025-02-14T14:50:50.564+0000] {logging_mixin.py:154} INFO - [2025-02-14T14:50:50.563+0000] {dagbag.py:536} INFO - Filling up the DagBag from /home/airflow/.local/lib/python3.8/site-packages/airflow/example_dags/example_short_circuit_operator.py
[2025-02-14T14:50:50.590+0000] {processor.py:839} INFO - DAG(s) dict_keys(['example_short_circuit_operator']) retrieved from /home/airflow/.local/lib/python3.8/site-packages/airflow/example_dags/example_short_circuit_operator.py
[2025-02-14T14:50:50.666+0000] {logging_mixin.py:154} INFO - [2025-02-14T14:50:50.666+0000] {dag.py:2941} INFO - Sync 1 DAGs
[2025-02-14T14:50:50.755+0000] {logging_mixin.py:154} INFO - [2025-02-14T14:50:50.751+0000] {dag.py:3722} INFO - Setting next_dagrun for example_short_circuit_operator to 2025-02-13T14:50:50.748619+00:00, run_after=2025-02-14T14:50:50.748619+00:00
[2025-02-14T14:50:50.811+0000] {processor.py:179} INFO - Processing /home/airflow/.local/lib/python3.8/site-packages/airflow/example_dags/example_short_circuit_operator.py took 0.264 seconds
[2025-02-14T14:51:21.546+0000] {processor.py:157} INFO - Started process (PID=6305) to work on /home/airflow/.local/lib/python3.8/site-packages/airflow/example_dags/example_short_circuit_operator.py
[2025-02-14T14:51:21.549+0000] {processor.py:829} INFO - Processing file /home/airflow/.local/lib/python3.8/site-packages/airflow/example_dags/example_short_circuit_operator.py for tasks to queue
[2025-02-14T14:51:21.551+0000] {logging_mixin.py:154} INFO - [2025-02-14T14:51:21.550+0000] {dagbag.py:536} INFO - Filling up the DagBag from /home/airflow/.local/lib/python3.8/site-packages/airflow/example_dags/example_short_circuit_operator.py
[2025-02-14T14:51:21.576+0000] {processor.py:839} INFO - DAG(s) dict_keys(['example_short_circuit_operator']) retrieved from /home/airflow/.local/lib/python3.8/site-packages/airflow/example_dags/example_short_circuit_operator.py
[2025-02-14T14:51:21.658+0000] {logging_mixin.py:154} INFO - [2025-02-14T14:51:21.657+0000] {dag.py:2941} INFO - Sync 1 DAGs
[2025-02-14T14:51:21.739+0000] {logging_mixin.py:154} INFO - [2025-02-14T14:51:21.738+0000] {dag.py:3722} INFO - Setting next_dagrun for example_short_circuit_operator to 2025-02-13T14:51:21.737900+00:00, run_after=2025-02-14T14:51:21.737900+00:00
[2025-02-14T14:51:21.788+0000] {processor.py:179} INFO - Processing /home/airflow/.local/lib/python3.8/site-packages/airflow/example_dags/example_short_circuit_operator.py took 0.254 seconds
[2025-02-14T14:51:52.377+0000] {processor.py:157} INFO - Started process (PID=6545) to work on /home/airflow/.local/lib/python3.8/site-packages/airflow/example_dags/example_short_circuit_operator.py
[2025-02-14T14:51:52.381+0000] {processor.py:829} INFO - Processing file /home/airflow/.local/lib/python3.8/site-packages/airflow/example_dags/example_short_circuit_operator.py for tasks to queue
[2025-02-14T14:51:52.384+0000] {logging_mixin.py:154} INFO - [2025-02-14T14:51:52.383+0000] {dagbag.py:536} INFO - Filling up the DagBag from /home/airflow/.local/lib/python3.8/site-packages/airflow/example_dags/example_short_circuit_operator.py
[2025-02-14T14:51:52.415+0000] {processor.py:839} INFO - DAG(s) dict_keys(['example_short_circuit_operator']) retrieved from /home/airflow/.local/lib/python3.8/site-packages/airflow/example_dags/example_short_circuit_operator.py
[2025-02-14T14:51:52.485+0000] {logging_mixin.py:154} INFO - [2025-02-14T14:51:52.485+0000] {dag.py:2941} INFO - Sync 1 DAGs
[2025-02-14T14:51:52.574+0000] {logging_mixin.py:154} INFO - [2025-02-14T14:51:52.572+0000] {dag.py:3722} INFO - Setting next_dagrun for example_short_circuit_operator to 2025-02-13T14:51:52.571916+00:00, run_after=2025-02-14T14:51:52.571916+00:00
[2025-02-14T14:51:52.632+0000] {processor.py:179} INFO - Processing /home/airflow/.local/lib/python3.8/site-packages/airflow/example_dags/example_short_circuit_operator.py took 0.266 seconds
[2025-02-14T14:52:23.194+0000] {processor.py:157} INFO - Started process (PID=6781) to work on /home/airflow/.local/lib/python3.8/site-packages/airflow/example_dags/example_short_circuit_operator.py
[2025-02-14T14:52:23.199+0000] {processor.py:829} INFO - Processing file /home/airflow/.local/lib/python3.8/site-packages/airflow/example_dags/example_short_circuit_operator.py for tasks to queue
[2025-02-14T14:52:23.204+0000] {logging_mixin.py:154} INFO - [2025-02-14T14:52:23.203+0000] {dagbag.py:536} INFO - Filling up the DagBag from /home/airflow/.local/lib/python3.8/site-packages/airflow/example_dags/example_short_circuit_operator.py
[2025-02-14T14:52:23.247+0000] {processor.py:839} INFO - DAG(s) dict_keys(['example_short_circuit_operator']) retrieved from /home/airflow/.local/lib/python3.8/site-packages/airflow/example_dags/example_short_circuit_operator.py
[2025-02-14T14:52:23.347+0000] {logging_mixin.py:154} INFO - [2025-02-14T14:52:23.343+0000] {dag.py:2941} INFO - Sync 1 DAGs
[2025-02-14T14:52:23.420+0000] {logging_mixin.py:154} INFO - [2025-02-14T14:52:23.419+0000] {dag.py:3722} INFO - Setting next_dagrun for example_short_circuit_operator to 2025-02-13T14:52:23.418771+00:00, run_after=2025-02-14T14:52:23.418771+00:00
[2025-02-14T14:52:23.520+0000] {processor.py:179} INFO - Processing /home/airflow/.local/lib/python3.8/site-packages/airflow/example_dags/example_short_circuit_operator.py took 0.344 seconds
[2025-02-14T14:52:53.769+0000] {processor.py:157} INFO - Started process (PID=7019) to work on /home/airflow/.local/lib/python3.8/site-packages/airflow/example_dags/example_short_circuit_operator.py
[2025-02-14T14:52:53.773+0000] {processor.py:829} INFO - Processing file /home/airflow/.local/lib/python3.8/site-packages/airflow/example_dags/example_short_circuit_operator.py for tasks to queue
[2025-02-14T14:52:53.776+0000] {logging_mixin.py:154} INFO - [2025-02-14T14:52:53.775+0000] {dagbag.py:536} INFO - Filling up the DagBag from /home/airflow/.local/lib/python3.8/site-packages/airflow/example_dags/example_short_circuit_operator.py
[2025-02-14T14:52:53.801+0000] {processor.py:839} INFO - DAG(s) dict_keys(['example_short_circuit_operator']) retrieved from /home/airflow/.local/lib/python3.8/site-packages/airflow/example_dags/example_short_circuit_operator.py
[2025-02-14T14:52:53.877+0000] {logging_mixin.py:154} INFO - [2025-02-14T14:52:53.876+0000] {dag.py:2941} INFO - Sync 1 DAGs
[2025-02-14T14:52:53.954+0000] {logging_mixin.py:154} INFO - [2025-02-14T14:52:53.954+0000] {dag.py:3722} INFO - Setting next_dagrun for example_short_circuit_operator to 2025-02-13T14:52:53.951813+00:00, run_after=2025-02-14T14:52:53.951813+00:00
[2025-02-14T14:52:54.025+0000] {processor.py:179} INFO - Processing /home/airflow/.local/lib/python3.8/site-packages/airflow/example_dags/example_short_circuit_operator.py took 0.267 seconds
[2025-02-14T14:53:24.589+0000] {processor.py:157} INFO - Started process (PID=7258) to work on /home/airflow/.local/lib/python3.8/site-packages/airflow/example_dags/example_short_circuit_operator.py
[2025-02-14T14:53:24.593+0000] {processor.py:829} INFO - Processing file /home/airflow/.local/lib/python3.8/site-packages/airflow/example_dags/example_short_circuit_operator.py for tasks to queue
[2025-02-14T14:53:24.595+0000] {logging_mixin.py:154} INFO - [2025-02-14T14:53:24.594+0000] {dagbag.py:536} INFO - Filling up the DagBag from /home/airflow/.local/lib/python3.8/site-packages/airflow/example_dags/example_short_circuit_operator.py
[2025-02-14T14:53:24.617+0000] {processor.py:839} INFO - DAG(s) dict_keys(['example_short_circuit_operator']) retrieved from /home/airflow/.local/lib/python3.8/site-packages/airflow/example_dags/example_short_circuit_operator.py
[2025-02-14T14:53:24.703+0000] {logging_mixin.py:154} INFO - [2025-02-14T14:53:24.703+0000] {dag.py:2941} INFO - Sync 1 DAGs
[2025-02-14T14:53:24.774+0000] {logging_mixin.py:154} INFO - [2025-02-14T14:53:24.773+0000] {dag.py:3722} INFO - Setting next_dagrun for example_short_circuit_operator to 2025-02-13T14:53:24.773123+00:00, run_after=2025-02-14T14:53:24.773123+00:00
[2025-02-14T14:53:24.817+0000] {processor.py:179} INFO - Processing /home/airflow/.local/lib/python3.8/site-packages/airflow/example_dags/example_short_circuit_operator.py took 0.238 seconds
[2025-02-14T14:53:55.037+0000] {processor.py:157} INFO - Started process (PID=7494) to work on /home/airflow/.local/lib/python3.8/site-packages/airflow/example_dags/example_short_circuit_operator.py
[2025-02-14T14:53:55.039+0000] {processor.py:829} INFO - Processing file /home/airflow/.local/lib/python3.8/site-packages/airflow/example_dags/example_short_circuit_operator.py for tasks to queue
[2025-02-14T14:53:55.043+0000] {logging_mixin.py:154} INFO - [2025-02-14T14:53:55.041+0000] {dagbag.py:536} INFO - Filling up the DagBag from /home/airflow/.local/lib/python3.8/site-packages/airflow/example_dags/example_short_circuit_operator.py
[2025-02-14T14:53:55.071+0000] {processor.py:839} INFO - DAG(s) dict_keys(['example_short_circuit_operator']) retrieved from /home/airflow/.local/lib/python3.8/site-packages/airflow/example_dags/example_short_circuit_operator.py
[2025-02-14T14:53:55.144+0000] {logging_mixin.py:154} INFO - [2025-02-14T14:53:55.143+0000] {dag.py:2941} INFO - Sync 1 DAGs
[2025-02-14T14:53:55.208+0000] {logging_mixin.py:154} INFO - [2025-02-14T14:53:55.207+0000] {dag.py:3722} INFO - Setting next_dagrun for example_short_circuit_operator to 2025-02-13T14:53:55.206385+00:00, run_after=2025-02-14T14:53:55.206385+00:00
[2025-02-14T14:53:55.265+0000] {processor.py:179} INFO - Processing /home/airflow/.local/lib/python3.8/site-packages/airflow/example_dags/example_short_circuit_operator.py took 0.241 seconds
