[2025-02-14T14:38:23.355+0000] {processor.py:157} INFO - Started process (PID=214) to work on /home/airflow/.local/lib/python3.8/site-packages/airflow/example_dags/example_branch_operator_decorator.py
[2025-02-14T14:38:23.358+0000] {processor.py:829} INFO - Processing file /home/airflow/.local/lib/python3.8/site-packages/airflow/example_dags/example_branch_operator_decorator.py for tasks to queue
[2025-02-14T14:38:23.360+0000] {logging_mixin.py:154} INFO - [2025-02-14T14:38:23.359+0000] {dagbag.py:536} INFO - Filling up the DagBag from /home/airflow/.local/lib/python3.8/site-packages/airflow/example_dags/example_branch_operator_decorator.py
[2025-02-14T14:38:23.399+0000] {processor.py:839} INFO - DAG(s) dict_keys(['example_branch_python_operator_decorator']) retrieved from /home/airflow/.local/lib/python3.8/site-packages/airflow/example_dags/example_branch_operator_decorator.py
[2025-02-14T14:38:23.763+0000] {logging_mixin.py:154} INFO - [2025-02-14T14:38:23.763+0000] {manager.py:499} INFO - Created Permission View: %s
[2025-02-14T14:38:23.795+0000] {logging_mixin.py:154} INFO - [2025-02-14T14:38:23.794+0000] {manager.py:499} INFO - Created Permission View: %s
[2025-02-14T14:38:23.811+0000] {logging_mixin.py:154} INFO - [2025-02-14T14:38:23.811+0000] {manager.py:499} INFO - Created Permission View: %s
[2025-02-14T14:38:23.812+0000] {logging_mixin.py:154} INFO - [2025-02-14T14:38:23.812+0000] {dag.py:2941} INFO - Sync 1 DAGs
[2025-02-14T14:38:23.842+0000] {logging_mixin.py:154} INFO - [2025-02-14T14:38:23.841+0000] {dag.py:2963} INFO - Creating ORM DAG for example_branch_python_operator_decorator
[2025-02-14T14:38:23.881+0000] {logging_mixin.py:154} INFO - [2025-02-14T14:38:23.880+0000] {dag.py:3722} INFO - Setting next_dagrun for example_branch_python_operator_decorator to 2025-02-13T00:00:00+00:00, run_after=2025-02-14T00:00:00+00:00
[2025-02-14T14:38:23.949+0000] {processor.py:179} INFO - Processing /home/airflow/.local/lib/python3.8/site-packages/airflow/example_dags/example_branch_operator_decorator.py took 0.617 seconds
[2025-02-14T14:38:54.478+0000] {processor.py:157} INFO - Started process (PID=452) to work on /home/airflow/.local/lib/python3.8/site-packages/airflow/example_dags/example_branch_operator_decorator.py
[2025-02-14T14:38:54.481+0000] {processor.py:829} INFO - Processing file /home/airflow/.local/lib/python3.8/site-packages/airflow/example_dags/example_branch_operator_decorator.py for tasks to queue
[2025-02-14T14:38:54.484+0000] {logging_mixin.py:154} INFO - [2025-02-14T14:38:54.483+0000] {dagbag.py:536} INFO - Filling up the DagBag from /home/airflow/.local/lib/python3.8/site-packages/airflow/example_dags/example_branch_operator_decorator.py
[2025-02-14T14:38:54.512+0000] {processor.py:839} INFO - DAG(s) dict_keys(['example_branch_python_operator_decorator']) retrieved from /home/airflow/.local/lib/python3.8/site-packages/airflow/example_dags/example_branch_operator_decorator.py
[2025-02-14T14:38:54.576+0000] {logging_mixin.py:154} INFO - [2025-02-14T14:38:54.576+0000] {dag.py:2941} INFO - Sync 1 DAGs
[2025-02-14T14:38:54.651+0000] {logging_mixin.py:154} INFO - [2025-02-14T14:38:54.650+0000] {dag.py:3722} INFO - Setting next_dagrun for example_branch_python_operator_decorator to 2025-02-13T00:00:00+00:00, run_after=2025-02-14T00:00:00+00:00
[2025-02-14T14:38:54.709+0000] {processor.py:179} INFO - Processing /home/airflow/.local/lib/python3.8/site-packages/airflow/example_dags/example_branch_operator_decorator.py took 0.241 seconds
[2025-02-14T14:39:25.081+0000] {processor.py:157} INFO - Started process (PID=688) to work on /home/airflow/.local/lib/python3.8/site-packages/airflow/example_dags/example_branch_operator_decorator.py
[2025-02-14T14:39:25.086+0000] {processor.py:829} INFO - Processing file /home/airflow/.local/lib/python3.8/site-packages/airflow/example_dags/example_branch_operator_decorator.py for tasks to queue
[2025-02-14T14:39:25.093+0000] {logging_mixin.py:154} INFO - [2025-02-14T14:39:25.089+0000] {dagbag.py:536} INFO - Filling up the DagBag from /home/airflow/.local/lib/python3.8/site-packages/airflow/example_dags/example_branch_operator_decorator.py
[2025-02-14T14:39:25.131+0000] {processor.py:839} INFO - DAG(s) dict_keys(['example_branch_python_operator_decorator']) retrieved from /home/airflow/.local/lib/python3.8/site-packages/airflow/example_dags/example_branch_operator_decorator.py
[2025-02-14T14:39:25.204+0000] {logging_mixin.py:154} INFO - [2025-02-14T14:39:25.204+0000] {dag.py:2941} INFO - Sync 1 DAGs
[2025-02-14T14:39:25.318+0000] {logging_mixin.py:154} INFO - [2025-02-14T14:39:25.317+0000] {dag.py:3722} INFO - Setting next_dagrun for example_branch_python_operator_decorator to 2025-02-13T00:00:00+00:00, run_after=2025-02-14T00:00:00+00:00
[2025-02-14T14:39:25.375+0000] {processor.py:179} INFO - Processing /home/airflow/.local/lib/python3.8/site-packages/airflow/example_dags/example_branch_operator_decorator.py took 0.310 seconds
[2025-02-14T14:39:55.836+0000] {processor.py:157} INFO - Started process (PID=928) to work on /home/airflow/.local/lib/python3.8/site-packages/airflow/example_dags/example_branch_operator_decorator.py
[2025-02-14T14:39:55.839+0000] {processor.py:829} INFO - Processing file /home/airflow/.local/lib/python3.8/site-packages/airflow/example_dags/example_branch_operator_decorator.py for tasks to queue
[2025-02-14T14:39:55.841+0000] {logging_mixin.py:154} INFO - [2025-02-14T14:39:55.840+0000] {dagbag.py:536} INFO - Filling up the DagBag from /home/airflow/.local/lib/python3.8/site-packages/airflow/example_dags/example_branch_operator_decorator.py
[2025-02-14T14:39:55.872+0000] {processor.py:839} INFO - DAG(s) dict_keys(['example_branch_python_operator_decorator']) retrieved from /home/airflow/.local/lib/python3.8/site-packages/airflow/example_dags/example_branch_operator_decorator.py
[2025-02-14T14:39:55.952+0000] {logging_mixin.py:154} INFO - [2025-02-14T14:39:55.952+0000] {dag.py:2941} INFO - Sync 1 DAGs
[2025-02-14T14:39:56.022+0000] {logging_mixin.py:154} INFO - [2025-02-14T14:39:56.021+0000] {dag.py:3722} INFO - Setting next_dagrun for example_branch_python_operator_decorator to 2025-02-13T00:00:00+00:00, run_after=2025-02-14T00:00:00+00:00
[2025-02-14T14:39:56.079+0000] {processor.py:179} INFO - Processing /home/airflow/.local/lib/python3.8/site-packages/airflow/example_dags/example_branch_operator_decorator.py took 0.256 seconds
[2025-02-14T14:40:26.337+0000] {processor.py:157} INFO - Started process (PID=1164) to work on /home/airflow/.local/lib/python3.8/site-packages/airflow/example_dags/example_branch_operator_decorator.py
[2025-02-14T14:40:26.339+0000] {processor.py:829} INFO - Processing file /home/airflow/.local/lib/python3.8/site-packages/airflow/example_dags/example_branch_operator_decorator.py for tasks to queue
[2025-02-14T14:40:26.341+0000] {logging_mixin.py:154} INFO - [2025-02-14T14:40:26.341+0000] {dagbag.py:536} INFO - Filling up the DagBag from /home/airflow/.local/lib/python3.8/site-packages/airflow/example_dags/example_branch_operator_decorator.py
[2025-02-14T14:40:26.373+0000] {processor.py:839} INFO - DAG(s) dict_keys(['example_branch_python_operator_decorator']) retrieved from /home/airflow/.local/lib/python3.8/site-packages/airflow/example_dags/example_branch_operator_decorator.py
[2025-02-14T14:40:26.449+0000] {logging_mixin.py:154} INFO - [2025-02-14T14:40:26.449+0000] {dag.py:2941} INFO - Sync 1 DAGs
[2025-02-14T14:40:26.519+0000] {logging_mixin.py:154} INFO - [2025-02-14T14:40:26.518+0000] {dag.py:3722} INFO - Setting next_dagrun for example_branch_python_operator_decorator to 2025-02-13T00:00:00+00:00, run_after=2025-02-14T00:00:00+00:00
[2025-02-14T14:40:26.572+0000] {processor.py:179} INFO - Processing /home/airflow/.local/lib/python3.8/site-packages/airflow/example_dags/example_branch_operator_decorator.py took 0.248 seconds
[2025-02-14T14:40:57.311+0000] {processor.py:157} INFO - Started process (PID=1404) to work on /home/airflow/.local/lib/python3.8/site-packages/airflow/example_dags/example_branch_operator_decorator.py
[2025-02-14T14:40:57.314+0000] {processor.py:829} INFO - Processing file /home/airflow/.local/lib/python3.8/site-packages/airflow/example_dags/example_branch_operator_decorator.py for tasks to queue
[2025-02-14T14:40:57.316+0000] {logging_mixin.py:154} INFO - [2025-02-14T14:40:57.315+0000] {dagbag.py:536} INFO - Filling up the DagBag from /home/airflow/.local/lib/python3.8/site-packages/airflow/example_dags/example_branch_operator_decorator.py
[2025-02-14T14:40:57.349+0000] {processor.py:839} INFO - DAG(s) dict_keys(['example_branch_python_operator_decorator']) retrieved from /home/airflow/.local/lib/python3.8/site-packages/airflow/example_dags/example_branch_operator_decorator.py
[2025-02-14T14:40:57.452+0000] {logging_mixin.py:154} INFO - [2025-02-14T14:40:57.451+0000] {dag.py:2941} INFO - Sync 1 DAGs
[2025-02-14T14:40:57.528+0000] {logging_mixin.py:154} INFO - [2025-02-14T14:40:57.528+0000] {dag.py:3722} INFO - Setting next_dagrun for example_branch_python_operator_decorator to 2025-02-13T00:00:00+00:00, run_after=2025-02-14T00:00:00+00:00
[2025-02-14T14:40:57.582+0000] {processor.py:179} INFO - Processing /home/airflow/.local/lib/python3.8/site-packages/airflow/example_dags/example_branch_operator_decorator.py took 0.282 seconds
[2025-02-14T14:41:27.861+0000] {processor.py:157} INFO - Started process (PID=1639) to work on /home/airflow/.local/lib/python3.8/site-packages/airflow/example_dags/example_branch_operator_decorator.py
[2025-02-14T14:41:27.865+0000] {processor.py:829} INFO - Processing file /home/airflow/.local/lib/python3.8/site-packages/airflow/example_dags/example_branch_operator_decorator.py for tasks to queue
[2025-02-14T14:41:27.869+0000] {logging_mixin.py:154} INFO - [2025-02-14T14:41:27.868+0000] {dagbag.py:536} INFO - Filling up the DagBag from /home/airflow/.local/lib/python3.8/site-packages/airflow/example_dags/example_branch_operator_decorator.py
[2025-02-14T14:41:27.898+0000] {processor.py:839} INFO - DAG(s) dict_keys(['example_branch_python_operator_decorator']) retrieved from /home/airflow/.local/lib/python3.8/site-packages/airflow/example_dags/example_branch_operator_decorator.py
[2025-02-14T14:41:27.979+0000] {logging_mixin.py:154} INFO - [2025-02-14T14:41:27.978+0000] {dag.py:2941} INFO - Sync 1 DAGs
[2025-02-14T14:41:28.049+0000] {logging_mixin.py:154} INFO - [2025-02-14T14:41:28.048+0000] {dag.py:3722} INFO - Setting next_dagrun for example_branch_python_operator_decorator to 2025-02-13T00:00:00+00:00, run_after=2025-02-14T00:00:00+00:00
[2025-02-14T14:41:28.101+0000] {processor.py:179} INFO - Processing /home/airflow/.local/lib/python3.8/site-packages/airflow/example_dags/example_branch_operator_decorator.py took 0.249 seconds
[2025-02-14T14:41:58.521+0000] {processor.py:157} INFO - Started process (PID=1877) to work on /home/airflow/.local/lib/python3.8/site-packages/airflow/example_dags/example_branch_operator_decorator.py
[2025-02-14T14:41:58.525+0000] {processor.py:829} INFO - Processing file /home/airflow/.local/lib/python3.8/site-packages/airflow/example_dags/example_branch_operator_decorator.py for tasks to queue
[2025-02-14T14:41:58.529+0000] {logging_mixin.py:154} INFO - [2025-02-14T14:41:58.528+0000] {dagbag.py:536} INFO - Filling up the DagBag from /home/airflow/.local/lib/python3.8/site-packages/airflow/example_dags/example_branch_operator_decorator.py
[2025-02-14T14:41:58.584+0000] {processor.py:839} INFO - DAG(s) dict_keys(['example_branch_python_operator_decorator']) retrieved from /home/airflow/.local/lib/python3.8/site-packages/airflow/example_dags/example_branch_operator_decorator.py
[2025-02-14T14:41:58.663+0000] {logging_mixin.py:154} INFO - [2025-02-14T14:41:58.662+0000] {dag.py:2941} INFO - Sync 1 DAGs
[2025-02-14T14:41:58.737+0000] {logging_mixin.py:154} INFO - [2025-02-14T14:41:58.736+0000] {dag.py:3722} INFO - Setting next_dagrun for example_branch_python_operator_decorator to 2025-02-13T00:00:00+00:00, run_after=2025-02-14T00:00:00+00:00
[2025-02-14T14:41:58.797+0000] {processor.py:179} INFO - Processing /home/airflow/.local/lib/python3.8/site-packages/airflow/example_dags/example_branch_operator_decorator.py took 0.293 seconds
[2025-02-14T14:42:29.960+0000] {processor.py:157} INFO - Started process (PID=2115) to work on /home/airflow/.local/lib/python3.8/site-packages/airflow/example_dags/example_branch_operator_decorator.py
[2025-02-14T14:42:29.962+0000] {processor.py:829} INFO - Processing file /home/airflow/.local/lib/python3.8/site-packages/airflow/example_dags/example_branch_operator_decorator.py for tasks to queue
[2025-02-14T14:42:29.973+0000] {logging_mixin.py:154} INFO - [2025-02-14T14:42:29.969+0000] {dagbag.py:536} INFO - Filling up the DagBag from /home/airflow/.local/lib/python3.8/site-packages/airflow/example_dags/example_branch_operator_decorator.py
[2025-02-14T14:42:30.050+0000] {processor.py:839} INFO - DAG(s) dict_keys(['example_branch_python_operator_decorator']) retrieved from /home/airflow/.local/lib/python3.8/site-packages/airflow/example_dags/example_branch_operator_decorator.py
[2025-02-14T14:42:30.153+0000] {logging_mixin.py:154} INFO - [2025-02-14T14:42:30.152+0000] {dag.py:2941} INFO - Sync 1 DAGs
[2025-02-14T14:42:30.414+0000] {logging_mixin.py:154} INFO - [2025-02-14T14:42:30.400+0000] {dag.py:3722} INFO - Setting next_dagrun for example_branch_python_operator_decorator to 2025-02-13T00:00:00+00:00, run_after=2025-02-14T00:00:00+00:00
[2025-02-14T14:42:30.644+0000] {processor.py:179} INFO - Processing /home/airflow/.local/lib/python3.8/site-packages/airflow/example_dags/example_branch_operator_decorator.py took 0.708 seconds
[2025-02-14T14:43:00.804+0000] {processor.py:157} INFO - Started process (PID=2353) to work on /home/airflow/.local/lib/python3.8/site-packages/airflow/example_dags/example_branch_operator_decorator.py
[2025-02-14T14:43:00.807+0000] {processor.py:829} INFO - Processing file /home/airflow/.local/lib/python3.8/site-packages/airflow/example_dags/example_branch_operator_decorator.py for tasks to queue
[2025-02-14T14:43:00.809+0000] {logging_mixin.py:154} INFO - [2025-02-14T14:43:00.808+0000] {dagbag.py:536} INFO - Filling up the DagBag from /home/airflow/.local/lib/python3.8/site-packages/airflow/example_dags/example_branch_operator_decorator.py
[2025-02-14T14:43:00.833+0000] {processor.py:839} INFO - DAG(s) dict_keys(['example_branch_python_operator_decorator']) retrieved from /home/airflow/.local/lib/python3.8/site-packages/airflow/example_dags/example_branch_operator_decorator.py
[2025-02-14T14:43:00.892+0000] {logging_mixin.py:154} INFO - [2025-02-14T14:43:00.891+0000] {dag.py:2941} INFO - Sync 1 DAGs
[2025-02-14T14:43:00.959+0000] {logging_mixin.py:154} INFO - [2025-02-14T14:43:00.958+0000] {dag.py:3722} INFO - Setting next_dagrun for example_branch_python_operator_decorator to 2025-02-13T00:00:00+00:00, run_after=2025-02-14T00:00:00+00:00
[2025-02-14T14:43:01.008+0000] {processor.py:179} INFO - Processing /home/airflow/.local/lib/python3.8/site-packages/airflow/example_dags/example_branch_operator_decorator.py took 0.215 seconds
[2025-02-14T14:43:31.289+0000] {processor.py:157} INFO - Started process (PID=2591) to work on /home/airflow/.local/lib/python3.8/site-packages/airflow/example_dags/example_branch_operator_decorator.py
[2025-02-14T14:43:31.295+0000] {processor.py:829} INFO - Processing file /home/airflow/.local/lib/python3.8/site-packages/airflow/example_dags/example_branch_operator_decorator.py for tasks to queue
[2025-02-14T14:43:31.299+0000] {logging_mixin.py:154} INFO - [2025-02-14T14:43:31.298+0000] {dagbag.py:536} INFO - Filling up the DagBag from /home/airflow/.local/lib/python3.8/site-packages/airflow/example_dags/example_branch_operator_decorator.py
[2025-02-14T14:43:31.354+0000] {processor.py:839} INFO - DAG(s) dict_keys(['example_branch_python_operator_decorator']) retrieved from /home/airflow/.local/lib/python3.8/site-packages/airflow/example_dags/example_branch_operator_decorator.py
[2025-02-14T14:43:31.425+0000] {logging_mixin.py:154} INFO - [2025-02-14T14:43:31.425+0000] {dag.py:2941} INFO - Sync 1 DAGs
[2025-02-14T14:43:31.520+0000] {logging_mixin.py:154} INFO - [2025-02-14T14:43:31.519+0000] {dag.py:3722} INFO - Setting next_dagrun for example_branch_python_operator_decorator to 2025-02-13T00:00:00+00:00, run_after=2025-02-14T00:00:00+00:00
[2025-02-14T14:43:31.584+0000] {processor.py:179} INFO - Processing /home/airflow/.local/lib/python3.8/site-packages/airflow/example_dags/example_branch_operator_decorator.py took 0.323 seconds
[2025-02-14T14:44:01.877+0000] {processor.py:157} INFO - Started process (PID=2828) to work on /home/airflow/.local/lib/python3.8/site-packages/airflow/example_dags/example_branch_operator_decorator.py
[2025-02-14T14:44:01.880+0000] {processor.py:829} INFO - Processing file /home/airflow/.local/lib/python3.8/site-packages/airflow/example_dags/example_branch_operator_decorator.py for tasks to queue
[2025-02-14T14:44:01.882+0000] {logging_mixin.py:154} INFO - [2025-02-14T14:44:01.882+0000] {dagbag.py:536} INFO - Filling up the DagBag from /home/airflow/.local/lib/python3.8/site-packages/airflow/example_dags/example_branch_operator_decorator.py
[2025-02-14T14:44:01.913+0000] {processor.py:839} INFO - DAG(s) dict_keys(['example_branch_python_operator_decorator']) retrieved from /home/airflow/.local/lib/python3.8/site-packages/airflow/example_dags/example_branch_operator_decorator.py
[2025-02-14T14:44:01.978+0000] {logging_mixin.py:154} INFO - [2025-02-14T14:44:01.977+0000] {dag.py:2941} INFO - Sync 1 DAGs
[2025-02-14T14:44:02.050+0000] {logging_mixin.py:154} INFO - [2025-02-14T14:44:02.049+0000] {dag.py:3722} INFO - Setting next_dagrun for example_branch_python_operator_decorator to 2025-02-13T00:00:00+00:00, run_after=2025-02-14T00:00:00+00:00
[2025-02-14T14:44:02.108+0000] {processor.py:179} INFO - Processing /home/airflow/.local/lib/python3.8/site-packages/airflow/example_dags/example_branch_operator_decorator.py took 0.242 seconds
[2025-02-14T14:44:33.081+0000] {processor.py:157} INFO - Started process (PID=3083) to work on /home/airflow/.local/lib/python3.8/site-packages/airflow/example_dags/example_branch_operator_decorator.py
[2025-02-14T14:44:33.083+0000] {processor.py:829} INFO - Processing file /home/airflow/.local/lib/python3.8/site-packages/airflow/example_dags/example_branch_operator_decorator.py for tasks to queue
[2025-02-14T14:44:33.085+0000] {logging_mixin.py:154} INFO - [2025-02-14T14:44:33.084+0000] {dagbag.py:536} INFO - Filling up the DagBag from /home/airflow/.local/lib/python3.8/site-packages/airflow/example_dags/example_branch_operator_decorator.py
[2025-02-14T14:44:33.123+0000] {processor.py:839} INFO - DAG(s) dict_keys(['example_branch_python_operator_decorator']) retrieved from /home/airflow/.local/lib/python3.8/site-packages/airflow/example_dags/example_branch_operator_decorator.py
[2025-02-14T14:44:33.203+0000] {logging_mixin.py:154} INFO - [2025-02-14T14:44:33.203+0000] {dag.py:2941} INFO - Sync 1 DAGs
[2025-02-14T14:44:33.281+0000] {logging_mixin.py:154} INFO - [2025-02-14T14:44:33.280+0000] {dag.py:3722} INFO - Setting next_dagrun for example_branch_python_operator_decorator to 2025-02-13T00:00:00+00:00, run_after=2025-02-14T00:00:00+00:00
[2025-02-14T14:44:33.335+0000] {processor.py:179} INFO - Processing /home/airflow/.local/lib/python3.8/site-packages/airflow/example_dags/example_branch_operator_decorator.py took 0.263 seconds
[2025-02-14T14:45:04.444+0000] {processor.py:157} INFO - Started process (PID=3332) to work on /home/airflow/.local/lib/python3.8/site-packages/airflow/example_dags/example_branch_operator_decorator.py
[2025-02-14T14:45:04.447+0000] {processor.py:829} INFO - Processing file /home/airflow/.local/lib/python3.8/site-packages/airflow/example_dags/example_branch_operator_decorator.py for tasks to queue
[2025-02-14T14:45:04.449+0000] {logging_mixin.py:154} INFO - [2025-02-14T14:45:04.448+0000] {dagbag.py:536} INFO - Filling up the DagBag from /home/airflow/.local/lib/python3.8/site-packages/airflow/example_dags/example_branch_operator_decorator.py
[2025-02-14T14:45:04.482+0000] {processor.py:839} INFO - DAG(s) dict_keys(['example_branch_python_operator_decorator']) retrieved from /home/airflow/.local/lib/python3.8/site-packages/airflow/example_dags/example_branch_operator_decorator.py
[2025-02-14T14:45:04.564+0000] {logging_mixin.py:154} INFO - [2025-02-14T14:45:04.564+0000] {dag.py:2941} INFO - Sync 1 DAGs
[2025-02-14T14:45:04.643+0000] {logging_mixin.py:154} INFO - [2025-02-14T14:45:04.642+0000] {dag.py:3722} INFO - Setting next_dagrun for example_branch_python_operator_decorator to 2025-02-13T00:00:00+00:00, run_after=2025-02-14T00:00:00+00:00
[2025-02-14T14:45:04.694+0000] {processor.py:179} INFO - Processing /home/airflow/.local/lib/python3.8/site-packages/airflow/example_dags/example_branch_operator_decorator.py took 0.264 seconds
[2025-02-14T14:45:35.320+0000] {processor.py:157} INFO - Started process (PID=3569) to work on /home/airflow/.local/lib/python3.8/site-packages/airflow/example_dags/example_branch_operator_decorator.py
[2025-02-14T14:45:35.322+0000] {processor.py:829} INFO - Processing file /home/airflow/.local/lib/python3.8/site-packages/airflow/example_dags/example_branch_operator_decorator.py for tasks to queue
[2025-02-14T14:45:35.324+0000] {logging_mixin.py:154} INFO - [2025-02-14T14:45:35.323+0000] {dagbag.py:536} INFO - Filling up the DagBag from /home/airflow/.local/lib/python3.8/site-packages/airflow/example_dags/example_branch_operator_decorator.py
[2025-02-14T14:45:35.354+0000] {processor.py:839} INFO - DAG(s) dict_keys(['example_branch_python_operator_decorator']) retrieved from /home/airflow/.local/lib/python3.8/site-packages/airflow/example_dags/example_branch_operator_decorator.py
[2025-02-14T14:45:35.421+0000] {logging_mixin.py:154} INFO - [2025-02-14T14:45:35.421+0000] {dag.py:2941} INFO - Sync 1 DAGs
[2025-02-14T14:45:35.491+0000] {logging_mixin.py:154} INFO - [2025-02-14T14:45:35.490+0000] {dag.py:3722} INFO - Setting next_dagrun for example_branch_python_operator_decorator to 2025-02-13T00:00:00+00:00, run_after=2025-02-14T00:00:00+00:00
[2025-02-14T14:45:35.553+0000] {processor.py:179} INFO - Processing /home/airflow/.local/lib/python3.8/site-packages/airflow/example_dags/example_branch_operator_decorator.py took 0.244 seconds
[2025-02-14T14:46:06.004+0000] {processor.py:157} INFO - Started process (PID=3807) to work on /home/airflow/.local/lib/python3.8/site-packages/airflow/example_dags/example_branch_operator_decorator.py
[2025-02-14T14:46:06.007+0000] {processor.py:829} INFO - Processing file /home/airflow/.local/lib/python3.8/site-packages/airflow/example_dags/example_branch_operator_decorator.py for tasks to queue
[2025-02-14T14:46:06.009+0000] {logging_mixin.py:154} INFO - [2025-02-14T14:46:06.008+0000] {dagbag.py:536} INFO - Filling up the DagBag from /home/airflow/.local/lib/python3.8/site-packages/airflow/example_dags/example_branch_operator_decorator.py
[2025-02-14T14:46:06.035+0000] {processor.py:839} INFO - DAG(s) dict_keys(['example_branch_python_operator_decorator']) retrieved from /home/airflow/.local/lib/python3.8/site-packages/airflow/example_dags/example_branch_operator_decorator.py
[2025-02-14T14:46:06.136+0000] {logging_mixin.py:154} INFO - [2025-02-14T14:46:06.136+0000] {dag.py:2941} INFO - Sync 1 DAGs
[2025-02-14T14:46:06.202+0000] {logging_mixin.py:154} INFO - [2025-02-14T14:46:06.201+0000] {dag.py:3722} INFO - Setting next_dagrun for example_branch_python_operator_decorator to 2025-02-13T00:00:00+00:00, run_after=2025-02-14T00:00:00+00:00
[2025-02-14T14:46:06.244+0000] {processor.py:179} INFO - Processing /home/airflow/.local/lib/python3.8/site-packages/airflow/example_dags/example_branch_operator_decorator.py took 0.250 seconds
[2025-02-14T14:46:37.213+0000] {processor.py:157} INFO - Started process (PID=4044) to work on /home/airflow/.local/lib/python3.8/site-packages/airflow/example_dags/example_branch_operator_decorator.py
[2025-02-14T14:46:37.216+0000] {processor.py:829} INFO - Processing file /home/airflow/.local/lib/python3.8/site-packages/airflow/example_dags/example_branch_operator_decorator.py for tasks to queue
[2025-02-14T14:46:37.219+0000] {logging_mixin.py:154} INFO - [2025-02-14T14:46:37.218+0000] {dagbag.py:536} INFO - Filling up the DagBag from /home/airflow/.local/lib/python3.8/site-packages/airflow/example_dags/example_branch_operator_decorator.py
[2025-02-14T14:46:37.257+0000] {processor.py:839} INFO - DAG(s) dict_keys(['example_branch_python_operator_decorator']) retrieved from /home/airflow/.local/lib/python3.8/site-packages/airflow/example_dags/example_branch_operator_decorator.py
[2025-02-14T14:46:37.358+0000] {logging_mixin.py:154} INFO - [2025-02-14T14:46:37.357+0000] {dag.py:2941} INFO - Sync 1 DAGs
[2025-02-14T14:46:37.435+0000] {logging_mixin.py:154} INFO - [2025-02-14T14:46:37.434+0000] {dag.py:3722} INFO - Setting next_dagrun for example_branch_python_operator_decorator to 2025-02-13T00:00:00+00:00, run_after=2025-02-14T00:00:00+00:00
[2025-02-14T14:46:37.493+0000] {processor.py:179} INFO - Processing /home/airflow/.local/lib/python3.8/site-packages/airflow/example_dags/example_branch_operator_decorator.py took 0.291 seconds
[2025-02-14T14:47:07.989+0000] {processor.py:157} INFO - Started process (PID=4282) to work on /home/airflow/.local/lib/python3.8/site-packages/airflow/example_dags/example_branch_operator_decorator.py
[2025-02-14T14:47:07.992+0000] {processor.py:829} INFO - Processing file /home/airflow/.local/lib/python3.8/site-packages/airflow/example_dags/example_branch_operator_decorator.py for tasks to queue
[2025-02-14T14:47:07.994+0000] {logging_mixin.py:154} INFO - [2025-02-14T14:47:07.993+0000] {dagbag.py:536} INFO - Filling up the DagBag from /home/airflow/.local/lib/python3.8/site-packages/airflow/example_dags/example_branch_operator_decorator.py
[2025-02-14T14:47:08.025+0000] {processor.py:839} INFO - DAG(s) dict_keys(['example_branch_python_operator_decorator']) retrieved from /home/airflow/.local/lib/python3.8/site-packages/airflow/example_dags/example_branch_operator_decorator.py
[2025-02-14T14:47:08.108+0000] {logging_mixin.py:154} INFO - [2025-02-14T14:47:08.107+0000] {dag.py:2941} INFO - Sync 1 DAGs
[2025-02-14T14:47:08.180+0000] {logging_mixin.py:154} INFO - [2025-02-14T14:47:08.179+0000] {dag.py:3722} INFO - Setting next_dagrun for example_branch_python_operator_decorator to 2025-02-13T00:00:00+00:00, run_after=2025-02-14T00:00:00+00:00
[2025-02-14T14:47:08.241+0000] {processor.py:179} INFO - Processing /home/airflow/.local/lib/python3.8/site-packages/airflow/example_dags/example_branch_operator_decorator.py took 0.263 seconds
[2025-02-14T14:47:38.950+0000] {processor.py:157} INFO - Started process (PID=4519) to work on /home/airflow/.local/lib/python3.8/site-packages/airflow/example_dags/example_branch_operator_decorator.py
[2025-02-14T14:47:38.953+0000] {processor.py:829} INFO - Processing file /home/airflow/.local/lib/python3.8/site-packages/airflow/example_dags/example_branch_operator_decorator.py for tasks to queue
[2025-02-14T14:47:38.955+0000] {logging_mixin.py:154} INFO - [2025-02-14T14:47:38.955+0000] {dagbag.py:536} INFO - Filling up the DagBag from /home/airflow/.local/lib/python3.8/site-packages/airflow/example_dags/example_branch_operator_decorator.py
[2025-02-14T14:47:38.987+0000] {processor.py:839} INFO - DAG(s) dict_keys(['example_branch_python_operator_decorator']) retrieved from /home/airflow/.local/lib/python3.8/site-packages/airflow/example_dags/example_branch_operator_decorator.py
[2025-02-14T14:47:39.063+0000] {logging_mixin.py:154} INFO - [2025-02-14T14:47:39.062+0000] {dag.py:2941} INFO - Sync 1 DAGs
[2025-02-14T14:47:39.140+0000] {logging_mixin.py:154} INFO - [2025-02-14T14:47:39.139+0000] {dag.py:3722} INFO - Setting next_dagrun for example_branch_python_operator_decorator to 2025-02-13T00:00:00+00:00, run_after=2025-02-14T00:00:00+00:00
[2025-02-14T14:47:39.189+0000] {processor.py:179} INFO - Processing /home/airflow/.local/lib/python3.8/site-packages/airflow/example_dags/example_branch_operator_decorator.py took 0.251 seconds
[2025-02-14T14:48:10.145+0000] {processor.py:157} INFO - Started process (PID=4763) to work on /home/airflow/.local/lib/python3.8/site-packages/airflow/example_dags/example_branch_operator_decorator.py
[2025-02-14T14:48:10.146+0000] {processor.py:829} INFO - Processing file /home/airflow/.local/lib/python3.8/site-packages/airflow/example_dags/example_branch_operator_decorator.py for tasks to queue
[2025-02-14T14:48:10.147+0000] {logging_mixin.py:154} INFO - [2025-02-14T14:48:10.147+0000] {dagbag.py:536} INFO - Filling up the DagBag from /home/airflow/.local/lib/python3.8/site-packages/airflow/example_dags/example_branch_operator_decorator.py
[2025-02-14T14:48:10.159+0000] {processor.py:839} INFO - DAG(s) dict_keys(['example_branch_python_operator_decorator']) retrieved from /home/airflow/.local/lib/python3.8/site-packages/airflow/example_dags/example_branch_operator_decorator.py
[2025-02-14T14:48:10.200+0000] {logging_mixin.py:154} INFO - [2025-02-14T14:48:10.200+0000] {dag.py:2941} INFO - Sync 1 DAGs
[2025-02-14T14:48:10.274+0000] {logging_mixin.py:154} INFO - [2025-02-14T14:48:10.273+0000] {dag.py:3722} INFO - Setting next_dagrun for example_branch_python_operator_decorator to 2025-02-13T00:00:00+00:00, run_after=2025-02-14T00:00:00+00:00
[2025-02-14T14:48:10.305+0000] {processor.py:179} INFO - Processing /home/airflow/.local/lib/python3.8/site-packages/airflow/example_dags/example_branch_operator_decorator.py took 0.165 seconds
[2025-02-14T14:48:41.086+0000] {processor.py:157} INFO - Started process (PID=5001) to work on /home/airflow/.local/lib/python3.8/site-packages/airflow/example_dags/example_branch_operator_decorator.py
[2025-02-14T14:48:41.091+0000] {processor.py:829} INFO - Processing file /home/airflow/.local/lib/python3.8/site-packages/airflow/example_dags/example_branch_operator_decorator.py for tasks to queue
[2025-02-14T14:48:41.093+0000] {logging_mixin.py:154} INFO - [2025-02-14T14:48:41.092+0000] {dagbag.py:536} INFO - Filling up the DagBag from /home/airflow/.local/lib/python3.8/site-packages/airflow/example_dags/example_branch_operator_decorator.py
[2025-02-14T14:48:41.129+0000] {processor.py:839} INFO - DAG(s) dict_keys(['example_branch_python_operator_decorator']) retrieved from /home/airflow/.local/lib/python3.8/site-packages/airflow/example_dags/example_branch_operator_decorator.py
[2025-02-14T14:48:41.185+0000] {logging_mixin.py:154} INFO - [2025-02-14T14:48:41.184+0000] {dag.py:2941} INFO - Sync 1 DAGs
[2025-02-14T14:48:41.272+0000] {logging_mixin.py:154} INFO - [2025-02-14T14:48:41.272+0000] {dag.py:3722} INFO - Setting next_dagrun for example_branch_python_operator_decorator to 2025-02-13T00:00:00+00:00, run_after=2025-02-14T00:00:00+00:00
[2025-02-14T14:48:41.310+0000] {processor.py:179} INFO - Processing /home/airflow/.local/lib/python3.8/site-packages/airflow/example_dags/example_branch_operator_decorator.py took 0.244 seconds
[2025-02-14T14:49:12.301+0000] {processor.py:157} INFO - Started process (PID=5244) to work on /home/airflow/.local/lib/python3.8/site-packages/airflow/example_dags/example_branch_operator_decorator.py
[2025-02-14T14:49:12.303+0000] {processor.py:829} INFO - Processing file /home/airflow/.local/lib/python3.8/site-packages/airflow/example_dags/example_branch_operator_decorator.py for tasks to queue
[2025-02-14T14:49:12.305+0000] {logging_mixin.py:154} INFO - [2025-02-14T14:49:12.304+0000] {dagbag.py:536} INFO - Filling up the DagBag from /home/airflow/.local/lib/python3.8/site-packages/airflow/example_dags/example_branch_operator_decorator.py
[2025-02-14T14:49:12.342+0000] {processor.py:839} INFO - DAG(s) dict_keys(['example_branch_python_operator_decorator']) retrieved from /home/airflow/.local/lib/python3.8/site-packages/airflow/example_dags/example_branch_operator_decorator.py
[2025-02-14T14:49:12.459+0000] {logging_mixin.py:154} INFO - [2025-02-14T14:49:12.457+0000] {dag.py:2941} INFO - Sync 1 DAGs
[2025-02-14T14:49:12.676+0000] {logging_mixin.py:154} INFO - [2025-02-14T14:49:12.676+0000] {dag.py:3722} INFO - Setting next_dagrun for example_branch_python_operator_decorator to 2025-02-13T00:00:00+00:00, run_after=2025-02-14T00:00:00+00:00
[2025-02-14T14:49:12.765+0000] {processor.py:179} INFO - Processing /home/airflow/.local/lib/python3.8/site-packages/airflow/example_dags/example_branch_operator_decorator.py took 0.476 seconds
[2025-02-14T14:49:43.251+0000] {processor.py:157} INFO - Started process (PID=5481) to work on /home/airflow/.local/lib/python3.8/site-packages/airflow/example_dags/example_branch_operator_decorator.py
[2025-02-14T14:49:43.255+0000] {processor.py:829} INFO - Processing file /home/airflow/.local/lib/python3.8/site-packages/airflow/example_dags/example_branch_operator_decorator.py for tasks to queue
[2025-02-14T14:49:43.258+0000] {logging_mixin.py:154} INFO - [2025-02-14T14:49:43.257+0000] {dagbag.py:536} INFO - Filling up the DagBag from /home/airflow/.local/lib/python3.8/site-packages/airflow/example_dags/example_branch_operator_decorator.py
[2025-02-14T14:49:43.288+0000] {processor.py:839} INFO - DAG(s) dict_keys(['example_branch_python_operator_decorator']) retrieved from /home/airflow/.local/lib/python3.8/site-packages/airflow/example_dags/example_branch_operator_decorator.py
[2025-02-14T14:49:43.373+0000] {logging_mixin.py:154} INFO - [2025-02-14T14:49:43.372+0000] {dag.py:2941} INFO - Sync 1 DAGs
[2025-02-14T14:49:43.450+0000] {logging_mixin.py:154} INFO - [2025-02-14T14:49:43.450+0000] {dag.py:3722} INFO - Setting next_dagrun for example_branch_python_operator_decorator to 2025-02-13T00:00:00+00:00, run_after=2025-02-14T00:00:00+00:00
[2025-02-14T14:49:43.515+0000] {processor.py:179} INFO - Processing /home/airflow/.local/lib/python3.8/site-packages/airflow/example_dags/example_branch_operator_decorator.py took 0.279 seconds
[2025-02-14T14:50:14.404+0000] {processor.py:157} INFO - Started process (PID=5724) to work on /home/airflow/.local/lib/python3.8/site-packages/airflow/example_dags/example_branch_operator_decorator.py
[2025-02-14T14:50:14.407+0000] {processor.py:829} INFO - Processing file /home/airflow/.local/lib/python3.8/site-packages/airflow/example_dags/example_branch_operator_decorator.py for tasks to queue
[2025-02-14T14:50:14.410+0000] {logging_mixin.py:154} INFO - [2025-02-14T14:50:14.409+0000] {dagbag.py:536} INFO - Filling up the DagBag from /home/airflow/.local/lib/python3.8/site-packages/airflow/example_dags/example_branch_operator_decorator.py
[2025-02-14T14:50:14.445+0000] {processor.py:839} INFO - DAG(s) dict_keys(['example_branch_python_operator_decorator']) retrieved from /home/airflow/.local/lib/python3.8/site-packages/airflow/example_dags/example_branch_operator_decorator.py
[2025-02-14T14:50:14.526+0000] {logging_mixin.py:154} INFO - [2025-02-14T14:50:14.526+0000] {dag.py:2941} INFO - Sync 1 DAGs
[2025-02-14T14:50:14.596+0000] {logging_mixin.py:154} INFO - [2025-02-14T14:50:14.596+0000] {dag.py:3722} INFO - Setting next_dagrun for example_branch_python_operator_decorator to 2025-02-13T00:00:00+00:00, run_after=2025-02-14T00:00:00+00:00
[2025-02-14T14:50:14.634+0000] {processor.py:179} INFO - Processing /home/airflow/.local/lib/python3.8/site-packages/airflow/example_dags/example_branch_operator_decorator.py took 0.256 seconds
[2025-02-14T14:50:45.528+0000] {processor.py:157} INFO - Started process (PID=5965) to work on /home/airflow/.local/lib/python3.8/site-packages/airflow/example_dags/example_branch_operator_decorator.py
[2025-02-14T14:50:45.532+0000] {processor.py:829} INFO - Processing file /home/airflow/.local/lib/python3.8/site-packages/airflow/example_dags/example_branch_operator_decorator.py for tasks to queue
[2025-02-14T14:50:45.534+0000] {logging_mixin.py:154} INFO - [2025-02-14T14:50:45.534+0000] {dagbag.py:536} INFO - Filling up the DagBag from /home/airflow/.local/lib/python3.8/site-packages/airflow/example_dags/example_branch_operator_decorator.py
[2025-02-14T14:50:45.565+0000] {processor.py:839} INFO - DAG(s) dict_keys(['example_branch_python_operator_decorator']) retrieved from /home/airflow/.local/lib/python3.8/site-packages/airflow/example_dags/example_branch_operator_decorator.py
[2025-02-14T14:50:45.651+0000] {logging_mixin.py:154} INFO - [2025-02-14T14:50:45.650+0000] {dag.py:2941} INFO - Sync 1 DAGs
[2025-02-14T14:50:45.732+0000] {logging_mixin.py:154} INFO - [2025-02-14T14:50:45.732+0000] {dag.py:3722} INFO - Setting next_dagrun for example_branch_python_operator_decorator to 2025-02-13T00:00:00+00:00, run_after=2025-02-14T00:00:00+00:00
[2025-02-14T14:50:45.795+0000] {processor.py:179} INFO - Processing /home/airflow/.local/lib/python3.8/site-packages/airflow/example_dags/example_branch_operator_decorator.py took 0.282 seconds
[2025-02-14T14:51:16.627+0000] {processor.py:157} INFO - Started process (PID=6205) to work on /home/airflow/.local/lib/python3.8/site-packages/airflow/example_dags/example_branch_operator_decorator.py
[2025-02-14T14:51:16.631+0000] {processor.py:829} INFO - Processing file /home/airflow/.local/lib/python3.8/site-packages/airflow/example_dags/example_branch_operator_decorator.py for tasks to queue
[2025-02-14T14:51:16.634+0000] {logging_mixin.py:154} INFO - [2025-02-14T14:51:16.633+0000] {dagbag.py:536} INFO - Filling up the DagBag from /home/airflow/.local/lib/python3.8/site-packages/airflow/example_dags/example_branch_operator_decorator.py
[2025-02-14T14:51:16.676+0000] {processor.py:839} INFO - DAG(s) dict_keys(['example_branch_python_operator_decorator']) retrieved from /home/airflow/.local/lib/python3.8/site-packages/airflow/example_dags/example_branch_operator_decorator.py
[2025-02-14T14:51:16.752+0000] {logging_mixin.py:154} INFO - [2025-02-14T14:51:16.752+0000] {dag.py:2941} INFO - Sync 1 DAGs
[2025-02-14T14:51:16.830+0000] {logging_mixin.py:154} INFO - [2025-02-14T14:51:16.829+0000] {dag.py:3722} INFO - Setting next_dagrun for example_branch_python_operator_decorator to 2025-02-13T00:00:00+00:00, run_after=2025-02-14T00:00:00+00:00
[2025-02-14T14:51:16.920+0000] {processor.py:179} INFO - Processing /home/airflow/.local/lib/python3.8/site-packages/airflow/example_dags/example_branch_operator_decorator.py took 0.305 seconds
[2025-02-14T14:51:47.381+0000] {processor.py:157} INFO - Started process (PID=6441) to work on /home/airflow/.local/lib/python3.8/site-packages/airflow/example_dags/example_branch_operator_decorator.py
[2025-02-14T14:51:47.384+0000] {processor.py:829} INFO - Processing file /home/airflow/.local/lib/python3.8/site-packages/airflow/example_dags/example_branch_operator_decorator.py for tasks to queue
[2025-02-14T14:51:47.386+0000] {logging_mixin.py:154} INFO - [2025-02-14T14:51:47.385+0000] {dagbag.py:536} INFO - Filling up the DagBag from /home/airflow/.local/lib/python3.8/site-packages/airflow/example_dags/example_branch_operator_decorator.py
[2025-02-14T14:51:47.418+0000] {processor.py:839} INFO - DAG(s) dict_keys(['example_branch_python_operator_decorator']) retrieved from /home/airflow/.local/lib/python3.8/site-packages/airflow/example_dags/example_branch_operator_decorator.py
[2025-02-14T14:51:47.493+0000] {logging_mixin.py:154} INFO - [2025-02-14T14:51:47.493+0000] {dag.py:2941} INFO - Sync 1 DAGs
[2025-02-14T14:51:47.586+0000] {logging_mixin.py:154} INFO - [2025-02-14T14:51:47.586+0000] {dag.py:3722} INFO - Setting next_dagrun for example_branch_python_operator_decorator to 2025-02-13T00:00:00+00:00, run_after=2025-02-14T00:00:00+00:00
[2025-02-14T14:51:47.638+0000] {processor.py:179} INFO - Processing /home/airflow/.local/lib/python3.8/site-packages/airflow/example_dags/example_branch_operator_decorator.py took 0.268 seconds
[2025-02-14T14:52:17.938+0000] {processor.py:157} INFO - Started process (PID=6679) to work on /home/airflow/.local/lib/python3.8/site-packages/airflow/example_dags/example_branch_operator_decorator.py
[2025-02-14T14:52:17.942+0000] {processor.py:829} INFO - Processing file /home/airflow/.local/lib/python3.8/site-packages/airflow/example_dags/example_branch_operator_decorator.py for tasks to queue
[2025-02-14T14:52:17.944+0000] {logging_mixin.py:154} INFO - [2025-02-14T14:52:17.944+0000] {dagbag.py:536} INFO - Filling up the DagBag from /home/airflow/.local/lib/python3.8/site-packages/airflow/example_dags/example_branch_operator_decorator.py
[2025-02-14T14:52:17.974+0000] {processor.py:839} INFO - DAG(s) dict_keys(['example_branch_python_operator_decorator']) retrieved from /home/airflow/.local/lib/python3.8/site-packages/airflow/example_dags/example_branch_operator_decorator.py
[2025-02-14T14:52:18.058+0000] {logging_mixin.py:154} INFO - [2025-02-14T14:52:18.057+0000] {dag.py:2941} INFO - Sync 1 DAGs
[2025-02-14T14:52:18.134+0000] {logging_mixin.py:154} INFO - [2025-02-14T14:52:18.133+0000] {dag.py:3722} INFO - Setting next_dagrun for example_branch_python_operator_decorator to 2025-02-13T00:00:00+00:00, run_after=2025-02-14T00:00:00+00:00
[2025-02-14T14:52:18.189+0000] {processor.py:179} INFO - Processing /home/airflow/.local/lib/python3.8/site-packages/airflow/example_dags/example_branch_operator_decorator.py took 0.265 seconds
[2025-02-14T14:52:49.044+0000] {processor.py:157} INFO - Started process (PID=6917) to work on /home/airflow/.local/lib/python3.8/site-packages/airflow/example_dags/example_branch_operator_decorator.py
[2025-02-14T14:52:49.047+0000] {processor.py:829} INFO - Processing file /home/airflow/.local/lib/python3.8/site-packages/airflow/example_dags/example_branch_operator_decorator.py for tasks to queue
[2025-02-14T14:52:49.049+0000] {logging_mixin.py:154} INFO - [2025-02-14T14:52:49.048+0000] {dagbag.py:536} INFO - Filling up the DagBag from /home/airflow/.local/lib/python3.8/site-packages/airflow/example_dags/example_branch_operator_decorator.py
[2025-02-14T14:52:49.092+0000] {processor.py:839} INFO - DAG(s) dict_keys(['example_branch_python_operator_decorator']) retrieved from /home/airflow/.local/lib/python3.8/site-packages/airflow/example_dags/example_branch_operator_decorator.py
[2025-02-14T14:52:49.159+0000] {logging_mixin.py:154} INFO - [2025-02-14T14:52:49.158+0000] {dag.py:2941} INFO - Sync 1 DAGs
[2025-02-14T14:52:49.245+0000] {logging_mixin.py:154} INFO - [2025-02-14T14:52:49.244+0000] {dag.py:3722} INFO - Setting next_dagrun for example_branch_python_operator_decorator to 2025-02-13T00:00:00+00:00, run_after=2025-02-14T00:00:00+00:00
[2025-02-14T14:52:49.306+0000] {processor.py:179} INFO - Processing /home/airflow/.local/lib/python3.8/site-packages/airflow/example_dags/example_branch_operator_decorator.py took 0.271 seconds
[2025-02-14T14:53:19.701+0000] {processor.py:157} INFO - Started process (PID=7155) to work on /home/airflow/.local/lib/python3.8/site-packages/airflow/example_dags/example_branch_operator_decorator.py
[2025-02-14T14:53:19.703+0000] {processor.py:829} INFO - Processing file /home/airflow/.local/lib/python3.8/site-packages/airflow/example_dags/example_branch_operator_decorator.py for tasks to queue
[2025-02-14T14:53:19.705+0000] {logging_mixin.py:154} INFO - [2025-02-14T14:53:19.704+0000] {dagbag.py:536} INFO - Filling up the DagBag from /home/airflow/.local/lib/python3.8/site-packages/airflow/example_dags/example_branch_operator_decorator.py
[2025-02-14T14:53:19.745+0000] {processor.py:839} INFO - DAG(s) dict_keys(['example_branch_python_operator_decorator']) retrieved from /home/airflow/.local/lib/python3.8/site-packages/airflow/example_dags/example_branch_operator_decorator.py
[2025-02-14T14:53:19.836+0000] {logging_mixin.py:154} INFO - [2025-02-14T14:53:19.836+0000] {dag.py:2941} INFO - Sync 1 DAGs
[2025-02-14T14:53:19.913+0000] {logging_mixin.py:154} INFO - [2025-02-14T14:53:19.913+0000] {dag.py:3722} INFO - Setting next_dagrun for example_branch_python_operator_decorator to 2025-02-13T00:00:00+00:00, run_after=2025-02-14T00:00:00+00:00
[2025-02-14T14:53:19.984+0000] {processor.py:179} INFO - Processing /home/airflow/.local/lib/python3.8/site-packages/airflow/example_dags/example_branch_operator_decorator.py took 0.294 seconds
[2025-02-14T14:53:50.177+0000] {processor.py:157} INFO - Started process (PID=7392) to work on /home/airflow/.local/lib/python3.8/site-packages/airflow/example_dags/example_branch_operator_decorator.py
[2025-02-14T14:53:50.180+0000] {processor.py:829} INFO - Processing file /home/airflow/.local/lib/python3.8/site-packages/airflow/example_dags/example_branch_operator_decorator.py for tasks to queue
[2025-02-14T14:53:50.182+0000] {logging_mixin.py:154} INFO - [2025-02-14T14:53:50.181+0000] {dagbag.py:536} INFO - Filling up the DagBag from /home/airflow/.local/lib/python3.8/site-packages/airflow/example_dags/example_branch_operator_decorator.py
[2025-02-14T14:53:50.211+0000] {processor.py:839} INFO - DAG(s) dict_keys(['example_branch_python_operator_decorator']) retrieved from /home/airflow/.local/lib/python3.8/site-packages/airflow/example_dags/example_branch_operator_decorator.py
[2025-02-14T14:53:50.279+0000] {logging_mixin.py:154} INFO - [2025-02-14T14:53:50.278+0000] {dag.py:2941} INFO - Sync 1 DAGs
[2025-02-14T14:53:50.377+0000] {logging_mixin.py:154} INFO - [2025-02-14T14:53:50.377+0000] {dag.py:3722} INFO - Setting next_dagrun for example_branch_python_operator_decorator to 2025-02-13T00:00:00+00:00, run_after=2025-02-14T00:00:00+00:00
[2025-02-14T14:53:50.438+0000] {processor.py:179} INFO - Processing /home/airflow/.local/lib/python3.8/site-packages/airflow/example_dags/example_branch_operator_decorator.py took 0.274 seconds
