[2025-02-14T14:38:28.171+0000] {processor.py:157} INFO - Started process (PID=327) to work on /home/airflow/.local/lib/python3.8/site-packages/airflow/example_dags/example_external_task_marker_dag.py
[2025-02-14T14:38:28.174+0000] {processor.py:829} INFO - Processing file /home/airflow/.local/lib/python3.8/site-packages/airflow/example_dags/example_external_task_marker_dag.py for tasks to queue
[2025-02-14T14:38:28.180+0000] {logging_mixin.py:154} INFO - [2025-02-14T14:38:28.179+0000] {dagbag.py:536} INFO - Filling up the DagBag from /home/airflow/.local/lib/python3.8/site-packages/airflow/example_dags/example_external_task_marker_dag.py
[2025-02-14T14:38:28.205+0000] {processor.py:839} INFO - DAG(s) dict_keys(['example_external_task_marker_child', 'example_external_task_marker_parent']) retrieved from /home/airflow/.local/lib/python3.8/site-packages/airflow/example_dags/example_external_task_marker_dag.py
[2025-02-14T14:38:28.982+0000] {logging_mixin.py:154} INFO - [2025-02-14T14:38:28.981+0000] {manager.py:499} INFO - Created Permission View: %s
[2025-02-14T14:38:29.036+0000] {logging_mixin.py:154} INFO - [2025-02-14T14:38:29.033+0000] {manager.py:499} INFO - Created Permission View: %s
[2025-02-14T14:38:29.073+0000] {logging_mixin.py:154} INFO - [2025-02-14T14:38:29.072+0000] {manager.py:499} INFO - Created Permission View: %s
[2025-02-14T14:38:29.107+0000] {logging_mixin.py:154} INFO - [2025-02-14T14:38:29.107+0000] {manager.py:499} INFO - Created Permission View: %s
[2025-02-14T14:38:29.122+0000] {logging_mixin.py:154} INFO - [2025-02-14T14:38:29.121+0000] {manager.py:499} INFO - Created Permission View: %s
[2025-02-14T14:38:29.139+0000] {logging_mixin.py:154} INFO - [2025-02-14T14:38:29.139+0000] {manager.py:499} INFO - Created Permission View: %s
[2025-02-14T14:38:29.140+0000] {logging_mixin.py:154} INFO - [2025-02-14T14:38:29.140+0000] {dag.py:2941} INFO - Sync 2 DAGs
[2025-02-14T14:38:29.190+0000] {logging_mixin.py:154} INFO - [2025-02-14T14:38:29.190+0000] {dag.py:2963} INFO - Creating ORM DAG for example_external_task_marker_parent
[2025-02-14T14:38:29.192+0000] {logging_mixin.py:154} INFO - [2025-02-14T14:38:29.191+0000] {dag.py:2963} INFO - Creating ORM DAG for example_external_task_marker_child
[2025-02-14T14:38:29.193+0000] {logging_mixin.py:154} INFO - [2025-02-14T14:38:29.193+0000] {dag.py:3722} INFO - Setting next_dagrun for example_external_task_marker_child to None, run_after=None
[2025-02-14T14:38:29.195+0000] {logging_mixin.py:154} INFO - [2025-02-14T14:38:29.195+0000] {dag.py:3722} INFO - Setting next_dagrun for example_external_task_marker_parent to None, run_after=None
[2025-02-14T14:38:29.254+0000] {processor.py:179} INFO - Processing /home/airflow/.local/lib/python3.8/site-packages/airflow/example_dags/example_external_task_marker_dag.py took 1.094 seconds
[2025-02-14T14:38:59.924+0000] {processor.py:157} INFO - Started process (PID=565) to work on /home/airflow/.local/lib/python3.8/site-packages/airflow/example_dags/example_external_task_marker_dag.py
[2025-02-14T14:38:59.927+0000] {processor.py:829} INFO - Processing file /home/airflow/.local/lib/python3.8/site-packages/airflow/example_dags/example_external_task_marker_dag.py for tasks to queue
[2025-02-14T14:38:59.929+0000] {logging_mixin.py:154} INFO - [2025-02-14T14:38:59.928+0000] {dagbag.py:536} INFO - Filling up the DagBag from /home/airflow/.local/lib/python3.8/site-packages/airflow/example_dags/example_external_task_marker_dag.py
[2025-02-14T14:38:59.950+0000] {processor.py:839} INFO - DAG(s) dict_keys(['example_external_task_marker_child', 'example_external_task_marker_parent']) retrieved from /home/airflow/.local/lib/python3.8/site-packages/airflow/example_dags/example_external_task_marker_dag.py
[2025-02-14T14:39:00.071+0000] {logging_mixin.py:154} INFO - [2025-02-14T14:39:00.070+0000] {dag.py:2941} INFO - Sync 2 DAGs
[2025-02-14T14:39:00.122+0000] {logging_mixin.py:154} INFO - [2025-02-14T14:39:00.122+0000] {dag.py:3722} INFO - Setting next_dagrun for example_external_task_marker_child to None, run_after=None
[2025-02-14T14:39:00.134+0000] {logging_mixin.py:154} INFO - [2025-02-14T14:39:00.133+0000] {dag.py:3722} INFO - Setting next_dagrun for example_external_task_marker_parent to None, run_after=None
[2025-02-14T14:39:00.184+0000] {processor.py:179} INFO - Processing /home/airflow/.local/lib/python3.8/site-packages/airflow/example_dags/example_external_task_marker_dag.py took 0.270 seconds
[2025-02-14T14:39:30.773+0000] {processor.py:157} INFO - Started process (PID=803) to work on /home/airflow/.local/lib/python3.8/site-packages/airflow/example_dags/example_external_task_marker_dag.py
[2025-02-14T14:39:30.778+0000] {processor.py:829} INFO - Processing file /home/airflow/.local/lib/python3.8/site-packages/airflow/example_dags/example_external_task_marker_dag.py for tasks to queue
[2025-02-14T14:39:30.780+0000] {logging_mixin.py:154} INFO - [2025-02-14T14:39:30.779+0000] {dagbag.py:536} INFO - Filling up the DagBag from /home/airflow/.local/lib/python3.8/site-packages/airflow/example_dags/example_external_task_marker_dag.py
[2025-02-14T14:39:30.797+0000] {processor.py:839} INFO - DAG(s) dict_keys(['example_external_task_marker_child', 'example_external_task_marker_parent']) retrieved from /home/airflow/.local/lib/python3.8/site-packages/airflow/example_dags/example_external_task_marker_dag.py
[2025-02-14T14:39:30.889+0000] {logging_mixin.py:154} INFO - [2025-02-14T14:39:30.888+0000] {dag.py:2941} INFO - Sync 2 DAGs
[2025-02-14T14:39:30.932+0000] {logging_mixin.py:154} INFO - [2025-02-14T14:39:30.931+0000] {dag.py:3722} INFO - Setting next_dagrun for example_external_task_marker_child to None, run_after=None
[2025-02-14T14:39:30.942+0000] {logging_mixin.py:154} INFO - [2025-02-14T14:39:30.942+0000] {dag.py:3722} INFO - Setting next_dagrun for example_external_task_marker_parent to None, run_after=None
[2025-02-14T14:39:31.000+0000] {processor.py:179} INFO - Processing /home/airflow/.local/lib/python3.8/site-packages/airflow/example_dags/example_external_task_marker_dag.py took 0.240 seconds
[2025-02-14T14:40:01.670+0000] {processor.py:157} INFO - Started process (PID=1041) to work on /home/airflow/.local/lib/python3.8/site-packages/airflow/example_dags/example_external_task_marker_dag.py
[2025-02-14T14:40:01.673+0000] {processor.py:829} INFO - Processing file /home/airflow/.local/lib/python3.8/site-packages/airflow/example_dags/example_external_task_marker_dag.py for tasks to queue
[2025-02-14T14:40:01.675+0000] {logging_mixin.py:154} INFO - [2025-02-14T14:40:01.674+0000] {dagbag.py:536} INFO - Filling up the DagBag from /home/airflow/.local/lib/python3.8/site-packages/airflow/example_dags/example_external_task_marker_dag.py
[2025-02-14T14:40:01.696+0000] {processor.py:839} INFO - DAG(s) dict_keys(['example_external_task_marker_parent', 'example_external_task_marker_child']) retrieved from /home/airflow/.local/lib/python3.8/site-packages/airflow/example_dags/example_external_task_marker_dag.py
[2025-02-14T14:40:01.785+0000] {logging_mixin.py:154} INFO - [2025-02-14T14:40:01.784+0000] {dag.py:2941} INFO - Sync 2 DAGs
[2025-02-14T14:40:01.823+0000] {logging_mixin.py:154} INFO - [2025-02-14T14:40:01.822+0000] {dag.py:3722} INFO - Setting next_dagrun for example_external_task_marker_child to None, run_after=None
[2025-02-14T14:40:01.840+0000] {logging_mixin.py:154} INFO - [2025-02-14T14:40:01.839+0000] {dag.py:3722} INFO - Setting next_dagrun for example_external_task_marker_parent to None, run_after=None
[2025-02-14T14:40:01.880+0000] {processor.py:179} INFO - Processing /home/airflow/.local/lib/python3.8/site-packages/airflow/example_dags/example_external_task_marker_dag.py took 0.220 seconds
[2025-02-14T14:40:33.357+0000] {processor.py:157} INFO - Started process (PID=1281) to work on /home/airflow/.local/lib/python3.8/site-packages/airflow/example_dags/example_external_task_marker_dag.py
[2025-02-14T14:40:33.364+0000] {processor.py:829} INFO - Processing file /home/airflow/.local/lib/python3.8/site-packages/airflow/example_dags/example_external_task_marker_dag.py for tasks to queue
[2025-02-14T14:40:33.366+0000] {logging_mixin.py:154} INFO - [2025-02-14T14:40:33.366+0000] {dagbag.py:536} INFO - Filling up the DagBag from /home/airflow/.local/lib/python3.8/site-packages/airflow/example_dags/example_external_task_marker_dag.py
[2025-02-14T14:40:33.384+0000] {processor.py:839} INFO - DAG(s) dict_keys(['example_external_task_marker_child', 'example_external_task_marker_parent']) retrieved from /home/airflow/.local/lib/python3.8/site-packages/airflow/example_dags/example_external_task_marker_dag.py
[2025-02-14T14:40:33.470+0000] {logging_mixin.py:154} INFO - [2025-02-14T14:40:33.469+0000] {dag.py:2941} INFO - Sync 2 DAGs
[2025-02-14T14:40:33.511+0000] {logging_mixin.py:154} INFO - [2025-02-14T14:40:33.511+0000] {dag.py:3722} INFO - Setting next_dagrun for example_external_task_marker_child to None, run_after=None
[2025-02-14T14:40:33.521+0000] {logging_mixin.py:154} INFO - [2025-02-14T14:40:33.521+0000] {dag.py:3722} INFO - Setting next_dagrun for example_external_task_marker_parent to None, run_after=None
[2025-02-14T14:40:33.570+0000] {processor.py:179} INFO - Processing /home/airflow/.local/lib/python3.8/site-packages/airflow/example_dags/example_external_task_marker_dag.py took 0.222 seconds
[2025-02-14T14:41:04.516+0000] {processor.py:157} INFO - Started process (PID=1519) to work on /home/airflow/.local/lib/python3.8/site-packages/airflow/example_dags/example_external_task_marker_dag.py
[2025-02-14T14:41:04.522+0000] {processor.py:829} INFO - Processing file /home/airflow/.local/lib/python3.8/site-packages/airflow/example_dags/example_external_task_marker_dag.py for tasks to queue
[2025-02-14T14:41:04.528+0000] {logging_mixin.py:154} INFO - [2025-02-14T14:41:04.527+0000] {dagbag.py:536} INFO - Filling up the DagBag from /home/airflow/.local/lib/python3.8/site-packages/airflow/example_dags/example_external_task_marker_dag.py
[2025-02-14T14:41:04.565+0000] {processor.py:839} INFO - DAG(s) dict_keys(['example_external_task_marker_child', 'example_external_task_marker_parent']) retrieved from /home/airflow/.local/lib/python3.8/site-packages/airflow/example_dags/example_external_task_marker_dag.py
[2025-02-14T14:41:04.712+0000] {logging_mixin.py:154} INFO - [2025-02-14T14:41:04.711+0000] {dag.py:2941} INFO - Sync 2 DAGs
[2025-02-14T14:41:04.781+0000] {logging_mixin.py:154} INFO - [2025-02-14T14:41:04.781+0000] {dag.py:3722} INFO - Setting next_dagrun for example_external_task_marker_child to None, run_after=None
[2025-02-14T14:41:04.795+0000] {logging_mixin.py:154} INFO - [2025-02-14T14:41:04.795+0000] {dag.py:3722} INFO - Setting next_dagrun for example_external_task_marker_parent to None, run_after=None
[2025-02-14T14:41:04.902+0000] {processor.py:179} INFO - Processing /home/airflow/.local/lib/python3.8/site-packages/airflow/example_dags/example_external_task_marker_dag.py took 0.406 seconds
[2025-02-14T14:41:35.278+0000] {processor.py:157} INFO - Started process (PID=1754) to work on /home/airflow/.local/lib/python3.8/site-packages/airflow/example_dags/example_external_task_marker_dag.py
[2025-02-14T14:41:35.283+0000] {processor.py:829} INFO - Processing file /home/airflow/.local/lib/python3.8/site-packages/airflow/example_dags/example_external_task_marker_dag.py for tasks to queue
[2025-02-14T14:41:35.286+0000] {logging_mixin.py:154} INFO - [2025-02-14T14:41:35.285+0000] {dagbag.py:536} INFO - Filling up the DagBag from /home/airflow/.local/lib/python3.8/site-packages/airflow/example_dags/example_external_task_marker_dag.py
[2025-02-14T14:41:35.302+0000] {processor.py:839} INFO - DAG(s) dict_keys(['example_external_task_marker_child', 'example_external_task_marker_parent']) retrieved from /home/airflow/.local/lib/python3.8/site-packages/airflow/example_dags/example_external_task_marker_dag.py
[2025-02-14T14:41:35.396+0000] {logging_mixin.py:154} INFO - [2025-02-14T14:41:35.396+0000] {dag.py:2941} INFO - Sync 2 DAGs
[2025-02-14T14:41:35.432+0000] {logging_mixin.py:154} INFO - [2025-02-14T14:41:35.431+0000] {dag.py:3722} INFO - Setting next_dagrun for example_external_task_marker_child to None, run_after=None
[2025-02-14T14:41:35.440+0000] {logging_mixin.py:154} INFO - [2025-02-14T14:41:35.439+0000] {dag.py:3722} INFO - Setting next_dagrun for example_external_task_marker_parent to None, run_after=None
[2025-02-14T14:41:35.506+0000] {processor.py:179} INFO - Processing /home/airflow/.local/lib/python3.8/site-packages/airflow/example_dags/example_external_task_marker_dag.py took 0.239 seconds
[2025-02-14T14:42:06.268+0000] {processor.py:157} INFO - Started process (PID=1992) to work on /home/airflow/.local/lib/python3.8/site-packages/airflow/example_dags/example_external_task_marker_dag.py
[2025-02-14T14:42:06.271+0000] {processor.py:829} INFO - Processing file /home/airflow/.local/lib/python3.8/site-packages/airflow/example_dags/example_external_task_marker_dag.py for tasks to queue
[2025-02-14T14:42:06.273+0000] {logging_mixin.py:154} INFO - [2025-02-14T14:42:06.272+0000] {dagbag.py:536} INFO - Filling up the DagBag from /home/airflow/.local/lib/python3.8/site-packages/airflow/example_dags/example_external_task_marker_dag.py
[2025-02-14T14:42:06.290+0000] {processor.py:839} INFO - DAG(s) dict_keys(['example_external_task_marker_child', 'example_external_task_marker_parent']) retrieved from /home/airflow/.local/lib/python3.8/site-packages/airflow/example_dags/example_external_task_marker_dag.py
[2025-02-14T14:42:06.356+0000] {logging_mixin.py:154} INFO - [2025-02-14T14:42:06.355+0000] {dag.py:2941} INFO - Sync 2 DAGs
[2025-02-14T14:42:06.392+0000] {logging_mixin.py:154} INFO - [2025-02-14T14:42:06.392+0000] {dag.py:3722} INFO - Setting next_dagrun for example_external_task_marker_child to None, run_after=None
[2025-02-14T14:42:06.401+0000] {logging_mixin.py:154} INFO - [2025-02-14T14:42:06.401+0000] {dag.py:3722} INFO - Setting next_dagrun for example_external_task_marker_parent to None, run_after=None
[2025-02-14T14:42:06.448+0000] {processor.py:179} INFO - Processing /home/airflow/.local/lib/python3.8/site-packages/airflow/example_dags/example_external_task_marker_dag.py took 0.191 seconds
[2025-02-14T14:42:36.579+0000] {processor.py:157} INFO - Started process (PID=2230) to work on /home/airflow/.local/lib/python3.8/site-packages/airflow/example_dags/example_external_task_marker_dag.py
[2025-02-14T14:42:36.582+0000] {processor.py:829} INFO - Processing file /home/airflow/.local/lib/python3.8/site-packages/airflow/example_dags/example_external_task_marker_dag.py for tasks to queue
[2025-02-14T14:42:36.584+0000] {logging_mixin.py:154} INFO - [2025-02-14T14:42:36.583+0000] {dagbag.py:536} INFO - Filling up the DagBag from /home/airflow/.local/lib/python3.8/site-packages/airflow/example_dags/example_external_task_marker_dag.py
[2025-02-14T14:42:36.601+0000] {processor.py:839} INFO - DAG(s) dict_keys(['example_external_task_marker_child', 'example_external_task_marker_parent']) retrieved from /home/airflow/.local/lib/python3.8/site-packages/airflow/example_dags/example_external_task_marker_dag.py
[2025-02-14T14:42:36.680+0000] {logging_mixin.py:154} INFO - [2025-02-14T14:42:36.680+0000] {dag.py:2941} INFO - Sync 2 DAGs
[2025-02-14T14:42:36.731+0000] {logging_mixin.py:154} INFO - [2025-02-14T14:42:36.730+0000] {dag.py:3722} INFO - Setting next_dagrun for example_external_task_marker_child to None, run_after=None
[2025-02-14T14:42:36.743+0000] {logging_mixin.py:154} INFO - [2025-02-14T14:42:36.743+0000] {dag.py:3722} INFO - Setting next_dagrun for example_external_task_marker_parent to None, run_after=None
[2025-02-14T14:42:36.794+0000] {processor.py:179} INFO - Processing /home/airflow/.local/lib/python3.8/site-packages/airflow/example_dags/example_external_task_marker_dag.py took 0.225 seconds
[2025-02-14T14:43:07.802+0000] {processor.py:157} INFO - Started process (PID=2470) to work on /home/airflow/.local/lib/python3.8/site-packages/airflow/example_dags/example_external_task_marker_dag.py
[2025-02-14T14:43:07.806+0000] {processor.py:829} INFO - Processing file /home/airflow/.local/lib/python3.8/site-packages/airflow/example_dags/example_external_task_marker_dag.py for tasks to queue
[2025-02-14T14:43:07.809+0000] {logging_mixin.py:154} INFO - [2025-02-14T14:43:07.809+0000] {dagbag.py:536} INFO - Filling up the DagBag from /home/airflow/.local/lib/python3.8/site-packages/airflow/example_dags/example_external_task_marker_dag.py
[2025-02-14T14:43:07.837+0000] {processor.py:839} INFO - DAG(s) dict_keys(['example_external_task_marker_child', 'example_external_task_marker_parent']) retrieved from /home/airflow/.local/lib/python3.8/site-packages/airflow/example_dags/example_external_task_marker_dag.py
[2025-02-14T14:43:07.939+0000] {logging_mixin.py:154} INFO - [2025-02-14T14:43:07.938+0000] {dag.py:2941} INFO - Sync 2 DAGs
[2025-02-14T14:43:07.981+0000] {logging_mixin.py:154} INFO - [2025-02-14T14:43:07.980+0000] {dag.py:3722} INFO - Setting next_dagrun for example_external_task_marker_child to None, run_after=None
[2025-02-14T14:43:07.991+0000] {logging_mixin.py:154} INFO - [2025-02-14T14:43:07.990+0000] {dag.py:3722} INFO - Setting next_dagrun for example_external_task_marker_parent to None, run_after=None
[2025-02-14T14:43:08.044+0000] {processor.py:179} INFO - Processing /home/airflow/.local/lib/python3.8/site-packages/airflow/example_dags/example_external_task_marker_dag.py took 0.254 seconds
[2025-02-14T14:43:38.214+0000] {processor.py:157} INFO - Started process (PID=2706) to work on /home/airflow/.local/lib/python3.8/site-packages/airflow/example_dags/example_external_task_marker_dag.py
[2025-02-14T14:43:38.219+0000] {processor.py:829} INFO - Processing file /home/airflow/.local/lib/python3.8/site-packages/airflow/example_dags/example_external_task_marker_dag.py for tasks to queue
[2025-02-14T14:43:38.222+0000] {logging_mixin.py:154} INFO - [2025-02-14T14:43:38.221+0000] {dagbag.py:536} INFO - Filling up the DagBag from /home/airflow/.local/lib/python3.8/site-packages/airflow/example_dags/example_external_task_marker_dag.py
[2025-02-14T14:43:38.255+0000] {processor.py:839} INFO - DAG(s) dict_keys(['example_external_task_marker_parent', 'example_external_task_marker_child']) retrieved from /home/airflow/.local/lib/python3.8/site-packages/airflow/example_dags/example_external_task_marker_dag.py
[2025-02-14T14:43:38.332+0000] {logging_mixin.py:154} INFO - [2025-02-14T14:43:38.332+0000] {dag.py:2941} INFO - Sync 2 DAGs
[2025-02-14T14:43:38.378+0000] {logging_mixin.py:154} INFO - [2025-02-14T14:43:38.376+0000] {dag.py:3722} INFO - Setting next_dagrun for example_external_task_marker_child to None, run_after=None
[2025-02-14T14:43:38.388+0000] {logging_mixin.py:154} INFO - [2025-02-14T14:43:38.388+0000] {dag.py:3722} INFO - Setting next_dagrun for example_external_task_marker_parent to None, run_after=None
[2025-02-14T14:43:38.450+0000] {processor.py:179} INFO - Processing /home/airflow/.local/lib/python3.8/site-packages/airflow/example_dags/example_external_task_marker_dag.py took 0.247 seconds
[2025-02-14T14:44:08.933+0000] {processor.py:157} INFO - Started process (PID=2943) to work on /home/airflow/.local/lib/python3.8/site-packages/airflow/example_dags/example_external_task_marker_dag.py
[2025-02-14T14:44:08.936+0000] {processor.py:829} INFO - Processing file /home/airflow/.local/lib/python3.8/site-packages/airflow/example_dags/example_external_task_marker_dag.py for tasks to queue
[2025-02-14T14:44:08.938+0000] {logging_mixin.py:154} INFO - [2025-02-14T14:44:08.937+0000] {dagbag.py:536} INFO - Filling up the DagBag from /home/airflow/.local/lib/python3.8/site-packages/airflow/example_dags/example_external_task_marker_dag.py
[2025-02-14T14:44:08.954+0000] {processor.py:839} INFO - DAG(s) dict_keys(['example_external_task_marker_child', 'example_external_task_marker_parent']) retrieved from /home/airflow/.local/lib/python3.8/site-packages/airflow/example_dags/example_external_task_marker_dag.py
[2025-02-14T14:44:09.034+0000] {logging_mixin.py:154} INFO - [2025-02-14T14:44:09.034+0000] {dag.py:2941} INFO - Sync 2 DAGs
[2025-02-14T14:44:09.074+0000] {logging_mixin.py:154} INFO - [2025-02-14T14:44:09.073+0000] {dag.py:3722} INFO - Setting next_dagrun for example_external_task_marker_child to None, run_after=None
[2025-02-14T14:44:09.082+0000] {logging_mixin.py:154} INFO - [2025-02-14T14:44:09.082+0000] {dag.py:3722} INFO - Setting next_dagrun for example_external_task_marker_parent to None, run_after=None
[2025-02-14T14:44:09.122+0000] {processor.py:179} INFO - Processing /home/airflow/.local/lib/python3.8/site-packages/airflow/example_dags/example_external_task_marker_dag.py took 0.200 seconds
[2025-02-14T14:44:39.562+0000] {processor.py:157} INFO - Started process (PID=3198) to work on /home/airflow/.local/lib/python3.8/site-packages/airflow/example_dags/example_external_task_marker_dag.py
[2025-02-14T14:44:39.571+0000] {processor.py:829} INFO - Processing file /home/airflow/.local/lib/python3.8/site-packages/airflow/example_dags/example_external_task_marker_dag.py for tasks to queue
[2025-02-14T14:44:39.574+0000] {logging_mixin.py:154} INFO - [2025-02-14T14:44:39.573+0000] {dagbag.py:536} INFO - Filling up the DagBag from /home/airflow/.local/lib/python3.8/site-packages/airflow/example_dags/example_external_task_marker_dag.py
[2025-02-14T14:44:39.590+0000] {processor.py:839} INFO - DAG(s) dict_keys(['example_external_task_marker_parent', 'example_external_task_marker_child']) retrieved from /home/airflow/.local/lib/python3.8/site-packages/airflow/example_dags/example_external_task_marker_dag.py
[2025-02-14T14:44:39.676+0000] {logging_mixin.py:154} INFO - [2025-02-14T14:44:39.675+0000] {dag.py:2941} INFO - Sync 2 DAGs
[2025-02-14T14:44:39.713+0000] {logging_mixin.py:154} INFO - [2025-02-14T14:44:39.712+0000] {dag.py:3722} INFO - Setting next_dagrun for example_external_task_marker_child to None, run_after=None
[2025-02-14T14:44:39.723+0000] {logging_mixin.py:154} INFO - [2025-02-14T14:44:39.722+0000] {dag.py:3722} INFO - Setting next_dagrun for example_external_task_marker_parent to None, run_after=None
[2025-02-14T14:44:39.768+0000] {processor.py:179} INFO - Processing /home/airflow/.local/lib/python3.8/site-packages/airflow/example_dags/example_external_task_marker_dag.py took 0.217 seconds
[2025-02-14T14:45:09.948+0000] {processor.py:157} INFO - Started process (PID=3449) to work on /home/airflow/.local/lib/python3.8/site-packages/airflow/example_dags/example_external_task_marker_dag.py
[2025-02-14T14:45:09.952+0000] {processor.py:829} INFO - Processing file /home/airflow/.local/lib/python3.8/site-packages/airflow/example_dags/example_external_task_marker_dag.py for tasks to queue
[2025-02-14T14:45:09.954+0000] {logging_mixin.py:154} INFO - [2025-02-14T14:45:09.953+0000] {dagbag.py:536} INFO - Filling up the DagBag from /home/airflow/.local/lib/python3.8/site-packages/airflow/example_dags/example_external_task_marker_dag.py
[2025-02-14T14:45:09.971+0000] {processor.py:839} INFO - DAG(s) dict_keys(['example_external_task_marker_child', 'example_external_task_marker_parent']) retrieved from /home/airflow/.local/lib/python3.8/site-packages/airflow/example_dags/example_external_task_marker_dag.py
[2025-02-14T14:45:10.056+0000] {logging_mixin.py:154} INFO - [2025-02-14T14:45:10.056+0000] {dag.py:2941} INFO - Sync 2 DAGs
[2025-02-14T14:45:10.103+0000] {logging_mixin.py:154} INFO - [2025-02-14T14:45:10.102+0000] {dag.py:3722} INFO - Setting next_dagrun for example_external_task_marker_child to None, run_after=None
[2025-02-14T14:45:10.112+0000] {logging_mixin.py:154} INFO - [2025-02-14T14:45:10.112+0000] {dag.py:3722} INFO - Setting next_dagrun for example_external_task_marker_parent to None, run_after=None
[2025-02-14T14:45:10.151+0000] {processor.py:179} INFO - Processing /home/airflow/.local/lib/python3.8/site-packages/airflow/example_dags/example_external_task_marker_dag.py took 0.216 seconds
[2025-02-14T14:45:40.850+0000] {processor.py:157} INFO - Started process (PID=3685) to work on /home/airflow/.local/lib/python3.8/site-packages/airflow/example_dags/example_external_task_marker_dag.py
[2025-02-14T14:45:40.853+0000] {processor.py:829} INFO - Processing file /home/airflow/.local/lib/python3.8/site-packages/airflow/example_dags/example_external_task_marker_dag.py for tasks to queue
[2025-02-14T14:45:40.855+0000] {logging_mixin.py:154} INFO - [2025-02-14T14:45:40.854+0000] {dagbag.py:536} INFO - Filling up the DagBag from /home/airflow/.local/lib/python3.8/site-packages/airflow/example_dags/example_external_task_marker_dag.py
[2025-02-14T14:45:40.875+0000] {processor.py:839} INFO - DAG(s) dict_keys(['example_external_task_marker_child', 'example_external_task_marker_parent']) retrieved from /home/airflow/.local/lib/python3.8/site-packages/airflow/example_dags/example_external_task_marker_dag.py
[2025-02-14T14:45:40.952+0000] {logging_mixin.py:154} INFO - [2025-02-14T14:45:40.952+0000] {dag.py:2941} INFO - Sync 2 DAGs
[2025-02-14T14:45:40.990+0000] {logging_mixin.py:154} INFO - [2025-02-14T14:45:40.990+0000] {dag.py:3722} INFO - Setting next_dagrun for example_external_task_marker_child to None, run_after=None
[2025-02-14T14:45:40.999+0000] {logging_mixin.py:154} INFO - [2025-02-14T14:45:40.998+0000] {dag.py:3722} INFO - Setting next_dagrun for example_external_task_marker_parent to None, run_after=None
[2025-02-14T14:45:41.043+0000] {processor.py:179} INFO - Processing /home/airflow/.local/lib/python3.8/site-packages/airflow/example_dags/example_external_task_marker_dag.py took 0.204 seconds
[2025-02-14T14:46:11.541+0000] {processor.py:157} INFO - Started process (PID=3923) to work on /home/airflow/.local/lib/python3.8/site-packages/airflow/example_dags/example_external_task_marker_dag.py
[2025-02-14T14:46:11.545+0000] {processor.py:829} INFO - Processing file /home/airflow/.local/lib/python3.8/site-packages/airflow/example_dags/example_external_task_marker_dag.py for tasks to queue
[2025-02-14T14:46:11.547+0000] {logging_mixin.py:154} INFO - [2025-02-14T14:46:11.547+0000] {dagbag.py:536} INFO - Filling up the DagBag from /home/airflow/.local/lib/python3.8/site-packages/airflow/example_dags/example_external_task_marker_dag.py
[2025-02-14T14:46:11.565+0000] {processor.py:839} INFO - DAG(s) dict_keys(['example_external_task_marker_parent', 'example_external_task_marker_child']) retrieved from /home/airflow/.local/lib/python3.8/site-packages/airflow/example_dags/example_external_task_marker_dag.py
[2025-02-14T14:46:11.636+0000] {logging_mixin.py:154} INFO - [2025-02-14T14:46:11.636+0000] {dag.py:2941} INFO - Sync 2 DAGs
[2025-02-14T14:46:11.674+0000] {logging_mixin.py:154} INFO - [2025-02-14T14:46:11.674+0000] {dag.py:3722} INFO - Setting next_dagrun for example_external_task_marker_child to None, run_after=None
[2025-02-14T14:46:11.688+0000] {logging_mixin.py:154} INFO - [2025-02-14T14:46:11.685+0000] {dag.py:3722} INFO - Setting next_dagrun for example_external_task_marker_parent to None, run_after=None
[2025-02-14T14:46:11.728+0000] {processor.py:179} INFO - Processing /home/airflow/.local/lib/python3.8/site-packages/airflow/example_dags/example_external_task_marker_dag.py took 0.198 seconds
[2025-02-14T14:46:43.164+0000] {processor.py:157} INFO - Started process (PID=4160) to work on /home/airflow/.local/lib/python3.8/site-packages/airflow/example_dags/example_external_task_marker_dag.py
[2025-02-14T14:46:43.168+0000] {processor.py:829} INFO - Processing file /home/airflow/.local/lib/python3.8/site-packages/airflow/example_dags/example_external_task_marker_dag.py for tasks to queue
[2025-02-14T14:46:43.170+0000] {logging_mixin.py:154} INFO - [2025-02-14T14:46:43.170+0000] {dagbag.py:536} INFO - Filling up the DagBag from /home/airflow/.local/lib/python3.8/site-packages/airflow/example_dags/example_external_task_marker_dag.py
[2025-02-14T14:46:43.196+0000] {processor.py:839} INFO - DAG(s) dict_keys(['example_external_task_marker_child', 'example_external_task_marker_parent']) retrieved from /home/airflow/.local/lib/python3.8/site-packages/airflow/example_dags/example_external_task_marker_dag.py
[2025-02-14T14:46:43.316+0000] {logging_mixin.py:154} INFO - [2025-02-14T14:46:43.313+0000] {dag.py:2941} INFO - Sync 2 DAGs
[2025-02-14T14:46:43.374+0000] {logging_mixin.py:154} INFO - [2025-02-14T14:46:43.373+0000] {dag.py:3722} INFO - Setting next_dagrun for example_external_task_marker_child to None, run_after=None
[2025-02-14T14:46:43.385+0000] {logging_mixin.py:154} INFO - [2025-02-14T14:46:43.384+0000] {dag.py:3722} INFO - Setting next_dagrun for example_external_task_marker_parent to None, run_after=None
[2025-02-14T14:46:43.444+0000] {processor.py:179} INFO - Processing /home/airflow/.local/lib/python3.8/site-packages/airflow/example_dags/example_external_task_marker_dag.py took 0.291 seconds
[2025-02-14T14:47:14.542+0000] {processor.py:157} INFO - Started process (PID=4400) to work on /home/airflow/.local/lib/python3.8/site-packages/airflow/example_dags/example_external_task_marker_dag.py
[2025-02-14T14:47:14.544+0000] {processor.py:829} INFO - Processing file /home/airflow/.local/lib/python3.8/site-packages/airflow/example_dags/example_external_task_marker_dag.py for tasks to queue
[2025-02-14T14:47:14.546+0000] {logging_mixin.py:154} INFO - [2025-02-14T14:47:14.545+0000] {dagbag.py:536} INFO - Filling up the DagBag from /home/airflow/.local/lib/python3.8/site-packages/airflow/example_dags/example_external_task_marker_dag.py
[2025-02-14T14:47:14.575+0000] {processor.py:839} INFO - DAG(s) dict_keys(['example_external_task_marker_parent', 'example_external_task_marker_child']) retrieved from /home/airflow/.local/lib/python3.8/site-packages/airflow/example_dags/example_external_task_marker_dag.py
[2025-02-14T14:47:14.668+0000] {logging_mixin.py:154} INFO - [2025-02-14T14:47:14.667+0000] {dag.py:2941} INFO - Sync 2 DAGs
[2025-02-14T14:47:14.719+0000] {logging_mixin.py:154} INFO - [2025-02-14T14:47:14.718+0000] {dag.py:3722} INFO - Setting next_dagrun for example_external_task_marker_child to None, run_after=None
[2025-02-14T14:47:14.728+0000] {logging_mixin.py:154} INFO - [2025-02-14T14:47:14.728+0000] {dag.py:3722} INFO - Setting next_dagrun for example_external_task_marker_parent to None, run_after=None
[2025-02-14T14:47:14.775+0000] {processor.py:179} INFO - Processing /home/airflow/.local/lib/python3.8/site-packages/airflow/example_dags/example_external_task_marker_dag.py took 0.244 seconds
[2025-02-14T14:47:45.777+0000] {processor.py:157} INFO - Started process (PID=4637) to work on /home/airflow/.local/lib/python3.8/site-packages/airflow/example_dags/example_external_task_marker_dag.py
[2025-02-14T14:47:45.780+0000] {processor.py:829} INFO - Processing file /home/airflow/.local/lib/python3.8/site-packages/airflow/example_dags/example_external_task_marker_dag.py for tasks to queue
[2025-02-14T14:47:45.781+0000] {logging_mixin.py:154} INFO - [2025-02-14T14:47:45.780+0000] {dagbag.py:536} INFO - Filling up the DagBag from /home/airflow/.local/lib/python3.8/site-packages/airflow/example_dags/example_external_task_marker_dag.py
[2025-02-14T14:47:45.800+0000] {processor.py:839} INFO - DAG(s) dict_keys(['example_external_task_marker_child', 'example_external_task_marker_parent']) retrieved from /home/airflow/.local/lib/python3.8/site-packages/airflow/example_dags/example_external_task_marker_dag.py
[2025-02-14T14:47:45.882+0000] {logging_mixin.py:154} INFO - [2025-02-14T14:47:45.881+0000] {dag.py:2941} INFO - Sync 2 DAGs
[2025-02-14T14:47:45.928+0000] {logging_mixin.py:154} INFO - [2025-02-14T14:47:45.927+0000] {dag.py:3722} INFO - Setting next_dagrun for example_external_task_marker_child to None, run_after=None
[2025-02-14T14:47:45.939+0000] {logging_mixin.py:154} INFO - [2025-02-14T14:47:45.938+0000] {dag.py:3722} INFO - Setting next_dagrun for example_external_task_marker_parent to None, run_after=None
[2025-02-14T14:47:46.014+0000] {processor.py:179} INFO - Processing /home/airflow/.local/lib/python3.8/site-packages/airflow/example_dags/example_external_task_marker_dag.py took 0.249 seconds
[2025-02-14T14:48:16.562+0000] {processor.py:157} INFO - Started process (PID=4879) to work on /home/airflow/.local/lib/python3.8/site-packages/airflow/example_dags/example_external_task_marker_dag.py
[2025-02-14T14:48:16.565+0000] {processor.py:829} INFO - Processing file /home/airflow/.local/lib/python3.8/site-packages/airflow/example_dags/example_external_task_marker_dag.py for tasks to queue
[2025-02-14T14:48:16.567+0000] {logging_mixin.py:154} INFO - [2025-02-14T14:48:16.567+0000] {dagbag.py:536} INFO - Filling up the DagBag from /home/airflow/.local/lib/python3.8/site-packages/airflow/example_dags/example_external_task_marker_dag.py
[2025-02-14T14:48:16.590+0000] {processor.py:839} INFO - DAG(s) dict_keys(['example_external_task_marker_child', 'example_external_task_marker_parent']) retrieved from /home/airflow/.local/lib/python3.8/site-packages/airflow/example_dags/example_external_task_marker_dag.py
[2025-02-14T14:48:16.687+0000] {logging_mixin.py:154} INFO - [2025-02-14T14:48:16.686+0000] {dag.py:2941} INFO - Sync 2 DAGs
[2025-02-14T14:48:16.736+0000] {logging_mixin.py:154} INFO - [2025-02-14T14:48:16.735+0000] {dag.py:3722} INFO - Setting next_dagrun for example_external_task_marker_child to None, run_after=None
[2025-02-14T14:48:16.746+0000] {logging_mixin.py:154} INFO - [2025-02-14T14:48:16.745+0000] {dag.py:3722} INFO - Setting next_dagrun for example_external_task_marker_parent to None, run_after=None
[2025-02-14T14:48:16.804+0000] {processor.py:179} INFO - Processing /home/airflow/.local/lib/python3.8/site-packages/airflow/example_dags/example_external_task_marker_dag.py took 0.252 seconds
[2025-02-14T14:48:47.499+0000] {processor.py:157} INFO - Started process (PID=5113) to work on /home/airflow/.local/lib/python3.8/site-packages/airflow/example_dags/example_external_task_marker_dag.py
[2025-02-14T14:48:47.502+0000] {processor.py:829} INFO - Processing file /home/airflow/.local/lib/python3.8/site-packages/airflow/example_dags/example_external_task_marker_dag.py for tasks to queue
[2025-02-14T14:48:47.504+0000] {logging_mixin.py:154} INFO - [2025-02-14T14:48:47.503+0000] {dagbag.py:536} INFO - Filling up the DagBag from /home/airflow/.local/lib/python3.8/site-packages/airflow/example_dags/example_external_task_marker_dag.py
[2025-02-14T14:48:47.521+0000] {processor.py:839} INFO - DAG(s) dict_keys(['example_external_task_marker_parent', 'example_external_task_marker_child']) retrieved from /home/airflow/.local/lib/python3.8/site-packages/airflow/example_dags/example_external_task_marker_dag.py
[2025-02-14T14:48:47.598+0000] {logging_mixin.py:154} INFO - [2025-02-14T14:48:47.598+0000] {dag.py:2941} INFO - Sync 2 DAGs
[2025-02-14T14:48:47.648+0000] {logging_mixin.py:154} INFO - [2025-02-14T14:48:47.648+0000] {dag.py:3722} INFO - Setting next_dagrun for example_external_task_marker_child to None, run_after=None
[2025-02-14T14:48:47.658+0000] {logging_mixin.py:154} INFO - [2025-02-14T14:48:47.657+0000] {dag.py:3722} INFO - Setting next_dagrun for example_external_task_marker_parent to None, run_after=None
[2025-02-14T14:48:47.702+0000] {processor.py:179} INFO - Processing /home/airflow/.local/lib/python3.8/site-packages/airflow/example_dags/example_external_task_marker_dag.py took 0.220 seconds
[2025-02-14T14:49:17.995+0000] {processor.py:157} INFO - Started process (PID=5356) to work on /home/airflow/.local/lib/python3.8/site-packages/airflow/example_dags/example_external_task_marker_dag.py
[2025-02-14T14:49:17.998+0000] {processor.py:829} INFO - Processing file /home/airflow/.local/lib/python3.8/site-packages/airflow/example_dags/example_external_task_marker_dag.py for tasks to queue
[2025-02-14T14:49:18.004+0000] {logging_mixin.py:154} INFO - [2025-02-14T14:49:18.003+0000] {dagbag.py:536} INFO - Filling up the DagBag from /home/airflow/.local/lib/python3.8/site-packages/airflow/example_dags/example_external_task_marker_dag.py
[2025-02-14T14:49:18.029+0000] {processor.py:839} INFO - DAG(s) dict_keys(['example_external_task_marker_parent', 'example_external_task_marker_child']) retrieved from /home/airflow/.local/lib/python3.8/site-packages/airflow/example_dags/example_external_task_marker_dag.py
[2025-02-14T14:49:18.106+0000] {logging_mixin.py:154} INFO - [2025-02-14T14:49:18.105+0000] {dag.py:2941} INFO - Sync 2 DAGs
[2025-02-14T14:49:18.141+0000] {logging_mixin.py:154} INFO - [2025-02-14T14:49:18.140+0000] {dag.py:3722} INFO - Setting next_dagrun for example_external_task_marker_child to None, run_after=None
[2025-02-14T14:49:18.149+0000] {logging_mixin.py:154} INFO - [2025-02-14T14:49:18.149+0000] {dag.py:3722} INFO - Setting next_dagrun for example_external_task_marker_parent to None, run_after=None
[2025-02-14T14:49:18.203+0000] {processor.py:179} INFO - Processing /home/airflow/.local/lib/python3.8/site-packages/airflow/example_dags/example_external_task_marker_dag.py took 0.222 seconds
[2025-02-14T14:49:48.797+0000] {processor.py:157} INFO - Started process (PID=5599) to work on /home/airflow/.local/lib/python3.8/site-packages/airflow/example_dags/example_external_task_marker_dag.py
[2025-02-14T14:49:48.801+0000] {processor.py:829} INFO - Processing file /home/airflow/.local/lib/python3.8/site-packages/airflow/example_dags/example_external_task_marker_dag.py for tasks to queue
[2025-02-14T14:49:48.803+0000] {logging_mixin.py:154} INFO - [2025-02-14T14:49:48.802+0000] {dagbag.py:536} INFO - Filling up the DagBag from /home/airflow/.local/lib/python3.8/site-packages/airflow/example_dags/example_external_task_marker_dag.py
[2025-02-14T14:49:48.819+0000] {processor.py:839} INFO - DAG(s) dict_keys(['example_external_task_marker_child', 'example_external_task_marker_parent']) retrieved from /home/airflow/.local/lib/python3.8/site-packages/airflow/example_dags/example_external_task_marker_dag.py
[2025-02-14T14:49:48.919+0000] {logging_mixin.py:154} INFO - [2025-02-14T14:49:48.919+0000] {dag.py:2941} INFO - Sync 2 DAGs
[2025-02-14T14:49:48.963+0000] {logging_mixin.py:154} INFO - [2025-02-14T14:49:48.962+0000] {dag.py:3722} INFO - Setting next_dagrun for example_external_task_marker_child to None, run_after=None
[2025-02-14T14:49:48.972+0000] {logging_mixin.py:154} INFO - [2025-02-14T14:49:48.972+0000] {dag.py:3722} INFO - Setting next_dagrun for example_external_task_marker_parent to None, run_after=None
[2025-02-14T14:49:49.039+0000] {processor.py:179} INFO - Processing /home/airflow/.local/lib/python3.8/site-packages/airflow/example_dags/example_external_task_marker_dag.py took 0.257 seconds
[2025-02-14T14:50:20.017+0000] {processor.py:157} INFO - Started process (PID=5841) to work on /home/airflow/.local/lib/python3.8/site-packages/airflow/example_dags/example_external_task_marker_dag.py
[2025-02-14T14:50:20.020+0000] {processor.py:829} INFO - Processing file /home/airflow/.local/lib/python3.8/site-packages/airflow/example_dags/example_external_task_marker_dag.py for tasks to queue
[2025-02-14T14:50:20.022+0000] {logging_mixin.py:154} INFO - [2025-02-14T14:50:20.022+0000] {dagbag.py:536} INFO - Filling up the DagBag from /home/airflow/.local/lib/python3.8/site-packages/airflow/example_dags/example_external_task_marker_dag.py
[2025-02-14T14:50:20.049+0000] {processor.py:839} INFO - DAG(s) dict_keys(['example_external_task_marker_child', 'example_external_task_marker_parent']) retrieved from /home/airflow/.local/lib/python3.8/site-packages/airflow/example_dags/example_external_task_marker_dag.py
[2025-02-14T14:50:20.223+0000] {logging_mixin.py:154} INFO - [2025-02-14T14:50:20.222+0000] {dag.py:2941} INFO - Sync 2 DAGs
[2025-02-14T14:50:20.314+0000] {logging_mixin.py:154} INFO - [2025-02-14T14:50:20.312+0000] {dag.py:3722} INFO - Setting next_dagrun for example_external_task_marker_child to None, run_after=None
[2025-02-14T14:50:20.341+0000] {logging_mixin.py:154} INFO - [2025-02-14T14:50:20.338+0000] {dag.py:3722} INFO - Setting next_dagrun for example_external_task_marker_parent to None, run_after=None
[2025-02-14T14:50:20.463+0000] {processor.py:179} INFO - Processing /home/airflow/.local/lib/python3.8/site-packages/airflow/example_dags/example_external_task_marker_dag.py took 0.466 seconds
[2025-02-14T14:50:51.046+0000] {processor.py:157} INFO - Started process (PID=6082) to work on /home/airflow/.local/lib/python3.8/site-packages/airflow/example_dags/example_external_task_marker_dag.py
[2025-02-14T14:50:51.052+0000] {processor.py:829} INFO - Processing file /home/airflow/.local/lib/python3.8/site-packages/airflow/example_dags/example_external_task_marker_dag.py for tasks to queue
[2025-02-14T14:50:51.059+0000] {logging_mixin.py:154} INFO - [2025-02-14T14:50:51.058+0000] {dagbag.py:536} INFO - Filling up the DagBag from /home/airflow/.local/lib/python3.8/site-packages/airflow/example_dags/example_external_task_marker_dag.py
[2025-02-14T14:50:51.107+0000] {processor.py:839} INFO - DAG(s) dict_keys(['example_external_task_marker_parent', 'example_external_task_marker_child']) retrieved from /home/airflow/.local/lib/python3.8/site-packages/airflow/example_dags/example_external_task_marker_dag.py
[2025-02-14T14:50:51.215+0000] {logging_mixin.py:154} INFO - [2025-02-14T14:50:51.215+0000] {dag.py:2941} INFO - Sync 2 DAGs
[2025-02-14T14:50:51.330+0000] {logging_mixin.py:154} INFO - [2025-02-14T14:50:51.327+0000] {dag.py:3722} INFO - Setting next_dagrun for example_external_task_marker_child to None, run_after=None
[2025-02-14T14:50:51.370+0000] {logging_mixin.py:154} INFO - [2025-02-14T14:50:51.364+0000] {dag.py:3722} INFO - Setting next_dagrun for example_external_task_marker_parent to None, run_after=None
[2025-02-14T14:50:51.495+0000] {processor.py:179} INFO - Processing /home/airflow/.local/lib/python3.8/site-packages/airflow/example_dags/example_external_task_marker_dag.py took 0.469 seconds
[2025-02-14T14:51:22.092+0000] {processor.py:157} INFO - Started process (PID=6320) to work on /home/airflow/.local/lib/python3.8/site-packages/airflow/example_dags/example_external_task_marker_dag.py
[2025-02-14T14:51:22.095+0000] {processor.py:829} INFO - Processing file /home/airflow/.local/lib/python3.8/site-packages/airflow/example_dags/example_external_task_marker_dag.py for tasks to queue
[2025-02-14T14:51:22.098+0000] {logging_mixin.py:154} INFO - [2025-02-14T14:51:22.097+0000] {dagbag.py:536} INFO - Filling up the DagBag from /home/airflow/.local/lib/python3.8/site-packages/airflow/example_dags/example_external_task_marker_dag.py
[2025-02-14T14:51:22.121+0000] {processor.py:839} INFO - DAG(s) dict_keys(['example_external_task_marker_child', 'example_external_task_marker_parent']) retrieved from /home/airflow/.local/lib/python3.8/site-packages/airflow/example_dags/example_external_task_marker_dag.py
[2025-02-14T14:51:22.205+0000] {logging_mixin.py:154} INFO - [2025-02-14T14:51:22.204+0000] {dag.py:2941} INFO - Sync 2 DAGs
[2025-02-14T14:51:22.249+0000] {logging_mixin.py:154} INFO - [2025-02-14T14:51:22.249+0000] {dag.py:3722} INFO - Setting next_dagrun for example_external_task_marker_child to None, run_after=None
[2025-02-14T14:51:22.258+0000] {logging_mixin.py:154} INFO - [2025-02-14T14:51:22.258+0000] {dag.py:3722} INFO - Setting next_dagrun for example_external_task_marker_parent to None, run_after=None
[2025-02-14T14:51:22.318+0000] {processor.py:179} INFO - Processing /home/airflow/.local/lib/python3.8/site-packages/airflow/example_dags/example_external_task_marker_dag.py took 0.239 seconds
[2025-02-14T14:51:52.960+0000] {processor.py:157} INFO - Started process (PID=6560) to work on /home/airflow/.local/lib/python3.8/site-packages/airflow/example_dags/example_external_task_marker_dag.py
[2025-02-14T14:51:52.964+0000] {processor.py:829} INFO - Processing file /home/airflow/.local/lib/python3.8/site-packages/airflow/example_dags/example_external_task_marker_dag.py for tasks to queue
[2025-02-14T14:51:52.966+0000] {logging_mixin.py:154} INFO - [2025-02-14T14:51:52.966+0000] {dagbag.py:536} INFO - Filling up the DagBag from /home/airflow/.local/lib/python3.8/site-packages/airflow/example_dags/example_external_task_marker_dag.py
[2025-02-14T14:51:52.986+0000] {processor.py:839} INFO - DAG(s) dict_keys(['example_external_task_marker_child', 'example_external_task_marker_parent']) retrieved from /home/airflow/.local/lib/python3.8/site-packages/airflow/example_dags/example_external_task_marker_dag.py
[2025-02-14T14:51:53.086+0000] {logging_mixin.py:154} INFO - [2025-02-14T14:51:53.085+0000] {dag.py:2941} INFO - Sync 2 DAGs
[2025-02-14T14:51:53.141+0000] {logging_mixin.py:154} INFO - [2025-02-14T14:51:53.140+0000] {dag.py:3722} INFO - Setting next_dagrun for example_external_task_marker_child to None, run_after=None
[2025-02-14T14:51:53.151+0000] {logging_mixin.py:154} INFO - [2025-02-14T14:51:53.151+0000] {dag.py:3722} INFO - Setting next_dagrun for example_external_task_marker_parent to None, run_after=None
[2025-02-14T14:51:53.208+0000] {processor.py:179} INFO - Processing /home/airflow/.local/lib/python3.8/site-packages/airflow/example_dags/example_external_task_marker_dag.py took 0.261 seconds
[2025-02-14T14:52:24.041+0000] {processor.py:157} INFO - Started process (PID=6798) to work on /home/airflow/.local/lib/python3.8/site-packages/airflow/example_dags/example_external_task_marker_dag.py
[2025-02-14T14:52:24.047+0000] {processor.py:829} INFO - Processing file /home/airflow/.local/lib/python3.8/site-packages/airflow/example_dags/example_external_task_marker_dag.py for tasks to queue
[2025-02-14T14:52:24.050+0000] {logging_mixin.py:154} INFO - [2025-02-14T14:52:24.050+0000] {dagbag.py:536} INFO - Filling up the DagBag from /home/airflow/.local/lib/python3.8/site-packages/airflow/example_dags/example_external_task_marker_dag.py
[2025-02-14T14:52:24.075+0000] {processor.py:839} INFO - DAG(s) dict_keys(['example_external_task_marker_parent', 'example_external_task_marker_child']) retrieved from /home/airflow/.local/lib/python3.8/site-packages/airflow/example_dags/example_external_task_marker_dag.py
[2025-02-14T14:52:24.158+0000] {logging_mixin.py:154} INFO - [2025-02-14T14:52:24.158+0000] {dag.py:2941} INFO - Sync 2 DAGs
[2025-02-14T14:52:24.216+0000] {logging_mixin.py:154} INFO - [2025-02-14T14:52:24.215+0000] {dag.py:3722} INFO - Setting next_dagrun for example_external_task_marker_child to None, run_after=None
[2025-02-14T14:52:24.228+0000] {logging_mixin.py:154} INFO - [2025-02-14T14:52:24.227+0000] {dag.py:3722} INFO - Setting next_dagrun for example_external_task_marker_parent to None, run_after=None
[2025-02-14T14:52:24.293+0000] {processor.py:179} INFO - Processing /home/airflow/.local/lib/python3.8/site-packages/airflow/example_dags/example_external_task_marker_dag.py took 0.268 seconds
[2025-02-14T14:52:54.494+0000] {processor.py:157} INFO - Started process (PID=7036) to work on /home/airflow/.local/lib/python3.8/site-packages/airflow/example_dags/example_external_task_marker_dag.py
[2025-02-14T14:52:54.496+0000] {processor.py:829} INFO - Processing file /home/airflow/.local/lib/python3.8/site-packages/airflow/example_dags/example_external_task_marker_dag.py for tasks to queue
[2025-02-14T14:52:54.498+0000] {logging_mixin.py:154} INFO - [2025-02-14T14:52:54.498+0000] {dagbag.py:536} INFO - Filling up the DagBag from /home/airflow/.local/lib/python3.8/site-packages/airflow/example_dags/example_external_task_marker_dag.py
[2025-02-14T14:52:54.516+0000] {processor.py:839} INFO - DAG(s) dict_keys(['example_external_task_marker_parent', 'example_external_task_marker_child']) retrieved from /home/airflow/.local/lib/python3.8/site-packages/airflow/example_dags/example_external_task_marker_dag.py
[2025-02-14T14:52:54.601+0000] {logging_mixin.py:154} INFO - [2025-02-14T14:52:54.601+0000] {dag.py:2941} INFO - Sync 2 DAGs
[2025-02-14T14:52:54.642+0000] {logging_mixin.py:154} INFO - [2025-02-14T14:52:54.642+0000] {dag.py:3722} INFO - Setting next_dagrun for example_external_task_marker_child to None, run_after=None
[2025-02-14T14:52:54.652+0000] {logging_mixin.py:154} INFO - [2025-02-14T14:52:54.651+0000] {dag.py:3722} INFO - Setting next_dagrun for example_external_task_marker_parent to None, run_after=None
[2025-02-14T14:52:54.706+0000] {processor.py:179} INFO - Processing /home/airflow/.local/lib/python3.8/site-packages/airflow/example_dags/example_external_task_marker_dag.py took 0.222 seconds
[2025-02-14T14:53:25.175+0000] {processor.py:157} INFO - Started process (PID=7273) to work on /home/airflow/.local/lib/python3.8/site-packages/airflow/example_dags/example_external_task_marker_dag.py
[2025-02-14T14:53:25.178+0000] {processor.py:829} INFO - Processing file /home/airflow/.local/lib/python3.8/site-packages/airflow/example_dags/example_external_task_marker_dag.py for tasks to queue
[2025-02-14T14:53:25.180+0000] {logging_mixin.py:154} INFO - [2025-02-14T14:53:25.179+0000] {dagbag.py:536} INFO - Filling up the DagBag from /home/airflow/.local/lib/python3.8/site-packages/airflow/example_dags/example_external_task_marker_dag.py
[2025-02-14T14:53:25.196+0000] {processor.py:839} INFO - DAG(s) dict_keys(['example_external_task_marker_parent', 'example_external_task_marker_child']) retrieved from /home/airflow/.local/lib/python3.8/site-packages/airflow/example_dags/example_external_task_marker_dag.py
[2025-02-14T14:53:25.265+0000] {logging_mixin.py:154} INFO - [2025-02-14T14:53:25.264+0000] {dag.py:2941} INFO - Sync 2 DAGs
[2025-02-14T14:53:25.292+0000] {logging_mixin.py:154} INFO - [2025-02-14T14:53:25.291+0000] {dag.py:3722} INFO - Setting next_dagrun for example_external_task_marker_child to None, run_after=None
[2025-02-14T14:53:25.299+0000] {logging_mixin.py:154} INFO - [2025-02-14T14:53:25.299+0000] {dag.py:3722} INFO - Setting next_dagrun for example_external_task_marker_parent to None, run_after=None
[2025-02-14T14:53:25.341+0000] {processor.py:179} INFO - Processing /home/airflow/.local/lib/python3.8/site-packages/airflow/example_dags/example_external_task_marker_dag.py took 0.176 seconds
[2025-02-14T14:53:55.687+0000] {processor.py:157} INFO - Started process (PID=7511) to work on /home/airflow/.local/lib/python3.8/site-packages/airflow/example_dags/example_external_task_marker_dag.py
[2025-02-14T14:53:55.689+0000] {processor.py:829} INFO - Processing file /home/airflow/.local/lib/python3.8/site-packages/airflow/example_dags/example_external_task_marker_dag.py for tasks to queue
[2025-02-14T14:53:55.690+0000] {logging_mixin.py:154} INFO - [2025-02-14T14:53:55.690+0000] {dagbag.py:536} INFO - Filling up the DagBag from /home/airflow/.local/lib/python3.8/site-packages/airflow/example_dags/example_external_task_marker_dag.py
[2025-02-14T14:53:55.704+0000] {processor.py:839} INFO - DAG(s) dict_keys(['example_external_task_marker_parent', 'example_external_task_marker_child']) retrieved from /home/airflow/.local/lib/python3.8/site-packages/airflow/example_dags/example_external_task_marker_dag.py
[2025-02-14T14:53:55.795+0000] {logging_mixin.py:154} INFO - [2025-02-14T14:53:55.794+0000] {dag.py:2941} INFO - Sync 2 DAGs
[2025-02-14T14:53:55.836+0000] {logging_mixin.py:154} INFO - [2025-02-14T14:53:55.835+0000] {dag.py:3722} INFO - Setting next_dagrun for example_external_task_marker_child to None, run_after=None
[2025-02-14T14:53:55.845+0000] {logging_mixin.py:154} INFO - [2025-02-14T14:53:55.845+0000] {dag.py:3722} INFO - Setting next_dagrun for example_external_task_marker_parent to None, run_after=None
[2025-02-14T14:53:55.897+0000] {processor.py:179} INFO - Processing /home/airflow/.local/lib/python3.8/site-packages/airflow/example_dags/example_external_task_marker_dag.py took 0.217 seconds
