[2025-02-14T14:38:25.814+0000] {processor.py:157} INFO - Started process (PID=297) to work on /home/airflow/.local/lib/python3.8/site-packages/airflow/example_dags/example_subdag_operator.py
[2025-02-14T14:38:25.815+0000] {processor.py:829} INFO - Processing file /home/airflow/.local/lib/python3.8/site-packages/airflow/example_dags/example_subdag_operator.py for tasks to queue
[2025-02-14T14:38:25.816+0000] {logging_mixin.py:154} INFO - [2025-02-14T14:38:25.815+0000] {dagbag.py:536} INFO - Filling up the DagBag from /home/airflow/.local/lib/python3.8/site-packages/airflow/example_dags/example_subdag_operator.py
[2025-02-14T14:38:25.843+0000] {processor.py:839} INFO - DAG(s) dict_keys(['example_subdag_operator.section-1', 'example_subdag_operator.section-2', 'example_subdag_operator']) retrieved from /home/airflow/.local/lib/python3.8/site-packages/airflow/example_dags/example_subdag_operator.py
[2025-02-14T14:38:25.961+0000] {logging_mixin.py:154} INFO - [2025-02-14T14:38:25.961+0000] {manager.py:499} INFO - Created Permission View: %s
[2025-02-14T14:38:26.010+0000] {logging_mixin.py:154} INFO - [2025-02-14T14:38:26.010+0000] {manager.py:499} INFO - Created Permission View: %s
[2025-02-14T14:38:26.018+0000] {logging_mixin.py:154} INFO - [2025-02-14T14:38:26.017+0000] {manager.py:499} INFO - Created Permission View: %s
[2025-02-14T14:38:26.018+0000] {logging_mixin.py:154} INFO - [2025-02-14T14:38:26.018+0000] {dag.py:2941} INFO - Sync 3 DAGs
[2025-02-14T14:38:26.038+0000] {logging_mixin.py:154} INFO - [2025-02-14T14:38:26.038+0000] {dag.py:2963} INFO - Creating ORM DAG for example_subdag_operator.section-2
[2025-02-14T14:38:26.039+0000] {logging_mixin.py:154} INFO - [2025-02-14T14:38:26.039+0000] {dag.py:2963} INFO - Creating ORM DAG for example_subdag_operator.section-1
[2025-02-14T14:38:26.039+0000] {logging_mixin.py:154} INFO - [2025-02-14T14:38:26.039+0000] {dag.py:2963} INFO - Creating ORM DAG for example_subdag_operator
[2025-02-14T14:38:26.048+0000] {logging_mixin.py:154} INFO - [2025-02-14T14:38:26.048+0000] {dag.py:3722} INFO - Setting next_dagrun for example_subdag_operator to 2022-01-01T00:00:00+00:00, run_after=2022-01-01T00:00:00+00:00
[2025-02-14T14:38:26.049+0000] {logging_mixin.py:154} INFO - [2025-02-14T14:38:26.048+0000] {dag.py:3722} INFO - Setting next_dagrun for example_subdag_operator.section-1 to None, run_after=None
[2025-02-14T14:38:26.049+0000] {logging_mixin.py:154} INFO - [2025-02-14T14:38:26.049+0000] {dag.py:3722} INFO - Setting next_dagrun for example_subdag_operator.section-2 to None, run_after=None
[2025-02-14T14:38:26.056+0000] {logging_mixin.py:154} INFO - [2025-02-14T14:38:26.056+0000] {dag.py:2941} INFO - Sync 2 DAGs
[2025-02-14T14:38:26.067+0000] {logging_mixin.py:154} INFO - [2025-02-14T14:38:26.067+0000] {dag.py:3722} INFO - Setting next_dagrun for example_subdag_operator.section-1 to None, run_after=None
[2025-02-14T14:38:26.070+0000] {logging_mixin.py:154} INFO - [2025-02-14T14:38:26.070+0000] {dag.py:3722} INFO - Setting next_dagrun for example_subdag_operator.section-2 to None, run_after=None
[2025-02-14T14:38:26.086+0000] {processor.py:179} INFO - Processing /home/airflow/.local/lib/python3.8/site-packages/airflow/example_dags/example_subdag_operator.py took 0.275 seconds
[2025-02-14T14:38:58.197+0000] {processor.py:157} INFO - Started process (PID=535) to work on /home/airflow/.local/lib/python3.8/site-packages/airflow/example_dags/example_subdag_operator.py
[2025-02-14T14:38:58.201+0000] {processor.py:829} INFO - Processing file /home/airflow/.local/lib/python3.8/site-packages/airflow/example_dags/example_subdag_operator.py for tasks to queue
[2025-02-14T14:38:58.203+0000] {logging_mixin.py:154} INFO - [2025-02-14T14:38:58.203+0000] {dagbag.py:536} INFO - Filling up the DagBag from /home/airflow/.local/lib/python3.8/site-packages/airflow/example_dags/example_subdag_operator.py
[2025-02-14T14:38:58.454+0000] {processor.py:839} INFO - DAG(s) dict_keys(['example_subdag_operator.section-1', 'example_subdag_operator.section-2', 'example_subdag_operator']) retrieved from /home/airflow/.local/lib/python3.8/site-packages/airflow/example_dags/example_subdag_operator.py
[2025-02-14T14:38:58.573+0000] {logging_mixin.py:154} INFO - [2025-02-14T14:38:58.573+0000] {dag.py:2941} INFO - Sync 3 DAGs
[2025-02-14T14:38:58.648+0000] {logging_mixin.py:154} INFO - [2025-02-14T14:38:58.647+0000] {dag.py:3722} INFO - Setting next_dagrun for example_subdag_operator to 2022-01-01T00:00:00+00:00, run_after=2022-01-01T00:00:00+00:00
[2025-02-14T14:38:58.660+0000] {logging_mixin.py:154} INFO - [2025-02-14T14:38:58.659+0000] {dag.py:3722} INFO - Setting next_dagrun for example_subdag_operator.section-1 to None, run_after=None
[2025-02-14T14:38:58.663+0000] {logging_mixin.py:154} INFO - [2025-02-14T14:38:58.663+0000] {dag.py:3722} INFO - Setting next_dagrun for example_subdag_operator.section-2 to None, run_after=None
[2025-02-14T14:38:58.686+0000] {logging_mixin.py:154} INFO - [2025-02-14T14:38:58.685+0000] {dag.py:2941} INFO - Sync 2 DAGs
[2025-02-14T14:38:58.701+0000] {logging_mixin.py:154} INFO - [2025-02-14T14:38:58.701+0000] {dag.py:3722} INFO - Setting next_dagrun for example_subdag_operator.section-1 to None, run_after=None
[2025-02-14T14:38:58.702+0000] {logging_mixin.py:154} INFO - [2025-02-14T14:38:58.702+0000] {dag.py:3722} INFO - Setting next_dagrun for example_subdag_operator.section-2 to None, run_after=None
[2025-02-14T14:38:58.741+0000] {processor.py:179} INFO - Processing /home/airflow/.local/lib/python3.8/site-packages/airflow/example_dags/example_subdag_operator.py took 0.564 seconds
[2025-02-14T14:39:29.413+0000] {processor.py:157} INFO - Started process (PID=773) to work on /home/airflow/.local/lib/python3.8/site-packages/airflow/example_dags/example_subdag_operator.py
[2025-02-14T14:39:29.417+0000] {processor.py:829} INFO - Processing file /home/airflow/.local/lib/python3.8/site-packages/airflow/example_dags/example_subdag_operator.py for tasks to queue
[2025-02-14T14:39:29.419+0000] {logging_mixin.py:154} INFO - [2025-02-14T14:39:29.418+0000] {dagbag.py:536} INFO - Filling up the DagBag from /home/airflow/.local/lib/python3.8/site-packages/airflow/example_dags/example_subdag_operator.py
[2025-02-14T14:39:29.504+0000] {processor.py:839} INFO - DAG(s) dict_keys(['example_subdag_operator.section-1', 'example_subdag_operator.section-2', 'example_subdag_operator']) retrieved from /home/airflow/.local/lib/python3.8/site-packages/airflow/example_dags/example_subdag_operator.py
[2025-02-14T14:39:29.551+0000] {logging_mixin.py:154} INFO - [2025-02-14T14:39:29.551+0000] {dag.py:2941} INFO - Sync 3 DAGs
[2025-02-14T14:39:29.621+0000] {logging_mixin.py:154} INFO - [2025-02-14T14:39:29.620+0000] {dag.py:3722} INFO - Setting next_dagrun for example_subdag_operator to 2022-01-01T00:00:00+00:00, run_after=2022-01-01T00:00:00+00:00
[2025-02-14T14:39:29.639+0000] {logging_mixin.py:154} INFO - [2025-02-14T14:39:29.639+0000] {dag.py:3722} INFO - Setting next_dagrun for example_subdag_operator.section-1 to None, run_after=None
[2025-02-14T14:39:29.644+0000] {logging_mixin.py:154} INFO - [2025-02-14T14:39:29.644+0000] {dag.py:3722} INFO - Setting next_dagrun for example_subdag_operator.section-2 to None, run_after=None
[2025-02-14T14:39:29.668+0000] {logging_mixin.py:154} INFO - [2025-02-14T14:39:29.668+0000] {dag.py:2941} INFO - Sync 2 DAGs
[2025-02-14T14:39:29.681+0000] {logging_mixin.py:154} INFO - [2025-02-14T14:39:29.681+0000] {dag.py:3722} INFO - Setting next_dagrun for example_subdag_operator.section-1 to None, run_after=None
[2025-02-14T14:39:29.682+0000] {logging_mixin.py:154} INFO - [2025-02-14T14:39:29.682+0000] {dag.py:3722} INFO - Setting next_dagrun for example_subdag_operator.section-2 to None, run_after=None
[2025-02-14T14:39:29.713+0000] {processor.py:179} INFO - Processing /home/airflow/.local/lib/python3.8/site-packages/airflow/example_dags/example_subdag_operator.py took 0.312 seconds
[2025-02-14T14:40:00.286+0000] {processor.py:157} INFO - Started process (PID=1011) to work on /home/airflow/.local/lib/python3.8/site-packages/airflow/example_dags/example_subdag_operator.py
[2025-02-14T14:40:00.290+0000] {processor.py:829} INFO - Processing file /home/airflow/.local/lib/python3.8/site-packages/airflow/example_dags/example_subdag_operator.py for tasks to queue
[2025-02-14T14:40:00.292+0000] {logging_mixin.py:154} INFO - [2025-02-14T14:40:00.291+0000] {dagbag.py:536} INFO - Filling up the DagBag from /home/airflow/.local/lib/python3.8/site-packages/airflow/example_dags/example_subdag_operator.py
[2025-02-14T14:40:00.363+0000] {processor.py:839} INFO - DAG(s) dict_keys(['example_subdag_operator.section-1', 'example_subdag_operator.section-2', 'example_subdag_operator']) retrieved from /home/airflow/.local/lib/python3.8/site-packages/airflow/example_dags/example_subdag_operator.py
[2025-02-14T14:40:00.416+0000] {logging_mixin.py:154} INFO - [2025-02-14T14:40:00.416+0000] {dag.py:2941} INFO - Sync 3 DAGs
[2025-02-14T14:40:00.492+0000] {logging_mixin.py:154} INFO - [2025-02-14T14:40:00.491+0000] {dag.py:3722} INFO - Setting next_dagrun for example_subdag_operator to 2022-01-01T00:00:00+00:00, run_after=2022-01-01T00:00:00+00:00
[2025-02-14T14:40:00.519+0000] {logging_mixin.py:154} INFO - [2025-02-14T14:40:00.514+0000] {dag.py:3722} INFO - Setting next_dagrun for example_subdag_operator.section-1 to None, run_after=None
[2025-02-14T14:40:00.523+0000] {logging_mixin.py:154} INFO - [2025-02-14T14:40:00.523+0000] {dag.py:3722} INFO - Setting next_dagrun for example_subdag_operator.section-2 to None, run_after=None
[2025-02-14T14:40:00.551+0000] {logging_mixin.py:154} INFO - [2025-02-14T14:40:00.550+0000] {dag.py:2941} INFO - Sync 2 DAGs
[2025-02-14T14:40:00.564+0000] {logging_mixin.py:154} INFO - [2025-02-14T14:40:00.563+0000] {dag.py:3722} INFO - Setting next_dagrun for example_subdag_operator.section-1 to None, run_after=None
[2025-02-14T14:40:00.565+0000] {logging_mixin.py:154} INFO - [2025-02-14T14:40:00.564+0000] {dag.py:3722} INFO - Setting next_dagrun for example_subdag_operator.section-2 to None, run_after=None
[2025-02-14T14:40:00.600+0000] {processor.py:179} INFO - Processing /home/airflow/.local/lib/python3.8/site-packages/airflow/example_dags/example_subdag_operator.py took 0.323 seconds
[2025-02-14T14:40:31.649+0000] {processor.py:157} INFO - Started process (PID=1249) to work on /home/airflow/.local/lib/python3.8/site-packages/airflow/example_dags/example_subdag_operator.py
[2025-02-14T14:40:31.652+0000] {processor.py:829} INFO - Processing file /home/airflow/.local/lib/python3.8/site-packages/airflow/example_dags/example_subdag_operator.py for tasks to queue
[2025-02-14T14:40:31.653+0000] {logging_mixin.py:154} INFO - [2025-02-14T14:40:31.653+0000] {dagbag.py:536} INFO - Filling up the DagBag from /home/airflow/.local/lib/python3.8/site-packages/airflow/example_dags/example_subdag_operator.py
[2025-02-14T14:40:31.725+0000] {processor.py:839} INFO - DAG(s) dict_keys(['example_subdag_operator.section-1', 'example_subdag_operator.section-2', 'example_subdag_operator']) retrieved from /home/airflow/.local/lib/python3.8/site-packages/airflow/example_dags/example_subdag_operator.py
[2025-02-14T14:40:31.772+0000] {logging_mixin.py:154} INFO - [2025-02-14T14:40:31.772+0000] {dag.py:2941} INFO - Sync 3 DAGs
[2025-02-14T14:40:31.882+0000] {logging_mixin.py:154} INFO - [2025-02-14T14:40:31.881+0000] {dag.py:3722} INFO - Setting next_dagrun for example_subdag_operator to 2022-01-01T00:00:00+00:00, run_after=2022-01-01T00:00:00+00:00
[2025-02-14T14:40:31.893+0000] {logging_mixin.py:154} INFO - [2025-02-14T14:40:31.892+0000] {dag.py:3722} INFO - Setting next_dagrun for example_subdag_operator.section-1 to None, run_after=None
[2025-02-14T14:40:31.896+0000] {logging_mixin.py:154} INFO - [2025-02-14T14:40:31.895+0000] {dag.py:3722} INFO - Setting next_dagrun for example_subdag_operator.section-2 to None, run_after=None
[2025-02-14T14:40:31.923+0000] {logging_mixin.py:154} INFO - [2025-02-14T14:40:31.923+0000] {dag.py:2941} INFO - Sync 2 DAGs
[2025-02-14T14:40:31.939+0000] {logging_mixin.py:154} INFO - [2025-02-14T14:40:31.938+0000] {dag.py:3722} INFO - Setting next_dagrun for example_subdag_operator.section-1 to None, run_after=None
[2025-02-14T14:40:31.940+0000] {logging_mixin.py:154} INFO - [2025-02-14T14:40:31.940+0000] {dag.py:3722} INFO - Setting next_dagrun for example_subdag_operator.section-2 to None, run_after=None
[2025-02-14T14:40:31.966+0000] {processor.py:179} INFO - Processing /home/airflow/.local/lib/python3.8/site-packages/airflow/example_dags/example_subdag_operator.py took 0.326 seconds
[2025-02-14T14:41:02.718+0000] {processor.py:157} INFO - Started process (PID=1487) to work on /home/airflow/.local/lib/python3.8/site-packages/airflow/example_dags/example_subdag_operator.py
[2025-02-14T14:41:02.721+0000] {processor.py:829} INFO - Processing file /home/airflow/.local/lib/python3.8/site-packages/airflow/example_dags/example_subdag_operator.py for tasks to queue
[2025-02-14T14:41:02.723+0000] {logging_mixin.py:154} INFO - [2025-02-14T14:41:02.722+0000] {dagbag.py:536} INFO - Filling up the DagBag from /home/airflow/.local/lib/python3.8/site-packages/airflow/example_dags/example_subdag_operator.py
[2025-02-14T14:41:02.802+0000] {processor.py:839} INFO - DAG(s) dict_keys(['example_subdag_operator.section-1', 'example_subdag_operator.section-2', 'example_subdag_operator']) retrieved from /home/airflow/.local/lib/python3.8/site-packages/airflow/example_dags/example_subdag_operator.py
[2025-02-14T14:41:02.847+0000] {logging_mixin.py:154} INFO - [2025-02-14T14:41:02.847+0000] {dag.py:2941} INFO - Sync 3 DAGs
[2025-02-14T14:41:02.918+0000] {logging_mixin.py:154} INFO - [2025-02-14T14:41:02.918+0000] {dag.py:3722} INFO - Setting next_dagrun for example_subdag_operator to 2022-01-01T00:00:00+00:00, run_after=2022-01-01T00:00:00+00:00
[2025-02-14T14:41:02.930+0000] {logging_mixin.py:154} INFO - [2025-02-14T14:41:02.930+0000] {dag.py:3722} INFO - Setting next_dagrun for example_subdag_operator.section-1 to None, run_after=None
[2025-02-14T14:41:02.934+0000] {logging_mixin.py:154} INFO - [2025-02-14T14:41:02.933+0000] {dag.py:3722} INFO - Setting next_dagrun for example_subdag_operator.section-2 to None, run_after=None
[2025-02-14T14:41:02.959+0000] {logging_mixin.py:154} INFO - [2025-02-14T14:41:02.957+0000] {dag.py:2941} INFO - Sync 2 DAGs
[2025-02-14T14:41:02.975+0000] {logging_mixin.py:154} INFO - [2025-02-14T14:41:02.974+0000] {dag.py:3722} INFO - Setting next_dagrun for example_subdag_operator.section-1 to None, run_after=None
[2025-02-14T14:41:02.976+0000] {logging_mixin.py:154} INFO - [2025-02-14T14:41:02.976+0000] {dag.py:3722} INFO - Setting next_dagrun for example_subdag_operator.section-2 to None, run_after=None
[2025-02-14T14:41:03.008+0000] {processor.py:179} INFO - Processing /home/airflow/.local/lib/python3.8/site-packages/airflow/example_dags/example_subdag_operator.py took 0.301 seconds
[2025-02-14T14:41:33.741+0000] {processor.py:157} INFO - Started process (PID=1724) to work on /home/airflow/.local/lib/python3.8/site-packages/airflow/example_dags/example_subdag_operator.py
[2025-02-14T14:41:33.745+0000] {processor.py:829} INFO - Processing file /home/airflow/.local/lib/python3.8/site-packages/airflow/example_dags/example_subdag_operator.py for tasks to queue
[2025-02-14T14:41:33.748+0000] {logging_mixin.py:154} INFO - [2025-02-14T14:41:33.747+0000] {dagbag.py:536} INFO - Filling up the DagBag from /home/airflow/.local/lib/python3.8/site-packages/airflow/example_dags/example_subdag_operator.py
[2025-02-14T14:41:33.854+0000] {processor.py:839} INFO - DAG(s) dict_keys(['example_subdag_operator.section-1', 'example_subdag_operator.section-2', 'example_subdag_operator']) retrieved from /home/airflow/.local/lib/python3.8/site-packages/airflow/example_dags/example_subdag_operator.py
[2025-02-14T14:41:33.926+0000] {logging_mixin.py:154} INFO - [2025-02-14T14:41:33.925+0000] {dag.py:2941} INFO - Sync 3 DAGs
[2025-02-14T14:41:33.999+0000] {logging_mixin.py:154} INFO - [2025-02-14T14:41:33.999+0000] {dag.py:3722} INFO - Setting next_dagrun for example_subdag_operator to 2022-01-01T00:00:00+00:00, run_after=2022-01-01T00:00:00+00:00
[2025-02-14T14:41:34.008+0000] {logging_mixin.py:154} INFO - [2025-02-14T14:41:34.007+0000] {dag.py:3722} INFO - Setting next_dagrun for example_subdag_operator.section-1 to None, run_after=None
[2025-02-14T14:41:34.012+0000] {logging_mixin.py:154} INFO - [2025-02-14T14:41:34.012+0000] {dag.py:3722} INFO - Setting next_dagrun for example_subdag_operator.section-2 to None, run_after=None
[2025-02-14T14:41:34.056+0000] {logging_mixin.py:154} INFO - [2025-02-14T14:41:34.054+0000] {dag.py:2941} INFO - Sync 2 DAGs
[2025-02-14T14:41:34.111+0000] {logging_mixin.py:154} INFO - [2025-02-14T14:41:34.110+0000] {dag.py:3722} INFO - Setting next_dagrun for example_subdag_operator.section-1 to None, run_after=None
[2025-02-14T14:41:34.113+0000] {logging_mixin.py:154} INFO - [2025-02-14T14:41:34.113+0000] {dag.py:3722} INFO - Setting next_dagrun for example_subdag_operator.section-2 to None, run_after=None
[2025-02-14T14:41:34.173+0000] {processor.py:179} INFO - Processing /home/airflow/.local/lib/python3.8/site-packages/airflow/example_dags/example_subdag_operator.py took 0.446 seconds
[2025-02-14T14:42:04.313+0000] {processor.py:157} INFO - Started process (PID=1959) to work on /home/airflow/.local/lib/python3.8/site-packages/airflow/example_dags/example_subdag_operator.py
[2025-02-14T14:42:04.315+0000] {processor.py:829} INFO - Processing file /home/airflow/.local/lib/python3.8/site-packages/airflow/example_dags/example_subdag_operator.py for tasks to queue
[2025-02-14T14:42:04.317+0000] {logging_mixin.py:154} INFO - [2025-02-14T14:42:04.317+0000] {dagbag.py:536} INFO - Filling up the DagBag from /home/airflow/.local/lib/python3.8/site-packages/airflow/example_dags/example_subdag_operator.py
[2025-02-14T14:42:04.396+0000] {processor.py:839} INFO - DAG(s) dict_keys(['example_subdag_operator.section-1', 'example_subdag_operator.section-2', 'example_subdag_operator']) retrieved from /home/airflow/.local/lib/python3.8/site-packages/airflow/example_dags/example_subdag_operator.py
[2025-02-14T14:42:04.451+0000] {logging_mixin.py:154} INFO - [2025-02-14T14:42:04.450+0000] {dag.py:2941} INFO - Sync 3 DAGs
[2025-02-14T14:42:04.542+0000] {logging_mixin.py:154} INFO - [2025-02-14T14:42:04.541+0000] {dag.py:3722} INFO - Setting next_dagrun for example_subdag_operator to 2022-01-01T00:00:00+00:00, run_after=2022-01-01T00:00:00+00:00
[2025-02-14T14:42:04.554+0000] {logging_mixin.py:154} INFO - [2025-02-14T14:42:04.553+0000] {dag.py:3722} INFO - Setting next_dagrun for example_subdag_operator.section-1 to None, run_after=None
[2025-02-14T14:42:04.561+0000] {logging_mixin.py:154} INFO - [2025-02-14T14:42:04.560+0000] {dag.py:3722} INFO - Setting next_dagrun for example_subdag_operator.section-2 to None, run_after=None
[2025-02-14T14:42:04.580+0000] {logging_mixin.py:154} INFO - [2025-02-14T14:42:04.579+0000] {dag.py:2941} INFO - Sync 2 DAGs
[2025-02-14T14:42:04.593+0000] {logging_mixin.py:154} INFO - [2025-02-14T14:42:04.593+0000] {dag.py:3722} INFO - Setting next_dagrun for example_subdag_operator.section-1 to None, run_after=None
[2025-02-14T14:42:04.594+0000] {logging_mixin.py:154} INFO - [2025-02-14T14:42:04.594+0000] {dag.py:3722} INFO - Setting next_dagrun for example_subdag_operator.section-2 to None, run_after=None
[2025-02-14T14:42:04.638+0000] {processor.py:179} INFO - Processing /home/airflow/.local/lib/python3.8/site-packages/airflow/example_dags/example_subdag_operator.py took 0.332 seconds
[2025-02-14T14:42:34.822+0000] {processor.py:157} INFO - Started process (PID=2197) to work on /home/airflow/.local/lib/python3.8/site-packages/airflow/example_dags/example_subdag_operator.py
[2025-02-14T14:42:34.824+0000] {processor.py:829} INFO - Processing file /home/airflow/.local/lib/python3.8/site-packages/airflow/example_dags/example_subdag_operator.py for tasks to queue
[2025-02-14T14:42:34.827+0000] {logging_mixin.py:154} INFO - [2025-02-14T14:42:34.826+0000] {dagbag.py:536} INFO - Filling up the DagBag from /home/airflow/.local/lib/python3.8/site-packages/airflow/example_dags/example_subdag_operator.py
[2025-02-14T14:42:34.924+0000] {processor.py:839} INFO - DAG(s) dict_keys(['example_subdag_operator.section-1', 'example_subdag_operator.section-2', 'example_subdag_operator']) retrieved from /home/airflow/.local/lib/python3.8/site-packages/airflow/example_dags/example_subdag_operator.py
[2025-02-14T14:42:34.977+0000] {logging_mixin.py:154} INFO - [2025-02-14T14:42:34.976+0000] {dag.py:2941} INFO - Sync 3 DAGs
[2025-02-14T14:42:35.080+0000] {logging_mixin.py:154} INFO - [2025-02-14T14:42:35.080+0000] {dag.py:3722} INFO - Setting next_dagrun for example_subdag_operator to 2022-01-01T00:00:00+00:00, run_after=2022-01-01T00:00:00+00:00
[2025-02-14T14:42:35.090+0000] {logging_mixin.py:154} INFO - [2025-02-14T14:42:35.089+0000] {dag.py:3722} INFO - Setting next_dagrun for example_subdag_operator.section-1 to None, run_after=None
[2025-02-14T14:42:35.093+0000] {logging_mixin.py:154} INFO - [2025-02-14T14:42:35.093+0000] {dag.py:3722} INFO - Setting next_dagrun for example_subdag_operator.section-2 to None, run_after=None
[2025-02-14T14:42:35.114+0000] {logging_mixin.py:154} INFO - [2025-02-14T14:42:35.113+0000] {dag.py:2941} INFO - Sync 2 DAGs
[2025-02-14T14:42:35.137+0000] {logging_mixin.py:154} INFO - [2025-02-14T14:42:35.136+0000] {dag.py:3722} INFO - Setting next_dagrun for example_subdag_operator.section-1 to None, run_after=None
[2025-02-14T14:42:35.137+0000] {logging_mixin.py:154} INFO - [2025-02-14T14:42:35.137+0000] {dag.py:3722} INFO - Setting next_dagrun for example_subdag_operator.section-2 to None, run_after=None
[2025-02-14T14:42:35.180+0000] {processor.py:179} INFO - Processing /home/airflow/.local/lib/python3.8/site-packages/airflow/example_dags/example_subdag_operator.py took 0.374 seconds
[2025-02-14T14:43:06.052+0000] {processor.py:157} INFO - Started process (PID=2435) to work on /home/airflow/.local/lib/python3.8/site-packages/airflow/example_dags/example_subdag_operator.py
[2025-02-14T14:43:06.057+0000] {processor.py:829} INFO - Processing file /home/airflow/.local/lib/python3.8/site-packages/airflow/example_dags/example_subdag_operator.py for tasks to queue
[2025-02-14T14:43:06.060+0000] {logging_mixin.py:154} INFO - [2025-02-14T14:43:06.059+0000] {dagbag.py:536} INFO - Filling up the DagBag from /home/airflow/.local/lib/python3.8/site-packages/airflow/example_dags/example_subdag_operator.py
[2025-02-14T14:43:06.187+0000] {processor.py:839} INFO - DAG(s) dict_keys(['example_subdag_operator.section-1', 'example_subdag_operator.section-2', 'example_subdag_operator']) retrieved from /home/airflow/.local/lib/python3.8/site-packages/airflow/example_dags/example_subdag_operator.py
[2025-02-14T14:43:06.232+0000] {logging_mixin.py:154} INFO - [2025-02-14T14:43:06.232+0000] {dag.py:2941} INFO - Sync 3 DAGs
[2025-02-14T14:43:06.303+0000] {logging_mixin.py:154} INFO - [2025-02-14T14:43:06.303+0000] {dag.py:3722} INFO - Setting next_dagrun for example_subdag_operator to 2022-01-01T00:00:00+00:00, run_after=2022-01-01T00:00:00+00:00
[2025-02-14T14:43:06.312+0000] {logging_mixin.py:154} INFO - [2025-02-14T14:43:06.312+0000] {dag.py:3722} INFO - Setting next_dagrun for example_subdag_operator.section-1 to None, run_after=None
[2025-02-14T14:43:06.316+0000] {logging_mixin.py:154} INFO - [2025-02-14T14:43:06.316+0000] {dag.py:3722} INFO - Setting next_dagrun for example_subdag_operator.section-2 to None, run_after=None
[2025-02-14T14:43:06.334+0000] {logging_mixin.py:154} INFO - [2025-02-14T14:43:06.334+0000] {dag.py:2941} INFO - Sync 2 DAGs
[2025-02-14T14:43:06.347+0000] {logging_mixin.py:154} INFO - [2025-02-14T14:43:06.347+0000] {dag.py:3722} INFO - Setting next_dagrun for example_subdag_operator.section-1 to None, run_after=None
[2025-02-14T14:43:06.348+0000] {logging_mixin.py:154} INFO - [2025-02-14T14:43:06.348+0000] {dag.py:3722} INFO - Setting next_dagrun for example_subdag_operator.section-2 to None, run_after=None
[2025-02-14T14:43:06.383+0000] {processor.py:179} INFO - Processing /home/airflow/.local/lib/python3.8/site-packages/airflow/example_dags/example_subdag_operator.py took 0.344 seconds
[2025-02-14T14:43:36.624+0000] {processor.py:157} INFO - Started process (PID=2671) to work on /home/airflow/.local/lib/python3.8/site-packages/airflow/example_dags/example_subdag_operator.py
[2025-02-14T14:43:36.626+0000] {processor.py:829} INFO - Processing file /home/airflow/.local/lib/python3.8/site-packages/airflow/example_dags/example_subdag_operator.py for tasks to queue
[2025-02-14T14:43:36.634+0000] {logging_mixin.py:154} INFO - [2025-02-14T14:43:36.633+0000] {dagbag.py:536} INFO - Filling up the DagBag from /home/airflow/.local/lib/python3.8/site-packages/airflow/example_dags/example_subdag_operator.py
[2025-02-14T14:43:36.795+0000] {processor.py:839} INFO - DAG(s) dict_keys(['example_subdag_operator.section-1', 'example_subdag_operator.section-2', 'example_subdag_operator']) retrieved from /home/airflow/.local/lib/python3.8/site-packages/airflow/example_dags/example_subdag_operator.py
[2025-02-14T14:43:36.853+0000] {logging_mixin.py:154} INFO - [2025-02-14T14:43:36.851+0000] {dag.py:2941} INFO - Sync 3 DAGs
[2025-02-14T14:43:36.932+0000] {logging_mixin.py:154} INFO - [2025-02-14T14:43:36.931+0000] {dag.py:3722} INFO - Setting next_dagrun for example_subdag_operator to 2022-01-01T00:00:00+00:00, run_after=2022-01-01T00:00:00+00:00
[2025-02-14T14:43:36.944+0000] {logging_mixin.py:154} INFO - [2025-02-14T14:43:36.943+0000] {dag.py:3722} INFO - Setting next_dagrun for example_subdag_operator.section-1 to None, run_after=None
[2025-02-14T14:43:36.947+0000] {logging_mixin.py:154} INFO - [2025-02-14T14:43:36.947+0000] {dag.py:3722} INFO - Setting next_dagrun for example_subdag_operator.section-2 to None, run_after=None
[2025-02-14T14:43:36.967+0000] {logging_mixin.py:154} INFO - [2025-02-14T14:43:36.966+0000] {dag.py:2941} INFO - Sync 2 DAGs
[2025-02-14T14:43:36.980+0000] {logging_mixin.py:154} INFO - [2025-02-14T14:43:36.979+0000] {dag.py:3722} INFO - Setting next_dagrun for example_subdag_operator.section-1 to None, run_after=None
[2025-02-14T14:43:36.981+0000] {logging_mixin.py:154} INFO - [2025-02-14T14:43:36.980+0000] {dag.py:3722} INFO - Setting next_dagrun for example_subdag_operator.section-2 to None, run_after=None
[2025-02-14T14:43:37.004+0000] {processor.py:179} INFO - Processing /home/airflow/.local/lib/python3.8/site-packages/airflow/example_dags/example_subdag_operator.py took 0.397 seconds
[2025-02-14T14:44:07.439+0000] {processor.py:157} INFO - Started process (PID=2910) to work on /home/airflow/.local/lib/python3.8/site-packages/airflow/example_dags/example_subdag_operator.py
[2025-02-14T14:44:07.442+0000] {processor.py:829} INFO - Processing file /home/airflow/.local/lib/python3.8/site-packages/airflow/example_dags/example_subdag_operator.py for tasks to queue
[2025-02-14T14:44:07.445+0000] {logging_mixin.py:154} INFO - [2025-02-14T14:44:07.445+0000] {dagbag.py:536} INFO - Filling up the DagBag from /home/airflow/.local/lib/python3.8/site-packages/airflow/example_dags/example_subdag_operator.py
[2025-02-14T14:44:07.557+0000] {processor.py:839} INFO - DAG(s) dict_keys(['example_subdag_operator.section-1', 'example_subdag_operator.section-2', 'example_subdag_operator']) retrieved from /home/airflow/.local/lib/python3.8/site-packages/airflow/example_dags/example_subdag_operator.py
[2025-02-14T14:44:07.622+0000] {logging_mixin.py:154} INFO - [2025-02-14T14:44:07.622+0000] {dag.py:2941} INFO - Sync 3 DAGs
[2025-02-14T14:44:07.693+0000] {logging_mixin.py:154} INFO - [2025-02-14T14:44:07.692+0000] {dag.py:3722} INFO - Setting next_dagrun for example_subdag_operator to 2022-01-01T00:00:00+00:00, run_after=2022-01-01T00:00:00+00:00
[2025-02-14T14:44:07.703+0000] {logging_mixin.py:154} INFO - [2025-02-14T14:44:07.703+0000] {dag.py:3722} INFO - Setting next_dagrun for example_subdag_operator.section-1 to None, run_after=None
[2025-02-14T14:44:07.707+0000] {logging_mixin.py:154} INFO - [2025-02-14T14:44:07.706+0000] {dag.py:3722} INFO - Setting next_dagrun for example_subdag_operator.section-2 to None, run_after=None
[2025-02-14T14:44:07.727+0000] {logging_mixin.py:154} INFO - [2025-02-14T14:44:07.726+0000] {dag.py:2941} INFO - Sync 2 DAGs
[2025-02-14T14:44:07.742+0000] {logging_mixin.py:154} INFO - [2025-02-14T14:44:07.742+0000] {dag.py:3722} INFO - Setting next_dagrun for example_subdag_operator.section-1 to None, run_after=None
[2025-02-14T14:44:07.744+0000] {logging_mixin.py:154} INFO - [2025-02-14T14:44:07.743+0000] {dag.py:3722} INFO - Setting next_dagrun for example_subdag_operator.section-2 to None, run_after=None
[2025-02-14T14:44:07.780+0000] {processor.py:179} INFO - Processing /home/airflow/.local/lib/python3.8/site-packages/airflow/example_dags/example_subdag_operator.py took 0.350 seconds
[2025-02-14T14:44:37.893+0000] {processor.py:157} INFO - Started process (PID=3163) to work on /home/airflow/.local/lib/python3.8/site-packages/airflow/example_dags/example_subdag_operator.py
[2025-02-14T14:44:37.895+0000] {processor.py:829} INFO - Processing file /home/airflow/.local/lib/python3.8/site-packages/airflow/example_dags/example_subdag_operator.py for tasks to queue
[2025-02-14T14:44:37.896+0000] {logging_mixin.py:154} INFO - [2025-02-14T14:44:37.896+0000] {dagbag.py:536} INFO - Filling up the DagBag from /home/airflow/.local/lib/python3.8/site-packages/airflow/example_dags/example_subdag_operator.py
[2025-02-14T14:44:37.979+0000] {processor.py:839} INFO - DAG(s) dict_keys(['example_subdag_operator.section-1', 'example_subdag_operator.section-2', 'example_subdag_operator']) retrieved from /home/airflow/.local/lib/python3.8/site-packages/airflow/example_dags/example_subdag_operator.py
[2025-02-14T14:44:38.043+0000] {logging_mixin.py:154} INFO - [2025-02-14T14:44:38.042+0000] {dag.py:2941} INFO - Sync 3 DAGs
[2025-02-14T14:44:38.114+0000] {logging_mixin.py:154} INFO - [2025-02-14T14:44:38.113+0000] {dag.py:3722} INFO - Setting next_dagrun for example_subdag_operator to 2022-01-01T00:00:00+00:00, run_after=2022-01-01T00:00:00+00:00
[2025-02-14T14:44:38.125+0000] {logging_mixin.py:154} INFO - [2025-02-14T14:44:38.124+0000] {dag.py:3722} INFO - Setting next_dagrun for example_subdag_operator.section-1 to None, run_after=None
[2025-02-14T14:44:38.129+0000] {logging_mixin.py:154} INFO - [2025-02-14T14:44:38.128+0000] {dag.py:3722} INFO - Setting next_dagrun for example_subdag_operator.section-2 to None, run_after=None
[2025-02-14T14:44:38.153+0000] {logging_mixin.py:154} INFO - [2025-02-14T14:44:38.153+0000] {dag.py:2941} INFO - Sync 2 DAGs
[2025-02-14T14:44:38.168+0000] {logging_mixin.py:154} INFO - [2025-02-14T14:44:38.168+0000] {dag.py:3722} INFO - Setting next_dagrun for example_subdag_operator.section-1 to None, run_after=None
[2025-02-14T14:44:38.169+0000] {logging_mixin.py:154} INFO - [2025-02-14T14:44:38.169+0000] {dag.py:3722} INFO - Setting next_dagrun for example_subdag_operator.section-2 to None, run_after=None
[2025-02-14T14:44:38.201+0000] {processor.py:179} INFO - Processing /home/airflow/.local/lib/python3.8/site-packages/airflow/example_dags/example_subdag_operator.py took 0.318 seconds
[2025-02-14T14:45:08.375+0000] {processor.py:157} INFO - Started process (PID=3417) to work on /home/airflow/.local/lib/python3.8/site-packages/airflow/example_dags/example_subdag_operator.py
[2025-02-14T14:45:08.378+0000] {processor.py:829} INFO - Processing file /home/airflow/.local/lib/python3.8/site-packages/airflow/example_dags/example_subdag_operator.py for tasks to queue
[2025-02-14T14:45:08.380+0000] {logging_mixin.py:154} INFO - [2025-02-14T14:45:08.379+0000] {dagbag.py:536} INFO - Filling up the DagBag from /home/airflow/.local/lib/python3.8/site-packages/airflow/example_dags/example_subdag_operator.py
[2025-02-14T14:45:08.458+0000] {processor.py:839} INFO - DAG(s) dict_keys(['example_subdag_operator.section-1', 'example_subdag_operator.section-2', 'example_subdag_operator']) retrieved from /home/airflow/.local/lib/python3.8/site-packages/airflow/example_dags/example_subdag_operator.py
[2025-02-14T14:45:08.506+0000] {logging_mixin.py:154} INFO - [2025-02-14T14:45:08.506+0000] {dag.py:2941} INFO - Sync 3 DAGs
[2025-02-14T14:45:08.584+0000] {logging_mixin.py:154} INFO - [2025-02-14T14:45:08.583+0000] {dag.py:3722} INFO - Setting next_dagrun for example_subdag_operator to 2022-01-01T00:00:00+00:00, run_after=2022-01-01T00:00:00+00:00
[2025-02-14T14:45:08.593+0000] {logging_mixin.py:154} INFO - [2025-02-14T14:45:08.592+0000] {dag.py:3722} INFO - Setting next_dagrun for example_subdag_operator.section-1 to None, run_after=None
[2025-02-14T14:45:08.596+0000] {logging_mixin.py:154} INFO - [2025-02-14T14:45:08.596+0000] {dag.py:3722} INFO - Setting next_dagrun for example_subdag_operator.section-2 to None, run_after=None
[2025-02-14T14:45:08.617+0000] {logging_mixin.py:154} INFO - [2025-02-14T14:45:08.616+0000] {dag.py:2941} INFO - Sync 2 DAGs
[2025-02-14T14:45:08.632+0000] {logging_mixin.py:154} INFO - [2025-02-14T14:45:08.632+0000] {dag.py:3722} INFO - Setting next_dagrun for example_subdag_operator.section-1 to None, run_after=None
[2025-02-14T14:45:08.633+0000] {logging_mixin.py:154} INFO - [2025-02-14T14:45:08.633+0000] {dag.py:3722} INFO - Setting next_dagrun for example_subdag_operator.section-2 to None, run_after=None
[2025-02-14T14:45:08.661+0000] {processor.py:179} INFO - Processing /home/airflow/.local/lib/python3.8/site-packages/airflow/example_dags/example_subdag_operator.py took 0.296 seconds
[2025-02-14T14:45:39.574+0000] {processor.py:157} INFO - Started process (PID=3655) to work on /home/airflow/.local/lib/python3.8/site-packages/airflow/example_dags/example_subdag_operator.py
[2025-02-14T14:45:39.576+0000] {processor.py:829} INFO - Processing file /home/airflow/.local/lib/python3.8/site-packages/airflow/example_dags/example_subdag_operator.py for tasks to queue
[2025-02-14T14:45:39.578+0000] {logging_mixin.py:154} INFO - [2025-02-14T14:45:39.577+0000] {dagbag.py:536} INFO - Filling up the DagBag from /home/airflow/.local/lib/python3.8/site-packages/airflow/example_dags/example_subdag_operator.py
[2025-02-14T14:45:39.656+0000] {processor.py:839} INFO - DAG(s) dict_keys(['example_subdag_operator.section-1', 'example_subdag_operator.section-2', 'example_subdag_operator']) retrieved from /home/airflow/.local/lib/python3.8/site-packages/airflow/example_dags/example_subdag_operator.py
[2025-02-14T14:45:39.700+0000] {logging_mixin.py:154} INFO - [2025-02-14T14:45:39.700+0000] {dag.py:2941} INFO - Sync 3 DAGs
[2025-02-14T14:45:39.774+0000] {logging_mixin.py:154} INFO - [2025-02-14T14:45:39.773+0000] {dag.py:3722} INFO - Setting next_dagrun for example_subdag_operator to 2022-01-01T00:00:00+00:00, run_after=2022-01-01T00:00:00+00:00
[2025-02-14T14:45:39.787+0000] {logging_mixin.py:154} INFO - [2025-02-14T14:45:39.785+0000] {dag.py:3722} INFO - Setting next_dagrun for example_subdag_operator.section-1 to None, run_after=None
[2025-02-14T14:45:39.790+0000] {logging_mixin.py:154} INFO - [2025-02-14T14:45:39.790+0000] {dag.py:3722} INFO - Setting next_dagrun for example_subdag_operator.section-2 to None, run_after=None
[2025-02-14T14:45:39.811+0000] {logging_mixin.py:154} INFO - [2025-02-14T14:45:39.811+0000] {dag.py:2941} INFO - Sync 2 DAGs
[2025-02-14T14:45:39.825+0000] {logging_mixin.py:154} INFO - [2025-02-14T14:45:39.824+0000] {dag.py:3722} INFO - Setting next_dagrun for example_subdag_operator.section-1 to None, run_after=None
[2025-02-14T14:45:39.825+0000] {logging_mixin.py:154} INFO - [2025-02-14T14:45:39.825+0000] {dag.py:3722} INFO - Setting next_dagrun for example_subdag_operator.section-2 to None, run_after=None
[2025-02-14T14:45:39.868+0000] {processor.py:179} INFO - Processing /home/airflow/.local/lib/python3.8/site-packages/airflow/example_dags/example_subdag_operator.py took 0.306 seconds
[2025-02-14T14:46:10.651+0000] {processor.py:157} INFO - Started process (PID=3893) to work on /home/airflow/.local/lib/python3.8/site-packages/airflow/example_dags/example_subdag_operator.py
[2025-02-14T14:46:10.654+0000] {processor.py:829} INFO - Processing file /home/airflow/.local/lib/python3.8/site-packages/airflow/example_dags/example_subdag_operator.py for tasks to queue
[2025-02-14T14:46:10.656+0000] {logging_mixin.py:154} INFO - [2025-02-14T14:46:10.655+0000] {dagbag.py:536} INFO - Filling up the DagBag from /home/airflow/.local/lib/python3.8/site-packages/airflow/example_dags/example_subdag_operator.py
[2025-02-14T14:46:10.741+0000] {processor.py:839} INFO - DAG(s) dict_keys(['example_subdag_operator.section-1', 'example_subdag_operator.section-2', 'example_subdag_operator']) retrieved from /home/airflow/.local/lib/python3.8/site-packages/airflow/example_dags/example_subdag_operator.py
[2025-02-14T14:46:10.785+0000] {logging_mixin.py:154} INFO - [2025-02-14T14:46:10.785+0000] {dag.py:2941} INFO - Sync 3 DAGs
[2025-02-14T14:46:10.848+0000] {logging_mixin.py:154} INFO - [2025-02-14T14:46:10.847+0000] {dag.py:3722} INFO - Setting next_dagrun for example_subdag_operator to 2022-01-01T00:00:00+00:00, run_after=2022-01-01T00:00:00+00:00
[2025-02-14T14:46:10.857+0000] {logging_mixin.py:154} INFO - [2025-02-14T14:46:10.857+0000] {dag.py:3722} INFO - Setting next_dagrun for example_subdag_operator.section-1 to None, run_after=None
[2025-02-14T14:46:10.861+0000] {logging_mixin.py:154} INFO - [2025-02-14T14:46:10.860+0000] {dag.py:3722} INFO - Setting next_dagrun for example_subdag_operator.section-2 to None, run_after=None
[2025-02-14T14:46:10.878+0000] {logging_mixin.py:154} INFO - [2025-02-14T14:46:10.878+0000] {dag.py:2941} INFO - Sync 2 DAGs
[2025-02-14T14:46:10.889+0000] {logging_mixin.py:154} INFO - [2025-02-14T14:46:10.889+0000] {dag.py:3722} INFO - Setting next_dagrun for example_subdag_operator.section-1 to None, run_after=None
[2025-02-14T14:46:10.890+0000] {logging_mixin.py:154} INFO - [2025-02-14T14:46:10.890+0000] {dag.py:3722} INFO - Setting next_dagrun for example_subdag_operator.section-2 to None, run_after=None
[2025-02-14T14:46:10.924+0000] {processor.py:179} INFO - Processing /home/airflow/.local/lib/python3.8/site-packages/airflow/example_dags/example_subdag_operator.py took 0.283 seconds
[2025-02-14T14:46:41.934+0000] {processor.py:157} INFO - Started process (PID=4130) to work on /home/airflow/.local/lib/python3.8/site-packages/airflow/example_dags/example_subdag_operator.py
[2025-02-14T14:46:41.936+0000] {processor.py:829} INFO - Processing file /home/airflow/.local/lib/python3.8/site-packages/airflow/example_dags/example_subdag_operator.py for tasks to queue
[2025-02-14T14:46:41.938+0000] {logging_mixin.py:154} INFO - [2025-02-14T14:46:41.938+0000] {dagbag.py:536} INFO - Filling up the DagBag from /home/airflow/.local/lib/python3.8/site-packages/airflow/example_dags/example_subdag_operator.py
[2025-02-14T14:46:42.036+0000] {processor.py:839} INFO - DAG(s) dict_keys(['example_subdag_operator.section-1', 'example_subdag_operator.section-2', 'example_subdag_operator']) retrieved from /home/airflow/.local/lib/python3.8/site-packages/airflow/example_dags/example_subdag_operator.py
[2025-02-14T14:46:42.110+0000] {logging_mixin.py:154} INFO - [2025-02-14T14:46:42.109+0000] {dag.py:2941} INFO - Sync 3 DAGs
[2025-02-14T14:46:42.212+0000] {logging_mixin.py:154} INFO - [2025-02-14T14:46:42.211+0000] {dag.py:3722} INFO - Setting next_dagrun for example_subdag_operator to 2022-01-01T00:00:00+00:00, run_after=2022-01-01T00:00:00+00:00
[2025-02-14T14:46:42.226+0000] {logging_mixin.py:154} INFO - [2025-02-14T14:46:42.226+0000] {dag.py:3722} INFO - Setting next_dagrun for example_subdag_operator.section-1 to None, run_after=None
[2025-02-14T14:46:42.229+0000] {logging_mixin.py:154} INFO - [2025-02-14T14:46:42.229+0000] {dag.py:3722} INFO - Setting next_dagrun for example_subdag_operator.section-2 to None, run_after=None
[2025-02-14T14:46:42.246+0000] {logging_mixin.py:154} INFO - [2025-02-14T14:46:42.246+0000] {dag.py:2941} INFO - Sync 2 DAGs
[2025-02-14T14:46:42.262+0000] {logging_mixin.py:154} INFO - [2025-02-14T14:46:42.261+0000] {dag.py:3722} INFO - Setting next_dagrun for example_subdag_operator.section-1 to None, run_after=None
[2025-02-14T14:46:42.263+0000] {logging_mixin.py:154} INFO - [2025-02-14T14:46:42.262+0000] {dag.py:3722} INFO - Setting next_dagrun for example_subdag_operator.section-2 to None, run_after=None
[2025-02-14T14:46:42.297+0000] {processor.py:179} INFO - Processing /home/airflow/.local/lib/python3.8/site-packages/airflow/example_dags/example_subdag_operator.py took 0.374 seconds
[2025-02-14T14:47:13.022+0000] {processor.py:157} INFO - Started process (PID=4368) to work on /home/airflow/.local/lib/python3.8/site-packages/airflow/example_dags/example_subdag_operator.py
[2025-02-14T14:47:13.031+0000] {processor.py:829} INFO - Processing file /home/airflow/.local/lib/python3.8/site-packages/airflow/example_dags/example_subdag_operator.py for tasks to queue
[2025-02-14T14:47:13.036+0000] {logging_mixin.py:154} INFO - [2025-02-14T14:47:13.036+0000] {dagbag.py:536} INFO - Filling up the DagBag from /home/airflow/.local/lib/python3.8/site-packages/airflow/example_dags/example_subdag_operator.py
[2025-02-14T14:47:13.168+0000] {processor.py:839} INFO - DAG(s) dict_keys(['example_subdag_operator.section-1', 'example_subdag_operator.section-2', 'example_subdag_operator']) retrieved from /home/airflow/.local/lib/python3.8/site-packages/airflow/example_dags/example_subdag_operator.py
[2025-02-14T14:47:13.222+0000] {logging_mixin.py:154} INFO - [2025-02-14T14:47:13.221+0000] {dag.py:2941} INFO - Sync 3 DAGs
[2025-02-14T14:47:13.299+0000] {logging_mixin.py:154} INFO - [2025-02-14T14:47:13.298+0000] {dag.py:3722} INFO - Setting next_dagrun for example_subdag_operator to 2022-01-01T00:00:00+00:00, run_after=2022-01-01T00:00:00+00:00
[2025-02-14T14:47:13.308+0000] {logging_mixin.py:154} INFO - [2025-02-14T14:47:13.307+0000] {dag.py:3722} INFO - Setting next_dagrun for example_subdag_operator.section-1 to None, run_after=None
[2025-02-14T14:47:13.311+0000] {logging_mixin.py:154} INFO - [2025-02-14T14:47:13.310+0000] {dag.py:3722} INFO - Setting next_dagrun for example_subdag_operator.section-2 to None, run_after=None
[2025-02-14T14:47:13.335+0000] {logging_mixin.py:154} INFO - [2025-02-14T14:47:13.334+0000] {dag.py:2941} INFO - Sync 2 DAGs
[2025-02-14T14:47:13.355+0000] {logging_mixin.py:154} INFO - [2025-02-14T14:47:13.355+0000] {dag.py:3722} INFO - Setting next_dagrun for example_subdag_operator.section-1 to None, run_after=None
[2025-02-14T14:47:13.356+0000] {logging_mixin.py:154} INFO - [2025-02-14T14:47:13.356+0000] {dag.py:3722} INFO - Setting next_dagrun for example_subdag_operator.section-2 to None, run_after=None
[2025-02-14T14:47:13.385+0000] {processor.py:179} INFO - Processing /home/airflow/.local/lib/python3.8/site-packages/airflow/example_dags/example_subdag_operator.py took 0.377 seconds
[2025-02-14T14:47:43.827+0000] {processor.py:157} INFO - Started process (PID=4601) to work on /home/airflow/.local/lib/python3.8/site-packages/airflow/example_dags/example_subdag_operator.py
[2025-02-14T14:47:43.830+0000] {processor.py:829} INFO - Processing file /home/airflow/.local/lib/python3.8/site-packages/airflow/example_dags/example_subdag_operator.py for tasks to queue
[2025-02-14T14:47:43.833+0000] {logging_mixin.py:154} INFO - [2025-02-14T14:47:43.832+0000] {dagbag.py:536} INFO - Filling up the DagBag from /home/airflow/.local/lib/python3.8/site-packages/airflow/example_dags/example_subdag_operator.py
[2025-02-14T14:47:43.915+0000] {processor.py:839} INFO - DAG(s) dict_keys(['example_subdag_operator.section-1', 'example_subdag_operator.section-2', 'example_subdag_operator']) retrieved from /home/airflow/.local/lib/python3.8/site-packages/airflow/example_dags/example_subdag_operator.py
[2025-02-14T14:47:43.958+0000] {logging_mixin.py:154} INFO - [2025-02-14T14:47:43.957+0000] {dag.py:2941} INFO - Sync 3 DAGs
[2025-02-14T14:47:44.023+0000] {logging_mixin.py:154} INFO - [2025-02-14T14:47:44.022+0000] {dag.py:3722} INFO - Setting next_dagrun for example_subdag_operator to 2022-01-01T00:00:00+00:00, run_after=2022-01-01T00:00:00+00:00
[2025-02-14T14:47:44.033+0000] {logging_mixin.py:154} INFO - [2025-02-14T14:47:44.032+0000] {dag.py:3722} INFO - Setting next_dagrun for example_subdag_operator.section-1 to None, run_after=None
[2025-02-14T14:47:44.036+0000] {logging_mixin.py:154} INFO - [2025-02-14T14:47:44.036+0000] {dag.py:3722} INFO - Setting next_dagrun for example_subdag_operator.section-2 to None, run_after=None
[2025-02-14T14:47:44.057+0000] {logging_mixin.py:154} INFO - [2025-02-14T14:47:44.057+0000] {dag.py:2941} INFO - Sync 2 DAGs
[2025-02-14T14:47:44.074+0000] {logging_mixin.py:154} INFO - [2025-02-14T14:47:44.073+0000] {dag.py:3722} INFO - Setting next_dagrun for example_subdag_operator.section-1 to None, run_after=None
[2025-02-14T14:47:44.075+0000] {logging_mixin.py:154} INFO - [2025-02-14T14:47:44.074+0000] {dag.py:3722} INFO - Setting next_dagrun for example_subdag_operator.section-2 to None, run_after=None
[2025-02-14T14:47:44.111+0000] {processor.py:179} INFO - Processing /home/airflow/.local/lib/python3.8/site-packages/airflow/example_dags/example_subdag_operator.py took 0.298 seconds
[2025-02-14T14:48:14.825+0000] {processor.py:157} INFO - Started process (PID=4845) to work on /home/airflow/.local/lib/python3.8/site-packages/airflow/example_dags/example_subdag_operator.py
[2025-02-14T14:48:14.828+0000] {processor.py:829} INFO - Processing file /home/airflow/.local/lib/python3.8/site-packages/airflow/example_dags/example_subdag_operator.py for tasks to queue
[2025-02-14T14:48:14.830+0000] {logging_mixin.py:154} INFO - [2025-02-14T14:48:14.829+0000] {dagbag.py:536} INFO - Filling up the DagBag from /home/airflow/.local/lib/python3.8/site-packages/airflow/example_dags/example_subdag_operator.py
[2025-02-14T14:48:14.929+0000] {processor.py:839} INFO - DAG(s) dict_keys(['example_subdag_operator.section-1', 'example_subdag_operator.section-2', 'example_subdag_operator']) retrieved from /home/airflow/.local/lib/python3.8/site-packages/airflow/example_dags/example_subdag_operator.py
[2025-02-14T14:48:14.986+0000] {logging_mixin.py:154} INFO - [2025-02-14T14:48:14.985+0000] {dag.py:2941} INFO - Sync 3 DAGs
[2025-02-14T14:48:15.047+0000] {logging_mixin.py:154} INFO - [2025-02-14T14:48:15.047+0000] {dag.py:3722} INFO - Setting next_dagrun for example_subdag_operator to 2022-01-01T00:00:00+00:00, run_after=2022-01-01T00:00:00+00:00
[2025-02-14T14:48:15.058+0000] {logging_mixin.py:154} INFO - [2025-02-14T14:48:15.058+0000] {dag.py:3722} INFO - Setting next_dagrun for example_subdag_operator.section-1 to None, run_after=None
[2025-02-14T14:48:15.061+0000] {logging_mixin.py:154} INFO - [2025-02-14T14:48:15.061+0000] {dag.py:3722} INFO - Setting next_dagrun for example_subdag_operator.section-2 to None, run_after=None
[2025-02-14T14:48:15.079+0000] {logging_mixin.py:154} INFO - [2025-02-14T14:48:15.078+0000] {dag.py:2941} INFO - Sync 2 DAGs
[2025-02-14T14:48:15.094+0000] {logging_mixin.py:154} INFO - [2025-02-14T14:48:15.094+0000] {dag.py:3722} INFO - Setting next_dagrun for example_subdag_operator.section-1 to None, run_after=None
[2025-02-14T14:48:15.095+0000] {logging_mixin.py:154} INFO - [2025-02-14T14:48:15.095+0000] {dag.py:3722} INFO - Setting next_dagrun for example_subdag_operator.section-2 to None, run_after=None
[2025-02-14T14:48:15.118+0000] {processor.py:179} INFO - Processing /home/airflow/.local/lib/python3.8/site-packages/airflow/example_dags/example_subdag_operator.py took 0.310 seconds
[2025-02-14T14:48:46.017+0000] {processor.py:157} INFO - Started process (PID=5083) to work on /home/airflow/.local/lib/python3.8/site-packages/airflow/example_dags/example_subdag_operator.py
[2025-02-14T14:48:46.020+0000] {processor.py:829} INFO - Processing file /home/airflow/.local/lib/python3.8/site-packages/airflow/example_dags/example_subdag_operator.py for tasks to queue
[2025-02-14T14:48:46.023+0000] {logging_mixin.py:154} INFO - [2025-02-14T14:48:46.022+0000] {dagbag.py:536} INFO - Filling up the DagBag from /home/airflow/.local/lib/python3.8/site-packages/airflow/example_dags/example_subdag_operator.py
[2025-02-14T14:48:46.134+0000] {processor.py:839} INFO - DAG(s) dict_keys(['example_subdag_operator.section-1', 'example_subdag_operator.section-2', 'example_subdag_operator']) retrieved from /home/airflow/.local/lib/python3.8/site-packages/airflow/example_dags/example_subdag_operator.py
[2025-02-14T14:48:46.201+0000] {logging_mixin.py:154} INFO - [2025-02-14T14:48:46.201+0000] {dag.py:2941} INFO - Sync 3 DAGs
[2025-02-14T14:48:46.318+0000] {logging_mixin.py:154} INFO - [2025-02-14T14:48:46.317+0000] {dag.py:3722} INFO - Setting next_dagrun for example_subdag_operator to 2022-01-01T00:00:00+00:00, run_after=2022-01-01T00:00:00+00:00
[2025-02-14T14:48:46.346+0000] {logging_mixin.py:154} INFO - [2025-02-14T14:48:46.340+0000] {dag.py:3722} INFO - Setting next_dagrun for example_subdag_operator.section-1 to None, run_after=None
[2025-02-14T14:48:46.361+0000] {logging_mixin.py:154} INFO - [2025-02-14T14:48:46.357+0000] {dag.py:3722} INFO - Setting next_dagrun for example_subdag_operator.section-2 to None, run_after=None
[2025-02-14T14:48:46.413+0000] {logging_mixin.py:154} INFO - [2025-02-14T14:48:46.409+0000] {dag.py:2941} INFO - Sync 2 DAGs
[2025-02-14T14:48:46.435+0000] {logging_mixin.py:154} INFO - [2025-02-14T14:48:46.434+0000] {dag.py:3722} INFO - Setting next_dagrun for example_subdag_operator.section-1 to None, run_after=None
[2025-02-14T14:48:46.436+0000] {logging_mixin.py:154} INFO - [2025-02-14T14:48:46.436+0000] {dag.py:3722} INFO - Setting next_dagrun for example_subdag_operator.section-2 to None, run_after=None
[2025-02-14T14:48:46.474+0000] {processor.py:179} INFO - Processing /home/airflow/.local/lib/python3.8/site-packages/airflow/example_dags/example_subdag_operator.py took 0.467 seconds
[2025-02-14T14:49:16.716+0000] {processor.py:157} INFO - Started process (PID=5326) to work on /home/airflow/.local/lib/python3.8/site-packages/airflow/example_dags/example_subdag_operator.py
[2025-02-14T14:49:16.719+0000] {processor.py:829} INFO - Processing file /home/airflow/.local/lib/python3.8/site-packages/airflow/example_dags/example_subdag_operator.py for tasks to queue
[2025-02-14T14:49:16.721+0000] {logging_mixin.py:154} INFO - [2025-02-14T14:49:16.720+0000] {dagbag.py:536} INFO - Filling up the DagBag from /home/airflow/.local/lib/python3.8/site-packages/airflow/example_dags/example_subdag_operator.py
[2025-02-14T14:49:16.797+0000] {processor.py:839} INFO - DAG(s) dict_keys(['example_subdag_operator.section-1', 'example_subdag_operator.section-2', 'example_subdag_operator']) retrieved from /home/airflow/.local/lib/python3.8/site-packages/airflow/example_dags/example_subdag_operator.py
[2025-02-14T14:49:16.841+0000] {logging_mixin.py:154} INFO - [2025-02-14T14:49:16.840+0000] {dag.py:2941} INFO - Sync 3 DAGs
[2025-02-14T14:49:16.914+0000] {logging_mixin.py:154} INFO - [2025-02-14T14:49:16.913+0000] {dag.py:3722} INFO - Setting next_dagrun for example_subdag_operator to 2022-01-01T00:00:00+00:00, run_after=2022-01-01T00:00:00+00:00
[2025-02-14T14:49:16.923+0000] {logging_mixin.py:154} INFO - [2025-02-14T14:49:16.923+0000] {dag.py:3722} INFO - Setting next_dagrun for example_subdag_operator.section-1 to None, run_after=None
[2025-02-14T14:49:16.926+0000] {logging_mixin.py:154} INFO - [2025-02-14T14:49:16.926+0000] {dag.py:3722} INFO - Setting next_dagrun for example_subdag_operator.section-2 to None, run_after=None
[2025-02-14T14:49:16.948+0000] {logging_mixin.py:154} INFO - [2025-02-14T14:49:16.947+0000] {dag.py:2941} INFO - Sync 2 DAGs
[2025-02-14T14:49:16.962+0000] {logging_mixin.py:154} INFO - [2025-02-14T14:49:16.962+0000] {dag.py:3722} INFO - Setting next_dagrun for example_subdag_operator.section-1 to None, run_after=None
[2025-02-14T14:49:16.962+0000] {logging_mixin.py:154} INFO - [2025-02-14T14:49:16.962+0000] {dag.py:3722} INFO - Setting next_dagrun for example_subdag_operator.section-2 to None, run_after=None
[2025-02-14T14:49:17.013+0000] {processor.py:179} INFO - Processing /home/airflow/.local/lib/python3.8/site-packages/airflow/example_dags/example_subdag_operator.py took 0.307 seconds
[2025-02-14T14:49:47.578+0000] {processor.py:157} INFO - Started process (PID=5563) to work on /home/airflow/.local/lib/python3.8/site-packages/airflow/example_dags/example_subdag_operator.py
[2025-02-14T14:49:47.581+0000] {processor.py:829} INFO - Processing file /home/airflow/.local/lib/python3.8/site-packages/airflow/example_dags/example_subdag_operator.py for tasks to queue
[2025-02-14T14:49:47.584+0000] {logging_mixin.py:154} INFO - [2025-02-14T14:49:47.583+0000] {dagbag.py:536} INFO - Filling up the DagBag from /home/airflow/.local/lib/python3.8/site-packages/airflow/example_dags/example_subdag_operator.py
[2025-02-14T14:49:47.667+0000] {processor.py:839} INFO - DAG(s) dict_keys(['example_subdag_operator.section-1', 'example_subdag_operator.section-2', 'example_subdag_operator']) retrieved from /home/airflow/.local/lib/python3.8/site-packages/airflow/example_dags/example_subdag_operator.py
[2025-02-14T14:49:47.716+0000] {logging_mixin.py:154} INFO - [2025-02-14T14:49:47.716+0000] {dag.py:2941} INFO - Sync 3 DAGs
[2025-02-14T14:49:47.794+0000] {logging_mixin.py:154} INFO - [2025-02-14T14:49:47.793+0000] {dag.py:3722} INFO - Setting next_dagrun for example_subdag_operator to 2022-01-01T00:00:00+00:00, run_after=2022-01-01T00:00:00+00:00
[2025-02-14T14:49:47.805+0000] {logging_mixin.py:154} INFO - [2025-02-14T14:49:47.805+0000] {dag.py:3722} INFO - Setting next_dagrun for example_subdag_operator.section-1 to None, run_after=None
[2025-02-14T14:49:47.809+0000] {logging_mixin.py:154} INFO - [2025-02-14T14:49:47.808+0000] {dag.py:3722} INFO - Setting next_dagrun for example_subdag_operator.section-2 to None, run_after=None
[2025-02-14T14:49:47.828+0000] {logging_mixin.py:154} INFO - [2025-02-14T14:49:47.827+0000] {dag.py:2941} INFO - Sync 2 DAGs
[2025-02-14T14:49:47.840+0000] {logging_mixin.py:154} INFO - [2025-02-14T14:49:47.839+0000] {dag.py:3722} INFO - Setting next_dagrun for example_subdag_operator.section-1 to None, run_after=None
[2025-02-14T14:49:47.841+0000] {logging_mixin.py:154} INFO - [2025-02-14T14:49:47.840+0000] {dag.py:3722} INFO - Setting next_dagrun for example_subdag_operator.section-2 to None, run_after=None
[2025-02-14T14:49:47.873+0000] {processor.py:179} INFO - Processing /home/airflow/.local/lib/python3.8/site-packages/airflow/example_dags/example_subdag_operator.py took 0.305 seconds
[2025-02-14T14:50:18.906+0000] {processor.py:157} INFO - Started process (PID=5812) to work on /home/airflow/.local/lib/python3.8/site-packages/airflow/example_dags/example_subdag_operator.py
[2025-02-14T14:50:18.913+0000] {processor.py:829} INFO - Processing file /home/airflow/.local/lib/python3.8/site-packages/airflow/example_dags/example_subdag_operator.py for tasks to queue
[2025-02-14T14:50:18.917+0000] {logging_mixin.py:154} INFO - [2025-02-14T14:50:18.916+0000] {dagbag.py:536} INFO - Filling up the DagBag from /home/airflow/.local/lib/python3.8/site-packages/airflow/example_dags/example_subdag_operator.py
[2025-02-14T14:50:19.015+0000] {processor.py:839} INFO - DAG(s) dict_keys(['example_subdag_operator.section-1', 'example_subdag_operator.section-2', 'example_subdag_operator']) retrieved from /home/airflow/.local/lib/python3.8/site-packages/airflow/example_dags/example_subdag_operator.py
[2025-02-14T14:50:19.079+0000] {logging_mixin.py:154} INFO - [2025-02-14T14:50:19.078+0000] {dag.py:2941} INFO - Sync 3 DAGs
[2025-02-14T14:50:19.165+0000] {logging_mixin.py:154} INFO - [2025-02-14T14:50:19.165+0000] {dag.py:3722} INFO - Setting next_dagrun for example_subdag_operator to 2022-01-01T00:00:00+00:00, run_after=2022-01-01T00:00:00+00:00
[2025-02-14T14:50:19.177+0000] {logging_mixin.py:154} INFO - [2025-02-14T14:50:19.176+0000] {dag.py:3722} INFO - Setting next_dagrun for example_subdag_operator.section-1 to None, run_after=None
[2025-02-14T14:50:19.181+0000] {logging_mixin.py:154} INFO - [2025-02-14T14:50:19.180+0000] {dag.py:3722} INFO - Setting next_dagrun for example_subdag_operator.section-2 to None, run_after=None
[2025-02-14T14:50:19.203+0000] {logging_mixin.py:154} INFO - [2025-02-14T14:50:19.201+0000] {dag.py:2941} INFO - Sync 2 DAGs
[2025-02-14T14:50:19.219+0000] {logging_mixin.py:154} INFO - [2025-02-14T14:50:19.219+0000] {dag.py:3722} INFO - Setting next_dagrun for example_subdag_operator.section-1 to None, run_after=None
[2025-02-14T14:50:19.220+0000] {logging_mixin.py:154} INFO - [2025-02-14T14:50:19.220+0000] {dag.py:3722} INFO - Setting next_dagrun for example_subdag_operator.section-2 to None, run_after=None
[2025-02-14T14:50:19.252+0000] {processor.py:179} INFO - Processing /home/airflow/.local/lib/python3.8/site-packages/airflow/example_dags/example_subdag_operator.py took 0.382 seconds
[2025-02-14T14:50:49.632+0000] {processor.py:157} INFO - Started process (PID=6054) to work on /home/airflow/.local/lib/python3.8/site-packages/airflow/example_dags/example_subdag_operator.py
[2025-02-14T14:50:49.635+0000] {processor.py:829} INFO - Processing file /home/airflow/.local/lib/python3.8/site-packages/airflow/example_dags/example_subdag_operator.py for tasks to queue
[2025-02-14T14:50:49.637+0000] {logging_mixin.py:154} INFO - [2025-02-14T14:50:49.636+0000] {dagbag.py:536} INFO - Filling up the DagBag from /home/airflow/.local/lib/python3.8/site-packages/airflow/example_dags/example_subdag_operator.py
[2025-02-14T14:50:49.727+0000] {processor.py:839} INFO - DAG(s) dict_keys(['example_subdag_operator.section-1', 'example_subdag_operator.section-2', 'example_subdag_operator']) retrieved from /home/airflow/.local/lib/python3.8/site-packages/airflow/example_dags/example_subdag_operator.py
[2025-02-14T14:50:49.775+0000] {logging_mixin.py:154} INFO - [2025-02-14T14:50:49.775+0000] {dag.py:2941} INFO - Sync 3 DAGs
[2025-02-14T14:50:49.849+0000] {logging_mixin.py:154} INFO - [2025-02-14T14:50:49.848+0000] {dag.py:3722} INFO - Setting next_dagrun for example_subdag_operator to 2022-01-01T00:00:00+00:00, run_after=2022-01-01T00:00:00+00:00
[2025-02-14T14:50:49.860+0000] {logging_mixin.py:154} INFO - [2025-02-14T14:50:49.860+0000] {dag.py:3722} INFO - Setting next_dagrun for example_subdag_operator.section-1 to None, run_after=None
[2025-02-14T14:50:49.863+0000] {logging_mixin.py:154} INFO - [2025-02-14T14:50:49.863+0000] {dag.py:3722} INFO - Setting next_dagrun for example_subdag_operator.section-2 to None, run_after=None
[2025-02-14T14:50:49.887+0000] {logging_mixin.py:154} INFO - [2025-02-14T14:50:49.886+0000] {dag.py:2941} INFO - Sync 2 DAGs
[2025-02-14T14:50:49.911+0000] {logging_mixin.py:154} INFO - [2025-02-14T14:50:49.909+0000] {dag.py:3722} INFO - Setting next_dagrun for example_subdag_operator.section-1 to None, run_after=None
[2025-02-14T14:50:49.912+0000] {logging_mixin.py:154} INFO - [2025-02-14T14:50:49.912+0000] {dag.py:3722} INFO - Setting next_dagrun for example_subdag_operator.section-2 to None, run_after=None
[2025-02-14T14:50:49.961+0000] {processor.py:179} INFO - Processing /home/airflow/.local/lib/python3.8/site-packages/airflow/example_dags/example_subdag_operator.py took 0.339 seconds
[2025-02-14T14:51:21.072+0000] {processor.py:157} INFO - Started process (PID=6290) to work on /home/airflow/.local/lib/python3.8/site-packages/airflow/example_dags/example_subdag_operator.py
[2025-02-14T14:51:21.074+0000] {processor.py:829} INFO - Processing file /home/airflow/.local/lib/python3.8/site-packages/airflow/example_dags/example_subdag_operator.py for tasks to queue
[2025-02-14T14:51:21.077+0000] {logging_mixin.py:154} INFO - [2025-02-14T14:51:21.075+0000] {dagbag.py:536} INFO - Filling up the DagBag from /home/airflow/.local/lib/python3.8/site-packages/airflow/example_dags/example_subdag_operator.py
[2025-02-14T14:51:21.166+0000] {processor.py:839} INFO - DAG(s) dict_keys(['example_subdag_operator.section-1', 'example_subdag_operator.section-2', 'example_subdag_operator']) retrieved from /home/airflow/.local/lib/python3.8/site-packages/airflow/example_dags/example_subdag_operator.py
[2025-02-14T14:51:21.219+0000] {logging_mixin.py:154} INFO - [2025-02-14T14:51:21.218+0000] {dag.py:2941} INFO - Sync 3 DAGs
[2025-02-14T14:51:21.280+0000] {logging_mixin.py:154} INFO - [2025-02-14T14:51:21.280+0000] {dag.py:3722} INFO - Setting next_dagrun for example_subdag_operator to 2022-01-01T00:00:00+00:00, run_after=2022-01-01T00:00:00+00:00
[2025-02-14T14:51:21.289+0000] {logging_mixin.py:154} INFO - [2025-02-14T14:51:21.289+0000] {dag.py:3722} INFO - Setting next_dagrun for example_subdag_operator.section-1 to None, run_after=None
[2025-02-14T14:51:21.293+0000] {logging_mixin.py:154} INFO - [2025-02-14T14:51:21.293+0000] {dag.py:3722} INFO - Setting next_dagrun for example_subdag_operator.section-2 to None, run_after=None
[2025-02-14T14:51:21.315+0000] {logging_mixin.py:154} INFO - [2025-02-14T14:51:21.315+0000] {dag.py:2941} INFO - Sync 2 DAGs
[2025-02-14T14:51:21.331+0000] {logging_mixin.py:154} INFO - [2025-02-14T14:51:21.330+0000] {dag.py:3722} INFO - Setting next_dagrun for example_subdag_operator.section-1 to None, run_after=None
[2025-02-14T14:51:21.332+0000] {logging_mixin.py:154} INFO - [2025-02-14T14:51:21.331+0000] {dag.py:3722} INFO - Setting next_dagrun for example_subdag_operator.section-2 to None, run_after=None
[2025-02-14T14:51:21.361+0000] {processor.py:179} INFO - Processing /home/airflow/.local/lib/python3.8/site-packages/airflow/example_dags/example_subdag_operator.py took 0.301 seconds
[2025-02-14T14:51:51.739+0000] {processor.py:157} INFO - Started process (PID=6528) to work on /home/airflow/.local/lib/python3.8/site-packages/airflow/example_dags/example_subdag_operator.py
[2025-02-14T14:51:51.743+0000] {processor.py:829} INFO - Processing file /home/airflow/.local/lib/python3.8/site-packages/airflow/example_dags/example_subdag_operator.py for tasks to queue
[2025-02-14T14:51:51.746+0000] {logging_mixin.py:154} INFO - [2025-02-14T14:51:51.745+0000] {dagbag.py:536} INFO - Filling up the DagBag from /home/airflow/.local/lib/python3.8/site-packages/airflow/example_dags/example_subdag_operator.py
[2025-02-14T14:51:51.834+0000] {processor.py:839} INFO - DAG(s) dict_keys(['example_subdag_operator.section-1', 'example_subdag_operator.section-2', 'example_subdag_operator']) retrieved from /home/airflow/.local/lib/python3.8/site-packages/airflow/example_dags/example_subdag_operator.py
[2025-02-14T14:51:51.897+0000] {logging_mixin.py:154} INFO - [2025-02-14T14:51:51.890+0000] {dag.py:2941} INFO - Sync 3 DAGs
[2025-02-14T14:51:51.964+0000] {logging_mixin.py:154} INFO - [2025-02-14T14:51:51.963+0000] {dag.py:3722} INFO - Setting next_dagrun for example_subdag_operator to 2022-01-01T00:00:00+00:00, run_after=2022-01-01T00:00:00+00:00
[2025-02-14T14:51:51.976+0000] {logging_mixin.py:154} INFO - [2025-02-14T14:51:51.975+0000] {dag.py:3722} INFO - Setting next_dagrun for example_subdag_operator.section-1 to None, run_after=None
[2025-02-14T14:51:51.983+0000] {logging_mixin.py:154} INFO - [2025-02-14T14:51:51.982+0000] {dag.py:3722} INFO - Setting next_dagrun for example_subdag_operator.section-2 to None, run_after=None
[2025-02-14T14:51:52.013+0000] {logging_mixin.py:154} INFO - [2025-02-14T14:51:52.012+0000] {dag.py:2941} INFO - Sync 2 DAGs
[2025-02-14T14:51:52.028+0000] {logging_mixin.py:154} INFO - [2025-02-14T14:51:52.028+0000] {dag.py:3722} INFO - Setting next_dagrun for example_subdag_operator.section-1 to None, run_after=None
[2025-02-14T14:51:52.029+0000] {logging_mixin.py:154} INFO - [2025-02-14T14:51:52.029+0000] {dag.py:3722} INFO - Setting next_dagrun for example_subdag_operator.section-2 to None, run_after=None
[2025-02-14T14:51:52.053+0000] {processor.py:179} INFO - Processing /home/airflow/.local/lib/python3.8/site-packages/airflow/example_dags/example_subdag_operator.py took 0.331 seconds
[2025-02-14T14:52:22.493+0000] {processor.py:157} INFO - Started process (PID=6766) to work on /home/airflow/.local/lib/python3.8/site-packages/airflow/example_dags/example_subdag_operator.py
[2025-02-14T14:52:22.496+0000] {processor.py:829} INFO - Processing file /home/airflow/.local/lib/python3.8/site-packages/airflow/example_dags/example_subdag_operator.py for tasks to queue
[2025-02-14T14:52:22.499+0000] {logging_mixin.py:154} INFO - [2025-02-14T14:52:22.498+0000] {dagbag.py:536} INFO - Filling up the DagBag from /home/airflow/.local/lib/python3.8/site-packages/airflow/example_dags/example_subdag_operator.py
[2025-02-14T14:52:22.599+0000] {processor.py:839} INFO - DAG(s) dict_keys(['example_subdag_operator.section-1', 'example_subdag_operator.section-2', 'example_subdag_operator']) retrieved from /home/airflow/.local/lib/python3.8/site-packages/airflow/example_dags/example_subdag_operator.py
[2025-02-14T14:52:22.657+0000] {logging_mixin.py:154} INFO - [2025-02-14T14:52:22.656+0000] {dag.py:2941} INFO - Sync 3 DAGs
[2025-02-14T14:52:22.867+0000] {logging_mixin.py:154} INFO - [2025-02-14T14:52:22.867+0000] {dag.py:3722} INFO - Setting next_dagrun for example_subdag_operator to 2022-01-01T00:00:00+00:00, run_after=2022-01-01T00:00:00+00:00
[2025-02-14T14:52:22.885+0000] {logging_mixin.py:154} INFO - [2025-02-14T14:52:22.883+0000] {dag.py:3722} INFO - Setting next_dagrun for example_subdag_operator.section-1 to None, run_after=None
[2025-02-14T14:52:22.889+0000] {logging_mixin.py:154} INFO - [2025-02-14T14:52:22.889+0000] {dag.py:3722} INFO - Setting next_dagrun for example_subdag_operator.section-2 to None, run_after=None
[2025-02-14T14:52:22.919+0000] {logging_mixin.py:154} INFO - [2025-02-14T14:52:22.919+0000] {dag.py:2941} INFO - Sync 2 DAGs
[2025-02-14T14:52:22.944+0000] {logging_mixin.py:154} INFO - [2025-02-14T14:52:22.944+0000] {dag.py:3722} INFO - Setting next_dagrun for example_subdag_operator.section-1 to None, run_after=None
[2025-02-14T14:52:22.945+0000] {logging_mixin.py:154} INFO - [2025-02-14T14:52:22.945+0000] {dag.py:3722} INFO - Setting next_dagrun for example_subdag_operator.section-2 to None, run_after=None
[2025-02-14T14:52:23.012+0000] {processor.py:179} INFO - Processing /home/airflow/.local/lib/python3.8/site-packages/airflow/example_dags/example_subdag_operator.py took 0.532 seconds
[2025-02-14T14:52:53.414+0000] {processor.py:157} INFO - Started process (PID=7011) to work on /home/airflow/.local/lib/python3.8/site-packages/airflow/example_dags/example_subdag_operator.py
[2025-02-14T14:52:53.418+0000] {processor.py:829} INFO - Processing file /home/airflow/.local/lib/python3.8/site-packages/airflow/example_dags/example_subdag_operator.py for tasks to queue
[2025-02-14T14:52:53.420+0000] {logging_mixin.py:154} INFO - [2025-02-14T14:52:53.419+0000] {dagbag.py:536} INFO - Filling up the DagBag from /home/airflow/.local/lib/python3.8/site-packages/airflow/example_dags/example_subdag_operator.py
[2025-02-14T14:52:53.491+0000] {processor.py:839} INFO - DAG(s) dict_keys(['example_subdag_operator.section-1', 'example_subdag_operator.section-2', 'example_subdag_operator']) retrieved from /home/airflow/.local/lib/python3.8/site-packages/airflow/example_dags/example_subdag_operator.py
[2025-02-14T14:52:53.529+0000] {logging_mixin.py:154} INFO - [2025-02-14T14:52:53.528+0000] {dag.py:2941} INFO - Sync 3 DAGs
[2025-02-14T14:52:53.595+0000] {logging_mixin.py:154} INFO - [2025-02-14T14:52:53.595+0000] {dag.py:3722} INFO - Setting next_dagrun for example_subdag_operator to 2022-01-01T00:00:00+00:00, run_after=2022-01-01T00:00:00+00:00
[2025-02-14T14:52:53.605+0000] {logging_mixin.py:154} INFO - [2025-02-14T14:52:53.604+0000] {dag.py:3722} INFO - Setting next_dagrun for example_subdag_operator.section-1 to None, run_after=None
[2025-02-14T14:52:53.612+0000] {logging_mixin.py:154} INFO - [2025-02-14T14:52:53.611+0000] {dag.py:3722} INFO - Setting next_dagrun for example_subdag_operator.section-2 to None, run_after=None
[2025-02-14T14:52:53.637+0000] {logging_mixin.py:154} INFO - [2025-02-14T14:52:53.635+0000] {dag.py:2941} INFO - Sync 2 DAGs
[2025-02-14T14:52:53.654+0000] {logging_mixin.py:154} INFO - [2025-02-14T14:52:53.653+0000] {dag.py:3722} INFO - Setting next_dagrun for example_subdag_operator.section-1 to None, run_after=None
[2025-02-14T14:52:53.654+0000] {logging_mixin.py:154} INFO - [2025-02-14T14:52:53.654+0000] {dag.py:3722} INFO - Setting next_dagrun for example_subdag_operator.section-2 to None, run_after=None
[2025-02-14T14:52:53.680+0000] {processor.py:179} INFO - Processing /home/airflow/.local/lib/python3.8/site-packages/airflow/example_dags/example_subdag_operator.py took 0.278 seconds
[2025-02-14T14:53:23.944+0000] {processor.py:157} INFO - Started process (PID=7243) to work on /home/airflow/.local/lib/python3.8/site-packages/airflow/example_dags/example_subdag_operator.py
[2025-02-14T14:53:23.946+0000] {processor.py:829} INFO - Processing file /home/airflow/.local/lib/python3.8/site-packages/airflow/example_dags/example_subdag_operator.py for tasks to queue
[2025-02-14T14:53:23.950+0000] {logging_mixin.py:154} INFO - [2025-02-14T14:53:23.948+0000] {dagbag.py:536} INFO - Filling up the DagBag from /home/airflow/.local/lib/python3.8/site-packages/airflow/example_dags/example_subdag_operator.py
[2025-02-14T14:53:24.052+0000] {processor.py:839} INFO - DAG(s) dict_keys(['example_subdag_operator.section-1', 'example_subdag_operator.section-2', 'example_subdag_operator']) retrieved from /home/airflow/.local/lib/python3.8/site-packages/airflow/example_dags/example_subdag_operator.py
[2025-02-14T14:53:24.106+0000] {logging_mixin.py:154} INFO - [2025-02-14T14:53:24.106+0000] {dag.py:2941} INFO - Sync 3 DAGs
[2025-02-14T14:53:24.167+0000] {logging_mixin.py:154} INFO - [2025-02-14T14:53:24.167+0000] {dag.py:3722} INFO - Setting next_dagrun for example_subdag_operator to 2022-01-01T00:00:00+00:00, run_after=2022-01-01T00:00:00+00:00
[2025-02-14T14:53:24.177+0000] {logging_mixin.py:154} INFO - [2025-02-14T14:53:24.177+0000] {dag.py:3722} INFO - Setting next_dagrun for example_subdag_operator.section-1 to None, run_after=None
[2025-02-14T14:53:24.180+0000] {logging_mixin.py:154} INFO - [2025-02-14T14:53:24.180+0000] {dag.py:3722} INFO - Setting next_dagrun for example_subdag_operator.section-2 to None, run_after=None
[2025-02-14T14:53:24.203+0000] {logging_mixin.py:154} INFO - [2025-02-14T14:53:24.202+0000] {dag.py:2941} INFO - Sync 2 DAGs
[2025-02-14T14:53:24.216+0000] {logging_mixin.py:154} INFO - [2025-02-14T14:53:24.215+0000] {dag.py:3722} INFO - Setting next_dagrun for example_subdag_operator.section-1 to None, run_after=None
[2025-02-14T14:53:24.216+0000] {logging_mixin.py:154} INFO - [2025-02-14T14:53:24.216+0000] {dag.py:3722} INFO - Setting next_dagrun for example_subdag_operator.section-2 to None, run_after=None
[2025-02-14T14:53:24.247+0000] {processor.py:179} INFO - Processing /home/airflow/.local/lib/python3.8/site-packages/airflow/example_dags/example_subdag_operator.py took 0.314 seconds
[2025-02-14T14:53:54.328+0000] {processor.py:157} INFO - Started process (PID=7481) to work on /home/airflow/.local/lib/python3.8/site-packages/airflow/example_dags/example_subdag_operator.py
[2025-02-14T14:53:54.330+0000] {processor.py:829} INFO - Processing file /home/airflow/.local/lib/python3.8/site-packages/airflow/example_dags/example_subdag_operator.py for tasks to queue
[2025-02-14T14:53:54.332+0000] {logging_mixin.py:154} INFO - [2025-02-14T14:53:54.331+0000] {dagbag.py:536} INFO - Filling up the DagBag from /home/airflow/.local/lib/python3.8/site-packages/airflow/example_dags/example_subdag_operator.py
[2025-02-14T14:53:54.431+0000] {processor.py:839} INFO - DAG(s) dict_keys(['example_subdag_operator.section-1', 'example_subdag_operator.section-2', 'example_subdag_operator']) retrieved from /home/airflow/.local/lib/python3.8/site-packages/airflow/example_dags/example_subdag_operator.py
[2025-02-14T14:53:54.477+0000] {logging_mixin.py:154} INFO - [2025-02-14T14:53:54.476+0000] {dag.py:2941} INFO - Sync 3 DAGs
[2025-02-14T14:53:54.544+0000] {logging_mixin.py:154} INFO - [2025-02-14T14:53:54.544+0000] {dag.py:3722} INFO - Setting next_dagrun for example_subdag_operator to 2022-01-01T00:00:00+00:00, run_after=2022-01-01T00:00:00+00:00
[2025-02-14T14:53:54.555+0000] {logging_mixin.py:154} INFO - [2025-02-14T14:53:54.555+0000] {dag.py:3722} INFO - Setting next_dagrun for example_subdag_operator.section-1 to None, run_after=None
[2025-02-14T14:53:54.559+0000] {logging_mixin.py:154} INFO - [2025-02-14T14:53:54.558+0000] {dag.py:3722} INFO - Setting next_dagrun for example_subdag_operator.section-2 to None, run_after=None
[2025-02-14T14:53:54.581+0000] {logging_mixin.py:154} INFO - [2025-02-14T14:53:54.581+0000] {dag.py:2941} INFO - Sync 2 DAGs
[2025-02-14T14:53:54.594+0000] {logging_mixin.py:154} INFO - [2025-02-14T14:53:54.593+0000] {dag.py:3722} INFO - Setting next_dagrun for example_subdag_operator.section-1 to None, run_after=None
[2025-02-14T14:53:54.594+0000] {logging_mixin.py:154} INFO - [2025-02-14T14:53:54.594+0000] {dag.py:3722} INFO - Setting next_dagrun for example_subdag_operator.section-2 to None, run_after=None
[2025-02-14T14:53:54.624+0000] {processor.py:179} INFO - Processing /home/airflow/.local/lib/python3.8/site-packages/airflow/example_dags/example_subdag_operator.py took 0.305 seconds
