[2025-02-14T14:38:33.467+0000] {processor.py:157} INFO - Started process (PID=387) to work on /home/airflow/.local/lib/python3.8/site-packages/airflow/example_dags/example_params_trigger_ui.py
[2025-02-14T14:38:33.471+0000] {processor.py:829} INFO - Processing file /home/airflow/.local/lib/python3.8/site-packages/airflow/example_dags/example_params_trigger_ui.py for tasks to queue
[2025-02-14T14:38:33.474+0000] {logging_mixin.py:154} INFO - [2025-02-14T14:38:33.473+0000] {dagbag.py:536} INFO - Filling up the DagBag from /home/airflow/.local/lib/python3.8/site-packages/airflow/example_dags/example_params_trigger_ui.py
[2025-02-14T14:38:33.557+0000] {processor.py:839} INFO - DAG(s) dict_keys(['example_params_trigger_ui']) retrieved from /home/airflow/.local/lib/python3.8/site-packages/airflow/example_dags/example_params_trigger_ui.py
[2025-02-14T14:38:34.056+0000] {logging_mixin.py:154} INFO - [2025-02-14T14:38:34.055+0000] {manager.py:499} INFO - Created Permission View: %s
[2025-02-14T14:38:34.081+0000] {logging_mixin.py:154} INFO - [2025-02-14T14:38:34.081+0000] {manager.py:499} INFO - Created Permission View: %s
[2025-02-14T14:38:34.095+0000] {logging_mixin.py:154} INFO - [2025-02-14T14:38:34.095+0000] {manager.py:499} INFO - Created Permission View: %s
[2025-02-14T14:38:34.097+0000] {logging_mixin.py:154} INFO - [2025-02-14T14:38:34.096+0000] {dag.py:2941} INFO - Sync 1 DAGs
[2025-02-14T14:38:34.135+0000] {logging_mixin.py:154} INFO - [2025-02-14T14:38:34.134+0000] {dag.py:2963} INFO - Creating ORM DAG for example_params_trigger_ui
[2025-02-14T14:38:34.137+0000] {logging_mixin.py:154} INFO - [2025-02-14T14:38:34.137+0000] {dag.py:3722} INFO - Setting next_dagrun for example_params_trigger_ui to None, run_after=None
[2025-02-14T14:38:34.182+0000] {processor.py:179} INFO - Processing /home/airflow/.local/lib/python3.8/site-packages/airflow/example_dags/example_params_trigger_ui.py took 0.768 seconds
[2025-02-14T14:39:04.394+0000] {processor.py:157} INFO - Started process (PID=625) to work on /home/airflow/.local/lib/python3.8/site-packages/airflow/example_dags/example_params_trigger_ui.py
[2025-02-14T14:39:04.407+0000] {processor.py:829} INFO - Processing file /home/airflow/.local/lib/python3.8/site-packages/airflow/example_dags/example_params_trigger_ui.py for tasks to queue
[2025-02-14T14:39:04.414+0000] {logging_mixin.py:154} INFO - [2025-02-14T14:39:04.413+0000] {dagbag.py:536} INFO - Filling up the DagBag from /home/airflow/.local/lib/python3.8/site-packages/airflow/example_dags/example_params_trigger_ui.py
[2025-02-14T14:39:04.572+0000] {processor.py:839} INFO - DAG(s) dict_keys(['example_params_trigger_ui']) retrieved from /home/airflow/.local/lib/python3.8/site-packages/airflow/example_dags/example_params_trigger_ui.py
[2025-02-14T14:39:04.768+0000] {logging_mixin.py:154} INFO - [2025-02-14T14:39:04.767+0000] {dag.py:2941} INFO - Sync 1 DAGs
[2025-02-14T14:39:04.819+0000] {logging_mixin.py:154} INFO - [2025-02-14T14:39:04.819+0000] {dag.py:3722} INFO - Setting next_dagrun for example_params_trigger_ui to None, run_after=None
[2025-02-14T14:39:04.876+0000] {processor.py:179} INFO - Processing /home/airflow/.local/lib/python3.8/site-packages/airflow/example_dags/example_params_trigger_ui.py took 0.493 seconds
[2025-02-14T14:39:35.913+0000] {processor.py:157} INFO - Started process (PID=865) to work on /home/airflow/.local/lib/python3.8/site-packages/airflow/example_dags/example_params_trigger_ui.py
[2025-02-14T14:39:35.917+0000] {processor.py:829} INFO - Processing file /home/airflow/.local/lib/python3.8/site-packages/airflow/example_dags/example_params_trigger_ui.py for tasks to queue
[2025-02-14T14:39:35.920+0000] {logging_mixin.py:154} INFO - [2025-02-14T14:39:35.920+0000] {dagbag.py:536} INFO - Filling up the DagBag from /home/airflow/.local/lib/python3.8/site-packages/airflow/example_dags/example_params_trigger_ui.py
[2025-02-14T14:39:35.973+0000] {processor.py:839} INFO - DAG(s) dict_keys(['example_params_trigger_ui']) retrieved from /home/airflow/.local/lib/python3.8/site-packages/airflow/example_dags/example_params_trigger_ui.py
[2025-02-14T14:39:36.130+0000] {logging_mixin.py:154} INFO - [2025-02-14T14:39:36.129+0000] {dag.py:2941} INFO - Sync 1 DAGs
[2025-02-14T14:39:36.177+0000] {logging_mixin.py:154} INFO - [2025-02-14T14:39:36.176+0000] {dag.py:3722} INFO - Setting next_dagrun for example_params_trigger_ui to None, run_after=None
[2025-02-14T14:39:36.243+0000] {processor.py:179} INFO - Processing /home/airflow/.local/lib/python3.8/site-packages/airflow/example_dags/example_params_trigger_ui.py took 0.342 seconds
[2025-02-14T14:40:06.661+0000] {processor.py:157} INFO - Started process (PID=1103) to work on /home/airflow/.local/lib/python3.8/site-packages/airflow/example_dags/example_params_trigger_ui.py
[2025-02-14T14:40:06.664+0000] {processor.py:829} INFO - Processing file /home/airflow/.local/lib/python3.8/site-packages/airflow/example_dags/example_params_trigger_ui.py for tasks to queue
[2025-02-14T14:40:06.668+0000] {logging_mixin.py:154} INFO - [2025-02-14T14:40:06.667+0000] {dagbag.py:536} INFO - Filling up the DagBag from /home/airflow/.local/lib/python3.8/site-packages/airflow/example_dags/example_params_trigger_ui.py
[2025-02-14T14:40:06.723+0000] {processor.py:839} INFO - DAG(s) dict_keys(['example_params_trigger_ui']) retrieved from /home/airflow/.local/lib/python3.8/site-packages/airflow/example_dags/example_params_trigger_ui.py
[2025-02-14T14:40:06.905+0000] {logging_mixin.py:154} INFO - [2025-02-14T14:40:06.902+0000] {dag.py:2941} INFO - Sync 1 DAGs
[2025-02-14T14:40:06.962+0000] {logging_mixin.py:154} INFO - [2025-02-14T14:40:06.961+0000] {dag.py:3722} INFO - Setting next_dagrun for example_params_trigger_ui to None, run_after=None
[2025-02-14T14:40:07.045+0000] {processor.py:179} INFO - Processing /home/airflow/.local/lib/python3.8/site-packages/airflow/example_dags/example_params_trigger_ui.py took 0.395 seconds
[2025-02-14T14:40:37.598+0000] {processor.py:157} INFO - Started process (PID=1341) to work on /home/airflow/.local/lib/python3.8/site-packages/airflow/example_dags/example_params_trigger_ui.py
[2025-02-14T14:40:37.602+0000] {processor.py:829} INFO - Processing file /home/airflow/.local/lib/python3.8/site-packages/airflow/example_dags/example_params_trigger_ui.py for tasks to queue
[2025-02-14T14:40:37.606+0000] {logging_mixin.py:154} INFO - [2025-02-14T14:40:37.605+0000] {dagbag.py:536} INFO - Filling up the DagBag from /home/airflow/.local/lib/python3.8/site-packages/airflow/example_dags/example_params_trigger_ui.py
[2025-02-14T14:40:37.662+0000] {processor.py:839} INFO - DAG(s) dict_keys(['example_params_trigger_ui']) retrieved from /home/airflow/.local/lib/python3.8/site-packages/airflow/example_dags/example_params_trigger_ui.py
[2025-02-14T14:40:37.823+0000] {logging_mixin.py:154} INFO - [2025-02-14T14:40:37.823+0000] {dag.py:2941} INFO - Sync 1 DAGs
[2025-02-14T14:40:37.858+0000] {logging_mixin.py:154} INFO - [2025-02-14T14:40:37.857+0000] {dag.py:3722} INFO - Setting next_dagrun for example_params_trigger_ui to None, run_after=None
[2025-02-14T14:40:37.914+0000] {processor.py:179} INFO - Processing /home/airflow/.local/lib/python3.8/site-packages/airflow/example_dags/example_params_trigger_ui.py took 0.328 seconds
[2025-02-14T14:41:08.369+0000] {processor.py:157} INFO - Started process (PID=1584) to work on /home/airflow/.local/lib/python3.8/site-packages/airflow/example_dags/example_params_trigger_ui.py
[2025-02-14T14:41:08.372+0000] {processor.py:829} INFO - Processing file /home/airflow/.local/lib/python3.8/site-packages/airflow/example_dags/example_params_trigger_ui.py for tasks to queue
[2025-02-14T14:41:08.374+0000] {logging_mixin.py:154} INFO - [2025-02-14T14:41:08.373+0000] {dagbag.py:536} INFO - Filling up the DagBag from /home/airflow/.local/lib/python3.8/site-packages/airflow/example_dags/example_params_trigger_ui.py
[2025-02-14T14:41:08.428+0000] {processor.py:839} INFO - DAG(s) dict_keys(['example_params_trigger_ui']) retrieved from /home/airflow/.local/lib/python3.8/site-packages/airflow/example_dags/example_params_trigger_ui.py
[2025-02-14T14:41:08.619+0000] {logging_mixin.py:154} INFO - [2025-02-14T14:41:08.618+0000] {dag.py:2941} INFO - Sync 1 DAGs
[2025-02-14T14:41:08.663+0000] {logging_mixin.py:154} INFO - [2025-02-14T14:41:08.662+0000] {dag.py:3722} INFO - Setting next_dagrun for example_params_trigger_ui to None, run_after=None
[2025-02-14T14:41:08.741+0000] {processor.py:179} INFO - Processing /home/airflow/.local/lib/python3.8/site-packages/airflow/example_dags/example_params_trigger_ui.py took 0.382 seconds
[2025-02-14T14:41:38.896+0000] {processor.py:157} INFO - Started process (PID=1821) to work on /home/airflow/.local/lib/python3.8/site-packages/airflow/example_dags/example_params_trigger_ui.py
[2025-02-14T14:41:38.899+0000] {processor.py:829} INFO - Processing file /home/airflow/.local/lib/python3.8/site-packages/airflow/example_dags/example_params_trigger_ui.py for tasks to queue
[2025-02-14T14:41:38.900+0000] {logging_mixin.py:154} INFO - [2025-02-14T14:41:38.900+0000] {dagbag.py:536} INFO - Filling up the DagBag from /home/airflow/.local/lib/python3.8/site-packages/airflow/example_dags/example_params_trigger_ui.py
[2025-02-14T14:41:38.943+0000] {processor.py:839} INFO - DAG(s) dict_keys(['example_params_trigger_ui']) retrieved from /home/airflow/.local/lib/python3.8/site-packages/airflow/example_dags/example_params_trigger_ui.py
[2025-02-14T14:41:39.075+0000] {logging_mixin.py:154} INFO - [2025-02-14T14:41:39.074+0000] {dag.py:2941} INFO - Sync 1 DAGs
[2025-02-14T14:41:39.120+0000] {logging_mixin.py:154} INFO - [2025-02-14T14:41:39.119+0000] {dag.py:3722} INFO - Setting next_dagrun for example_params_trigger_ui to None, run_after=None
[2025-02-14T14:41:39.206+0000] {processor.py:179} INFO - Processing /home/airflow/.local/lib/python3.8/site-packages/airflow/example_dags/example_params_trigger_ui.py took 0.321 seconds
[2025-02-14T14:42:09.342+0000] {processor.py:157} INFO - Started process (PID=2059) to work on /home/airflow/.local/lib/python3.8/site-packages/airflow/example_dags/example_params_trigger_ui.py
[2025-02-14T14:42:09.343+0000] {processor.py:829} INFO - Processing file /home/airflow/.local/lib/python3.8/site-packages/airflow/example_dags/example_params_trigger_ui.py for tasks to queue
[2025-02-14T14:42:09.344+0000] {logging_mixin.py:154} INFO - [2025-02-14T14:42:09.344+0000] {dagbag.py:536} INFO - Filling up the DagBag from /home/airflow/.local/lib/python3.8/site-packages/airflow/example_dags/example_params_trigger_ui.py
[2025-02-14T14:42:09.360+0000] {processor.py:839} INFO - DAG(s) dict_keys(['example_params_trigger_ui']) retrieved from /home/airflow/.local/lib/python3.8/site-packages/airflow/example_dags/example_params_trigger_ui.py
[2025-02-14T14:42:09.410+0000] {logging_mixin.py:154} INFO - [2025-02-14T14:42:09.410+0000] {dag.py:2941} INFO - Sync 1 DAGs
[2025-02-14T14:42:09.427+0000] {logging_mixin.py:154} INFO - [2025-02-14T14:42:09.427+0000] {dag.py:3722} INFO - Setting next_dagrun for example_params_trigger_ui to None, run_after=None
[2025-02-14T14:42:09.457+0000] {processor.py:179} INFO - Processing /home/airflow/.local/lib/python3.8/site-packages/airflow/example_dags/example_params_trigger_ui.py took 0.118 seconds
[2025-02-14T14:42:40.054+0000] {processor.py:157} INFO - Started process (PID=2297) to work on /home/airflow/.local/lib/python3.8/site-packages/airflow/example_dags/example_params_trigger_ui.py
[2025-02-14T14:42:40.056+0000] {processor.py:829} INFO - Processing file /home/airflow/.local/lib/python3.8/site-packages/airflow/example_dags/example_params_trigger_ui.py for tasks to queue
[2025-02-14T14:42:40.058+0000] {logging_mixin.py:154} INFO - [2025-02-14T14:42:40.057+0000] {dagbag.py:536} INFO - Filling up the DagBag from /home/airflow/.local/lib/python3.8/site-packages/airflow/example_dags/example_params_trigger_ui.py
[2025-02-14T14:42:40.124+0000] {processor.py:839} INFO - DAG(s) dict_keys(['example_params_trigger_ui']) retrieved from /home/airflow/.local/lib/python3.8/site-packages/airflow/example_dags/example_params_trigger_ui.py
[2025-02-14T14:42:40.247+0000] {logging_mixin.py:154} INFO - [2025-02-14T14:42:40.246+0000] {dag.py:2941} INFO - Sync 1 DAGs
[2025-02-14T14:42:40.274+0000] {logging_mixin.py:154} INFO - [2025-02-14T14:42:40.274+0000] {dag.py:3722} INFO - Setting next_dagrun for example_params_trigger_ui to None, run_after=None
[2025-02-14T14:42:40.314+0000] {processor.py:179} INFO - Processing /home/airflow/.local/lib/python3.8/site-packages/airflow/example_dags/example_params_trigger_ui.py took 0.272 seconds
[2025-02-14T14:43:11.125+0000] {processor.py:157} INFO - Started process (PID=2535) to work on /home/airflow/.local/lib/python3.8/site-packages/airflow/example_dags/example_params_trigger_ui.py
[2025-02-14T14:43:11.126+0000] {processor.py:829} INFO - Processing file /home/airflow/.local/lib/python3.8/site-packages/airflow/example_dags/example_params_trigger_ui.py for tasks to queue
[2025-02-14T14:43:11.128+0000] {logging_mixin.py:154} INFO - [2025-02-14T14:43:11.127+0000] {dagbag.py:536} INFO - Filling up the DagBag from /home/airflow/.local/lib/python3.8/site-packages/airflow/example_dags/example_params_trigger_ui.py
[2025-02-14T14:43:11.150+0000] {processor.py:839} INFO - DAG(s) dict_keys(['example_params_trigger_ui']) retrieved from /home/airflow/.local/lib/python3.8/site-packages/airflow/example_dags/example_params_trigger_ui.py
[2025-02-14T14:43:11.196+0000] {logging_mixin.py:154} INFO - [2025-02-14T14:43:11.195+0000] {dag.py:2941} INFO - Sync 1 DAGs
[2025-02-14T14:43:11.209+0000] {logging_mixin.py:154} INFO - [2025-02-14T14:43:11.209+0000] {dag.py:3722} INFO - Setting next_dagrun for example_params_trigger_ui to None, run_after=None
[2025-02-14T14:43:11.232+0000] {processor.py:179} INFO - Processing /home/airflow/.local/lib/python3.8/site-packages/airflow/example_dags/example_params_trigger_ui.py took 0.111 seconds
[2025-02-14T14:43:41.374+0000] {processor.py:157} INFO - Started process (PID=2773) to work on /home/airflow/.local/lib/python3.8/site-packages/airflow/example_dags/example_params_trigger_ui.py
[2025-02-14T14:43:41.377+0000] {processor.py:829} INFO - Processing file /home/airflow/.local/lib/python3.8/site-packages/airflow/example_dags/example_params_trigger_ui.py for tasks to queue
[2025-02-14T14:43:41.379+0000] {logging_mixin.py:154} INFO - [2025-02-14T14:43:41.378+0000] {dagbag.py:536} INFO - Filling up the DagBag from /home/airflow/.local/lib/python3.8/site-packages/airflow/example_dags/example_params_trigger_ui.py
[2025-02-14T14:43:41.428+0000] {processor.py:839} INFO - DAG(s) dict_keys(['example_params_trigger_ui']) retrieved from /home/airflow/.local/lib/python3.8/site-packages/airflow/example_dags/example_params_trigger_ui.py
[2025-02-14T14:43:41.598+0000] {logging_mixin.py:154} INFO - [2025-02-14T14:43:41.597+0000] {dag.py:2941} INFO - Sync 1 DAGs
[2025-02-14T14:43:41.636+0000] {logging_mixin.py:154} INFO - [2025-02-14T14:43:41.636+0000] {dag.py:3722} INFO - Setting next_dagrun for example_params_trigger_ui to None, run_after=None
[2025-02-14T14:43:41.694+0000] {processor.py:179} INFO - Processing /home/airflow/.local/lib/python3.8/site-packages/airflow/example_dags/example_params_trigger_ui.py took 0.337 seconds
[2025-02-14T14:44:12.059+0000] {processor.py:157} INFO - Started process (PID=3003) to work on /home/airflow/.local/lib/python3.8/site-packages/airflow/example_dags/example_params_trigger_ui.py
[2025-02-14T14:44:12.062+0000] {processor.py:829} INFO - Processing file /home/airflow/.local/lib/python3.8/site-packages/airflow/example_dags/example_params_trigger_ui.py for tasks to queue
[2025-02-14T14:44:12.066+0000] {logging_mixin.py:154} INFO - [2025-02-14T14:44:12.065+0000] {dagbag.py:536} INFO - Filling up the DagBag from /home/airflow/.local/lib/python3.8/site-packages/airflow/example_dags/example_params_trigger_ui.py
[2025-02-14T14:44:12.122+0000] {processor.py:839} INFO - DAG(s) dict_keys(['example_params_trigger_ui']) retrieved from /home/airflow/.local/lib/python3.8/site-packages/airflow/example_dags/example_params_trigger_ui.py
[2025-02-14T14:44:12.315+0000] {logging_mixin.py:154} INFO - [2025-02-14T14:44:12.314+0000] {dag.py:2941} INFO - Sync 1 DAGs
[2025-02-14T14:44:12.365+0000] {logging_mixin.py:154} INFO - [2025-02-14T14:44:12.364+0000] {dag.py:3722} INFO - Setting next_dagrun for example_params_trigger_ui to None, run_after=None
[2025-02-14T14:44:12.418+0000] {processor.py:179} INFO - Processing /home/airflow/.local/lib/python3.8/site-packages/airflow/example_dags/example_params_trigger_ui.py took 0.371 seconds
[2025-02-14T14:44:42.638+0000] {processor.py:157} INFO - Started process (PID=3260) to work on /home/airflow/.local/lib/python3.8/site-packages/airflow/example_dags/example_params_trigger_ui.py
[2025-02-14T14:44:42.640+0000] {processor.py:829} INFO - Processing file /home/airflow/.local/lib/python3.8/site-packages/airflow/example_dags/example_params_trigger_ui.py for tasks to queue
[2025-02-14T14:44:42.642+0000] {logging_mixin.py:154} INFO - [2025-02-14T14:44:42.641+0000] {dagbag.py:536} INFO - Filling up the DagBag from /home/airflow/.local/lib/python3.8/site-packages/airflow/example_dags/example_params_trigger_ui.py
[2025-02-14T14:44:42.692+0000] {processor.py:839} INFO - DAG(s) dict_keys(['example_params_trigger_ui']) retrieved from /home/airflow/.local/lib/python3.8/site-packages/airflow/example_dags/example_params_trigger_ui.py
[2025-02-14T14:44:42.858+0000] {logging_mixin.py:154} INFO - [2025-02-14T14:44:42.858+0000] {dag.py:2941} INFO - Sync 1 DAGs
[2025-02-14T14:44:42.899+0000] {logging_mixin.py:154} INFO - [2025-02-14T14:44:42.899+0000] {dag.py:3722} INFO - Setting next_dagrun for example_params_trigger_ui to None, run_after=None
[2025-02-14T14:44:42.956+0000] {processor.py:179} INFO - Processing /home/airflow/.local/lib/python3.8/site-packages/airflow/example_dags/example_params_trigger_ui.py took 0.327 seconds
[2025-02-14T14:45:13.343+0000] {processor.py:157} INFO - Started process (PID=3514) to work on /home/airflow/.local/lib/python3.8/site-packages/airflow/example_dags/example_params_trigger_ui.py
[2025-02-14T14:45:13.346+0000] {processor.py:829} INFO - Processing file /home/airflow/.local/lib/python3.8/site-packages/airflow/example_dags/example_params_trigger_ui.py for tasks to queue
[2025-02-14T14:45:13.348+0000] {logging_mixin.py:154} INFO - [2025-02-14T14:45:13.347+0000] {dagbag.py:536} INFO - Filling up the DagBag from /home/airflow/.local/lib/python3.8/site-packages/airflow/example_dags/example_params_trigger_ui.py
[2025-02-14T14:45:13.393+0000] {processor.py:839} INFO - DAG(s) dict_keys(['example_params_trigger_ui']) retrieved from /home/airflow/.local/lib/python3.8/site-packages/airflow/example_dags/example_params_trigger_ui.py
[2025-02-14T14:45:13.569+0000] {logging_mixin.py:154} INFO - [2025-02-14T14:45:13.569+0000] {dag.py:2941} INFO - Sync 1 DAGs
[2025-02-14T14:45:13.601+0000] {logging_mixin.py:154} INFO - [2025-02-14T14:45:13.601+0000] {dag.py:3722} INFO - Setting next_dagrun for example_params_trigger_ui to None, run_after=None
[2025-02-14T14:45:13.653+0000] {processor.py:179} INFO - Processing /home/airflow/.local/lib/python3.8/site-packages/airflow/example_dags/example_params_trigger_ui.py took 0.332 seconds
[2025-02-14T14:45:44.044+0000] {processor.py:157} INFO - Started process (PID=3752) to work on /home/airflow/.local/lib/python3.8/site-packages/airflow/example_dags/example_params_trigger_ui.py
[2025-02-14T14:45:44.051+0000] {processor.py:829} INFO - Processing file /home/airflow/.local/lib/python3.8/site-packages/airflow/example_dags/example_params_trigger_ui.py for tasks to queue
[2025-02-14T14:45:44.053+0000] {logging_mixin.py:154} INFO - [2025-02-14T14:45:44.053+0000] {dagbag.py:536} INFO - Filling up the DagBag from /home/airflow/.local/lib/python3.8/site-packages/airflow/example_dags/example_params_trigger_ui.py
[2025-02-14T14:45:44.114+0000] {processor.py:839} INFO - DAG(s) dict_keys(['example_params_trigger_ui']) retrieved from /home/airflow/.local/lib/python3.8/site-packages/airflow/example_dags/example_params_trigger_ui.py
[2025-02-14T14:45:44.273+0000] {logging_mixin.py:154} INFO - [2025-02-14T14:45:44.273+0000] {dag.py:2941} INFO - Sync 1 DAGs
[2025-02-14T14:45:44.309+0000] {logging_mixin.py:154} INFO - [2025-02-14T14:45:44.309+0000] {dag.py:3722} INFO - Setting next_dagrun for example_params_trigger_ui to None, run_after=None
[2025-02-14T14:45:44.355+0000] {processor.py:179} INFO - Processing /home/airflow/.local/lib/python3.8/site-packages/airflow/example_dags/example_params_trigger_ui.py took 0.337 seconds
[2025-02-14T14:46:14.821+0000] {processor.py:157} INFO - Started process (PID=3988) to work on /home/airflow/.local/lib/python3.8/site-packages/airflow/example_dags/example_params_trigger_ui.py
[2025-02-14T14:46:14.824+0000] {processor.py:829} INFO - Processing file /home/airflow/.local/lib/python3.8/site-packages/airflow/example_dags/example_params_trigger_ui.py for tasks to queue
[2025-02-14T14:46:14.827+0000] {logging_mixin.py:154} INFO - [2025-02-14T14:46:14.826+0000] {dagbag.py:536} INFO - Filling up the DagBag from /home/airflow/.local/lib/python3.8/site-packages/airflow/example_dags/example_params_trigger_ui.py
[2025-02-14T14:46:14.870+0000] {processor.py:839} INFO - DAG(s) dict_keys(['example_params_trigger_ui']) retrieved from /home/airflow/.local/lib/python3.8/site-packages/airflow/example_dags/example_params_trigger_ui.py
[2025-02-14T14:46:15.054+0000] {logging_mixin.py:154} INFO - [2025-02-14T14:46:15.054+0000] {dag.py:2941} INFO - Sync 1 DAGs
[2025-02-14T14:46:15.096+0000] {logging_mixin.py:154} INFO - [2025-02-14T14:46:15.095+0000] {dag.py:3722} INFO - Setting next_dagrun for example_params_trigger_ui to None, run_after=None
[2025-02-14T14:46:15.142+0000] {processor.py:179} INFO - Processing /home/airflow/.local/lib/python3.8/site-packages/airflow/example_dags/example_params_trigger_ui.py took 0.340 seconds
[2025-02-14T14:46:45.927+0000] {processor.py:157} INFO - Started process (PID=4225) to work on /home/airflow/.local/lib/python3.8/site-packages/airflow/example_dags/example_params_trigger_ui.py
[2025-02-14T14:46:45.929+0000] {processor.py:829} INFO - Processing file /home/airflow/.local/lib/python3.8/site-packages/airflow/example_dags/example_params_trigger_ui.py for tasks to queue
[2025-02-14T14:46:45.931+0000] {logging_mixin.py:154} INFO - [2025-02-14T14:46:45.931+0000] {dagbag.py:536} INFO - Filling up the DagBag from /home/airflow/.local/lib/python3.8/site-packages/airflow/example_dags/example_params_trigger_ui.py
[2025-02-14T14:46:45.989+0000] {processor.py:839} INFO - DAG(s) dict_keys(['example_params_trigger_ui']) retrieved from /home/airflow/.local/lib/python3.8/site-packages/airflow/example_dags/example_params_trigger_ui.py
[2025-02-14T14:46:46.150+0000] {logging_mixin.py:154} INFO - [2025-02-14T14:46:46.149+0000] {dag.py:2941} INFO - Sync 1 DAGs
[2025-02-14T14:46:46.196+0000] {logging_mixin.py:154} INFO - [2025-02-14T14:46:46.196+0000] {dag.py:3722} INFO - Setting next_dagrun for example_params_trigger_ui to None, run_after=None
[2025-02-14T14:46:46.258+0000] {processor.py:179} INFO - Processing /home/airflow/.local/lib/python3.8/site-packages/airflow/example_dags/example_params_trigger_ui.py took 0.347 seconds
[2025-02-14T14:47:16.904+0000] {processor.py:157} INFO - Started process (PID=4463) to work on /home/airflow/.local/lib/python3.8/site-packages/airflow/example_dags/example_params_trigger_ui.py
[2025-02-14T14:47:16.906+0000] {processor.py:829} INFO - Processing file /home/airflow/.local/lib/python3.8/site-packages/airflow/example_dags/example_params_trigger_ui.py for tasks to queue
[2025-02-14T14:47:16.910+0000] {logging_mixin.py:154} INFO - [2025-02-14T14:47:16.908+0000] {dagbag.py:536} INFO - Filling up the DagBag from /home/airflow/.local/lib/python3.8/site-packages/airflow/example_dags/example_params_trigger_ui.py
[2025-02-14T14:47:16.969+0000] {processor.py:839} INFO - DAG(s) dict_keys(['example_params_trigger_ui']) retrieved from /home/airflow/.local/lib/python3.8/site-packages/airflow/example_dags/example_params_trigger_ui.py
[2025-02-14T14:47:17.133+0000] {logging_mixin.py:154} INFO - [2025-02-14T14:47:17.132+0000] {dag.py:2941} INFO - Sync 1 DAGs
[2025-02-14T14:47:17.168+0000] {logging_mixin.py:154} INFO - [2025-02-14T14:47:17.167+0000] {dag.py:3722} INFO - Setting next_dagrun for example_params_trigger_ui to None, run_after=None
[2025-02-14T14:47:17.219+0000] {processor.py:179} INFO - Processing /home/airflow/.local/lib/python3.8/site-packages/airflow/example_dags/example_params_trigger_ui.py took 0.323 seconds
[2025-02-14T14:47:49.183+0000] {processor.py:157} INFO - Started process (PID=4707) to work on /home/airflow/.local/lib/python3.8/site-packages/airflow/example_dags/example_params_trigger_ui.py
[2025-02-14T14:47:49.187+0000] {processor.py:829} INFO - Processing file /home/airflow/.local/lib/python3.8/site-packages/airflow/example_dags/example_params_trigger_ui.py for tasks to queue
[2025-02-14T14:47:49.192+0000] {logging_mixin.py:154} INFO - [2025-02-14T14:47:49.191+0000] {dagbag.py:536} INFO - Filling up the DagBag from /home/airflow/.local/lib/python3.8/site-packages/airflow/example_dags/example_params_trigger_ui.py
[2025-02-14T14:47:49.260+0000] {processor.py:839} INFO - DAG(s) dict_keys(['example_params_trigger_ui']) retrieved from /home/airflow/.local/lib/python3.8/site-packages/airflow/example_dags/example_params_trigger_ui.py
[2025-02-14T14:47:49.416+0000] {logging_mixin.py:154} INFO - [2025-02-14T14:47:49.415+0000] {dag.py:2941} INFO - Sync 1 DAGs
[2025-02-14T14:47:49.463+0000] {logging_mixin.py:154} INFO - [2025-02-14T14:47:49.462+0000] {dag.py:3722} INFO - Setting next_dagrun for example_params_trigger_ui to None, run_after=None
[2025-02-14T14:47:49.508+0000] {processor.py:179} INFO - Processing /home/airflow/.local/lib/python3.8/site-packages/airflow/example_dags/example_params_trigger_ui.py took 0.351 seconds
[2025-02-14T14:48:20.109+0000] {processor.py:157} INFO - Started process (PID=4951) to work on /home/airflow/.local/lib/python3.8/site-packages/airflow/example_dags/example_params_trigger_ui.py
[2025-02-14T14:48:20.113+0000] {processor.py:829} INFO - Processing file /home/airflow/.local/lib/python3.8/site-packages/airflow/example_dags/example_params_trigger_ui.py for tasks to queue
[2025-02-14T14:48:20.116+0000] {logging_mixin.py:154} INFO - [2025-02-14T14:48:20.115+0000] {dagbag.py:536} INFO - Filling up the DagBag from /home/airflow/.local/lib/python3.8/site-packages/airflow/example_dags/example_params_trigger_ui.py
[2025-02-14T14:48:20.169+0000] {processor.py:839} INFO - DAG(s) dict_keys(['example_params_trigger_ui']) retrieved from /home/airflow/.local/lib/python3.8/site-packages/airflow/example_dags/example_params_trigger_ui.py
[2025-02-14T14:48:20.306+0000] {logging_mixin.py:154} INFO - [2025-02-14T14:48:20.306+0000] {dag.py:2941} INFO - Sync 1 DAGs
[2025-02-14T14:48:20.345+0000] {logging_mixin.py:154} INFO - [2025-02-14T14:48:20.344+0000] {dag.py:3722} INFO - Setting next_dagrun for example_params_trigger_ui to None, run_after=None
[2025-02-14T14:48:20.405+0000] {processor.py:179} INFO - Processing /home/airflow/.local/lib/python3.8/site-packages/airflow/example_dags/example_params_trigger_ui.py took 0.307 seconds
[2025-02-14T14:48:51.004+0000] {processor.py:157} INFO - Started process (PID=5189) to work on /home/airflow/.local/lib/python3.8/site-packages/airflow/example_dags/example_params_trigger_ui.py
[2025-02-14T14:48:51.006+0000] {processor.py:829} INFO - Processing file /home/airflow/.local/lib/python3.8/site-packages/airflow/example_dags/example_params_trigger_ui.py for tasks to queue
[2025-02-14T14:48:51.008+0000] {logging_mixin.py:154} INFO - [2025-02-14T14:48:51.008+0000] {dagbag.py:536} INFO - Filling up the DagBag from /home/airflow/.local/lib/python3.8/site-packages/airflow/example_dags/example_params_trigger_ui.py
[2025-02-14T14:48:51.074+0000] {processor.py:839} INFO - DAG(s) dict_keys(['example_params_trigger_ui']) retrieved from /home/airflow/.local/lib/python3.8/site-packages/airflow/example_dags/example_params_trigger_ui.py
[2025-02-14T14:48:51.242+0000] {logging_mixin.py:154} INFO - [2025-02-14T14:48:51.242+0000] {dag.py:2941} INFO - Sync 1 DAGs
[2025-02-14T14:48:51.281+0000] {logging_mixin.py:154} INFO - [2025-02-14T14:48:51.281+0000] {dag.py:3722} INFO - Setting next_dagrun for example_params_trigger_ui to None, run_after=None
[2025-02-14T14:48:51.331+0000] {processor.py:179} INFO - Processing /home/airflow/.local/lib/python3.8/site-packages/airflow/example_dags/example_params_trigger_ui.py took 0.336 seconds
[2025-02-14T14:49:22.258+0000] {processor.py:157} INFO - Started process (PID=5431) to work on /home/airflow/.local/lib/python3.8/site-packages/airflow/example_dags/example_params_trigger_ui.py
[2025-02-14T14:49:22.261+0000] {processor.py:829} INFO - Processing file /home/airflow/.local/lib/python3.8/site-packages/airflow/example_dags/example_params_trigger_ui.py for tasks to queue
[2025-02-14T14:49:22.263+0000] {logging_mixin.py:154} INFO - [2025-02-14T14:49:22.262+0000] {dagbag.py:536} INFO - Filling up the DagBag from /home/airflow/.local/lib/python3.8/site-packages/airflow/example_dags/example_params_trigger_ui.py
[2025-02-14T14:49:22.315+0000] {processor.py:839} INFO - DAG(s) dict_keys(['example_params_trigger_ui']) retrieved from /home/airflow/.local/lib/python3.8/site-packages/airflow/example_dags/example_params_trigger_ui.py
[2025-02-14T14:49:22.517+0000] {logging_mixin.py:154} INFO - [2025-02-14T14:49:22.517+0000] {dag.py:2941} INFO - Sync 1 DAGs
[2025-02-14T14:49:22.566+0000] {logging_mixin.py:154} INFO - [2025-02-14T14:49:22.561+0000] {dag.py:3722} INFO - Setting next_dagrun for example_params_trigger_ui to None, run_after=None
[2025-02-14T14:49:22.632+0000] {processor.py:179} INFO - Processing /home/airflow/.local/lib/python3.8/site-packages/airflow/example_dags/example_params_trigger_ui.py took 0.385 seconds
[2025-02-14T14:49:53.477+0000] {processor.py:157} INFO - Started process (PID=5668) to work on /home/airflow/.local/lib/python3.8/site-packages/airflow/example_dags/example_params_trigger_ui.py
[2025-02-14T14:49:53.481+0000] {processor.py:829} INFO - Processing file /home/airflow/.local/lib/python3.8/site-packages/airflow/example_dags/example_params_trigger_ui.py for tasks to queue
[2025-02-14T14:49:53.483+0000] {logging_mixin.py:154} INFO - [2025-02-14T14:49:53.482+0000] {dagbag.py:536} INFO - Filling up the DagBag from /home/airflow/.local/lib/python3.8/site-packages/airflow/example_dags/example_params_trigger_ui.py
[2025-02-14T14:49:53.532+0000] {processor.py:839} INFO - DAG(s) dict_keys(['example_params_trigger_ui']) retrieved from /home/airflow/.local/lib/python3.8/site-packages/airflow/example_dags/example_params_trigger_ui.py
[2025-02-14T14:49:53.704+0000] {logging_mixin.py:154} INFO - [2025-02-14T14:49:53.703+0000] {dag.py:2941} INFO - Sync 1 DAGs
[2025-02-14T14:49:53.746+0000] {logging_mixin.py:154} INFO - [2025-02-14T14:49:53.745+0000] {dag.py:3722} INFO - Setting next_dagrun for example_params_trigger_ui to None, run_after=None
[2025-02-14T14:49:53.804+0000] {processor.py:179} INFO - Processing /home/airflow/.local/lib/python3.8/site-packages/airflow/example_dags/example_params_trigger_ui.py took 0.338 seconds
[2025-02-14T14:50:25.306+0000] {processor.py:157} INFO - Started process (PID=5915) to work on /home/airflow/.local/lib/python3.8/site-packages/airflow/example_dags/example_params_trigger_ui.py
[2025-02-14T14:50:25.308+0000] {processor.py:829} INFO - Processing file /home/airflow/.local/lib/python3.8/site-packages/airflow/example_dags/example_params_trigger_ui.py for tasks to queue
[2025-02-14T14:50:25.310+0000] {logging_mixin.py:154} INFO - [2025-02-14T14:50:25.310+0000] {dagbag.py:536} INFO - Filling up the DagBag from /home/airflow/.local/lib/python3.8/site-packages/airflow/example_dags/example_params_trigger_ui.py
[2025-02-14T14:50:25.360+0000] {processor.py:839} INFO - DAG(s) dict_keys(['example_params_trigger_ui']) retrieved from /home/airflow/.local/lib/python3.8/site-packages/airflow/example_dags/example_params_trigger_ui.py
[2025-02-14T14:50:25.570+0000] {logging_mixin.py:154} INFO - [2025-02-14T14:50:25.569+0000] {dag.py:2941} INFO - Sync 1 DAGs
[2025-02-14T14:50:25.619+0000] {logging_mixin.py:154} INFO - [2025-02-14T14:50:25.619+0000] {dag.py:3722} INFO - Setting next_dagrun for example_params_trigger_ui to None, run_after=None
[2025-02-14T14:50:25.687+0000] {processor.py:179} INFO - Processing /home/airflow/.local/lib/python3.8/site-packages/airflow/example_dags/example_params_trigger_ui.py took 0.390 seconds
[2025-02-14T14:50:55.957+0000] {processor.py:157} INFO - Started process (PID=6153) to work on /home/airflow/.local/lib/python3.8/site-packages/airflow/example_dags/example_params_trigger_ui.py
[2025-02-14T14:50:55.960+0000] {processor.py:829} INFO - Processing file /home/airflow/.local/lib/python3.8/site-packages/airflow/example_dags/example_params_trigger_ui.py for tasks to queue
[2025-02-14T14:50:55.962+0000] {logging_mixin.py:154} INFO - [2025-02-14T14:50:55.961+0000] {dagbag.py:536} INFO - Filling up the DagBag from /home/airflow/.local/lib/python3.8/site-packages/airflow/example_dags/example_params_trigger_ui.py
[2025-02-14T14:50:56.020+0000] {processor.py:839} INFO - DAG(s) dict_keys(['example_params_trigger_ui']) retrieved from /home/airflow/.local/lib/python3.8/site-packages/airflow/example_dags/example_params_trigger_ui.py
[2025-02-14T14:50:56.202+0000] {logging_mixin.py:154} INFO - [2025-02-14T14:50:56.201+0000] {dag.py:2941} INFO - Sync 1 DAGs
[2025-02-14T14:50:56.239+0000] {logging_mixin.py:154} INFO - [2025-02-14T14:50:56.239+0000] {dag.py:3722} INFO - Setting next_dagrun for example_params_trigger_ui to None, run_after=None
[2025-02-14T14:50:56.314+0000] {processor.py:179} INFO - Processing /home/airflow/.local/lib/python3.8/site-packages/airflow/example_dags/example_params_trigger_ui.py took 0.372 seconds
[2025-02-14T14:51:26.392+0000] {processor.py:157} INFO - Started process (PID=6387) to work on /home/airflow/.local/lib/python3.8/site-packages/airflow/example_dags/example_params_trigger_ui.py
[2025-02-14T14:51:26.394+0000] {processor.py:829} INFO - Processing file /home/airflow/.local/lib/python3.8/site-packages/airflow/example_dags/example_params_trigger_ui.py for tasks to queue
[2025-02-14T14:51:26.396+0000] {logging_mixin.py:154} INFO - [2025-02-14T14:51:26.396+0000] {dagbag.py:536} INFO - Filling up the DagBag from /home/airflow/.local/lib/python3.8/site-packages/airflow/example_dags/example_params_trigger_ui.py
[2025-02-14T14:51:26.443+0000] {processor.py:839} INFO - DAG(s) dict_keys(['example_params_trigger_ui']) retrieved from /home/airflow/.local/lib/python3.8/site-packages/airflow/example_dags/example_params_trigger_ui.py
[2025-02-14T14:51:26.615+0000] {logging_mixin.py:154} INFO - [2025-02-14T14:51:26.615+0000] {dag.py:2941} INFO - Sync 1 DAGs
[2025-02-14T14:51:26.656+0000] {logging_mixin.py:154} INFO - [2025-02-14T14:51:26.656+0000] {dag.py:3722} INFO - Setting next_dagrun for example_params_trigger_ui to None, run_after=None
[2025-02-14T14:51:26.717+0000] {processor.py:179} INFO - Processing /home/airflow/.local/lib/python3.8/site-packages/airflow/example_dags/example_params_trigger_ui.py took 0.335 seconds
[2025-02-14T14:51:57.928+0000] {processor.py:157} INFO - Started process (PID=6623) to work on /home/airflow/.local/lib/python3.8/site-packages/airflow/example_dags/example_params_trigger_ui.py
[2025-02-14T14:51:57.937+0000] {processor.py:829} INFO - Processing file /home/airflow/.local/lib/python3.8/site-packages/airflow/example_dags/example_params_trigger_ui.py for tasks to queue
[2025-02-14T14:51:57.943+0000] {logging_mixin.py:154} INFO - [2025-02-14T14:51:57.942+0000] {dagbag.py:536} INFO - Filling up the DagBag from /home/airflow/.local/lib/python3.8/site-packages/airflow/example_dags/example_params_trigger_ui.py
[2025-02-14T14:51:57.987+0000] {processor.py:839} INFO - DAG(s) dict_keys(['example_params_trigger_ui']) retrieved from /home/airflow/.local/lib/python3.8/site-packages/airflow/example_dags/example_params_trigger_ui.py
[2025-02-14T14:51:58.133+0000] {logging_mixin.py:154} INFO - [2025-02-14T14:51:58.133+0000] {dag.py:2941} INFO - Sync 1 DAGs
[2025-02-14T14:51:58.162+0000] {logging_mixin.py:154} INFO - [2025-02-14T14:51:58.161+0000] {dag.py:3722} INFO - Setting next_dagrun for example_params_trigger_ui to None, run_after=None
[2025-02-14T14:51:58.179+0000] {processor.py:179} INFO - Processing /home/airflow/.local/lib/python3.8/site-packages/airflow/example_dags/example_params_trigger_ui.py took 0.265 seconds
[2025-02-14T14:52:28.938+0000] {processor.py:157} INFO - Started process (PID=6861) to work on /home/airflow/.local/lib/python3.8/site-packages/airflow/example_dags/example_params_trigger_ui.py
[2025-02-14T14:52:28.940+0000] {processor.py:829} INFO - Processing file /home/airflow/.local/lib/python3.8/site-packages/airflow/example_dags/example_params_trigger_ui.py for tasks to queue
[2025-02-14T14:52:28.947+0000] {logging_mixin.py:154} INFO - [2025-02-14T14:52:28.945+0000] {dagbag.py:536} INFO - Filling up the DagBag from /home/airflow/.local/lib/python3.8/site-packages/airflow/example_dags/example_params_trigger_ui.py
[2025-02-14T14:52:29.027+0000] {processor.py:839} INFO - DAG(s) dict_keys(['example_params_trigger_ui']) retrieved from /home/airflow/.local/lib/python3.8/site-packages/airflow/example_dags/example_params_trigger_ui.py
[2025-02-14T14:52:29.226+0000] {logging_mixin.py:154} INFO - [2025-02-14T14:52:29.225+0000] {dag.py:2941} INFO - Sync 1 DAGs
[2025-02-14T14:52:29.266+0000] {logging_mixin.py:154} INFO - [2025-02-14T14:52:29.266+0000] {dag.py:3722} INFO - Setting next_dagrun for example_params_trigger_ui to None, run_after=None
[2025-02-14T14:52:29.314+0000] {processor.py:179} INFO - Processing /home/airflow/.local/lib/python3.8/site-packages/airflow/example_dags/example_params_trigger_ui.py took 0.398 seconds
[2025-02-14T14:53:00.109+0000] {processor.py:157} INFO - Started process (PID=7099) to work on /home/airflow/.local/lib/python3.8/site-packages/airflow/example_dags/example_params_trigger_ui.py
[2025-02-14T14:53:00.111+0000] {processor.py:829} INFO - Processing file /home/airflow/.local/lib/python3.8/site-packages/airflow/example_dags/example_params_trigger_ui.py for tasks to queue
[2025-02-14T14:53:00.117+0000] {logging_mixin.py:154} INFO - [2025-02-14T14:53:00.116+0000] {dagbag.py:536} INFO - Filling up the DagBag from /home/airflow/.local/lib/python3.8/site-packages/airflow/example_dags/example_params_trigger_ui.py
[2025-02-14T14:53:00.166+0000] {processor.py:839} INFO - DAG(s) dict_keys(['example_params_trigger_ui']) retrieved from /home/airflow/.local/lib/python3.8/site-packages/airflow/example_dags/example_params_trigger_ui.py
[2025-02-14T14:53:00.340+0000] {logging_mixin.py:154} INFO - [2025-02-14T14:53:00.340+0000] {dag.py:2941} INFO - Sync 1 DAGs
[2025-02-14T14:53:00.395+0000] {logging_mixin.py:154} INFO - [2025-02-14T14:53:00.394+0000] {dag.py:3722} INFO - Setting next_dagrun for example_params_trigger_ui to None, run_after=None
[2025-02-14T14:53:00.481+0000] {processor.py:179} INFO - Processing /home/airflow/.local/lib/python3.8/site-packages/airflow/example_dags/example_params_trigger_ui.py took 0.382 seconds
[2025-02-14T14:53:31.078+0000] {processor.py:157} INFO - Started process (PID=7336) to work on /home/airflow/.local/lib/python3.8/site-packages/airflow/example_dags/example_params_trigger_ui.py
[2025-02-14T14:53:31.081+0000] {processor.py:829} INFO - Processing file /home/airflow/.local/lib/python3.8/site-packages/airflow/example_dags/example_params_trigger_ui.py for tasks to queue
[2025-02-14T14:53:31.083+0000] {logging_mixin.py:154} INFO - [2025-02-14T14:53:31.083+0000] {dagbag.py:536} INFO - Filling up the DagBag from /home/airflow/.local/lib/python3.8/site-packages/airflow/example_dags/example_params_trigger_ui.py
[2025-02-14T14:53:31.129+0000] {processor.py:839} INFO - DAG(s) dict_keys(['example_params_trigger_ui']) retrieved from /home/airflow/.local/lib/python3.8/site-packages/airflow/example_dags/example_params_trigger_ui.py
[2025-02-14T14:53:31.276+0000] {logging_mixin.py:154} INFO - [2025-02-14T14:53:31.275+0000] {dag.py:2941} INFO - Sync 1 DAGs
[2025-02-14T14:53:31.317+0000] {logging_mixin.py:154} INFO - [2025-02-14T14:53:31.316+0000] {dag.py:3722} INFO - Setting next_dagrun for example_params_trigger_ui to None, run_after=None
[2025-02-14T14:53:31.375+0000] {processor.py:179} INFO - Processing /home/airflow/.local/lib/python3.8/site-packages/airflow/example_dags/example_params_trigger_ui.py took 0.305 seconds
[2025-02-14T14:54:01.570+0000] {processor.py:157} INFO - Started process (PID=7569) to work on /home/airflow/.local/lib/python3.8/site-packages/airflow/example_dags/example_params_trigger_ui.py
[2025-02-14T14:54:01.574+0000] {processor.py:829} INFO - Processing file /home/airflow/.local/lib/python3.8/site-packages/airflow/example_dags/example_params_trigger_ui.py for tasks to queue
[2025-02-14T14:54:01.577+0000] {logging_mixin.py:154} INFO - [2025-02-14T14:54:01.576+0000] {dagbag.py:536} INFO - Filling up the DagBag from /home/airflow/.local/lib/python3.8/site-packages/airflow/example_dags/example_params_trigger_ui.py
[2025-02-14T14:54:01.635+0000] {processor.py:839} INFO - DAG(s) dict_keys(['example_params_trigger_ui']) retrieved from /home/airflow/.local/lib/python3.8/site-packages/airflow/example_dags/example_params_trigger_ui.py
[2025-02-14T14:54:01.801+0000] {logging_mixin.py:154} INFO - [2025-02-14T14:54:01.801+0000] {dag.py:2941} INFO - Sync 1 DAGs
[2025-02-14T14:54:01.846+0000] {logging_mixin.py:154} INFO - [2025-02-14T14:54:01.845+0000] {dag.py:3722} INFO - Setting next_dagrun for example_params_trigger_ui to None, run_after=None
[2025-02-14T14:54:01.890+0000] {processor.py:179} INFO - Processing /home/airflow/.local/lib/python3.8/site-packages/airflow/example_dags/example_params_trigger_ui.py took 0.333 seconds
