[2025-02-14T14:38:30.431+0000] {processor.py:157} INFO - Started process (PID=352) to work on /home/airflow/.local/lib/python3.8/site-packages/airflow/example_dags/example_local_kubernetes_executor.py
[2025-02-14T14:38:30.433+0000] {processor.py:829} INFO - Processing file /home/airflow/.local/lib/python3.8/site-packages/airflow/example_dags/example_local_kubernetes_executor.py for tasks to queue
[2025-02-14T14:38:30.435+0000] {logging_mixin.py:154} INFO - [2025-02-14T14:38:30.434+0000] {dagbag.py:536} INFO - Filling up the DagBag from /home/airflow/.local/lib/python3.8/site-packages/airflow/example_dags/example_local_kubernetes_executor.py
[2025-02-14T14:38:30.459+0000] {processor.py:839} INFO - DAG(s) dict_keys(['example_local_kubernetes_executor']) retrieved from /home/airflow/.local/lib/python3.8/site-packages/airflow/example_dags/example_local_kubernetes_executor.py
[2025-02-14T14:38:30.994+0000] {logging_mixin.py:154} INFO - [2025-02-14T14:38:30.991+0000] {manager.py:499} INFO - Created Permission View: %s
[2025-02-14T14:38:31.093+0000] {logging_mixin.py:154} INFO - [2025-02-14T14:38:31.093+0000] {manager.py:499} INFO - Created Permission View: %s
[2025-02-14T14:38:31.134+0000] {logging_mixin.py:154} INFO - [2025-02-14T14:38:31.133+0000] {manager.py:499} INFO - Created Permission View: %s
[2025-02-14T14:38:31.137+0000] {logging_mixin.py:154} INFO - [2025-02-14T14:38:31.136+0000] {dag.py:2941} INFO - Sync 1 DAGs
[2025-02-14T14:38:31.210+0000] {logging_mixin.py:154} INFO - [2025-02-14T14:38:31.210+0000] {dag.py:2963} INFO - Creating ORM DAG for example_local_kubernetes_executor
[2025-02-14T14:38:31.213+0000] {logging_mixin.py:154} INFO - [2025-02-14T14:38:31.212+0000] {dag.py:3722} INFO - Setting next_dagrun for example_local_kubernetes_executor to None, run_after=None
[2025-02-14T14:38:31.279+0000] {processor.py:179} INFO - Processing /home/airflow/.local/lib/python3.8/site-packages/airflow/example_dags/example_local_kubernetes_executor.py took 0.857 seconds
[2025-02-14T14:39:01.471+0000] {processor.py:157} INFO - Started process (PID=592) to work on /home/airflow/.local/lib/python3.8/site-packages/airflow/example_dags/example_local_kubernetes_executor.py
[2025-02-14T14:39:01.475+0000] {processor.py:829} INFO - Processing file /home/airflow/.local/lib/python3.8/site-packages/airflow/example_dags/example_local_kubernetes_executor.py for tasks to queue
[2025-02-14T14:39:01.478+0000] {logging_mixin.py:154} INFO - [2025-02-14T14:39:01.476+0000] {dagbag.py:536} INFO - Filling up the DagBag from /home/airflow/.local/lib/python3.8/site-packages/airflow/example_dags/example_local_kubernetes_executor.py
[2025-02-14T14:39:01.502+0000] {processor.py:839} INFO - DAG(s) dict_keys(['example_local_kubernetes_executor']) retrieved from /home/airflow/.local/lib/python3.8/site-packages/airflow/example_dags/example_local_kubernetes_executor.py
[2025-02-14T14:39:01.651+0000] {logging_mixin.py:154} INFO - [2025-02-14T14:39:01.650+0000] {dag.py:2941} INFO - Sync 1 DAGs
[2025-02-14T14:39:01.721+0000] {logging_mixin.py:154} INFO - [2025-02-14T14:39:01.719+0000] {dag.py:3722} INFO - Setting next_dagrun for example_local_kubernetes_executor to None, run_after=None
[2025-02-14T14:39:01.803+0000] {processor.py:179} INFO - Processing /home/airflow/.local/lib/python3.8/site-packages/airflow/example_dags/example_local_kubernetes_executor.py took 0.345 seconds
[2025-02-14T14:39:31.932+0000] {processor.py:157} INFO - Started process (PID=830) to work on /home/airflow/.local/lib/python3.8/site-packages/airflow/example_dags/example_local_kubernetes_executor.py
[2025-02-14T14:39:31.936+0000] {processor.py:829} INFO - Processing file /home/airflow/.local/lib/python3.8/site-packages/airflow/example_dags/example_local_kubernetes_executor.py for tasks to queue
[2025-02-14T14:39:31.937+0000] {logging_mixin.py:154} INFO - [2025-02-14T14:39:31.937+0000] {dagbag.py:536} INFO - Filling up the DagBag from /home/airflow/.local/lib/python3.8/site-packages/airflow/example_dags/example_local_kubernetes_executor.py
[2025-02-14T14:39:31.959+0000] {processor.py:839} INFO - DAG(s) dict_keys(['example_local_kubernetes_executor']) retrieved from /home/airflow/.local/lib/python3.8/site-packages/airflow/example_dags/example_local_kubernetes_executor.py
[2025-02-14T14:39:32.055+0000] {logging_mixin.py:154} INFO - [2025-02-14T14:39:32.055+0000] {dag.py:2941} INFO - Sync 1 DAGs
[2025-02-14T14:39:32.109+0000] {logging_mixin.py:154} INFO - [2025-02-14T14:39:32.108+0000] {dag.py:3722} INFO - Setting next_dagrun for example_local_kubernetes_executor to None, run_after=None
[2025-02-14T14:39:32.165+0000] {processor.py:179} INFO - Processing /home/airflow/.local/lib/python3.8/site-packages/airflow/example_dags/example_local_kubernetes_executor.py took 0.244 seconds
[2025-02-14T14:40:02.442+0000] {processor.py:157} INFO - Started process (PID=1066) to work on /home/airflow/.local/lib/python3.8/site-packages/airflow/example_dags/example_local_kubernetes_executor.py
[2025-02-14T14:40:02.447+0000] {processor.py:829} INFO - Processing file /home/airflow/.local/lib/python3.8/site-packages/airflow/example_dags/example_local_kubernetes_executor.py for tasks to queue
[2025-02-14T14:40:02.451+0000] {logging_mixin.py:154} INFO - [2025-02-14T14:40:02.450+0000] {dagbag.py:536} INFO - Filling up the DagBag from /home/airflow/.local/lib/python3.8/site-packages/airflow/example_dags/example_local_kubernetes_executor.py
[2025-02-14T14:40:02.484+0000] {processor.py:839} INFO - DAG(s) dict_keys(['example_local_kubernetes_executor']) retrieved from /home/airflow/.local/lib/python3.8/site-packages/airflow/example_dags/example_local_kubernetes_executor.py
[2025-02-14T14:40:02.604+0000] {logging_mixin.py:154} INFO - [2025-02-14T14:40:02.604+0000] {dag.py:2941} INFO - Sync 1 DAGs
[2025-02-14T14:40:02.639+0000] {logging_mixin.py:154} INFO - [2025-02-14T14:40:02.638+0000] {dag.py:3722} INFO - Setting next_dagrun for example_local_kubernetes_executor to None, run_after=None
[2025-02-14T14:40:02.685+0000] {processor.py:179} INFO - Processing /home/airflow/.local/lib/python3.8/site-packages/airflow/example_dags/example_local_kubernetes_executor.py took 0.276 seconds
[2025-02-14T14:40:34.322+0000] {processor.py:157} INFO - Started process (PID=1304) to work on /home/airflow/.local/lib/python3.8/site-packages/airflow/example_dags/example_local_kubernetes_executor.py
[2025-02-14T14:40:34.327+0000] {processor.py:829} INFO - Processing file /home/airflow/.local/lib/python3.8/site-packages/airflow/example_dags/example_local_kubernetes_executor.py for tasks to queue
[2025-02-14T14:40:34.329+0000] {logging_mixin.py:154} INFO - [2025-02-14T14:40:34.328+0000] {dagbag.py:536} INFO - Filling up the DagBag from /home/airflow/.local/lib/python3.8/site-packages/airflow/example_dags/example_local_kubernetes_executor.py
[2025-02-14T14:40:34.356+0000] {processor.py:839} INFO - DAG(s) dict_keys(['example_local_kubernetes_executor']) retrieved from /home/airflow/.local/lib/python3.8/site-packages/airflow/example_dags/example_local_kubernetes_executor.py
[2025-02-14T14:40:34.441+0000] {logging_mixin.py:154} INFO - [2025-02-14T14:40:34.440+0000] {dag.py:2941} INFO - Sync 1 DAGs
[2025-02-14T14:40:34.483+0000] {logging_mixin.py:154} INFO - [2025-02-14T14:40:34.482+0000] {dag.py:3722} INFO - Setting next_dagrun for example_local_kubernetes_executor to None, run_after=None
[2025-02-14T14:40:34.535+0000] {processor.py:179} INFO - Processing /home/airflow/.local/lib/python3.8/site-packages/airflow/example_dags/example_local_kubernetes_executor.py took 0.228 seconds
[2025-02-14T14:41:05.608+0000] {processor.py:157} INFO - Started process (PID=1542) to work on /home/airflow/.local/lib/python3.8/site-packages/airflow/example_dags/example_local_kubernetes_executor.py
[2025-02-14T14:41:05.615+0000] {processor.py:829} INFO - Processing file /home/airflow/.local/lib/python3.8/site-packages/airflow/example_dags/example_local_kubernetes_executor.py for tasks to queue
[2025-02-14T14:41:05.620+0000] {logging_mixin.py:154} INFO - [2025-02-14T14:41:05.616+0000] {dagbag.py:536} INFO - Filling up the DagBag from /home/airflow/.local/lib/python3.8/site-packages/airflow/example_dags/example_local_kubernetes_executor.py
[2025-02-14T14:41:05.657+0000] {processor.py:839} INFO - DAG(s) dict_keys(['example_local_kubernetes_executor']) retrieved from /home/airflow/.local/lib/python3.8/site-packages/airflow/example_dags/example_local_kubernetes_executor.py
[2025-02-14T14:41:05.765+0000] {logging_mixin.py:154} INFO - [2025-02-14T14:41:05.764+0000] {dag.py:2941} INFO - Sync 1 DAGs
[2025-02-14T14:41:05.826+0000] {logging_mixin.py:154} INFO - [2025-02-14T14:41:05.826+0000] {dag.py:3722} INFO - Setting next_dagrun for example_local_kubernetes_executor to None, run_after=None
[2025-02-14T14:41:05.903+0000] {processor.py:179} INFO - Processing /home/airflow/.local/lib/python3.8/site-packages/airflow/example_dags/example_local_kubernetes_executor.py took 0.314 seconds
[2025-02-14T14:41:36.073+0000] {processor.py:157} INFO - Started process (PID=1779) to work on /home/airflow/.local/lib/python3.8/site-packages/airflow/example_dags/example_local_kubernetes_executor.py
[2025-02-14T14:41:36.076+0000] {processor.py:829} INFO - Processing file /home/airflow/.local/lib/python3.8/site-packages/airflow/example_dags/example_local_kubernetes_executor.py for tasks to queue
[2025-02-14T14:41:36.078+0000] {logging_mixin.py:154} INFO - [2025-02-14T14:41:36.078+0000] {dagbag.py:536} INFO - Filling up the DagBag from /home/airflow/.local/lib/python3.8/site-packages/airflow/example_dags/example_local_kubernetes_executor.py
[2025-02-14T14:41:36.103+0000] {processor.py:839} INFO - DAG(s) dict_keys(['example_local_kubernetes_executor']) retrieved from /home/airflow/.local/lib/python3.8/site-packages/airflow/example_dags/example_local_kubernetes_executor.py
[2025-02-14T14:41:36.252+0000] {logging_mixin.py:154} INFO - [2025-02-14T14:41:36.252+0000] {dag.py:2941} INFO - Sync 1 DAGs
[2025-02-14T14:41:36.293+0000] {logging_mixin.py:154} INFO - [2025-02-14T14:41:36.293+0000] {dag.py:3722} INFO - Setting next_dagrun for example_local_kubernetes_executor to None, run_after=None
[2025-02-14T14:41:36.351+0000] {processor.py:179} INFO - Processing /home/airflow/.local/lib/python3.8/site-packages/airflow/example_dags/example_local_kubernetes_executor.py took 0.288 seconds
[2025-02-14T14:42:06.963+0000] {processor.py:157} INFO - Started process (PID=2017) to work on /home/airflow/.local/lib/python3.8/site-packages/airflow/example_dags/example_local_kubernetes_executor.py
[2025-02-14T14:42:06.966+0000] {processor.py:829} INFO - Processing file /home/airflow/.local/lib/python3.8/site-packages/airflow/example_dags/example_local_kubernetes_executor.py for tasks to queue
[2025-02-14T14:42:06.968+0000] {logging_mixin.py:154} INFO - [2025-02-14T14:42:06.967+0000] {dagbag.py:536} INFO - Filling up the DagBag from /home/airflow/.local/lib/python3.8/site-packages/airflow/example_dags/example_local_kubernetes_executor.py
[2025-02-14T14:42:06.991+0000] {processor.py:839} INFO - DAG(s) dict_keys(['example_local_kubernetes_executor']) retrieved from /home/airflow/.local/lib/python3.8/site-packages/airflow/example_dags/example_local_kubernetes_executor.py
[2025-02-14T14:42:07.075+0000] {logging_mixin.py:154} INFO - [2025-02-14T14:42:07.074+0000] {dag.py:2941} INFO - Sync 1 DAGs
[2025-02-14T14:42:07.112+0000] {logging_mixin.py:154} INFO - [2025-02-14T14:42:07.111+0000] {dag.py:3722} INFO - Setting next_dagrun for example_local_kubernetes_executor to None, run_after=None
[2025-02-14T14:42:07.175+0000] {processor.py:179} INFO - Processing /home/airflow/.local/lib/python3.8/site-packages/airflow/example_dags/example_local_kubernetes_executor.py took 0.221 seconds
[2025-02-14T14:42:37.392+0000] {processor.py:157} INFO - Started process (PID=2255) to work on /home/airflow/.local/lib/python3.8/site-packages/airflow/example_dags/example_local_kubernetes_executor.py
[2025-02-14T14:42:37.394+0000] {processor.py:829} INFO - Processing file /home/airflow/.local/lib/python3.8/site-packages/airflow/example_dags/example_local_kubernetes_executor.py for tasks to queue
[2025-02-14T14:42:37.396+0000] {logging_mixin.py:154} INFO - [2025-02-14T14:42:37.395+0000] {dagbag.py:536} INFO - Filling up the DagBag from /home/airflow/.local/lib/python3.8/site-packages/airflow/example_dags/example_local_kubernetes_executor.py
[2025-02-14T14:42:37.432+0000] {processor.py:839} INFO - DAG(s) dict_keys(['example_local_kubernetes_executor']) retrieved from /home/airflow/.local/lib/python3.8/site-packages/airflow/example_dags/example_local_kubernetes_executor.py
[2025-02-14T14:42:37.514+0000] {logging_mixin.py:154} INFO - [2025-02-14T14:42:37.513+0000] {dag.py:2941} INFO - Sync 1 DAGs
[2025-02-14T14:42:37.553+0000] {logging_mixin.py:154} INFO - [2025-02-14T14:42:37.553+0000] {dag.py:3722} INFO - Setting next_dagrun for example_local_kubernetes_executor to None, run_after=None
[2025-02-14T14:42:37.609+0000] {processor.py:179} INFO - Processing /home/airflow/.local/lib/python3.8/site-packages/airflow/example_dags/example_local_kubernetes_executor.py took 0.229 seconds
[2025-02-14T14:43:08.516+0000] {processor.py:157} INFO - Started process (PID=2493) to work on /home/airflow/.local/lib/python3.8/site-packages/airflow/example_dags/example_local_kubernetes_executor.py
[2025-02-14T14:43:08.519+0000] {processor.py:829} INFO - Processing file /home/airflow/.local/lib/python3.8/site-packages/airflow/example_dags/example_local_kubernetes_executor.py for tasks to queue
[2025-02-14T14:43:08.522+0000] {logging_mixin.py:154} INFO - [2025-02-14T14:43:08.521+0000] {dagbag.py:536} INFO - Filling up the DagBag from /home/airflow/.local/lib/python3.8/site-packages/airflow/example_dags/example_local_kubernetes_executor.py
[2025-02-14T14:43:08.546+0000] {processor.py:839} INFO - DAG(s) dict_keys(['example_local_kubernetes_executor']) retrieved from /home/airflow/.local/lib/python3.8/site-packages/airflow/example_dags/example_local_kubernetes_executor.py
[2025-02-14T14:43:08.618+0000] {logging_mixin.py:154} INFO - [2025-02-14T14:43:08.618+0000] {dag.py:2941} INFO - Sync 1 DAGs
[2025-02-14T14:43:08.631+0000] {logging_mixin.py:154} INFO - [2025-02-14T14:43:08.631+0000] {dag.py:3722} INFO - Setting next_dagrun for example_local_kubernetes_executor to None, run_after=None
[2025-02-14T14:43:08.654+0000] {processor.py:179} INFO - Processing /home/airflow/.local/lib/python3.8/site-packages/airflow/example_dags/example_local_kubernetes_executor.py took 0.151 seconds
[2025-02-14T14:43:38.985+0000] {processor.py:157} INFO - Started process (PID=2731) to work on /home/airflow/.local/lib/python3.8/site-packages/airflow/example_dags/example_local_kubernetes_executor.py
[2025-02-14T14:43:38.987+0000] {processor.py:829} INFO - Processing file /home/airflow/.local/lib/python3.8/site-packages/airflow/example_dags/example_local_kubernetes_executor.py for tasks to queue
[2025-02-14T14:43:38.989+0000] {logging_mixin.py:154} INFO - [2025-02-14T14:43:38.988+0000] {dagbag.py:536} INFO - Filling up the DagBag from /home/airflow/.local/lib/python3.8/site-packages/airflow/example_dags/example_local_kubernetes_executor.py
[2025-02-14T14:43:39.011+0000] {processor.py:839} INFO - DAG(s) dict_keys(['example_local_kubernetes_executor']) retrieved from /home/airflow/.local/lib/python3.8/site-packages/airflow/example_dags/example_local_kubernetes_executor.py
[2025-02-14T14:43:39.118+0000] {logging_mixin.py:154} INFO - [2025-02-14T14:43:39.117+0000] {dag.py:2941} INFO - Sync 1 DAGs
[2025-02-14T14:43:39.155+0000] {logging_mixin.py:154} INFO - [2025-02-14T14:43:39.154+0000] {dag.py:3722} INFO - Setting next_dagrun for example_local_kubernetes_executor to None, run_after=None
[2025-02-14T14:43:39.210+0000] {processor.py:179} INFO - Processing /home/airflow/.local/lib/python3.8/site-packages/airflow/example_dags/example_local_kubernetes_executor.py took 0.237 seconds
[2025-02-14T14:44:09.930+0000] {processor.py:157} INFO - Started process (PID=2968) to work on /home/airflow/.local/lib/python3.8/site-packages/airflow/example_dags/example_local_kubernetes_executor.py
[2025-02-14T14:44:09.933+0000] {processor.py:829} INFO - Processing file /home/airflow/.local/lib/python3.8/site-packages/airflow/example_dags/example_local_kubernetes_executor.py for tasks to queue
[2025-02-14T14:44:09.935+0000] {logging_mixin.py:154} INFO - [2025-02-14T14:44:09.934+0000] {dagbag.py:536} INFO - Filling up the DagBag from /home/airflow/.local/lib/python3.8/site-packages/airflow/example_dags/example_local_kubernetes_executor.py
[2025-02-14T14:44:09.968+0000] {processor.py:839} INFO - DAG(s) dict_keys(['example_local_kubernetes_executor']) retrieved from /home/airflow/.local/lib/python3.8/site-packages/airflow/example_dags/example_local_kubernetes_executor.py
[2025-02-14T14:44:10.069+0000] {logging_mixin.py:154} INFO - [2025-02-14T14:44:10.068+0000] {dag.py:2941} INFO - Sync 1 DAGs
[2025-02-14T14:44:10.113+0000] {logging_mixin.py:154} INFO - [2025-02-14T14:44:10.113+0000] {dag.py:3722} INFO - Setting next_dagrun for example_local_kubernetes_executor to None, run_after=None
[2025-02-14T14:44:10.168+0000] {processor.py:179} INFO - Processing /home/airflow/.local/lib/python3.8/site-packages/airflow/example_dags/example_local_kubernetes_executor.py took 0.253 seconds
[2025-02-14T14:44:40.486+0000] {processor.py:157} INFO - Started process (PID=3223) to work on /home/airflow/.local/lib/python3.8/site-packages/airflow/example_dags/example_local_kubernetes_executor.py
[2025-02-14T14:44:40.488+0000] {processor.py:829} INFO - Processing file /home/airflow/.local/lib/python3.8/site-packages/airflow/example_dags/example_local_kubernetes_executor.py for tasks to queue
[2025-02-14T14:44:40.490+0000] {logging_mixin.py:154} INFO - [2025-02-14T14:44:40.490+0000] {dagbag.py:536} INFO - Filling up the DagBag from /home/airflow/.local/lib/python3.8/site-packages/airflow/example_dags/example_local_kubernetes_executor.py
[2025-02-14T14:44:40.512+0000] {processor.py:839} INFO - DAG(s) dict_keys(['example_local_kubernetes_executor']) retrieved from /home/airflow/.local/lib/python3.8/site-packages/airflow/example_dags/example_local_kubernetes_executor.py
[2025-02-14T14:44:40.609+0000] {logging_mixin.py:154} INFO - [2025-02-14T14:44:40.608+0000] {dag.py:2941} INFO - Sync 1 DAGs
[2025-02-14T14:44:40.650+0000] {logging_mixin.py:154} INFO - [2025-02-14T14:44:40.649+0000] {dag.py:3722} INFO - Setting next_dagrun for example_local_kubernetes_executor to None, run_after=None
[2025-02-14T14:44:40.704+0000] {processor.py:179} INFO - Processing /home/airflow/.local/lib/python3.8/site-packages/airflow/example_dags/example_local_kubernetes_executor.py took 0.231 seconds
[2025-02-14T14:45:11.144+0000] {processor.py:157} INFO - Started process (PID=3477) to work on /home/airflow/.local/lib/python3.8/site-packages/airflow/example_dags/example_local_kubernetes_executor.py
[2025-02-14T14:45:11.147+0000] {processor.py:829} INFO - Processing file /home/airflow/.local/lib/python3.8/site-packages/airflow/example_dags/example_local_kubernetes_executor.py for tasks to queue
[2025-02-14T14:45:11.149+0000] {logging_mixin.py:154} INFO - [2025-02-14T14:45:11.149+0000] {dagbag.py:536} INFO - Filling up the DagBag from /home/airflow/.local/lib/python3.8/site-packages/airflow/example_dags/example_local_kubernetes_executor.py
[2025-02-14T14:45:11.182+0000] {processor.py:839} INFO - DAG(s) dict_keys(['example_local_kubernetes_executor']) retrieved from /home/airflow/.local/lib/python3.8/site-packages/airflow/example_dags/example_local_kubernetes_executor.py
[2025-02-14T14:45:11.277+0000] {logging_mixin.py:154} INFO - [2025-02-14T14:45:11.277+0000] {dag.py:2941} INFO - Sync 1 DAGs
[2025-02-14T14:45:11.317+0000] {logging_mixin.py:154} INFO - [2025-02-14T14:45:11.317+0000] {dag.py:3722} INFO - Setting next_dagrun for example_local_kubernetes_executor to None, run_after=None
[2025-02-14T14:45:11.359+0000] {processor.py:179} INFO - Processing /home/airflow/.local/lib/python3.8/site-packages/airflow/example_dags/example_local_kubernetes_executor.py took 0.225 seconds
[2025-02-14T14:45:42.375+0000] {processor.py:157} INFO - Started process (PID=3715) to work on /home/airflow/.local/lib/python3.8/site-packages/airflow/example_dags/example_local_kubernetes_executor.py
[2025-02-14T14:45:42.377+0000] {processor.py:829} INFO - Processing file /home/airflow/.local/lib/python3.8/site-packages/airflow/example_dags/example_local_kubernetes_executor.py for tasks to queue
[2025-02-14T14:45:42.379+0000] {logging_mixin.py:154} INFO - [2025-02-14T14:45:42.378+0000] {dagbag.py:536} INFO - Filling up the DagBag from /home/airflow/.local/lib/python3.8/site-packages/airflow/example_dags/example_local_kubernetes_executor.py
[2025-02-14T14:45:42.401+0000] {processor.py:839} INFO - DAG(s) dict_keys(['example_local_kubernetes_executor']) retrieved from /home/airflow/.local/lib/python3.8/site-packages/airflow/example_dags/example_local_kubernetes_executor.py
[2025-02-14T14:45:42.496+0000] {logging_mixin.py:154} INFO - [2025-02-14T14:45:42.495+0000] {dag.py:2941} INFO - Sync 1 DAGs
[2025-02-14T14:45:42.535+0000] {logging_mixin.py:154} INFO - [2025-02-14T14:45:42.535+0000] {dag.py:3722} INFO - Setting next_dagrun for example_local_kubernetes_executor to None, run_after=None
[2025-02-14T14:45:42.595+0000] {processor.py:179} INFO - Processing /home/airflow/.local/lib/python3.8/site-packages/airflow/example_dags/example_local_kubernetes_executor.py took 0.229 seconds
[2025-02-14T14:46:12.734+0000] {processor.py:157} INFO - Started process (PID=3953) to work on /home/airflow/.local/lib/python3.8/site-packages/airflow/example_dags/example_local_kubernetes_executor.py
[2025-02-14T14:46:12.737+0000] {processor.py:829} INFO - Processing file /home/airflow/.local/lib/python3.8/site-packages/airflow/example_dags/example_local_kubernetes_executor.py for tasks to queue
[2025-02-14T14:46:12.740+0000] {logging_mixin.py:154} INFO - [2025-02-14T14:46:12.739+0000] {dagbag.py:536} INFO - Filling up the DagBag from /home/airflow/.local/lib/python3.8/site-packages/airflow/example_dags/example_local_kubernetes_executor.py
[2025-02-14T14:46:12.763+0000] {processor.py:839} INFO - DAG(s) dict_keys(['example_local_kubernetes_executor']) retrieved from /home/airflow/.local/lib/python3.8/site-packages/airflow/example_dags/example_local_kubernetes_executor.py
[2025-02-14T14:46:12.858+0000] {logging_mixin.py:154} INFO - [2025-02-14T14:46:12.857+0000] {dag.py:2941} INFO - Sync 1 DAGs
[2025-02-14T14:46:12.891+0000] {logging_mixin.py:154} INFO - [2025-02-14T14:46:12.890+0000] {dag.py:3722} INFO - Setting next_dagrun for example_local_kubernetes_executor to None, run_after=None
[2025-02-14T14:46:12.938+0000] {processor.py:179} INFO - Processing /home/airflow/.local/lib/python3.8/site-packages/airflow/example_dags/example_local_kubernetes_executor.py took 0.214 seconds
[2025-02-14T14:46:44.232+0000] {processor.py:157} INFO - Started process (PID=4190) to work on /home/airflow/.local/lib/python3.8/site-packages/airflow/example_dags/example_local_kubernetes_executor.py
[2025-02-14T14:46:44.234+0000] {processor.py:829} INFO - Processing file /home/airflow/.local/lib/python3.8/site-packages/airflow/example_dags/example_local_kubernetes_executor.py for tasks to queue
[2025-02-14T14:46:44.236+0000] {logging_mixin.py:154} INFO - [2025-02-14T14:46:44.235+0000] {dagbag.py:536} INFO - Filling up the DagBag from /home/airflow/.local/lib/python3.8/site-packages/airflow/example_dags/example_local_kubernetes_executor.py
[2025-02-14T14:46:44.259+0000] {processor.py:839} INFO - DAG(s) dict_keys(['example_local_kubernetes_executor']) retrieved from /home/airflow/.local/lib/python3.8/site-packages/airflow/example_dags/example_local_kubernetes_executor.py
[2025-02-14T14:46:44.371+0000] {logging_mixin.py:154} INFO - [2025-02-14T14:46:44.370+0000] {dag.py:2941} INFO - Sync 1 DAGs
[2025-02-14T14:46:44.414+0000] {logging_mixin.py:154} INFO - [2025-02-14T14:46:44.413+0000] {dag.py:3722} INFO - Setting next_dagrun for example_local_kubernetes_executor to None, run_after=None
[2025-02-14T14:46:44.459+0000] {processor.py:179} INFO - Processing /home/airflow/.local/lib/python3.8/site-packages/airflow/example_dags/example_local_kubernetes_executor.py took 0.237 seconds
[2025-02-14T14:47:15.641+0000] {processor.py:157} INFO - Started process (PID=4428) to work on /home/airflow/.local/lib/python3.8/site-packages/airflow/example_dags/example_local_kubernetes_executor.py
[2025-02-14T14:47:15.644+0000] {processor.py:829} INFO - Processing file /home/airflow/.local/lib/python3.8/site-packages/airflow/example_dags/example_local_kubernetes_executor.py for tasks to queue
[2025-02-14T14:47:15.646+0000] {logging_mixin.py:154} INFO - [2025-02-14T14:47:15.645+0000] {dagbag.py:536} INFO - Filling up the DagBag from /home/airflow/.local/lib/python3.8/site-packages/airflow/example_dags/example_local_kubernetes_executor.py
[2025-02-14T14:47:15.674+0000] {processor.py:839} INFO - DAG(s) dict_keys(['example_local_kubernetes_executor']) retrieved from /home/airflow/.local/lib/python3.8/site-packages/airflow/example_dags/example_local_kubernetes_executor.py
[2025-02-14T14:47:15.793+0000] {logging_mixin.py:154} INFO - [2025-02-14T14:47:15.793+0000] {dag.py:2941} INFO - Sync 1 DAGs
[2025-02-14T14:47:15.833+0000] {logging_mixin.py:154} INFO - [2025-02-14T14:47:15.833+0000] {dag.py:3722} INFO - Setting next_dagrun for example_local_kubernetes_executor to None, run_after=None
[2025-02-14T14:47:15.903+0000] {processor.py:179} INFO - Processing /home/airflow/.local/lib/python3.8/site-packages/airflow/example_dags/example_local_kubernetes_executor.py took 0.273 seconds
[2025-02-14T14:47:47.804+0000] {processor.py:157} INFO - Started process (PID=4671) to work on /home/airflow/.local/lib/python3.8/site-packages/airflow/example_dags/example_local_kubernetes_executor.py
[2025-02-14T14:47:47.808+0000] {processor.py:829} INFO - Processing file /home/airflow/.local/lib/python3.8/site-packages/airflow/example_dags/example_local_kubernetes_executor.py for tasks to queue
[2025-02-14T14:47:47.810+0000] {logging_mixin.py:154} INFO - [2025-02-14T14:47:47.809+0000] {dagbag.py:536} INFO - Filling up the DagBag from /home/airflow/.local/lib/python3.8/site-packages/airflow/example_dags/example_local_kubernetes_executor.py
[2025-02-14T14:47:47.840+0000] {processor.py:839} INFO - DAG(s) dict_keys(['example_local_kubernetes_executor']) retrieved from /home/airflow/.local/lib/python3.8/site-packages/airflow/example_dags/example_local_kubernetes_executor.py
[2025-02-14T14:47:47.949+0000] {logging_mixin.py:154} INFO - [2025-02-14T14:47:47.948+0000] {dag.py:2941} INFO - Sync 1 DAGs
[2025-02-14T14:47:47.986+0000] {logging_mixin.py:154} INFO - [2025-02-14T14:47:47.986+0000] {dag.py:3722} INFO - Setting next_dagrun for example_local_kubernetes_executor to None, run_after=None
[2025-02-14T14:47:48.038+0000] {processor.py:179} INFO - Processing /home/airflow/.local/lib/python3.8/site-packages/airflow/example_dags/example_local_kubernetes_executor.py took 0.251 seconds
[2025-02-14T14:48:18.737+0000] {processor.py:157} INFO - Started process (PID=4916) to work on /home/airflow/.local/lib/python3.8/site-packages/airflow/example_dags/example_local_kubernetes_executor.py
[2025-02-14T14:48:18.739+0000] {processor.py:829} INFO - Processing file /home/airflow/.local/lib/python3.8/site-packages/airflow/example_dags/example_local_kubernetes_executor.py for tasks to queue
[2025-02-14T14:48:18.741+0000] {logging_mixin.py:154} INFO - [2025-02-14T14:48:18.740+0000] {dagbag.py:536} INFO - Filling up the DagBag from /home/airflow/.local/lib/python3.8/site-packages/airflow/example_dags/example_local_kubernetes_executor.py
[2025-02-14T14:48:18.761+0000] {processor.py:839} INFO - DAG(s) dict_keys(['example_local_kubernetes_executor']) retrieved from /home/airflow/.local/lib/python3.8/site-packages/airflow/example_dags/example_local_kubernetes_executor.py
[2025-02-14T14:48:18.848+0000] {logging_mixin.py:154} INFO - [2025-02-14T14:48:18.847+0000] {dag.py:2941} INFO - Sync 1 DAGs
[2025-02-14T14:48:18.887+0000] {logging_mixin.py:154} INFO - [2025-02-14T14:48:18.887+0000] {dag.py:3722} INFO - Setting next_dagrun for example_local_kubernetes_executor to None, run_after=None
[2025-02-14T14:48:18.946+0000] {processor.py:179} INFO - Processing /home/airflow/.local/lib/python3.8/site-packages/airflow/example_dags/example_local_kubernetes_executor.py took 0.218 seconds
[2025-02-14T14:48:49.099+0000] {processor.py:157} INFO - Started process (PID=5149) to work on /home/airflow/.local/lib/python3.8/site-packages/airflow/example_dags/example_local_kubernetes_executor.py
[2025-02-14T14:48:49.102+0000] {processor.py:829} INFO - Processing file /home/airflow/.local/lib/python3.8/site-packages/airflow/example_dags/example_local_kubernetes_executor.py for tasks to queue
[2025-02-14T14:48:49.104+0000] {logging_mixin.py:154} INFO - [2025-02-14T14:48:49.103+0000] {dagbag.py:536} INFO - Filling up the DagBag from /home/airflow/.local/lib/python3.8/site-packages/airflow/example_dags/example_local_kubernetes_executor.py
[2025-02-14T14:48:49.128+0000] {processor.py:839} INFO - DAG(s) dict_keys(['example_local_kubernetes_executor']) retrieved from /home/airflow/.local/lib/python3.8/site-packages/airflow/example_dags/example_local_kubernetes_executor.py
[2025-02-14T14:48:49.211+0000] {logging_mixin.py:154} INFO - [2025-02-14T14:48:49.209+0000] {dag.py:2941} INFO - Sync 1 DAGs
[2025-02-14T14:48:49.255+0000] {logging_mixin.py:154} INFO - [2025-02-14T14:48:49.254+0000] {dag.py:3722} INFO - Setting next_dagrun for example_local_kubernetes_executor to None, run_after=None
[2025-02-14T14:48:49.315+0000] {processor.py:179} INFO - Processing /home/airflow/.local/lib/python3.8/site-packages/airflow/example_dags/example_local_kubernetes_executor.py took 0.227 seconds
[2025-02-14T14:49:20.059+0000] {processor.py:157} INFO - Started process (PID=5391) to work on /home/airflow/.local/lib/python3.8/site-packages/airflow/example_dags/example_local_kubernetes_executor.py
[2025-02-14T14:49:20.061+0000] {processor.py:829} INFO - Processing file /home/airflow/.local/lib/python3.8/site-packages/airflow/example_dags/example_local_kubernetes_executor.py for tasks to queue
[2025-02-14T14:49:20.064+0000] {logging_mixin.py:154} INFO - [2025-02-14T14:49:20.063+0000] {dagbag.py:536} INFO - Filling up the DagBag from /home/airflow/.local/lib/python3.8/site-packages/airflow/example_dags/example_local_kubernetes_executor.py
[2025-02-14T14:49:20.086+0000] {processor.py:839} INFO - DAG(s) dict_keys(['example_local_kubernetes_executor']) retrieved from /home/airflow/.local/lib/python3.8/site-packages/airflow/example_dags/example_local_kubernetes_executor.py
[2025-02-14T14:49:20.198+0000] {logging_mixin.py:154} INFO - [2025-02-14T14:49:20.198+0000] {dag.py:2941} INFO - Sync 1 DAGs
[2025-02-14T14:49:20.245+0000] {logging_mixin.py:154} INFO - [2025-02-14T14:49:20.244+0000] {dag.py:3722} INFO - Setting next_dagrun for example_local_kubernetes_executor to None, run_after=None
[2025-02-14T14:49:20.325+0000] {processor.py:179} INFO - Processing /home/airflow/.local/lib/python3.8/site-packages/airflow/example_dags/example_local_kubernetes_executor.py took 0.277 seconds
[2025-02-14T14:49:50.438+0000] {processor.py:157} INFO - Started process (PID=5624) to work on /home/airflow/.local/lib/python3.8/site-packages/airflow/example_dags/example_local_kubernetes_executor.py
[2025-02-14T14:49:50.443+0000] {processor.py:829} INFO - Processing file /home/airflow/.local/lib/python3.8/site-packages/airflow/example_dags/example_local_kubernetes_executor.py for tasks to queue
[2025-02-14T14:49:50.446+0000] {logging_mixin.py:154} INFO - [2025-02-14T14:49:50.445+0000] {dagbag.py:536} INFO - Filling up the DagBag from /home/airflow/.local/lib/python3.8/site-packages/airflow/example_dags/example_local_kubernetes_executor.py
[2025-02-14T14:49:50.468+0000] {processor.py:839} INFO - DAG(s) dict_keys(['example_local_kubernetes_executor']) retrieved from /home/airflow/.local/lib/python3.8/site-packages/airflow/example_dags/example_local_kubernetes_executor.py
[2025-02-14T14:49:50.542+0000] {logging_mixin.py:154} INFO - [2025-02-14T14:49:50.542+0000] {dag.py:2941} INFO - Sync 1 DAGs
[2025-02-14T14:49:50.578+0000] {logging_mixin.py:154} INFO - [2025-02-14T14:49:50.578+0000] {dag.py:3722} INFO - Setting next_dagrun for example_local_kubernetes_executor to None, run_after=None
[2025-02-14T14:49:50.635+0000] {processor.py:179} INFO - Processing /home/airflow/.local/lib/python3.8/site-packages/airflow/example_dags/example_local_kubernetes_executor.py took 0.206 seconds
[2025-02-14T14:50:21.070+0000] {processor.py:157} INFO - Started process (PID=5866) to work on /home/airflow/.local/lib/python3.8/site-packages/airflow/example_dags/example_local_kubernetes_executor.py
[2025-02-14T14:50:21.072+0000] {processor.py:829} INFO - Processing file /home/airflow/.local/lib/python3.8/site-packages/airflow/example_dags/example_local_kubernetes_executor.py for tasks to queue
[2025-02-14T14:50:21.075+0000] {logging_mixin.py:154} INFO - [2025-02-14T14:50:21.074+0000] {dagbag.py:536} INFO - Filling up the DagBag from /home/airflow/.local/lib/python3.8/site-packages/airflow/example_dags/example_local_kubernetes_executor.py
[2025-02-14T14:50:21.107+0000] {processor.py:839} INFO - DAG(s) dict_keys(['example_local_kubernetes_executor']) retrieved from /home/airflow/.local/lib/python3.8/site-packages/airflow/example_dags/example_local_kubernetes_executor.py
[2025-02-14T14:50:21.278+0000] {logging_mixin.py:154} INFO - [2025-02-14T14:50:21.277+0000] {dag.py:2941} INFO - Sync 1 DAGs
[2025-02-14T14:50:21.336+0000] {logging_mixin.py:154} INFO - [2025-02-14T14:50:21.335+0000] {dag.py:3722} INFO - Setting next_dagrun for example_local_kubernetes_executor to None, run_after=None
[2025-02-14T14:50:21.410+0000] {processor.py:179} INFO - Processing /home/airflow/.local/lib/python3.8/site-packages/airflow/example_dags/example_local_kubernetes_executor.py took 0.356 seconds
[2025-02-14T14:50:52.314+0000] {processor.py:157} INFO - Started process (PID=6107) to work on /home/airflow/.local/lib/python3.8/site-packages/airflow/example_dags/example_local_kubernetes_executor.py
[2025-02-14T14:50:52.320+0000] {processor.py:829} INFO - Processing file /home/airflow/.local/lib/python3.8/site-packages/airflow/example_dags/example_local_kubernetes_executor.py for tasks to queue
[2025-02-14T14:50:52.325+0000] {logging_mixin.py:154} INFO - [2025-02-14T14:50:52.324+0000] {dagbag.py:536} INFO - Filling up the DagBag from /home/airflow/.local/lib/python3.8/site-packages/airflow/example_dags/example_local_kubernetes_executor.py
[2025-02-14T14:50:52.378+0000] {processor.py:839} INFO - DAG(s) dict_keys(['example_local_kubernetes_executor']) retrieved from /home/airflow/.local/lib/python3.8/site-packages/airflow/example_dags/example_local_kubernetes_executor.py
[2025-02-14T14:50:52.497+0000] {logging_mixin.py:154} INFO - [2025-02-14T14:50:52.496+0000] {dag.py:2941} INFO - Sync 1 DAGs
[2025-02-14T14:50:52.541+0000] {logging_mixin.py:154} INFO - [2025-02-14T14:50:52.540+0000] {dag.py:3722} INFO - Setting next_dagrun for example_local_kubernetes_executor to None, run_after=None
[2025-02-14T14:50:52.597+0000] {processor.py:179} INFO - Processing /home/airflow/.local/lib/python3.8/site-packages/airflow/example_dags/example_local_kubernetes_executor.py took 0.304 seconds
[2025-02-14T14:51:22.891+0000] {processor.py:157} INFO - Started process (PID=6345) to work on /home/airflow/.local/lib/python3.8/site-packages/airflow/example_dags/example_local_kubernetes_executor.py
[2025-02-14T14:51:22.893+0000] {processor.py:829} INFO - Processing file /home/airflow/.local/lib/python3.8/site-packages/airflow/example_dags/example_local_kubernetes_executor.py for tasks to queue
[2025-02-14T14:51:22.895+0000] {logging_mixin.py:154} INFO - [2025-02-14T14:51:22.895+0000] {dagbag.py:536} INFO - Filling up the DagBag from /home/airflow/.local/lib/python3.8/site-packages/airflow/example_dags/example_local_kubernetes_executor.py
[2025-02-14T14:51:22.920+0000] {processor.py:839} INFO - DAG(s) dict_keys(['example_local_kubernetes_executor']) retrieved from /home/airflow/.local/lib/python3.8/site-packages/airflow/example_dags/example_local_kubernetes_executor.py
[2025-02-14T14:51:23.020+0000] {logging_mixin.py:154} INFO - [2025-02-14T14:51:23.020+0000] {dag.py:2941} INFO - Sync 1 DAGs
[2025-02-14T14:51:23.066+0000] {logging_mixin.py:154} INFO - [2025-02-14T14:51:23.066+0000] {dag.py:3722} INFO - Setting next_dagrun for example_local_kubernetes_executor to None, run_after=None
[2025-02-14T14:51:23.106+0000] {processor.py:179} INFO - Processing /home/airflow/.local/lib/python3.8/site-packages/airflow/example_dags/example_local_kubernetes_executor.py took 0.232 seconds
[2025-02-14T14:51:53.961+0000] {processor.py:157} INFO - Started process (PID=6585) to work on /home/airflow/.local/lib/python3.8/site-packages/airflow/example_dags/example_local_kubernetes_executor.py
[2025-02-14T14:51:53.967+0000] {processor.py:829} INFO - Processing file /home/airflow/.local/lib/python3.8/site-packages/airflow/example_dags/example_local_kubernetes_executor.py for tasks to queue
[2025-02-14T14:51:53.971+0000] {logging_mixin.py:154} INFO - [2025-02-14T14:51:53.970+0000] {dagbag.py:536} INFO - Filling up the DagBag from /home/airflow/.local/lib/python3.8/site-packages/airflow/example_dags/example_local_kubernetes_executor.py
[2025-02-14T14:51:54.006+0000] {processor.py:839} INFO - DAG(s) dict_keys(['example_local_kubernetes_executor']) retrieved from /home/airflow/.local/lib/python3.8/site-packages/airflow/example_dags/example_local_kubernetes_executor.py
[2025-02-14T14:51:54.134+0000] {logging_mixin.py:154} INFO - [2025-02-14T14:51:54.133+0000] {dag.py:2941} INFO - Sync 1 DAGs
[2025-02-14T14:51:54.177+0000] {logging_mixin.py:154} INFO - [2025-02-14T14:51:54.177+0000] {dag.py:3722} INFO - Setting next_dagrun for example_local_kubernetes_executor to None, run_after=None
[2025-02-14T14:51:54.251+0000] {processor.py:179} INFO - Processing /home/airflow/.local/lib/python3.8/site-packages/airflow/example_dags/example_local_kubernetes_executor.py took 0.303 seconds
[2025-02-14T14:52:25.491+0000] {processor.py:157} INFO - Started process (PID=6823) to work on /home/airflow/.local/lib/python3.8/site-packages/airflow/example_dags/example_local_kubernetes_executor.py
[2025-02-14T14:52:25.495+0000] {processor.py:829} INFO - Processing file /home/airflow/.local/lib/python3.8/site-packages/airflow/example_dags/example_local_kubernetes_executor.py for tasks to queue
[2025-02-14T14:52:25.498+0000] {logging_mixin.py:154} INFO - [2025-02-14T14:52:25.497+0000] {dagbag.py:536} INFO - Filling up the DagBag from /home/airflow/.local/lib/python3.8/site-packages/airflow/example_dags/example_local_kubernetes_executor.py
[2025-02-14T14:52:25.527+0000] {processor.py:839} INFO - DAG(s) dict_keys(['example_local_kubernetes_executor']) retrieved from /home/airflow/.local/lib/python3.8/site-packages/airflow/example_dags/example_local_kubernetes_executor.py
[2025-02-14T14:52:25.675+0000] {logging_mixin.py:154} INFO - [2025-02-14T14:52:25.674+0000] {dag.py:2941} INFO - Sync 1 DAGs
[2025-02-14T14:52:25.754+0000] {logging_mixin.py:154} INFO - [2025-02-14T14:52:25.750+0000] {dag.py:3722} INFO - Setting next_dagrun for example_local_kubernetes_executor to None, run_after=None
[2025-02-14T14:52:25.880+0000] {processor.py:179} INFO - Processing /home/airflow/.local/lib/python3.8/site-packages/airflow/example_dags/example_local_kubernetes_executor.py took 0.408 seconds
[2025-02-14T14:52:56.222+0000] {processor.py:157} INFO - Started process (PID=7059) to work on /home/airflow/.local/lib/python3.8/site-packages/airflow/example_dags/example_local_kubernetes_executor.py
[2025-02-14T14:52:56.227+0000] {processor.py:829} INFO - Processing file /home/airflow/.local/lib/python3.8/site-packages/airflow/example_dags/example_local_kubernetes_executor.py for tasks to queue
[2025-02-14T14:52:56.236+0000] {logging_mixin.py:154} INFO - [2025-02-14T14:52:56.234+0000] {dagbag.py:536} INFO - Filling up the DagBag from /home/airflow/.local/lib/python3.8/site-packages/airflow/example_dags/example_local_kubernetes_executor.py
[2025-02-14T14:52:56.280+0000] {processor.py:839} INFO - DAG(s) dict_keys(['example_local_kubernetes_executor']) retrieved from /home/airflow/.local/lib/python3.8/site-packages/airflow/example_dags/example_local_kubernetes_executor.py
[2025-02-14T14:52:56.413+0000] {logging_mixin.py:154} INFO - [2025-02-14T14:52:56.412+0000] {dag.py:2941} INFO - Sync 1 DAGs
[2025-02-14T14:52:56.464+0000] {logging_mixin.py:154} INFO - [2025-02-14T14:52:56.464+0000] {dag.py:3722} INFO - Setting next_dagrun for example_local_kubernetes_executor to None, run_after=None
[2025-02-14T14:52:56.515+0000] {processor.py:179} INFO - Processing /home/airflow/.local/lib/python3.8/site-packages/airflow/example_dags/example_local_kubernetes_executor.py took 0.317 seconds
[2025-02-14T14:53:26.794+0000] {processor.py:157} INFO - Started process (PID=7296) to work on /home/airflow/.local/lib/python3.8/site-packages/airflow/example_dags/example_local_kubernetes_executor.py
[2025-02-14T14:53:26.797+0000] {processor.py:829} INFO - Processing file /home/airflow/.local/lib/python3.8/site-packages/airflow/example_dags/example_local_kubernetes_executor.py for tasks to queue
[2025-02-14T14:53:26.799+0000] {logging_mixin.py:154} INFO - [2025-02-14T14:53:26.798+0000] {dagbag.py:536} INFO - Filling up the DagBag from /home/airflow/.local/lib/python3.8/site-packages/airflow/example_dags/example_local_kubernetes_executor.py
[2025-02-14T14:53:26.829+0000] {processor.py:839} INFO - DAG(s) dict_keys(['example_local_kubernetes_executor']) retrieved from /home/airflow/.local/lib/python3.8/site-packages/airflow/example_dags/example_local_kubernetes_executor.py
[2025-02-14T14:53:26.923+0000] {logging_mixin.py:154} INFO - [2025-02-14T14:53:26.922+0000] {dag.py:2941} INFO - Sync 1 DAGs
[2025-02-14T14:53:26.968+0000] {logging_mixin.py:154} INFO - [2025-02-14T14:53:26.968+0000] {dag.py:3722} INFO - Setting next_dagrun for example_local_kubernetes_executor to None, run_after=None
[2025-02-14T14:53:27.015+0000] {processor.py:179} INFO - Processing /home/airflow/.local/lib/python3.8/site-packages/airflow/example_dags/example_local_kubernetes_executor.py took 0.235 seconds
[2025-02-14T14:53:57.327+0000] {processor.py:157} INFO - Started process (PID=7534) to work on /home/airflow/.local/lib/python3.8/site-packages/airflow/example_dags/example_local_kubernetes_executor.py
[2025-02-14T14:53:57.330+0000] {processor.py:829} INFO - Processing file /home/airflow/.local/lib/python3.8/site-packages/airflow/example_dags/example_local_kubernetes_executor.py for tasks to queue
[2025-02-14T14:53:57.331+0000] {logging_mixin.py:154} INFO - [2025-02-14T14:53:57.331+0000] {dagbag.py:536} INFO - Filling up the DagBag from /home/airflow/.local/lib/python3.8/site-packages/airflow/example_dags/example_local_kubernetes_executor.py
[2025-02-14T14:53:57.360+0000] {processor.py:839} INFO - DAG(s) dict_keys(['example_local_kubernetes_executor']) retrieved from /home/airflow/.local/lib/python3.8/site-packages/airflow/example_dags/example_local_kubernetes_executor.py
[2025-02-14T14:53:57.481+0000] {logging_mixin.py:154} INFO - [2025-02-14T14:53:57.481+0000] {dag.py:2941} INFO - Sync 1 DAGs
[2025-02-14T14:53:57.521+0000] {logging_mixin.py:154} INFO - [2025-02-14T14:53:57.521+0000] {dag.py:3722} INFO - Setting next_dagrun for example_local_kubernetes_executor to None, run_after=None
[2025-02-14T14:53:57.573+0000] {processor.py:179} INFO - Processing /home/airflow/.local/lib/python3.8/site-packages/airflow/example_dags/example_local_kubernetes_executor.py took 0.257 seconds
