[2025-02-14T14:38:32.043+0000] {processor.py:157} INFO - Started process (PID=372) to work on /home/airflow/.local/lib/python3.8/site-packages/airflow/example_dags/tutorial_dag.py
[2025-02-14T14:38:32.045+0000] {processor.py:829} INFO - Processing file /home/airflow/.local/lib/python3.8/site-packages/airflow/example_dags/tutorial_dag.py for tasks to queue
[2025-02-14T14:38:32.047+0000] {logging_mixin.py:154} INFO - [2025-02-14T14:38:32.047+0000] {dagbag.py:536} INFO - Filling up the DagBag from /home/airflow/.local/lib/python3.8/site-packages/airflow/example_dags/tutorial_dag.py
[2025-02-14T14:38:32.075+0000] {processor.py:839} INFO - DAG(s) dict_keys(['tutorial_dag']) retrieved from /home/airflow/.local/lib/python3.8/site-packages/airflow/example_dags/tutorial_dag.py
[2025-02-14T14:38:32.394+0000] {logging_mixin.py:154} INFO - [2025-02-14T14:38:32.394+0000] {manager.py:499} INFO - Created Permission View: %s
[2025-02-14T14:38:32.426+0000] {logging_mixin.py:154} INFO - [2025-02-14T14:38:32.426+0000] {manager.py:499} INFO - Created Permission View: %s
[2025-02-14T14:38:32.446+0000] {logging_mixin.py:154} INFO - [2025-02-14T14:38:32.445+0000] {manager.py:499} INFO - Created Permission View: %s
[2025-02-14T14:38:32.449+0000] {logging_mixin.py:154} INFO - [2025-02-14T14:38:32.449+0000] {dag.py:2941} INFO - Sync 1 DAGs
[2025-02-14T14:38:32.500+0000] {logging_mixin.py:154} INFO - [2025-02-14T14:38:32.500+0000] {dag.py:2963} INFO - Creating ORM DAG for tutorial_dag
[2025-02-14T14:38:32.502+0000] {logging_mixin.py:154} INFO - [2025-02-14T14:38:32.502+0000] {dag.py:3722} INFO - Setting next_dagrun for tutorial_dag to None, run_after=None
[2025-02-14T14:38:32.590+0000] {processor.py:179} INFO - Processing /home/airflow/.local/lib/python3.8/site-packages/airflow/example_dags/tutorial_dag.py took 0.562 seconds
[2025-02-14T14:39:02.950+0000] {processor.py:157} INFO - Started process (PID=612) to work on /home/airflow/.local/lib/python3.8/site-packages/airflow/example_dags/tutorial_dag.py
[2025-02-14T14:39:02.953+0000] {processor.py:829} INFO - Processing file /home/airflow/.local/lib/python3.8/site-packages/airflow/example_dags/tutorial_dag.py for tasks to queue
[2025-02-14T14:39:02.956+0000] {logging_mixin.py:154} INFO - [2025-02-14T14:39:02.955+0000] {dagbag.py:536} INFO - Filling up the DagBag from /home/airflow/.local/lib/python3.8/site-packages/airflow/example_dags/tutorial_dag.py
[2025-02-14T14:39:02.974+0000] {processor.py:839} INFO - DAG(s) dict_keys(['tutorial_dag']) retrieved from /home/airflow/.local/lib/python3.8/site-packages/airflow/example_dags/tutorial_dag.py
[2025-02-14T14:39:03.062+0000] {logging_mixin.py:154} INFO - [2025-02-14T14:39:03.061+0000] {dag.py:2941} INFO - Sync 1 DAGs
[2025-02-14T14:39:03.139+0000] {logging_mixin.py:154} INFO - [2025-02-14T14:39:03.139+0000] {dag.py:3722} INFO - Setting next_dagrun for tutorial_dag to None, run_after=None
[2025-02-14T14:39:03.196+0000] {processor.py:179} INFO - Processing /home/airflow/.local/lib/python3.8/site-packages/airflow/example_dags/tutorial_dag.py took 0.256 seconds
[2025-02-14T14:39:33.323+0000] {processor.py:157} INFO - Started process (PID=850) to work on /home/airflow/.local/lib/python3.8/site-packages/airflow/example_dags/tutorial_dag.py
[2025-02-14T14:39:33.326+0000] {processor.py:829} INFO - Processing file /home/airflow/.local/lib/python3.8/site-packages/airflow/example_dags/tutorial_dag.py for tasks to queue
[2025-02-14T14:39:33.328+0000] {logging_mixin.py:154} INFO - [2025-02-14T14:39:33.327+0000] {dagbag.py:536} INFO - Filling up the DagBag from /home/airflow/.local/lib/python3.8/site-packages/airflow/example_dags/tutorial_dag.py
[2025-02-14T14:39:33.346+0000] {processor.py:839} INFO - DAG(s) dict_keys(['tutorial_dag']) retrieved from /home/airflow/.local/lib/python3.8/site-packages/airflow/example_dags/tutorial_dag.py
[2025-02-14T14:39:33.427+0000] {logging_mixin.py:154} INFO - [2025-02-14T14:39:33.426+0000] {dag.py:2941} INFO - Sync 1 DAGs
[2025-02-14T14:39:33.476+0000] {logging_mixin.py:154} INFO - [2025-02-14T14:39:33.475+0000] {dag.py:3722} INFO - Setting next_dagrun for tutorial_dag to None, run_after=None
[2025-02-14T14:39:33.518+0000] {processor.py:179} INFO - Processing /home/airflow/.local/lib/python3.8/site-packages/airflow/example_dags/tutorial_dag.py took 0.209 seconds
[2025-02-14T14:40:04.027+0000] {processor.py:157} INFO - Started process (PID=1086) to work on /home/airflow/.local/lib/python3.8/site-packages/airflow/example_dags/tutorial_dag.py
[2025-02-14T14:40:04.031+0000] {processor.py:829} INFO - Processing file /home/airflow/.local/lib/python3.8/site-packages/airflow/example_dags/tutorial_dag.py for tasks to queue
[2025-02-14T14:40:04.032+0000] {logging_mixin.py:154} INFO - [2025-02-14T14:40:04.032+0000] {dagbag.py:536} INFO - Filling up the DagBag from /home/airflow/.local/lib/python3.8/site-packages/airflow/example_dags/tutorial_dag.py
[2025-02-14T14:40:04.053+0000] {processor.py:839} INFO - DAG(s) dict_keys(['tutorial_dag']) retrieved from /home/airflow/.local/lib/python3.8/site-packages/airflow/example_dags/tutorial_dag.py
[2025-02-14T14:40:04.136+0000] {logging_mixin.py:154} INFO - [2025-02-14T14:40:04.136+0000] {dag.py:2941} INFO - Sync 1 DAGs
[2025-02-14T14:40:04.170+0000] {logging_mixin.py:154} INFO - [2025-02-14T14:40:04.169+0000] {dag.py:3722} INFO - Setting next_dagrun for tutorial_dag to None, run_after=None
[2025-02-14T14:40:04.219+0000] {processor.py:179} INFO - Processing /home/airflow/.local/lib/python3.8/site-packages/airflow/example_dags/tutorial_dag.py took 0.203 seconds
[2025-02-14T14:40:35.247+0000] {processor.py:157} INFO - Started process (PID=1326) to work on /home/airflow/.local/lib/python3.8/site-packages/airflow/example_dags/tutorial_dag.py
[2025-02-14T14:40:35.250+0000] {processor.py:829} INFO - Processing file /home/airflow/.local/lib/python3.8/site-packages/airflow/example_dags/tutorial_dag.py for tasks to queue
[2025-02-14T14:40:35.251+0000] {logging_mixin.py:154} INFO - [2025-02-14T14:40:35.250+0000] {dagbag.py:536} INFO - Filling up the DagBag from /home/airflow/.local/lib/python3.8/site-packages/airflow/example_dags/tutorial_dag.py
[2025-02-14T14:40:35.266+0000] {processor.py:839} INFO - DAG(s) dict_keys(['tutorial_dag']) retrieved from /home/airflow/.local/lib/python3.8/site-packages/airflow/example_dags/tutorial_dag.py
[2025-02-14T14:40:35.338+0000] {logging_mixin.py:154} INFO - [2025-02-14T14:40:35.337+0000] {dag.py:2941} INFO - Sync 1 DAGs
[2025-02-14T14:40:35.378+0000] {logging_mixin.py:154} INFO - [2025-02-14T14:40:35.377+0000] {dag.py:3722} INFO - Setting next_dagrun for tutorial_dag to None, run_after=None
[2025-02-14T14:40:35.429+0000] {processor.py:179} INFO - Processing /home/airflow/.local/lib/python3.8/site-packages/airflow/example_dags/tutorial_dag.py took 0.190 seconds
[2025-02-14T14:41:07.009+0000] {processor.py:157} INFO - Started process (PID=1562) to work on /home/airflow/.local/lib/python3.8/site-packages/airflow/example_dags/tutorial_dag.py
[2025-02-14T14:41:07.015+0000] {processor.py:829} INFO - Processing file /home/airflow/.local/lib/python3.8/site-packages/airflow/example_dags/tutorial_dag.py for tasks to queue
[2025-02-14T14:41:07.021+0000] {logging_mixin.py:154} INFO - [2025-02-14T14:41:07.019+0000] {dagbag.py:536} INFO - Filling up the DagBag from /home/airflow/.local/lib/python3.8/site-packages/airflow/example_dags/tutorial_dag.py
[2025-02-14T14:41:07.072+0000] {processor.py:839} INFO - DAG(s) dict_keys(['tutorial_dag']) retrieved from /home/airflow/.local/lib/python3.8/site-packages/airflow/example_dags/tutorial_dag.py
[2025-02-14T14:41:07.254+0000] {logging_mixin.py:154} INFO - [2025-02-14T14:41:07.252+0000] {dag.py:2941} INFO - Sync 1 DAGs
[2025-02-14T14:41:07.443+0000] {logging_mixin.py:154} INFO - [2025-02-14T14:41:07.442+0000] {dag.py:3722} INFO - Setting next_dagrun for tutorial_dag to None, run_after=None
[2025-02-14T14:41:07.580+0000] {processor.py:179} INFO - Processing /home/airflow/.local/lib/python3.8/site-packages/airflow/example_dags/tutorial_dag.py took 0.614 seconds
[2025-02-14T14:41:37.855+0000] {processor.py:157} INFO - Started process (PID=1801) to work on /home/airflow/.local/lib/python3.8/site-packages/airflow/example_dags/tutorial_dag.py
[2025-02-14T14:41:37.857+0000] {processor.py:829} INFO - Processing file /home/airflow/.local/lib/python3.8/site-packages/airflow/example_dags/tutorial_dag.py for tasks to queue
[2025-02-14T14:41:37.859+0000] {logging_mixin.py:154} INFO - [2025-02-14T14:41:37.858+0000] {dagbag.py:536} INFO - Filling up the DagBag from /home/airflow/.local/lib/python3.8/site-packages/airflow/example_dags/tutorial_dag.py
[2025-02-14T14:41:37.872+0000] {processor.py:839} INFO - DAG(s) dict_keys(['tutorial_dag']) retrieved from /home/airflow/.local/lib/python3.8/site-packages/airflow/example_dags/tutorial_dag.py
[2025-02-14T14:41:37.951+0000] {logging_mixin.py:154} INFO - [2025-02-14T14:41:37.950+0000] {dag.py:2941} INFO - Sync 1 DAGs
[2025-02-14T14:41:38.025+0000] {logging_mixin.py:154} INFO - [2025-02-14T14:41:38.024+0000] {dag.py:3722} INFO - Setting next_dagrun for tutorial_dag to None, run_after=None
[2025-02-14T14:41:38.111+0000] {processor.py:179} INFO - Processing /home/airflow/.local/lib/python3.8/site-packages/airflow/example_dags/tutorial_dag.py took 0.264 seconds
[2025-02-14T14:42:08.641+0000] {processor.py:157} INFO - Started process (PID=2039) to work on /home/airflow/.local/lib/python3.8/site-packages/airflow/example_dags/tutorial_dag.py
[2025-02-14T14:42:08.644+0000] {processor.py:829} INFO - Processing file /home/airflow/.local/lib/python3.8/site-packages/airflow/example_dags/tutorial_dag.py for tasks to queue
[2025-02-14T14:42:08.646+0000] {logging_mixin.py:154} INFO - [2025-02-14T14:42:08.645+0000] {dagbag.py:536} INFO - Filling up the DagBag from /home/airflow/.local/lib/python3.8/site-packages/airflow/example_dags/tutorial_dag.py
[2025-02-14T14:42:08.661+0000] {processor.py:839} INFO - DAG(s) dict_keys(['tutorial_dag']) retrieved from /home/airflow/.local/lib/python3.8/site-packages/airflow/example_dags/tutorial_dag.py
[2025-02-14T14:42:08.735+0000] {logging_mixin.py:154} INFO - [2025-02-14T14:42:08.735+0000] {dag.py:2941} INFO - Sync 1 DAGs
[2025-02-14T14:42:08.773+0000] {logging_mixin.py:154} INFO - [2025-02-14T14:42:08.772+0000] {dag.py:3722} INFO - Setting next_dagrun for tutorial_dag to None, run_after=None
[2025-02-14T14:42:08.829+0000] {processor.py:179} INFO - Processing /home/airflow/.local/lib/python3.8/site-packages/airflow/example_dags/tutorial_dag.py took 0.202 seconds
[2025-02-14T14:42:39.079+0000] {processor.py:157} INFO - Started process (PID=2277) to work on /home/airflow/.local/lib/python3.8/site-packages/airflow/example_dags/tutorial_dag.py
[2025-02-14T14:42:39.081+0000] {processor.py:829} INFO - Processing file /home/airflow/.local/lib/python3.8/site-packages/airflow/example_dags/tutorial_dag.py for tasks to queue
[2025-02-14T14:42:39.084+0000] {logging_mixin.py:154} INFO - [2025-02-14T14:42:39.083+0000] {dagbag.py:536} INFO - Filling up the DagBag from /home/airflow/.local/lib/python3.8/site-packages/airflow/example_dags/tutorial_dag.py
[2025-02-14T14:42:39.099+0000] {processor.py:839} INFO - DAG(s) dict_keys(['tutorial_dag']) retrieved from /home/airflow/.local/lib/python3.8/site-packages/airflow/example_dags/tutorial_dag.py
[2025-02-14T14:42:39.166+0000] {logging_mixin.py:154} INFO - [2025-02-14T14:42:39.166+0000] {dag.py:2941} INFO - Sync 1 DAGs
[2025-02-14T14:42:39.205+0000] {logging_mixin.py:154} INFO - [2025-02-14T14:42:39.204+0000] {dag.py:3722} INFO - Setting next_dagrun for tutorial_dag to None, run_after=None
[2025-02-14T14:42:39.271+0000] {processor.py:179} INFO - Processing /home/airflow/.local/lib/python3.8/site-packages/airflow/example_dags/tutorial_dag.py took 0.204 seconds
[2025-02-14T14:43:09.810+0000] {processor.py:157} INFO - Started process (PID=2515) to work on /home/airflow/.local/lib/python3.8/site-packages/airflow/example_dags/tutorial_dag.py
[2025-02-14T14:43:09.811+0000] {processor.py:829} INFO - Processing file /home/airflow/.local/lib/python3.8/site-packages/airflow/example_dags/tutorial_dag.py for tasks to queue
[2025-02-14T14:43:09.812+0000] {logging_mixin.py:154} INFO - [2025-02-14T14:43:09.812+0000] {dagbag.py:536} INFO - Filling up the DagBag from /home/airflow/.local/lib/python3.8/site-packages/airflow/example_dags/tutorial_dag.py
[2025-02-14T14:43:09.818+0000] {processor.py:839} INFO - DAG(s) dict_keys(['tutorial_dag']) retrieved from /home/airflow/.local/lib/python3.8/site-packages/airflow/example_dags/tutorial_dag.py
[2025-02-14T14:43:09.843+0000] {logging_mixin.py:154} INFO - [2025-02-14T14:43:09.843+0000] {dag.py:2941} INFO - Sync 1 DAGs
[2025-02-14T14:43:09.858+0000] {logging_mixin.py:154} INFO - [2025-02-14T14:43:09.858+0000] {dag.py:3722} INFO - Setting next_dagrun for tutorial_dag to None, run_after=None
[2025-02-14T14:43:09.878+0000] {processor.py:179} INFO - Processing /home/airflow/.local/lib/python3.8/site-packages/airflow/example_dags/tutorial_dag.py took 0.071 seconds
[2025-02-14T14:43:40.612+0000] {processor.py:157} INFO - Started process (PID=2753) to work on /home/airflow/.local/lib/python3.8/site-packages/airflow/example_dags/tutorial_dag.py
[2025-02-14T14:43:40.614+0000] {processor.py:829} INFO - Processing file /home/airflow/.local/lib/python3.8/site-packages/airflow/example_dags/tutorial_dag.py for tasks to queue
[2025-02-14T14:43:40.616+0000] {logging_mixin.py:154} INFO - [2025-02-14T14:43:40.616+0000] {dagbag.py:536} INFO - Filling up the DagBag from /home/airflow/.local/lib/python3.8/site-packages/airflow/example_dags/tutorial_dag.py
[2025-02-14T14:43:40.634+0000] {processor.py:839} INFO - DAG(s) dict_keys(['tutorial_dag']) retrieved from /home/airflow/.local/lib/python3.8/site-packages/airflow/example_dags/tutorial_dag.py
[2025-02-14T14:43:40.700+0000] {logging_mixin.py:154} INFO - [2025-02-14T14:43:40.700+0000] {dag.py:2941} INFO - Sync 1 DAGs
[2025-02-14T14:43:40.739+0000] {logging_mixin.py:154} INFO - [2025-02-14T14:43:40.738+0000] {dag.py:3722} INFO - Setting next_dagrun for tutorial_dag to None, run_after=None
[2025-02-14T14:43:40.791+0000] {processor.py:179} INFO - Processing /home/airflow/.local/lib/python3.8/site-packages/airflow/example_dags/tutorial_dag.py took 0.190 seconds
[2025-02-14T14:44:11.605+0000] {processor.py:157} INFO - Started process (PID=2990) to work on /home/airflow/.local/lib/python3.8/site-packages/airflow/example_dags/tutorial_dag.py
[2025-02-14T14:44:11.608+0000] {processor.py:829} INFO - Processing file /home/airflow/.local/lib/python3.8/site-packages/airflow/example_dags/tutorial_dag.py for tasks to queue
[2025-02-14T14:44:11.610+0000] {logging_mixin.py:154} INFO - [2025-02-14T14:44:11.609+0000] {dagbag.py:536} INFO - Filling up the DagBag from /home/airflow/.local/lib/python3.8/site-packages/airflow/example_dags/tutorial_dag.py
[2025-02-14T14:44:11.631+0000] {processor.py:839} INFO - DAG(s) dict_keys(['tutorial_dag']) retrieved from /home/airflow/.local/lib/python3.8/site-packages/airflow/example_dags/tutorial_dag.py
[2025-02-14T14:44:11.713+0000] {logging_mixin.py:154} INFO - [2025-02-14T14:44:11.712+0000] {dag.py:2941} INFO - Sync 1 DAGs
[2025-02-14T14:44:11.752+0000] {logging_mixin.py:154} INFO - [2025-02-14T14:44:11.751+0000] {dag.py:3722} INFO - Setting next_dagrun for tutorial_dag to None, run_after=None
[2025-02-14T14:44:11.810+0000] {processor.py:179} INFO - Processing /home/airflow/.local/lib/python3.8/site-packages/airflow/example_dags/tutorial_dag.py took 0.214 seconds
[2025-02-14T14:44:42.066+0000] {processor.py:157} INFO - Started process (PID=3245) to work on /home/airflow/.local/lib/python3.8/site-packages/airflow/example_dags/tutorial_dag.py
[2025-02-14T14:44:42.069+0000] {processor.py:829} INFO - Processing file /home/airflow/.local/lib/python3.8/site-packages/airflow/example_dags/tutorial_dag.py for tasks to queue
[2025-02-14T14:44:42.071+0000] {logging_mixin.py:154} INFO - [2025-02-14T14:44:42.070+0000] {dagbag.py:536} INFO - Filling up the DagBag from /home/airflow/.local/lib/python3.8/site-packages/airflow/example_dags/tutorial_dag.py
[2025-02-14T14:44:42.086+0000] {processor.py:839} INFO - DAG(s) dict_keys(['tutorial_dag']) retrieved from /home/airflow/.local/lib/python3.8/site-packages/airflow/example_dags/tutorial_dag.py
[2025-02-14T14:44:42.155+0000] {logging_mixin.py:154} INFO - [2025-02-14T14:44:42.155+0000] {dag.py:2941} INFO - Sync 1 DAGs
[2025-02-14T14:44:42.196+0000] {logging_mixin.py:154} INFO - [2025-02-14T14:44:42.196+0000] {dag.py:3722} INFO - Setting next_dagrun for tutorial_dag to None, run_after=None
[2025-02-14T14:44:42.250+0000] {processor.py:179} INFO - Processing /home/airflow/.local/lib/python3.8/site-packages/airflow/example_dags/tutorial_dag.py took 0.195 seconds
[2025-02-14T14:45:12.765+0000] {processor.py:157} INFO - Started process (PID=3499) to work on /home/airflow/.local/lib/python3.8/site-packages/airflow/example_dags/tutorial_dag.py
[2025-02-14T14:45:12.767+0000] {processor.py:829} INFO - Processing file /home/airflow/.local/lib/python3.8/site-packages/airflow/example_dags/tutorial_dag.py for tasks to queue
[2025-02-14T14:45:12.769+0000] {logging_mixin.py:154} INFO - [2025-02-14T14:45:12.768+0000] {dagbag.py:536} INFO - Filling up the DagBag from /home/airflow/.local/lib/python3.8/site-packages/airflow/example_dags/tutorial_dag.py
[2025-02-14T14:45:12.787+0000] {processor.py:839} INFO - DAG(s) dict_keys(['tutorial_dag']) retrieved from /home/airflow/.local/lib/python3.8/site-packages/airflow/example_dags/tutorial_dag.py
[2025-02-14T14:45:12.861+0000] {logging_mixin.py:154} INFO - [2025-02-14T14:45:12.861+0000] {dag.py:2941} INFO - Sync 1 DAGs
[2025-02-14T14:45:12.902+0000] {logging_mixin.py:154} INFO - [2025-02-14T14:45:12.902+0000] {dag.py:3722} INFO - Setting next_dagrun for tutorial_dag to None, run_after=None
[2025-02-14T14:45:12.966+0000] {processor.py:179} INFO - Processing /home/airflow/.local/lib/python3.8/site-packages/airflow/example_dags/tutorial_dag.py took 0.213 seconds
[2025-02-14T14:45:43.291+0000] {processor.py:157} INFO - Started process (PID=3737) to work on /home/airflow/.local/lib/python3.8/site-packages/airflow/example_dags/tutorial_dag.py
[2025-02-14T14:45:43.293+0000] {processor.py:829} INFO - Processing file /home/airflow/.local/lib/python3.8/site-packages/airflow/example_dags/tutorial_dag.py for tasks to queue
[2025-02-14T14:45:43.296+0000] {logging_mixin.py:154} INFO - [2025-02-14T14:45:43.295+0000] {dagbag.py:536} INFO - Filling up the DagBag from /home/airflow/.local/lib/python3.8/site-packages/airflow/example_dags/tutorial_dag.py
[2025-02-14T14:45:43.317+0000] {processor.py:839} INFO - DAG(s) dict_keys(['tutorial_dag']) retrieved from /home/airflow/.local/lib/python3.8/site-packages/airflow/example_dags/tutorial_dag.py
[2025-02-14T14:45:43.458+0000] {logging_mixin.py:154} INFO - [2025-02-14T14:45:43.457+0000] {dag.py:2941} INFO - Sync 1 DAGs
[2025-02-14T14:45:43.497+0000] {logging_mixin.py:154} INFO - [2025-02-14T14:45:43.497+0000] {dag.py:3722} INFO - Setting next_dagrun for tutorial_dag to None, run_after=None
[2025-02-14T14:45:43.571+0000] {processor.py:179} INFO - Processing /home/airflow/.local/lib/python3.8/site-packages/airflow/example_dags/tutorial_dag.py took 0.294 seconds
[2025-02-14T14:46:14.058+0000] {processor.py:157} INFO - Started process (PID=3973) to work on /home/airflow/.local/lib/python3.8/site-packages/airflow/example_dags/tutorial_dag.py
[2025-02-14T14:46:14.068+0000] {processor.py:829} INFO - Processing file /home/airflow/.local/lib/python3.8/site-packages/airflow/example_dags/tutorial_dag.py for tasks to queue
[2025-02-14T14:46:14.074+0000] {logging_mixin.py:154} INFO - [2025-02-14T14:46:14.073+0000] {dagbag.py:536} INFO - Filling up the DagBag from /home/airflow/.local/lib/python3.8/site-packages/airflow/example_dags/tutorial_dag.py
[2025-02-14T14:46:14.106+0000] {processor.py:839} INFO - DAG(s) dict_keys(['tutorial_dag']) retrieved from /home/airflow/.local/lib/python3.8/site-packages/airflow/example_dags/tutorial_dag.py
[2025-02-14T14:46:14.224+0000] {logging_mixin.py:154} INFO - [2025-02-14T14:46:14.221+0000] {dag.py:2941} INFO - Sync 1 DAGs
[2025-02-14T14:46:14.291+0000] {logging_mixin.py:154} INFO - [2025-02-14T14:46:14.290+0000] {dag.py:3722} INFO - Setting next_dagrun for tutorial_dag to None, run_after=None
[2025-02-14T14:46:14.390+0000] {processor.py:179} INFO - Processing /home/airflow/.local/lib/python3.8/site-packages/airflow/example_dags/tutorial_dag.py took 0.353 seconds
[2025-02-14T14:46:45.259+0000] {processor.py:157} INFO - Started process (PID=4210) to work on /home/airflow/.local/lib/python3.8/site-packages/airflow/example_dags/tutorial_dag.py
[2025-02-14T14:46:45.262+0000] {processor.py:829} INFO - Processing file /home/airflow/.local/lib/python3.8/site-packages/airflow/example_dags/tutorial_dag.py for tasks to queue
[2025-02-14T14:46:45.264+0000] {logging_mixin.py:154} INFO - [2025-02-14T14:46:45.264+0000] {dagbag.py:536} INFO - Filling up the DagBag from /home/airflow/.local/lib/python3.8/site-packages/airflow/example_dags/tutorial_dag.py
[2025-02-14T14:46:45.296+0000] {processor.py:839} INFO - DAG(s) dict_keys(['tutorial_dag']) retrieved from /home/airflow/.local/lib/python3.8/site-packages/airflow/example_dags/tutorial_dag.py
[2025-02-14T14:46:45.398+0000] {logging_mixin.py:154} INFO - [2025-02-14T14:46:45.397+0000] {dag.py:2941} INFO - Sync 1 DAGs
[2025-02-14T14:46:45.456+0000] {logging_mixin.py:154} INFO - [2025-02-14T14:46:45.455+0000] {dag.py:3722} INFO - Setting next_dagrun for tutorial_dag to None, run_after=None
[2025-02-14T14:46:45.502+0000] {processor.py:179} INFO - Processing /home/airflow/.local/lib/python3.8/site-packages/airflow/example_dags/tutorial_dag.py took 0.255 seconds
[2025-02-14T14:47:16.445+0000] {processor.py:157} INFO - Started process (PID=4448) to work on /home/airflow/.local/lib/python3.8/site-packages/airflow/example_dags/tutorial_dag.py
[2025-02-14T14:47:16.450+0000] {processor.py:829} INFO - Processing file /home/airflow/.local/lib/python3.8/site-packages/airflow/example_dags/tutorial_dag.py for tasks to queue
[2025-02-14T14:47:16.455+0000] {logging_mixin.py:154} INFO - [2025-02-14T14:47:16.454+0000] {dagbag.py:536} INFO - Filling up the DagBag from /home/airflow/.local/lib/python3.8/site-packages/airflow/example_dags/tutorial_dag.py
[2025-02-14T14:47:16.480+0000] {processor.py:839} INFO - DAG(s) dict_keys(['tutorial_dag']) retrieved from /home/airflow/.local/lib/python3.8/site-packages/airflow/example_dags/tutorial_dag.py
[2025-02-14T14:47:16.567+0000] {logging_mixin.py:154} INFO - [2025-02-14T14:47:16.566+0000] {dag.py:2941} INFO - Sync 1 DAGs
[2025-02-14T14:47:16.615+0000] {logging_mixin.py:154} INFO - [2025-02-14T14:47:16.614+0000] {dag.py:3722} INFO - Setting next_dagrun for tutorial_dag to None, run_after=None
[2025-02-14T14:47:16.667+0000] {processor.py:179} INFO - Processing /home/airflow/.local/lib/python3.8/site-packages/airflow/example_dags/tutorial_dag.py took 0.243 seconds
[2025-02-14T14:47:48.626+0000] {processor.py:157} INFO - Started process (PID=4692) to work on /home/airflow/.local/lib/python3.8/site-packages/airflow/example_dags/tutorial_dag.py
[2025-02-14T14:47:48.629+0000] {processor.py:829} INFO - Processing file /home/airflow/.local/lib/python3.8/site-packages/airflow/example_dags/tutorial_dag.py for tasks to queue
[2025-02-14T14:47:48.632+0000] {logging_mixin.py:154} INFO - [2025-02-14T14:47:48.631+0000] {dagbag.py:536} INFO - Filling up the DagBag from /home/airflow/.local/lib/python3.8/site-packages/airflow/example_dags/tutorial_dag.py
[2025-02-14T14:47:48.666+0000] {processor.py:839} INFO - DAG(s) dict_keys(['tutorial_dag']) retrieved from /home/airflow/.local/lib/python3.8/site-packages/airflow/example_dags/tutorial_dag.py
[2025-02-14T14:47:48.785+0000] {logging_mixin.py:154} INFO - [2025-02-14T14:47:48.784+0000] {dag.py:2941} INFO - Sync 1 DAGs
[2025-02-14T14:47:48.839+0000] {logging_mixin.py:154} INFO - [2025-02-14T14:47:48.839+0000] {dag.py:3722} INFO - Setting next_dagrun for tutorial_dag to None, run_after=None
[2025-02-14T14:47:48.911+0000] {processor.py:179} INFO - Processing /home/airflow/.local/lib/python3.8/site-packages/airflow/example_dags/tutorial_dag.py took 0.301 seconds
[2025-02-14T14:48:19.615+0000] {processor.py:157} INFO - Started process (PID=4936) to work on /home/airflow/.local/lib/python3.8/site-packages/airflow/example_dags/tutorial_dag.py
[2025-02-14T14:48:19.618+0000] {processor.py:829} INFO - Processing file /home/airflow/.local/lib/python3.8/site-packages/airflow/example_dags/tutorial_dag.py for tasks to queue
[2025-02-14T14:48:19.619+0000] {logging_mixin.py:154} INFO - [2025-02-14T14:48:19.619+0000] {dagbag.py:536} INFO - Filling up the DagBag from /home/airflow/.local/lib/python3.8/site-packages/airflow/example_dags/tutorial_dag.py
[2025-02-14T14:48:19.636+0000] {processor.py:839} INFO - DAG(s) dict_keys(['tutorial_dag']) retrieved from /home/airflow/.local/lib/python3.8/site-packages/airflow/example_dags/tutorial_dag.py
[2025-02-14T14:48:19.701+0000] {logging_mixin.py:154} INFO - [2025-02-14T14:48:19.701+0000] {dag.py:2941} INFO - Sync 1 DAGs
[2025-02-14T14:48:19.739+0000] {logging_mixin.py:154} INFO - [2025-02-14T14:48:19.739+0000] {dag.py:3722} INFO - Setting next_dagrun for tutorial_dag to None, run_after=None
[2025-02-14T14:48:19.786+0000] {processor.py:179} INFO - Processing /home/airflow/.local/lib/python3.8/site-packages/airflow/example_dags/tutorial_dag.py took 0.182 seconds
[2025-02-14T14:48:50.431+0000] {processor.py:157} INFO - Started process (PID=5174) to work on /home/airflow/.local/lib/python3.8/site-packages/airflow/example_dags/tutorial_dag.py
[2025-02-14T14:48:50.435+0000] {processor.py:829} INFO - Processing file /home/airflow/.local/lib/python3.8/site-packages/airflow/example_dags/tutorial_dag.py for tasks to queue
[2025-02-14T14:48:50.438+0000] {logging_mixin.py:154} INFO - [2025-02-14T14:48:50.436+0000] {dagbag.py:536} INFO - Filling up the DagBag from /home/airflow/.local/lib/python3.8/site-packages/airflow/example_dags/tutorial_dag.py
[2025-02-14T14:48:50.455+0000] {processor.py:839} INFO - DAG(s) dict_keys(['tutorial_dag']) retrieved from /home/airflow/.local/lib/python3.8/site-packages/airflow/example_dags/tutorial_dag.py
[2025-02-14T14:48:50.519+0000] {logging_mixin.py:154} INFO - [2025-02-14T14:48:50.519+0000] {dag.py:2941} INFO - Sync 1 DAGs
[2025-02-14T14:48:50.558+0000] {logging_mixin.py:154} INFO - [2025-02-14T14:48:50.557+0000] {dag.py:3722} INFO - Setting next_dagrun for tutorial_dag to None, run_after=None
[2025-02-14T14:48:50.611+0000] {processor.py:179} INFO - Processing /home/airflow/.local/lib/python3.8/site-packages/airflow/example_dags/tutorial_dag.py took 0.200 seconds
[2025-02-14T14:49:21.858+0000] {processor.py:157} INFO - Started process (PID=5418) to work on /home/airflow/.local/lib/python3.8/site-packages/airflow/example_dags/tutorial_dag.py
[2025-02-14T14:49:21.860+0000] {processor.py:829} INFO - Processing file /home/airflow/.local/lib/python3.8/site-packages/airflow/example_dags/tutorial_dag.py for tasks to queue
[2025-02-14T14:49:21.864+0000] {logging_mixin.py:154} INFO - [2025-02-14T14:49:21.864+0000] {dagbag.py:536} INFO - Filling up the DagBag from /home/airflow/.local/lib/python3.8/site-packages/airflow/example_dags/tutorial_dag.py
[2025-02-14T14:49:21.897+0000] {processor.py:839} INFO - DAG(s) dict_keys(['tutorial_dag']) retrieved from /home/airflow/.local/lib/python3.8/site-packages/airflow/example_dags/tutorial_dag.py
[2025-02-14T14:49:21.986+0000] {logging_mixin.py:154} INFO - [2025-02-14T14:49:21.985+0000] {dag.py:2941} INFO - Sync 1 DAGs
[2025-02-14T14:49:22.027+0000] {logging_mixin.py:154} INFO - [2025-02-14T14:49:22.027+0000] {dag.py:3722} INFO - Setting next_dagrun for tutorial_dag to None, run_after=None
[2025-02-14T14:49:22.077+0000] {processor.py:179} INFO - Processing /home/airflow/.local/lib/python3.8/site-packages/airflow/example_dags/tutorial_dag.py took 0.238 seconds
[2025-02-14T14:49:53.115+0000] {processor.py:157} INFO - Started process (PID=5655) to work on /home/airflow/.local/lib/python3.8/site-packages/airflow/example_dags/tutorial_dag.py
[2025-02-14T14:49:53.120+0000] {processor.py:829} INFO - Processing file /home/airflow/.local/lib/python3.8/site-packages/airflow/example_dags/tutorial_dag.py for tasks to queue
[2025-02-14T14:49:53.122+0000] {logging_mixin.py:154} INFO - [2025-02-14T14:49:53.122+0000] {dagbag.py:536} INFO - Filling up the DagBag from /home/airflow/.local/lib/python3.8/site-packages/airflow/example_dags/tutorial_dag.py
[2025-02-14T14:49:53.136+0000] {processor.py:839} INFO - DAG(s) dict_keys(['tutorial_dag']) retrieved from /home/airflow/.local/lib/python3.8/site-packages/airflow/example_dags/tutorial_dag.py
[2025-02-14T14:49:53.204+0000] {logging_mixin.py:154} INFO - [2025-02-14T14:49:53.203+0000] {dag.py:2941} INFO - Sync 1 DAGs
[2025-02-14T14:49:53.244+0000] {logging_mixin.py:154} INFO - [2025-02-14T14:49:53.244+0000] {dag.py:3722} INFO - Setting next_dagrun for tutorial_dag to None, run_after=None
[2025-02-14T14:49:53.312+0000] {processor.py:179} INFO - Processing /home/airflow/.local/lib/python3.8/site-packages/airflow/example_dags/tutorial_dag.py took 0.207 seconds
[2025-02-14T14:50:24.262+0000] {processor.py:157} INFO - Started process (PID=5897) to work on /home/airflow/.local/lib/python3.8/site-packages/airflow/example_dags/tutorial_dag.py
[2025-02-14T14:50:24.271+0000] {processor.py:829} INFO - Processing file /home/airflow/.local/lib/python3.8/site-packages/airflow/example_dags/tutorial_dag.py for tasks to queue
[2025-02-14T14:50:24.274+0000] {logging_mixin.py:154} INFO - [2025-02-14T14:50:24.273+0000] {dagbag.py:536} INFO - Filling up the DagBag from /home/airflow/.local/lib/python3.8/site-packages/airflow/example_dags/tutorial_dag.py
[2025-02-14T14:50:24.291+0000] {processor.py:839} INFO - DAG(s) dict_keys(['tutorial_dag']) retrieved from /home/airflow/.local/lib/python3.8/site-packages/airflow/example_dags/tutorial_dag.py
[2025-02-14T14:50:24.361+0000] {logging_mixin.py:154} INFO - [2025-02-14T14:50:24.361+0000] {dag.py:2941} INFO - Sync 1 DAGs
[2025-02-14T14:50:24.397+0000] {logging_mixin.py:154} INFO - [2025-02-14T14:50:24.397+0000] {dag.py:3722} INFO - Setting next_dagrun for tutorial_dag to None, run_after=None
[2025-02-14T14:50:24.450+0000] {processor.py:179} INFO - Processing /home/airflow/.local/lib/python3.8/site-packages/airflow/example_dags/tutorial_dag.py took 0.211 seconds
[2025-02-14T14:50:55.026+0000] {processor.py:157} INFO - Started process (PID=6132) to work on /home/airflow/.local/lib/python3.8/site-packages/airflow/example_dags/tutorial_dag.py
[2025-02-14T14:50:55.029+0000] {processor.py:829} INFO - Processing file /home/airflow/.local/lib/python3.8/site-packages/airflow/example_dags/tutorial_dag.py for tasks to queue
[2025-02-14T14:50:55.031+0000] {logging_mixin.py:154} INFO - [2025-02-14T14:50:55.031+0000] {dagbag.py:536} INFO - Filling up the DagBag from /home/airflow/.local/lib/python3.8/site-packages/airflow/example_dags/tutorial_dag.py
[2025-02-14T14:50:55.051+0000] {processor.py:839} INFO - DAG(s) dict_keys(['tutorial_dag']) retrieved from /home/airflow/.local/lib/python3.8/site-packages/airflow/example_dags/tutorial_dag.py
[2025-02-14T14:50:55.135+0000] {logging_mixin.py:154} INFO - [2025-02-14T14:50:55.135+0000] {dag.py:2941} INFO - Sync 1 DAGs
[2025-02-14T14:50:55.184+0000] {logging_mixin.py:154} INFO - [2025-02-14T14:50:55.184+0000] {dag.py:3722} INFO - Setting next_dagrun for tutorial_dag to None, run_after=None
[2025-02-14T14:50:55.235+0000] {processor.py:179} INFO - Processing /home/airflow/.local/lib/python3.8/site-packages/airflow/example_dags/tutorial_dag.py took 0.218 seconds
[2025-02-14T14:51:25.795+0000] {processor.py:157} INFO - Started process (PID=6370) to work on /home/airflow/.local/lib/python3.8/site-packages/airflow/example_dags/tutorial_dag.py
[2025-02-14T14:51:25.797+0000] {processor.py:829} INFO - Processing file /home/airflow/.local/lib/python3.8/site-packages/airflow/example_dags/tutorial_dag.py for tasks to queue
[2025-02-14T14:51:25.800+0000] {logging_mixin.py:154} INFO - [2025-02-14T14:51:25.798+0000] {dagbag.py:536} INFO - Filling up the DagBag from /home/airflow/.local/lib/python3.8/site-packages/airflow/example_dags/tutorial_dag.py
[2025-02-14T14:51:25.824+0000] {processor.py:839} INFO - DAG(s) dict_keys(['tutorial_dag']) retrieved from /home/airflow/.local/lib/python3.8/site-packages/airflow/example_dags/tutorial_dag.py
[2025-02-14T14:51:25.891+0000] {logging_mixin.py:154} INFO - [2025-02-14T14:51:25.891+0000] {dag.py:2941} INFO - Sync 1 DAGs
[2025-02-14T14:51:25.928+0000] {logging_mixin.py:154} INFO - [2025-02-14T14:51:25.928+0000] {dag.py:3722} INFO - Setting next_dagrun for tutorial_dag to None, run_after=None
[2025-02-14T14:51:25.973+0000] {processor.py:179} INFO - Processing /home/airflow/.local/lib/python3.8/site-packages/airflow/example_dags/tutorial_dag.py took 0.189 seconds
[2025-02-14T14:51:56.713+0000] {processor.py:157} INFO - Started process (PID=6608) to work on /home/airflow/.local/lib/python3.8/site-packages/airflow/example_dags/tutorial_dag.py
[2025-02-14T14:51:56.716+0000] {processor.py:829} INFO - Processing file /home/airflow/.local/lib/python3.8/site-packages/airflow/example_dags/tutorial_dag.py for tasks to queue
[2025-02-14T14:51:56.718+0000] {logging_mixin.py:154} INFO - [2025-02-14T14:51:56.717+0000] {dagbag.py:536} INFO - Filling up the DagBag from /home/airflow/.local/lib/python3.8/site-packages/airflow/example_dags/tutorial_dag.py
[2025-02-14T14:51:56.734+0000] {processor.py:839} INFO - DAG(s) dict_keys(['tutorial_dag']) retrieved from /home/airflow/.local/lib/python3.8/site-packages/airflow/example_dags/tutorial_dag.py
[2025-02-14T14:51:56.797+0000] {logging_mixin.py:154} INFO - [2025-02-14T14:51:56.797+0000] {dag.py:2941} INFO - Sync 1 DAGs
[2025-02-14T14:51:56.830+0000] {logging_mixin.py:154} INFO - [2025-02-14T14:51:56.830+0000] {dag.py:3722} INFO - Setting next_dagrun for tutorial_dag to None, run_after=None
[2025-02-14T14:51:56.886+0000] {processor.py:179} INFO - Processing /home/airflow/.local/lib/python3.8/site-packages/airflow/example_dags/tutorial_dag.py took 0.185 seconds
[2025-02-14T14:52:27.124+0000] {processor.py:157} INFO - Started process (PID=6841) to work on /home/airflow/.local/lib/python3.8/site-packages/airflow/example_dags/tutorial_dag.py
[2025-02-14T14:52:27.126+0000] {processor.py:829} INFO - Processing file /home/airflow/.local/lib/python3.8/site-packages/airflow/example_dags/tutorial_dag.py for tasks to queue
[2025-02-14T14:52:27.128+0000] {logging_mixin.py:154} INFO - [2025-02-14T14:52:27.127+0000] {dagbag.py:536} INFO - Filling up the DagBag from /home/airflow/.local/lib/python3.8/site-packages/airflow/example_dags/tutorial_dag.py
[2025-02-14T14:52:27.143+0000] {processor.py:839} INFO - DAG(s) dict_keys(['tutorial_dag']) retrieved from /home/airflow/.local/lib/python3.8/site-packages/airflow/example_dags/tutorial_dag.py
[2025-02-14T14:52:27.220+0000] {logging_mixin.py:154} INFO - [2025-02-14T14:52:27.219+0000] {dag.py:2941} INFO - Sync 1 DAGs
[2025-02-14T14:52:27.285+0000] {logging_mixin.py:154} INFO - [2025-02-14T14:52:27.285+0000] {dag.py:3722} INFO - Setting next_dagrun for tutorial_dag to None, run_after=None
[2025-02-14T14:52:27.375+0000] {processor.py:179} INFO - Processing /home/airflow/.local/lib/python3.8/site-packages/airflow/example_dags/tutorial_dag.py took 0.261 seconds
[2025-02-14T14:52:58.064+0000] {processor.py:157} INFO - Started process (PID=7079) to work on /home/airflow/.local/lib/python3.8/site-packages/airflow/example_dags/tutorial_dag.py
[2025-02-14T14:52:58.067+0000] {processor.py:829} INFO - Processing file /home/airflow/.local/lib/python3.8/site-packages/airflow/example_dags/tutorial_dag.py for tasks to queue
[2025-02-14T14:52:58.070+0000] {logging_mixin.py:154} INFO - [2025-02-14T14:52:58.069+0000] {dagbag.py:536} INFO - Filling up the DagBag from /home/airflow/.local/lib/python3.8/site-packages/airflow/example_dags/tutorial_dag.py
[2025-02-14T14:52:58.087+0000] {processor.py:839} INFO - DAG(s) dict_keys(['tutorial_dag']) retrieved from /home/airflow/.local/lib/python3.8/site-packages/airflow/example_dags/tutorial_dag.py
[2025-02-14T14:52:58.145+0000] {logging_mixin.py:154} INFO - [2025-02-14T14:52:58.144+0000] {dag.py:2941} INFO - Sync 1 DAGs
[2025-02-14T14:52:58.188+0000] {logging_mixin.py:154} INFO - [2025-02-14T14:52:58.187+0000] {dag.py:3722} INFO - Setting next_dagrun for tutorial_dag to None, run_after=None
[2025-02-14T14:52:58.247+0000] {processor.py:179} INFO - Processing /home/airflow/.local/lib/python3.8/site-packages/airflow/example_dags/tutorial_dag.py took 0.195 seconds
[2025-02-14T14:53:28.467+0000] {processor.py:157} INFO - Started process (PID=7316) to work on /home/airflow/.local/lib/python3.8/site-packages/airflow/example_dags/tutorial_dag.py
[2025-02-14T14:53:28.470+0000] {processor.py:829} INFO - Processing file /home/airflow/.local/lib/python3.8/site-packages/airflow/example_dags/tutorial_dag.py for tasks to queue
[2025-02-14T14:53:28.472+0000] {logging_mixin.py:154} INFO - [2025-02-14T14:53:28.472+0000] {dagbag.py:536} INFO - Filling up the DagBag from /home/airflow/.local/lib/python3.8/site-packages/airflow/example_dags/tutorial_dag.py
[2025-02-14T14:53:28.490+0000] {processor.py:839} INFO - DAG(s) dict_keys(['tutorial_dag']) retrieved from /home/airflow/.local/lib/python3.8/site-packages/airflow/example_dags/tutorial_dag.py
[2025-02-14T14:53:28.560+0000] {logging_mixin.py:154} INFO - [2025-02-14T14:53:28.558+0000] {dag.py:2941} INFO - Sync 1 DAGs
[2025-02-14T14:53:28.596+0000] {logging_mixin.py:154} INFO - [2025-02-14T14:53:28.596+0000] {dag.py:3722} INFO - Setting next_dagrun for tutorial_dag to None, run_after=None
[2025-02-14T14:53:28.648+0000] {processor.py:179} INFO - Processing /home/airflow/.local/lib/python3.8/site-packages/airflow/example_dags/tutorial_dag.py took 0.195 seconds
[2025-02-14T14:53:58.949+0000] {processor.py:157} INFO - Started process (PID=7554) to work on /home/airflow/.local/lib/python3.8/site-packages/airflow/example_dags/tutorial_dag.py
[2025-02-14T14:53:58.952+0000] {processor.py:829} INFO - Processing file /home/airflow/.local/lib/python3.8/site-packages/airflow/example_dags/tutorial_dag.py for tasks to queue
[2025-02-14T14:53:58.954+0000] {logging_mixin.py:154} INFO - [2025-02-14T14:53:58.953+0000] {dagbag.py:536} INFO - Filling up the DagBag from /home/airflow/.local/lib/python3.8/site-packages/airflow/example_dags/tutorial_dag.py
[2025-02-14T14:53:58.973+0000] {processor.py:839} INFO - DAG(s) dict_keys(['tutorial_dag']) retrieved from /home/airflow/.local/lib/python3.8/site-packages/airflow/example_dags/tutorial_dag.py
[2025-02-14T14:53:59.046+0000] {logging_mixin.py:154} INFO - [2025-02-14T14:53:59.046+0000] {dag.py:2941} INFO - Sync 1 DAGs
[2025-02-14T14:53:59.083+0000] {logging_mixin.py:154} INFO - [2025-02-14T14:53:59.082+0000] {dag.py:3722} INFO - Setting next_dagrun for tutorial_dag to None, run_after=None
[2025-02-14T14:53:59.147+0000] {processor.py:179} INFO - Processing /home/airflow/.local/lib/python3.8/site-packages/airflow/example_dags/tutorial_dag.py took 0.208 seconds
