[2025-02-14T14:38:24.369+0000] {processor.py:157} INFO - Started process (PID=227) to work on /home/airflow/.local/lib/python3.8/site-packages/airflow/example_dags/tutorial.py
[2025-02-14T14:38:24.369+0000] {processor.py:829} INFO - Processing file /home/airflow/.local/lib/python3.8/site-packages/airflow/example_dags/tutorial.py for tasks to queue
[2025-02-14T14:38:24.370+0000] {logging_mixin.py:154} INFO - [2025-02-14T14:38:24.370+0000] {dagbag.py:536} INFO - Filling up the DagBag from /home/airflow/.local/lib/python3.8/site-packages/airflow/example_dags/tutorial.py
[2025-02-14T14:38:24.380+0000] {processor.py:839} INFO - DAG(s) dict_keys(['tutorial']) retrieved from /home/airflow/.local/lib/python3.8/site-packages/airflow/example_dags/tutorial.py
[2025-02-14T14:38:24.500+0000] {logging_mixin.py:154} INFO - [2025-02-14T14:38:24.500+0000] {manager.py:499} INFO - Created Permission View: %s
[2025-02-14T14:38:24.508+0000] {logging_mixin.py:154} INFO - [2025-02-14T14:38:24.507+0000] {manager.py:499} INFO - Created Permission View: %s
[2025-02-14T14:38:24.513+0000] {logging_mixin.py:154} INFO - [2025-02-14T14:38:24.512+0000] {manager.py:499} INFO - Created Permission View: %s
[2025-02-14T14:38:24.513+0000] {logging_mixin.py:154} INFO - [2025-02-14T14:38:24.513+0000] {dag.py:2941} INFO - Sync 1 DAGs
[2025-02-14T14:38:24.522+0000] {logging_mixin.py:154} INFO - [2025-02-14T14:38:24.522+0000] {dag.py:2963} INFO - Creating ORM DAG for tutorial
[2025-02-14T14:38:24.532+0000] {logging_mixin.py:154} INFO - [2025-02-14T14:38:24.531+0000] {dag.py:3722} INFO - Setting next_dagrun for tutorial to 2025-02-13T14:38:24.531333+00:00, run_after=2025-02-14T14:38:24.531333+00:00
[2025-02-14T14:38:24.545+0000] {processor.py:179} INFO - Processing /home/airflow/.local/lib/python3.8/site-packages/airflow/example_dags/tutorial.py took 0.181 seconds
[2025-02-14T14:38:55.155+0000] {processor.py:157} INFO - Started process (PID=465) to work on /home/airflow/.local/lib/python3.8/site-packages/airflow/example_dags/tutorial.py
[2025-02-14T14:38:55.161+0000] {processor.py:829} INFO - Processing file /home/airflow/.local/lib/python3.8/site-packages/airflow/example_dags/tutorial.py for tasks to queue
[2025-02-14T14:38:55.164+0000] {logging_mixin.py:154} INFO - [2025-02-14T14:38:55.163+0000] {dagbag.py:536} INFO - Filling up the DagBag from /home/airflow/.local/lib/python3.8/site-packages/airflow/example_dags/tutorial.py
[2025-02-14T14:38:55.184+0000] {processor.py:839} INFO - DAG(s) dict_keys(['tutorial']) retrieved from /home/airflow/.local/lib/python3.8/site-packages/airflow/example_dags/tutorial.py
[2025-02-14T14:38:55.287+0000] {logging_mixin.py:154} INFO - [2025-02-14T14:38:55.279+0000] {dag.py:2941} INFO - Sync 1 DAGs
[2025-02-14T14:38:55.402+0000] {logging_mixin.py:154} INFO - [2025-02-14T14:38:55.402+0000] {dag.py:3722} INFO - Setting next_dagrun for tutorial to 2025-02-13T14:38:55.401286+00:00, run_after=2025-02-14T14:38:55.401286+00:00
[2025-02-14T14:38:55.481+0000] {processor.py:179} INFO - Processing /home/airflow/.local/lib/python3.8/site-packages/airflow/example_dags/tutorial.py took 0.337 seconds
[2025-02-14T14:39:25.805+0000] {processor.py:157} INFO - Started process (PID=705) to work on /home/airflow/.local/lib/python3.8/site-packages/airflow/example_dags/tutorial.py
[2025-02-14T14:39:25.808+0000] {processor.py:829} INFO - Processing file /home/airflow/.local/lib/python3.8/site-packages/airflow/example_dags/tutorial.py for tasks to queue
[2025-02-14T14:39:25.810+0000] {logging_mixin.py:154} INFO - [2025-02-14T14:39:25.809+0000] {dagbag.py:536} INFO - Filling up the DagBag from /home/airflow/.local/lib/python3.8/site-packages/airflow/example_dags/tutorial.py
[2025-02-14T14:39:25.833+0000] {processor.py:839} INFO - DAG(s) dict_keys(['tutorial']) retrieved from /home/airflow/.local/lib/python3.8/site-packages/airflow/example_dags/tutorial.py
[2025-02-14T14:39:25.927+0000] {logging_mixin.py:154} INFO - [2025-02-14T14:39:25.926+0000] {dag.py:2941} INFO - Sync 1 DAGs
[2025-02-14T14:39:26.002+0000] {logging_mixin.py:154} INFO - [2025-02-14T14:39:26.001+0000] {dag.py:3722} INFO - Setting next_dagrun for tutorial to 2025-02-13T14:39:26.000905+00:00, run_after=2025-02-14T14:39:26.000905+00:00
[2025-02-14T14:39:26.052+0000] {processor.py:179} INFO - Processing /home/airflow/.local/lib/python3.8/site-packages/airflow/example_dags/tutorial.py took 0.257 seconds
[2025-02-14T14:39:56.510+0000] {processor.py:157} INFO - Started process (PID=943) to work on /home/airflow/.local/lib/python3.8/site-packages/airflow/example_dags/tutorial.py
[2025-02-14T14:39:56.513+0000] {processor.py:829} INFO - Processing file /home/airflow/.local/lib/python3.8/site-packages/airflow/example_dags/tutorial.py for tasks to queue
[2025-02-14T14:39:56.515+0000] {logging_mixin.py:154} INFO - [2025-02-14T14:39:56.515+0000] {dagbag.py:536} INFO - Filling up the DagBag from /home/airflow/.local/lib/python3.8/site-packages/airflow/example_dags/tutorial.py
[2025-02-14T14:39:56.539+0000] {processor.py:839} INFO - DAG(s) dict_keys(['tutorial']) retrieved from /home/airflow/.local/lib/python3.8/site-packages/airflow/example_dags/tutorial.py
[2025-02-14T14:39:56.606+0000] {logging_mixin.py:154} INFO - [2025-02-14T14:39:56.605+0000] {dag.py:2941} INFO - Sync 1 DAGs
[2025-02-14T14:39:56.689+0000] {logging_mixin.py:154} INFO - [2025-02-14T14:39:56.688+0000] {dag.py:3722} INFO - Setting next_dagrun for tutorial to 2025-02-13T14:39:56.688022+00:00, run_after=2025-02-14T14:39:56.688022+00:00
[2025-02-14T14:39:56.745+0000] {processor.py:179} INFO - Processing /home/airflow/.local/lib/python3.8/site-packages/airflow/example_dags/tutorial.py took 0.244 seconds
[2025-02-14T14:40:26.955+0000] {processor.py:157} INFO - Started process (PID=1181) to work on /home/airflow/.local/lib/python3.8/site-packages/airflow/example_dags/tutorial.py
[2025-02-14T14:40:26.958+0000] {processor.py:829} INFO - Processing file /home/airflow/.local/lib/python3.8/site-packages/airflow/example_dags/tutorial.py for tasks to queue
[2025-02-14T14:40:26.959+0000] {logging_mixin.py:154} INFO - [2025-02-14T14:40:26.959+0000] {dagbag.py:536} INFO - Filling up the DagBag from /home/airflow/.local/lib/python3.8/site-packages/airflow/example_dags/tutorial.py
[2025-02-14T14:40:26.974+0000] {processor.py:839} INFO - DAG(s) dict_keys(['tutorial']) retrieved from /home/airflow/.local/lib/python3.8/site-packages/airflow/example_dags/tutorial.py
[2025-02-14T14:40:27.051+0000] {logging_mixin.py:154} INFO - [2025-02-14T14:40:27.050+0000] {dag.py:2941} INFO - Sync 1 DAGs
[2025-02-14T14:40:27.125+0000] {logging_mixin.py:154} INFO - [2025-02-14T14:40:27.124+0000] {dag.py:3722} INFO - Setting next_dagrun for tutorial to 2025-02-13T14:40:27.123974+00:00, run_after=2025-02-14T14:40:27.123974+00:00
[2025-02-14T14:40:27.174+0000] {processor.py:179} INFO - Processing /home/airflow/.local/lib/python3.8/site-packages/airflow/example_dags/tutorial.py took 0.229 seconds
[2025-02-14T14:40:57.985+0000] {processor.py:157} INFO - Started process (PID=1417) to work on /home/airflow/.local/lib/python3.8/site-packages/airflow/example_dags/tutorial.py
[2025-02-14T14:40:57.988+0000] {processor.py:829} INFO - Processing file /home/airflow/.local/lib/python3.8/site-packages/airflow/example_dags/tutorial.py for tasks to queue
[2025-02-14T14:40:57.991+0000] {logging_mixin.py:154} INFO - [2025-02-14T14:40:57.990+0000] {dagbag.py:536} INFO - Filling up the DagBag from /home/airflow/.local/lib/python3.8/site-packages/airflow/example_dags/tutorial.py
[2025-02-14T14:40:58.010+0000] {processor.py:839} INFO - DAG(s) dict_keys(['tutorial']) retrieved from /home/airflow/.local/lib/python3.8/site-packages/airflow/example_dags/tutorial.py
[2025-02-14T14:40:58.090+0000] {logging_mixin.py:154} INFO - [2025-02-14T14:40:58.090+0000] {dag.py:2941} INFO - Sync 1 DAGs
[2025-02-14T14:40:58.159+0000] {logging_mixin.py:154} INFO - [2025-02-14T14:40:58.159+0000] {dag.py:3722} INFO - Setting next_dagrun for tutorial to 2025-02-13T14:40:58.158442+00:00, run_after=2025-02-14T14:40:58.158442+00:00
[2025-02-14T14:40:58.212+0000] {processor.py:179} INFO - Processing /home/airflow/.local/lib/python3.8/site-packages/airflow/example_dags/tutorial.py took 0.237 seconds
[2025-02-14T14:41:28.518+0000] {processor.py:157} INFO - Started process (PID=1656) to work on /home/airflow/.local/lib/python3.8/site-packages/airflow/example_dags/tutorial.py
[2025-02-14T14:41:28.520+0000] {processor.py:829} INFO - Processing file /home/airflow/.local/lib/python3.8/site-packages/airflow/example_dags/tutorial.py for tasks to queue
[2025-02-14T14:41:28.522+0000] {logging_mixin.py:154} INFO - [2025-02-14T14:41:28.521+0000] {dagbag.py:536} INFO - Filling up the DagBag from /home/airflow/.local/lib/python3.8/site-packages/airflow/example_dags/tutorial.py
[2025-02-14T14:41:28.541+0000] {processor.py:839} INFO - DAG(s) dict_keys(['tutorial']) retrieved from /home/airflow/.local/lib/python3.8/site-packages/airflow/example_dags/tutorial.py
[2025-02-14T14:41:28.609+0000] {logging_mixin.py:154} INFO - [2025-02-14T14:41:28.608+0000] {dag.py:2941} INFO - Sync 1 DAGs
[2025-02-14T14:41:28.672+0000] {logging_mixin.py:154} INFO - [2025-02-14T14:41:28.671+0000] {dag.py:3722} INFO - Setting next_dagrun for tutorial to 2025-02-13T14:41:28.671022+00:00, run_after=2025-02-14T14:41:28.671022+00:00
[2025-02-14T14:41:28.712+0000] {processor.py:179} INFO - Processing /home/airflow/.local/lib/python3.8/site-packages/airflow/example_dags/tutorial.py took 0.205 seconds
[2025-02-14T14:41:58.987+0000] {processor.py:157} INFO - Started process (PID=1892) to work on /home/airflow/.local/lib/python3.8/site-packages/airflow/example_dags/tutorial.py
[2025-02-14T14:41:58.990+0000] {processor.py:829} INFO - Processing file /home/airflow/.local/lib/python3.8/site-packages/airflow/example_dags/tutorial.py for tasks to queue
[2025-02-14T14:41:58.992+0000] {logging_mixin.py:154} INFO - [2025-02-14T14:41:58.992+0000] {dagbag.py:536} INFO - Filling up the DagBag from /home/airflow/.local/lib/python3.8/site-packages/airflow/example_dags/tutorial.py
[2025-02-14T14:41:59.011+0000] {processor.py:839} INFO - DAG(s) dict_keys(['tutorial']) retrieved from /home/airflow/.local/lib/python3.8/site-packages/airflow/example_dags/tutorial.py
[2025-02-14T14:41:59.073+0000] {logging_mixin.py:154} INFO - [2025-02-14T14:41:59.073+0000] {dag.py:2941} INFO - Sync 1 DAGs
[2025-02-14T14:41:59.144+0000] {logging_mixin.py:154} INFO - [2025-02-14T14:41:59.141+0000] {dag.py:3722} INFO - Setting next_dagrun for tutorial to 2025-02-13T14:41:59.140743+00:00, run_after=2025-02-14T14:41:59.140743+00:00
[2025-02-14T14:41:59.267+0000] {processor.py:179} INFO - Processing /home/airflow/.local/lib/python3.8/site-packages/airflow/example_dags/tutorial.py took 0.291 seconds
[2025-02-14T14:42:31.807+0000] {processor.py:157} INFO - Started process (PID=2132) to work on /home/airflow/.local/lib/python3.8/site-packages/airflow/example_dags/tutorial.py
[2025-02-14T14:42:31.812+0000] {processor.py:829} INFO - Processing file /home/airflow/.local/lib/python3.8/site-packages/airflow/example_dags/tutorial.py for tasks to queue
[2025-02-14T14:42:31.816+0000] {logging_mixin.py:154} INFO - [2025-02-14T14:42:31.814+0000] {dagbag.py:536} INFO - Filling up the DagBag from /home/airflow/.local/lib/python3.8/site-packages/airflow/example_dags/tutorial.py
[2025-02-14T14:42:31.845+0000] {processor.py:839} INFO - DAG(s) dict_keys(['tutorial']) retrieved from /home/airflow/.local/lib/python3.8/site-packages/airflow/example_dags/tutorial.py
[2025-02-14T14:42:31.907+0000] {logging_mixin.py:154} INFO - [2025-02-14T14:42:31.906+0000] {dag.py:2941} INFO - Sync 1 DAGs
[2025-02-14T14:42:31.991+0000] {logging_mixin.py:154} INFO - [2025-02-14T14:42:31.991+0000] {dag.py:3722} INFO - Setting next_dagrun for tutorial to 2025-02-13T14:42:31.990049+00:00, run_after=2025-02-14T14:42:31.990049+00:00
[2025-02-14T14:42:32.041+0000] {processor.py:179} INFO - Processing /home/airflow/.local/lib/python3.8/site-packages/airflow/example_dags/tutorial.py took 0.259 seconds
[2025-02-14T14:43:02.539+0000] {processor.py:157} INFO - Started process (PID=2370) to work on /home/airflow/.local/lib/python3.8/site-packages/airflow/example_dags/tutorial.py
[2025-02-14T14:43:02.546+0000] {processor.py:829} INFO - Processing file /home/airflow/.local/lib/python3.8/site-packages/airflow/example_dags/tutorial.py for tasks to queue
[2025-02-14T14:43:02.548+0000] {logging_mixin.py:154} INFO - [2025-02-14T14:43:02.547+0000] {dagbag.py:536} INFO - Filling up the DagBag from /home/airflow/.local/lib/python3.8/site-packages/airflow/example_dags/tutorial.py
[2025-02-14T14:43:02.583+0000] {processor.py:839} INFO - DAG(s) dict_keys(['tutorial']) retrieved from /home/airflow/.local/lib/python3.8/site-packages/airflow/example_dags/tutorial.py
[2025-02-14T14:43:02.711+0000] {logging_mixin.py:154} INFO - [2025-02-14T14:43:02.709+0000] {dag.py:2941} INFO - Sync 1 DAGs
[2025-02-14T14:43:02.825+0000] {logging_mixin.py:154} INFO - [2025-02-14T14:43:02.824+0000] {dag.py:3722} INFO - Setting next_dagrun for tutorial to 2025-02-13T14:43:02.823770+00:00, run_after=2025-02-14T14:43:02.823770+00:00
[2025-02-14T14:43:02.887+0000] {processor.py:179} INFO - Processing /home/airflow/.local/lib/python3.8/site-packages/airflow/example_dags/tutorial.py took 0.366 seconds
[2025-02-14T14:43:33.211+0000] {processor.py:157} INFO - Started process (PID=2606) to work on /home/airflow/.local/lib/python3.8/site-packages/airflow/example_dags/tutorial.py
[2025-02-14T14:43:33.214+0000] {processor.py:829} INFO - Processing file /home/airflow/.local/lib/python3.8/site-packages/airflow/example_dags/tutorial.py for tasks to queue
[2025-02-14T14:43:33.216+0000] {logging_mixin.py:154} INFO - [2025-02-14T14:43:33.215+0000] {dagbag.py:536} INFO - Filling up the DagBag from /home/airflow/.local/lib/python3.8/site-packages/airflow/example_dags/tutorial.py
[2025-02-14T14:43:33.242+0000] {processor.py:839} INFO - DAG(s) dict_keys(['tutorial']) retrieved from /home/airflow/.local/lib/python3.8/site-packages/airflow/example_dags/tutorial.py
[2025-02-14T14:43:33.314+0000] {logging_mixin.py:154} INFO - [2025-02-14T14:43:33.313+0000] {dag.py:2941} INFO - Sync 1 DAGs
[2025-02-14T14:43:33.392+0000] {logging_mixin.py:154} INFO - [2025-02-14T14:43:33.392+0000] {dag.py:3722} INFO - Setting next_dagrun for tutorial to 2025-02-13T14:43:33.389672+00:00, run_after=2025-02-14T14:43:33.389672+00:00
[2025-02-14T14:43:33.465+0000] {processor.py:179} INFO - Processing /home/airflow/.local/lib/python3.8/site-packages/airflow/example_dags/tutorial.py took 0.266 seconds
[2025-02-14T14:44:03.560+0000] {processor.py:157} INFO - Started process (PID=2845) to work on /home/airflow/.local/lib/python3.8/site-packages/airflow/example_dags/tutorial.py
[2025-02-14T14:44:03.563+0000] {processor.py:829} INFO - Processing file /home/airflow/.local/lib/python3.8/site-packages/airflow/example_dags/tutorial.py for tasks to queue
[2025-02-14T14:44:03.564+0000] {logging_mixin.py:154} INFO - [2025-02-14T14:44:03.563+0000] {dagbag.py:536} INFO - Filling up the DagBag from /home/airflow/.local/lib/python3.8/site-packages/airflow/example_dags/tutorial.py
[2025-02-14T14:44:03.581+0000] {processor.py:839} INFO - DAG(s) dict_keys(['tutorial']) retrieved from /home/airflow/.local/lib/python3.8/site-packages/airflow/example_dags/tutorial.py
[2025-02-14T14:44:03.680+0000] {logging_mixin.py:154} INFO - [2025-02-14T14:44:03.679+0000] {dag.py:2941} INFO - Sync 1 DAGs
[2025-02-14T14:44:03.766+0000] {logging_mixin.py:154} INFO - [2025-02-14T14:44:03.766+0000] {dag.py:3722} INFO - Setting next_dagrun for tutorial to 2025-02-13T14:44:03.765322+00:00, run_after=2025-02-14T14:44:03.765322+00:00
[2025-02-14T14:44:03.818+0000] {processor.py:179} INFO - Processing /home/airflow/.local/lib/python3.8/site-packages/airflow/example_dags/tutorial.py took 0.267 seconds
[2025-02-14T14:44:34.742+0000] {processor.py:157} INFO - Started process (PID=3100) to work on /home/airflow/.local/lib/python3.8/site-packages/airflow/example_dags/tutorial.py
[2025-02-14T14:44:34.747+0000] {processor.py:829} INFO - Processing file /home/airflow/.local/lib/python3.8/site-packages/airflow/example_dags/tutorial.py for tasks to queue
[2025-02-14T14:44:34.749+0000] {logging_mixin.py:154} INFO - [2025-02-14T14:44:34.748+0000] {dagbag.py:536} INFO - Filling up the DagBag from /home/airflow/.local/lib/python3.8/site-packages/airflow/example_dags/tutorial.py
[2025-02-14T14:44:34.769+0000] {processor.py:839} INFO - DAG(s) dict_keys(['tutorial']) retrieved from /home/airflow/.local/lib/python3.8/site-packages/airflow/example_dags/tutorial.py
[2025-02-14T14:44:34.824+0000] {logging_mixin.py:154} INFO - [2025-02-14T14:44:34.823+0000] {dag.py:2941} INFO - Sync 1 DAGs
[2025-02-14T14:44:34.885+0000] {logging_mixin.py:154} INFO - [2025-02-14T14:44:34.885+0000] {dag.py:3722} INFO - Setting next_dagrun for tutorial to 2025-02-13T14:44:34.884597+00:00, run_after=2025-02-14T14:44:34.884597+00:00
[2025-02-14T14:44:34.942+0000] {processor.py:179} INFO - Processing /home/airflow/.local/lib/python3.8/site-packages/airflow/example_dags/tutorial.py took 0.212 seconds
[2025-02-14T14:45:05.113+0000] {processor.py:157} INFO - Started process (PID=3349) to work on /home/airflow/.local/lib/python3.8/site-packages/airflow/example_dags/tutorial.py
[2025-02-14T14:45:05.116+0000] {processor.py:829} INFO - Processing file /home/airflow/.local/lib/python3.8/site-packages/airflow/example_dags/tutorial.py for tasks to queue
[2025-02-14T14:45:05.118+0000] {logging_mixin.py:154} INFO - [2025-02-14T14:45:05.117+0000] {dagbag.py:536} INFO - Filling up the DagBag from /home/airflow/.local/lib/python3.8/site-packages/airflow/example_dags/tutorial.py
[2025-02-14T14:45:05.139+0000] {processor.py:839} INFO - DAG(s) dict_keys(['tutorial']) retrieved from /home/airflow/.local/lib/python3.8/site-packages/airflow/example_dags/tutorial.py
[2025-02-14T14:45:05.206+0000] {logging_mixin.py:154} INFO - [2025-02-14T14:45:05.206+0000] {dag.py:2941} INFO - Sync 1 DAGs
[2025-02-14T14:45:05.268+0000] {logging_mixin.py:154} INFO - [2025-02-14T14:45:05.268+0000] {dag.py:3722} INFO - Setting next_dagrun for tutorial to 2025-02-13T14:45:05.267275+00:00, run_after=2025-02-14T14:45:05.267275+00:00
[2025-02-14T14:45:05.321+0000] {processor.py:179} INFO - Processing /home/airflow/.local/lib/python3.8/site-packages/airflow/example_dags/tutorial.py took 0.218 seconds
[2025-02-14T14:45:36.427+0000] {processor.py:157} INFO - Started process (PID=3590) to work on /home/airflow/.local/lib/python3.8/site-packages/airflow/example_dags/tutorial.py
[2025-02-14T14:45:36.431+0000] {processor.py:829} INFO - Processing file /home/airflow/.local/lib/python3.8/site-packages/airflow/example_dags/tutorial.py for tasks to queue
[2025-02-14T14:45:36.434+0000] {logging_mixin.py:154} INFO - [2025-02-14T14:45:36.433+0000] {dagbag.py:536} INFO - Filling up the DagBag from /home/airflow/.local/lib/python3.8/site-packages/airflow/example_dags/tutorial.py
[2025-02-14T14:45:36.456+0000] {processor.py:839} INFO - DAG(s) dict_keys(['tutorial']) retrieved from /home/airflow/.local/lib/python3.8/site-packages/airflow/example_dags/tutorial.py
[2025-02-14T14:45:36.515+0000] {logging_mixin.py:154} INFO - [2025-02-14T14:45:36.515+0000] {dag.py:2941} INFO - Sync 1 DAGs
[2025-02-14T14:45:36.587+0000] {logging_mixin.py:154} INFO - [2025-02-14T14:45:36.587+0000] {dag.py:3722} INFO - Setting next_dagrun for tutorial to 2025-02-13T14:45:36.586509+00:00, run_after=2025-02-14T14:45:36.586509+00:00
[2025-02-14T14:45:36.633+0000] {processor.py:179} INFO - Processing /home/airflow/.local/lib/python3.8/site-packages/airflow/example_dags/tutorial.py took 0.219 seconds
[2025-02-14T14:46:06.719+0000] {processor.py:157} INFO - Started process (PID=3824) to work on /home/airflow/.local/lib/python3.8/site-packages/airflow/example_dags/tutorial.py
[2025-02-14T14:46:06.721+0000] {processor.py:829} INFO - Processing file /home/airflow/.local/lib/python3.8/site-packages/airflow/example_dags/tutorial.py for tasks to queue
[2025-02-14T14:46:06.726+0000] {logging_mixin.py:154} INFO - [2025-02-14T14:46:06.725+0000] {dagbag.py:536} INFO - Filling up the DagBag from /home/airflow/.local/lib/python3.8/site-packages/airflow/example_dags/tutorial.py
[2025-02-14T14:46:06.745+0000] {processor.py:839} INFO - DAG(s) dict_keys(['tutorial']) retrieved from /home/airflow/.local/lib/python3.8/site-packages/airflow/example_dags/tutorial.py
[2025-02-14T14:46:06.798+0000] {logging_mixin.py:154} INFO - [2025-02-14T14:46:06.798+0000] {dag.py:2941} INFO - Sync 1 DAGs
[2025-02-14T14:46:06.871+0000] {logging_mixin.py:154} INFO - [2025-02-14T14:46:06.870+0000] {dag.py:3722} INFO - Setting next_dagrun for tutorial to 2025-02-13T14:46:06.869633+00:00, run_after=2025-02-14T14:46:06.869633+00:00
[2025-02-14T14:46:06.917+0000] {processor.py:179} INFO - Processing /home/airflow/.local/lib/python3.8/site-packages/airflow/example_dags/tutorial.py took 0.209 seconds
[2025-02-14T14:46:37.718+0000] {processor.py:157} INFO - Started process (PID=4059) to work on /home/airflow/.local/lib/python3.8/site-packages/airflow/example_dags/tutorial.py
[2025-02-14T14:46:37.722+0000] {processor.py:829} INFO - Processing file /home/airflow/.local/lib/python3.8/site-packages/airflow/example_dags/tutorial.py for tasks to queue
[2025-02-14T14:46:37.724+0000] {logging_mixin.py:154} INFO - [2025-02-14T14:46:37.723+0000] {dagbag.py:536} INFO - Filling up the DagBag from /home/airflow/.local/lib/python3.8/site-packages/airflow/example_dags/tutorial.py
[2025-02-14T14:46:37.744+0000] {processor.py:839} INFO - DAG(s) dict_keys(['tutorial']) retrieved from /home/airflow/.local/lib/python3.8/site-packages/airflow/example_dags/tutorial.py
[2025-02-14T14:46:37.807+0000] {logging_mixin.py:154} INFO - [2025-02-14T14:46:37.806+0000] {dag.py:2941} INFO - Sync 1 DAGs
[2025-02-14T14:46:37.871+0000] {logging_mixin.py:154} INFO - [2025-02-14T14:46:37.870+0000] {dag.py:3722} INFO - Setting next_dagrun for tutorial to 2025-02-13T14:46:37.869942+00:00, run_after=2025-02-14T14:46:37.869942+00:00
[2025-02-14T14:46:37.931+0000] {processor.py:179} INFO - Processing /home/airflow/.local/lib/python3.8/site-packages/airflow/example_dags/tutorial.py took 0.223 seconds
[2025-02-14T14:47:08.422+0000] {processor.py:157} INFO - Started process (PID=4297) to work on /home/airflow/.local/lib/python3.8/site-packages/airflow/example_dags/tutorial.py
[2025-02-14T14:47:08.425+0000] {processor.py:829} INFO - Processing file /home/airflow/.local/lib/python3.8/site-packages/airflow/example_dags/tutorial.py for tasks to queue
[2025-02-14T14:47:08.427+0000] {logging_mixin.py:154} INFO - [2025-02-14T14:47:08.426+0000] {dagbag.py:536} INFO - Filling up the DagBag from /home/airflow/.local/lib/python3.8/site-packages/airflow/example_dags/tutorial.py
[2025-02-14T14:47:08.449+0000] {processor.py:839} INFO - DAG(s) dict_keys(['tutorial']) retrieved from /home/airflow/.local/lib/python3.8/site-packages/airflow/example_dags/tutorial.py
[2025-02-14T14:47:08.520+0000] {logging_mixin.py:154} INFO - [2025-02-14T14:47:08.520+0000] {dag.py:2941} INFO - Sync 1 DAGs
[2025-02-14T14:47:08.601+0000] {logging_mixin.py:154} INFO - [2025-02-14T14:47:08.600+0000] {dag.py:3722} INFO - Setting next_dagrun for tutorial to 2025-02-13T14:47:08.599775+00:00, run_after=2025-02-14T14:47:08.599775+00:00
[2025-02-14T14:47:08.654+0000] {processor.py:179} INFO - Processing /home/airflow/.local/lib/python3.8/site-packages/airflow/example_dags/tutorial.py took 0.241 seconds
[2025-02-14T14:47:39.492+0000] {processor.py:157} INFO - Started process (PID=4534) to work on /home/airflow/.local/lib/python3.8/site-packages/airflow/example_dags/tutorial.py
[2025-02-14T14:47:39.495+0000] {processor.py:829} INFO - Processing file /home/airflow/.local/lib/python3.8/site-packages/airflow/example_dags/tutorial.py for tasks to queue
[2025-02-14T14:47:39.498+0000] {logging_mixin.py:154} INFO - [2025-02-14T14:47:39.498+0000] {dagbag.py:536} INFO - Filling up the DagBag from /home/airflow/.local/lib/python3.8/site-packages/airflow/example_dags/tutorial.py
[2025-02-14T14:47:39.524+0000] {processor.py:839} INFO - DAG(s) dict_keys(['tutorial']) retrieved from /home/airflow/.local/lib/python3.8/site-packages/airflow/example_dags/tutorial.py
[2025-02-14T14:47:39.602+0000] {logging_mixin.py:154} INFO - [2025-02-14T14:47:39.601+0000] {dag.py:2941} INFO - Sync 1 DAGs
[2025-02-14T14:47:39.689+0000] {logging_mixin.py:154} INFO - [2025-02-14T14:47:39.688+0000] {dag.py:3722} INFO - Setting next_dagrun for tutorial to 2025-02-13T14:47:39.683847+00:00, run_after=2025-02-14T14:47:39.683847+00:00
[2025-02-14T14:47:39.757+0000] {processor.py:179} INFO - Processing /home/airflow/.local/lib/python3.8/site-packages/airflow/example_dags/tutorial.py took 0.282 seconds
[2025-02-14T14:48:10.364+0000] {processor.py:157} INFO - Started process (PID=4778) to work on /home/airflow/.local/lib/python3.8/site-packages/airflow/example_dags/tutorial.py
[2025-02-14T14:48:10.365+0000] {processor.py:829} INFO - Processing file /home/airflow/.local/lib/python3.8/site-packages/airflow/example_dags/tutorial.py for tasks to queue
[2025-02-14T14:48:10.365+0000] {logging_mixin.py:154} INFO - [2025-02-14T14:48:10.365+0000] {dagbag.py:536} INFO - Filling up the DagBag from /home/airflow/.local/lib/python3.8/site-packages/airflow/example_dags/tutorial.py
[2025-02-14T14:48:10.372+0000] {processor.py:839} INFO - DAG(s) dict_keys(['tutorial']) retrieved from /home/airflow/.local/lib/python3.8/site-packages/airflow/example_dags/tutorial.py
[2025-02-14T14:48:10.406+0000] {logging_mixin.py:154} INFO - [2025-02-14T14:48:10.406+0000] {dag.py:2941} INFO - Sync 1 DAGs
[2025-02-14T14:48:10.430+0000] {logging_mixin.py:154} INFO - [2025-02-14T14:48:10.430+0000] {dag.py:3722} INFO - Setting next_dagrun for tutorial to 2025-02-13T14:48:10.429887+00:00, run_after=2025-02-14T14:48:10.429887+00:00
[2025-02-14T14:48:10.456+0000] {processor.py:179} INFO - Processing /home/airflow/.local/lib/python3.8/site-packages/airflow/example_dags/tutorial.py took 0.096 seconds
[2025-02-14T14:48:41.477+0000] {processor.py:157} INFO - Started process (PID=5016) to work on /home/airflow/.local/lib/python3.8/site-packages/airflow/example_dags/tutorial.py
[2025-02-14T14:48:41.479+0000] {processor.py:829} INFO - Processing file /home/airflow/.local/lib/python3.8/site-packages/airflow/example_dags/tutorial.py for tasks to queue
[2025-02-14T14:48:41.480+0000] {logging_mixin.py:154} INFO - [2025-02-14T14:48:41.480+0000] {dagbag.py:536} INFO - Filling up the DagBag from /home/airflow/.local/lib/python3.8/site-packages/airflow/example_dags/tutorial.py
[2025-02-14T14:48:41.497+0000] {processor.py:839} INFO - DAG(s) dict_keys(['tutorial']) retrieved from /home/airflow/.local/lib/python3.8/site-packages/airflow/example_dags/tutorial.py
[2025-02-14T14:48:41.548+0000] {logging_mixin.py:154} INFO - [2025-02-14T14:48:41.548+0000] {dag.py:2941} INFO - Sync 1 DAGs
[2025-02-14T14:48:41.614+0000] {logging_mixin.py:154} INFO - [2025-02-14T14:48:41.613+0000] {dag.py:3722} INFO - Setting next_dagrun for tutorial to 2025-02-13T14:48:41.612420+00:00, run_after=2025-02-14T14:48:41.612420+00:00
[2025-02-14T14:48:41.660+0000] {processor.py:179} INFO - Processing /home/airflow/.local/lib/python3.8/site-packages/airflow/example_dags/tutorial.py took 0.205 seconds
[2025-02-14T14:49:13.019+0000] {processor.py:157} INFO - Started process (PID=5259) to work on /home/airflow/.local/lib/python3.8/site-packages/airflow/example_dags/tutorial.py
[2025-02-14T14:49:13.021+0000] {processor.py:829} INFO - Processing file /home/airflow/.local/lib/python3.8/site-packages/airflow/example_dags/tutorial.py for tasks to queue
[2025-02-14T14:49:13.023+0000] {logging_mixin.py:154} INFO - [2025-02-14T14:49:13.023+0000] {dagbag.py:536} INFO - Filling up the DagBag from /home/airflow/.local/lib/python3.8/site-packages/airflow/example_dags/tutorial.py
[2025-02-14T14:49:13.052+0000] {processor.py:839} INFO - DAG(s) dict_keys(['tutorial']) retrieved from /home/airflow/.local/lib/python3.8/site-packages/airflow/example_dags/tutorial.py
[2025-02-14T14:49:13.123+0000] {logging_mixin.py:154} INFO - [2025-02-14T14:49:13.122+0000] {dag.py:2941} INFO - Sync 1 DAGs
[2025-02-14T14:49:13.195+0000] {logging_mixin.py:154} INFO - [2025-02-14T14:49:13.194+0000] {dag.py:3722} INFO - Setting next_dagrun for tutorial to 2025-02-13T14:49:13.194298+00:00, run_after=2025-02-14T14:49:13.194298+00:00
[2025-02-14T14:49:13.269+0000] {processor.py:179} INFO - Processing /home/airflow/.local/lib/python3.8/site-packages/airflow/example_dags/tutorial.py took 0.261 seconds
[2025-02-14T14:49:43.682+0000] {processor.py:157} INFO - Started process (PID=5496) to work on /home/airflow/.local/lib/python3.8/site-packages/airflow/example_dags/tutorial.py
[2025-02-14T14:49:43.685+0000] {processor.py:829} INFO - Processing file /home/airflow/.local/lib/python3.8/site-packages/airflow/example_dags/tutorial.py for tasks to queue
[2025-02-14T14:49:43.688+0000] {logging_mixin.py:154} INFO - [2025-02-14T14:49:43.687+0000] {dagbag.py:536} INFO - Filling up the DagBag from /home/airflow/.local/lib/python3.8/site-packages/airflow/example_dags/tutorial.py
[2025-02-14T14:49:43.712+0000] {processor.py:839} INFO - DAG(s) dict_keys(['tutorial']) retrieved from /home/airflow/.local/lib/python3.8/site-packages/airflow/example_dags/tutorial.py
[2025-02-14T14:49:43.786+0000] {logging_mixin.py:154} INFO - [2025-02-14T14:49:43.785+0000] {dag.py:2941} INFO - Sync 1 DAGs
[2025-02-14T14:49:43.860+0000] {logging_mixin.py:154} INFO - [2025-02-14T14:49:43.859+0000] {dag.py:3722} INFO - Setting next_dagrun for tutorial to 2025-02-13T14:49:43.858796+00:00, run_after=2025-02-14T14:49:43.858796+00:00
[2025-02-14T14:49:43.927+0000] {processor.py:179} INFO - Processing /home/airflow/.local/lib/python3.8/site-packages/airflow/example_dags/tutorial.py took 0.255 seconds
[2025-02-14T14:50:14.793+0000] {processor.py:157} INFO - Started process (PID=5739) to work on /home/airflow/.local/lib/python3.8/site-packages/airflow/example_dags/tutorial.py
[2025-02-14T14:50:14.797+0000] {processor.py:829} INFO - Processing file /home/airflow/.local/lib/python3.8/site-packages/airflow/example_dags/tutorial.py for tasks to queue
[2025-02-14T14:50:14.798+0000] {logging_mixin.py:154} INFO - [2025-02-14T14:50:14.798+0000] {dagbag.py:536} INFO - Filling up the DagBag from /home/airflow/.local/lib/python3.8/site-packages/airflow/example_dags/tutorial.py
[2025-02-14T14:50:14.817+0000] {processor.py:839} INFO - DAG(s) dict_keys(['tutorial']) retrieved from /home/airflow/.local/lib/python3.8/site-packages/airflow/example_dags/tutorial.py
[2025-02-14T14:50:14.888+0000] {logging_mixin.py:154} INFO - [2025-02-14T14:50:14.887+0000] {dag.py:2941} INFO - Sync 1 DAGs
[2025-02-14T14:50:14.975+0000] {logging_mixin.py:154} INFO - [2025-02-14T14:50:14.974+0000] {dag.py:3722} INFO - Setting next_dagrun for tutorial to 2025-02-13T14:50:14.973990+00:00, run_after=2025-02-14T14:50:14.973990+00:00
[2025-02-14T14:50:15.038+0000] {processor.py:179} INFO - Processing /home/airflow/.local/lib/python3.8/site-packages/airflow/example_dags/tutorial.py took 0.256 seconds
[2025-02-14T14:50:46.160+0000] {processor.py:157} INFO - Started process (PID=5980) to work on /home/airflow/.local/lib/python3.8/site-packages/airflow/example_dags/tutorial.py
[2025-02-14T14:50:46.163+0000] {processor.py:829} INFO - Processing file /home/airflow/.local/lib/python3.8/site-packages/airflow/example_dags/tutorial.py for tasks to queue
[2025-02-14T14:50:46.166+0000] {logging_mixin.py:154} INFO - [2025-02-14T14:50:46.166+0000] {dagbag.py:536} INFO - Filling up the DagBag from /home/airflow/.local/lib/python3.8/site-packages/airflow/example_dags/tutorial.py
[2025-02-14T14:50:46.189+0000] {processor.py:839} INFO - DAG(s) dict_keys(['tutorial']) retrieved from /home/airflow/.local/lib/python3.8/site-packages/airflow/example_dags/tutorial.py
[2025-02-14T14:50:46.327+0000] {logging_mixin.py:154} INFO - [2025-02-14T14:50:46.326+0000] {dag.py:2941} INFO - Sync 1 DAGs
[2025-02-14T14:50:46.433+0000] {logging_mixin.py:154} INFO - [2025-02-14T14:50:46.433+0000] {dag.py:3722} INFO - Setting next_dagrun for tutorial to 2025-02-13T14:50:46.431549+00:00, run_after=2025-02-14T14:50:46.431549+00:00
[2025-02-14T14:50:46.513+0000] {processor.py:179} INFO - Processing /home/airflow/.local/lib/python3.8/site-packages/airflow/example_dags/tutorial.py took 0.364 seconds
[2025-02-14T14:51:17.442+0000] {processor.py:157} INFO - Started process (PID=6218) to work on /home/airflow/.local/lib/python3.8/site-packages/airflow/example_dags/tutorial.py
[2025-02-14T14:51:17.445+0000] {processor.py:829} INFO - Processing file /home/airflow/.local/lib/python3.8/site-packages/airflow/example_dags/tutorial.py for tasks to queue
[2025-02-14T14:51:17.447+0000] {logging_mixin.py:154} INFO - [2025-02-14T14:51:17.446+0000] {dagbag.py:536} INFO - Filling up the DagBag from /home/airflow/.local/lib/python3.8/site-packages/airflow/example_dags/tutorial.py
[2025-02-14T14:51:17.497+0000] {processor.py:839} INFO - DAG(s) dict_keys(['tutorial']) retrieved from /home/airflow/.local/lib/python3.8/site-packages/airflow/example_dags/tutorial.py
[2025-02-14T14:51:17.584+0000] {logging_mixin.py:154} INFO - [2025-02-14T14:51:17.583+0000] {dag.py:2941} INFO - Sync 1 DAGs
[2025-02-14T14:51:17.663+0000] {logging_mixin.py:154} INFO - [2025-02-14T14:51:17.663+0000] {dag.py:3722} INFO - Setting next_dagrun for tutorial to 2025-02-13T14:51:17.662659+00:00, run_after=2025-02-14T14:51:17.662659+00:00
[2025-02-14T14:51:17.745+0000] {processor.py:179} INFO - Processing /home/airflow/.local/lib/python3.8/site-packages/airflow/example_dags/tutorial.py took 0.315 seconds
[2025-02-14T14:51:48.054+0000] {processor.py:157} INFO - Started process (PID=6458) to work on /home/airflow/.local/lib/python3.8/site-packages/airflow/example_dags/tutorial.py
[2025-02-14T14:51:48.066+0000] {processor.py:829} INFO - Processing file /home/airflow/.local/lib/python3.8/site-packages/airflow/example_dags/tutorial.py for tasks to queue
[2025-02-14T14:51:48.075+0000] {logging_mixin.py:154} INFO - [2025-02-14T14:51:48.071+0000] {dagbag.py:536} INFO - Filling up the DagBag from /home/airflow/.local/lib/python3.8/site-packages/airflow/example_dags/tutorial.py
[2025-02-14T14:51:48.138+0000] {processor.py:839} INFO - DAG(s) dict_keys(['tutorial']) retrieved from /home/airflow/.local/lib/python3.8/site-packages/airflow/example_dags/tutorial.py
[2025-02-14T14:51:48.257+0000] {logging_mixin.py:154} INFO - [2025-02-14T14:51:48.256+0000] {dag.py:2941} INFO - Sync 1 DAGs
[2025-02-14T14:51:48.327+0000] {logging_mixin.py:154} INFO - [2025-02-14T14:51:48.326+0000] {dag.py:3722} INFO - Setting next_dagrun for tutorial to 2025-02-13T14:51:48.325846+00:00, run_after=2025-02-14T14:51:48.325846+00:00
[2025-02-14T14:51:48.370+0000] {processor.py:179} INFO - Processing /home/airflow/.local/lib/python3.8/site-packages/airflow/example_dags/tutorial.py took 0.345 seconds
[2025-02-14T14:52:18.664+0000] {processor.py:157} INFO - Started process (PID=6696) to work on /home/airflow/.local/lib/python3.8/site-packages/airflow/example_dags/tutorial.py
[2025-02-14T14:52:18.666+0000] {processor.py:829} INFO - Processing file /home/airflow/.local/lib/python3.8/site-packages/airflow/example_dags/tutorial.py for tasks to queue
[2025-02-14T14:52:18.670+0000] {logging_mixin.py:154} INFO - [2025-02-14T14:52:18.667+0000] {dagbag.py:536} INFO - Filling up the DagBag from /home/airflow/.local/lib/python3.8/site-packages/airflow/example_dags/tutorial.py
[2025-02-14T14:52:18.700+0000] {processor.py:839} INFO - DAG(s) dict_keys(['tutorial']) retrieved from /home/airflow/.local/lib/python3.8/site-packages/airflow/example_dags/tutorial.py
[2025-02-14T14:52:18.776+0000] {logging_mixin.py:154} INFO - [2025-02-14T14:52:18.776+0000] {dag.py:2941} INFO - Sync 1 DAGs
[2025-02-14T14:52:18.914+0000] {logging_mixin.py:154} INFO - [2025-02-14T14:52:18.913+0000] {dag.py:3722} INFO - Setting next_dagrun for tutorial to 2025-02-13T14:52:18.910575+00:00, run_after=2025-02-14T14:52:18.910575+00:00
[2025-02-14T14:52:18.981+0000] {processor.py:179} INFO - Processing /home/airflow/.local/lib/python3.8/site-packages/airflow/example_dags/tutorial.py took 0.342 seconds
[2025-02-14T14:52:49.462+0000] {processor.py:157} INFO - Started process (PID=6932) to work on /home/airflow/.local/lib/python3.8/site-packages/airflow/example_dags/tutorial.py
[2025-02-14T14:52:49.465+0000] {processor.py:829} INFO - Processing file /home/airflow/.local/lib/python3.8/site-packages/airflow/example_dags/tutorial.py for tasks to queue
[2025-02-14T14:52:49.468+0000] {logging_mixin.py:154} INFO - [2025-02-14T14:52:49.467+0000] {dagbag.py:536} INFO - Filling up the DagBag from /home/airflow/.local/lib/python3.8/site-packages/airflow/example_dags/tutorial.py
[2025-02-14T14:52:49.493+0000] {processor.py:839} INFO - DAG(s) dict_keys(['tutorial']) retrieved from /home/airflow/.local/lib/python3.8/site-packages/airflow/example_dags/tutorial.py
[2025-02-14T14:52:49.559+0000] {logging_mixin.py:154} INFO - [2025-02-14T14:52:49.559+0000] {dag.py:2941} INFO - Sync 1 DAGs
[2025-02-14T14:52:49.636+0000] {logging_mixin.py:154} INFO - [2025-02-14T14:52:49.636+0000] {dag.py:3722} INFO - Setting next_dagrun for tutorial to 2025-02-13T14:52:49.635100+00:00, run_after=2025-02-14T14:52:49.635100+00:00
[2025-02-14T14:52:49.698+0000] {processor.py:179} INFO - Processing /home/airflow/.local/lib/python3.8/site-packages/airflow/example_dags/tutorial.py took 0.248 seconds
[2025-02-14T14:53:20.188+0000] {processor.py:157} INFO - Started process (PID=7170) to work on /home/airflow/.local/lib/python3.8/site-packages/airflow/example_dags/tutorial.py
[2025-02-14T14:53:20.190+0000] {processor.py:829} INFO - Processing file /home/airflow/.local/lib/python3.8/site-packages/airflow/example_dags/tutorial.py for tasks to queue
[2025-02-14T14:53:20.196+0000] {logging_mixin.py:154} INFO - [2025-02-14T14:53:20.196+0000] {dagbag.py:536} INFO - Filling up the DagBag from /home/airflow/.local/lib/python3.8/site-packages/airflow/example_dags/tutorial.py
[2025-02-14T14:53:20.216+0000] {processor.py:839} INFO - DAG(s) dict_keys(['tutorial']) retrieved from /home/airflow/.local/lib/python3.8/site-packages/airflow/example_dags/tutorial.py
[2025-02-14T14:53:20.310+0000] {logging_mixin.py:154} INFO - [2025-02-14T14:53:20.309+0000] {dag.py:2941} INFO - Sync 1 DAGs
[2025-02-14T14:53:20.375+0000] {logging_mixin.py:154} INFO - [2025-02-14T14:53:20.374+0000] {dag.py:3722} INFO - Setting next_dagrun for tutorial to 2025-02-13T14:53:20.374334+00:00, run_after=2025-02-14T14:53:20.374334+00:00
[2025-02-14T14:53:20.438+0000] {processor.py:179} INFO - Processing /home/airflow/.local/lib/python3.8/site-packages/airflow/example_dags/tutorial.py took 0.264 seconds
[2025-02-14T14:53:50.919+0000] {processor.py:157} INFO - Started process (PID=7414) to work on /home/airflow/.local/lib/python3.8/site-packages/airflow/example_dags/tutorial.py
[2025-02-14T14:53:50.922+0000] {processor.py:829} INFO - Processing file /home/airflow/.local/lib/python3.8/site-packages/airflow/example_dags/tutorial.py for tasks to queue
[2025-02-14T14:53:50.924+0000] {logging_mixin.py:154} INFO - [2025-02-14T14:53:50.923+0000] {dagbag.py:536} INFO - Filling up the DagBag from /home/airflow/.local/lib/python3.8/site-packages/airflow/example_dags/tutorial.py
[2025-02-14T14:53:50.946+0000] {processor.py:839} INFO - DAG(s) dict_keys(['tutorial']) retrieved from /home/airflow/.local/lib/python3.8/site-packages/airflow/example_dags/tutorial.py
[2025-02-14T14:53:51.027+0000] {logging_mixin.py:154} INFO - [2025-02-14T14:53:51.023+0000] {dag.py:2941} INFO - Sync 1 DAGs
[2025-02-14T14:53:51.097+0000] {logging_mixin.py:154} INFO - [2025-02-14T14:53:51.097+0000] {dag.py:3722} INFO - Setting next_dagrun for tutorial to 2025-02-13T14:53:51.096549+00:00, run_after=2025-02-14T14:53:51.096549+00:00
[2025-02-14T14:53:51.149+0000] {processor.py:179} INFO - Processing /home/airflow/.local/lib/python3.8/site-packages/airflow/example_dags/tutorial.py took 0.242 seconds
