[2025-02-14T14:38:25.187+0000] {processor.py:157} INFO - Started process (PID=264) to work on /home/airflow/.local/lib/python3.8/site-packages/airflow/example_dags/tutorial_taskflow_api.py
[2025-02-14T14:38:25.188+0000] {processor.py:829} INFO - Processing file /home/airflow/.local/lib/python3.8/site-packages/airflow/example_dags/tutorial_taskflow_api.py for tasks to queue
[2025-02-14T14:38:25.188+0000] {logging_mixin.py:154} INFO - [2025-02-14T14:38:25.188+0000] {dagbag.py:536} INFO - Filling up the DagBag from /home/airflow/.local/lib/python3.8/site-packages/airflow/example_dags/tutorial_taskflow_api.py
[2025-02-14T14:38:25.200+0000] {processor.py:839} INFO - DAG(s) dict_keys(['tutorial_taskflow_api']) retrieved from /home/airflow/.local/lib/python3.8/site-packages/airflow/example_dags/tutorial_taskflow_api.py
[2025-02-14T14:38:25.307+0000] {logging_mixin.py:154} INFO - [2025-02-14T14:38:25.307+0000] {manager.py:499} INFO - Created Permission View: %s
[2025-02-14T14:38:25.314+0000] {logging_mixin.py:154} INFO - [2025-02-14T14:38:25.314+0000] {manager.py:499} INFO - Created Permission View: %s
[2025-02-14T14:38:25.319+0000] {logging_mixin.py:154} INFO - [2025-02-14T14:38:25.319+0000] {manager.py:499} INFO - Created Permission View: %s
[2025-02-14T14:38:25.319+0000] {logging_mixin.py:154} INFO - [2025-02-14T14:38:25.319+0000] {dag.py:2941} INFO - Sync 1 DAGs
[2025-02-14T14:38:25.328+0000] {logging_mixin.py:154} INFO - [2025-02-14T14:38:25.328+0000] {dag.py:2963} INFO - Creating ORM DAG for tutorial_taskflow_api
[2025-02-14T14:38:25.328+0000] {logging_mixin.py:154} INFO - [2025-02-14T14:38:25.328+0000] {dag.py:3722} INFO - Setting next_dagrun for tutorial_taskflow_api to None, run_after=None
[2025-02-14T14:38:25.342+0000] {processor.py:179} INFO - Processing /home/airflow/.local/lib/python3.8/site-packages/airflow/example_dags/tutorial_taskflow_api.py took 0.160 seconds
[2025-02-14T14:38:56.616+0000] {processor.py:157} INFO - Started process (PID=500) to work on /home/airflow/.local/lib/python3.8/site-packages/airflow/example_dags/tutorial_taskflow_api.py
[2025-02-14T14:38:56.619+0000] {processor.py:829} INFO - Processing file /home/airflow/.local/lib/python3.8/site-packages/airflow/example_dags/tutorial_taskflow_api.py for tasks to queue
[2025-02-14T14:38:56.623+0000] {logging_mixin.py:154} INFO - [2025-02-14T14:38:56.622+0000] {dagbag.py:536} INFO - Filling up the DagBag from /home/airflow/.local/lib/python3.8/site-packages/airflow/example_dags/tutorial_taskflow_api.py
[2025-02-14T14:38:56.689+0000] {processor.py:839} INFO - DAG(s) dict_keys(['tutorial_taskflow_api']) retrieved from /home/airflow/.local/lib/python3.8/site-packages/airflow/example_dags/tutorial_taskflow_api.py
[2025-02-14T14:38:56.770+0000] {logging_mixin.py:154} INFO - [2025-02-14T14:38:56.770+0000] {dag.py:2941} INFO - Sync 1 DAGs
[2025-02-14T14:38:56.817+0000] {logging_mixin.py:154} INFO - [2025-02-14T14:38:56.816+0000] {dag.py:3722} INFO - Setting next_dagrun for tutorial_taskflow_api to None, run_after=None
[2025-02-14T14:38:56.867+0000] {processor.py:179} INFO - Processing /home/airflow/.local/lib/python3.8/site-packages/airflow/example_dags/tutorial_taskflow_api.py took 0.264 seconds
[2025-02-14T14:39:27.403+0000] {processor.py:157} INFO - Started process (PID=740) to work on /home/airflow/.local/lib/python3.8/site-packages/airflow/example_dags/tutorial_taskflow_api.py
[2025-02-14T14:39:27.411+0000] {processor.py:829} INFO - Processing file /home/airflow/.local/lib/python3.8/site-packages/airflow/example_dags/tutorial_taskflow_api.py for tasks to queue
[2025-02-14T14:39:27.421+0000] {logging_mixin.py:154} INFO - [2025-02-14T14:39:27.420+0000] {dagbag.py:536} INFO - Filling up the DagBag from /home/airflow/.local/lib/python3.8/site-packages/airflow/example_dags/tutorial_taskflow_api.py
[2025-02-14T14:39:27.438+0000] {processor.py:839} INFO - DAG(s) dict_keys(['tutorial_taskflow_api']) retrieved from /home/airflow/.local/lib/python3.8/site-packages/airflow/example_dags/tutorial_taskflow_api.py
[2025-02-14T14:39:27.512+0000] {logging_mixin.py:154} INFO - [2025-02-14T14:39:27.511+0000] {dag.py:2941} INFO - Sync 1 DAGs
[2025-02-14T14:39:27.549+0000] {logging_mixin.py:154} INFO - [2025-02-14T14:39:27.548+0000] {dag.py:3722} INFO - Setting next_dagrun for tutorial_taskflow_api to None, run_after=None
[2025-02-14T14:39:27.601+0000] {processor.py:179} INFO - Processing /home/airflow/.local/lib/python3.8/site-packages/airflow/example_dags/tutorial_taskflow_api.py took 0.213 seconds
[2025-02-14T14:39:58.030+0000] {processor.py:157} INFO - Started process (PID=978) to work on /home/airflow/.local/lib/python3.8/site-packages/airflow/example_dags/tutorial_taskflow_api.py
[2025-02-14T14:39:58.033+0000] {processor.py:829} INFO - Processing file /home/airflow/.local/lib/python3.8/site-packages/airflow/example_dags/tutorial_taskflow_api.py for tasks to queue
[2025-02-14T14:39:58.035+0000] {logging_mixin.py:154} INFO - [2025-02-14T14:39:58.034+0000] {dagbag.py:536} INFO - Filling up the DagBag from /home/airflow/.local/lib/python3.8/site-packages/airflow/example_dags/tutorial_taskflow_api.py
[2025-02-14T14:39:58.053+0000] {processor.py:839} INFO - DAG(s) dict_keys(['tutorial_taskflow_api']) retrieved from /home/airflow/.local/lib/python3.8/site-packages/airflow/example_dags/tutorial_taskflow_api.py
[2025-02-14T14:39:58.113+0000] {logging_mixin.py:154} INFO - [2025-02-14T14:39:58.112+0000] {dag.py:2941} INFO - Sync 1 DAGs
[2025-02-14T14:39:58.148+0000] {logging_mixin.py:154} INFO - [2025-02-14T14:39:58.148+0000] {dag.py:3722} INFO - Setting next_dagrun for tutorial_taskflow_api to None, run_after=None
[2025-02-14T14:39:58.213+0000] {processor.py:179} INFO - Processing /home/airflow/.local/lib/python3.8/site-packages/airflow/example_dags/tutorial_taskflow_api.py took 0.193 seconds
[2025-02-14T14:40:28.411+0000] {processor.py:157} INFO - Started process (PID=1214) to work on /home/airflow/.local/lib/python3.8/site-packages/airflow/example_dags/tutorial_taskflow_api.py
[2025-02-14T14:40:28.414+0000] {processor.py:829} INFO - Processing file /home/airflow/.local/lib/python3.8/site-packages/airflow/example_dags/tutorial_taskflow_api.py for tasks to queue
[2025-02-14T14:40:28.416+0000] {logging_mixin.py:154} INFO - [2025-02-14T14:40:28.415+0000] {dagbag.py:536} INFO - Filling up the DagBag from /home/airflow/.local/lib/python3.8/site-packages/airflow/example_dags/tutorial_taskflow_api.py
[2025-02-14T14:40:28.436+0000] {processor.py:839} INFO - DAG(s) dict_keys(['tutorial_taskflow_api']) retrieved from /home/airflow/.local/lib/python3.8/site-packages/airflow/example_dags/tutorial_taskflow_api.py
[2025-02-14T14:40:28.486+0000] {logging_mixin.py:154} INFO - [2025-02-14T14:40:28.485+0000] {dag.py:2941} INFO - Sync 1 DAGs
[2025-02-14T14:40:28.522+0000] {logging_mixin.py:154} INFO - [2025-02-14T14:40:28.522+0000] {dag.py:3722} INFO - Setting next_dagrun for tutorial_taskflow_api to None, run_after=None
[2025-02-14T14:40:28.591+0000] {processor.py:179} INFO - Processing /home/airflow/.local/lib/python3.8/site-packages/airflow/example_dags/tutorial_taskflow_api.py took 0.191 seconds
[2025-02-14T14:40:59.474+0000] {processor.py:157} INFO - Started process (PID=1454) to work on /home/airflow/.local/lib/python3.8/site-packages/airflow/example_dags/tutorial_taskflow_api.py
[2025-02-14T14:40:59.478+0000] {processor.py:829} INFO - Processing file /home/airflow/.local/lib/python3.8/site-packages/airflow/example_dags/tutorial_taskflow_api.py for tasks to queue
[2025-02-14T14:40:59.480+0000] {logging_mixin.py:154} INFO - [2025-02-14T14:40:59.480+0000] {dagbag.py:536} INFO - Filling up the DagBag from /home/airflow/.local/lib/python3.8/site-packages/airflow/example_dags/tutorial_taskflow_api.py
[2025-02-14T14:40:59.500+0000] {processor.py:839} INFO - DAG(s) dict_keys(['tutorial_taskflow_api']) retrieved from /home/airflow/.local/lib/python3.8/site-packages/airflow/example_dags/tutorial_taskflow_api.py
[2025-02-14T14:40:59.568+0000] {logging_mixin.py:154} INFO - [2025-02-14T14:40:59.567+0000] {dag.py:2941} INFO - Sync 1 DAGs
[2025-02-14T14:40:59.612+0000] {logging_mixin.py:154} INFO - [2025-02-14T14:40:59.612+0000] {dag.py:3722} INFO - Setting next_dagrun for tutorial_taskflow_api to None, run_after=None
[2025-02-14T14:40:59.672+0000] {processor.py:179} INFO - Processing /home/airflow/.local/lib/python3.8/site-packages/airflow/example_dags/tutorial_taskflow_api.py took 0.208 seconds
[2025-02-14T14:41:29.770+0000] {processor.py:157} INFO - Started process (PID=1689) to work on /home/airflow/.local/lib/python3.8/site-packages/airflow/example_dags/tutorial_taskflow_api.py
[2025-02-14T14:41:29.776+0000] {processor.py:829} INFO - Processing file /home/airflow/.local/lib/python3.8/site-packages/airflow/example_dags/tutorial_taskflow_api.py for tasks to queue
[2025-02-14T14:41:29.778+0000] {logging_mixin.py:154} INFO - [2025-02-14T14:41:29.777+0000] {dagbag.py:536} INFO - Filling up the DagBag from /home/airflow/.local/lib/python3.8/site-packages/airflow/example_dags/tutorial_taskflow_api.py
[2025-02-14T14:41:29.795+0000] {processor.py:839} INFO - DAG(s) dict_keys(['tutorial_taskflow_api']) retrieved from /home/airflow/.local/lib/python3.8/site-packages/airflow/example_dags/tutorial_taskflow_api.py
[2025-02-14T14:41:29.866+0000] {logging_mixin.py:154} INFO - [2025-02-14T14:41:29.865+0000] {dag.py:2941} INFO - Sync 1 DAGs
[2025-02-14T14:41:29.906+0000] {logging_mixin.py:154} INFO - [2025-02-14T14:41:29.906+0000] {dag.py:3722} INFO - Setting next_dagrun for tutorial_taskflow_api to None, run_after=None
[2025-02-14T14:41:29.977+0000] {processor.py:179} INFO - Processing /home/airflow/.local/lib/python3.8/site-packages/airflow/example_dags/tutorial_taskflow_api.py took 0.218 seconds
[2025-02-14T14:42:00.339+0000] {processor.py:157} INFO - Started process (PID=1929) to work on /home/airflow/.local/lib/python3.8/site-packages/airflow/example_dags/tutorial_taskflow_api.py
[2025-02-14T14:42:00.342+0000] {processor.py:829} INFO - Processing file /home/airflow/.local/lib/python3.8/site-packages/airflow/example_dags/tutorial_taskflow_api.py for tasks to queue
[2025-02-14T14:42:00.344+0000] {logging_mixin.py:154} INFO - [2025-02-14T14:42:00.343+0000] {dagbag.py:536} INFO - Filling up the DagBag from /home/airflow/.local/lib/python3.8/site-packages/airflow/example_dags/tutorial_taskflow_api.py
[2025-02-14T14:42:00.363+0000] {processor.py:839} INFO - DAG(s) dict_keys(['tutorial_taskflow_api']) retrieved from /home/airflow/.local/lib/python3.8/site-packages/airflow/example_dags/tutorial_taskflow_api.py
[2025-02-14T14:42:00.429+0000] {logging_mixin.py:154} INFO - [2025-02-14T14:42:00.428+0000] {dag.py:2941} INFO - Sync 1 DAGs
[2025-02-14T14:42:00.472+0000] {logging_mixin.py:154} INFO - [2025-02-14T14:42:00.472+0000] {dag.py:3722} INFO - Setting next_dagrun for tutorial_taskflow_api to None, run_after=None
[2025-02-14T14:42:00.532+0000] {processor.py:179} INFO - Processing /home/airflow/.local/lib/python3.8/site-packages/airflow/example_dags/tutorial_taskflow_api.py took 0.208 seconds
[2025-02-14T14:42:33.400+0000] {processor.py:157} INFO - Started process (PID=2167) to work on /home/airflow/.local/lib/python3.8/site-packages/airflow/example_dags/tutorial_taskflow_api.py
[2025-02-14T14:42:33.403+0000] {processor.py:829} INFO - Processing file /home/airflow/.local/lib/python3.8/site-packages/airflow/example_dags/tutorial_taskflow_api.py for tasks to queue
[2025-02-14T14:42:33.407+0000] {logging_mixin.py:154} INFO - [2025-02-14T14:42:33.406+0000] {dagbag.py:536} INFO - Filling up the DagBag from /home/airflow/.local/lib/python3.8/site-packages/airflow/example_dags/tutorial_taskflow_api.py
[2025-02-14T14:42:33.435+0000] {processor.py:839} INFO - DAG(s) dict_keys(['tutorial_taskflow_api']) retrieved from /home/airflow/.local/lib/python3.8/site-packages/airflow/example_dags/tutorial_taskflow_api.py
[2025-02-14T14:42:33.517+0000] {logging_mixin.py:154} INFO - [2025-02-14T14:42:33.516+0000] {dag.py:2941} INFO - Sync 1 DAGs
[2025-02-14T14:42:33.561+0000] {logging_mixin.py:154} INFO - [2025-02-14T14:42:33.561+0000] {dag.py:3722} INFO - Setting next_dagrun for tutorial_taskflow_api to None, run_after=None
[2025-02-14T14:42:33.629+0000] {processor.py:179} INFO - Processing /home/airflow/.local/lib/python3.8/site-packages/airflow/example_dags/tutorial_taskflow_api.py took 0.248 seconds
[2025-02-14T14:43:03.747+0000] {processor.py:157} INFO - Started process (PID=2403) to work on /home/airflow/.local/lib/python3.8/site-packages/airflow/example_dags/tutorial_taskflow_api.py
[2025-02-14T14:43:03.749+0000] {processor.py:829} INFO - Processing file /home/airflow/.local/lib/python3.8/site-packages/airflow/example_dags/tutorial_taskflow_api.py for tasks to queue
[2025-02-14T14:43:03.751+0000] {logging_mixin.py:154} INFO - [2025-02-14T14:43:03.751+0000] {dagbag.py:536} INFO - Filling up the DagBag from /home/airflow/.local/lib/python3.8/site-packages/airflow/example_dags/tutorial_taskflow_api.py
[2025-02-14T14:43:03.771+0000] {processor.py:839} INFO - DAG(s) dict_keys(['tutorial_taskflow_api']) retrieved from /home/airflow/.local/lib/python3.8/site-packages/airflow/example_dags/tutorial_taskflow_api.py
[2025-02-14T14:43:03.840+0000] {logging_mixin.py:154} INFO - [2025-02-14T14:43:03.839+0000] {dag.py:2941} INFO - Sync 1 DAGs
[2025-02-14T14:43:03.880+0000] {logging_mixin.py:154} INFO - [2025-02-14T14:43:03.879+0000] {dag.py:3722} INFO - Setting next_dagrun for tutorial_taskflow_api to None, run_after=None
[2025-02-14T14:43:03.948+0000] {processor.py:179} INFO - Processing /home/airflow/.local/lib/python3.8/site-packages/airflow/example_dags/tutorial_taskflow_api.py took 0.212 seconds
[2025-02-14T14:43:34.783+0000] {processor.py:157} INFO - Started process (PID=2643) to work on /home/airflow/.local/lib/python3.8/site-packages/airflow/example_dags/tutorial_taskflow_api.py
[2025-02-14T14:43:34.786+0000] {processor.py:829} INFO - Processing file /home/airflow/.local/lib/python3.8/site-packages/airflow/example_dags/tutorial_taskflow_api.py for tasks to queue
[2025-02-14T14:43:34.788+0000] {logging_mixin.py:154} INFO - [2025-02-14T14:43:34.787+0000] {dagbag.py:536} INFO - Filling up the DagBag from /home/airflow/.local/lib/python3.8/site-packages/airflow/example_dags/tutorial_taskflow_api.py
[2025-02-14T14:43:34.809+0000] {processor.py:839} INFO - DAG(s) dict_keys(['tutorial_taskflow_api']) retrieved from /home/airflow/.local/lib/python3.8/site-packages/airflow/example_dags/tutorial_taskflow_api.py
[2025-02-14T14:43:34.880+0000] {logging_mixin.py:154} INFO - [2025-02-14T14:43:34.879+0000] {dag.py:2941} INFO - Sync 1 DAGs
[2025-02-14T14:43:34.924+0000] {logging_mixin.py:154} INFO - [2025-02-14T14:43:34.924+0000] {dag.py:3722} INFO - Setting next_dagrun for tutorial_taskflow_api to None, run_after=None
[2025-02-14T14:43:34.972+0000] {processor.py:179} INFO - Processing /home/airflow/.local/lib/python3.8/site-packages/airflow/example_dags/tutorial_taskflow_api.py took 0.201 seconds
[2025-02-14T14:44:05.406+0000] {processor.py:157} INFO - Started process (PID=2880) to work on /home/airflow/.local/lib/python3.8/site-packages/airflow/example_dags/tutorial_taskflow_api.py
[2025-02-14T14:44:05.408+0000] {processor.py:829} INFO - Processing file /home/airflow/.local/lib/python3.8/site-packages/airflow/example_dags/tutorial_taskflow_api.py for tasks to queue
[2025-02-14T14:44:05.410+0000] {logging_mixin.py:154} INFO - [2025-02-14T14:44:05.409+0000] {dagbag.py:536} INFO - Filling up the DagBag from /home/airflow/.local/lib/python3.8/site-packages/airflow/example_dags/tutorial_taskflow_api.py
[2025-02-14T14:44:05.428+0000] {processor.py:839} INFO - DAG(s) dict_keys(['tutorial_taskflow_api']) retrieved from /home/airflow/.local/lib/python3.8/site-packages/airflow/example_dags/tutorial_taskflow_api.py
[2025-02-14T14:44:05.509+0000] {logging_mixin.py:154} INFO - [2025-02-14T14:44:05.508+0000] {dag.py:2941} INFO - Sync 1 DAGs
[2025-02-14T14:44:05.543+0000] {logging_mixin.py:154} INFO - [2025-02-14T14:44:05.543+0000] {dag.py:3722} INFO - Setting next_dagrun for tutorial_taskflow_api to None, run_after=None
[2025-02-14T14:44:05.596+0000] {processor.py:179} INFO - Processing /home/airflow/.local/lib/python3.8/site-packages/airflow/example_dags/tutorial_taskflow_api.py took 0.200 seconds
[2025-02-14T14:44:36.110+0000] {processor.py:157} INFO - Started process (PID=3135) to work on /home/airflow/.local/lib/python3.8/site-packages/airflow/example_dags/tutorial_taskflow_api.py
[2025-02-14T14:44:36.112+0000] {processor.py:829} INFO - Processing file /home/airflow/.local/lib/python3.8/site-packages/airflow/example_dags/tutorial_taskflow_api.py for tasks to queue
[2025-02-14T14:44:36.114+0000] {logging_mixin.py:154} INFO - [2025-02-14T14:44:36.114+0000] {dagbag.py:536} INFO - Filling up the DagBag from /home/airflow/.local/lib/python3.8/site-packages/airflow/example_dags/tutorial_taskflow_api.py
[2025-02-14T14:44:36.134+0000] {processor.py:839} INFO - DAG(s) dict_keys(['tutorial_taskflow_api']) retrieved from /home/airflow/.local/lib/python3.8/site-packages/airflow/example_dags/tutorial_taskflow_api.py
[2025-02-14T14:44:36.202+0000] {logging_mixin.py:154} INFO - [2025-02-14T14:44:36.201+0000] {dag.py:2941} INFO - Sync 1 DAGs
[2025-02-14T14:44:36.236+0000] {logging_mixin.py:154} INFO - [2025-02-14T14:44:36.235+0000] {dag.py:3722} INFO - Setting next_dagrun for tutorial_taskflow_api to None, run_after=None
[2025-02-14T14:44:36.287+0000] {processor.py:179} INFO - Processing /home/airflow/.local/lib/python3.8/site-packages/airflow/example_dags/tutorial_taskflow_api.py took 0.188 seconds
[2025-02-14T14:45:06.652+0000] {processor.py:157} INFO - Started process (PID=3387) to work on /home/airflow/.local/lib/python3.8/site-packages/airflow/example_dags/tutorial_taskflow_api.py
[2025-02-14T14:45:06.657+0000] {processor.py:829} INFO - Processing file /home/airflow/.local/lib/python3.8/site-packages/airflow/example_dags/tutorial_taskflow_api.py for tasks to queue
[2025-02-14T14:45:06.659+0000] {logging_mixin.py:154} INFO - [2025-02-14T14:45:06.658+0000] {dagbag.py:536} INFO - Filling up the DagBag from /home/airflow/.local/lib/python3.8/site-packages/airflow/example_dags/tutorial_taskflow_api.py
[2025-02-14T14:45:06.682+0000] {processor.py:839} INFO - DAG(s) dict_keys(['tutorial_taskflow_api']) retrieved from /home/airflow/.local/lib/python3.8/site-packages/airflow/example_dags/tutorial_taskflow_api.py
[2025-02-14T14:45:06.758+0000] {logging_mixin.py:154} INFO - [2025-02-14T14:45:06.757+0000] {dag.py:2941} INFO - Sync 1 DAGs
[2025-02-14T14:45:06.794+0000] {logging_mixin.py:154} INFO - [2025-02-14T14:45:06.793+0000] {dag.py:3722} INFO - Setting next_dagrun for tutorial_taskflow_api to None, run_after=None
[2025-02-14T14:45:06.853+0000] {processor.py:179} INFO - Processing /home/airflow/.local/lib/python3.8/site-packages/airflow/example_dags/tutorial_taskflow_api.py took 0.215 seconds
[2025-02-14T14:45:37.685+0000] {processor.py:157} INFO - Started process (PID=3625) to work on /home/airflow/.local/lib/python3.8/site-packages/airflow/example_dags/tutorial_taskflow_api.py
[2025-02-14T14:45:37.688+0000] {processor.py:829} INFO - Processing file /home/airflow/.local/lib/python3.8/site-packages/airflow/example_dags/tutorial_taskflow_api.py for tasks to queue
[2025-02-14T14:45:37.691+0000] {logging_mixin.py:154} INFO - [2025-02-14T14:45:37.689+0000] {dagbag.py:536} INFO - Filling up the DagBag from /home/airflow/.local/lib/python3.8/site-packages/airflow/example_dags/tutorial_taskflow_api.py
[2025-02-14T14:45:37.715+0000] {processor.py:839} INFO - DAG(s) dict_keys(['tutorial_taskflow_api']) retrieved from /home/airflow/.local/lib/python3.8/site-packages/airflow/example_dags/tutorial_taskflow_api.py
[2025-02-14T14:45:37.778+0000] {logging_mixin.py:154} INFO - [2025-02-14T14:45:37.777+0000] {dag.py:2941} INFO - Sync 1 DAGs
[2025-02-14T14:45:37.825+0000] {logging_mixin.py:154} INFO - [2025-02-14T14:45:37.825+0000] {dag.py:3722} INFO - Setting next_dagrun for tutorial_taskflow_api to None, run_after=None
[2025-02-14T14:45:37.890+0000] {processor.py:179} INFO - Processing /home/airflow/.local/lib/python3.8/site-packages/airflow/example_dags/tutorial_taskflow_api.py took 0.217 seconds
[2025-02-14T14:46:08.715+0000] {processor.py:157} INFO - Started process (PID=3863) to work on /home/airflow/.local/lib/python3.8/site-packages/airflow/example_dags/tutorial_taskflow_api.py
[2025-02-14T14:46:08.720+0000] {processor.py:829} INFO - Processing file /home/airflow/.local/lib/python3.8/site-packages/airflow/example_dags/tutorial_taskflow_api.py for tasks to queue
[2025-02-14T14:46:08.726+0000] {logging_mixin.py:154} INFO - [2025-02-14T14:46:08.725+0000] {dagbag.py:536} INFO - Filling up the DagBag from /home/airflow/.local/lib/python3.8/site-packages/airflow/example_dags/tutorial_taskflow_api.py
[2025-02-14T14:46:08.744+0000] {processor.py:839} INFO - DAG(s) dict_keys(['tutorial_taskflow_api']) retrieved from /home/airflow/.local/lib/python3.8/site-packages/airflow/example_dags/tutorial_taskflow_api.py
[2025-02-14T14:46:08.798+0000] {logging_mixin.py:154} INFO - [2025-02-14T14:46:08.798+0000] {dag.py:2941} INFO - Sync 1 DAGs
[2025-02-14T14:46:08.835+0000] {logging_mixin.py:154} INFO - [2025-02-14T14:46:08.834+0000] {dag.py:3722} INFO - Setting next_dagrun for tutorial_taskflow_api to None, run_after=None
[2025-02-14T14:46:08.890+0000] {processor.py:179} INFO - Processing /home/airflow/.local/lib/python3.8/site-packages/airflow/example_dags/tutorial_taskflow_api.py took 0.185 seconds
[2025-02-14T14:46:40.334+0000] {processor.py:157} INFO - Started process (PID=4099) to work on /home/airflow/.local/lib/python3.8/site-packages/airflow/example_dags/tutorial_taskflow_api.py
[2025-02-14T14:46:40.341+0000] {processor.py:829} INFO - Processing file /home/airflow/.local/lib/python3.8/site-packages/airflow/example_dags/tutorial_taskflow_api.py for tasks to queue
[2025-02-14T14:46:40.343+0000] {logging_mixin.py:154} INFO - [2025-02-14T14:46:40.342+0000] {dagbag.py:536} INFO - Filling up the DagBag from /home/airflow/.local/lib/python3.8/site-packages/airflow/example_dags/tutorial_taskflow_api.py
[2025-02-14T14:46:40.381+0000] {processor.py:839} INFO - DAG(s) dict_keys(['tutorial_taskflow_api']) retrieved from /home/airflow/.local/lib/python3.8/site-packages/airflow/example_dags/tutorial_taskflow_api.py
[2025-02-14T14:46:40.461+0000] {logging_mixin.py:154} INFO - [2025-02-14T14:46:40.461+0000] {dag.py:2941} INFO - Sync 1 DAGs
[2025-02-14T14:46:40.525+0000] {logging_mixin.py:154} INFO - [2025-02-14T14:46:40.525+0000] {dag.py:3722} INFO - Setting next_dagrun for tutorial_taskflow_api to None, run_after=None
[2025-02-14T14:46:40.611+0000] {processor.py:179} INFO - Processing /home/airflow/.local/lib/python3.8/site-packages/airflow/example_dags/tutorial_taskflow_api.py took 0.298 seconds
[2025-02-14T14:47:11.087+0000] {processor.py:157} INFO - Started process (PID=4334) to work on /home/airflow/.local/lib/python3.8/site-packages/airflow/example_dags/tutorial_taskflow_api.py
[2025-02-14T14:47:11.089+0000] {processor.py:829} INFO - Processing file /home/airflow/.local/lib/python3.8/site-packages/airflow/example_dags/tutorial_taskflow_api.py for tasks to queue
[2025-02-14T14:47:11.092+0000] {logging_mixin.py:154} INFO - [2025-02-14T14:47:11.092+0000] {dagbag.py:536} INFO - Filling up the DagBag from /home/airflow/.local/lib/python3.8/site-packages/airflow/example_dags/tutorial_taskflow_api.py
[2025-02-14T14:47:11.121+0000] {processor.py:839} INFO - DAG(s) dict_keys(['tutorial_taskflow_api']) retrieved from /home/airflow/.local/lib/python3.8/site-packages/airflow/example_dags/tutorial_taskflow_api.py
[2025-02-14T14:47:11.199+0000] {logging_mixin.py:154} INFO - [2025-02-14T14:47:11.198+0000] {dag.py:2941} INFO - Sync 1 DAGs
[2025-02-14T14:47:11.246+0000] {logging_mixin.py:154} INFO - [2025-02-14T14:47:11.246+0000] {dag.py:3722} INFO - Setting next_dagrun for tutorial_taskflow_api to None, run_after=None
[2025-02-14T14:47:11.331+0000] {processor.py:179} INFO - Processing /home/airflow/.local/lib/python3.8/site-packages/airflow/example_dags/tutorial_taskflow_api.py took 0.252 seconds
[2025-02-14T14:47:42.060+0000] {processor.py:157} INFO - Started process (PID=4571) to work on /home/airflow/.local/lib/python3.8/site-packages/airflow/example_dags/tutorial_taskflow_api.py
[2025-02-14T14:47:42.063+0000] {processor.py:829} INFO - Processing file /home/airflow/.local/lib/python3.8/site-packages/airflow/example_dags/tutorial_taskflow_api.py for tasks to queue
[2025-02-14T14:47:42.065+0000] {logging_mixin.py:154} INFO - [2025-02-14T14:47:42.065+0000] {dagbag.py:536} INFO - Filling up the DagBag from /home/airflow/.local/lib/python3.8/site-packages/airflow/example_dags/tutorial_taskflow_api.py
[2025-02-14T14:47:42.084+0000] {processor.py:839} INFO - DAG(s) dict_keys(['tutorial_taskflow_api']) retrieved from /home/airflow/.local/lib/python3.8/site-packages/airflow/example_dags/tutorial_taskflow_api.py
[2025-02-14T14:47:42.169+0000] {logging_mixin.py:154} INFO - [2025-02-14T14:47:42.168+0000] {dag.py:2941} INFO - Sync 1 DAGs
[2025-02-14T14:47:42.209+0000] {logging_mixin.py:154} INFO - [2025-02-14T14:47:42.208+0000] {dag.py:3722} INFO - Setting next_dagrun for tutorial_taskflow_api to None, run_after=None
[2025-02-14T14:47:42.276+0000] {processor.py:179} INFO - Processing /home/airflow/.local/lib/python3.8/site-packages/airflow/example_dags/tutorial_taskflow_api.py took 0.228 seconds
[2025-02-14T14:48:13.256+0000] {processor.py:157} INFO - Started process (PID=4815) to work on /home/airflow/.local/lib/python3.8/site-packages/airflow/example_dags/tutorial_taskflow_api.py
[2025-02-14T14:48:13.258+0000] {processor.py:829} INFO - Processing file /home/airflow/.local/lib/python3.8/site-packages/airflow/example_dags/tutorial_taskflow_api.py for tasks to queue
[2025-02-14T14:48:13.260+0000] {logging_mixin.py:154} INFO - [2025-02-14T14:48:13.260+0000] {dagbag.py:536} INFO - Filling up the DagBag from /home/airflow/.local/lib/python3.8/site-packages/airflow/example_dags/tutorial_taskflow_api.py
[2025-02-14T14:48:13.280+0000] {processor.py:839} INFO - DAG(s) dict_keys(['tutorial_taskflow_api']) retrieved from /home/airflow/.local/lib/python3.8/site-packages/airflow/example_dags/tutorial_taskflow_api.py
[2025-02-14T14:48:13.348+0000] {logging_mixin.py:154} INFO - [2025-02-14T14:48:13.348+0000] {dag.py:2941} INFO - Sync 1 DAGs
[2025-02-14T14:48:13.386+0000] {logging_mixin.py:154} INFO - [2025-02-14T14:48:13.385+0000] {dag.py:3722} INFO - Setting next_dagrun for tutorial_taskflow_api to None, run_after=None
[2025-02-14T14:48:13.447+0000] {processor.py:179} INFO - Processing /home/airflow/.local/lib/python3.8/site-packages/airflow/example_dags/tutorial_taskflow_api.py took 0.204 seconds
[2025-02-14T14:48:43.851+0000] {processor.py:157} INFO - Started process (PID=5053) to work on /home/airflow/.local/lib/python3.8/site-packages/airflow/example_dags/tutorial_taskflow_api.py
[2025-02-14T14:48:43.854+0000] {processor.py:829} INFO - Processing file /home/airflow/.local/lib/python3.8/site-packages/airflow/example_dags/tutorial_taskflow_api.py for tasks to queue
[2025-02-14T14:48:43.857+0000] {logging_mixin.py:154} INFO - [2025-02-14T14:48:43.856+0000] {dagbag.py:536} INFO - Filling up the DagBag from /home/airflow/.local/lib/python3.8/site-packages/airflow/example_dags/tutorial_taskflow_api.py
[2025-02-14T14:48:43.882+0000] {processor.py:839} INFO - DAG(s) dict_keys(['tutorial_taskflow_api']) retrieved from /home/airflow/.local/lib/python3.8/site-packages/airflow/example_dags/tutorial_taskflow_api.py
[2025-02-14T14:48:43.950+0000] {logging_mixin.py:154} INFO - [2025-02-14T14:48:43.949+0000] {dag.py:2941} INFO - Sync 1 DAGs
[2025-02-14T14:48:43.987+0000] {logging_mixin.py:154} INFO - [2025-02-14T14:48:43.986+0000] {dag.py:3722} INFO - Setting next_dagrun for tutorial_taskflow_api to None, run_after=None
[2025-02-14T14:48:44.049+0000] {processor.py:179} INFO - Processing /home/airflow/.local/lib/python3.8/site-packages/airflow/example_dags/tutorial_taskflow_api.py took 0.213 seconds
[2025-02-14T14:49:14.356+0000] {processor.py:157} INFO - Started process (PID=5296) to work on /home/airflow/.local/lib/python3.8/site-packages/airflow/example_dags/tutorial_taskflow_api.py
[2025-02-14T14:49:14.361+0000] {processor.py:829} INFO - Processing file /home/airflow/.local/lib/python3.8/site-packages/airflow/example_dags/tutorial_taskflow_api.py for tasks to queue
[2025-02-14T14:49:14.364+0000] {logging_mixin.py:154} INFO - [2025-02-14T14:49:14.363+0000] {dagbag.py:536} INFO - Filling up the DagBag from /home/airflow/.local/lib/python3.8/site-packages/airflow/example_dags/tutorial_taskflow_api.py
[2025-02-14T14:49:14.388+0000] {processor.py:839} INFO - DAG(s) dict_keys(['tutorial_taskflow_api']) retrieved from /home/airflow/.local/lib/python3.8/site-packages/airflow/example_dags/tutorial_taskflow_api.py
[2025-02-14T14:49:14.468+0000] {logging_mixin.py:154} INFO - [2025-02-14T14:49:14.467+0000] {dag.py:2941} INFO - Sync 1 DAGs
[2025-02-14T14:49:14.510+0000] {logging_mixin.py:154} INFO - [2025-02-14T14:49:14.509+0000] {dag.py:3722} INFO - Setting next_dagrun for tutorial_taskflow_api to None, run_after=None
[2025-02-14T14:49:14.575+0000] {processor.py:179} INFO - Processing /home/airflow/.local/lib/python3.8/site-packages/airflow/example_dags/tutorial_taskflow_api.py took 0.232 seconds
[2025-02-14T14:49:45.291+0000] {processor.py:157} INFO - Started process (PID=5533) to work on /home/airflow/.local/lib/python3.8/site-packages/airflow/example_dags/tutorial_taskflow_api.py
[2025-02-14T14:49:45.294+0000] {processor.py:829} INFO - Processing file /home/airflow/.local/lib/python3.8/site-packages/airflow/example_dags/tutorial_taskflow_api.py for tasks to queue
[2025-02-14T14:49:45.296+0000] {logging_mixin.py:154} INFO - [2025-02-14T14:49:45.295+0000] {dagbag.py:536} INFO - Filling up the DagBag from /home/airflow/.local/lib/python3.8/site-packages/airflow/example_dags/tutorial_taskflow_api.py
[2025-02-14T14:49:45.323+0000] {processor.py:839} INFO - DAG(s) dict_keys(['tutorial_taskflow_api']) retrieved from /home/airflow/.local/lib/python3.8/site-packages/airflow/example_dags/tutorial_taskflow_api.py
[2025-02-14T14:49:45.402+0000] {logging_mixin.py:154} INFO - [2025-02-14T14:49:45.402+0000] {dag.py:2941} INFO - Sync 1 DAGs
[2025-02-14T14:49:45.435+0000] {logging_mixin.py:154} INFO - [2025-02-14T14:49:45.434+0000] {dag.py:3722} INFO - Setting next_dagrun for tutorial_taskflow_api to None, run_after=None
[2025-02-14T14:49:45.479+0000] {processor.py:179} INFO - Processing /home/airflow/.local/lib/python3.8/site-packages/airflow/example_dags/tutorial_taskflow_api.py took 0.227 seconds
[2025-02-14T14:50:16.536+0000] {processor.py:157} INFO - Started process (PID=5774) to work on /home/airflow/.local/lib/python3.8/site-packages/airflow/example_dags/tutorial_taskflow_api.py
[2025-02-14T14:50:16.540+0000] {processor.py:829} INFO - Processing file /home/airflow/.local/lib/python3.8/site-packages/airflow/example_dags/tutorial_taskflow_api.py for tasks to queue
[2025-02-14T14:50:16.546+0000] {logging_mixin.py:154} INFO - [2025-02-14T14:50:16.545+0000] {dagbag.py:536} INFO - Filling up the DagBag from /home/airflow/.local/lib/python3.8/site-packages/airflow/example_dags/tutorial_taskflow_api.py
[2025-02-14T14:50:16.581+0000] {processor.py:839} INFO - DAG(s) dict_keys(['tutorial_taskflow_api']) retrieved from /home/airflow/.local/lib/python3.8/site-packages/airflow/example_dags/tutorial_taskflow_api.py
[2025-02-14T14:50:16.698+0000] {logging_mixin.py:154} INFO - [2025-02-14T14:50:16.697+0000] {dag.py:2941} INFO - Sync 1 DAGs
[2025-02-14T14:50:16.738+0000] {logging_mixin.py:154} INFO - [2025-02-14T14:50:16.738+0000] {dag.py:3722} INFO - Setting next_dagrun for tutorial_taskflow_api to None, run_after=None
[2025-02-14T14:50:16.836+0000] {processor.py:179} INFO - Processing /home/airflow/.local/lib/python3.8/site-packages/airflow/example_dags/tutorial_taskflow_api.py took 0.314 seconds
[2025-02-14T14:50:48.217+0000] {processor.py:157} INFO - Started process (PID=6017) to work on /home/airflow/.local/lib/python3.8/site-packages/airflow/example_dags/tutorial_taskflow_api.py
[2025-02-14T14:50:48.220+0000] {processor.py:829} INFO - Processing file /home/airflow/.local/lib/python3.8/site-packages/airflow/example_dags/tutorial_taskflow_api.py for tasks to queue
[2025-02-14T14:50:48.222+0000] {logging_mixin.py:154} INFO - [2025-02-14T14:50:48.222+0000] {dagbag.py:536} INFO - Filling up the DagBag from /home/airflow/.local/lib/python3.8/site-packages/airflow/example_dags/tutorial_taskflow_api.py
[2025-02-14T14:50:48.242+0000] {processor.py:839} INFO - DAG(s) dict_keys(['tutorial_taskflow_api']) retrieved from /home/airflow/.local/lib/python3.8/site-packages/airflow/example_dags/tutorial_taskflow_api.py
[2025-02-14T14:50:48.312+0000] {logging_mixin.py:154} INFO - [2025-02-14T14:50:48.311+0000] {dag.py:2941} INFO - Sync 1 DAGs
[2025-02-14T14:50:48.352+0000] {logging_mixin.py:154} INFO - [2025-02-14T14:50:48.351+0000] {dag.py:3722} INFO - Setting next_dagrun for tutorial_taskflow_api to None, run_after=None
[2025-02-14T14:50:48.409+0000] {processor.py:179} INFO - Processing /home/airflow/.local/lib/python3.8/site-packages/airflow/example_dags/tutorial_taskflow_api.py took 0.214 seconds
[2025-02-14T14:51:19.706+0000] {processor.py:157} INFO - Started process (PID=6262) to work on /home/airflow/.local/lib/python3.8/site-packages/airflow/example_dags/tutorial_taskflow_api.py
[2025-02-14T14:51:19.710+0000] {processor.py:829} INFO - Processing file /home/airflow/.local/lib/python3.8/site-packages/airflow/example_dags/tutorial_taskflow_api.py for tasks to queue
[2025-02-14T14:51:19.712+0000] {logging_mixin.py:154} INFO - [2025-02-14T14:51:19.711+0000] {dagbag.py:536} INFO - Filling up the DagBag from /home/airflow/.local/lib/python3.8/site-packages/airflow/example_dags/tutorial_taskflow_api.py
[2025-02-14T14:51:19.733+0000] {processor.py:839} INFO - DAG(s) dict_keys(['tutorial_taskflow_api']) retrieved from /home/airflow/.local/lib/python3.8/site-packages/airflow/example_dags/tutorial_taskflow_api.py
[2025-02-14T14:51:19.835+0000] {logging_mixin.py:154} INFO - [2025-02-14T14:51:19.834+0000] {dag.py:2941} INFO - Sync 1 DAGs
[2025-02-14T14:51:19.893+0000] {logging_mixin.py:154} INFO - [2025-02-14T14:51:19.892+0000] {dag.py:3722} INFO - Setting next_dagrun for tutorial_taskflow_api to None, run_after=None
[2025-02-14T14:51:19.974+0000] {processor.py:179} INFO - Processing /home/airflow/.local/lib/python3.8/site-packages/airflow/example_dags/tutorial_taskflow_api.py took 0.289 seconds
[2025-02-14T14:51:50.782+0000] {processor.py:157} INFO - Started process (PID=6500) to work on /home/airflow/.local/lib/python3.8/site-packages/airflow/example_dags/tutorial_taskflow_api.py
[2025-02-14T14:51:50.785+0000] {processor.py:829} INFO - Processing file /home/airflow/.local/lib/python3.8/site-packages/airflow/example_dags/tutorial_taskflow_api.py for tasks to queue
[2025-02-14T14:51:50.791+0000] {logging_mixin.py:154} INFO - [2025-02-14T14:51:50.790+0000] {dagbag.py:536} INFO - Filling up the DagBag from /home/airflow/.local/lib/python3.8/site-packages/airflow/example_dags/tutorial_taskflow_api.py
[2025-02-14T14:51:50.810+0000] {processor.py:839} INFO - DAG(s) dict_keys(['tutorial_taskflow_api']) retrieved from /home/airflow/.local/lib/python3.8/site-packages/airflow/example_dags/tutorial_taskflow_api.py
[2025-02-14T14:51:50.877+0000] {logging_mixin.py:154} INFO - [2025-02-14T14:51:50.877+0000] {dag.py:2941} INFO - Sync 1 DAGs
[2025-02-14T14:51:50.917+0000] {logging_mixin.py:154} INFO - [2025-02-14T14:51:50.916+0000] {dag.py:3722} INFO - Setting next_dagrun for tutorial_taskflow_api to None, run_after=None
[2025-02-14T14:51:50.979+0000] {processor.py:179} INFO - Processing /home/airflow/.local/lib/python3.8/site-packages/airflow/example_dags/tutorial_taskflow_api.py took 0.221 seconds
[2025-02-14T14:52:21.328+0000] {processor.py:157} INFO - Started process (PID=6738) to work on /home/airflow/.local/lib/python3.8/site-packages/airflow/example_dags/tutorial_taskflow_api.py
[2025-02-14T14:52:21.330+0000] {processor.py:829} INFO - Processing file /home/airflow/.local/lib/python3.8/site-packages/airflow/example_dags/tutorial_taskflow_api.py for tasks to queue
[2025-02-14T14:52:21.332+0000] {logging_mixin.py:154} INFO - [2025-02-14T14:52:21.331+0000] {dagbag.py:536} INFO - Filling up the DagBag from /home/airflow/.local/lib/python3.8/site-packages/airflow/example_dags/tutorial_taskflow_api.py
[2025-02-14T14:52:21.351+0000] {processor.py:839} INFO - DAG(s) dict_keys(['tutorial_taskflow_api']) retrieved from /home/airflow/.local/lib/python3.8/site-packages/airflow/example_dags/tutorial_taskflow_api.py
[2025-02-14T14:52:21.427+0000] {logging_mixin.py:154} INFO - [2025-02-14T14:52:21.426+0000] {dag.py:2941} INFO - Sync 1 DAGs
[2025-02-14T14:52:21.467+0000] {logging_mixin.py:154} INFO - [2025-02-14T14:52:21.466+0000] {dag.py:3722} INFO - Setting next_dagrun for tutorial_taskflow_api to None, run_after=None
[2025-02-14T14:52:21.529+0000] {processor.py:179} INFO - Processing /home/airflow/.local/lib/python3.8/site-packages/airflow/example_dags/tutorial_taskflow_api.py took 0.211 seconds
[2025-02-14T14:52:52.083+0000] {processor.py:157} INFO - Started process (PID=6976) to work on /home/airflow/.local/lib/python3.8/site-packages/airflow/example_dags/tutorial_taskflow_api.py
[2025-02-14T14:52:52.091+0000] {processor.py:829} INFO - Processing file /home/airflow/.local/lib/python3.8/site-packages/airflow/example_dags/tutorial_taskflow_api.py for tasks to queue
[2025-02-14T14:52:52.093+0000] {logging_mixin.py:154} INFO - [2025-02-14T14:52:52.092+0000] {dagbag.py:536} INFO - Filling up the DagBag from /home/airflow/.local/lib/python3.8/site-packages/airflow/example_dags/tutorial_taskflow_api.py
[2025-02-14T14:52:52.110+0000] {processor.py:839} INFO - DAG(s) dict_keys(['tutorial_taskflow_api']) retrieved from /home/airflow/.local/lib/python3.8/site-packages/airflow/example_dags/tutorial_taskflow_api.py
[2025-02-14T14:52:52.185+0000] {logging_mixin.py:154} INFO - [2025-02-14T14:52:52.185+0000] {dag.py:2941} INFO - Sync 1 DAGs
[2025-02-14T14:52:52.228+0000] {logging_mixin.py:154} INFO - [2025-02-14T14:52:52.228+0000] {dag.py:3722} INFO - Setting next_dagrun for tutorial_taskflow_api to None, run_after=None
[2025-02-14T14:52:52.284+0000] {processor.py:179} INFO - Processing /home/airflow/.local/lib/python3.8/site-packages/airflow/example_dags/tutorial_taskflow_api.py took 0.219 seconds
[2025-02-14T14:53:22.622+0000] {processor.py:157} INFO - Started process (PID=7213) to work on /home/airflow/.local/lib/python3.8/site-packages/airflow/example_dags/tutorial_taskflow_api.py
[2025-02-14T14:53:22.626+0000] {processor.py:829} INFO - Processing file /home/airflow/.local/lib/python3.8/site-packages/airflow/example_dags/tutorial_taskflow_api.py for tasks to queue
[2025-02-14T14:53:22.629+0000] {logging_mixin.py:154} INFO - [2025-02-14T14:53:22.628+0000] {dagbag.py:536} INFO - Filling up the DagBag from /home/airflow/.local/lib/python3.8/site-packages/airflow/example_dags/tutorial_taskflow_api.py
[2025-02-14T14:53:22.652+0000] {processor.py:839} INFO - DAG(s) dict_keys(['tutorial_taskflow_api']) retrieved from /home/airflow/.local/lib/python3.8/site-packages/airflow/example_dags/tutorial_taskflow_api.py
[2025-02-14T14:53:22.747+0000] {logging_mixin.py:154} INFO - [2025-02-14T14:53:22.747+0000] {dag.py:2941} INFO - Sync 1 DAGs
[2025-02-14T14:53:22.800+0000] {logging_mixin.py:154} INFO - [2025-02-14T14:53:22.800+0000] {dag.py:3722} INFO - Setting next_dagrun for tutorial_taskflow_api to None, run_after=None
[2025-02-14T14:53:22.858+0000] {processor.py:179} INFO - Processing /home/airflow/.local/lib/python3.8/site-packages/airflow/example_dags/tutorial_taskflow_api.py took 0.255 seconds
[2025-02-14T14:53:53.063+0000] {processor.py:157} INFO - Started process (PID=7451) to work on /home/airflow/.local/lib/python3.8/site-packages/airflow/example_dags/tutorial_taskflow_api.py
[2025-02-14T14:53:53.067+0000] {processor.py:829} INFO - Processing file /home/airflow/.local/lib/python3.8/site-packages/airflow/example_dags/tutorial_taskflow_api.py for tasks to queue
[2025-02-14T14:53:53.070+0000] {logging_mixin.py:154} INFO - [2025-02-14T14:53:53.069+0000] {dagbag.py:536} INFO - Filling up the DagBag from /home/airflow/.local/lib/python3.8/site-packages/airflow/example_dags/tutorial_taskflow_api.py
[2025-02-14T14:53:53.093+0000] {processor.py:839} INFO - DAG(s) dict_keys(['tutorial_taskflow_api']) retrieved from /home/airflow/.local/lib/python3.8/site-packages/airflow/example_dags/tutorial_taskflow_api.py
[2025-02-14T14:53:53.151+0000] {logging_mixin.py:154} INFO - [2025-02-14T14:53:53.151+0000] {dag.py:2941} INFO - Sync 1 DAGs
[2025-02-14T14:53:53.192+0000] {logging_mixin.py:154} INFO - [2025-02-14T14:53:53.190+0000] {dag.py:3722} INFO - Setting next_dagrun for tutorial_taskflow_api to None, run_after=None
[2025-02-14T14:53:53.251+0000] {processor.py:179} INFO - Processing /home/airflow/.local/lib/python3.8/site-packages/airflow/example_dags/tutorial_taskflow_api.py took 0.209 seconds
