[2025-02-23T21:08:15.404+0000] {taskinstance.py:1159} INFO - Dependencies all met for dep_context=non-requeueable deps ti=<TaskInstance: kafka_spark_dag.pyspark_consumer manual__2025-02-23T21:05:55.859606+00:00 [queued]>
[2025-02-23T21:08:15.486+0000] {taskinstance.py:1159} INFO - Dependencies all met for dep_context=requeueable deps ti=<TaskInstance: kafka_spark_dag.pyspark_consumer manual__2025-02-23T21:05:55.859606+00:00 [queued]>
[2025-02-23T21:08:15.495+0000] {taskinstance.py:1361} INFO - Starting attempt 2 of 2
[2025-02-23T21:08:15.578+0000] {taskinstance.py:1382} INFO - Executing <Task(DockerOperator): pyspark_consumer> on 2025-02-23 21:05:55.859606+00:00
[2025-02-23T21:08:15.610+0000] {standard_task_runner.py:57} INFO - Started process 4350 to run task
[2025-02-23T21:08:15.653+0000] {standard_task_runner.py:84} INFO - Running: ['airflow', 'tasks', 'run', 'kafka_spark_dag', 'pyspark_consumer', 'manual__2025-02-23T21:05:55.859606+00:00', '--job-id', '96', '--raw', '--subdir', 'DAGS_FOLDER/dag_kafka_spark.py', '--cfg-path', '/tmp/tmpw6p25w9j']
[2025-02-23T21:08:15.663+0000] {standard_task_runner.py:85} INFO - Job 96: Subtask pyspark_consumer
[2025-02-23T21:08:15.869+0000] {task_command.py:416} INFO - Running <TaskInstance: kafka_spark_dag.pyspark_consumer manual__2025-02-23T21:05:55.859606+00:00 [running]> on host e6cb99f1bad9
[2025-02-23T21:08:16.262+0000] {taskinstance.py:1662} INFO - Exporting env vars: AIRFLOW_CTX_DAG_OWNER='airflow' AIRFLOW_CTX_DAG_ID='kafka_spark_dag' AIRFLOW_CTX_TASK_ID='pyspark_consumer' AIRFLOW_CTX_EXECUTION_DATE='2025-02-23T21:05:55.859606+00:00' AIRFLOW_CTX_TRY_NUMBER='2' AIRFLOW_CTX_DAG_RUN_ID='manual__2025-02-23T21:05:55.859606+00:00'
[2025-02-23T21:08:16.378+0000] {docker.py:343} INFO - Starting docker container from image Mohamed/spark:latest
[2025-02-23T21:08:17.176+0000] {docker.py:413} INFO - [38;5;6mspark [38;5;5m21:08:17.17 [0m[38;5;2mINFO [0m ==>
[2025-02-23T21:08:17.181+0000] {docker.py:413} INFO - [38;5;6mspark [38;5;5m21:08:17.18 [0m[38;5;2mINFO [0m ==> [1mWelcome to the Bitnami spark container[0m
[2025-02-23T21:08:17.186+0000] {docker.py:413} INFO - [38;5;6mspark [38;5;5m21:08:17.18 [0m[38;5;2mINFO [0m ==> Subscribe to project updates by watching [1mhttps://github.com/bitnami/containers[0m
[2025-02-23T21:08:17.193+0000] {docker.py:413} INFO - [38;5;6mspark [38;5;5m21:08:17.19 [0m[38;5;2mINFO [0m ==> Submit issues and feature requests at [1mhttps://github.com/bitnami/containers/issues[0m
[2025-02-23T21:08:17.197+0000] {docker.py:413} INFO - [38;5;6mspark [38;5;5m21:08:17.19 [0m[38;5;2mINFO [0m ==>
[2025-02-23T21:08:17.223+0000] {docker.py:413} INFO - 
[2025-02-23T21:08:28.804+0000] {docker.py:413} INFO - :: loading settings :: url = jar:file:/opt/bitnami/spark/jars/ivy-2.5.1.jar!/org/apache/ivy/core/settings/ivysettings.xml
[2025-02-23T21:08:29.197+0000] {docker.py:413} INFO - Ivy Default Cache set to: /opt/bitnami/spark/.ivy2/cache
The jars for the packages stored in: /opt/bitnami/spark/.ivy2/jars
[2025-02-23T21:08:29.277+0000] {docker.py:413} INFO - org.postgresql#postgresql added as a dependency
[2025-02-23T21:08:29.279+0000] {docker.py:413} INFO - org.apache.spark#spark-sql-kafka-0-10_2.12 added as a dependency
[2025-02-23T21:08:29.285+0000] {docker.py:413} INFO - :: resolving dependencies :: org.apache.spark#spark-submit-parent-31ed438c-7396-4882-a8f9-703faa5509e8;1.0
[2025-02-23T21:08:29.287+0000] {docker.py:413} INFO - confs: [default]
[2025-02-23T21:08:31.532+0000] {docker.py:413} INFO - found org.postgresql#postgresql;42.5.4 in central
[2025-02-23T21:08:31.736+0000] {docker.py:413} INFO - found org.checkerframework#checker-qual;3.5.0 in central
[2025-02-23T21:08:33.832+0000] {docker.py:413} INFO - found org.apache.spark#spark-sql-kafka-0-10_2.12;3.5.0 in central
[2025-02-23T21:08:35.021+0000] {docker.py:413} INFO - found org.apache.spark#spark-token-provider-kafka-0-10_2.12;3.5.0 in central
[2025-02-23T21:08:35.216+0000] {docker.py:413} INFO - found org.apache.kafka#kafka-clients;3.4.1 in central
[2025-02-23T21:08:35.413+0000] {docker.py:413} INFO - found org.lz4#lz4-java;1.8.0 in central
[2025-02-23T21:08:35.593+0000] {docker.py:413} INFO - found org.xerial.snappy#snappy-java;1.1.10.3 in central
[2025-02-23T21:08:36.604+0000] {docker.py:413} INFO - found org.slf4j#slf4j-api;2.0.7 in central
[2025-02-23T21:08:39.024+0000] {docker.py:413} INFO - found org.apache.hadoop#hadoop-client-runtime;3.3.4 in central
[2025-02-23T21:08:40.256+0000] {docker.py:413} INFO - found org.apache.hadoop#hadoop-client-api;3.3.4 in central
[2025-02-23T21:08:42.527+0000] {docker.py:413} INFO - found commons-logging#commons-logging;1.1.3 in central
[2025-02-23T21:08:42.812+0000] {docker.py:413} INFO - found com.google.code.findbugs#jsr305;3.0.0 in central
[2025-02-23T21:08:45.809+0000] {docker.py:413} INFO - found org.apache.commons#commons-pool2;2.11.1 in central
[2025-02-23T21:08:45.895+0000] {docker.py:413} INFO - downloading https://repo1.maven.org/maven2/org/postgresql/postgresql/42.5.4/postgresql-42.5.4.jar ...
[2025-02-23T21:08:46.236+0000] {docker.py:413} INFO - [SUCCESSFUL ] org.postgresql#postgresql;42.5.4!postgresql.jar (387ms)
[2025-02-23T21:08:46.295+0000] {docker.py:413} INFO - downloading https://repo1.maven.org/maven2/org/apache/spark/spark-sql-kafka-0-10_2.12/3.5.0/spark-sql-kafka-0-10_2.12-3.5.0.jar ...
[2025-02-23T21:08:46.556+0000] {docker.py:413} INFO - [SUCCESSFUL ] org.apache.spark#spark-sql-kafka-0-10_2.12;3.5.0!spark-sql-kafka-0-10_2.12.jar (308ms)
[2025-02-23T21:08:46.624+0000] {docker.py:413} INFO - downloading https://repo1.maven.org/maven2/org/checkerframework/checker-qual/3.5.0/checker-qual-3.5.0.jar ...
[2025-02-23T21:08:46.755+0000] {docker.py:413} INFO - [SUCCESSFUL ] org.checkerframework#checker-qual;3.5.0!checker-qual.jar (179ms)
[2025-02-23T21:08:46.809+0000] {docker.py:413} INFO - downloading https://repo1.maven.org/maven2/org/apache/spark/spark-token-provider-kafka-0-10_2.12/3.5.0/spark-token-provider-kafka-0-10_2.12-3.5.0.jar ...
[2025-02-23T21:08:46.875+0000] {docker.py:413} INFO - [SUCCESSFUL ] org.apache.spark#spark-token-provider-kafka-0-10_2.12;3.5.0!spark-token-provider-kafka-0-10_2.12.jar (118ms)
[2025-02-23T21:08:46.929+0000] {docker.py:413} INFO - downloading https://repo1.maven.org/maven2/org/apache/kafka/kafka-clients/3.4.1/kafka-clients-3.4.1.jar ...
[2025-02-23T21:08:48.349+0000] {docker.py:413} INFO - [SUCCESSFUL ] org.apache.kafka#kafka-clients;3.4.1!kafka-clients.jar (1468ms)
[2025-02-23T21:08:48.448+0000] {docker.py:413} INFO - downloading https://repo1.maven.org/maven2/com/google/code/findbugs/jsr305/3.0.0/jsr305-3.0.0.jar ...
[2025-02-23T21:08:48.528+0000] {docker.py:413} INFO - [SUCCESSFUL ] com.google.code.findbugs#jsr305;3.0.0!jsr305.jar (163ms)
[2025-02-23T21:08:48.599+0000] {docker.py:413} INFO - downloading https://repo1.maven.org/maven2/org/apache/commons/commons-pool2/2.11.1/commons-pool2-2.11.1.jar ...
[2025-02-23T21:08:48.693+0000] {docker.py:413} INFO - [SUCCESSFUL ] org.apache.commons#commons-pool2;2.11.1!commons-pool2.jar (146ms)
[2025-02-23T21:08:48.744+0000] {docker.py:413} INFO - downloading https://repo1.maven.org/maven2/org/apache/hadoop/hadoop-client-runtime/3.3.4/hadoop-client-runtime-3.3.4.jar ...
[2025-02-23T21:08:59.378+0000] {docker.py:413} INFO - [SUCCESSFUL ] org.apache.hadoop#hadoop-client-runtime;3.3.4!hadoop-client-runtime.jar (10678ms)
[2025-02-23T21:08:59.433+0000] {docker.py:413} INFO - downloading https://repo1.maven.org/maven2/org/lz4/lz4-java/1.8.0/lz4-java-1.8.0.jar ...
[2025-02-23T21:08:59.699+0000] {docker.py:413} INFO - [SUCCESSFUL ] org.lz4#lz4-java;1.8.0!lz4-java.jar (314ms)
[2025-02-23T21:08:59.764+0000] {docker.py:413} INFO - downloading https://repo1.maven.org/maven2/org/xerial/snappy/snappy-java/1.1.10.3/snappy-java-1.1.10.3.jar ...
[2025-02-23T21:09:00.501+0000] {docker.py:413} INFO - [SUCCESSFUL ] org.xerial.snappy#snappy-java;1.1.10.3!snappy-java.jar(bundle) (784ms)
[2025-02-23T21:09:00.573+0000] {docker.py:413} INFO - downloading https://repo1.maven.org/maven2/org/slf4j/slf4j-api/2.0.7/slf4j-api-2.0.7.jar ...
[2025-02-23T21:09:00.662+0000] {docker.py:413} INFO - [SUCCESSFUL ] org.slf4j#slf4j-api;2.0.7!slf4j-api.jar (142ms)
[2025-02-23T21:09:00.753+0000] {docker.py:413} INFO - downloading https://repo1.maven.org/maven2/org/apache/hadoop/hadoop-client-api/3.3.4/hadoop-client-api-3.3.4.jar ...
[2025-02-23T21:09:06.653+0000] {docker.py:413} INFO - [SUCCESSFUL ] org.apache.hadoop#hadoop-client-api;3.3.4!hadoop-client-api.jar (5983ms)
[2025-02-23T21:09:06.698+0000] {docker.py:413} INFO - downloading https://repo1.maven.org/maven2/commons-logging/commons-logging/1.1.3/commons-logging-1.1.3.jar ...
[2025-02-23T21:09:06.778+0000] {docker.py:413} INFO - [SUCCESSFUL ] commons-logging#commons-logging;1.1.3!commons-logging.jar (109ms)
:: resolution report :: resolve 16560ms :: artifacts dl 20925ms
	:: modules in use:
[2025-02-23T21:09:06.789+0000] {docker.py:413} INFO - com.google.code.findbugs#jsr305;3.0.0 from central in [default]
[2025-02-23T21:09:06.805+0000] {docker.py:413} INFO - commons-logging#commons-logging;1.1.3 from central in [default]
	org.apache.commons#commons-pool2;2.11.1 from central in [default]
	org.apache.hadoop#hadoop-client-api;3.3.4 from central in [default]
	org.apache.hadoop#hadoop-client-runtime;3.3.4 from central in [default]
	org.apache.kafka#kafka-clients;3.4.1 from central in [default]
	org.apache.spark#spark-sql-kafka-0-10_2.12;3.5.0 from central in [default]
	org.apache.spark#spark-token-provider-kafka-0-10_2.12;3.5.0 from central in [default]
	org.checkerframework#checker-qual;3.5.0 from central in [default]
	org.lz4#lz4-java;1.8.0 from central in [default]
	org.postgresql#postgresql;42.5.4 from central in [default]
	org.slf4j#slf4j-api;2.0.7 from central in [default]
	org.xerial.snappy#snappy-java;1.1.10.3 from central in [default]
	---------------------------------------------------------------------
[2025-02-23T21:09:06.816+0000] {docker.py:413} INFO - |                  |            modules            ||   artifacts   |
[2025-02-23T21:09:06.821+0000] {docker.py:413} INFO - |       conf       | number| search|dwnlded|evicted|| number|dwnlded|
	---------------------------------------------------------------------
[2025-02-23T21:09:06.823+0000] {docker.py:413} INFO - |      default     |   13  |   13  |   13  |   0   ||   13  |   13  |
[2025-02-23T21:09:06.824+0000] {docker.py:413} INFO - ---------------------------------------------------------------------
[2025-02-23T21:09:06.842+0000] {docker.py:413} INFO - :: retrieving :: org.apache.spark#spark-submit-parent-31ed438c-7396-4882-a8f9-703faa5509e8
[2025-02-23T21:09:06.845+0000] {docker.py:413} INFO - confs: [default]
[2025-02-23T21:09:07.029+0000] {docker.py:413} INFO - 13 artifacts copied, 0 already retrieved (58001kB/187ms)
[2025-02-23T21:09:07.847+0000] {docker.py:413} INFO - 25/02/23 21:09:07 WARN NativeCodeLoader: Unable to load native-hadoop library for your platform... using builtin-java classes where applicable
[2025-02-23T21:09:12.280+0000] {docker.py:413} INFO - Loaded Kafka Config - BOOTSTRAP_SERVERS: kafka:9092, TOPIC: online_retail
[2025-02-23T21:09:12.283+0000] {docker.py:413} INFO - Loaded PostgreSQL Config - POSTGRES_USER: PG_user, POSTGRES_HOST: postgres
[2025-02-23T21:09:12.613+0000] {docker.py:413} INFO - 25/02/23 21:09:12 INFO SparkContext: Running Spark version 3.5.0
[2025-02-23T21:09:12.615+0000] {docker.py:413} INFO - 25/02/23 21:09:12 INFO SparkContext: OS info Linux, 6.8.0-52-generic, amd64
25/02/23 21:09:12 INFO SparkContext: Java version 17.0.10
[2025-02-23T21:09:12.765+0000] {docker.py:413} INFO - 25/02/23 21:09:12 INFO ResourceUtils: ==============================================================
[2025-02-23T21:09:12.766+0000] {docker.py:413} INFO - 25/02/23 21:09:12 INFO ResourceUtils: No custom resources configured for spark.driver.
[2025-02-23T21:09:12.766+0000] {docker.py:413} INFO - 25/02/23 21:09:12 INFO ResourceUtils: ==============================================================
[2025-02-23T21:09:12.778+0000] {docker.py:413} INFO - 25/02/23 21:09:12 INFO SparkContext: Submitted application: SalesDataPipeline
[2025-02-23T21:09:13.070+0000] {docker.py:413} INFO - 25/02/23 21:09:13 INFO ResourceProfile: Default ResourceProfile created, executor resources: Map(cores -> name: cores, amount: 1, script: , vendor: , memory -> name: memory, amount: 1024, script: , vendor: , offHeap -> name: offHeap, amount: 0, script: , vendor: ), task resources: Map(cpus -> name: cpus, amount: 1.0)
[2025-02-23T21:09:13.102+0000] {docker.py:413} INFO - 25/02/23 21:09:13 INFO ResourceProfile: Limiting resource is cpu
[2025-02-23T21:09:13.105+0000] {docker.py:413} INFO - 25/02/23 21:09:13 INFO ResourceProfileManager: Added ResourceProfile id: 0
[2025-02-23T21:09:13.484+0000] {docker.py:413} INFO - 25/02/23 21:09:13 INFO SecurityManager: Changing view acls to: spark
[2025-02-23T21:09:13.489+0000] {docker.py:413} INFO - 25/02/23 21:09:13 INFO SecurityManager: Changing modify acls to: spark
[2025-02-23T21:09:13.492+0000] {docker.py:413} INFO - 25/02/23 21:09:13 INFO SecurityManager: Changing view acls groups to:
[2025-02-23T21:09:13.496+0000] {docker.py:413} INFO - 25/02/23 21:09:13 INFO SecurityManager: Changing modify acls groups to:
[2025-02-23T21:09:13.500+0000] {docker.py:413} INFO - 25/02/23 21:09:13 INFO SecurityManager: SecurityManager: authentication disabled; ui acls disabled; users with view permissions: spark; groups with view permissions: EMPTY; users with modify permissions: spark; groups with modify permissions: EMPTY
[2025-02-23T21:09:15.141+0000] {docker.py:413} INFO - 25/02/23 21:09:15 INFO Utils: Successfully started service 'sparkDriver' on port 46593.
[2025-02-23T21:09:15.398+0000] {docker.py:413} INFO - 25/02/23 21:09:15 INFO SparkEnv: Registering MapOutputTracker
[2025-02-23T21:09:15.526+0000] {docker.py:413} INFO - 25/02/23 21:09:15 INFO SparkEnv: Registering BlockManagerMaster
[2025-02-23T21:09:15.690+0000] {docker.py:413} INFO - 25/02/23 21:09:15 INFO BlockManagerMasterEndpoint: Using org.apache.spark.storage.DefaultTopologyMapper for getting topology information
[2025-02-23T21:09:15.698+0000] {docker.py:413} INFO - 25/02/23 21:09:15 INFO BlockManagerMasterEndpoint: BlockManagerMasterEndpoint up
[2025-02-23T21:09:15.720+0000] {docker.py:413} INFO - 25/02/23 21:09:15 INFO SparkEnv: Registering BlockManagerMasterHeartbeat
[2025-02-23T21:09:15.796+0000] {docker.py:413} INFO - 25/02/23 21:09:15 INFO DiskBlockManager: Created local directory at /tmp/blockmgr-8ab0385a-3a11-4180-bc2f-28629ceb1a51
[2025-02-23T21:09:15.865+0000] {docker.py:413} INFO - 25/02/23 21:09:15 INFO MemoryStore: MemoryStore started with capacity 434.4 MiB
[2025-02-23T21:09:15.934+0000] {docker.py:413} INFO - 25/02/23 21:09:15 INFO SparkEnv: Registering OutputCommitCoordinator
[2025-02-23T21:09:16.661+0000] {docker.py:413} INFO - 25/02/23 21:09:16 INFO JettyUtils: Start Jetty 0.0.0.0:4040 for SparkUI
[2025-02-23T21:09:17.024+0000] {docker.py:413} INFO - 25/02/23 21:09:17 INFO Utils: Successfully started service 'SparkUI' on port 4040.
[2025-02-23T21:09:17.438+0000] {docker.py:413} INFO - 25/02/23 21:09:17 INFO SparkContext: Added JAR file:///opt/bitnami/spark/.ivy2/jars/org.postgresql_postgresql-42.5.4.jar at spark://localhost:46593/jars/org.postgresql_postgresql-42.5.4.jar with timestamp 1740344952550
[2025-02-23T21:09:17.439+0000] {docker.py:413} INFO - 25/02/23 21:09:17 INFO SparkContext: Added JAR file:///opt/bitnami/spark/.ivy2/jars/org.apache.spark_spark-sql-kafka-0-10_2.12-3.5.0.jar at spark://localhost:46593/jars/org.apache.spark_spark-sql-kafka-0-10_2.12-3.5.0.jar with timestamp 1740344952550
[2025-02-23T21:09:17.447+0000] {docker.py:413} INFO - 25/02/23 21:09:17 INFO SparkContext: Added JAR file:///opt/bitnami/spark/.ivy2/jars/org.checkerframework_checker-qual-3.5.0.jar at spark://localhost:46593/jars/org.checkerframework_checker-qual-3.5.0.jar with timestamp 1740344952550
[2025-02-23T21:09:17.448+0000] {docker.py:413} INFO - 25/02/23 21:09:17 INFO SparkContext: Added JAR file:///opt/bitnami/spark/.ivy2/jars/org.apache.spark_spark-token-provider-kafka-0-10_2.12-3.5.0.jar at spark://localhost:46593/jars/org.apache.spark_spark-token-provider-kafka-0-10_2.12-3.5.0.jar with timestamp 1740344952550
[2025-02-23T21:09:17.453+0000] {docker.py:413} INFO - 25/02/23 21:09:17 INFO SparkContext: Added JAR file:///opt/bitnami/spark/.ivy2/jars/org.apache.kafka_kafka-clients-3.4.1.jar at spark://localhost:46593/jars/org.apache.kafka_kafka-clients-3.4.1.jar with timestamp 1740344952550
[2025-02-23T21:09:17.455+0000] {docker.py:413} INFO - 25/02/23 21:09:17 INFO SparkContext: Added JAR file:///opt/bitnami/spark/.ivy2/jars/com.google.code.findbugs_jsr305-3.0.0.jar at spark://localhost:46593/jars/com.google.code.findbugs_jsr305-3.0.0.jar with timestamp 1740344952550
[2025-02-23T21:09:17.455+0000] {docker.py:413} INFO - 25/02/23 21:09:17 INFO SparkContext: Added JAR file:///opt/bitnami/spark/.ivy2/jars/org.apache.commons_commons-pool2-2.11.1.jar at spark://localhost:46593/jars/org.apache.commons_commons-pool2-2.11.1.jar with timestamp 1740344952550
[2025-02-23T21:09:17.463+0000] {docker.py:413} INFO - 25/02/23 21:09:17 INFO SparkContext: Added JAR file:///opt/bitnami/spark/.ivy2/jars/org.apache.hadoop_hadoop-client-runtime-3.3.4.jar at spark://localhost:46593/jars/org.apache.hadoop_hadoop-client-runtime-3.3.4.jar with timestamp 1740344952550
[2025-02-23T21:09:17.464+0000] {docker.py:413} INFO - 25/02/23 21:09:17 INFO SparkContext: Added JAR file:///opt/bitnami/spark/.ivy2/jars/org.lz4_lz4-java-1.8.0.jar at spark://localhost:46593/jars/org.lz4_lz4-java-1.8.0.jar with timestamp 1740344952550
[2025-02-23T21:09:17.468+0000] {docker.py:413} INFO - 25/02/23 21:09:17 INFO SparkContext: Added JAR file:///opt/bitnami/spark/.ivy2/jars/org.xerial.snappy_snappy-java-1.1.10.3.jar at spark://localhost:46593/jars/org.xerial.snappy_snappy-java-1.1.10.3.jar with timestamp 1740344952550
[2025-02-23T21:09:17.475+0000] {docker.py:413} INFO - 25/02/23 21:09:17 INFO SparkContext: Added JAR file:///opt/bitnami/spark/.ivy2/jars/org.slf4j_slf4j-api-2.0.7.jar at spark://localhost:46593/jars/org.slf4j_slf4j-api-2.0.7.jar with timestamp 1740344952550
[2025-02-23T21:09:17.479+0000] {docker.py:413} INFO - 25/02/23 21:09:17 INFO SparkContext: Added JAR file:///opt/bitnami/spark/.ivy2/jars/org.apache.hadoop_hadoop-client-api-3.3.4.jar at spark://localhost:46593/jars/org.apache.hadoop_hadoop-client-api-3.3.4.jar with timestamp 1740344952550
[2025-02-23T21:09:17.489+0000] {docker.py:413} INFO - 25/02/23 21:09:17 INFO SparkContext: Added JAR file:///opt/bitnami/spark/.ivy2/jars/commons-logging_commons-logging-1.1.3.jar at spark://localhost:46593/jars/commons-logging_commons-logging-1.1.3.jar with timestamp 1740344952550
[2025-02-23T21:09:17.564+0000] {docker.py:413} INFO - 25/02/23 21:09:17 INFO SparkContext: Added file file:///opt/bitnami/spark/.ivy2/jars/org.postgresql_postgresql-42.5.4.jar at file:///opt/bitnami/spark/.ivy2/jars/org.postgresql_postgresql-42.5.4.jar with timestamp 1740344952550
[2025-02-23T21:09:17.579+0000] {docker.py:413} INFO - 25/02/23 21:09:17 INFO Utils: Copying /opt/bitnami/spark/.ivy2/jars/org.postgresql_postgresql-42.5.4.jar to /tmp/spark-a2cf662f-f0d5-45a8-9d9f-cb62d1462509/userFiles-ab74e737-5dc4-4316-a2d8-f9bae2f478ac/org.postgresql_postgresql-42.5.4.jar
[2025-02-23T21:09:17.678+0000] {docker.py:413} INFO - 25/02/23 21:09:17 INFO SparkContext: Added file file:///opt/bitnami/spark/.ivy2/jars/org.apache.spark_spark-sql-kafka-0-10_2.12-3.5.0.jar at file:///opt/bitnami/spark/.ivy2/jars/org.apache.spark_spark-sql-kafka-0-10_2.12-3.5.0.jar with timestamp 1740344952550
25/02/23 21:09:17 INFO Utils: Copying /opt/bitnami/spark/.ivy2/jars/org.apache.spark_spark-sql-kafka-0-10_2.12-3.5.0.jar to /tmp/spark-a2cf662f-f0d5-45a8-9d9f-cb62d1462509/userFiles-ab74e737-5dc4-4316-a2d8-f9bae2f478ac/org.apache.spark_spark-sql-kafka-0-10_2.12-3.5.0.jar
[2025-02-23T21:09:17.718+0000] {docker.py:413} INFO - 25/02/23 21:09:17 INFO SparkContext: Added file file:///opt/bitnami/spark/.ivy2/jars/org.checkerframework_checker-qual-3.5.0.jar at file:///opt/bitnami/spark/.ivy2/jars/org.checkerframework_checker-qual-3.5.0.jar with timestamp 1740344952550
25/02/23 21:09:17 INFO Utils: Copying /opt/bitnami/spark/.ivy2/jars/org.checkerframework_checker-qual-3.5.0.jar to /tmp/spark-a2cf662f-f0d5-45a8-9d9f-cb62d1462509/userFiles-ab74e737-5dc4-4316-a2d8-f9bae2f478ac/org.checkerframework_checker-qual-3.5.0.jar
[2025-02-23T21:09:17.742+0000] {docker.py:413} INFO - 25/02/23 21:09:17 INFO SparkContext: Added file file:///opt/bitnami/spark/.ivy2/jars/org.apache.spark_spark-token-provider-kafka-0-10_2.12-3.5.0.jar at file:///opt/bitnami/spark/.ivy2/jars/org.apache.spark_spark-token-provider-kafka-0-10_2.12-3.5.0.jar with timestamp 1740344952550
[2025-02-23T21:09:17.747+0000] {docker.py:413} INFO - 25/02/23 21:09:17 INFO Utils: Copying /opt/bitnami/spark/.ivy2/jars/org.apache.spark_spark-token-provider-kafka-0-10_2.12-3.5.0.jar to /tmp/spark-a2cf662f-f0d5-45a8-9d9f-cb62d1462509/userFiles-ab74e737-5dc4-4316-a2d8-f9bae2f478ac/org.apache.spark_spark-token-provider-kafka-0-10_2.12-3.5.0.jar
[2025-02-23T21:09:17.806+0000] {docker.py:413} INFO - 25/02/23 21:09:17 INFO SparkContext: Added file file:///opt/bitnami/spark/.ivy2/jars/org.apache.kafka_kafka-clients-3.4.1.jar at file:///opt/bitnami/spark/.ivy2/jars/org.apache.kafka_kafka-clients-3.4.1.jar with timestamp 1740344952550
[2025-02-23T21:09:17.810+0000] {docker.py:413} INFO - 25/02/23 21:09:17 INFO Utils: Copying /opt/bitnami/spark/.ivy2/jars/org.apache.kafka_kafka-clients-3.4.1.jar to /tmp/spark-a2cf662f-f0d5-45a8-9d9f-cb62d1462509/userFiles-ab74e737-5dc4-4316-a2d8-f9bae2f478ac/org.apache.kafka_kafka-clients-3.4.1.jar
[2025-02-23T21:09:17.884+0000] {docker.py:413} INFO - 25/02/23 21:09:17 INFO SparkContext: Added file file:///opt/bitnami/spark/.ivy2/jars/com.google.code.findbugs_jsr305-3.0.0.jar at file:///opt/bitnami/spark/.ivy2/jars/com.google.code.findbugs_jsr305-3.0.0.jar with timestamp 1740344952550
[2025-02-23T21:09:17.905+0000] {docker.py:413} INFO - 25/02/23 21:09:17 INFO Utils: Copying /opt/bitnami/spark/.ivy2/jars/com.google.code.findbugs_jsr305-3.0.0.jar to /tmp/spark-a2cf662f-f0d5-45a8-9d9f-cb62d1462509/userFiles-ab74e737-5dc4-4316-a2d8-f9bae2f478ac/com.google.code.findbugs_jsr305-3.0.0.jar
[2025-02-23T21:09:17.950+0000] {docker.py:413} INFO - 25/02/23 21:09:17 INFO SparkContext: Added file file:///opt/bitnami/spark/.ivy2/jars/org.apache.commons_commons-pool2-2.11.1.jar at file:///opt/bitnami/spark/.ivy2/jars/org.apache.commons_commons-pool2-2.11.1.jar with timestamp 1740344952550
25/02/23 21:09:17 INFO Utils: Copying /opt/bitnami/spark/.ivy2/jars/org.apache.commons_commons-pool2-2.11.1.jar to /tmp/spark-a2cf662f-f0d5-45a8-9d9f-cb62d1462509/userFiles-ab74e737-5dc4-4316-a2d8-f9bae2f478ac/org.apache.commons_commons-pool2-2.11.1.jar
[2025-02-23T21:09:18.068+0000] {docker.py:413} INFO - 25/02/23 21:09:18 INFO SparkContext: Added file file:///opt/bitnami/spark/.ivy2/jars/org.apache.hadoop_hadoop-client-runtime-3.3.4.jar at file:///opt/bitnami/spark/.ivy2/jars/org.apache.hadoop_hadoop-client-runtime-3.3.4.jar with timestamp 1740344952550
25/02/23 21:09:18 INFO Utils: Copying /opt/bitnami/spark/.ivy2/jars/org.apache.hadoop_hadoop-client-runtime-3.3.4.jar to /tmp/spark-a2cf662f-f0d5-45a8-9d9f-cb62d1462509/userFiles-ab74e737-5dc4-4316-a2d8-f9bae2f478ac/org.apache.hadoop_hadoop-client-runtime-3.3.4.jar
[2025-02-23T21:09:18.378+0000] {docker.py:413} INFO - 25/02/23 21:09:18 INFO SparkContext: Added file file:///opt/bitnami/spark/.ivy2/jars/org.lz4_lz4-java-1.8.0.jar at file:///opt/bitnami/spark/.ivy2/jars/org.lz4_lz4-java-1.8.0.jar with timestamp 1740344952550
25/02/23 21:09:18 INFO Utils: Copying /opt/bitnami/spark/.ivy2/jars/org.lz4_lz4-java-1.8.0.jar to /tmp/spark-a2cf662f-f0d5-45a8-9d9f-cb62d1462509/userFiles-ab74e737-5dc4-4316-a2d8-f9bae2f478ac/org.lz4_lz4-java-1.8.0.jar
[2025-02-23T21:09:18.432+0000] {docker.py:413} INFO - 25/02/23 21:09:18 INFO SparkContext: Added file file:///opt/bitnami/spark/.ivy2/jars/org.xerial.snappy_snappy-java-1.1.10.3.jar at file:///opt/bitnami/spark/.ivy2/jars/org.xerial.snappy_snappy-java-1.1.10.3.jar with timestamp 1740344952550
25/02/23 21:09:18 INFO Utils: Copying /opt/bitnami/spark/.ivy2/jars/org.xerial.snappy_snappy-java-1.1.10.3.jar to /tmp/spark-a2cf662f-f0d5-45a8-9d9f-cb62d1462509/userFiles-ab74e737-5dc4-4316-a2d8-f9bae2f478ac/org.xerial.snappy_snappy-java-1.1.10.3.jar
[2025-02-23T21:09:18.519+0000] {docker.py:413} INFO - 25/02/23 21:09:18 INFO SparkContext: Added file file:///opt/bitnami/spark/.ivy2/jars/org.slf4j_slf4j-api-2.0.7.jar at file:///opt/bitnami/spark/.ivy2/jars/org.slf4j_slf4j-api-2.0.7.jar with timestamp 1740344952550
[2025-02-23T21:09:18.526+0000] {docker.py:413} INFO - 25/02/23 21:09:18 INFO Utils: Copying /opt/bitnami/spark/.ivy2/jars/org.slf4j_slf4j-api-2.0.7.jar to /tmp/spark-a2cf662f-f0d5-45a8-9d9f-cb62d1462509/userFiles-ab74e737-5dc4-4316-a2d8-f9bae2f478ac/org.slf4j_slf4j-api-2.0.7.jar
[2025-02-23T21:09:18.561+0000] {docker.py:413} INFO - 25/02/23 21:09:18 INFO SparkContext: Added file file:///opt/bitnami/spark/.ivy2/jars/org.apache.hadoop_hadoop-client-api-3.3.4.jar at file:///opt/bitnami/spark/.ivy2/jars/org.apache.hadoop_hadoop-client-api-3.3.4.jar with timestamp 1740344952550
[2025-02-23T21:09:18.565+0000] {docker.py:413} INFO - 25/02/23 21:09:18 INFO Utils: Copying /opt/bitnami/spark/.ivy2/jars/org.apache.hadoop_hadoop-client-api-3.3.4.jar to /tmp/spark-a2cf662f-f0d5-45a8-9d9f-cb62d1462509/userFiles-ab74e737-5dc4-4316-a2d8-f9bae2f478ac/org.apache.hadoop_hadoop-client-api-3.3.4.jar
[2025-02-23T21:09:18.620+0000] {docker.py:413} INFO - 25/02/23 21:09:18 INFO SparkContext: Added file file:///opt/bitnami/spark/.ivy2/jars/commons-logging_commons-logging-1.1.3.jar at file:///opt/bitnami/spark/.ivy2/jars/commons-logging_commons-logging-1.1.3.jar with timestamp 1740344952550
[2025-02-23T21:09:18.623+0000] {docker.py:413} INFO - 25/02/23 21:09:18 INFO Utils: Copying /opt/bitnami/spark/.ivy2/jars/commons-logging_commons-logging-1.1.3.jar to /tmp/spark-a2cf662f-f0d5-45a8-9d9f-cb62d1462509/userFiles-ab74e737-5dc4-4316-a2d8-f9bae2f478ac/commons-logging_commons-logging-1.1.3.jar
[2025-02-23T21:09:18.953+0000] {docker.py:413} INFO - 25/02/23 21:09:18 INFO Executor: Starting executor ID driver on host localhost
[2025-02-23T21:09:18.961+0000] {docker.py:413} INFO - 25/02/23 21:09:18 INFO Executor: OS info Linux, 6.8.0-52-generic, amd64
[2025-02-23T21:09:18.961+0000] {docker.py:413} INFO - 25/02/23 21:09:18 INFO Executor: Java version 17.0.10
[2025-02-23T21:09:18.984+0000] {docker.py:413} INFO - 25/02/23 21:09:18 INFO Executor: Starting executor with user classpath (userClassPathFirst = false): ''
[2025-02-23T21:09:18.988+0000] {docker.py:413} INFO - 25/02/23 21:09:18 INFO Executor: Created or updated repl class loader org.apache.spark.util.MutableURLClassLoader@f696244 for default.
[2025-02-23T21:09:19.037+0000] {docker.py:413} INFO - 25/02/23 21:09:19 INFO Executor: Fetching file:///opt/bitnami/spark/.ivy2/jars/org.apache.spark_spark-token-provider-kafka-0-10_2.12-3.5.0.jar with timestamp 1740344952550
[2025-02-23T21:09:19.093+0000] {docker.py:413} INFO - 25/02/23 21:09:19 INFO Utils: /opt/bitnami/spark/.ivy2/jars/org.apache.spark_spark-token-provider-kafka-0-10_2.12-3.5.0.jar has been previously copied to /tmp/spark-a2cf662f-f0d5-45a8-9d9f-cb62d1462509/userFiles-ab74e737-5dc4-4316-a2d8-f9bae2f478ac/org.apache.spark_spark-token-provider-kafka-0-10_2.12-3.5.0.jar
[2025-02-23T21:09:19.153+0000] {docker.py:413} INFO - 25/02/23 21:09:19 INFO Executor: Fetching file:///opt/bitnami/spark/.ivy2/jars/org.apache.hadoop_hadoop-client-runtime-3.3.4.jar with timestamp 1740344952550
[2025-02-23T21:09:19.255+0000] {docker.py:413} INFO - 25/02/23 21:09:19 INFO Utils: /opt/bitnami/spark/.ivy2/jars/org.apache.hadoop_hadoop-client-runtime-3.3.4.jar has been previously copied to /tmp/spark-a2cf662f-f0d5-45a8-9d9f-cb62d1462509/userFiles-ab74e737-5dc4-4316-a2d8-f9bae2f478ac/org.apache.hadoop_hadoop-client-runtime-3.3.4.jar
[2025-02-23T21:09:19.266+0000] {docker.py:413} INFO - 25/02/23 21:09:19 INFO Executor: Fetching file:///opt/bitnami/spark/.ivy2/jars/org.apache.commons_commons-pool2-2.11.1.jar with timestamp 1740344952550
[2025-02-23T21:09:19.271+0000] {docker.py:413} INFO - 25/02/23 21:09:19 INFO Utils: /opt/bitnami/spark/.ivy2/jars/org.apache.commons_commons-pool2-2.11.1.jar has been previously copied to /tmp/spark-a2cf662f-f0d5-45a8-9d9f-cb62d1462509/userFiles-ab74e737-5dc4-4316-a2d8-f9bae2f478ac/org.apache.commons_commons-pool2-2.11.1.jar
[2025-02-23T21:09:19.282+0000] {docker.py:413} INFO - 25/02/23 21:09:19 INFO Executor: Fetching file:///opt/bitnami/spark/.ivy2/jars/org.postgresql_postgresql-42.5.4.jar with timestamp 1740344952550
[2025-02-23T21:09:19.292+0000] {docker.py:413} INFO - 25/02/23 21:09:19 INFO Utils: /opt/bitnami/spark/.ivy2/jars/org.postgresql_postgresql-42.5.4.jar has been previously copied to /tmp/spark-a2cf662f-f0d5-45a8-9d9f-cb62d1462509/userFiles-ab74e737-5dc4-4316-a2d8-f9bae2f478ac/org.postgresql_postgresql-42.5.4.jar
[2025-02-23T21:09:19.315+0000] {docker.py:413} INFO - 25/02/23 21:09:19 INFO Executor: Fetching file:///opt/bitnami/spark/.ivy2/jars/org.slf4j_slf4j-api-2.0.7.jar with timestamp 1740344952550
[2025-02-23T21:09:19.321+0000] {docker.py:413} INFO - 25/02/23 21:09:19 INFO Utils: /opt/bitnami/spark/.ivy2/jars/org.slf4j_slf4j-api-2.0.7.jar has been previously copied to /tmp/spark-a2cf662f-f0d5-45a8-9d9f-cb62d1462509/userFiles-ab74e737-5dc4-4316-a2d8-f9bae2f478ac/org.slf4j_slf4j-api-2.0.7.jar
[2025-02-23T21:09:19.332+0000] {docker.py:413} INFO - 25/02/23 21:09:19 INFO Executor: Fetching file:///opt/bitnami/spark/.ivy2/jars/org.apache.kafka_kafka-clients-3.4.1.jar with timestamp 1740344952550
[2025-02-23T21:09:19.351+0000] {docker.py:413} INFO - 25/02/23 21:09:19 INFO Utils: /opt/bitnami/spark/.ivy2/jars/org.apache.kafka_kafka-clients-3.4.1.jar has been previously copied to /tmp/spark-a2cf662f-f0d5-45a8-9d9f-cb62d1462509/userFiles-ab74e737-5dc4-4316-a2d8-f9bae2f478ac/org.apache.kafka_kafka-clients-3.4.1.jar
[2025-02-23T21:09:19.363+0000] {docker.py:413} INFO - 25/02/23 21:09:19 INFO Executor: Fetching file:///opt/bitnami/spark/.ivy2/jars/com.google.code.findbugs_jsr305-3.0.0.jar with timestamp 1740344952550
[2025-02-23T21:09:19.366+0000] {docker.py:413} INFO - 25/02/23 21:09:19 INFO Utils: /opt/bitnami/spark/.ivy2/jars/com.google.code.findbugs_jsr305-3.0.0.jar has been previously copied to /tmp/spark-a2cf662f-f0d5-45a8-9d9f-cb62d1462509/userFiles-ab74e737-5dc4-4316-a2d8-f9bae2f478ac/com.google.code.findbugs_jsr305-3.0.0.jar
[2025-02-23T21:09:19.380+0000] {docker.py:413} INFO - 25/02/23 21:09:19 INFO Executor: Fetching file:///opt/bitnami/spark/.ivy2/jars/org.lz4_lz4-java-1.8.0.jar with timestamp 1740344952550
[2025-02-23T21:09:19.386+0000] {docker.py:413} INFO - 25/02/23 21:09:19 INFO Utils: /opt/bitnami/spark/.ivy2/jars/org.lz4_lz4-java-1.8.0.jar has been previously copied to /tmp/spark-a2cf662f-f0d5-45a8-9d9f-cb62d1462509/userFiles-ab74e737-5dc4-4316-a2d8-f9bae2f478ac/org.lz4_lz4-java-1.8.0.jar
[2025-02-23T21:09:19.399+0000] {docker.py:413} INFO - 25/02/23 21:09:19 INFO Executor: Fetching file:///opt/bitnami/spark/.ivy2/jars/org.apache.spark_spark-sql-kafka-0-10_2.12-3.5.0.jar with timestamp 1740344952550
[2025-02-23T21:09:19.403+0000] {docker.py:413} INFO - 25/02/23 21:09:19 INFO Utils: /opt/bitnami/spark/.ivy2/jars/org.apache.spark_spark-sql-kafka-0-10_2.12-3.5.0.jar has been previously copied to /tmp/spark-a2cf662f-f0d5-45a8-9d9f-cb62d1462509/userFiles-ab74e737-5dc4-4316-a2d8-f9bae2f478ac/org.apache.spark_spark-sql-kafka-0-10_2.12-3.5.0.jar
[2025-02-23T21:09:19.413+0000] {docker.py:413} INFO - 25/02/23 21:09:19 INFO Executor: Fetching file:///opt/bitnami/spark/.ivy2/jars/org.apache.hadoop_hadoop-client-api-3.3.4.jar with timestamp 1740344952550
[2025-02-23T21:09:19.472+0000] {docker.py:413} INFO - 25/02/23 21:09:19 INFO Utils: /opt/bitnami/spark/.ivy2/jars/org.apache.hadoop_hadoop-client-api-3.3.4.jar has been previously copied to /tmp/spark-a2cf662f-f0d5-45a8-9d9f-cb62d1462509/userFiles-ab74e737-5dc4-4316-a2d8-f9bae2f478ac/org.apache.hadoop_hadoop-client-api-3.3.4.jar
[2025-02-23T21:09:19.484+0000] {docker.py:413} INFO - 25/02/23 21:09:19 INFO Executor: Fetching file:///opt/bitnami/spark/.ivy2/jars/commons-logging_commons-logging-1.1.3.jar with timestamp 1740344952550
[2025-02-23T21:09:19.487+0000] {docker.py:413} INFO - 25/02/23 21:09:19 INFO Utils: /opt/bitnami/spark/.ivy2/jars/commons-logging_commons-logging-1.1.3.jar has been previously copied to /tmp/spark-a2cf662f-f0d5-45a8-9d9f-cb62d1462509/userFiles-ab74e737-5dc4-4316-a2d8-f9bae2f478ac/commons-logging_commons-logging-1.1.3.jar
[2025-02-23T21:09:19.499+0000] {docker.py:413} INFO - 25/02/23 21:09:19 INFO Executor: Fetching file:///opt/bitnami/spark/.ivy2/jars/org.checkerframework_checker-qual-3.5.0.jar with timestamp 1740344952550
[2025-02-23T21:09:19.503+0000] {docker.py:413} INFO - 25/02/23 21:09:19 INFO Utils: /opt/bitnami/spark/.ivy2/jars/org.checkerframework_checker-qual-3.5.0.jar has been previously copied to /tmp/spark-a2cf662f-f0d5-45a8-9d9f-cb62d1462509/userFiles-ab74e737-5dc4-4316-a2d8-f9bae2f478ac/org.checkerframework_checker-qual-3.5.0.jar
[2025-02-23T21:09:19.518+0000] {docker.py:413} INFO - 25/02/23 21:09:19 INFO Executor: Fetching file:///opt/bitnami/spark/.ivy2/jars/org.xerial.snappy_snappy-java-1.1.10.3.jar with timestamp 1740344952550
[2025-02-23T21:09:19.533+0000] {docker.py:413} INFO - 25/02/23 21:09:19 INFO Utils: /opt/bitnami/spark/.ivy2/jars/org.xerial.snappy_snappy-java-1.1.10.3.jar has been previously copied to /tmp/spark-a2cf662f-f0d5-45a8-9d9f-cb62d1462509/userFiles-ab74e737-5dc4-4316-a2d8-f9bae2f478ac/org.xerial.snappy_snappy-java-1.1.10.3.jar
[2025-02-23T21:09:19.575+0000] {docker.py:413} INFO - 25/02/23 21:09:19 INFO Executor: Fetching spark://localhost:46593/jars/org.postgresql_postgresql-42.5.4.jar with timestamp 1740344952550
[2025-02-23T21:09:19.780+0000] {docker.py:413} INFO - 25/02/23 21:09:19 INFO TransportClientFactory: Successfully created connection to localhost/127.0.0.1:46593 after 133 ms (0 ms spent in bootstraps)
[2025-02-23T21:09:19.812+0000] {docker.py:413} INFO - 25/02/23 21:09:19 INFO Utils: Fetching spark://localhost:46593/jars/org.postgresql_postgresql-42.5.4.jar to /tmp/spark-a2cf662f-f0d5-45a8-9d9f-cb62d1462509/userFiles-ab74e737-5dc4-4316-a2d8-f9bae2f478ac/fetchFileTemp3747740415037873277.tmp
[2025-02-23T21:09:20.155+0000] {docker.py:413} INFO - 25/02/23 21:09:20 INFO Utils: /tmp/spark-a2cf662f-f0d5-45a8-9d9f-cb62d1462509/userFiles-ab74e737-5dc4-4316-a2d8-f9bae2f478ac/fetchFileTemp3747740415037873277.tmp has been previously copied to /tmp/spark-a2cf662f-f0d5-45a8-9d9f-cb62d1462509/userFiles-ab74e737-5dc4-4316-a2d8-f9bae2f478ac/org.postgresql_postgresql-42.5.4.jar
[2025-02-23T21:09:20.188+0000] {docker.py:413} INFO - 25/02/23 21:09:20 INFO Executor: Adding file:/tmp/spark-a2cf662f-f0d5-45a8-9d9f-cb62d1462509/userFiles-ab74e737-5dc4-4316-a2d8-f9bae2f478ac/org.postgresql_postgresql-42.5.4.jar to class loader default
[2025-02-23T21:09:20.192+0000] {docker.py:413} INFO - 25/02/23 21:09:20 INFO Executor: Fetching spark://localhost:46593/jars/org.checkerframework_checker-qual-3.5.0.jar with timestamp 1740344952550
[2025-02-23T21:09:20.208+0000] {docker.py:413} INFO - 25/02/23 21:09:20 INFO Utils: Fetching spark://localhost:46593/jars/org.checkerframework_checker-qual-3.5.0.jar to /tmp/spark-a2cf662f-f0d5-45a8-9d9f-cb62d1462509/userFiles-ab74e737-5dc4-4316-a2d8-f9bae2f478ac/fetchFileTemp15552303969981665879.tmp
[2025-02-23T21:09:20.258+0000] {docker.py:413} INFO - 25/02/23 21:09:20 INFO Utils: /tmp/spark-a2cf662f-f0d5-45a8-9d9f-cb62d1462509/userFiles-ab74e737-5dc4-4316-a2d8-f9bae2f478ac/fetchFileTemp15552303969981665879.tmp has been previously copied to /tmp/spark-a2cf662f-f0d5-45a8-9d9f-cb62d1462509/userFiles-ab74e737-5dc4-4316-a2d8-f9bae2f478ac/org.checkerframework_checker-qual-3.5.0.jar
[2025-02-23T21:09:20.287+0000] {docker.py:413} INFO - 25/02/23 21:09:20 INFO Executor: Adding file:/tmp/spark-a2cf662f-f0d5-45a8-9d9f-cb62d1462509/userFiles-ab74e737-5dc4-4316-a2d8-f9bae2f478ac/org.checkerframework_checker-qual-3.5.0.jar to class loader default
[2025-02-23T21:09:20.292+0000] {docker.py:413} INFO - 25/02/23 21:09:20 INFO Executor: Fetching spark://localhost:46593/jars/org.apache.commons_commons-pool2-2.11.1.jar with timestamp 1740344952550
[2025-02-23T21:09:20.296+0000] {docker.py:413} INFO - 25/02/23 21:09:20 INFO Utils: Fetching spark://localhost:46593/jars/org.apache.commons_commons-pool2-2.11.1.jar to /tmp/spark-a2cf662f-f0d5-45a8-9d9f-cb62d1462509/userFiles-ab74e737-5dc4-4316-a2d8-f9bae2f478ac/fetchFileTemp15632073852294033963.tmp
[2025-02-23T21:09:20.320+0000] {docker.py:413} INFO - 25/02/23 21:09:20 INFO Utils: /tmp/spark-a2cf662f-f0d5-45a8-9d9f-cb62d1462509/userFiles-ab74e737-5dc4-4316-a2d8-f9bae2f478ac/fetchFileTemp15632073852294033963.tmp has been previously copied to /tmp/spark-a2cf662f-f0d5-45a8-9d9f-cb62d1462509/userFiles-ab74e737-5dc4-4316-a2d8-f9bae2f478ac/org.apache.commons_commons-pool2-2.11.1.jar
[2025-02-23T21:09:20.345+0000] {docker.py:413} INFO - 25/02/23 21:09:20 INFO Executor: Adding file:/tmp/spark-a2cf662f-f0d5-45a8-9d9f-cb62d1462509/userFiles-ab74e737-5dc4-4316-a2d8-f9bae2f478ac/org.apache.commons_commons-pool2-2.11.1.jar to class loader default
[2025-02-23T21:09:20.350+0000] {docker.py:413} INFO - 25/02/23 21:09:20 INFO Executor: Fetching spark://localhost:46593/jars/commons-logging_commons-logging-1.1.3.jar with timestamp 1740344952550
[2025-02-23T21:09:20.355+0000] {docker.py:413} INFO - 25/02/23 21:09:20 INFO Utils: Fetching spark://localhost:46593/jars/commons-logging_commons-logging-1.1.3.jar to /tmp/spark-a2cf662f-f0d5-45a8-9d9f-cb62d1462509/userFiles-ab74e737-5dc4-4316-a2d8-f9bae2f478ac/fetchFileTemp3705864009450371412.tmp
[2025-02-23T21:09:20.360+0000] {docker.py:413} INFO - 25/02/23 21:09:20 INFO Utils: /tmp/spark-a2cf662f-f0d5-45a8-9d9f-cb62d1462509/userFiles-ab74e737-5dc4-4316-a2d8-f9bae2f478ac/fetchFileTemp3705864009450371412.tmp has been previously copied to /tmp/spark-a2cf662f-f0d5-45a8-9d9f-cb62d1462509/userFiles-ab74e737-5dc4-4316-a2d8-f9bae2f478ac/commons-logging_commons-logging-1.1.3.jar
[2025-02-23T21:09:20.375+0000] {docker.py:413} INFO - 25/02/23 21:09:20 INFO Executor: Adding file:/tmp/spark-a2cf662f-f0d5-45a8-9d9f-cb62d1462509/userFiles-ab74e737-5dc4-4316-a2d8-f9bae2f478ac/commons-logging_commons-logging-1.1.3.jar to class loader default
[2025-02-23T21:09:20.376+0000] {docker.py:413} INFO - 25/02/23 21:09:20 INFO Executor: Fetching spark://localhost:46593/jars/org.xerial.snappy_snappy-java-1.1.10.3.jar with timestamp 1740344952550
[2025-02-23T21:09:20.380+0000] {docker.py:413} INFO - 25/02/23 21:09:20 INFO Utils: Fetching spark://localhost:46593/jars/org.xerial.snappy_snappy-java-1.1.10.3.jar to /tmp/spark-a2cf662f-f0d5-45a8-9d9f-cb62d1462509/userFiles-ab74e737-5dc4-4316-a2d8-f9bae2f478ac/fetchFileTemp17177421223026354103.tmp
[2025-02-23T21:09:20.441+0000] {docker.py:413} INFO - 25/02/23 21:09:20 INFO Utils: /tmp/spark-a2cf662f-f0d5-45a8-9d9f-cb62d1462509/userFiles-ab74e737-5dc4-4316-a2d8-f9bae2f478ac/fetchFileTemp17177421223026354103.tmp has been previously copied to /tmp/spark-a2cf662f-f0d5-45a8-9d9f-cb62d1462509/userFiles-ab74e737-5dc4-4316-a2d8-f9bae2f478ac/org.xerial.snappy_snappy-java-1.1.10.3.jar
[2025-02-23T21:09:20.455+0000] {docker.py:413} INFO - 25/02/23 21:09:20 INFO Executor: Adding file:/tmp/spark-a2cf662f-f0d5-45a8-9d9f-cb62d1462509/userFiles-ab74e737-5dc4-4316-a2d8-f9bae2f478ac/org.xerial.snappy_snappy-java-1.1.10.3.jar to class loader default
[2025-02-23T21:09:20.456+0000] {docker.py:413} INFO - 25/02/23 21:09:20 INFO Executor: Fetching spark://localhost:46593/jars/com.google.code.findbugs_jsr305-3.0.0.jar with timestamp 1740344952550
[2025-02-23T21:09:20.459+0000] {docker.py:413} INFO - 25/02/23 21:09:20 INFO Utils: Fetching spark://localhost:46593/jars/com.google.code.findbugs_jsr305-3.0.0.jar to /tmp/spark-a2cf662f-f0d5-45a8-9d9f-cb62d1462509/userFiles-ab74e737-5dc4-4316-a2d8-f9bae2f478ac/fetchFileTemp9348793726975325336.tmp
[2025-02-23T21:09:20.468+0000] {docker.py:413} INFO - 25/02/23 21:09:20 INFO Utils: /tmp/spark-a2cf662f-f0d5-45a8-9d9f-cb62d1462509/userFiles-ab74e737-5dc4-4316-a2d8-f9bae2f478ac/fetchFileTemp9348793726975325336.tmp has been previously copied to /tmp/spark-a2cf662f-f0d5-45a8-9d9f-cb62d1462509/userFiles-ab74e737-5dc4-4316-a2d8-f9bae2f478ac/com.google.code.findbugs_jsr305-3.0.0.jar
[2025-02-23T21:09:20.484+0000] {docker.py:413} INFO - 25/02/23 21:09:20 INFO Executor: Adding file:/tmp/spark-a2cf662f-f0d5-45a8-9d9f-cb62d1462509/userFiles-ab74e737-5dc4-4316-a2d8-f9bae2f478ac/com.google.code.findbugs_jsr305-3.0.0.jar to class loader default
25/02/23 21:09:20 INFO Executor: Fetching spark://localhost:46593/jars/org.apache.spark_spark-token-provider-kafka-0-10_2.12-3.5.0.jar with timestamp 1740344952550
[2025-02-23T21:09:20.486+0000] {docker.py:413} INFO - 25/02/23 21:09:20 INFO Utils: Fetching spark://localhost:46593/jars/org.apache.spark_spark-token-provider-kafka-0-10_2.12-3.5.0.jar to /tmp/spark-a2cf662f-f0d5-45a8-9d9f-cb62d1462509/userFiles-ab74e737-5dc4-4316-a2d8-f9bae2f478ac/fetchFileTemp11871335403856759574.tmp
[2025-02-23T21:09:20.505+0000] {docker.py:413} INFO - 25/02/23 21:09:20 INFO Utils: /tmp/spark-a2cf662f-f0d5-45a8-9d9f-cb62d1462509/userFiles-ab74e737-5dc4-4316-a2d8-f9bae2f478ac/fetchFileTemp11871335403856759574.tmp has been previously copied to /tmp/spark-a2cf662f-f0d5-45a8-9d9f-cb62d1462509/userFiles-ab74e737-5dc4-4316-a2d8-f9bae2f478ac/org.apache.spark_spark-token-provider-kafka-0-10_2.12-3.5.0.jar
[2025-02-23T21:09:20.527+0000] {docker.py:413} INFO - 25/02/23 21:09:20 INFO Executor: Adding file:/tmp/spark-a2cf662f-f0d5-45a8-9d9f-cb62d1462509/userFiles-ab74e737-5dc4-4316-a2d8-f9bae2f478ac/org.apache.spark_spark-token-provider-kafka-0-10_2.12-3.5.0.jar to class loader default
[2025-02-23T21:09:20.532+0000] {docker.py:413} INFO - 25/02/23 21:09:20 INFO Executor: Fetching spark://localhost:46593/jars/org.apache.hadoop_hadoop-client-runtime-3.3.4.jar with timestamp 1740344952550
[2025-02-23T21:09:20.544+0000] {docker.py:413} INFO - 25/02/23 21:09:20 INFO Utils: Fetching spark://localhost:46593/jars/org.apache.hadoop_hadoop-client-runtime-3.3.4.jar to /tmp/spark-a2cf662f-f0d5-45a8-9d9f-cb62d1462509/userFiles-ab74e737-5dc4-4316-a2d8-f9bae2f478ac/fetchFileTemp16347442977696354063.tmp
[2025-02-23T21:09:22.332+0000] {docker.py:413} INFO - 25/02/23 21:09:22 INFO Utils: /tmp/spark-a2cf662f-f0d5-45a8-9d9f-cb62d1462509/userFiles-ab74e737-5dc4-4316-a2d8-f9bae2f478ac/fetchFileTemp16347442977696354063.tmp has been previously copied to /tmp/spark-a2cf662f-f0d5-45a8-9d9f-cb62d1462509/userFiles-ab74e737-5dc4-4316-a2d8-f9bae2f478ac/org.apache.hadoop_hadoop-client-runtime-3.3.4.jar
[2025-02-23T21:09:22.351+0000] {docker.py:413} INFO - 25/02/23 21:09:22 INFO Executor: Adding file:/tmp/spark-a2cf662f-f0d5-45a8-9d9f-cb62d1462509/userFiles-ab74e737-5dc4-4316-a2d8-f9bae2f478ac/org.apache.hadoop_hadoop-client-runtime-3.3.4.jar to class loader default
[2025-02-23T21:09:22.354+0000] {docker.py:413} INFO - 25/02/23 21:09:22 INFO Executor: Fetching spark://localhost:46593/jars/org.apache.spark_spark-sql-kafka-0-10_2.12-3.5.0.jar with timestamp 1740344952550
[2025-02-23T21:09:22.364+0000] {docker.py:413} INFO - 25/02/23 21:09:22 INFO Utils: Fetching spark://localhost:46593/jars/org.apache.spark_spark-sql-kafka-0-10_2.12-3.5.0.jar to /tmp/spark-a2cf662f-f0d5-45a8-9d9f-cb62d1462509/userFiles-ab74e737-5dc4-4316-a2d8-f9bae2f478ac/fetchFileTemp10109566405195684846.tmp
[2025-02-23T21:09:22.381+0000] {docker.py:413} INFO - 25/02/23 21:09:22 INFO Utils: /tmp/spark-a2cf662f-f0d5-45a8-9d9f-cb62d1462509/userFiles-ab74e737-5dc4-4316-a2d8-f9bae2f478ac/fetchFileTemp10109566405195684846.tmp has been previously copied to /tmp/spark-a2cf662f-f0d5-45a8-9d9f-cb62d1462509/userFiles-ab74e737-5dc4-4316-a2d8-f9bae2f478ac/org.apache.spark_spark-sql-kafka-0-10_2.12-3.5.0.jar
[2025-02-23T21:09:22.391+0000] {docker.py:413} INFO - 25/02/23 21:09:22 INFO Executor: Adding file:/tmp/spark-a2cf662f-f0d5-45a8-9d9f-cb62d1462509/userFiles-ab74e737-5dc4-4316-a2d8-f9bae2f478ac/org.apache.spark_spark-sql-kafka-0-10_2.12-3.5.0.jar to class loader default
[2025-02-23T21:09:22.395+0000] {docker.py:413} INFO - 25/02/23 21:09:22 INFO Executor: Fetching spark://localhost:46593/jars/org.apache.kafka_kafka-clients-3.4.1.jar with timestamp 1740344952550
[2025-02-23T21:09:22.397+0000] {docker.py:413} INFO - 25/02/23 21:09:22 INFO Utils: Fetching spark://localhost:46593/jars/org.apache.kafka_kafka-clients-3.4.1.jar to /tmp/spark-a2cf662f-f0d5-45a8-9d9f-cb62d1462509/userFiles-ab74e737-5dc4-4316-a2d8-f9bae2f478ac/fetchFileTemp7427520206169055623.tmp
[2025-02-23T21:09:22.532+0000] {docker.py:413} INFO - 25/02/23 21:09:22 INFO Utils: /tmp/spark-a2cf662f-f0d5-45a8-9d9f-cb62d1462509/userFiles-ab74e737-5dc4-4316-a2d8-f9bae2f478ac/fetchFileTemp7427520206169055623.tmp has been previously copied to /tmp/spark-a2cf662f-f0d5-45a8-9d9f-cb62d1462509/userFiles-ab74e737-5dc4-4316-a2d8-f9bae2f478ac/org.apache.kafka_kafka-clients-3.4.1.jar
[2025-02-23T21:09:22.588+0000] {docker.py:413} INFO - 25/02/23 21:09:22 INFO Executor: Adding file:/tmp/spark-a2cf662f-f0d5-45a8-9d9f-cb62d1462509/userFiles-ab74e737-5dc4-4316-a2d8-f9bae2f478ac/org.apache.kafka_kafka-clients-3.4.1.jar to class loader default
[2025-02-23T21:09:22.593+0000] {docker.py:413} INFO - 25/02/23 21:09:22 INFO Executor: Fetching spark://localhost:46593/jars/org.apache.hadoop_hadoop-client-api-3.3.4.jar with timestamp 1740344952550
[2025-02-23T21:09:22.595+0000] {docker.py:413} INFO - 25/02/23 21:09:22 INFO Utils: Fetching spark://localhost:46593/jars/org.apache.hadoop_hadoop-client-api-3.3.4.jar to /tmp/spark-a2cf662f-f0d5-45a8-9d9f-cb62d1462509/userFiles-ab74e737-5dc4-4316-a2d8-f9bae2f478ac/fetchFileTemp2697678556561420815.tmp
[2025-02-23T21:09:23.236+0000] {docker.py:413} INFO - 25/02/23 21:09:23 INFO Utils: /tmp/spark-a2cf662f-f0d5-45a8-9d9f-cb62d1462509/userFiles-ab74e737-5dc4-4316-a2d8-f9bae2f478ac/fetchFileTemp2697678556561420815.tmp has been previously copied to /tmp/spark-a2cf662f-f0d5-45a8-9d9f-cb62d1462509/userFiles-ab74e737-5dc4-4316-a2d8-f9bae2f478ac/org.apache.hadoop_hadoop-client-api-3.3.4.jar
[2025-02-23T21:09:23.253+0000] {docker.py:413} INFO - 25/02/23 21:09:23 INFO Executor: Adding file:/tmp/spark-a2cf662f-f0d5-45a8-9d9f-cb62d1462509/userFiles-ab74e737-5dc4-4316-a2d8-f9bae2f478ac/org.apache.hadoop_hadoop-client-api-3.3.4.jar to class loader default
[2025-02-23T21:09:23.257+0000] {docker.py:413} INFO - 25/02/23 21:09:23 INFO Executor: Fetching spark://localhost:46593/jars/org.lz4_lz4-java-1.8.0.jar with timestamp 1740344952550
25/02/23 21:09:23 INFO Utils: Fetching spark://localhost:46593/jars/org.lz4_lz4-java-1.8.0.jar to /tmp/spark-a2cf662f-f0d5-45a8-9d9f-cb62d1462509/userFiles-ab74e737-5dc4-4316-a2d8-f9bae2f478ac/fetchFileTemp17282591108340222857.tmp
[2025-02-23T21:09:23.274+0000] {docker.py:413} INFO - 25/02/23 21:09:23 INFO Utils: /tmp/spark-a2cf662f-f0d5-45a8-9d9f-cb62d1462509/userFiles-ab74e737-5dc4-4316-a2d8-f9bae2f478ac/fetchFileTemp17282591108340222857.tmp has been previously copied to /tmp/spark-a2cf662f-f0d5-45a8-9d9f-cb62d1462509/userFiles-ab74e737-5dc4-4316-a2d8-f9bae2f478ac/org.lz4_lz4-java-1.8.0.jar
[2025-02-23T21:09:23.290+0000] {docker.py:413} INFO - 25/02/23 21:09:23 INFO Executor: Adding file:/tmp/spark-a2cf662f-f0d5-45a8-9d9f-cb62d1462509/userFiles-ab74e737-5dc4-4316-a2d8-f9bae2f478ac/org.lz4_lz4-java-1.8.0.jar to class loader default
[2025-02-23T21:09:23.299+0000] {docker.py:413} INFO - 25/02/23 21:09:23 INFO Executor: Fetching spark://localhost:46593/jars/org.slf4j_slf4j-api-2.0.7.jar with timestamp 1740344952550
25/02/23 21:09:23 INFO Utils: Fetching spark://localhost:46593/jars/org.slf4j_slf4j-api-2.0.7.jar to /tmp/spark-a2cf662f-f0d5-45a8-9d9f-cb62d1462509/userFiles-ab74e737-5dc4-4316-a2d8-f9bae2f478ac/fetchFileTemp1899488344510598018.tmp
[2025-02-23T21:09:23.317+0000] {docker.py:413} INFO - 25/02/23 21:09:23 INFO Utils: /tmp/spark-a2cf662f-f0d5-45a8-9d9f-cb62d1462509/userFiles-ab74e737-5dc4-4316-a2d8-f9bae2f478ac/fetchFileTemp1899488344510598018.tmp has been previously copied to /tmp/spark-a2cf662f-f0d5-45a8-9d9f-cb62d1462509/userFiles-ab74e737-5dc4-4316-a2d8-f9bae2f478ac/org.slf4j_slf4j-api-2.0.7.jar
[2025-02-23T21:09:23.331+0000] {docker.py:413} INFO - 25/02/23 21:09:23 INFO Executor: Adding file:/tmp/spark-a2cf662f-f0d5-45a8-9d9f-cb62d1462509/userFiles-ab74e737-5dc4-4316-a2d8-f9bae2f478ac/org.slf4j_slf4j-api-2.0.7.jar to class loader default
[2025-02-23T21:09:23.366+0000] {docker.py:413} INFO - 25/02/23 21:09:23 INFO Utils: Successfully started service 'org.apache.spark.network.netty.NettyBlockTransferService' on port 38175.
[2025-02-23T21:09:23.367+0000] {docker.py:413} INFO - 25/02/23 21:09:23 INFO NettyBlockTransferService: Server created on localhost:38175
[2025-02-23T21:09:23.373+0000] {docker.py:413} INFO - 25/02/23 21:09:23 INFO BlockManager: Using org.apache.spark.storage.RandomBlockReplicationPolicy for block replication policy
[2025-02-23T21:09:23.398+0000] {docker.py:413} INFO - 25/02/23 21:09:23 INFO BlockManagerMaster: Registering BlockManager BlockManagerId(driver, localhost, 38175, None)
[2025-02-23T21:09:23.425+0000] {docker.py:413} INFO - 25/02/23 21:09:23 INFO BlockManagerMasterEndpoint: Registering block manager localhost:38175 with 434.4 MiB RAM, BlockManagerId(driver, localhost, 38175, None)
[2025-02-23T21:09:23.437+0000] {docker.py:413} INFO - 25/02/23 21:09:23 INFO BlockManagerMaster: Registered BlockManager BlockManagerId(driver, localhost, 38175, None)
[2025-02-23T21:09:23.441+0000] {docker.py:413} INFO - 25/02/23 21:09:23 INFO BlockManager: Initialized BlockManager: BlockManagerId(driver, localhost, 38175, None)
[2025-02-23T21:09:25.408+0000] {docker.py:413} INFO - 25/02/23 21:09:25 INFO SharedState: Setting hive.metastore.warehouse.dir ('null') to the value of spark.sql.warehouse.dir.
[2025-02-23T21:09:25.445+0000] {docker.py:413} INFO - 25/02/23 21:09:25 INFO SharedState: Warehouse path is 'file:/opt/bitnami/spark/spark-warehouse'.
[2025-02-23T21:09:38.850+0000] {docker.py:413} INFO - 25/02/23 21:09:38 INFO StateStoreCoordinatorRef: Registered StateStoreCoordinator endpoint
[2025-02-23T21:09:39.049+0000] {docker.py:413} INFO - 25/02/23 21:09:39 WARN ResolveWriteToStream: Temporary checkpoint location created which is deleted normally when the query didn't fail: /tmp/temporary-4d2cb9d4-ee20-4e4e-a6d8-4989d4bad260. If it's required to delete it under any circumstances, please set spark.sql.streaming.forceDeleteTempCheckpointLocation to true. Important to know deleting temp checkpoint folder is best effort.
[2025-02-23T21:09:39.386+0000] {docker.py:413} INFO - 25/02/23 21:09:39 INFO ResolveWriteToStream: Checkpoint root file:///tmp/temporary-4d2cb9d4-ee20-4e4e-a6d8-4989d4bad260 resolved to file:/tmp/temporary-4d2cb9d4-ee20-4e4e-a6d8-4989d4bad260.
[2025-02-23T21:09:39.391+0000] {docker.py:413} INFO - 25/02/23 21:09:39 WARN ResolveWriteToStream: spark.sql.adaptive.enabled is not supported in streaming DataFrames/Datasets and will be disabled.
[2025-02-23T21:09:39.815+0000] {docker.py:413} INFO - 25/02/23 21:09:39 INFO CheckpointFileManager: Writing atomically to file:/tmp/temporary-4d2cb9d4-ee20-4e4e-a6d8-4989d4bad260/metadata using temp file file:/tmp/temporary-4d2cb9d4-ee20-4e4e-a6d8-4989d4bad260/.metadata.fe61b1d3-6140-4298-855d-d2cfa615e0e4.tmp
[2025-02-23T21:09:40.118+0000] {docker.py:413} INFO - 25/02/23 21:09:40 INFO CheckpointFileManager: Renamed temp file file:/tmp/temporary-4d2cb9d4-ee20-4e4e-a6d8-4989d4bad260/.metadata.fe61b1d3-6140-4298-855d-d2cfa615e0e4.tmp to file:/tmp/temporary-4d2cb9d4-ee20-4e4e-a6d8-4989d4bad260/metadata
[2025-02-23T21:09:40.224+0000] {docker.py:413} INFO - 25/02/23 21:09:40 INFO MicroBatchExecution: Starting [id = d6d9bc0b-8149-427e-ad7c-c8efa4085ef7, runId = f748c516-d706-4246-a04d-d3943be0702b]. Use file:/tmp/temporary-4d2cb9d4-ee20-4e4e-a6d8-4989d4bad260 to store the query checkpoint.
[2025-02-23T21:09:40.263+0000] {docker.py:413} INFO - 25/02/23 21:09:40 INFO MicroBatchExecution: Reading table [org.apache.spark.sql.kafka010.KafkaSourceProvider$KafkaTable@6e7666cd] from DataSourceV2 named 'kafka' [org.apache.spark.sql.kafka010.KafkaSourceProvider@668be78d]
[2025-02-23T21:09:40.357+0000] {docker.py:413} INFO - 25/02/23 21:09:40 INFO OffsetSeqLog: BatchIds found from listing:
[2025-02-23T21:09:40.359+0000] {docker.py:413} INFO - 25/02/23 21:09:40 INFO OffsetSeqLog: BatchIds found from listing:
[2025-02-23T21:09:40.361+0000] {docker.py:413} INFO - 25/02/23 21:09:40 INFO MicroBatchExecution: Starting new streaming query.
[2025-02-23T21:09:40.384+0000] {docker.py:413} INFO - 25/02/23 21:09:40 INFO MicroBatchExecution: Stream started from {}
[2025-02-23T21:09:43.518+0000] {docker.py:413} INFO - 25/02/23 21:09:43 INFO AdminClientConfig: AdminClientConfig values: 
	auto.include.jmx.reporter = true
	bootstrap.servers = [kafka:9092]
	client.dns.lookup = use_all_dns_ips
	client.id = 
	connections.max.idle.ms = 300000
	default.api.timeout.ms = 60000
	metadata.max.age.ms = 300000
	metric.reporters = []
	metrics.num.samples = 2
	metrics.recording.level = INFO
	metrics.sample.window.ms = 30000
	receive.buffer.bytes = 65536
	reconnect.backoff.max.ms = 1000
	reconnect.backoff.ms = 50
	request.timeout.ms = 30000
	retries = 2147483647
	retry.backoff.ms = 100
	sasl.client.callback.handler.class = null
	sasl.jaas.config = null
	sasl.kerberos.kinit.cmd = /usr/bin/kinit
	sasl.kerberos.min.time.before.relogin = 60000
	sasl.kerberos.service.name = null
	sasl.kerberos.ticket.renew.jitter = 0.05
	sasl.kerberos.ticket.renew.window.factor = 0.8
	sasl.login.callback.handler.class = null
	sasl.login.class = null
	sasl.login.connect.timeout.ms = null
	sasl.login.read.timeout.ms = null
	sasl.login.refresh.buffer.seconds = 300
	sasl.login.refresh.min.period.seconds = 60
	sasl.login.refresh.window.factor = 0.8
	sasl.login.refresh.window.jitter = 0.05
	sasl.login.retry.backoff.max.ms = 10000
	sasl.login.retry.backoff.ms = 100
	sasl.mechanism = GSSAPI
	sasl.oauthbearer.clock.skew.seconds = 30
	sasl.oauthbearer.expected.audience = null
	sasl.oauthbearer.expected.issuer = null
	sasl.oauthbearer.jwks.endpoint.refresh.ms = 3600000
	sasl.oauthbearer.jwks.endpoint.retry.backoff.max.ms = 10000
	sasl.oauthbearer.jwks.endpoint.retry.backoff.ms = 100
	sasl.oauthbearer.jwks.endpoint.url = null
	sasl.oauthbearer.scope.claim.name = scope
	sasl.oauthbearer.sub.claim.name = sub
	sasl.oauthbearer.token.endpoint.url = null
	security.protocol = PLAINTEXT
	security.providers = null
	send.buffer.bytes = 131072
	socket.connection.setup.timeout.max.ms = 30000
	socket.connection.setup.timeout.ms = 10000
	ssl.cipher.suites = null
	ssl.enabled.protocols = [TLSv1.2, TLSv1.3]
	ssl.endpoint.identification.algorithm = https
	ssl.engine.factory.class = null
	ssl.key.*** = null
	ssl.keymanager.algorithm = SunX509
	ssl.keystore.certificate.chain = null
	ssl.keystore.key = null
	ssl.keystore.location = null
	ssl.keystore.*** = null
	ssl.keystore.type = JKS
	ssl.protocol = TLSv1.3
	ssl.provider = null
	ssl.secure.random.implementation = null
	ssl.trustmanager.algorithm = PKIX
	ssl.truststore.certificates = null
	ssl.truststore.location = null
	ssl.truststore.*** = null
	ssl.truststore.type = JKS
[2025-02-23T21:09:44.284+0000] {docker.py:413} INFO - 25/02/23 21:09:44 WARN AdminClientConfig: These configurations '[key.deserializer, value.deserializer, enable.auto.commit, max.poll.records, auto.offset.reset]' were supplied but are not used yet.
[2025-02-23T21:09:44.290+0000] {docker.py:413} INFO - 25/02/23 21:09:44 INFO AppInfoParser: Kafka version: 3.4.1
[2025-02-23T21:09:44.293+0000] {docker.py:413} INFO - 25/02/23 21:09:44 INFO AppInfoParser: Kafka commitId: 8a516edc2755df89
[2025-02-23T21:09:44.295+0000] {docker.py:413} INFO - 25/02/23 21:09:44 INFO AppInfoParser: Kafka startTimeMs: 1740344984280
[2025-02-23T21:09:47.559+0000] {docker.py:413} INFO - 25/02/23 21:09:47 INFO CheckpointFileManager: Writing atomically to file:/tmp/temporary-4d2cb9d4-ee20-4e4e-a6d8-4989d4bad260/sources/0/0 using temp file file:/tmp/temporary-4d2cb9d4-ee20-4e4e-a6d8-4989d4bad260/sources/0/.0.997b70ce-fa65-474f-be18-63e07ea99bf2.tmp
[2025-02-23T21:09:47.678+0000] {docker.py:413} INFO - 25/02/23 21:09:47 INFO CheckpointFileManager: Renamed temp file file:/tmp/temporary-4d2cb9d4-ee20-4e4e-a6d8-4989d4bad260/sources/0/.0.997b70ce-fa65-474f-be18-63e07ea99bf2.tmp to file:/tmp/temporary-4d2cb9d4-ee20-4e4e-a6d8-4989d4bad260/sources/0/0
[2025-02-23T21:09:47.685+0000] {docker.py:413} INFO - 25/02/23 21:09:47 INFO KafkaMicroBatchStream: Initial offsets: {"online_retail":{"0":0}}
[2025-02-23T21:09:47.868+0000] {docker.py:413} INFO - 25/02/23 21:09:47 INFO CheckpointFileManager: Writing atomically to file:/tmp/temporary-4d2cb9d4-ee20-4e4e-a6d8-4989d4bad260/offsets/0 using temp file file:/tmp/temporary-4d2cb9d4-ee20-4e4e-a6d8-4989d4bad260/offsets/.0.f79f2ff7-2507-4a90-9812-175845e5db4b.tmp
[2025-02-23T21:09:48.043+0000] {docker.py:413} INFO - 25/02/23 21:09:48 INFO CheckpointFileManager: Renamed temp file file:/tmp/temporary-4d2cb9d4-ee20-4e4e-a6d8-4989d4bad260/offsets/.0.f79f2ff7-2507-4a90-9812-175845e5db4b.tmp to file:/tmp/temporary-4d2cb9d4-ee20-4e4e-a6d8-4989d4bad260/offsets/0
[2025-02-23T21:09:48.048+0000] {docker.py:413} INFO - 25/02/23 21:09:48 INFO MicroBatchExecution: Committed offsets for batch 0. Metadata OffsetSeqMetadata(0,1740344987747,Map(spark.sql.streaming.stateStore.providerClass -> org.apache.spark.sql.execution.streaming.state.HDFSBackedStateStoreProvider, spark.sql.streaming.join.stateFormatVersion -> 2, spark.sql.streaming.stateStore.compression.codec -> lz4, spark.sql.streaming.stateStore.rocksdb.formatVersion -> 5, spark.sql.streaming.statefulOperator.useStrictDistribution -> true, spark.sql.streaming.flatMapGroupsWithState.stateFormatVersion -> 2, spark.sql.streaming.multipleWatermarkPolicy -> min, spark.sql.streaming.aggregation.stateFormatVersion -> 2, spark.sql.shuffle.partitions -> 200))
[2025-02-23T21:09:50.521+0000] {docker.py:413} INFO - 25/02/23 21:09:50 INFO KafkaOffsetReaderAdmin: Partitions added: Map()
[2025-02-23T21:09:50.697+0000] {docker.py:413} INFO - 25/02/23 21:09:50 INFO KafkaOffsetReaderAdmin: Partitions added: Map()
[2025-02-23T21:09:50.946+0000] {docker.py:413} INFO - 25/02/23 21:09:50 INFO KafkaOffsetReaderAdmin: Partitions added: Map()
[2025-02-23T21:09:50.952+0000] {docker.py:413} INFO - 25/02/23 21:09:50 INFO KafkaOffsetReaderAdmin: Partitions added: Map()
[2025-02-23T21:09:53.126+0000] {docker.py:413} INFO - 25/02/23 21:09:53 INFO CodeGenerator: Code generated in 1186.831172 ms
[2025-02-23T21:09:55.784+0000] {docker.py:413} INFO - 25/02/23 21:09:55 ERROR MicroBatchExecution: Query [id = d6d9bc0b-8149-427e-ad7c-c8efa4085ef7, runId = f748c516-d706-4246-a04d-d3943be0702b] terminated with error
py4j.Py4JException: An exception was raised by the Python Proxy. Return Message: Traceback (most recent call last):
  File "/opt/bitnami/spark/python/lib/py4j-0.10.9.7-src.zip/py4j/clientserver.py", line 617, in _call_proxy
    return_value = getattr(self.pool[obj_id], method)(*params)
                   ^^^^^^^^^^^^^^^^^^^^^^^^^^^^^^^^^^^^^^^^^^^
  File "/opt/bitnami/spark/python/lib/pyspark.zip/pyspark/sql/utils.py", line 120, in call
    raise e
  File "/opt/bitnami/spark/python/lib/pyspark.zip/pyspark/sql/utils.py", line 117, in call
    self.func(DataFrame(jdf, wrapped_session_jdf), batch_id)
  File "/opt/bitnami/spark/spark_pgsql.py", line 54, in write_to_postgres
    .save()
     ^^^^^^
  File "/opt/bitnami/spark/python/lib/pyspark.zip/pyspark/sql/readwriter.py", line 1461, in save
    self._jwrite.save()
  File "/opt/bitnami/spark/python/lib/py4j-0.10.9.7-src.zip/py4j/java_gateway.py", line 1322, in __call__
    return_value = get_return_value(
                   ^^^^^^^^^^^^^^^^^
  File "/opt/bitnami/spark/python/lib/pyspark.zip/pyspark/errors/exceptions/captured.py", line 179, in deco
    return f(*a, **kw)
           ^^^^^^^^^^^
  File "/opt/bitnami/spark/python/lib/py4j-0.10.9.7-src.zip/py4j/protocol.py", line 326, in get_return_value
    raise Py4JJavaError(
py4j.protocol.Py4JJavaError: An error occurred while calling o65.save.
: org.postgresql.util.PSQLException: FATAL: database "None" does not exist
	at org.postgresql.core.v3.QueryExecutorImpl.receiveErrorResponse(QueryExecutorImpl.java:2676)
	at org.postgresql.core.v3.QueryExecutorImpl.readStartupMessages(QueryExecutorImpl.java:2788)
	at org.postgresql.core.v3.QueryExecutorImpl.<init>(QueryExecutorImpl.java:174)
	at org.postgresql.core.v3.ConnectionFactoryImpl.openConnectionImpl(ConnectionFactoryImpl.java:313)
	at org.postgresql.core.ConnectionFactory.openConnection(ConnectionFactory.java:54)
	at org.postgresql.jdbc.PgConnection.<init>(PgConnection.java:253)
	at org.postgresql.Driver.makeConnection(Driver.java:434)
	at org.postgresql.Driver.connect(Driver.java:291)
	at org.apache.spark.sql.execution.datasources.jdbc.connection.BasicConnectionProvider.getConnection(BasicConnectionProvider.scala:49)
	at org.apache.spark.sql.execution.datasources.jdbc.connection.ConnectionProviderBase.create(ConnectionProvider.scala:102)
	at org.apache.spark.sql.jdbc.JdbcDialect.$anonfun$createConnectionFactory$1(JdbcDialects.scala:160)
	at org.apache.spark.sql.jdbc.JdbcDialect.$anonfun$createConnectionFactory$1$adapted(JdbcDialects.scala:156)
	at org.apache.spark.sql.execution.datasources.jdbc.JdbcRelationProvider.createRelation(JdbcRelationProvider.scala:50)
	at org.apache.spark.sql.execution.datasources.SaveIntoDataSourceCommand.run(SaveIntoDataSourceCommand.scala:48)
	at org.apache.spark.sql.execution.command.ExecutedCommandExec.sideEffectResult$lzycompute(commands.scala:75)
	at org.apache.spark.sql.execution.command.ExecutedCommandExec.sideEffectResult(commands.scala:73)
	at org.apache.spark.sql.execution.command.ExecutedCommandExec.executeCollect(commands.scala:84)
	at org.apache.spark.sql.execution.QueryExecution$$anonfun$eagerlyExecuteCommands$1.$anonfun$applyOrElse$1(QueryExecution.scala:107)
	at org.apache.spark.sql.execution.SQLExecution$.$anonfun$withNewExecutionId$6(SQLExecution.scala:125)
	at org.apache.spark.sql.execution.SQLExecution$.withSQLConfPropagated(SQLExecution.scala:201)
	at org.apache.spark.sql.execution.SQLExecution$.$anonfun$withNewExecutionId$1(SQLExecution.scala:108)
	at org.apache.spark.sql.SparkSession.withActive(SparkSession.scala:900)
	at org.apache.spark.sql.execution.SQLExecution$.withNewExecutionId(SQLExecution.scala:66)
	at org.apache.spark.sql.execution.QueryExecution$$anonfun$eagerlyExecuteCommands$1.applyOrElse(QueryExecution.scala:107)
	at org.apache.spark.sql.execution.QueryExecution$$anonfun$eagerlyExecuteCommands$1.applyOrElse(QueryExecution.scala:98)
	at org.apache.spark.sql.catalyst.trees.TreeNode.$anonfun$transformDownWithPruning$1(TreeNode.scala:461)
	at org.apache.spark.sql.catalyst.trees.CurrentOrigin$.withOrigin(origin.scala:76)
	at org.apache.spark.sql.catalyst.trees.TreeNode.transformDownWithPruning(TreeNode.scala:461)
	at org.apache.spark.sql.catalyst.plans.logical.LogicalPlan.org$apache$spark$sql$catalyst$plans$logical$AnalysisHelper$$super$transformDownWithPruning(LogicalPlan.scala:32)
	at org.apache.spark.sql.catalyst.plans.logical.AnalysisHelper.transformDownWithPruning(AnalysisHelper.scala:267)
	at org.apache.spark.sql.catalyst.plans.logical.AnalysisHelper.transformDownWithPruning$(AnalysisHelper.scala:263)
	at org.apache.spark.sql.catalyst.plans.logical.LogicalPlan.transformDownWithPruning(LogicalPlan.scala:32)
	at org.apache.spark.sql.catalyst.plans.logical.LogicalPlan.transformDownWithPruning(LogicalPlan.scala:32)
	at org.apache.spark.sql.catalyst.trees.TreeNode.transformDown(TreeNode.scala:437)
	at org.apache.spark.sql.execution.QueryExecution.eagerlyExecuteCommands(QueryExecution.scala:98)
	at org.apache.spark.sql.execution.QueryExecution.commandExecuted$lzycompute(QueryExecution.scala:85)
	at org.apache.spark.sql.execution.QueryExecution.commandExecuted(QueryExecution.scala:83)
	at org.apache.spark.sql.execution.QueryExecution.assertCommandExecuted(QueryExecution.scala:142)
	at org.apache.spark.sql.DataFrameWriter.runCommand(DataFrameWriter.scala:859)
	at org.apache.spark.sql.DataFrameWriter.saveToV1Source(DataFrameWriter.scala:388)
	at org.apache.spark.sql.DataFrameWriter.saveInternal(DataFrameWriter.scala:361)
	at org.apache.spark.sql.DataFrameWriter.save(DataFrameWriter.scala:248)
	at java.base/jdk.internal.reflect.NativeMethodAccessorImpl.invoke0(Native Method)
	at java.base/jdk.internal.reflect.NativeMethodAccessorImpl.invoke(NativeMethodAccessorImpl.java:77)
	at java.base/jdk.internal.reflect.DelegatingMethodAccessorImpl.invoke(DelegatingMethodAccessorImpl.java:43)
	at java.base/java.lang.reflect.Method.invoke(Method.java:568)
	at py4j.reflection.MethodInvoker.invoke(MethodInvoker.java:244)
	at py4j.reflection.ReflectionEngine.invoke(ReflectionEngine.java:374)
	at py4j.Gateway.invoke(Gateway.java:282)
	at py4j.commands.AbstractCommand.invokeMethod(AbstractCommand.java:132)
	at py4j.commands.CallCommand.execute(CallCommand.java:79)
	at py4j.ClientServerConnection.sendCommand(ClientServerConnection.java:244)
	at py4j.CallbackClient.sendCommand(CallbackClient.java:384)
	at py4j.CallbackClient.sendCommand(CallbackClient.java:356)
	at py4j.reflection.PythonProxyHandler.invoke(PythonProxyHandler.java:106)
	at jdk.proxy3/jdk.proxy3.$Proxy30.call(Unknown Source)
	at org.apache.spark.sql.execution.streaming.sources.PythonForeachBatchHelper$.$anonfun$callForeachBatch$1(ForeachBatchSink.scala:53)
	at org.apache.spark.sql.execution.streaming.sources.PythonForeachBatchHelper$.$anonfun$callForeachBatch$1$adapted(ForeachBatchSink.scala:53)
	at org.apache.spark.sql.execution.streaming.sources.ForeachBatchSink.addBatch(ForeachBatchSink.scala:34)
	at org.apache.spark.sql.execution.streaming.MicroBatchExecution.$anonfun$runBatch$17(MicroBatchExecution.scala:732)
	at org.apache.spark.sql.execution.SQLExecution$.$anonfun$withNewExecutionId$6(SQLExecution.scala:125)
	at org.apache.spark.sql.execution.SQLExecution$.withSQLConfPropagated(SQLExecution.scala:201)
	at org.apache.spark.sql.execution.SQLExecution$.$anonfun$withNewExecutionId$1(SQLExecution.scala:108)
	at org.apache.spark.sql.SparkSession.withActive(SparkSession.scala:900)
	at org.apache.spark.sql.execution.SQLExecution$.withNewExecutionId(SQLExecution.scala:66)
	at org.apache.spark.sql.execution.streaming.MicroBatchExecution.$anonfun$runBatch$16(MicroBatchExecution.scala:729)
	at org.apache.spark.sql.execution.streaming.ProgressReporter.reportTimeTaken(ProgressReporter.scala:427)
	at org.apache.spark.sql.execution.streaming.ProgressReporter.reportTimeTaken$(ProgressReporter.scala:425)
	at org.apache.spark.sql.execution.streaming.StreamExecution.reportTimeTaken(StreamExecution.scala:67)
	at org.apache.spark.sql.execution.streaming.MicroBatchExecution.runBatch(MicroBatchExecution.scala:729)
	at org.apache.spark.sql.execution.streaming.MicroBatchExecution.$anonfun$runActivatedStream$2(MicroBatchExecution.scala:286)
	at scala.runtime.java8.JFunction0$mcV$sp.apply(JFunction0$mcV$sp.java:23)
	at org.apache.spark.sql.execution.streaming.ProgressReporter.reportTimeTaken(ProgressReporter.scala:427)
	at org.apache.spark.sql.execution.streaming.ProgressReporter.reportTimeTaken$(ProgressReporter.scala:425)
	at org.apache.spark.sql.execution.streaming.StreamExecution.reportTimeTaken(StreamExecution.scala:67)
	at org.apache.spark.sql.execution.streaming.MicroBatchExecution.$anonfun$runActivatedStream$1(MicroBatchExecution.scala:249)
	at org.apache.spark.sql.execution.streaming.ProcessingTimeExecutor.execute(TriggerExecutor.scala:67)
	at org.apache.spark.sql.execution.streaming.MicroBatchExecution.runActivatedStream(MicroBatchExecution.scala:239)
	at org.apache.spark.sql.execution.streaming.StreamExecution.$anonfun$runStream$1(StreamExecution.scala:311)
	at scala.runtime.java8.JFunction0$mcV$sp.apply(JFunction0$mcV$sp.java:23)
	at org.apache.spark.sql.SparkSession.withActive(SparkSession.scala:900)
	at org.apache.spark.sql.execution.streaming.StreamExecution.org$apache$spark$sql$execution$streaming$StreamExecution$$runStream(StreamExecution.scala:289)
	at org.apache.spark.sql.execution.streaming.StreamExecution$$anon$1.$anonfun$run$1(StreamExecution.scala:211)
	at scala.runtime.java8.JFunction0$mcV$sp.apply(JFunction0$mcV$sp.java:23)
	at org.apache.spark.JobArtifactSet$.withActiveJobArtifactState(JobArtifactSet.scala:94)
	at org.apache.spark.sql.execution.streaming.StreamExecution$$anon$1.run(StreamExecution.scala:211)


	at py4j.Protocol.getReturnValue(Protocol.java:476)
	at py4j.reflection.PythonProxyHandler.invoke(PythonProxyHandler.java:108)
	at jdk.proxy3/jdk.proxy3.$Proxy30.call(Unknown Source)
	at org.apache.spark.sql.execution.streaming.sources.PythonForeachBatchHelper$.$anonfun$callForeachBatch$1(ForeachBatchSink.scala:53)
	at org.apache.spark.sql.execution.streaming.sources.PythonForeachBatchHelper$.$anonfun$callForeachBatch$1$adapted(ForeachBatchSink.scala:53)
	at org.apache.spark.sql.execution.streaming.sources.ForeachBatchSink.addBatch(ForeachBatchSink.scala:34)
	at org.apache.spark.sql.execution.streaming.MicroBatchExecution.$anonfun$runBatch$17(MicroBatchExecution.scala:732)
	at org.apache.spark.sql.execution.SQLExecution$.$anonfun$withNewExecutionId$6(SQLExecution.scala:125)
	at org.apache.spark.sql.execution.SQLExecution$.withSQLConfPropagated(SQLExecution.scala:201)
	at org.apache.spark.sql.execution.SQLExecution$.$anonfun$withNewExecutionId$1(SQLExecution.scala:108)
	at org.apache.spark.sql.SparkSession.withActive(SparkSession.scala:900)
	at org.apache.spark.sql.execution.SQLExecution$.withNewExecutionId(SQLExecution.scala:66)
	at org.apache.spark.sql.execution.streaming.MicroBatchExecution.$anonfun$runBatch$16(MicroBatchExecution.scala:729)
	at org.apache.spark.sql.execution.streaming.ProgressReporter.reportTimeTaken(ProgressReporter.scala:427)
	at org.apache.spark.sql.execution.streaming.ProgressReporter.reportTimeTaken$(ProgressReporter.scala:425)
	at org.apache.spark.sql.execution.streaming.StreamExecution.reportTimeTaken(StreamExecution.scala:67)
	at org.apache.spark.sql.execution.streaming.MicroBatchExecution.runBatch(MicroBatchExecution.scala:729)
	at org.apache.spark.sql.execution.streaming.MicroBatchExecution.$anonfun$runActivatedStream$2(MicroBatchExecution.scala:286)
	at scala.runtime.java8.JFunction0$mcV$sp.apply(JFunction0$mcV$sp.java:23)
	at org.apache.spark.sql.execution.streaming.ProgressReporter.reportTimeTaken(ProgressReporter.scala:427)
	at org.apache.spark.sql.execution.streaming.ProgressReporter.reportTimeTaken$(ProgressReporter.scala:425)
	at org.apache.spark.sql.execution.streaming.StreamExecution.reportTimeTaken(StreamExecution.scala:67)
	at org.apache.spark.sql.execution.streaming.MicroBatchExecution.$anonfun$runActivatedStream$1(MicroBatchExecution.scala:249)
	at org.apache.spark.sql.execution.streaming.ProcessingTimeExecutor.execute(TriggerExecutor.scala:67)
	at org.apache.spark.sql.execution.streaming.MicroBatchExecution.runActivatedStream(MicroBatchExecution.scala:239)
	at org.apache.spark.sql.execution.streaming.StreamExecution.$anonfun$runStream$1(StreamExecution.scala:311)
	at scala.runtime.java8.JFunction0$mcV$sp.apply(JFunction0$mcV$sp.java:23)
	at org.apache.spark.sql.SparkSession.withActive(SparkSession.scala:900)
	at org.apache.spark.sql.execution.streaming.StreamExecution.org$apache$spark$sql$execution$streaming$StreamExecution$$runStream(StreamExecution.scala:289)
	at org.apache.spark.sql.execution.streaming.StreamExecution$$anon$1.$anonfun$run$1(StreamExecution.scala:211)
	at scala.runtime.java8.JFunction0$mcV$sp.apply(JFunction0$mcV$sp.java:23)
	at org.apache.spark.JobArtifactSet$.withActiveJobArtifactState(JobArtifactSet.scala:94)
	at org.apache.spark.sql.execution.streaming.StreamExecution$$anon$1.run(StreamExecution.scala:211)
[2025-02-23T21:09:55.788+0000] {docker.py:413} INFO - 25/02/23 21:09:55 INFO AppInfoParser: App info kafka.admin.client for adminclient-1 unregistered
[2025-02-23T21:09:55.814+0000] {docker.py:413} INFO - 25/02/23 21:09:55 INFO Metrics: Metrics scheduler closed
[2025-02-23T21:09:55.818+0000] {docker.py:413} INFO - 25/02/23 21:09:55 INFO Metrics: Closing reporter org.apache.kafka.common.metrics.JmxReporter
25/02/23 21:09:55 INFO Metrics: Metrics reporters closed
[2025-02-23T21:09:55.819+0000] {docker.py:413} INFO - 25/02/23 21:09:55 INFO MicroBatchExecution: Async log purge executor pool for query [id = d6d9bc0b-8149-427e-ad7c-c8efa4085ef7, runId = f748c516-d706-4246-a04d-d3943be0702b] has been shutdown
[2025-02-23T21:09:56.270+0000] {docker.py:413} INFO - Traceback (most recent call last):
  File "/opt/bitnami/spark/spark_pgsql.py", line 71, in <module>
[2025-02-23T21:09:56.273+0000] {docker.py:413} INFO - main()
  File "/opt/bitnami/spark/spark_pgsql.py", line 68, in main
    query.awaitTermination()
  File "/opt/bitnami/spark/python/lib/pyspark.zip/pyspark/sql/streaming/query.py", line 221, in awaitTermination
  File "/opt/bitnami/spark/python/lib/py4j-0.10.9.7-src.zip/py4j/java_gateway.py", line 1322, in __call__
  File "/opt/bitnami/spark/python/lib/pyspark.zip/pyspark/errors/exceptions/captured.py", line 185, in deco
[2025-02-23T21:09:56.275+0000] {docker.py:413} INFO - pyspark.errors.exceptions.captured.StreamingQueryException
[2025-02-23T21:09:56.300+0000] {docker.py:413} INFO - : [STREAM_FAILED] Query [id = d6d9bc0b-8149-427e-ad7c-c8efa4085ef7, runId = f748c516-d706-4246-a04d-d3943be0702b] terminated with exception: An exception was raised by the Python Proxy. Return Message: Traceback (most recent call last):
  File "/opt/bitnami/spark/python/lib/py4j-0.10.9.7-src.zip/py4j/clientserver.py", line 617, in _call_proxy
    return_value = getattr(self.pool[obj_id], method)(*params)
                   ^^^^^^^^^^^^^^^^^^^^^^^^^^^^^^^^^^^^^^^^^^^
  File "/opt/bitnami/spark/python/lib/pyspark.zip/pyspark/sql/utils.py", line 120, in call
    raise e
  File "/opt/bitnami/spark/python/lib/pyspark.zip/pyspark/sql/utils.py", line 117, in call
    self.func(DataFrame(jdf, wrapped_session_jdf), batch_id)
  File "/opt/bitnami/spark/spark_pgsql.py", line 54, in write_to_postgres
    .save()
     ^^^^^^
  File "/opt/bitnami/spark/python/lib/pyspark.zip/pyspark/sql/readwriter.py", line 1461, in save
    self._jwrite.save()
  File "/opt/bitnami/spark/python/lib/py4j-0.10.9.7-src.zip/py4j/java_gateway.py", line 1322, in __call__
    return_value = get_return_value(
                   ^^^^^^^^^^^^^^^^^
  File "/opt/bitnami/spark/python/lib/pyspark.zip/pyspark/errors/exceptions/captured.py", line 179, in deco
    return f(*a, **kw)
           ^^^^^^^^^^^
  File "/opt/bitnami/spark/python/lib/py4j-0.10.9.7-src.zip/py4j/protocol.py", line 326, in get_return_value
    raise Py4JJavaError(
py4j.protocol.Py4JJavaError: An error occurred while calling o65.save.
: org.postgresql.util.PSQLException: FATAL: database "None" does not exist
	at org.postgresql.core.v3.QueryExecutorImpl.receiveErrorResponse(QueryExecutorImpl.java:2676)
	at org.postgresql.core.v3.QueryExecutorImpl.readStartupMessages(QueryExecutorImpl.java:2788)
	at org.postgresql.core.v3.QueryExecutorImpl.<init>(QueryExecutorImpl.java:174)
	at org.postgresql.core.v3.ConnectionFactoryImpl.openConnectionImpl(ConnectionFactoryImpl.java:313)
	at org.postgresql.core.ConnectionFactory.openConnection(ConnectionFactory.java:54)
	at org.postgresql.jdbc.PgConnection.<init>(PgConnection.java:253)
	at org.postgresql.Driver.makeConnection(Driver.java:434)
	at org.postgresql.Driver.connect(Driver.java:291)
	at org.apache.spark.sql.execution.datasources.jdbc.connection.BasicConnectionProvider.getConnection(BasicConnectionProvider.scala:49)
	at org.apache.spark.sql.execution.datasources.jdbc.connection.ConnectionProviderBase.create(ConnectionProvider.scala:102)
	at org.apache.spark.sql.jdbc.JdbcDialect.$anonfun$createConnectionFactory$1(JdbcDialects.scala:160)
	at org.apache.spark.sql.jdbc.JdbcDialect.$anonfun$createConnectionFactory$1$adapted(JdbcDialects.scala:156)
	at org.apache.spark.sql.execution.datasources.jdbc.JdbcRelationProvider.createRelation(JdbcRelationProvider.scala:50)
	at org.apache.spark.sql.execution.datasources.SaveIntoDataSourceCommand.run(SaveIntoDataSourceCommand.scala:48)
	at org.apache.spark.sql.execution.command.ExecutedCommandExec.sideEffectResult$lzycompute(commands.scala:75)
	at org.apache.spark.sql.execution.command.ExecutedCommandExec.sideEffectResult(commands.scala:73)
	at org.apache.spark.sql.execution.command.ExecutedCommandExec.executeCollect(commands.scala:84)
	at org.apache.spark.sql.execution.QueryExecution$$anonfun$eagerlyExecuteCommands$1.$anonfun$applyOrElse$1(QueryExecution.scala:107)
	at org.apache.spark.sql.execution.SQLExecution$.$anonfun$withNewExecutionId$6(SQLExecution.scala:125)
	at org.apache.spark.sql.execution.SQLExecution$.withSQLConfPropagated(SQLExecution.scala:201)
	at org.apache.spark.sql.execution.SQLExecution$.$anonfun$withNewExecutionId$1(SQLExecution.scala:108)
	at org.apache.spark.sql.SparkSession.withActive(SparkSession.scala:900)
	at org.apache.spark.sql.execution.SQLExecution$.withNewExecutionId(SQLExecution.scala:66)
	at org.apache.spark.sql.execution.QueryExecution$$anonfun$eagerlyExecuteCommands$1.applyOrElse(QueryExecution.scala:107)
	at org.apache.spark.sql.execution.QueryExecution$$anonfun$eagerlyExecuteCommands$1.applyOrElse(QueryExecution.scala:98)
	at org.apache.spark.sql.catalyst.trees.TreeNode.$anonfun$transformDownWithPruning$1(TreeNode.scala:461)
	at org.apache.spark.sql.catalyst.trees.CurrentOrigin$.withOrigin(origin.scala:76)
	at org.apache.spark.sql.catalyst.trees.TreeNode.transformDownWithPruning(TreeNode.scala:461)
	at org.apache.spark.sql.catalyst.plans.logical.LogicalPlan.org$apache$spark$sql$catalyst$plans$logical$AnalysisHelper$$super$transformDownWithPruning(LogicalPlan.scala:32)
	at org.apache.spark.sql.catalyst.plans.logical.AnalysisHelper.transformDownWithPruning(AnalysisHelper.scala:267)
	at org.apache.spark.sql.catalyst.plans.logical.AnalysisHelper.transformDownWithPruning$(AnalysisHelper.scala:263)
	at org.apache.spark.sql.catalyst.plans.logical.LogicalPlan.transformDownWithPruning(LogicalPlan.scala:32)
	at org.apache.spark.sql.catalyst.plans.logical.LogicalPlan.transformDownWithPruning(LogicalPlan.scala:32)
	at org.apache.spark.sql.catalyst.trees.TreeNode.transformDown(TreeNode.scala:437)
	at org.apache.spark.sql.execution.QueryExecution.eagerlyExecuteCommands(QueryExecution.scala:98)
	at org.apache.spark.sql.execution.QueryExecution.commandExecuted$lzycompute(QueryExecution.scala:85)
	at org.apache.spark.sql.execution.QueryExecution.commandExecuted(QueryExecution.scala:83)
	at org.apache.spark.sql.execution.QueryExecution.assertCommandExecuted(QueryExecution.scala:142)
	at org.apache.spark.sql.DataFrameWriter.runCommand(DataFrameWriter.scala:859)
	at org.apache.spark.sql.DataFrameWriter.saveToV1Source(DataFrameWriter.scala:388)
	at org.apache.spark.sql.DataFrameWriter.saveInternal(DataFrameWriter.scala:361)
	at org.apache.spark.sql.DataFrameWriter.save(DataFrameWriter.scala:248)
	at java.base/jdk.internal.reflect.NativeMethodAccessorImpl.invoke0(Native Method)
	at java.base/jdk.internal.reflect.NativeMethodAccessorImpl.invoke(NativeMethodAccessorImpl.java:77)
	at java.base/jdk.internal.reflect.DelegatingMethodAccessorImpl.invoke(DelegatingMethodAccessorImpl.java:43)
	at java.base/java.lang.reflect.Method.invoke(Method.java:568)
	at py4j.reflection.MethodInvoker.invoke(MethodInvoker.java:244)
	at py4j.reflection.ReflectionEngine.invoke(ReflectionEngine.java:374)
	at py4j.Gateway.invoke(Gateway.java:282)
	at py4j.commands.AbstractCommand.invokeMethod(AbstractCommand.java:132)
	at py4j.commands.CallCommand.execute(CallCommand.java:79)
	at py4j.ClientServerConnection.sendCommand(ClientServerConnection.java:244)
	at py4j.CallbackClient.sendCommand(CallbackClient.java:384)
	at py4j.CallbackClient.sendCommand(CallbackClient.java:356)
	at py4j.reflection.PythonProxyHandler.invoke(PythonProxyHandler.java:106)
	at jdk.proxy3/jdk.proxy3.$Proxy30.call(Unknown Source)
	at org.apache.spark.sql.execution.streaming.sources.PythonForeachBatchHelper$.$anonfun$callForeachBatch$1(ForeachBatchSink.scala:53)
	at org.apache.spark.sql.execution.streaming.sources.PythonForeachBatchHelper$.$anonfun$callForeachBatch$1$adapted(ForeachBatchSink.scala:53)
	at org.apache.spark.sql.execution.streaming.sources.ForeachBatchSink.addBatch(ForeachBatchSink.scala:34)
	at org.apache.spark.sql.execution.streaming.MicroBatchExecution.$anonfun$runBatch$17(MicroBatchExecution.scala:732)
	at org.apache.spark.sql.execution.SQLExecution$.$anonfun$withNewExecutionId$6(SQLExecution.scala:125)
	at org.apache.spark.sql.execution.SQLExecution$.withSQLConfPropagated(SQLExecution.scala:201)
	at org.apache.spark.sql.execution.SQLExecution$.$anonfun$withNewExecutionId$1(SQLExecution.scala:108)
	at org.apache.spark.sql.SparkSession.withActive(SparkSession.scala:900)
	at org.apache.spark.sql.execution.SQLExecution$.withNewExecutionId(SQLExecution.scala:66)
	at org.apache.spark.sql.execution.streaming.MicroBatchExecution.$anonfun$runBatch$16(MicroBatchExecution.scala:729)
	at org.apache.spark.sql.execution.streaming.ProgressReporter.reportTimeTaken(ProgressReporter.scala:427)
	at org.apache.spark.sql.execution.streaming.ProgressReporter.reportTimeTaken$(ProgressReporter.scala:425)
	at org.apache.spark.sql.execution.streaming.StreamExecution.reportTimeTaken(StreamExecution.scala:67)
	at org.apache.spark.sql.execution.streaming.MicroBatchExecution.runBatch(MicroBatchExecution.scala:729)
	at org.apache.spark.sql.execution.streaming.MicroBatchExecution.$anonfun$runActivatedStream$2(MicroBatchExecution.scala:286)
	at scala.runtime.java8.JFunction0$mcV$sp.apply(JFunction0$mcV$sp.java:23)
	at org.apache.spark.sql.execution.streaming.ProgressReporter.reportTimeTaken(ProgressReporter.scala:427)
	at org.apache.spark.sql.execution.streaming.ProgressReporter.reportTimeTaken$(ProgressReporter.scala:425)
	at org.apache.spark.sql.execution.streaming.StreamExecution.reportTimeTaken(StreamExecution.scala:67)
	at org.apache.spark.sql.execution.streaming.MicroBatchExecution.$anonfun$runActivatedStream$1(MicroBatchExecution.scala:249)
	at org.apache.spark.sql.execution.streaming.ProcessingTimeExecutor.execute(TriggerExecutor.scala:67)
	at org.apache.spark.sql.execution.streaming.MicroBatchExecution.runActivatedStream(MicroBatchExecution.scala:239)
	at org.apache.spark.sql.execution.streaming.StreamExecution.$anonfun$runStream$1(StreamExecution.scala:311)
	at scala.runtime.java8.JFunction0$mcV$sp.apply(JFunction0$mcV$sp.java:23)
	at org.apache.spark.sql.SparkSession.withActive(SparkSession.scala:900)
	at org.apache.spark.sql.execution.streaming.StreamExecution.org$apache$spark$sql$execution$streaming$StreamExecution$$runStream(StreamExecution.scala:289)
	at org.apache.spark.sql.execution.streaming.StreamExecution$$anon$1.$anonfun$run$1(StreamExecution.scala:211)
	at scala.runtime.java8.JFunction0$mcV$sp.apply(JFunction0$mcV$sp.java:23)
	at org.apache.spark.JobArtifactSet$.withActiveJobArtifactState(JobArtifactSet.scala:94)
	at org.apache.spark.sql.execution.streaming.StreamExecution$$anon$1.run(StreamExecution.scala:211)
[2025-02-23T21:09:56.416+0000] {docker.py:413} INFO - 25/02/23 21:09:56 INFO SparkContext: Invoking stop() from shutdown hook
[2025-02-23T21:09:56.419+0000] {docker.py:413} INFO - 25/02/23 21:09:56 INFO SparkContext: SparkContext is stopping with exitCode 0.
[2025-02-23T21:09:56.474+0000] {docker.py:413} INFO - 25/02/23 21:09:56 INFO SparkUI: Stopped Spark web UI at http://localhost:4040
[2025-02-23T21:09:56.592+0000] {docker.py:413} INFO - 25/02/23 21:09:56 INFO MapOutputTrackerMasterEndpoint: MapOutputTrackerMasterEndpoint stopped!
[2025-02-23T21:09:56.696+0000] {docker.py:413} INFO - 25/02/23 21:09:56 INFO MemoryStore: MemoryStore cleared
[2025-02-23T21:09:56.702+0000] {docker.py:413} INFO - 25/02/23 21:09:56 INFO BlockManager: BlockManager stopped
[2025-02-23T21:09:56.725+0000] {docker.py:413} INFO - 25/02/23 21:09:56 INFO BlockManagerMaster: BlockManagerMaster stopped
[2025-02-23T21:09:56.757+0000] {docker.py:413} INFO - 25/02/23 21:09:56 INFO OutputCommitCoordinator$OutputCommitCoordinatorEndpoint: OutputCommitCoordinator stopped!
[2025-02-23T21:09:56.809+0000] {docker.py:413} INFO - 25/02/23 21:09:56 INFO SparkContext: Successfully stopped SparkContext
[2025-02-23T21:09:56.812+0000] {docker.py:413} INFO - 25/02/23 21:09:56 INFO ShutdownHookManager: Shutdown hook called
[2025-02-23T21:09:56.815+0000] {docker.py:413} INFO - 25/02/23 21:09:56 INFO ShutdownHookManager: Deleting directory /tmp/temporary-4d2cb9d4-ee20-4e4e-a6d8-4989d4bad260
[2025-02-23T21:09:56.827+0000] {docker.py:413} INFO - 25/02/23 21:09:56 INFO ShutdownHookManager: Deleting directory /tmp/spark-a2cf662f-f0d5-45a8-9d9f-cb62d1462509/pyspark-b1403614-d2c8-491a-b3f2-cb21d3f4f1e0
[2025-02-23T21:09:56.837+0000] {docker.py:413} INFO - 25/02/23 21:09:56 INFO ShutdownHookManager: Deleting directory /tmp/spark-a2cf662f-f0d5-45a8-9d9f-cb62d1462509
[2025-02-23T21:09:56.851+0000] {docker.py:413} INFO - 25/02/23 21:09:56 INFO ShutdownHookManager: Deleting directory /tmp/spark-54926a31-26e6-4c1b-94d2-9fbe07774a63
[2025-02-23T21:09:57.587+0000] {taskinstance.py:1937} ERROR - Task failed with exception
Traceback (most recent call last):
  File "/home/airflow/.local/lib/python3.8/site-packages/airflow/providers/docker/operators/docker.py", line 486, in execute
    return self._run_image()
  File "/home/airflow/.local/lib/python3.8/site-packages/airflow/providers/docker/operators/docker.py", line 360, in _run_image
    return self._run_image_with_mounts(self.mounts, add_tmp_variable=False)
  File "/home/airflow/.local/lib/python3.8/site-packages/airflow/providers/docker/operators/docker.py", line 421, in _run_image_with_mounts
    raise DockerContainerFailedException(f"Docker container failed: {result!r}", logs=log_lines)
airflow.providers.docker.exceptions.DockerContainerFailedException: Docker container failed: {'StatusCode': 1}
[2025-02-23T21:09:57.596+0000] {taskinstance.py:1400} INFO - Marking task as FAILED. dag_id=kafka_spark_dag, task_id=pyspark_consumer, execution_date=20250223T210555, start_date=20250223T210815, end_date=20250223T210957
[2025-02-23T21:09:57.646+0000] {standard_task_runner.py:104} ERROR - Failed to execute job 96 for task pyspark_consumer (Docker container failed: {'StatusCode': 1}; 4350)
[2025-02-23T21:09:57.694+0000] {local_task_job_runner.py:228} INFO - Task exited with return code 1
[2025-02-23T21:09:57.754+0000] {taskinstance.py:2778} INFO - 0 downstream tasks scheduled from follow-on schedule check
