[2025-02-21T14:49:47.133+0000] {taskinstance.py:1159} INFO - Dependencies all met for dep_context=non-requeueable deps ti=<TaskInstance: kafka_spark_dag.pyspark_consumer manual__2025-02-21T14:48:06.865025+00:00 [queued]>
[2025-02-21T14:49:47.163+0000] {taskinstance.py:1159} INFO - Dependencies all met for dep_context=requeueable deps ti=<TaskInstance: kafka_spark_dag.pyspark_consumer manual__2025-02-21T14:48:06.865025+00:00 [queued]>
[2025-02-21T14:49:47.163+0000] {taskinstance.py:1361} INFO - Starting attempt 2 of 2
[2025-02-21T14:49:47.200+0000] {taskinstance.py:1382} INFO - Executing <Task(DockerOperator): pyspark_consumer> on 2025-02-21 14:48:06.865025+00:00
[2025-02-21T14:49:47.216+0000] {standard_task_runner.py:57} INFO - Started process 4490 to run task
[2025-02-21T14:49:47.235+0000] {standard_task_runner.py:84} INFO - Running: ['airflow', 'tasks', 'run', 'kafka_spark_dag', 'pyspark_consumer', 'manual__2025-02-21T14:48:06.865025+00:00', '--job-id', '49', '--raw', '--subdir', 'DAGS_FOLDER/dag_kafka_spark.py', '--cfg-path', '/tmp/tmphkl3w2s9']
[2025-02-21T14:49:47.238+0000] {standard_task_runner.py:85} INFO - Job 49: Subtask pyspark_consumer
[2025-02-21T14:49:47.479+0000] {task_command.py:416} INFO - Running <TaskInstance: kafka_spark_dag.pyspark_consumer manual__2025-02-21T14:48:06.865025+00:00 [running]> on host 9240cfed0829
[2025-02-21T14:49:47.766+0000] {taskinstance.py:1662} INFO - Exporting env vars: AIRFLOW_CTX_DAG_OWNER='airflow' AIRFLOW_CTX_DAG_ID='kafka_spark_dag' AIRFLOW_CTX_TASK_ID='pyspark_consumer' AIRFLOW_CTX_EXECUTION_DATE='2025-02-21T14:48:06.865025+00:00' AIRFLOW_CTX_TRY_NUMBER='2' AIRFLOW_CTX_DAG_RUN_ID='manual__2025-02-21T14:48:06.865025+00:00'
[2025-02-21T14:49:47.892+0000] {docker.py:343} INFO - Starting docker container from image Mohamed/spark:latest
[2025-02-21T14:49:49.067+0000] {docker.py:413} INFO - [38;5;6mspark [38;5;5m14:49:49.06 [0m[38;5;2mINFO [0m ==>
[2025-02-21T14:49:49.073+0000] {docker.py:413} INFO - [38;5;6mspark [38;5;5m14:49:49.06 [0m[38;5;2mINFO [0m ==> [1mWelcome to the Bitnami spark container[0m
[2025-02-21T14:49:49.076+0000] {docker.py:413} INFO - [38;5;6mspark [38;5;5m14:49:49.07 [0m[38;5;2mINFO [0m ==> Subscribe to project updates by watching [1mhttps://github.com/bitnami/containers[0m
[2025-02-21T14:49:49.107+0000] {docker.py:413} INFO - [38;5;6mspark [38;5;5m14:49:49.10 [0m[38;5;2mINFO [0m ==> Submit issues and feature requests at [1mhttps://github.com/bitnami/containers/issues[0m
[2025-02-21T14:49:49.122+0000] {docker.py:413} INFO - [38;5;6mspark [38;5;5m14:49:49.11 [0m[38;5;2mINFO [0m ==>
[2025-02-21T14:49:49.304+0000] {docker.py:413} INFO - 
[2025-02-21T14:50:01.053+0000] {docker.py:413} INFO - :: loading settings :: url = jar:file:/opt/bitnami/spark/jars/ivy-2.5.1.jar!/org/apache/ivy/core/settings/ivysettings.xml
[2025-02-21T14:50:01.542+0000] {docker.py:413} INFO - Ivy Default Cache set to: /opt/bitnami/spark/.ivy2/cache
The jars for the packages stored in: /opt/bitnami/spark/.ivy2/jars
[2025-02-21T14:50:01.565+0000] {docker.py:413} INFO - org.postgresql#postgresql added as a dependency
[2025-02-21T14:50:01.566+0000] {docker.py:413} INFO - org.apache.spark#spark-sql-kafka-0-10_2.12 added as a dependency
[2025-02-21T14:50:01.571+0000] {docker.py:413} INFO - :: resolving dependencies :: org.apache.spark#spark-submit-parent-97b81fc0-3f15-47dd-a40e-3183ba2c0efe;1.0
[2025-02-21T14:50:01.571+0000] {docker.py:413} INFO - confs: [default]
[2025-02-21T14:50:03.764+0000] {docker.py:413} INFO - found org.postgresql#postgresql;42.5.4 in central
[2025-02-21T14:50:04.283+0000] {docker.py:413} INFO - found org.checkerframework#checker-qual;3.5.0 in central
[2025-02-21T14:50:07.903+0000] {docker.py:413} INFO - found org.apache.spark#spark-sql-kafka-0-10_2.12;3.5.0 in central
[2025-02-21T14:50:09.466+0000] {docker.py:413} INFO - found org.apache.spark#spark-token-provider-kafka-0-10_2.12;3.5.0 in central
[2025-02-21T14:50:09.691+0000] {docker.py:413} INFO - found org.apache.kafka#kafka-clients;3.4.1 in central
[2025-02-21T14:50:09.903+0000] {docker.py:413} INFO - found org.lz4#lz4-java;1.8.0 in central
[2025-02-21T14:50:10.090+0000] {docker.py:413} INFO - found org.xerial.snappy#snappy-java;1.1.10.3 in central
[2025-02-21T14:50:11.532+0000] {docker.py:413} INFO - found org.slf4j#slf4j-api;2.0.7 in central
[2025-02-21T14:50:13.919+0000] {docker.py:413} INFO - found org.apache.hadoop#hadoop-client-runtime;3.3.4 in central
[2025-02-21T14:50:15.111+0000] {docker.py:413} INFO - found org.apache.hadoop#hadoop-client-api;3.3.4 in central
[2025-02-21T14:50:17.601+0000] {docker.py:413} INFO - found commons-logging#commons-logging;1.1.3 in central
[2025-02-21T14:50:17.950+0000] {docker.py:413} INFO - found com.google.code.findbugs#jsr305;3.0.0 in central
[2025-02-21T14:50:20.785+0000] {docker.py:413} INFO - found org.apache.commons#commons-pool2;2.11.1 in central
[2025-02-21T14:50:20.902+0000] {docker.py:413} INFO - downloading https://repo1.maven.org/maven2/org/postgresql/postgresql/42.5.4/postgresql-42.5.4.jar ...
[2025-02-21T14:50:21.382+0000] {docker.py:413} INFO - [SUCCESSFUL ] org.postgresql#postgresql;42.5.4!postgresql.jar (526ms)
[2025-02-21T14:50:21.449+0000] {docker.py:413} INFO - downloading https://repo1.maven.org/maven2/org/apache/spark/spark-sql-kafka-0-10_2.12/3.5.0/spark-sql-kafka-0-10_2.12-3.5.0.jar ...
[2025-02-21T14:50:21.635+0000] {docker.py:413} INFO - [SUCCESSFUL ] org.apache.spark#spark-sql-kafka-0-10_2.12;3.5.0!spark-sql-kafka-0-10_2.12.jar (244ms)
[2025-02-21T14:50:21.687+0000] {docker.py:413} INFO - downloading https://repo1.maven.org/maven2/org/checkerframework/checker-qual/3.5.0/checker-qual-3.5.0.jar ...
[2025-02-21T14:50:21.806+0000] {docker.py:413} INFO - [SUCCESSFUL ] org.checkerframework#checker-qual;3.5.0!checker-qual.jar (166ms)
[2025-02-21T14:50:21.878+0000] {docker.py:413} INFO - downloading https://repo1.maven.org/maven2/org/apache/spark/spark-token-provider-kafka-0-10_2.12/3.5.0/spark-token-provider-kafka-0-10_2.12-3.5.0.jar ...
[2025-02-21T14:50:21.939+0000] {docker.py:413} INFO - [SUCCESSFUL ] org.apache.spark#spark-token-provider-kafka-0-10_2.12;3.5.0!spark-token-provider-kafka-0-10_2.12.jar (126ms)
[2025-02-21T14:50:22.011+0000] {docker.py:413} INFO - downloading https://repo1.maven.org/maven2/org/apache/kafka/kafka-clients/3.4.1/kafka-clients-3.4.1.jar ...
[2025-02-21T14:50:23.483+0000] {docker.py:413} INFO - [SUCCESSFUL ] org.apache.kafka#kafka-clients;3.4.1!kafka-clients.jar (1528ms)
[2025-02-21T14:50:23.536+0000] {docker.py:413} INFO - downloading https://repo1.maven.org/maven2/com/google/code/findbugs/jsr305/3.0.0/jsr305-3.0.0.jar ...
[2025-02-21T14:50:23.590+0000] {docker.py:413} INFO - [SUCCESSFUL ] com.google.code.findbugs#jsr305;3.0.0!jsr305.jar (103ms)
[2025-02-21T14:50:23.637+0000] {docker.py:413} INFO - downloading https://repo1.maven.org/maven2/org/apache/commons/commons-pool2/2.11.1/commons-pool2-2.11.1.jar ...
[2025-02-21T14:50:23.723+0000] {docker.py:413} INFO - [SUCCESSFUL ] org.apache.commons#commons-pool2;2.11.1!commons-pool2.jar (131ms)
[2025-02-21T14:50:23.776+0000] {docker.py:413} INFO - downloading https://repo1.maven.org/maven2/org/apache/hadoop/hadoop-client-runtime/3.3.4/hadoop-client-runtime-3.3.4.jar ...
[2025-02-21T14:50:32.484+0000] {docker.py:413} INFO - [SUCCESSFUL ] org.apache.hadoop#hadoop-client-runtime;3.3.4!hadoop-client-runtime.jar (8755ms)
[2025-02-21T14:50:32.598+0000] {docker.py:413} INFO - downloading https://repo1.maven.org/maven2/org/lz4/lz4-java/1.8.0/lz4-java-1.8.0.jar ...
[2025-02-21T14:50:32.870+0000] {docker.py:413} INFO - [SUCCESSFUL ] org.lz4#lz4-java;1.8.0!lz4-java.jar (381ms)
[2025-02-21T14:50:32.915+0000] {docker.py:413} INFO - downloading https://repo1.maven.org/maven2/org/xerial/snappy/snappy-java/1.1.10.3/snappy-java-1.1.10.3.jar ...
[2025-02-21T14:50:33.546+0000] {docker.py:413} INFO - [SUCCESSFUL ] org.xerial.snappy#snappy-java;1.1.10.3!snappy-java.jar(bundle) (675ms)
[2025-02-21T14:50:33.603+0000] {docker.py:413} INFO - downloading https://repo1.maven.org/maven2/org/slf4j/slf4j-api/2.0.7/slf4j-api-2.0.7.jar ...
[2025-02-21T14:50:33.671+0000] {docker.py:413} INFO - [SUCCESSFUL ] org.slf4j#slf4j-api;2.0.7!slf4j-api.jar (117ms)
[2025-02-21T14:50:33.719+0000] {docker.py:413} INFO - downloading https://repo1.maven.org/maven2/org/apache/hadoop/hadoop-client-api/3.3.4/hadoop-client-api-3.3.4.jar ...
[2025-02-21T14:50:39.208+0000] {docker.py:413} INFO - [SUCCESSFUL ] org.apache.hadoop#hadoop-client-api;3.3.4!hadoop-client-api.jar (5530ms)
[2025-02-21T14:50:39.265+0000] {docker.py:413} INFO - downloading https://repo1.maven.org/maven2/commons-logging/commons-logging/1.1.3/commons-logging-1.1.3.jar ...
[2025-02-21T14:50:39.336+0000] {docker.py:413} INFO - [SUCCESSFUL ] commons-logging#commons-logging;1.1.3!commons-logging.jar (118ms)
[2025-02-21T14:50:39.342+0000] {docker.py:413} INFO - :: resolution report :: resolve 19283ms :: artifacts dl 18488ms
	:: modules in use:
[2025-02-21T14:50:39.343+0000] {docker.py:413} INFO - com.google.code.findbugs#jsr305;3.0.0 from central in [default]
[2025-02-21T14:50:39.348+0000] {docker.py:413} INFO - commons-logging#commons-logging;1.1.3 from central in [default]
[2025-02-21T14:50:39.350+0000] {docker.py:413} INFO - org.apache.commons#commons-pool2;2.11.1 from central in [default]
	org.apache.hadoop#hadoop-client-api;3.3.4 from central in [default]
	org.apache.hadoop#hadoop-client-runtime;3.3.4 from central in [default]
	org.apache.kafka#kafka-clients;3.4.1 from central in [default]
	org.apache.spark#spark-sql-kafka-0-10_2.12;3.5.0 from central in [default]
	org.apache.spark#spark-token-provider-kafka-0-10_2.12;3.5.0 from central in [default]
	org.checkerframework#checker-qual;3.5.0 from central in [default]
	org.lz4#lz4-java;1.8.0 from central in [default]
	org.postgresql#postgresql;42.5.4 from central in [default]
	org.slf4j#slf4j-api;2.0.7 from central in [default]
	org.xerial.snappy#snappy-java;1.1.10.3 from central in [default]
[2025-02-21T14:50:39.355+0000] {docker.py:413} INFO - ---------------------------------------------------------------------
	|                  |            modules            ||   artifacts   |
	|       conf       | number| search|dwnlded|evicted|| number|dwnlded|
	---------------------------------------------------------------------
	|      default     |   13  |   13  |   13  |   0   ||   13  |   13  |
	---------------------------------------------------------------------
[2025-02-21T14:50:39.369+0000] {docker.py:413} INFO - :: retrieving :: org.apache.spark#spark-submit-parent-97b81fc0-3f15-47dd-a40e-3183ba2c0efe
[2025-02-21T14:50:39.376+0000] {docker.py:413} INFO - confs: [default]
[2025-02-21T14:50:39.702+0000] {docker.py:413} INFO - 13 artifacts copied, 0 already retrieved (58001kB/328ms)
[2025-02-21T14:50:40.780+0000] {docker.py:413} INFO - 25/02/21 14:50:40 WARN NativeCodeLoader: Unable to load native-hadoop library for your platform... using builtin-java classes where applicable
[2025-02-21T14:50:49.630+0000] {docker.py:413} INFO - Traceback (most recent call last):
  File "/opt/bitnami/spark/spark_pgsql.py", line 6, in <module>
    from constants import (
  File "/opt/bitnami/spark/constants.py", line 2, in <module>
    from dotenv import load_dotenv
ModuleNotFoundError: No module named 'dotenv'
[2025-02-21T14:50:49.803+0000] {docker.py:413} INFO - 25/02/21 14:50:49 INFO ShutdownHookManager: Shutdown hook called
[2025-02-21T14:50:49.807+0000] {docker.py:413} INFO - 25/02/21 14:50:49 INFO ShutdownHookManager: Deleting directory /tmp/spark-6367a168-55a4-454c-89e0-25ad24e48ab2
[2025-02-21T14:50:53.797+0000] {taskinstance.py:1937} ERROR - Task failed with exception
Traceback (most recent call last):
  File "/home/airflow/.local/lib/python3.8/site-packages/airflow/providers/docker/operators/docker.py", line 486, in execute
    return self._run_image()
  File "/home/airflow/.local/lib/python3.8/site-packages/airflow/providers/docker/operators/docker.py", line 360, in _run_image
    return self._run_image_with_mounts(self.mounts, add_tmp_variable=False)
  File "/home/airflow/.local/lib/python3.8/site-packages/airflow/providers/docker/operators/docker.py", line 421, in _run_image_with_mounts
    raise DockerContainerFailedException(f"Docker container failed: {result!r}", logs=log_lines)
airflow.providers.docker.exceptions.DockerContainerFailedException: Docker container failed: {'StatusCode': 1}
[2025-02-21T14:50:53.837+0000] {taskinstance.py:1400} INFO - Marking task as FAILED. dag_id=kafka_spark_dag, task_id=pyspark_consumer, execution_date=20250221T144806, start_date=20250221T144947, end_date=20250221T145053
[2025-02-21T14:50:53.934+0000] {standard_task_runner.py:104} ERROR - Failed to execute job 49 for task pyspark_consumer (Docker container failed: {'StatusCode': 1}; 4490)
[2025-02-21T14:50:54.012+0000] {local_task_job_runner.py:228} INFO - Task exited with return code 1
[2025-02-21T14:50:54.089+0000] {taskinstance.py:2778} INFO - 0 downstream tasks scheduled from follow-on schedule check
