[2025-02-21T15:36:42.441+0000] {taskinstance.py:1159} INFO - Dependencies all met for dep_context=non-requeueable deps ti=<TaskInstance: kafka_spark_dag.pyspark_consumer manual__2025-02-21T15:31:43.511535+00:00 [queued]>
[2025-02-21T15:36:42.544+0000] {taskinstance.py:1159} INFO - Dependencies all met for dep_context=requeueable deps ti=<TaskInstance: kafka_spark_dag.pyspark_consumer manual__2025-02-21T15:31:43.511535+00:00 [queued]>
[2025-02-21T15:36:42.553+0000] {taskinstance.py:1361} INFO - Starting attempt 2 of 2
[2025-02-21T15:36:42.692+0000] {taskinstance.py:1382} INFO - Executing <Task(DockerOperator): pyspark_consumer> on 2025-02-21 15:31:43.511535+00:00
[2025-02-21T15:36:42.794+0000] {standard_task_runner.py:57} INFO - Started process 4311 to run task
[2025-02-21T15:36:42.833+0000] {standard_task_runner.py:84} INFO - Running: ['airflow', 'tasks', 'run', 'kafka_spark_dag', 'pyspark_consumer', 'manual__2025-02-21T15:31:43.511535+00:00', '--job-id', '62', '--raw', '--subdir', 'DAGS_FOLDER/dag_kafka_spark.py', '--cfg-path', '/tmp/tmpkq2xquv6']
[2025-02-21T15:36:42.847+0000] {standard_task_runner.py:85} INFO - Job 62: Subtask pyspark_consumer
[2025-02-21T15:36:43.616+0000] {task_command.py:416} INFO - Running <TaskInstance: kafka_spark_dag.pyspark_consumer manual__2025-02-21T15:31:43.511535+00:00 [running]> on host 95e12f52d2f9
[2025-02-21T15:36:44.300+0000] {taskinstance.py:1662} INFO - Exporting env vars: AIRFLOW_CTX_DAG_OWNER='airflow' AIRFLOW_CTX_DAG_ID='kafka_spark_dag' AIRFLOW_CTX_TASK_ID='pyspark_consumer' AIRFLOW_CTX_EXECUTION_DATE='2025-02-21T15:31:43.511535+00:00' AIRFLOW_CTX_TRY_NUMBER='2' AIRFLOW_CTX_DAG_RUN_ID='manual__2025-02-21T15:31:43.511535+00:00'
[2025-02-21T15:36:44.933+0000] {docker.py:343} INFO - Starting docker container from image Mohamed/spark:latest
[2025-02-21T15:36:51.646+0000] {docker.py:413} INFO - [38;5;6mspark [38;5;5m15:36:51.63 [0m[38;5;2mINFO [0m ==>
[2025-02-21T15:36:51.657+0000] {docker.py:413} INFO - [38;5;6mspark [38;5;5m15:36:51.63 [0m[38;5;2mINFO [0m ==> [1mWelcome to the Bitnami spark container[0m
[2025-02-21T15:36:51.675+0000] {docker.py:413} INFO - [38;5;6mspark [38;5;5m15:36:51.66 [0m[38;5;2mINFO [0m ==> Subscribe to project updates by watching [1mhttps://github.com/bitnami/containers[0m
[2025-02-21T15:36:51.715+0000] {docker.py:413} INFO - [38;5;6mspark [38;5;5m15:36:51.69 [0m[38;5;2mINFO [0m ==> Submit issues and feature requests at [1mhttps://github.com/bitnami/containers/issues[0m
[2025-02-21T15:36:51.737+0000] {docker.py:413} INFO - [38;5;6mspark [38;5;5m15:36:51.72 [0m[38;5;2mINFO [0m ==>
[2025-02-21T15:36:51.892+0000] {docker.py:413} INFO - 
[2025-02-21T15:37:39.109+0000] {docker.py:413} INFO - :: loading settings :: url = jar:file:/opt/bitnami/spark/jars/ivy-2.5.1.jar!/org/apache/ivy/core/settings/ivysettings.xml
[2025-02-21T15:37:41.437+0000] {docker.py:413} INFO - Ivy Default Cache set to: /opt/bitnami/spark/.ivy2/cache
[2025-02-21T15:37:41.440+0000] {docker.py:413} INFO - The jars for the packages stored in: /opt/bitnami/spark/.ivy2/jars
[2025-02-21T15:37:41.681+0000] {docker.py:413} INFO - org.postgresql#postgresql added as a dependency
[2025-02-21T15:37:41.685+0000] {docker.py:413} INFO - org.apache.spark#spark-sql-kafka-0-10_2.12 added as a dependency
[2025-02-21T15:37:41.732+0000] {docker.py:413} INFO - :: resolving dependencies :: org.apache.spark#spark-submit-parent-c9f3f20c-3cdd-45e0-8570-3e4c20e26557;1.0
	confs: [default]
[2025-02-21T15:37:53.314+0000] {docker.py:413} INFO - found org.postgresql#postgresql;42.5.4 in central
[2025-02-21T15:37:53.761+0000] {docker.py:413} INFO - found org.checkerframework#checker-qual;3.5.0 in central
[2025-02-21T15:38:05.280+0000] {docker.py:413} INFO - found org.apache.spark#spark-sql-kafka-0-10_2.12;3.5.0 in central
[2025-02-21T15:38:10.584+0000] {docker.py:413} INFO - found org.apache.spark#spark-token-provider-kafka-0-10_2.12;3.5.0 in central
[2025-02-21T15:38:11.547+0000] {docker.py:413} INFO - found org.apache.kafka#kafka-clients;3.4.1 in central
[2025-02-21T15:38:12.950+0000] {docker.py:413} INFO - found org.lz4#lz4-java;1.8.0 in central
[2025-02-21T15:38:13.897+0000] {docker.py:413} INFO - found org.xerial.snappy#snappy-java;1.1.10.3 in central
[2025-02-21T15:38:16.842+0000] {docker.py:413} INFO - found org.slf4j#slf4j-api;2.0.7 in central
[2025-02-21T15:38:21.110+0000] {docker.py:413} INFO - found org.apache.hadoop#hadoop-client-runtime;3.3.4 in central
[2025-02-21T15:38:23.502+0000] {docker.py:413} INFO - found org.apache.hadoop#hadoop-client-api;3.3.4 in central
[2025-02-21T15:38:26.785+0000] {docker.py:413} INFO - found commons-logging#commons-logging;1.1.3 in central
[2025-02-21T15:38:27.822+0000] {docker.py:413} INFO - found com.google.code.findbugs#jsr305;3.0.0 in central
[2025-02-21T15:38:33.107+0000] {docker.py:413} INFO - found org.apache.commons#commons-pool2;2.11.1 in central
[2025-02-21T15:38:33.727+0000] {docker.py:413} INFO - downloading https://repo1.maven.org/maven2/org/postgresql/postgresql/42.5.4/postgresql-42.5.4.jar ...
[2025-02-21T15:38:35.641+0000] {docker.py:413} INFO - [SUCCESSFUL ] org.postgresql#postgresql;42.5.4!postgresql.jar (2005ms)
[2025-02-21T15:38:35.781+0000] {docker.py:413} INFO - downloading https://repo1.maven.org/maven2/org/apache/spark/spark-sql-kafka-0-10_2.12/3.5.0/spark-sql-kafka-0-10_2.12-3.5.0.jar ...
[2025-02-21T15:38:36.510+0000] {docker.py:413} INFO - [SUCCESSFUL ] org.apache.spark#spark-sql-kafka-0-10_2.12;3.5.0!spark-sql-kafka-0-10_2.12.jar (803ms)
[2025-02-21T15:38:36.673+0000] {docker.py:413} INFO - downloading https://repo1.maven.org/maven2/org/checkerframework/checker-qual/3.5.0/checker-qual-3.5.0.jar ...
[2025-02-21T15:38:37.125+0000] {docker.py:413} INFO - [SUCCESSFUL ] org.checkerframework#checker-qual;3.5.0!checker-qual.jar (578ms)
[2025-02-21T15:38:37.257+0000] {docker.py:413} INFO - downloading https://repo1.maven.org/maven2/org/apache/spark/spark-token-provider-kafka-0-10_2.12/3.5.0/spark-token-provider-kafka-0-10_2.12-3.5.0.jar ...
[2025-02-21T15:38:37.541+0000] {docker.py:413} INFO - [SUCCESSFUL ] org.apache.spark#spark-token-provider-kafka-0-10_2.12;3.5.0!spark-token-provider-kafka-0-10_2.12.jar (373ms)
[2025-02-21T15:38:37.630+0000] {docker.py:413} INFO - downloading https://repo1.maven.org/maven2/org/apache/kafka/kafka-clients/3.4.1/kafka-clients-3.4.1.jar ...
[2025-02-21T15:38:39.812+0000] {docker.py:413} INFO - [SUCCESSFUL ] org.apache.kafka#kafka-clients;3.4.1!kafka-clients.jar (2277ms)
[2025-02-21T15:38:39.862+0000] {docker.py:413} INFO - downloading https://repo1.maven.org/maven2/com/google/code/findbugs/jsr305/3.0.0/jsr305-3.0.0.jar ...
[2025-02-21T15:38:39.942+0000] {docker.py:413} INFO - [SUCCESSFUL ] com.google.code.findbugs#jsr305;3.0.0!jsr305.jar (125ms)
[2025-02-21T15:38:40.042+0000] {docker.py:413} INFO - downloading https://repo1.maven.org/maven2/org/apache/commons/commons-pool2/2.11.1/commons-pool2-2.11.1.jar ...
[2025-02-21T15:38:40.221+0000] {docker.py:413} INFO - [SUCCESSFUL ] org.apache.commons#commons-pool2;2.11.1!commons-pool2.jar (243ms)
[2025-02-21T15:38:40.417+0000] {docker.py:413} INFO - downloading https://repo1.maven.org/maven2/org/apache/hadoop/hadoop-client-runtime/3.3.4/hadoop-client-runtime-3.3.4.jar ...
[2025-02-21T15:38:52.105+0000] {docker.py:413} INFO - [SUCCESSFUL ] org.apache.hadoop#hadoop-client-runtime;3.3.4!hadoop-client-runtime.jar (11782ms)
[2025-02-21T15:38:52.154+0000] {docker.py:413} INFO - downloading https://repo1.maven.org/maven2/org/lz4/lz4-java/1.8.0/lz4-java-1.8.0.jar ...
[2025-02-21T15:38:52.531+0000] {docker.py:413} INFO - [SUCCESSFUL ] org.lz4#lz4-java;1.8.0!lz4-java.jar (421ms)
[2025-02-21T15:38:52.702+0000] {docker.py:413} INFO - downloading https://repo1.maven.org/maven2/org/xerial/snappy/snappy-java/1.1.10.3/snappy-java-1.1.10.3.jar ...
[2025-02-21T15:38:54.002+0000] {docker.py:413} INFO - [SUCCESSFUL ] org.xerial.snappy#snappy-java;1.1.10.3!snappy-java.jar(bundle) (1381ms)
[2025-02-21T15:38:54.128+0000] {docker.py:413} INFO - downloading https://repo1.maven.org/maven2/org/slf4j/slf4j-api/2.0.7/slf4j-api-2.0.7.jar ...
[2025-02-21T15:38:54.238+0000] {docker.py:413} INFO - [SUCCESSFUL ] org.slf4j#slf4j-api;2.0.7!slf4j-api.jar (281ms)
[2025-02-21T15:38:54.387+0000] {docker.py:413} INFO - downloading https://repo1.maven.org/maven2/org/apache/hadoop/hadoop-client-api/3.3.4/hadoop-client-api-3.3.4.jar ...
[2025-02-21T15:39:02.592+0000] {docker.py:413} INFO - [SUCCESSFUL ] org.apache.hadoop#hadoop-client-api;3.3.4!hadoop-client-api.jar (8315ms)
[2025-02-21T15:39:02.691+0000] {docker.py:413} INFO - downloading https://repo1.maven.org/maven2/commons-logging/commons-logging/1.1.3/commons-logging-1.1.3.jar ...
[2025-02-21T15:39:02.811+0000] {docker.py:413} INFO - [SUCCESSFUL ] commons-logging#commons-logging;1.1.3!commons-logging.jar (174ms)
[2025-02-21T15:39:02.836+0000] {docker.py:413} INFO - :: resolution report :: resolve 51867ms :: artifacts dl 29208ms
	:: modules in use:
	com.google.code.findbugs#jsr305;3.0.0 from central in [default]
	commons-logging#commons-logging;1.1.3 from central in [default]
	org.apache.commons#commons-pool2;2.11.1 from central in [default]
	org.apache.hadoop#hadoop-client-api;3.3.4 from central in [default]
	org.apache.hadoop#hadoop-client-runtime;3.3.4 from central in [default]
[2025-02-21T15:39:02.846+0000] {docker.py:413} INFO - org.apache.kafka#kafka-clients;3.4.1 from central in [default]
[2025-02-21T15:39:02.865+0000] {docker.py:413} INFO - org.apache.spark#spark-sql-kafka-0-10_2.12;3.5.0 from central in [default]
[2025-02-21T15:39:02.878+0000] {docker.py:413} INFO - org.apache.spark#spark-token-provider-kafka-0-10_2.12;3.5.0 from central in [default]
	org.checkerframework#checker-qual;3.5.0 from central in [default]
	org.lz4#lz4-java;1.8.0 from central in [default]
	org.postgresql#postgresql;42.5.4 from central in [default]
	org.slf4j#slf4j-api;2.0.7 from central in [default]
	org.xerial.snappy#snappy-java;1.1.10.3 from central in [default]
	---------------------------------------------------------------------
[2025-02-21T15:39:02.893+0000] {docker.py:413} INFO - |                  |            modules            ||   artifacts   |
	|       conf       | number| search|dwnlded|evicted|| number|dwnlded|
	---------------------------------------------------------------------
[2025-02-21T15:39:02.902+0000] {docker.py:413} INFO - |      default     |   13  |   13  |   13  |   0   ||   13  |   13  |
	---------------------------------------------------------------------
[2025-02-21T15:39:03.167+0000] {docker.py:413} INFO - :: retrieving :: org.apache.spark#spark-submit-parent-c9f3f20c-3cdd-45e0-8570-3e4c20e26557
	confs: [default]
[2025-02-21T15:39:04.530+0000] {docker.py:413} INFO - 13 artifacts copied, 0 already retrieved (58001kB/1372ms)
[2025-02-21T15:39:10.746+0000] {docker.py:413} INFO - 25/02/21 15:39:10 WARN NativeCodeLoader: Unable to load native-hadoop library for your platform... using builtin-java classes where applicable
[2025-02-21T15:39:36.388+0000] {docker.py:413} INFO - Loaded Kafka Config - BOOTSTRAP_SERVERS: None, TOPIC: None
Loaded PostgreSQL Config - POSTGRES_USER: None, POSTGRES_HOST: None
Traceback (most recent call last):
  File "/opt/bitnami/spark/spark_pgsql.py", line 6, in <module>
[2025-02-21T15:39:36.394+0000] {docker.py:413} INFO - 
[2025-02-21T15:39:36.395+0000] {docker.py:413} INFO - from constants import (
ImportError
[2025-02-21T15:39:36.406+0000] {docker.py:413} INFO - : cannot import name 'KAFKA_BROKER' from 'constants' (/opt/bitnami/spark/constants.py)
[2025-02-21T15:39:37.028+0000] {docker.py:413} INFO - 25/02/21 15:39:37 INFO ShutdownHookManager: Shutdown hook called
[2025-02-21T15:39:37.046+0000] {docker.py:413} INFO - 25/02/21 15:39:37 INFO ShutdownHookManager: Deleting directory /tmp/spark-50842d57-4ead-46df-bae8-5c5eda54471b
[2025-02-21T15:39:38.834+0000] {taskinstance.py:1937} ERROR - Task failed with exception
Traceback (most recent call last):
  File "/home/airflow/.local/lib/python3.8/site-packages/airflow/providers/docker/operators/docker.py", line 486, in execute
    return self._run_image()
  File "/home/airflow/.local/lib/python3.8/site-packages/airflow/providers/docker/operators/docker.py", line 360, in _run_image
    return self._run_image_with_mounts(self.mounts, add_tmp_variable=False)
  File "/home/airflow/.local/lib/python3.8/site-packages/airflow/providers/docker/operators/docker.py", line 421, in _run_image_with_mounts
    raise DockerContainerFailedException(f"Docker container failed: {result!r}", logs=log_lines)
airflow.providers.docker.exceptions.DockerContainerFailedException: Docker container failed: {'StatusCode': 1}
[2025-02-21T15:39:38.870+0000] {taskinstance.py:1400} INFO - Marking task as FAILED. dag_id=kafka_spark_dag, task_id=pyspark_consumer, execution_date=20250221T153143, start_date=20250221T153642, end_date=20250221T153938
[2025-02-21T15:39:38.941+0000] {standard_task_runner.py:104} ERROR - Failed to execute job 62 for task pyspark_consumer (Docker container failed: {'StatusCode': 1}; 4311)
[2025-02-21T15:39:38.991+0000] {local_task_job_runner.py:228} INFO - Task exited with return code 1
[2025-02-21T15:39:39.224+0000] {taskinstance.py:2778} INFO - 0 downstream tasks scheduled from follow-on schedule check
