[2025-02-21T16:39:23.963+0000] {taskinstance.py:1159} INFO - Dependencies all met for dep_context=non-requeueable deps ti=<TaskInstance: kafka_spark_dag.pyspark_consumer manual__2025-02-21T16:38:29.131770+00:00 [queued]>
[2025-02-21T16:39:24.035+0000] {taskinstance.py:1159} INFO - Dependencies all met for dep_context=requeueable deps ti=<TaskInstance: kafka_spark_dag.pyspark_consumer manual__2025-02-21T16:38:29.131770+00:00 [queued]>
[2025-02-21T16:39:24.036+0000] {taskinstance.py:1361} INFO - Starting attempt 1 of 2
[2025-02-21T16:39:24.216+0000] {taskinstance.py:1382} INFO - Executing <Task(DockerOperator): pyspark_consumer> on 2025-02-21 16:38:29.131770+00:00
[2025-02-21T16:39:24.265+0000] {standard_task_runner.py:57} INFO - Started process 21233 to run task
[2025-02-21T16:39:24.316+0000] {standard_task_runner.py:84} INFO - Running: ['airflow', 'tasks', 'run', 'kafka_spark_dag', 'pyspark_consumer', 'manual__2025-02-21T16:38:29.131770+00:00', '--job-id', '65', '--raw', '--subdir', 'DAGS_FOLDER/dag_kafka_spark.py', '--cfg-path', '/tmp/tmp7h8r29i_']
[2025-02-21T16:39:24.338+0000] {standard_task_runner.py:85} INFO - Job 65: Subtask pyspark_consumer
[2025-02-21T16:39:25.363+0000] {task_command.py:416} INFO - Running <TaskInstance: kafka_spark_dag.pyspark_consumer manual__2025-02-21T16:38:29.131770+00:00 [running]> on host c39f67883fe1
[2025-02-21T16:39:26.545+0000] {taskinstance.py:1662} INFO - Exporting env vars: AIRFLOW_CTX_DAG_OWNER='airflow' AIRFLOW_CTX_DAG_ID='kafka_spark_dag' AIRFLOW_CTX_TASK_ID='pyspark_consumer' AIRFLOW_CTX_EXECUTION_DATE='2025-02-21T16:38:29.131770+00:00' AIRFLOW_CTX_TRY_NUMBER='1' AIRFLOW_CTX_DAG_RUN_ID='manual__2025-02-21T16:38:29.131770+00:00'
[2025-02-21T16:39:27.264+0000] {docker.py:343} INFO - Starting docker container from image Mohamed/spark:latest
[2025-02-21T16:39:32.761+0000] {docker.py:413} INFO - [38;5;6mspark [38;5;5m16:39:32.74 [0m[38;5;2mINFO [0m ==>
[2025-02-21T16:39:32.777+0000] {docker.py:413} INFO - [38;5;6mspark [38;5;5m16:39:32.76 [0m[38;5;2mINFO [0m ==> [1mWelcome to the Bitnami spark container[0m
[2025-02-21T16:39:32.787+0000] {docker.py:413} INFO - [38;5;6mspark [38;5;5m16:39:32.78 [0m[38;5;2mINFO [0m ==> Subscribe to project updates by watching [1mhttps://github.com/bitnami/containers[0m
[2025-02-21T16:39:32.803+0000] {docker.py:413} INFO - [38;5;6mspark [38;5;5m16:39:32.79 [0m[38;5;2mINFO [0m ==> Submit issues and feature requests at [1mhttps://github.com/bitnami/containers/issues[0m
[2025-02-21T16:39:32.813+0000] {docker.py:413} INFO - [38;5;6mspark [38;5;5m16:39:32.80 [0m[38;5;2mINFO [0m ==>
[2025-02-21T16:39:32.969+0000] {docker.py:413} INFO - 
[2025-02-21T16:40:17.521+0000] {docker.py:413} INFO - :: loading settings :: url = jar:file:/opt/bitnami/spark/jars/ivy-2.5.1.jar!/org/apache/ivy/core/settings/ivysettings.xml
[2025-02-21T16:40:20.168+0000] {docker.py:413} INFO - Ivy Default Cache set to: /opt/bitnami/spark/.ivy2/cache
The jars for the packages stored in: /opt/bitnami/spark/.ivy2/jars
[2025-02-21T16:40:20.228+0000] {docker.py:413} INFO - org.postgresql#postgresql added as a dependency
[2025-02-21T16:40:20.236+0000] {docker.py:413} INFO - org.apache.spark#spark-sql-kafka-0-10_2.12 added as a dependency
[2025-02-21T16:40:20.248+0000] {docker.py:413} INFO - :: resolving dependencies :: org.apache.spark#spark-submit-parent-59fcdd4d-0f4a-49df-9bf6-20b1e0cdd275;1.0
	confs: [default]
[2025-02-21T16:40:31.011+0000] {docker.py:413} INFO - found org.postgresql#postgresql;42.5.4 in central
[2025-02-21T16:40:32.361+0000] {docker.py:413} INFO - found org.checkerframework#checker-qual;3.5.0 in central
[2025-02-21T16:40:41.203+0000] {docker.py:413} INFO - found org.apache.spark#spark-sql-kafka-0-10_2.12;3.5.0 in central
[2025-02-21T16:40:48.682+0000] {docker.py:413} INFO - found org.apache.spark#spark-token-provider-kafka-0-10_2.12;3.5.0 in central
[2025-02-21T16:40:49.873+0000] {docker.py:413} INFO - found org.apache.kafka#kafka-clients;3.4.1 in central
[2025-02-21T16:40:51.481+0000] {docker.py:413} INFO - found org.lz4#lz4-java;1.8.0 in central
[2025-02-21T16:40:52.402+0000] {docker.py:413} INFO - found org.xerial.snappy#snappy-java;1.1.10.3 in central
[2025-02-21T16:40:55.110+0000] {docker.py:413} INFO - found org.slf4j#slf4j-api;2.0.7 in central
[2025-02-21T16:40:59.163+0000] {docker.py:413} INFO - found org.apache.hadoop#hadoop-client-runtime;3.3.4 in central
[2025-02-21T16:41:00.762+0000] {docker.py:413} INFO - found org.apache.hadoop#hadoop-client-api;3.3.4 in central
[2025-02-21T16:41:04.501+0000] {docker.py:413} INFO - found commons-logging#commons-logging;1.1.3 in central
[2025-02-21T16:41:05.188+0000] {docker.py:413} INFO - found com.google.code.findbugs#jsr305;3.0.0 in central
[2025-02-21T16:41:09.465+0000] {docker.py:413} INFO - found org.apache.commons#commons-pool2;2.11.1 in central
[2025-02-21T16:41:09.758+0000] {docker.py:413} INFO - downloading https://repo1.maven.org/maven2/org/postgresql/postgresql/42.5.4/postgresql-42.5.4.jar ...
[2025-02-21T16:41:10.743+0000] {docker.py:413} INFO - [SUCCESSFUL ] org.postgresql#postgresql;42.5.4!postgresql.jar (1083ms)
[2025-02-21T16:41:10.870+0000] {docker.py:413} INFO - downloading https://repo1.maven.org/maven2/org/apache/spark/spark-sql-kafka-0-10_2.12/3.5.0/spark-sql-kafka-0-10_2.12-3.5.0.jar ...
[2025-02-21T16:41:11.274+0000] {docker.py:413} INFO - [SUCCESSFUL ] org.apache.spark#spark-sql-kafka-0-10_2.12;3.5.0!spark-sql-kafka-0-10_2.12.jar (470ms)
[2025-02-21T16:41:11.382+0000] {docker.py:413} INFO - downloading https://repo1.maven.org/maven2/org/checkerframework/checker-qual/3.5.0/checker-qual-3.5.0.jar ...
[2025-02-21T16:41:11.547+0000] {docker.py:413} INFO - [SUCCESSFUL ] org.checkerframework#checker-qual;3.5.0!checker-qual.jar (244ms)
[2025-02-21T16:41:11.662+0000] {docker.py:413} INFO - downloading https://repo1.maven.org/maven2/org/apache/spark/spark-token-provider-kafka-0-10_2.12/3.5.0/spark-token-provider-kafka-0-10_2.12-3.5.0.jar ...
[2025-02-21T16:41:11.809+0000] {docker.py:413} INFO - [SUCCESSFUL ] org.apache.spark#spark-token-provider-kafka-0-10_2.12;3.5.0!spark-token-provider-kafka-0-10_2.12.jar (245ms)
[2025-02-21T16:41:11.921+0000] {docker.py:413} INFO - downloading https://repo1.maven.org/maven2/org/apache/kafka/kafka-clients/3.4.1/kafka-clients-3.4.1.jar ...
[2025-02-21T16:41:14.149+0000] {docker.py:413} INFO - [SUCCESSFUL ] org.apache.kafka#kafka-clients;3.4.1!kafka-clients.jar (2309ms)
[2025-02-21T16:41:14.224+0000] {docker.py:413} INFO - downloading https://repo1.maven.org/maven2/com/google/code/findbugs/jsr305/3.0.0/jsr305-3.0.0.jar ...
[2025-02-21T16:41:14.361+0000] {docker.py:413} INFO - [SUCCESSFUL ] com.google.code.findbugs#jsr305;3.0.0!jsr305.jar (201ms)
[2025-02-21T16:41:14.459+0000] {docker.py:413} INFO - downloading https://repo1.maven.org/maven2/org/apache/commons/commons-pool2/2.11.1/commons-pool2-2.11.1.jar ...
[2025-02-21T16:41:14.631+0000] {docker.py:413} INFO - [SUCCESSFUL ] org.apache.commons#commons-pool2;2.11.1!commons-pool2.jar (236ms)
[2025-02-21T16:41:14.747+0000] {docker.py:413} INFO - downloading https://repo1.maven.org/maven2/org/apache/hadoop/hadoop-client-runtime/3.3.4/hadoop-client-runtime-3.3.4.jar ...
[2025-02-21T16:41:25.328+0000] {docker.py:413} INFO - [SUCCESSFUL ] org.apache.hadoop#hadoop-client-runtime;3.3.4!hadoop-client-runtime.jar (10654ms)
[2025-02-21T16:41:25.456+0000] {docker.py:413} INFO - downloading https://repo1.maven.org/maven2/org/lz4/lz4-java/1.8.0/lz4-java-1.8.0.jar ...
[2025-02-21T16:41:25.812+0000] {docker.py:413} INFO - [SUCCESSFUL ] org.lz4#lz4-java;1.8.0!lz4-java.jar (439ms)
[2025-02-21T16:41:25.941+0000] {docker.py:413} INFO - downloading https://repo1.maven.org/maven2/org/xerial/snappy/snappy-java/1.1.10.3/snappy-java-1.1.10.3.jar ...
[2025-02-21T16:41:26.817+0000] {docker.py:413} INFO - [SUCCESSFUL ] org.xerial.snappy#snappy-java;1.1.10.3!snappy-java.jar(bundle) (975ms)
[2025-02-21T16:41:26.913+0000] {docker.py:413} INFO - downloading https://repo1.maven.org/maven2/org/slf4j/slf4j-api/2.0.7/slf4j-api-2.0.7.jar ...
[2025-02-21T16:41:26.998+0000] {docker.py:413} INFO - [SUCCESSFUL ] org.slf4j#slf4j-api;2.0.7!slf4j-api.jar (171ms)
[2025-02-21T16:41:27.122+0000] {docker.py:413} INFO - downloading https://repo1.maven.org/maven2/org/apache/hadoop/hadoop-client-api/3.3.4/hadoop-client-api-3.3.4.jar ...
[2025-02-21T16:41:33.107+0000] {docker.py:413} INFO - [SUCCESSFUL ] org.apache.hadoop#hadoop-client-api;3.3.4!hadoop-client-api.jar (6090ms)
[2025-02-21T16:41:33.167+0000] {docker.py:413} INFO - downloading https://repo1.maven.org/maven2/commons-logging/commons-logging/1.1.3/commons-logging-1.1.3.jar ...
[2025-02-21T16:41:33.265+0000] {docker.py:413} INFO - [SUCCESSFUL ] commons-logging#commons-logging;1.1.3!commons-logging.jar (160ms)
[2025-02-21T16:41:33.268+0000] {docker.py:413} INFO - :: resolution report :: resolve 49379ms :: artifacts dl 23652ms
[2025-02-21T16:41:33.272+0000] {docker.py:413} INFO - :: modules in use:
[2025-02-21T16:41:33.274+0000] {docker.py:413} INFO - com.google.code.findbugs#jsr305;3.0.0 from central in [default]
[2025-02-21T16:41:33.280+0000] {docker.py:413} INFO - commons-logging#commons-logging;1.1.3 from central in [default]
[2025-02-21T16:41:33.282+0000] {docker.py:413} INFO - org.apache.commons#commons-pool2;2.11.1 from central in [default]
	org.apache.hadoop#hadoop-client-api;3.3.4 from central in [default]
	org.apache.hadoop#hadoop-client-runtime;3.3.4 from central in [default]
	org.apache.kafka#kafka-clients;3.4.1 from central in [default]
	org.apache.spark#spark-sql-kafka-0-10_2.12;3.5.0 from central in [default]
	org.apache.spark#spark-token-provider-kafka-0-10_2.12;3.5.0 from central in [default]
	org.checkerframework#checker-qual;3.5.0 from central in [default]
	org.lz4#lz4-java;1.8.0 from central in [default]
	org.postgresql#postgresql;42.5.4 from central in [default]
	org.slf4j#slf4j-api;2.0.7 from central in [default]
	org.xerial.snappy#snappy-java;1.1.10.3 from central in [default]
[2025-02-21T16:41:33.304+0000] {docker.py:413} INFO - ---------------------------------------------------------------------
	|                  |            modules            ||   artifacts   |
	|       conf       | number| search|dwnlded|evicted|| number|dwnlded|
	---------------------------------------------------------------------
	|      default     |   13  |   13  |   13  |   0   ||   13  |   13  |
	---------------------------------------------------------------------
[2025-02-21T16:41:33.563+0000] {docker.py:413} INFO - :: retrieving :: org.apache.spark#spark-submit-parent-59fcdd4d-0f4a-49df-9bf6-20b1e0cdd275
[2025-02-21T16:41:33.589+0000] {docker.py:413} INFO - confs: [default]
[2025-02-21T16:41:35.114+0000] {docker.py:413} INFO - 13 artifacts copied, 0 already retrieved (58001kB/1535ms)
[2025-02-21T16:41:42.241+0000] {docker.py:413} INFO - 25/02/21 16:41:42 WARN NativeCodeLoader: Unable to load native-hadoop library for your platform... using builtin-java classes where applicable
[2025-02-21T16:42:04.926+0000] {docker.py:413} INFO - Loaded Kafka Config - BOOTSTRAP_SERVERS: kafka:9092, TOPIC: online_retail
[2025-02-21T16:42:04.927+0000] {docker.py:413} INFO - Loaded PostgreSQL Config - POSTGRES_USER: PG_user, POSTGRES_HOST: None
Traceback (most recent call last):
  File "/opt/bitnami/spark/spark_pgsql.py", line 6, in <module>
    from constants import (
ImportError: cannot import name 'KAFKA_BROKER' from 'constants' (/opt/bitnami/spark/constants.py)
[2025-02-21T16:42:05.824+0000] {docker.py:413} INFO - 25/02/21 16:42:05 INFO ShutdownHookManager: Shutdown hook called
[2025-02-21T16:42:05.827+0000] {docker.py:413} INFO - 25/02/21 16:42:05 INFO ShutdownHookManager: Deleting directory /tmp/spark-11eb60c8-1ca1-41e1-983b-1717333d3c9e
[2025-02-21T16:42:08.536+0000] {taskinstance.py:1937} ERROR - Task failed with exception
Traceback (most recent call last):
  File "/home/airflow/.local/lib/python3.8/site-packages/airflow/providers/docker/operators/docker.py", line 486, in execute
    return self._run_image()
  File "/home/airflow/.local/lib/python3.8/site-packages/airflow/providers/docker/operators/docker.py", line 360, in _run_image
    return self._run_image_with_mounts(self.mounts, add_tmp_variable=False)
  File "/home/airflow/.local/lib/python3.8/site-packages/airflow/providers/docker/operators/docker.py", line 421, in _run_image_with_mounts
    raise DockerContainerFailedException(f"Docker container failed: {result!r}", logs=log_lines)
airflow.providers.docker.exceptions.DockerContainerFailedException: Docker container failed: {'StatusCode': 1}
[2025-02-21T16:42:08.627+0000] {taskinstance.py:1400} INFO - Marking task as UP_FOR_RETRY. dag_id=kafka_spark_dag, task_id=pyspark_consumer, execution_date=20250221T163829, start_date=20250221T163923, end_date=20250221T164208
[2025-02-21T16:42:08.766+0000] {standard_task_runner.py:104} ERROR - Failed to execute job 65 for task pyspark_consumer (Docker container failed: {'StatusCode': 1}; 21233)
[2025-02-21T16:42:08.856+0000] {local_task_job_runner.py:228} INFO - Task exited with return code 1
[2025-02-21T16:42:09.039+0000] {taskinstance.py:2778} INFO - 0 downstream tasks scheduled from follow-on schedule check
