[2025-02-15T17:16:59.352+0000] {processor.py:157} INFO - Started process (PID=304) to work on /home/airflow/.local/lib/python3.8/site-packages/airflow/example_dags/example_branch_datetime_operator.py
[2025-02-15T17:16:59.355+0000] {processor.py:829} INFO - Processing file /home/airflow/.local/lib/python3.8/site-packages/airflow/example_dags/example_branch_datetime_operator.py for tasks to queue
[2025-02-15T17:16:59.358+0000] {logging_mixin.py:154} INFO - [2025-02-15T17:16:59.357+0000] {dagbag.py:536} INFO - Filling up the DagBag from /home/airflow/.local/lib/python3.8/site-packages/airflow/example_dags/example_branch_datetime_operator.py
[2025-02-15T17:16:59.406+0000] {processor.py:839} INFO - DAG(s) dict_keys(['example_branch_datetime_operator_3', 'example_branch_datetime_operator', 'example_branch_datetime_operator_2']) retrieved from /home/airflow/.local/lib/python3.8/site-packages/airflow/example_dags/example_branch_datetime_operator.py
[2025-02-15T17:16:59.656+0000] {logging_mixin.py:154} INFO - [2025-02-15T17:16:59.654+0000] {dag.py:2941} INFO - Sync 3 DAGs
[2025-02-15T17:16:59.778+0000] {logging_mixin.py:154} INFO - [2025-02-15T17:16:59.777+0000] {dag.py:3722} INFO - Setting next_dagrun for example_branch_datetime_operator to 2025-02-14T00:00:00+00:00, run_after=2025-02-15T00:00:00+00:00
[2025-02-15T17:16:59.800+0000] {logging_mixin.py:154} INFO - [2025-02-15T17:16:59.799+0000] {dag.py:3722} INFO - Setting next_dagrun for example_branch_datetime_operator_2 to 2025-02-14T00:00:00+00:00, run_after=2025-02-15T00:00:00+00:00
[2025-02-15T17:16:59.810+0000] {logging_mixin.py:154} INFO - [2025-02-15T17:16:59.810+0000] {dag.py:3722} INFO - Setting next_dagrun for example_branch_datetime_operator_3 to 2025-02-14T00:00:00+00:00, run_after=2025-02-15T00:00:00+00:00
[2025-02-15T17:16:59.898+0000] {processor.py:179} INFO - Processing /home/airflow/.local/lib/python3.8/site-packages/airflow/example_dags/example_branch_datetime_operator.py took 0.556 seconds
[2025-02-15T17:17:38.505+0000] {processor.py:157} INFO - Started process (PID=542) to work on /home/airflow/.local/lib/python3.8/site-packages/airflow/example_dags/example_branch_datetime_operator.py
[2025-02-15T17:17:38.512+0000] {processor.py:829} INFO - Processing file /home/airflow/.local/lib/python3.8/site-packages/airflow/example_dags/example_branch_datetime_operator.py for tasks to queue
[2025-02-15T17:17:38.519+0000] {logging_mixin.py:154} INFO - [2025-02-15T17:17:38.518+0000] {dagbag.py:536} INFO - Filling up the DagBag from /home/airflow/.local/lib/python3.8/site-packages/airflow/example_dags/example_branch_datetime_operator.py
[2025-02-15T17:17:38.592+0000] {processor.py:839} INFO - DAG(s) dict_keys(['example_branch_datetime_operator_2', 'example_branch_datetime_operator_3', 'example_branch_datetime_operator']) retrieved from /home/airflow/.local/lib/python3.8/site-packages/airflow/example_dags/example_branch_datetime_operator.py
[2025-02-15T17:17:38.842+0000] {logging_mixin.py:154} INFO - [2025-02-15T17:17:38.841+0000] {dag.py:2941} INFO - Sync 3 DAGs
[2025-02-15T17:17:39.076+0000] {logging_mixin.py:154} INFO - [2025-02-15T17:17:39.075+0000] {dag.py:3722} INFO - Setting next_dagrun for example_branch_datetime_operator to 2025-02-14T00:00:00+00:00, run_after=2025-02-15T00:00:00+00:00
[2025-02-15T17:17:39.122+0000] {logging_mixin.py:154} INFO - [2025-02-15T17:17:39.120+0000] {dag.py:3722} INFO - Setting next_dagrun for example_branch_datetime_operator_2 to 2025-02-14T00:00:00+00:00, run_after=2025-02-15T00:00:00+00:00
[2025-02-15T17:17:39.163+0000] {logging_mixin.py:154} INFO - [2025-02-15T17:17:39.162+0000] {dag.py:3722} INFO - Setting next_dagrun for example_branch_datetime_operator_3 to 2025-02-14T00:00:00+00:00, run_after=2025-02-15T00:00:00+00:00
[2025-02-15T17:17:39.416+0000] {processor.py:179} INFO - Processing /home/airflow/.local/lib/python3.8/site-packages/airflow/example_dags/example_branch_datetime_operator.py took 0.939 seconds
[2025-02-15T17:18:11.064+0000] {processor.py:157} INFO - Started process (PID=780) to work on /home/airflow/.local/lib/python3.8/site-packages/airflow/example_dags/example_branch_datetime_operator.py
[2025-02-15T17:18:11.068+0000] {processor.py:829} INFO - Processing file /home/airflow/.local/lib/python3.8/site-packages/airflow/example_dags/example_branch_datetime_operator.py for tasks to queue
[2025-02-15T17:18:11.073+0000] {logging_mixin.py:154} INFO - [2025-02-15T17:18:11.071+0000] {dagbag.py:536} INFO - Filling up the DagBag from /home/airflow/.local/lib/python3.8/site-packages/airflow/example_dags/example_branch_datetime_operator.py
[2025-02-15T17:18:11.113+0000] {processor.py:839} INFO - DAG(s) dict_keys(['example_branch_datetime_operator_2', 'example_branch_datetime_operator', 'example_branch_datetime_operator_3']) retrieved from /home/airflow/.local/lib/python3.8/site-packages/airflow/example_dags/example_branch_datetime_operator.py
[2025-02-15T17:18:11.247+0000] {logging_mixin.py:154} INFO - [2025-02-15T17:18:11.247+0000] {dag.py:2941} INFO - Sync 3 DAGs
[2025-02-15T17:18:11.418+0000] {logging_mixin.py:154} INFO - [2025-02-15T17:18:11.417+0000] {dag.py:3722} INFO - Setting next_dagrun for example_branch_datetime_operator to 2025-02-14T00:00:00+00:00, run_after=2025-02-15T00:00:00+00:00
[2025-02-15T17:18:11.436+0000] {logging_mixin.py:154} INFO - [2025-02-15T17:18:11.436+0000] {dag.py:3722} INFO - Setting next_dagrun for example_branch_datetime_operator_2 to 2025-02-14T00:00:00+00:00, run_after=2025-02-15T00:00:00+00:00
[2025-02-15T17:18:11.446+0000] {logging_mixin.py:154} INFO - [2025-02-15T17:18:11.445+0000] {dag.py:3722} INFO - Setting next_dagrun for example_branch_datetime_operator_3 to 2025-02-14T00:00:00+00:00, run_after=2025-02-15T00:00:00+00:00
[2025-02-15T17:18:11.509+0000] {processor.py:179} INFO - Processing /home/airflow/.local/lib/python3.8/site-packages/airflow/example_dags/example_branch_datetime_operator.py took 0.460 seconds
[2025-02-15T17:18:45.593+0000] {processor.py:157} INFO - Started process (PID=1026) to work on /home/airflow/.local/lib/python3.8/site-packages/airflow/example_dags/example_branch_datetime_operator.py
[2025-02-15T17:18:45.602+0000] {processor.py:829} INFO - Processing file /home/airflow/.local/lib/python3.8/site-packages/airflow/example_dags/example_branch_datetime_operator.py for tasks to queue
[2025-02-15T17:18:45.608+0000] {logging_mixin.py:154} INFO - [2025-02-15T17:18:45.604+0000] {dagbag.py:536} INFO - Filling up the DagBag from /home/airflow/.local/lib/python3.8/site-packages/airflow/example_dags/example_branch_datetime_operator.py
[2025-02-15T17:18:45.686+0000] {processor.py:839} INFO - DAG(s) dict_keys(['example_branch_datetime_operator_3', 'example_branch_datetime_operator', 'example_branch_datetime_operator_2']) retrieved from /home/airflow/.local/lib/python3.8/site-packages/airflow/example_dags/example_branch_datetime_operator.py
[2025-02-15T17:18:45.978+0000] {logging_mixin.py:154} INFO - [2025-02-15T17:18:45.977+0000] {dag.py:2941} INFO - Sync 3 DAGs
[2025-02-15T17:18:46.093+0000] {logging_mixin.py:154} INFO - [2025-02-15T17:18:46.093+0000] {dag.py:3722} INFO - Setting next_dagrun for example_branch_datetime_operator to 2025-02-14T00:00:00+00:00, run_after=2025-02-15T00:00:00+00:00
[2025-02-15T17:18:46.112+0000] {logging_mixin.py:154} INFO - [2025-02-15T17:18:46.111+0000] {dag.py:3722} INFO - Setting next_dagrun for example_branch_datetime_operator_2 to 2025-02-14T00:00:00+00:00, run_after=2025-02-15T00:00:00+00:00
[2025-02-15T17:18:46.119+0000] {logging_mixin.py:154} INFO - [2025-02-15T17:18:46.118+0000] {dag.py:3722} INFO - Setting next_dagrun for example_branch_datetime_operator_3 to 2025-02-14T00:00:00+00:00, run_after=2025-02-15T00:00:00+00:00
[2025-02-15T17:18:46.160+0000] {processor.py:179} INFO - Processing /home/airflow/.local/lib/python3.8/site-packages/airflow/example_dags/example_branch_datetime_operator.py took 0.584 seconds
[2025-02-15T17:19:16.929+0000] {processor.py:157} INFO - Started process (PID=1262) to work on /home/airflow/.local/lib/python3.8/site-packages/airflow/example_dags/example_branch_datetime_operator.py
[2025-02-15T17:19:16.939+0000] {processor.py:829} INFO - Processing file /home/airflow/.local/lib/python3.8/site-packages/airflow/example_dags/example_branch_datetime_operator.py for tasks to queue
[2025-02-15T17:19:16.947+0000] {logging_mixin.py:154} INFO - [2025-02-15T17:19:16.944+0000] {dagbag.py:536} INFO - Filling up the DagBag from /home/airflow/.local/lib/python3.8/site-packages/airflow/example_dags/example_branch_datetime_operator.py
[2025-02-15T17:19:17.145+0000] {processor.py:839} INFO - DAG(s) dict_keys(['example_branch_datetime_operator_3', 'example_branch_datetime_operator', 'example_branch_datetime_operator_2']) retrieved from /home/airflow/.local/lib/python3.8/site-packages/airflow/example_dags/example_branch_datetime_operator.py
[2025-02-15T17:19:17.811+0000] {logging_mixin.py:154} INFO - [2025-02-15T17:19:17.810+0000] {dag.py:2941} INFO - Sync 3 DAGs
[2025-02-15T17:19:18.360+0000] {logging_mixin.py:154} INFO - [2025-02-15T17:19:18.355+0000] {dag.py:3722} INFO - Setting next_dagrun for example_branch_datetime_operator to 2025-02-14T00:00:00+00:00, run_after=2025-02-15T00:00:00+00:00
[2025-02-15T17:19:18.462+0000] {logging_mixin.py:154} INFO - [2025-02-15T17:19:18.462+0000] {dag.py:3722} INFO - Setting next_dagrun for example_branch_datetime_operator_2 to 2025-02-14T00:00:00+00:00, run_after=2025-02-15T00:00:00+00:00
[2025-02-15T17:19:18.513+0000] {logging_mixin.py:154} INFO - [2025-02-15T17:19:18.504+0000] {dag.py:3722} INFO - Setting next_dagrun for example_branch_datetime_operator_3 to 2025-02-14T00:00:00+00:00, run_after=2025-02-15T00:00:00+00:00
[2025-02-15T17:19:19.020+0000] {processor.py:179} INFO - Processing /home/airflow/.local/lib/python3.8/site-packages/airflow/example_dags/example_branch_datetime_operator.py took 2.153 seconds
[2025-02-15T17:19:56.417+0000] {processor.py:157} INFO - Started process (PID=1500) to work on /home/airflow/.local/lib/python3.8/site-packages/airflow/example_dags/example_branch_datetime_operator.py
[2025-02-15T17:19:56.449+0000] {processor.py:829} INFO - Processing file /home/airflow/.local/lib/python3.8/site-packages/airflow/example_dags/example_branch_datetime_operator.py for tasks to queue
[2025-02-15T17:19:56.459+0000] {logging_mixin.py:154} INFO - [2025-02-15T17:19:56.459+0000] {dagbag.py:536} INFO - Filling up the DagBag from /home/airflow/.local/lib/python3.8/site-packages/airflow/example_dags/example_branch_datetime_operator.py
[2025-02-15T17:19:56.604+0000] {processor.py:839} INFO - DAG(s) dict_keys(['example_branch_datetime_operator_2', 'example_branch_datetime_operator', 'example_branch_datetime_operator_3']) retrieved from /home/airflow/.local/lib/python3.8/site-packages/airflow/example_dags/example_branch_datetime_operator.py
[2025-02-15T17:19:56.920+0000] {logging_mixin.py:154} INFO - [2025-02-15T17:19:56.915+0000] {dag.py:2941} INFO - Sync 3 DAGs
[2025-02-15T17:19:57.144+0000] {logging_mixin.py:154} INFO - [2025-02-15T17:19:57.143+0000] {dag.py:3722} INFO - Setting next_dagrun for example_branch_datetime_operator to 2025-02-14T00:00:00+00:00, run_after=2025-02-15T00:00:00+00:00
[2025-02-15T17:19:57.180+0000] {logging_mixin.py:154} INFO - [2025-02-15T17:19:57.177+0000] {dag.py:3722} INFO - Setting next_dagrun for example_branch_datetime_operator_2 to 2025-02-14T00:00:00+00:00, run_after=2025-02-15T00:00:00+00:00
[2025-02-15T17:19:57.207+0000] {logging_mixin.py:154} INFO - [2025-02-15T17:19:57.207+0000] {dag.py:3722} INFO - Setting next_dagrun for example_branch_datetime_operator_3 to 2025-02-14T00:00:00+00:00, run_after=2025-02-15T00:00:00+00:00
[2025-02-15T17:19:57.329+0000] {processor.py:179} INFO - Processing /home/airflow/.local/lib/python3.8/site-packages/airflow/example_dags/example_branch_datetime_operator.py took 1.024 seconds
[2025-02-15T17:20:30.412+0000] {processor.py:157} INFO - Started process (PID=1738) to work on /home/airflow/.local/lib/python3.8/site-packages/airflow/example_dags/example_branch_datetime_operator.py
[2025-02-15T17:20:30.416+0000] {processor.py:829} INFO - Processing file /home/airflow/.local/lib/python3.8/site-packages/airflow/example_dags/example_branch_datetime_operator.py for tasks to queue
[2025-02-15T17:20:30.420+0000] {logging_mixin.py:154} INFO - [2025-02-15T17:20:30.418+0000] {dagbag.py:536} INFO - Filling up the DagBag from /home/airflow/.local/lib/python3.8/site-packages/airflow/example_dags/example_branch_datetime_operator.py
[2025-02-15T17:20:30.510+0000] {processor.py:839} INFO - DAG(s) dict_keys(['example_branch_datetime_operator_3', 'example_branch_datetime_operator', 'example_branch_datetime_operator_2']) retrieved from /home/airflow/.local/lib/python3.8/site-packages/airflow/example_dags/example_branch_datetime_operator.py
[2025-02-15T17:20:30.710+0000] {logging_mixin.py:154} INFO - [2025-02-15T17:20:30.710+0000] {dag.py:2941} INFO - Sync 3 DAGs
[2025-02-15T17:20:30.814+0000] {logging_mixin.py:154} INFO - [2025-02-15T17:20:30.813+0000] {dag.py:3722} INFO - Setting next_dagrun for example_branch_datetime_operator to 2025-02-14T00:00:00+00:00, run_after=2025-02-15T00:00:00+00:00
[2025-02-15T17:20:30.849+0000] {logging_mixin.py:154} INFO - [2025-02-15T17:20:30.848+0000] {dag.py:3722} INFO - Setting next_dagrun for example_branch_datetime_operator_2 to 2025-02-14T00:00:00+00:00, run_after=2025-02-15T00:00:00+00:00
[2025-02-15T17:20:30.866+0000] {logging_mixin.py:154} INFO - [2025-02-15T17:20:30.861+0000] {dag.py:3722} INFO - Setting next_dagrun for example_branch_datetime_operator_3 to 2025-02-14T00:00:00+00:00, run_after=2025-02-15T00:00:00+00:00
[2025-02-15T17:20:30.925+0000] {processor.py:179} INFO - Processing /home/airflow/.local/lib/python3.8/site-packages/airflow/example_dags/example_branch_datetime_operator.py took 0.525 seconds
[2025-02-15T17:21:01.787+0000] {processor.py:157} INFO - Started process (PID=1970) to work on /home/airflow/.local/lib/python3.8/site-packages/airflow/example_dags/example_branch_datetime_operator.py
[2025-02-15T17:21:01.794+0000] {processor.py:829} INFO - Processing file /home/airflow/.local/lib/python3.8/site-packages/airflow/example_dags/example_branch_datetime_operator.py for tasks to queue
[2025-02-15T17:21:01.800+0000] {logging_mixin.py:154} INFO - [2025-02-15T17:21:01.800+0000] {dagbag.py:536} INFO - Filling up the DagBag from /home/airflow/.local/lib/python3.8/site-packages/airflow/example_dags/example_branch_datetime_operator.py
[2025-02-15T17:21:01.934+0000] {processor.py:839} INFO - DAG(s) dict_keys(['example_branch_datetime_operator', 'example_branch_datetime_operator_3', 'example_branch_datetime_operator_2']) retrieved from /home/airflow/.local/lib/python3.8/site-packages/airflow/example_dags/example_branch_datetime_operator.py
[2025-02-15T17:21:02.142+0000] {logging_mixin.py:154} INFO - [2025-02-15T17:21:02.141+0000] {dag.py:2941} INFO - Sync 3 DAGs
[2025-02-15T17:21:02.265+0000] {logging_mixin.py:154} INFO - [2025-02-15T17:21:02.264+0000] {dag.py:3722} INFO - Setting next_dagrun for example_branch_datetime_operator to 2025-02-14T00:00:00+00:00, run_after=2025-02-15T00:00:00+00:00
[2025-02-15T17:21:02.294+0000] {logging_mixin.py:154} INFO - [2025-02-15T17:21:02.294+0000] {dag.py:3722} INFO - Setting next_dagrun for example_branch_datetime_operator_2 to 2025-02-14T00:00:00+00:00, run_after=2025-02-15T00:00:00+00:00
[2025-02-15T17:21:02.304+0000] {logging_mixin.py:154} INFO - [2025-02-15T17:21:02.303+0000] {dag.py:3722} INFO - Setting next_dagrun for example_branch_datetime_operator_3 to 2025-02-14T00:00:00+00:00, run_after=2025-02-15T00:00:00+00:00
[2025-02-15T17:21:02.349+0000] {processor.py:179} INFO - Processing /home/airflow/.local/lib/python3.8/site-packages/airflow/example_dags/example_branch_datetime_operator.py took 0.605 seconds
[2025-02-15T17:21:33.439+0000] {processor.py:157} INFO - Started process (PID=2208) to work on /home/airflow/.local/lib/python3.8/site-packages/airflow/example_dags/example_branch_datetime_operator.py
[2025-02-15T17:21:33.444+0000] {processor.py:829} INFO - Processing file /home/airflow/.local/lib/python3.8/site-packages/airflow/example_dags/example_branch_datetime_operator.py for tasks to queue
[2025-02-15T17:21:33.451+0000] {logging_mixin.py:154} INFO - [2025-02-15T17:21:33.450+0000] {dagbag.py:536} INFO - Filling up the DagBag from /home/airflow/.local/lib/python3.8/site-packages/airflow/example_dags/example_branch_datetime_operator.py
[2025-02-15T17:21:33.601+0000] {processor.py:839} INFO - DAG(s) dict_keys(['example_branch_datetime_operator_2', 'example_branch_datetime_operator', 'example_branch_datetime_operator_3']) retrieved from /home/airflow/.local/lib/python3.8/site-packages/airflow/example_dags/example_branch_datetime_operator.py
[2025-02-15T17:21:33.738+0000] {logging_mixin.py:154} INFO - [2025-02-15T17:21:33.737+0000] {dag.py:2941} INFO - Sync 3 DAGs
[2025-02-15T17:21:33.898+0000] {logging_mixin.py:154} INFO - [2025-02-15T17:21:33.897+0000] {dag.py:3722} INFO - Setting next_dagrun for example_branch_datetime_operator to 2025-02-14T00:00:00+00:00, run_after=2025-02-15T00:00:00+00:00
[2025-02-15T17:21:33.921+0000] {logging_mixin.py:154} INFO - [2025-02-15T17:21:33.921+0000] {dag.py:3722} INFO - Setting next_dagrun for example_branch_datetime_operator_2 to 2025-02-14T00:00:00+00:00, run_after=2025-02-15T00:00:00+00:00
[2025-02-15T17:21:33.929+0000] {logging_mixin.py:154} INFO - [2025-02-15T17:21:33.928+0000] {dag.py:3722} INFO - Setting next_dagrun for example_branch_datetime_operator_3 to 2025-02-14T00:00:00+00:00, run_after=2025-02-15T00:00:00+00:00
[2025-02-15T17:21:34.046+0000] {processor.py:179} INFO - Processing /home/airflow/.local/lib/python3.8/site-packages/airflow/example_dags/example_branch_datetime_operator.py took 0.642 seconds
[2025-02-15T17:22:05.830+0000] {processor.py:157} INFO - Started process (PID=2445) to work on /home/airflow/.local/lib/python3.8/site-packages/airflow/example_dags/example_branch_datetime_operator.py
[2025-02-15T17:22:05.834+0000] {processor.py:829} INFO - Processing file /home/airflow/.local/lib/python3.8/site-packages/airflow/example_dags/example_branch_datetime_operator.py for tasks to queue
[2025-02-15T17:22:05.836+0000] {logging_mixin.py:154} INFO - [2025-02-15T17:22:05.835+0000] {dagbag.py:536} INFO - Filling up the DagBag from /home/airflow/.local/lib/python3.8/site-packages/airflow/example_dags/example_branch_datetime_operator.py
[2025-02-15T17:22:05.909+0000] {processor.py:839} INFO - DAG(s) dict_keys(['example_branch_datetime_operator_2', 'example_branch_datetime_operator', 'example_branch_datetime_operator_3']) retrieved from /home/airflow/.local/lib/python3.8/site-packages/airflow/example_dags/example_branch_datetime_operator.py
[2025-02-15T17:22:06.222+0000] {logging_mixin.py:154} INFO - [2025-02-15T17:22:06.221+0000] {dag.py:2941} INFO - Sync 3 DAGs
[2025-02-15T17:22:06.551+0000] {logging_mixin.py:154} INFO - [2025-02-15T17:22:06.545+0000] {dag.py:3722} INFO - Setting next_dagrun for example_branch_datetime_operator to 2025-02-14T00:00:00+00:00, run_after=2025-02-15T00:00:00+00:00
[2025-02-15T17:22:06.607+0000] {logging_mixin.py:154} INFO - [2025-02-15T17:22:06.606+0000] {dag.py:3722} INFO - Setting next_dagrun for example_branch_datetime_operator_2 to 2025-02-14T00:00:00+00:00, run_after=2025-02-15T00:00:00+00:00
[2025-02-15T17:22:06.654+0000] {logging_mixin.py:154} INFO - [2025-02-15T17:22:06.647+0000] {dag.py:3722} INFO - Setting next_dagrun for example_branch_datetime_operator_3 to 2025-02-14T00:00:00+00:00, run_after=2025-02-15T00:00:00+00:00
[2025-02-15T17:22:06.900+0000] {processor.py:179} INFO - Processing /home/airflow/.local/lib/python3.8/site-packages/airflow/example_dags/example_branch_datetime_operator.py took 1.094 seconds
[2025-02-15T17:22:37.265+0000] {processor.py:157} INFO - Started process (PID=2681) to work on /home/airflow/.local/lib/python3.8/site-packages/airflow/example_dags/example_branch_datetime_operator.py
[2025-02-15T17:22:37.269+0000] {processor.py:829} INFO - Processing file /home/airflow/.local/lib/python3.8/site-packages/airflow/example_dags/example_branch_datetime_operator.py for tasks to queue
[2025-02-15T17:22:37.277+0000] {logging_mixin.py:154} INFO - [2025-02-15T17:22:37.275+0000] {dagbag.py:536} INFO - Filling up the DagBag from /home/airflow/.local/lib/python3.8/site-packages/airflow/example_dags/example_branch_datetime_operator.py
[2025-02-15T17:22:37.372+0000] {processor.py:839} INFO - DAG(s) dict_keys(['example_branch_datetime_operator_2', 'example_branch_datetime_operator', 'example_branch_datetime_operator_3']) retrieved from /home/airflow/.local/lib/python3.8/site-packages/airflow/example_dags/example_branch_datetime_operator.py
[2025-02-15T17:22:37.508+0000] {logging_mixin.py:154} INFO - [2025-02-15T17:22:37.507+0000] {dag.py:2941} INFO - Sync 3 DAGs
[2025-02-15T17:22:37.754+0000] {logging_mixin.py:154} INFO - [2025-02-15T17:22:37.753+0000] {dag.py:3722} INFO - Setting next_dagrun for example_branch_datetime_operator to 2025-02-14T00:00:00+00:00, run_after=2025-02-15T00:00:00+00:00
[2025-02-15T17:22:37.770+0000] {logging_mixin.py:154} INFO - [2025-02-15T17:22:37.770+0000] {dag.py:3722} INFO - Setting next_dagrun for example_branch_datetime_operator_2 to 2025-02-14T00:00:00+00:00, run_after=2025-02-15T00:00:00+00:00
[2025-02-15T17:22:37.780+0000] {logging_mixin.py:154} INFO - [2025-02-15T17:22:37.779+0000] {dag.py:3722} INFO - Setting next_dagrun for example_branch_datetime_operator_3 to 2025-02-14T00:00:00+00:00, run_after=2025-02-15T00:00:00+00:00
[2025-02-15T17:22:37.839+0000] {processor.py:179} INFO - Processing /home/airflow/.local/lib/python3.8/site-packages/airflow/example_dags/example_branch_datetime_operator.py took 0.599 seconds
[2025-02-15T17:23:08.358+0000] {processor.py:157} INFO - Started process (PID=2919) to work on /home/airflow/.local/lib/python3.8/site-packages/airflow/example_dags/example_branch_datetime_operator.py
[2025-02-15T17:23:08.361+0000] {processor.py:829} INFO - Processing file /home/airflow/.local/lib/python3.8/site-packages/airflow/example_dags/example_branch_datetime_operator.py for tasks to queue
[2025-02-15T17:23:08.363+0000] {logging_mixin.py:154} INFO - [2025-02-15T17:23:08.363+0000] {dagbag.py:536} INFO - Filling up the DagBag from /home/airflow/.local/lib/python3.8/site-packages/airflow/example_dags/example_branch_datetime_operator.py
[2025-02-15T17:23:08.402+0000] {processor.py:839} INFO - DAG(s) dict_keys(['example_branch_datetime_operator', 'example_branch_datetime_operator_3', 'example_branch_datetime_operator_2']) retrieved from /home/airflow/.local/lib/python3.8/site-packages/airflow/example_dags/example_branch_datetime_operator.py
[2025-02-15T17:23:08.502+0000] {logging_mixin.py:154} INFO - [2025-02-15T17:23:08.501+0000] {dag.py:2941} INFO - Sync 3 DAGs
[2025-02-15T17:23:08.578+0000] {logging_mixin.py:154} INFO - [2025-02-15T17:23:08.578+0000] {dag.py:3722} INFO - Setting next_dagrun for example_branch_datetime_operator to 2025-02-14T00:00:00+00:00, run_after=2025-02-15T00:00:00+00:00
[2025-02-15T17:23:08.597+0000] {logging_mixin.py:154} INFO - [2025-02-15T17:23:08.596+0000] {dag.py:3722} INFO - Setting next_dagrun for example_branch_datetime_operator_2 to 2025-02-14T00:00:00+00:00, run_after=2025-02-15T00:00:00+00:00
[2025-02-15T17:23:08.606+0000] {logging_mixin.py:154} INFO - [2025-02-15T17:23:08.606+0000] {dag.py:3722} INFO - Setting next_dagrun for example_branch_datetime_operator_3 to 2025-02-14T00:00:00+00:00, run_after=2025-02-15T00:00:00+00:00
[2025-02-15T17:23:08.667+0000] {processor.py:179} INFO - Processing /home/airflow/.local/lib/python3.8/site-packages/airflow/example_dags/example_branch_datetime_operator.py took 0.325 seconds
[2025-02-15T17:23:39.111+0000] {processor.py:157} INFO - Started process (PID=3157) to work on /home/airflow/.local/lib/python3.8/site-packages/airflow/example_dags/example_branch_datetime_operator.py
[2025-02-15T17:23:39.115+0000] {processor.py:829} INFO - Processing file /home/airflow/.local/lib/python3.8/site-packages/airflow/example_dags/example_branch_datetime_operator.py for tasks to queue
[2025-02-15T17:23:39.121+0000] {logging_mixin.py:154} INFO - [2025-02-15T17:23:39.120+0000] {dagbag.py:536} INFO - Filling up the DagBag from /home/airflow/.local/lib/python3.8/site-packages/airflow/example_dags/example_branch_datetime_operator.py
[2025-02-15T17:23:39.199+0000] {processor.py:839} INFO - DAG(s) dict_keys(['example_branch_datetime_operator_2', 'example_branch_datetime_operator_3', 'example_branch_datetime_operator']) retrieved from /home/airflow/.local/lib/python3.8/site-packages/airflow/example_dags/example_branch_datetime_operator.py
[2025-02-15T17:23:39.320+0000] {logging_mixin.py:154} INFO - [2025-02-15T17:23:39.319+0000] {dag.py:2941} INFO - Sync 3 DAGs
[2025-02-15T17:23:39.417+0000] {logging_mixin.py:154} INFO - [2025-02-15T17:23:39.415+0000] {dag.py:3722} INFO - Setting next_dagrun for example_branch_datetime_operator to 2025-02-14T00:00:00+00:00, run_after=2025-02-15T00:00:00+00:00
[2025-02-15T17:23:39.443+0000] {logging_mixin.py:154} INFO - [2025-02-15T17:23:39.442+0000] {dag.py:3722} INFO - Setting next_dagrun for example_branch_datetime_operator_2 to 2025-02-14T00:00:00+00:00, run_after=2025-02-15T00:00:00+00:00
[2025-02-15T17:23:39.457+0000] {logging_mixin.py:154} INFO - [2025-02-15T17:23:39.457+0000] {dag.py:3722} INFO - Setting next_dagrun for example_branch_datetime_operator_3 to 2025-02-14T00:00:00+00:00, run_after=2025-02-15T00:00:00+00:00
[2025-02-15T17:23:39.631+0000] {processor.py:179} INFO - Processing /home/airflow/.local/lib/python3.8/site-packages/airflow/example_dags/example_branch_datetime_operator.py took 0.539 seconds
[2025-02-15T17:28:05.693+0000] {processor.py:157} INFO - Started process (PID=301) to work on /home/airflow/.local/lib/python3.8/site-packages/airflow/example_dags/example_branch_datetime_operator.py
[2025-02-15T17:28:05.696+0000] {processor.py:829} INFO - Processing file /home/airflow/.local/lib/python3.8/site-packages/airflow/example_dags/example_branch_datetime_operator.py for tasks to queue
[2025-02-15T17:28:05.700+0000] {logging_mixin.py:154} INFO - [2025-02-15T17:28:05.699+0000] {dagbag.py:536} INFO - Filling up the DagBag from /home/airflow/.local/lib/python3.8/site-packages/airflow/example_dags/example_branch_datetime_operator.py
[2025-02-15T17:28:05.737+0000] {processor.py:839} INFO - DAG(s) dict_keys(['example_branch_datetime_operator_3', 'example_branch_datetime_operator_2', 'example_branch_datetime_operator']) retrieved from /home/airflow/.local/lib/python3.8/site-packages/airflow/example_dags/example_branch_datetime_operator.py
[2025-02-15T17:28:05.847+0000] {logging_mixin.py:154} INFO - [2025-02-15T17:28:05.846+0000] {dag.py:2941} INFO - Sync 3 DAGs
[2025-02-15T17:28:05.941+0000] {logging_mixin.py:154} INFO - [2025-02-15T17:28:05.940+0000] {dag.py:3722} INFO - Setting next_dagrun for example_branch_datetime_operator to 2025-02-14T00:00:00+00:00, run_after=2025-02-15T00:00:00+00:00
[2025-02-15T17:28:05.965+0000] {logging_mixin.py:154} INFO - [2025-02-15T17:28:05.964+0000] {dag.py:3722} INFO - Setting next_dagrun for example_branch_datetime_operator_2 to 2025-02-14T00:00:00+00:00, run_after=2025-02-15T00:00:00+00:00
[2025-02-15T17:28:05.973+0000] {logging_mixin.py:154} INFO - [2025-02-15T17:28:05.972+0000] {dag.py:3722} INFO - Setting next_dagrun for example_branch_datetime_operator_3 to 2025-02-14T00:00:00+00:00, run_after=2025-02-15T00:00:00+00:00
[2025-02-15T17:28:06.035+0000] {processor.py:179} INFO - Processing /home/airflow/.local/lib/python3.8/site-packages/airflow/example_dags/example_branch_datetime_operator.py took 0.353 seconds
[2025-02-15T17:33:46.827+0000] {processor.py:157} INFO - Started process (PID=302) to work on /home/airflow/.local/lib/python3.8/site-packages/airflow/example_dags/example_branch_datetime_operator.py
[2025-02-15T17:33:46.830+0000] {processor.py:829} INFO - Processing file /home/airflow/.local/lib/python3.8/site-packages/airflow/example_dags/example_branch_datetime_operator.py for tasks to queue
[2025-02-15T17:33:46.832+0000] {logging_mixin.py:154} INFO - [2025-02-15T17:33:46.831+0000] {dagbag.py:536} INFO - Filling up the DagBag from /home/airflow/.local/lib/python3.8/site-packages/airflow/example_dags/example_branch_datetime_operator.py
[2025-02-15T17:33:46.867+0000] {processor.py:839} INFO - DAG(s) dict_keys(['example_branch_datetime_operator', 'example_branch_datetime_operator_3', 'example_branch_datetime_operator_2']) retrieved from /home/airflow/.local/lib/python3.8/site-packages/airflow/example_dags/example_branch_datetime_operator.py
[2025-02-15T17:33:46.981+0000] {logging_mixin.py:154} INFO - [2025-02-15T17:33:46.980+0000] {dag.py:2941} INFO - Sync 3 DAGs
[2025-02-15T17:33:47.068+0000] {logging_mixin.py:154} INFO - [2025-02-15T17:33:47.067+0000] {dag.py:3722} INFO - Setting next_dagrun for example_branch_datetime_operator to 2025-02-14T00:00:00+00:00, run_after=2025-02-15T00:00:00+00:00
[2025-02-15T17:33:47.088+0000] {logging_mixin.py:154} INFO - [2025-02-15T17:33:47.085+0000] {dag.py:3722} INFO - Setting next_dagrun for example_branch_datetime_operator_2 to 2025-02-14T00:00:00+00:00, run_after=2025-02-15T00:00:00+00:00
[2025-02-15T17:33:47.099+0000] {logging_mixin.py:154} INFO - [2025-02-15T17:33:47.098+0000] {dag.py:3722} INFO - Setting next_dagrun for example_branch_datetime_operator_3 to 2025-02-14T00:00:00+00:00, run_after=2025-02-15T00:00:00+00:00
[2025-02-15T17:33:47.152+0000] {processor.py:179} INFO - Processing /home/airflow/.local/lib/python3.8/site-packages/airflow/example_dags/example_branch_datetime_operator.py took 0.335 seconds
[2025-02-15T17:34:17.632+0000] {processor.py:157} INFO - Started process (PID=539) to work on /home/airflow/.local/lib/python3.8/site-packages/airflow/example_dags/example_branch_datetime_operator.py
[2025-02-15T17:34:17.635+0000] {processor.py:829} INFO - Processing file /home/airflow/.local/lib/python3.8/site-packages/airflow/example_dags/example_branch_datetime_operator.py for tasks to queue
[2025-02-15T17:34:17.638+0000] {logging_mixin.py:154} INFO - [2025-02-15T17:34:17.637+0000] {dagbag.py:536} INFO - Filling up the DagBag from /home/airflow/.local/lib/python3.8/site-packages/airflow/example_dags/example_branch_datetime_operator.py
[2025-02-15T17:34:17.675+0000] {processor.py:839} INFO - DAG(s) dict_keys(['example_branch_datetime_operator_3', 'example_branch_datetime_operator_2', 'example_branch_datetime_operator']) retrieved from /home/airflow/.local/lib/python3.8/site-packages/airflow/example_dags/example_branch_datetime_operator.py
[2025-02-15T17:34:17.853+0000] {logging_mixin.py:154} INFO - [2025-02-15T17:34:17.851+0000] {dag.py:2941} INFO - Sync 3 DAGs
[2025-02-15T17:34:17.936+0000] {logging_mixin.py:154} INFO - [2025-02-15T17:34:17.936+0000] {dag.py:3722} INFO - Setting next_dagrun for example_branch_datetime_operator to 2025-02-14T00:00:00+00:00, run_after=2025-02-15T00:00:00+00:00
[2025-02-15T17:34:17.950+0000] {logging_mixin.py:154} INFO - [2025-02-15T17:34:17.949+0000] {dag.py:3722} INFO - Setting next_dagrun for example_branch_datetime_operator_2 to 2025-02-14T00:00:00+00:00, run_after=2025-02-15T00:00:00+00:00
[2025-02-15T17:34:17.958+0000] {logging_mixin.py:154} INFO - [2025-02-15T17:34:17.957+0000] {dag.py:3722} INFO - Setting next_dagrun for example_branch_datetime_operator_3 to 2025-02-14T00:00:00+00:00, run_after=2025-02-15T00:00:00+00:00
[2025-02-15T17:34:18.016+0000] {processor.py:179} INFO - Processing /home/airflow/.local/lib/python3.8/site-packages/airflow/example_dags/example_branch_datetime_operator.py took 0.426 seconds
[2025-02-15T17:34:50.559+0000] {processor.py:157} INFO - Started process (PID=776) to work on /home/airflow/.local/lib/python3.8/site-packages/airflow/example_dags/example_branch_datetime_operator.py
[2025-02-15T17:34:50.562+0000] {processor.py:829} INFO - Processing file /home/airflow/.local/lib/python3.8/site-packages/airflow/example_dags/example_branch_datetime_operator.py for tasks to queue
[2025-02-15T17:34:50.565+0000] {logging_mixin.py:154} INFO - [2025-02-15T17:34:50.564+0000] {dagbag.py:536} INFO - Filling up the DagBag from /home/airflow/.local/lib/python3.8/site-packages/airflow/example_dags/example_branch_datetime_operator.py
[2025-02-15T17:34:50.601+0000] {processor.py:839} INFO - DAG(s) dict_keys(['example_branch_datetime_operator', 'example_branch_datetime_operator_2', 'example_branch_datetime_operator_3']) retrieved from /home/airflow/.local/lib/python3.8/site-packages/airflow/example_dags/example_branch_datetime_operator.py
[2025-02-15T17:34:50.767+0000] {logging_mixin.py:154} INFO - [2025-02-15T17:34:50.767+0000] {dag.py:2941} INFO - Sync 3 DAGs
[2025-02-15T17:34:50.854+0000] {logging_mixin.py:154} INFO - [2025-02-15T17:34:50.854+0000] {dag.py:3722} INFO - Setting next_dagrun for example_branch_datetime_operator to 2025-02-14T00:00:00+00:00, run_after=2025-02-15T00:00:00+00:00
[2025-02-15T17:34:50.871+0000] {logging_mixin.py:154} INFO - [2025-02-15T17:34:50.871+0000] {dag.py:3722} INFO - Setting next_dagrun for example_branch_datetime_operator_2 to 2025-02-14T00:00:00+00:00, run_after=2025-02-15T00:00:00+00:00
[2025-02-15T17:34:50.882+0000] {logging_mixin.py:154} INFO - [2025-02-15T17:34:50.882+0000] {dag.py:3722} INFO - Setting next_dagrun for example_branch_datetime_operator_3 to 2025-02-14T00:00:00+00:00, run_after=2025-02-15T00:00:00+00:00
[2025-02-15T17:34:50.942+0000] {processor.py:179} INFO - Processing /home/airflow/.local/lib/python3.8/site-packages/airflow/example_dags/example_branch_datetime_operator.py took 0.394 seconds
[2025-02-15T17:35:21.484+0000] {processor.py:157} INFO - Started process (PID=1010) to work on /home/airflow/.local/lib/python3.8/site-packages/airflow/example_dags/example_branch_datetime_operator.py
[2025-02-15T17:35:21.486+0000] {processor.py:829} INFO - Processing file /home/airflow/.local/lib/python3.8/site-packages/airflow/example_dags/example_branch_datetime_operator.py for tasks to queue
[2025-02-15T17:35:21.489+0000] {logging_mixin.py:154} INFO - [2025-02-15T17:35:21.488+0000] {dagbag.py:536} INFO - Filling up the DagBag from /home/airflow/.local/lib/python3.8/site-packages/airflow/example_dags/example_branch_datetime_operator.py
[2025-02-15T17:35:21.528+0000] {processor.py:839} INFO - DAG(s) dict_keys(['example_branch_datetime_operator', 'example_branch_datetime_operator_2', 'example_branch_datetime_operator_3']) retrieved from /home/airflow/.local/lib/python3.8/site-packages/airflow/example_dags/example_branch_datetime_operator.py
[2025-02-15T17:35:21.633+0000] {logging_mixin.py:154} INFO - [2025-02-15T17:35:21.633+0000] {dag.py:2941} INFO - Sync 3 DAGs
[2025-02-15T17:35:21.714+0000] {logging_mixin.py:154} INFO - [2025-02-15T17:35:21.713+0000] {dag.py:3722} INFO - Setting next_dagrun for example_branch_datetime_operator to 2025-02-14T00:00:00+00:00, run_after=2025-02-15T00:00:00+00:00
[2025-02-15T17:35:21.731+0000] {logging_mixin.py:154} INFO - [2025-02-15T17:35:21.730+0000] {dag.py:3722} INFO - Setting next_dagrun for example_branch_datetime_operator_2 to 2025-02-14T00:00:00+00:00, run_after=2025-02-15T00:00:00+00:00
[2025-02-15T17:35:21.739+0000] {logging_mixin.py:154} INFO - [2025-02-15T17:35:21.739+0000] {dag.py:3722} INFO - Setting next_dagrun for example_branch_datetime_operator_3 to 2025-02-14T00:00:00+00:00, run_after=2025-02-15T00:00:00+00:00
[2025-02-15T17:35:21.787+0000] {processor.py:179} INFO - Processing /home/airflow/.local/lib/python3.8/site-packages/airflow/example_dags/example_branch_datetime_operator.py took 0.313 seconds
[2025-02-15T17:35:52.369+0000] {processor.py:157} INFO - Started process (PID=1248) to work on /home/airflow/.local/lib/python3.8/site-packages/airflow/example_dags/example_branch_datetime_operator.py
[2025-02-15T17:35:52.371+0000] {processor.py:829} INFO - Processing file /home/airflow/.local/lib/python3.8/site-packages/airflow/example_dags/example_branch_datetime_operator.py for tasks to queue
[2025-02-15T17:35:52.373+0000] {logging_mixin.py:154} INFO - [2025-02-15T17:35:52.373+0000] {dagbag.py:536} INFO - Filling up the DagBag from /home/airflow/.local/lib/python3.8/site-packages/airflow/example_dags/example_branch_datetime_operator.py
[2025-02-15T17:35:52.403+0000] {processor.py:839} INFO - DAG(s) dict_keys(['example_branch_datetime_operator_2', 'example_branch_datetime_operator', 'example_branch_datetime_operator_3']) retrieved from /home/airflow/.local/lib/python3.8/site-packages/airflow/example_dags/example_branch_datetime_operator.py
[2025-02-15T17:35:52.515+0000] {logging_mixin.py:154} INFO - [2025-02-15T17:35:52.514+0000] {dag.py:2941} INFO - Sync 3 DAGs
[2025-02-15T17:35:52.591+0000] {logging_mixin.py:154} INFO - [2025-02-15T17:35:52.590+0000] {dag.py:3722} INFO - Setting next_dagrun for example_branch_datetime_operator to 2025-02-14T00:00:00+00:00, run_after=2025-02-15T00:00:00+00:00
[2025-02-15T17:35:52.605+0000] {logging_mixin.py:154} INFO - [2025-02-15T17:35:52.604+0000] {dag.py:3722} INFO - Setting next_dagrun for example_branch_datetime_operator_2 to 2025-02-14T00:00:00+00:00, run_after=2025-02-15T00:00:00+00:00
[2025-02-15T17:35:52.615+0000] {logging_mixin.py:154} INFO - [2025-02-15T17:35:52.615+0000] {dag.py:3722} INFO - Setting next_dagrun for example_branch_datetime_operator_3 to 2025-02-14T00:00:00+00:00, run_after=2025-02-15T00:00:00+00:00
[2025-02-15T17:35:52.668+0000] {processor.py:179} INFO - Processing /home/airflow/.local/lib/python3.8/site-packages/airflow/example_dags/example_branch_datetime_operator.py took 0.309 seconds
[2025-02-15T17:36:23.030+0000] {processor.py:157} INFO - Started process (PID=1497) to work on /home/airflow/.local/lib/python3.8/site-packages/airflow/example_dags/example_branch_datetime_operator.py
[2025-02-15T17:36:23.037+0000] {processor.py:829} INFO - Processing file /home/airflow/.local/lib/python3.8/site-packages/airflow/example_dags/example_branch_datetime_operator.py for tasks to queue
[2025-02-15T17:36:23.040+0000] {logging_mixin.py:154} INFO - [2025-02-15T17:36:23.039+0000] {dagbag.py:536} INFO - Filling up the DagBag from /home/airflow/.local/lib/python3.8/site-packages/airflow/example_dags/example_branch_datetime_operator.py
[2025-02-15T17:36:23.080+0000] {processor.py:839} INFO - DAG(s) dict_keys(['example_branch_datetime_operator_2', 'example_branch_datetime_operator_3', 'example_branch_datetime_operator']) retrieved from /home/airflow/.local/lib/python3.8/site-packages/airflow/example_dags/example_branch_datetime_operator.py
[2025-02-15T17:36:23.203+0000] {logging_mixin.py:154} INFO - [2025-02-15T17:36:23.200+0000] {dag.py:2941} INFO - Sync 3 DAGs
[2025-02-15T17:36:23.327+0000] {logging_mixin.py:154} INFO - [2025-02-15T17:36:23.323+0000] {dag.py:3722} INFO - Setting next_dagrun for example_branch_datetime_operator to 2025-02-14T00:00:00+00:00, run_after=2025-02-15T00:00:00+00:00
[2025-02-15T17:36:23.357+0000] {logging_mixin.py:154} INFO - [2025-02-15T17:36:23.356+0000] {dag.py:3722} INFO - Setting next_dagrun for example_branch_datetime_operator_2 to 2025-02-14T00:00:00+00:00, run_after=2025-02-15T00:00:00+00:00
[2025-02-15T17:36:23.375+0000] {logging_mixin.py:154} INFO - [2025-02-15T17:36:23.375+0000] {dag.py:3722} INFO - Setting next_dagrun for example_branch_datetime_operator_3 to 2025-02-14T00:00:00+00:00, run_after=2025-02-15T00:00:00+00:00
[2025-02-15T17:36:23.440+0000] {processor.py:179} INFO - Processing /home/airflow/.local/lib/python3.8/site-packages/airflow/example_dags/example_branch_datetime_operator.py took 0.427 seconds
[2025-02-15T17:36:53.764+0000] {processor.py:157} INFO - Started process (PID=1758) to work on /home/airflow/.local/lib/python3.8/site-packages/airflow/example_dags/example_branch_datetime_operator.py
[2025-02-15T17:36:53.770+0000] {processor.py:829} INFO - Processing file /home/airflow/.local/lib/python3.8/site-packages/airflow/example_dags/example_branch_datetime_operator.py for tasks to queue
[2025-02-15T17:36:53.772+0000] {logging_mixin.py:154} INFO - [2025-02-15T17:36:53.771+0000] {dagbag.py:536} INFO - Filling up the DagBag from /home/airflow/.local/lib/python3.8/site-packages/airflow/example_dags/example_branch_datetime_operator.py
[2025-02-15T17:36:53.825+0000] {processor.py:839} INFO - DAG(s) dict_keys(['example_branch_datetime_operator', 'example_branch_datetime_operator_2', 'example_branch_datetime_operator_3']) retrieved from /home/airflow/.local/lib/python3.8/site-packages/airflow/example_dags/example_branch_datetime_operator.py
[2025-02-15T17:36:53.939+0000] {logging_mixin.py:154} INFO - [2025-02-15T17:36:53.937+0000] {dag.py:2941} INFO - Sync 3 DAGs
[2025-02-15T17:36:54.026+0000] {logging_mixin.py:154} INFO - [2025-02-15T17:36:54.025+0000] {dag.py:3722} INFO - Setting next_dagrun for example_branch_datetime_operator to 2025-02-14T00:00:00+00:00, run_after=2025-02-15T00:00:00+00:00
[2025-02-15T17:36:54.051+0000] {logging_mixin.py:154} INFO - [2025-02-15T17:36:54.051+0000] {dag.py:3722} INFO - Setting next_dagrun for example_branch_datetime_operator_2 to 2025-02-14T00:00:00+00:00, run_after=2025-02-15T00:00:00+00:00
[2025-02-15T17:36:54.060+0000] {logging_mixin.py:154} INFO - [2025-02-15T17:36:54.060+0000] {dag.py:3722} INFO - Setting next_dagrun for example_branch_datetime_operator_3 to 2025-02-14T00:00:00+00:00, run_after=2025-02-15T00:00:00+00:00
[2025-02-15T17:36:54.109+0000] {processor.py:179} INFO - Processing /home/airflow/.local/lib/python3.8/site-packages/airflow/example_dags/example_branch_datetime_operator.py took 0.360 seconds
[2025-02-15T17:37:24.642+0000] {processor.py:157} INFO - Started process (PID=1991) to work on /home/airflow/.local/lib/python3.8/site-packages/airflow/example_dags/example_branch_datetime_operator.py
[2025-02-15T17:37:24.645+0000] {processor.py:829} INFO - Processing file /home/airflow/.local/lib/python3.8/site-packages/airflow/example_dags/example_branch_datetime_operator.py for tasks to queue
[2025-02-15T17:37:24.648+0000] {logging_mixin.py:154} INFO - [2025-02-15T17:37:24.647+0000] {dagbag.py:536} INFO - Filling up the DagBag from /home/airflow/.local/lib/python3.8/site-packages/airflow/example_dags/example_branch_datetime_operator.py
[2025-02-15T17:37:24.682+0000] {processor.py:839} INFO - DAG(s) dict_keys(['example_branch_datetime_operator', 'example_branch_datetime_operator_3', 'example_branch_datetime_operator_2']) retrieved from /home/airflow/.local/lib/python3.8/site-packages/airflow/example_dags/example_branch_datetime_operator.py
[2025-02-15T17:37:24.789+0000] {logging_mixin.py:154} INFO - [2025-02-15T17:37:24.788+0000] {dag.py:2941} INFO - Sync 3 DAGs
[2025-02-15T17:37:24.861+0000] {logging_mixin.py:154} INFO - [2025-02-15T17:37:24.860+0000] {dag.py:3722} INFO - Setting next_dagrun for example_branch_datetime_operator to 2025-02-14T00:00:00+00:00, run_after=2025-02-15T00:00:00+00:00
[2025-02-15T17:37:24.874+0000] {logging_mixin.py:154} INFO - [2025-02-15T17:37:24.874+0000] {dag.py:3722} INFO - Setting next_dagrun for example_branch_datetime_operator_2 to 2025-02-14T00:00:00+00:00, run_after=2025-02-15T00:00:00+00:00
[2025-02-15T17:37:24.884+0000] {logging_mixin.py:154} INFO - [2025-02-15T17:37:24.884+0000] {dag.py:3722} INFO - Setting next_dagrun for example_branch_datetime_operator_3 to 2025-02-14T00:00:00+00:00, run_after=2025-02-15T00:00:00+00:00
[2025-02-15T17:37:24.937+0000] {processor.py:179} INFO - Processing /home/airflow/.local/lib/python3.8/site-packages/airflow/example_dags/example_branch_datetime_operator.py took 0.307 seconds
[2025-02-15T17:37:55.173+0000] {processor.py:157} INFO - Started process (PID=2229) to work on /home/airflow/.local/lib/python3.8/site-packages/airflow/example_dags/example_branch_datetime_operator.py
[2025-02-15T17:37:55.176+0000] {processor.py:829} INFO - Processing file /home/airflow/.local/lib/python3.8/site-packages/airflow/example_dags/example_branch_datetime_operator.py for tasks to queue
[2025-02-15T17:37:55.179+0000] {logging_mixin.py:154} INFO - [2025-02-15T17:37:55.178+0000] {dagbag.py:536} INFO - Filling up the DagBag from /home/airflow/.local/lib/python3.8/site-packages/airflow/example_dags/example_branch_datetime_operator.py
[2025-02-15T17:37:55.230+0000] {processor.py:839} INFO - DAG(s) dict_keys(['example_branch_datetime_operator_2', 'example_branch_datetime_operator', 'example_branch_datetime_operator_3']) retrieved from /home/airflow/.local/lib/python3.8/site-packages/airflow/example_dags/example_branch_datetime_operator.py
[2025-02-15T17:37:55.335+0000] {logging_mixin.py:154} INFO - [2025-02-15T17:37:55.334+0000] {dag.py:2941} INFO - Sync 3 DAGs
[2025-02-15T17:37:55.400+0000] {logging_mixin.py:154} INFO - [2025-02-15T17:37:55.399+0000] {dag.py:3722} INFO - Setting next_dagrun for example_branch_datetime_operator to 2025-02-14T00:00:00+00:00, run_after=2025-02-15T00:00:00+00:00
[2025-02-15T17:37:55.417+0000] {logging_mixin.py:154} INFO - [2025-02-15T17:37:55.416+0000] {dag.py:3722} INFO - Setting next_dagrun for example_branch_datetime_operator_2 to 2025-02-14T00:00:00+00:00, run_after=2025-02-15T00:00:00+00:00
[2025-02-15T17:37:55.424+0000] {logging_mixin.py:154} INFO - [2025-02-15T17:37:55.424+0000] {dag.py:3722} INFO - Setting next_dagrun for example_branch_datetime_operator_3 to 2025-02-14T00:00:00+00:00, run_after=2025-02-15T00:00:00+00:00
[2025-02-15T17:37:55.465+0000] {processor.py:179} INFO - Processing /home/airflow/.local/lib/python3.8/site-packages/airflow/example_dags/example_branch_datetime_operator.py took 0.306 seconds
[2025-02-15T17:38:25.792+0000] {processor.py:157} INFO - Started process (PID=2467) to work on /home/airflow/.local/lib/python3.8/site-packages/airflow/example_dags/example_branch_datetime_operator.py
[2025-02-15T17:38:25.799+0000] {processor.py:829} INFO - Processing file /home/airflow/.local/lib/python3.8/site-packages/airflow/example_dags/example_branch_datetime_operator.py for tasks to queue
[2025-02-15T17:38:25.802+0000] {logging_mixin.py:154} INFO - [2025-02-15T17:38:25.801+0000] {dagbag.py:536} INFO - Filling up the DagBag from /home/airflow/.local/lib/python3.8/site-packages/airflow/example_dags/example_branch_datetime_operator.py
[2025-02-15T17:38:25.838+0000] {processor.py:839} INFO - DAG(s) dict_keys(['example_branch_datetime_operator', 'example_branch_datetime_operator_3', 'example_branch_datetime_operator_2']) retrieved from /home/airflow/.local/lib/python3.8/site-packages/airflow/example_dags/example_branch_datetime_operator.py
[2025-02-15T17:38:25.927+0000] {logging_mixin.py:154} INFO - [2025-02-15T17:38:25.926+0000] {dag.py:2941} INFO - Sync 3 DAGs
[2025-02-15T17:38:25.997+0000] {logging_mixin.py:154} INFO - [2025-02-15T17:38:25.996+0000] {dag.py:3722} INFO - Setting next_dagrun for example_branch_datetime_operator to 2025-02-14T00:00:00+00:00, run_after=2025-02-15T00:00:00+00:00
[2025-02-15T17:38:26.011+0000] {logging_mixin.py:154} INFO - [2025-02-15T17:38:26.010+0000] {dag.py:3722} INFO - Setting next_dagrun for example_branch_datetime_operator_2 to 2025-02-14T00:00:00+00:00, run_after=2025-02-15T00:00:00+00:00
[2025-02-15T17:38:26.018+0000] {logging_mixin.py:154} INFO - [2025-02-15T17:38:26.018+0000] {dag.py:3722} INFO - Setting next_dagrun for example_branch_datetime_operator_3 to 2025-02-14T00:00:00+00:00, run_after=2025-02-15T00:00:00+00:00
[2025-02-15T17:38:26.078+0000] {processor.py:179} INFO - Processing /home/airflow/.local/lib/python3.8/site-packages/airflow/example_dags/example_branch_datetime_operator.py took 0.298 seconds
[2025-02-15T17:38:56.643+0000] {processor.py:157} INFO - Started process (PID=2707) to work on /home/airflow/.local/lib/python3.8/site-packages/airflow/example_dags/example_branch_datetime_operator.py
[2025-02-15T17:38:56.645+0000] {processor.py:829} INFO - Processing file /home/airflow/.local/lib/python3.8/site-packages/airflow/example_dags/example_branch_datetime_operator.py for tasks to queue
[2025-02-15T17:38:56.648+0000] {logging_mixin.py:154} INFO - [2025-02-15T17:38:56.647+0000] {dagbag.py:536} INFO - Filling up the DagBag from /home/airflow/.local/lib/python3.8/site-packages/airflow/example_dags/example_branch_datetime_operator.py
[2025-02-15T17:38:56.679+0000] {processor.py:839} INFO - DAG(s) dict_keys(['example_branch_datetime_operator', 'example_branch_datetime_operator_3', 'example_branch_datetime_operator_2']) retrieved from /home/airflow/.local/lib/python3.8/site-packages/airflow/example_dags/example_branch_datetime_operator.py
[2025-02-15T17:38:56.783+0000] {logging_mixin.py:154} INFO - [2025-02-15T17:38:56.783+0000] {dag.py:2941} INFO - Sync 3 DAGs
[2025-02-15T17:38:56.872+0000] {logging_mixin.py:154} INFO - [2025-02-15T17:38:56.871+0000] {dag.py:3722} INFO - Setting next_dagrun for example_branch_datetime_operator to 2025-02-14T00:00:00+00:00, run_after=2025-02-15T00:00:00+00:00
[2025-02-15T17:38:56.892+0000] {logging_mixin.py:154} INFO - [2025-02-15T17:38:56.891+0000] {dag.py:3722} INFO - Setting next_dagrun for example_branch_datetime_operator_2 to 2025-02-14T00:00:00+00:00, run_after=2025-02-15T00:00:00+00:00
[2025-02-15T17:38:56.901+0000] {logging_mixin.py:154} INFO - [2025-02-15T17:38:56.901+0000] {dag.py:3722} INFO - Setting next_dagrun for example_branch_datetime_operator_3 to 2025-02-14T00:00:00+00:00, run_after=2025-02-15T00:00:00+00:00
[2025-02-15T17:38:56.949+0000] {processor.py:179} INFO - Processing /home/airflow/.local/lib/python3.8/site-packages/airflow/example_dags/example_branch_datetime_operator.py took 0.319 seconds
[2025-02-15T17:39:27.089+0000] {processor.py:157} INFO - Started process (PID=2943) to work on /home/airflow/.local/lib/python3.8/site-packages/airflow/example_dags/example_branch_datetime_operator.py
[2025-02-15T17:39:27.093+0000] {processor.py:829} INFO - Processing file /home/airflow/.local/lib/python3.8/site-packages/airflow/example_dags/example_branch_datetime_operator.py for tasks to queue
[2025-02-15T17:39:27.095+0000] {logging_mixin.py:154} INFO - [2025-02-15T17:39:27.094+0000] {dagbag.py:536} INFO - Filling up the DagBag from /home/airflow/.local/lib/python3.8/site-packages/airflow/example_dags/example_branch_datetime_operator.py
[2025-02-15T17:39:27.124+0000] {processor.py:839} INFO - DAG(s) dict_keys(['example_branch_datetime_operator', 'example_branch_datetime_operator_2', 'example_branch_datetime_operator_3']) retrieved from /home/airflow/.local/lib/python3.8/site-packages/airflow/example_dags/example_branch_datetime_operator.py
[2025-02-15T17:39:27.232+0000] {logging_mixin.py:154} INFO - [2025-02-15T17:39:27.232+0000] {dag.py:2941} INFO - Sync 3 DAGs
[2025-02-15T17:39:27.315+0000] {logging_mixin.py:154} INFO - [2025-02-15T17:39:27.315+0000] {dag.py:3722} INFO - Setting next_dagrun for example_branch_datetime_operator to 2025-02-14T00:00:00+00:00, run_after=2025-02-15T00:00:00+00:00
[2025-02-15T17:39:27.331+0000] {logging_mixin.py:154} INFO - [2025-02-15T17:39:27.330+0000] {dag.py:3722} INFO - Setting next_dagrun for example_branch_datetime_operator_2 to 2025-02-14T00:00:00+00:00, run_after=2025-02-15T00:00:00+00:00
[2025-02-15T17:39:27.341+0000] {logging_mixin.py:154} INFO - [2025-02-15T17:39:27.340+0000] {dag.py:3722} INFO - Setting next_dagrun for example_branch_datetime_operator_3 to 2025-02-14T00:00:00+00:00, run_after=2025-02-15T00:00:00+00:00
[2025-02-15T17:39:27.387+0000] {processor.py:179} INFO - Processing /home/airflow/.local/lib/python3.8/site-packages/airflow/example_dags/example_branch_datetime_operator.py took 0.309 seconds
[2025-02-15T17:39:57.706+0000] {processor.py:157} INFO - Started process (PID=3181) to work on /home/airflow/.local/lib/python3.8/site-packages/airflow/example_dags/example_branch_datetime_operator.py
[2025-02-15T17:39:57.709+0000] {processor.py:829} INFO - Processing file /home/airflow/.local/lib/python3.8/site-packages/airflow/example_dags/example_branch_datetime_operator.py for tasks to queue
[2025-02-15T17:39:57.712+0000] {logging_mixin.py:154} INFO - [2025-02-15T17:39:57.711+0000] {dagbag.py:536} INFO - Filling up the DagBag from /home/airflow/.local/lib/python3.8/site-packages/airflow/example_dags/example_branch_datetime_operator.py
[2025-02-15T17:39:57.742+0000] {processor.py:839} INFO - DAG(s) dict_keys(['example_branch_datetime_operator_2', 'example_branch_datetime_operator', 'example_branch_datetime_operator_3']) retrieved from /home/airflow/.local/lib/python3.8/site-packages/airflow/example_dags/example_branch_datetime_operator.py
[2025-02-15T17:39:57.829+0000] {logging_mixin.py:154} INFO - [2025-02-15T17:39:57.828+0000] {dag.py:2941} INFO - Sync 3 DAGs
[2025-02-15T17:39:57.898+0000] {logging_mixin.py:154} INFO - [2025-02-15T17:39:57.898+0000] {dag.py:3722} INFO - Setting next_dagrun for example_branch_datetime_operator to 2025-02-14T00:00:00+00:00, run_after=2025-02-15T00:00:00+00:00
[2025-02-15T17:39:57.913+0000] {logging_mixin.py:154} INFO - [2025-02-15T17:39:57.912+0000] {dag.py:3722} INFO - Setting next_dagrun for example_branch_datetime_operator_2 to 2025-02-14T00:00:00+00:00, run_after=2025-02-15T00:00:00+00:00
[2025-02-15T17:39:57.919+0000] {logging_mixin.py:154} INFO - [2025-02-15T17:39:57.919+0000] {dag.py:3722} INFO - Setting next_dagrun for example_branch_datetime_operator_3 to 2025-02-14T00:00:00+00:00, run_after=2025-02-15T00:00:00+00:00
[2025-02-15T17:39:57.965+0000] {processor.py:179} INFO - Processing /home/airflow/.local/lib/python3.8/site-packages/airflow/example_dags/example_branch_datetime_operator.py took 0.275 seconds
[2025-02-15T17:40:28.542+0000] {processor.py:157} INFO - Started process (PID=3419) to work on /home/airflow/.local/lib/python3.8/site-packages/airflow/example_dags/example_branch_datetime_operator.py
[2025-02-15T17:40:28.544+0000] {processor.py:829} INFO - Processing file /home/airflow/.local/lib/python3.8/site-packages/airflow/example_dags/example_branch_datetime_operator.py for tasks to queue
[2025-02-15T17:40:28.546+0000] {logging_mixin.py:154} INFO - [2025-02-15T17:40:28.546+0000] {dagbag.py:536} INFO - Filling up the DagBag from /home/airflow/.local/lib/python3.8/site-packages/airflow/example_dags/example_branch_datetime_operator.py
[2025-02-15T17:40:28.572+0000] {processor.py:839} INFO - DAG(s) dict_keys(['example_branch_datetime_operator_2', 'example_branch_datetime_operator_3', 'example_branch_datetime_operator']) retrieved from /home/airflow/.local/lib/python3.8/site-packages/airflow/example_dags/example_branch_datetime_operator.py
[2025-02-15T17:40:28.673+0000] {logging_mixin.py:154} INFO - [2025-02-15T17:40:28.672+0000] {dag.py:2941} INFO - Sync 3 DAGs
[2025-02-15T17:40:28.770+0000] {logging_mixin.py:154} INFO - [2025-02-15T17:40:28.770+0000] {dag.py:3722} INFO - Setting next_dagrun for example_branch_datetime_operator to 2025-02-14T00:00:00+00:00, run_after=2025-02-15T00:00:00+00:00
[2025-02-15T17:40:28.788+0000] {logging_mixin.py:154} INFO - [2025-02-15T17:40:28.787+0000] {dag.py:3722} INFO - Setting next_dagrun for example_branch_datetime_operator_2 to 2025-02-14T00:00:00+00:00, run_after=2025-02-15T00:00:00+00:00
[2025-02-15T17:40:28.799+0000] {logging_mixin.py:154} INFO - [2025-02-15T17:40:28.798+0000] {dag.py:3722} INFO - Setting next_dagrun for example_branch_datetime_operator_3 to 2025-02-14T00:00:00+00:00, run_after=2025-02-15T00:00:00+00:00
[2025-02-15T17:40:28.847+0000] {processor.py:179} INFO - Processing /home/airflow/.local/lib/python3.8/site-packages/airflow/example_dags/example_branch_datetime_operator.py took 0.315 seconds
[2025-02-15T17:40:59.310+0000] {processor.py:157} INFO - Started process (PID=3657) to work on /home/airflow/.local/lib/python3.8/site-packages/airflow/example_dags/example_branch_datetime_operator.py
[2025-02-15T17:40:59.313+0000] {processor.py:829} INFO - Processing file /home/airflow/.local/lib/python3.8/site-packages/airflow/example_dags/example_branch_datetime_operator.py for tasks to queue
[2025-02-15T17:40:59.316+0000] {logging_mixin.py:154} INFO - [2025-02-15T17:40:59.315+0000] {dagbag.py:536} INFO - Filling up the DagBag from /home/airflow/.local/lib/python3.8/site-packages/airflow/example_dags/example_branch_datetime_operator.py
[2025-02-15T17:40:59.352+0000] {processor.py:839} INFO - DAG(s) dict_keys(['example_branch_datetime_operator', 'example_branch_datetime_operator_3', 'example_branch_datetime_operator_2']) retrieved from /home/airflow/.local/lib/python3.8/site-packages/airflow/example_dags/example_branch_datetime_operator.py
[2025-02-15T17:40:59.456+0000] {logging_mixin.py:154} INFO - [2025-02-15T17:40:59.456+0000] {dag.py:2941} INFO - Sync 3 DAGs
[2025-02-15T17:40:59.534+0000] {logging_mixin.py:154} INFO - [2025-02-15T17:40:59.533+0000] {dag.py:3722} INFO - Setting next_dagrun for example_branch_datetime_operator to 2025-02-14T00:00:00+00:00, run_after=2025-02-15T00:00:00+00:00
[2025-02-15T17:40:59.548+0000] {logging_mixin.py:154} INFO - [2025-02-15T17:40:59.547+0000] {dag.py:3722} INFO - Setting next_dagrun for example_branch_datetime_operator_2 to 2025-02-14T00:00:00+00:00, run_after=2025-02-15T00:00:00+00:00
[2025-02-15T17:40:59.556+0000] {logging_mixin.py:154} INFO - [2025-02-15T17:40:59.556+0000] {dag.py:3722} INFO - Setting next_dagrun for example_branch_datetime_operator_3 to 2025-02-14T00:00:00+00:00, run_after=2025-02-15T00:00:00+00:00
[2025-02-15T17:40:59.600+0000] {processor.py:179} INFO - Processing /home/airflow/.local/lib/python3.8/site-packages/airflow/example_dags/example_branch_datetime_operator.py took 0.300 seconds
[2025-02-15T17:41:29.916+0000] {processor.py:157} INFO - Started process (PID=3897) to work on /home/airflow/.local/lib/python3.8/site-packages/airflow/example_dags/example_branch_datetime_operator.py
[2025-02-15T17:41:29.920+0000] {processor.py:829} INFO - Processing file /home/airflow/.local/lib/python3.8/site-packages/airflow/example_dags/example_branch_datetime_operator.py for tasks to queue
[2025-02-15T17:41:29.924+0000] {logging_mixin.py:154} INFO - [2025-02-15T17:41:29.923+0000] {dagbag.py:536} INFO - Filling up the DagBag from /home/airflow/.local/lib/python3.8/site-packages/airflow/example_dags/example_branch_datetime_operator.py
[2025-02-15T17:41:29.955+0000] {processor.py:839} INFO - DAG(s) dict_keys(['example_branch_datetime_operator_2', 'example_branch_datetime_operator', 'example_branch_datetime_operator_3']) retrieved from /home/airflow/.local/lib/python3.8/site-packages/airflow/example_dags/example_branch_datetime_operator.py
[2025-02-15T17:41:30.061+0000] {logging_mixin.py:154} INFO - [2025-02-15T17:41:30.060+0000] {dag.py:2941} INFO - Sync 3 DAGs
[2025-02-15T17:41:30.157+0000] {logging_mixin.py:154} INFO - [2025-02-15T17:41:30.156+0000] {dag.py:3722} INFO - Setting next_dagrun for example_branch_datetime_operator to 2025-02-14T00:00:00+00:00, run_after=2025-02-15T00:00:00+00:00
[2025-02-15T17:41:30.194+0000] {logging_mixin.py:154} INFO - [2025-02-15T17:41:30.193+0000] {dag.py:3722} INFO - Setting next_dagrun for example_branch_datetime_operator_2 to 2025-02-14T00:00:00+00:00, run_after=2025-02-15T00:00:00+00:00
[2025-02-15T17:41:30.208+0000] {logging_mixin.py:154} INFO - [2025-02-15T17:41:30.207+0000] {dag.py:3722} INFO - Setting next_dagrun for example_branch_datetime_operator_3 to 2025-02-14T00:00:00+00:00, run_after=2025-02-15T00:00:00+00:00
[2025-02-15T17:41:30.263+0000] {processor.py:179} INFO - Processing /home/airflow/.local/lib/python3.8/site-packages/airflow/example_dags/example_branch_datetime_operator.py took 0.361 seconds
[2025-02-15T17:42:00.605+0000] {processor.py:157} INFO - Started process (PID=4134) to work on /home/airflow/.local/lib/python3.8/site-packages/airflow/example_dags/example_branch_datetime_operator.py
[2025-02-15T17:42:00.608+0000] {processor.py:829} INFO - Processing file /home/airflow/.local/lib/python3.8/site-packages/airflow/example_dags/example_branch_datetime_operator.py for tasks to queue
[2025-02-15T17:42:00.610+0000] {logging_mixin.py:154} INFO - [2025-02-15T17:42:00.610+0000] {dagbag.py:536} INFO - Filling up the DagBag from /home/airflow/.local/lib/python3.8/site-packages/airflow/example_dags/example_branch_datetime_operator.py
[2025-02-15T17:42:00.643+0000] {processor.py:839} INFO - DAG(s) dict_keys(['example_branch_datetime_operator_3', 'example_branch_datetime_operator', 'example_branch_datetime_operator_2']) retrieved from /home/airflow/.local/lib/python3.8/site-packages/airflow/example_dags/example_branch_datetime_operator.py
[2025-02-15T17:42:00.759+0000] {logging_mixin.py:154} INFO - [2025-02-15T17:42:00.758+0000] {dag.py:2941} INFO - Sync 3 DAGs
[2025-02-15T17:42:00.837+0000] {logging_mixin.py:154} INFO - [2025-02-15T17:42:00.836+0000] {dag.py:3722} INFO - Setting next_dagrun for example_branch_datetime_operator to 2025-02-14T00:00:00+00:00, run_after=2025-02-15T00:00:00+00:00
[2025-02-15T17:42:00.854+0000] {logging_mixin.py:154} INFO - [2025-02-15T17:42:00.854+0000] {dag.py:3722} INFO - Setting next_dagrun for example_branch_datetime_operator_2 to 2025-02-14T00:00:00+00:00, run_after=2025-02-15T00:00:00+00:00
[2025-02-15T17:42:00.866+0000] {logging_mixin.py:154} INFO - [2025-02-15T17:42:00.865+0000] {dag.py:3722} INFO - Setting next_dagrun for example_branch_datetime_operator_3 to 2025-02-14T00:00:00+00:00, run_after=2025-02-15T00:00:00+00:00
[2025-02-15T17:42:00.920+0000] {processor.py:179} INFO - Processing /home/airflow/.local/lib/python3.8/site-packages/airflow/example_dags/example_branch_datetime_operator.py took 0.329 seconds
[2025-02-15T17:42:31.077+0000] {processor.py:157} INFO - Started process (PID=4394) to work on /home/airflow/.local/lib/python3.8/site-packages/airflow/example_dags/example_branch_datetime_operator.py
[2025-02-15T17:42:31.081+0000] {processor.py:829} INFO - Processing file /home/airflow/.local/lib/python3.8/site-packages/airflow/example_dags/example_branch_datetime_operator.py for tasks to queue
[2025-02-15T17:42:31.083+0000] {logging_mixin.py:154} INFO - [2025-02-15T17:42:31.082+0000] {dagbag.py:536} INFO - Filling up the DagBag from /home/airflow/.local/lib/python3.8/site-packages/airflow/example_dags/example_branch_datetime_operator.py
[2025-02-15T17:42:31.108+0000] {processor.py:839} INFO - DAG(s) dict_keys(['example_branch_datetime_operator_3', 'example_branch_datetime_operator', 'example_branch_datetime_operator_2']) retrieved from /home/airflow/.local/lib/python3.8/site-packages/airflow/example_dags/example_branch_datetime_operator.py
[2025-02-15T17:42:31.207+0000] {logging_mixin.py:154} INFO - [2025-02-15T17:42:31.207+0000] {dag.py:2941} INFO - Sync 3 DAGs
[2025-02-15T17:42:31.278+0000] {logging_mixin.py:154} INFO - [2025-02-15T17:42:31.278+0000] {dag.py:3722} INFO - Setting next_dagrun for example_branch_datetime_operator to 2025-02-14T00:00:00+00:00, run_after=2025-02-15T00:00:00+00:00
[2025-02-15T17:42:31.296+0000] {logging_mixin.py:154} INFO - [2025-02-15T17:42:31.295+0000] {dag.py:3722} INFO - Setting next_dagrun for example_branch_datetime_operator_2 to 2025-02-14T00:00:00+00:00, run_after=2025-02-15T00:00:00+00:00
[2025-02-15T17:42:31.306+0000] {logging_mixin.py:154} INFO - [2025-02-15T17:42:31.305+0000] {dag.py:3722} INFO - Setting next_dagrun for example_branch_datetime_operator_3 to 2025-02-14T00:00:00+00:00, run_after=2025-02-15T00:00:00+00:00
[2025-02-15T17:42:31.357+0000] {processor.py:179} INFO - Processing /home/airflow/.local/lib/python3.8/site-packages/airflow/example_dags/example_branch_datetime_operator.py took 0.291 seconds
[2025-02-15T17:43:01.522+0000] {processor.py:157} INFO - Started process (PID=4634) to work on /home/airflow/.local/lib/python3.8/site-packages/airflow/example_dags/example_branch_datetime_operator.py
[2025-02-15T17:43:01.524+0000] {processor.py:829} INFO - Processing file /home/airflow/.local/lib/python3.8/site-packages/airflow/example_dags/example_branch_datetime_operator.py for tasks to queue
[2025-02-15T17:43:01.525+0000] {logging_mixin.py:154} INFO - [2025-02-15T17:43:01.525+0000] {dagbag.py:536} INFO - Filling up the DagBag from /home/airflow/.local/lib/python3.8/site-packages/airflow/example_dags/example_branch_datetime_operator.py
[2025-02-15T17:43:01.544+0000] {processor.py:839} INFO - DAG(s) dict_keys(['example_branch_datetime_operator_3', 'example_branch_datetime_operator_2', 'example_branch_datetime_operator']) retrieved from /home/airflow/.local/lib/python3.8/site-packages/airflow/example_dags/example_branch_datetime_operator.py
[2025-02-15T17:43:01.599+0000] {logging_mixin.py:154} INFO - [2025-02-15T17:43:01.599+0000] {dag.py:2941} INFO - Sync 3 DAGs
[2025-02-15T17:43:01.665+0000] {logging_mixin.py:154} INFO - [2025-02-15T17:43:01.664+0000] {dag.py:3722} INFO - Setting next_dagrun for example_branch_datetime_operator to 2025-02-14T00:00:00+00:00, run_after=2025-02-15T00:00:00+00:00
[2025-02-15T17:43:01.680+0000] {logging_mixin.py:154} INFO - [2025-02-15T17:43:01.679+0000] {dag.py:3722} INFO - Setting next_dagrun for example_branch_datetime_operator_2 to 2025-02-14T00:00:00+00:00, run_after=2025-02-15T00:00:00+00:00
[2025-02-15T17:43:01.687+0000] {logging_mixin.py:154} INFO - [2025-02-15T17:43:01.686+0000] {dag.py:3722} INFO - Setting next_dagrun for example_branch_datetime_operator_3 to 2025-02-14T00:00:00+00:00, run_after=2025-02-15T00:00:00+00:00
[2025-02-15T17:43:01.721+0000] {processor.py:179} INFO - Processing /home/airflow/.local/lib/python3.8/site-packages/airflow/example_dags/example_branch_datetime_operator.py took 0.208 seconds
[2025-02-15T17:43:31.862+0000] {processor.py:157} INFO - Started process (PID=4864) to work on /home/airflow/.local/lib/python3.8/site-packages/airflow/example_dags/example_branch_datetime_operator.py
[2025-02-15T17:43:31.864+0000] {processor.py:829} INFO - Processing file /home/airflow/.local/lib/python3.8/site-packages/airflow/example_dags/example_branch_datetime_operator.py for tasks to queue
[2025-02-15T17:43:31.867+0000] {logging_mixin.py:154} INFO - [2025-02-15T17:43:31.866+0000] {dagbag.py:536} INFO - Filling up the DagBag from /home/airflow/.local/lib/python3.8/site-packages/airflow/example_dags/example_branch_datetime_operator.py
[2025-02-15T17:43:31.897+0000] {processor.py:839} INFO - DAG(s) dict_keys(['example_branch_datetime_operator_2', 'example_branch_datetime_operator_3', 'example_branch_datetime_operator']) retrieved from /home/airflow/.local/lib/python3.8/site-packages/airflow/example_dags/example_branch_datetime_operator.py
[2025-02-15T17:43:31.981+0000] {logging_mixin.py:154} INFO - [2025-02-15T17:43:31.980+0000] {dag.py:2941} INFO - Sync 3 DAGs
[2025-02-15T17:43:32.050+0000] {logging_mixin.py:154} INFO - [2025-02-15T17:43:32.050+0000] {dag.py:3722} INFO - Setting next_dagrun for example_branch_datetime_operator to 2025-02-14T00:00:00+00:00, run_after=2025-02-15T00:00:00+00:00
[2025-02-15T17:43:32.064+0000] {logging_mixin.py:154} INFO - [2025-02-15T17:43:32.063+0000] {dag.py:3722} INFO - Setting next_dagrun for example_branch_datetime_operator_2 to 2025-02-14T00:00:00+00:00, run_after=2025-02-15T00:00:00+00:00
[2025-02-15T17:43:32.076+0000] {logging_mixin.py:154} INFO - [2025-02-15T17:43:32.075+0000] {dag.py:3722} INFO - Setting next_dagrun for example_branch_datetime_operator_3 to 2025-02-14T00:00:00+00:00, run_after=2025-02-15T00:00:00+00:00
[2025-02-15T17:43:32.123+0000] {processor.py:179} INFO - Processing /home/airflow/.local/lib/python3.8/site-packages/airflow/example_dags/example_branch_datetime_operator.py took 0.274 seconds
[2025-02-15T17:44:02.317+0000] {processor.py:157} INFO - Started process (PID=5102) to work on /home/airflow/.local/lib/python3.8/site-packages/airflow/example_dags/example_branch_datetime_operator.py
[2025-02-15T17:44:02.319+0000] {processor.py:829} INFO - Processing file /home/airflow/.local/lib/python3.8/site-packages/airflow/example_dags/example_branch_datetime_operator.py for tasks to queue
[2025-02-15T17:44:02.321+0000] {logging_mixin.py:154} INFO - [2025-02-15T17:44:02.321+0000] {dagbag.py:536} INFO - Filling up the DagBag from /home/airflow/.local/lib/python3.8/site-packages/airflow/example_dags/example_branch_datetime_operator.py
[2025-02-15T17:44:02.362+0000] {processor.py:839} INFO - DAG(s) dict_keys(['example_branch_datetime_operator_3', 'example_branch_datetime_operator', 'example_branch_datetime_operator_2']) retrieved from /home/airflow/.local/lib/python3.8/site-packages/airflow/example_dags/example_branch_datetime_operator.py
[2025-02-15T17:44:02.516+0000] {logging_mixin.py:154} INFO - [2025-02-15T17:44:02.516+0000] {dag.py:2941} INFO - Sync 3 DAGs
[2025-02-15T17:44:02.610+0000] {logging_mixin.py:154} INFO - [2025-02-15T17:44:02.609+0000] {dag.py:3722} INFO - Setting next_dagrun for example_branch_datetime_operator to 2025-02-14T00:00:00+00:00, run_after=2025-02-15T00:00:00+00:00
[2025-02-15T17:44:02.625+0000] {logging_mixin.py:154} INFO - [2025-02-15T17:44:02.624+0000] {dag.py:3722} INFO - Setting next_dagrun for example_branch_datetime_operator_2 to 2025-02-14T00:00:00+00:00, run_after=2025-02-15T00:00:00+00:00
[2025-02-15T17:44:02.634+0000] {logging_mixin.py:154} INFO - [2025-02-15T17:44:02.634+0000] {dag.py:3722} INFO - Setting next_dagrun for example_branch_datetime_operator_3 to 2025-02-14T00:00:00+00:00, run_after=2025-02-15T00:00:00+00:00
[2025-02-15T17:44:02.676+0000] {processor.py:179} INFO - Processing /home/airflow/.local/lib/python3.8/site-packages/airflow/example_dags/example_branch_datetime_operator.py took 0.368 seconds
[2025-02-15T17:44:33.450+0000] {processor.py:157} INFO - Started process (PID=5340) to work on /home/airflow/.local/lib/python3.8/site-packages/airflow/example_dags/example_branch_datetime_operator.py
[2025-02-15T17:44:33.455+0000] {processor.py:829} INFO - Processing file /home/airflow/.local/lib/python3.8/site-packages/airflow/example_dags/example_branch_datetime_operator.py for tasks to queue
[2025-02-15T17:44:33.457+0000] {logging_mixin.py:154} INFO - [2025-02-15T17:44:33.457+0000] {dagbag.py:536} INFO - Filling up the DagBag from /home/airflow/.local/lib/python3.8/site-packages/airflow/example_dags/example_branch_datetime_operator.py
[2025-02-15T17:44:33.499+0000] {processor.py:839} INFO - DAG(s) dict_keys(['example_branch_datetime_operator_2', 'example_branch_datetime_operator_3', 'example_branch_datetime_operator']) retrieved from /home/airflow/.local/lib/python3.8/site-packages/airflow/example_dags/example_branch_datetime_operator.py
[2025-02-15T17:44:33.592+0000] {logging_mixin.py:154} INFO - [2025-02-15T17:44:33.591+0000] {dag.py:2941} INFO - Sync 3 DAGs
[2025-02-15T17:44:33.671+0000] {logging_mixin.py:154} INFO - [2025-02-15T17:44:33.670+0000] {dag.py:3722} INFO - Setting next_dagrun for example_branch_datetime_operator to 2025-02-14T00:00:00+00:00, run_after=2025-02-15T00:00:00+00:00
[2025-02-15T17:44:33.690+0000] {logging_mixin.py:154} INFO - [2025-02-15T17:44:33.689+0000] {dag.py:3722} INFO - Setting next_dagrun for example_branch_datetime_operator_2 to 2025-02-14T00:00:00+00:00, run_after=2025-02-15T00:00:00+00:00
[2025-02-15T17:44:33.698+0000] {logging_mixin.py:154} INFO - [2025-02-15T17:44:33.697+0000] {dag.py:3722} INFO - Setting next_dagrun for example_branch_datetime_operator_3 to 2025-02-14T00:00:00+00:00, run_after=2025-02-15T00:00:00+00:00
[2025-02-15T17:44:33.752+0000] {processor.py:179} INFO - Processing /home/airflow/.local/lib/python3.8/site-packages/airflow/example_dags/example_branch_datetime_operator.py took 0.312 seconds
[2025-02-15T17:45:04.855+0000] {processor.py:157} INFO - Started process (PID=5577) to work on /home/airflow/.local/lib/python3.8/site-packages/airflow/example_dags/example_branch_datetime_operator.py
[2025-02-15T17:45:04.862+0000] {processor.py:829} INFO - Processing file /home/airflow/.local/lib/python3.8/site-packages/airflow/example_dags/example_branch_datetime_operator.py for tasks to queue
[2025-02-15T17:45:04.867+0000] {logging_mixin.py:154} INFO - [2025-02-15T17:45:04.866+0000] {dagbag.py:536} INFO - Filling up the DagBag from /home/airflow/.local/lib/python3.8/site-packages/airflow/example_dags/example_branch_datetime_operator.py
[2025-02-15T17:45:04.940+0000] {processor.py:839} INFO - DAG(s) dict_keys(['example_branch_datetime_operator', 'example_branch_datetime_operator_3', 'example_branch_datetime_operator_2']) retrieved from /home/airflow/.local/lib/python3.8/site-packages/airflow/example_dags/example_branch_datetime_operator.py
[2025-02-15T17:45:05.145+0000] {logging_mixin.py:154} INFO - [2025-02-15T17:45:05.145+0000] {dag.py:2941} INFO - Sync 3 DAGs
[2025-02-15T17:45:05.308+0000] {logging_mixin.py:154} INFO - [2025-02-15T17:45:05.307+0000] {dag.py:3722} INFO - Setting next_dagrun for example_branch_datetime_operator to 2025-02-14T00:00:00+00:00, run_after=2025-02-15T00:00:00+00:00
[2025-02-15T17:45:05.338+0000] {logging_mixin.py:154} INFO - [2025-02-15T17:45:05.338+0000] {dag.py:3722} INFO - Setting next_dagrun for example_branch_datetime_operator_2 to 2025-02-14T00:00:00+00:00, run_after=2025-02-15T00:00:00+00:00
[2025-02-15T17:45:05.378+0000] {logging_mixin.py:154} INFO - [2025-02-15T17:45:05.374+0000] {dag.py:3722} INFO - Setting next_dagrun for example_branch_datetime_operator_3 to 2025-02-14T00:00:00+00:00, run_after=2025-02-15T00:00:00+00:00
[2025-02-15T17:45:05.452+0000] {processor.py:179} INFO - Processing /home/airflow/.local/lib/python3.8/site-packages/airflow/example_dags/example_branch_datetime_operator.py took 0.619 seconds
[2025-02-15T17:45:35.756+0000] {processor.py:157} INFO - Started process (PID=5815) to work on /home/airflow/.local/lib/python3.8/site-packages/airflow/example_dags/example_branch_datetime_operator.py
[2025-02-15T17:45:35.759+0000] {processor.py:829} INFO - Processing file /home/airflow/.local/lib/python3.8/site-packages/airflow/example_dags/example_branch_datetime_operator.py for tasks to queue
[2025-02-15T17:45:35.761+0000] {logging_mixin.py:154} INFO - [2025-02-15T17:45:35.761+0000] {dagbag.py:536} INFO - Filling up the DagBag from /home/airflow/.local/lib/python3.8/site-packages/airflow/example_dags/example_branch_datetime_operator.py
[2025-02-15T17:45:35.798+0000] {processor.py:839} INFO - DAG(s) dict_keys(['example_branch_datetime_operator', 'example_branch_datetime_operator_2', 'example_branch_datetime_operator_3']) retrieved from /home/airflow/.local/lib/python3.8/site-packages/airflow/example_dags/example_branch_datetime_operator.py
[2025-02-15T17:45:35.939+0000] {logging_mixin.py:154} INFO - [2025-02-15T17:45:35.939+0000] {dag.py:2941} INFO - Sync 3 DAGs
[2025-02-15T17:45:36.087+0000] {logging_mixin.py:154} INFO - [2025-02-15T17:45:36.086+0000] {dag.py:3722} INFO - Setting next_dagrun for example_branch_datetime_operator to 2025-02-14T00:00:00+00:00, run_after=2025-02-15T00:00:00+00:00
[2025-02-15T17:45:36.103+0000] {logging_mixin.py:154} INFO - [2025-02-15T17:45:36.102+0000] {dag.py:3722} INFO - Setting next_dagrun for example_branch_datetime_operator_2 to 2025-02-14T00:00:00+00:00, run_after=2025-02-15T00:00:00+00:00
[2025-02-15T17:45:36.112+0000] {logging_mixin.py:154} INFO - [2025-02-15T17:45:36.112+0000] {dag.py:3722} INFO - Setting next_dagrun for example_branch_datetime_operator_3 to 2025-02-14T00:00:00+00:00, run_after=2025-02-15T00:00:00+00:00
[2025-02-15T17:45:36.170+0000] {processor.py:179} INFO - Processing /home/airflow/.local/lib/python3.8/site-packages/airflow/example_dags/example_branch_datetime_operator.py took 0.434 seconds
[2025-02-15T17:46:06.847+0000] {processor.py:157} INFO - Started process (PID=6053) to work on /home/airflow/.local/lib/python3.8/site-packages/airflow/example_dags/example_branch_datetime_operator.py
[2025-02-15T17:46:06.856+0000] {processor.py:829} INFO - Processing file /home/airflow/.local/lib/python3.8/site-packages/airflow/example_dags/example_branch_datetime_operator.py for tasks to queue
[2025-02-15T17:46:06.862+0000] {logging_mixin.py:154} INFO - [2025-02-15T17:46:06.861+0000] {dagbag.py:536} INFO - Filling up the DagBag from /home/airflow/.local/lib/python3.8/site-packages/airflow/example_dags/example_branch_datetime_operator.py
[2025-02-15T17:46:06.910+0000] {processor.py:839} INFO - DAG(s) dict_keys(['example_branch_datetime_operator', 'example_branch_datetime_operator_2', 'example_branch_datetime_operator_3']) retrieved from /home/airflow/.local/lib/python3.8/site-packages/airflow/example_dags/example_branch_datetime_operator.py
[2025-02-15T17:46:07.099+0000] {logging_mixin.py:154} INFO - [2025-02-15T17:46:07.098+0000] {dag.py:2941} INFO - Sync 3 DAGs
[2025-02-15T17:46:07.190+0000] {logging_mixin.py:154} INFO - [2025-02-15T17:46:07.189+0000] {dag.py:3722} INFO - Setting next_dagrun for example_branch_datetime_operator to 2025-02-14T00:00:00+00:00, run_after=2025-02-15T00:00:00+00:00
[2025-02-15T17:46:07.211+0000] {logging_mixin.py:154} INFO - [2025-02-15T17:46:07.211+0000] {dag.py:3722} INFO - Setting next_dagrun for example_branch_datetime_operator_2 to 2025-02-14T00:00:00+00:00, run_after=2025-02-15T00:00:00+00:00
[2025-02-15T17:46:07.219+0000] {logging_mixin.py:154} INFO - [2025-02-15T17:46:07.219+0000] {dag.py:3722} INFO - Setting next_dagrun for example_branch_datetime_operator_3 to 2025-02-14T00:00:00+00:00, run_after=2025-02-15T00:00:00+00:00
[2025-02-15T17:46:07.297+0000] {processor.py:179} INFO - Processing /home/airflow/.local/lib/python3.8/site-packages/airflow/example_dags/example_branch_datetime_operator.py took 0.482 seconds
