[2025-02-15T17:17:03.670+0000] {processor.py:157} INFO - Started process (PID=394) to work on /home/airflow/.local/lib/python3.8/site-packages/airflow/example_dags/example_latest_only.py
[2025-02-15T17:17:03.673+0000] {processor.py:829} INFO - Processing file /home/airflow/.local/lib/python3.8/site-packages/airflow/example_dags/example_latest_only.py for tasks to queue
[2025-02-15T17:17:03.675+0000] {logging_mixin.py:154} INFO - [2025-02-15T17:17:03.674+0000] {dagbag.py:536} INFO - Filling up the DagBag from /home/airflow/.local/lib/python3.8/site-packages/airflow/example_dags/example_latest_only.py
[2025-02-15T17:17:03.694+0000] {processor.py:839} INFO - DAG(s) dict_keys(['latest_only']) retrieved from /home/airflow/.local/lib/python3.8/site-packages/airflow/example_dags/example_latest_only.py
[2025-02-15T17:17:03.762+0000] {logging_mixin.py:154} INFO - [2025-02-15T17:17:03.761+0000] {dag.py:2941} INFO - Sync 1 DAGs
[2025-02-15T17:17:03.841+0000] {logging_mixin.py:154} INFO - [2025-02-15T17:17:03.840+0000] {dag.py:3722} INFO - Setting next_dagrun for latest_only to 2025-02-15T13:17:03.840102+00:00, run_after=2025-02-15T17:17:03.840102+00:00
[2025-02-15T17:17:03.897+0000] {processor.py:179} INFO - Processing /home/airflow/.local/lib/python3.8/site-packages/airflow/example_dags/example_latest_only.py took 0.238 seconds
[2025-02-15T17:17:47.771+0000] {processor.py:157} INFO - Started process (PID=639) to work on /home/airflow/.local/lib/python3.8/site-packages/airflow/example_dags/example_latest_only.py
[2025-02-15T17:17:47.778+0000] {processor.py:829} INFO - Processing file /home/airflow/.local/lib/python3.8/site-packages/airflow/example_dags/example_latest_only.py for tasks to queue
[2025-02-15T17:17:47.784+0000] {logging_mixin.py:154} INFO - [2025-02-15T17:17:47.783+0000] {dagbag.py:536} INFO - Filling up the DagBag from /home/airflow/.local/lib/python3.8/site-packages/airflow/example_dags/example_latest_only.py
[2025-02-15T17:17:47.852+0000] {processor.py:839} INFO - DAG(s) dict_keys(['latest_only']) retrieved from /home/airflow/.local/lib/python3.8/site-packages/airflow/example_dags/example_latest_only.py
[2025-02-15T17:17:48.224+0000] {logging_mixin.py:154} INFO - [2025-02-15T17:17:48.223+0000] {dag.py:2941} INFO - Sync 1 DAGs
[2025-02-15T17:17:48.600+0000] {logging_mixin.py:154} INFO - [2025-02-15T17:17:48.599+0000] {dag.py:3722} INFO - Setting next_dagrun for latest_only to 2025-02-15T13:17:48.593515+00:00, run_after=2025-02-15T17:17:48.593515+00:00
[2025-02-15T17:17:48.794+0000] {processor.py:179} INFO - Processing /home/airflow/.local/lib/python3.8/site-packages/airflow/example_dags/example_latest_only.py took 1.070 seconds
[2025-02-15T17:18:21.959+0000] {processor.py:157} INFO - Started process (PID=876) to work on /home/airflow/.local/lib/python3.8/site-packages/airflow/example_dags/example_latest_only.py
[2025-02-15T17:18:21.968+0000] {processor.py:829} INFO - Processing file /home/airflow/.local/lib/python3.8/site-packages/airflow/example_dags/example_latest_only.py for tasks to queue
[2025-02-15T17:18:21.977+0000] {logging_mixin.py:154} INFO - [2025-02-15T17:18:21.976+0000] {dagbag.py:536} INFO - Filling up the DagBag from /home/airflow/.local/lib/python3.8/site-packages/airflow/example_dags/example_latest_only.py
[2025-02-15T17:18:22.032+0000] {processor.py:839} INFO - DAG(s) dict_keys(['latest_only']) retrieved from /home/airflow/.local/lib/python3.8/site-packages/airflow/example_dags/example_latest_only.py
[2025-02-15T17:18:22.229+0000] {logging_mixin.py:154} INFO - [2025-02-15T17:18:22.228+0000] {dag.py:2941} INFO - Sync 1 DAGs
[2025-02-15T17:18:22.349+0000] {logging_mixin.py:154} INFO - [2025-02-15T17:18:22.349+0000] {dag.py:3722} INFO - Setting next_dagrun for latest_only to 2025-02-15T13:18:22.348583+00:00, run_after=2025-02-15T17:18:22.348583+00:00
[2025-02-15T17:18:22.435+0000] {processor.py:179} INFO - Processing /home/airflow/.local/lib/python3.8/site-packages/airflow/example_dags/example_latest_only.py took 0.516 seconds
[2025-02-15T17:18:54.468+0000] {processor.py:157} INFO - Started process (PID=1114) to work on /home/airflow/.local/lib/python3.8/site-packages/airflow/example_dags/example_latest_only.py
[2025-02-15T17:18:54.478+0000] {processor.py:829} INFO - Processing file /home/airflow/.local/lib/python3.8/site-packages/airflow/example_dags/example_latest_only.py for tasks to queue
[2025-02-15T17:18:54.484+0000] {logging_mixin.py:154} INFO - [2025-02-15T17:18:54.484+0000] {dagbag.py:536} INFO - Filling up the DagBag from /home/airflow/.local/lib/python3.8/site-packages/airflow/example_dags/example_latest_only.py
[2025-02-15T17:18:54.539+0000] {processor.py:839} INFO - DAG(s) dict_keys(['latest_only']) retrieved from /home/airflow/.local/lib/python3.8/site-packages/airflow/example_dags/example_latest_only.py
[2025-02-15T17:18:54.879+0000] {logging_mixin.py:154} INFO - [2025-02-15T17:18:54.879+0000] {dag.py:2941} INFO - Sync 1 DAGs
[2025-02-15T17:18:55.176+0000] {logging_mixin.py:154} INFO - [2025-02-15T17:18:55.170+0000] {dag.py:3722} INFO - Setting next_dagrun for latest_only to 2025-02-15T13:18:55.169799+00:00, run_after=2025-02-15T17:18:55.169799+00:00
[2025-02-15T17:18:55.502+0000] {processor.py:179} INFO - Processing /home/airflow/.local/lib/python3.8/site-packages/airflow/example_dags/example_latest_only.py took 1.076 seconds
[2025-02-15T17:19:32.049+0000] {processor.py:157} INFO - Started process (PID=1352) to work on /home/airflow/.local/lib/python3.8/site-packages/airflow/example_dags/example_latest_only.py
[2025-02-15T17:19:32.064+0000] {processor.py:829} INFO - Processing file /home/airflow/.local/lib/python3.8/site-packages/airflow/example_dags/example_latest_only.py for tasks to queue
[2025-02-15T17:19:32.068+0000] {logging_mixin.py:154} INFO - [2025-02-15T17:19:32.065+0000] {dagbag.py:536} INFO - Filling up the DagBag from /home/airflow/.local/lib/python3.8/site-packages/airflow/example_dags/example_latest_only.py
[2025-02-15T17:19:32.209+0000] {processor.py:839} INFO - DAG(s) dict_keys(['latest_only']) retrieved from /home/airflow/.local/lib/python3.8/site-packages/airflow/example_dags/example_latest_only.py
[2025-02-15T17:19:32.663+0000] {logging_mixin.py:154} INFO - [2025-02-15T17:19:32.660+0000] {dag.py:2941} INFO - Sync 1 DAGs
[2025-02-15T17:19:33.082+0000] {logging_mixin.py:154} INFO - [2025-02-15T17:19:33.081+0000] {dag.py:3722} INFO - Setting next_dagrun for latest_only to 2025-02-15T13:19:33.062720+00:00, run_after=2025-02-15T17:19:33.062720+00:00
[2025-02-15T17:19:33.232+0000] {processor.py:179} INFO - Processing /home/airflow/.local/lib/python3.8/site-packages/airflow/example_dags/example_latest_only.py took 1.233 seconds
[2025-02-15T17:20:08.714+0000] {processor.py:157} INFO - Started process (PID=1590) to work on /home/airflow/.local/lib/python3.8/site-packages/airflow/example_dags/example_latest_only.py
[2025-02-15T17:20:08.723+0000] {processor.py:829} INFO - Processing file /home/airflow/.local/lib/python3.8/site-packages/airflow/example_dags/example_latest_only.py for tasks to queue
[2025-02-15T17:20:08.727+0000] {logging_mixin.py:154} INFO - [2025-02-15T17:20:08.726+0000] {dagbag.py:536} INFO - Filling up the DagBag from /home/airflow/.local/lib/python3.8/site-packages/airflow/example_dags/example_latest_only.py
[2025-02-15T17:20:08.814+0000] {processor.py:839} INFO - DAG(s) dict_keys(['latest_only']) retrieved from /home/airflow/.local/lib/python3.8/site-packages/airflow/example_dags/example_latest_only.py
[2025-02-15T17:20:09.174+0000] {logging_mixin.py:154} INFO - [2025-02-15T17:20:09.171+0000] {dag.py:2941} INFO - Sync 1 DAGs
[2025-02-15T17:20:09.476+0000] {logging_mixin.py:154} INFO - [2025-02-15T17:20:09.471+0000] {dag.py:3722} INFO - Setting next_dagrun for latest_only to 2025-02-15T13:20:09.465757+00:00, run_after=2025-02-15T17:20:09.465757+00:00
[2025-02-15T17:20:09.557+0000] {processor.py:179} INFO - Processing /home/airflow/.local/lib/python3.8/site-packages/airflow/example_dags/example_latest_only.py took 0.864 seconds
[2025-02-15T17:20:40.234+0000] {processor.py:157} INFO - Started process (PID=1827) to work on /home/airflow/.local/lib/python3.8/site-packages/airflow/example_dags/example_latest_only.py
[2025-02-15T17:20:40.238+0000] {processor.py:829} INFO - Processing file /home/airflow/.local/lib/python3.8/site-packages/airflow/example_dags/example_latest_only.py for tasks to queue
[2025-02-15T17:20:40.241+0000] {logging_mixin.py:154} INFO - [2025-02-15T17:20:40.240+0000] {dagbag.py:536} INFO - Filling up the DagBag from /home/airflow/.local/lib/python3.8/site-packages/airflow/example_dags/example_latest_only.py
[2025-02-15T17:20:40.283+0000] {processor.py:839} INFO - DAG(s) dict_keys(['latest_only']) retrieved from /home/airflow/.local/lib/python3.8/site-packages/airflow/example_dags/example_latest_only.py
[2025-02-15T17:20:40.561+0000] {logging_mixin.py:154} INFO - [2025-02-15T17:20:40.560+0000] {dag.py:2941} INFO - Sync 1 DAGs
[2025-02-15T17:20:40.659+0000] {logging_mixin.py:154} INFO - [2025-02-15T17:20:40.658+0000] {dag.py:3722} INFO - Setting next_dagrun for latest_only to 2025-02-15T13:20:40.657668+00:00, run_after=2025-02-15T17:20:40.657668+00:00
[2025-02-15T17:20:40.781+0000] {processor.py:179} INFO - Processing /home/airflow/.local/lib/python3.8/site-packages/airflow/example_dags/example_latest_only.py took 0.574 seconds
[2025-02-15T17:21:11.386+0000] {processor.py:157} INFO - Started process (PID=2066) to work on /home/airflow/.local/lib/python3.8/site-packages/airflow/example_dags/example_latest_only.py
[2025-02-15T17:21:11.396+0000] {processor.py:829} INFO - Processing file /home/airflow/.local/lib/python3.8/site-packages/airflow/example_dags/example_latest_only.py for tasks to queue
[2025-02-15T17:21:11.404+0000] {logging_mixin.py:154} INFO - [2025-02-15T17:21:11.398+0000] {dagbag.py:536} INFO - Filling up the DagBag from /home/airflow/.local/lib/python3.8/site-packages/airflow/example_dags/example_latest_only.py
[2025-02-15T17:21:11.471+0000] {processor.py:839} INFO - DAG(s) dict_keys(['latest_only']) retrieved from /home/airflow/.local/lib/python3.8/site-packages/airflow/example_dags/example_latest_only.py
[2025-02-15T17:21:11.666+0000] {logging_mixin.py:154} INFO - [2025-02-15T17:21:11.666+0000] {dag.py:2941} INFO - Sync 1 DAGs
[2025-02-15T17:21:11.943+0000] {logging_mixin.py:154} INFO - [2025-02-15T17:21:11.943+0000] {dag.py:3722} INFO - Setting next_dagrun for latest_only to 2025-02-15T13:21:11.940246+00:00, run_after=2025-02-15T17:21:11.940246+00:00
[2025-02-15T17:21:12.141+0000] {processor.py:179} INFO - Processing /home/airflow/.local/lib/python3.8/site-packages/airflow/example_dags/example_latest_only.py took 0.774 seconds
[2025-02-15T17:21:42.889+0000] {processor.py:157} INFO - Started process (PID=2304) to work on /home/airflow/.local/lib/python3.8/site-packages/airflow/example_dags/example_latest_only.py
[2025-02-15T17:21:42.896+0000] {processor.py:829} INFO - Processing file /home/airflow/.local/lib/python3.8/site-packages/airflow/example_dags/example_latest_only.py for tasks to queue
[2025-02-15T17:21:42.904+0000] {logging_mixin.py:154} INFO - [2025-02-15T17:21:42.902+0000] {dagbag.py:536} INFO - Filling up the DagBag from /home/airflow/.local/lib/python3.8/site-packages/airflow/example_dags/example_latest_only.py
[2025-02-15T17:21:42.942+0000] {processor.py:839} INFO - DAG(s) dict_keys(['latest_only']) retrieved from /home/airflow/.local/lib/python3.8/site-packages/airflow/example_dags/example_latest_only.py
[2025-02-15T17:21:43.052+0000] {logging_mixin.py:154} INFO - [2025-02-15T17:21:43.049+0000] {dag.py:2941} INFO - Sync 1 DAGs
[2025-02-15T17:21:43.243+0000] {logging_mixin.py:154} INFO - [2025-02-15T17:21:43.242+0000] {dag.py:3722} INFO - Setting next_dagrun for latest_only to 2025-02-15T13:21:43.240041+00:00, run_after=2025-02-15T17:21:43.240041+00:00
[2025-02-15T17:21:43.391+0000] {processor.py:179} INFO - Processing /home/airflow/.local/lib/python3.8/site-packages/airflow/example_dags/example_latest_only.py took 0.524 seconds
[2025-02-15T17:22:16.409+0000] {processor.py:157} INFO - Started process (PID=2549) to work on /home/airflow/.local/lib/python3.8/site-packages/airflow/example_dags/example_latest_only.py
[2025-02-15T17:22:16.412+0000] {processor.py:829} INFO - Processing file /home/airflow/.local/lib/python3.8/site-packages/airflow/example_dags/example_latest_only.py for tasks to queue
[2025-02-15T17:22:16.414+0000] {logging_mixin.py:154} INFO - [2025-02-15T17:22:16.414+0000] {dagbag.py:536} INFO - Filling up the DagBag from /home/airflow/.local/lib/python3.8/site-packages/airflow/example_dags/example_latest_only.py
[2025-02-15T17:22:16.440+0000] {processor.py:839} INFO - DAG(s) dict_keys(['latest_only']) retrieved from /home/airflow/.local/lib/python3.8/site-packages/airflow/example_dags/example_latest_only.py
[2025-02-15T17:22:16.558+0000] {logging_mixin.py:154} INFO - [2025-02-15T17:22:16.555+0000] {dag.py:2941} INFO - Sync 1 DAGs
[2025-02-15T17:22:16.699+0000] {logging_mixin.py:154} INFO - [2025-02-15T17:22:16.698+0000] {dag.py:3722} INFO - Setting next_dagrun for latest_only to 2025-02-15T13:22:16.696064+00:00, run_after=2025-02-15T17:22:16.696064+00:00
[2025-02-15T17:22:16.783+0000] {processor.py:179} INFO - Processing /home/airflow/.local/lib/python3.8/site-packages/airflow/example_dags/example_latest_only.py took 0.401 seconds
[2025-02-15T17:22:49.014+0000] {processor.py:157} INFO - Started process (PID=2781) to work on /home/airflow/.local/lib/python3.8/site-packages/airflow/example_dags/example_latest_only.py
[2025-02-15T17:22:49.032+0000] {processor.py:829} INFO - Processing file /home/airflow/.local/lib/python3.8/site-packages/airflow/example_dags/example_latest_only.py for tasks to queue
[2025-02-15T17:22:49.041+0000] {logging_mixin.py:154} INFO - [2025-02-15T17:22:49.040+0000] {dagbag.py:536} INFO - Filling up the DagBag from /home/airflow/.local/lib/python3.8/site-packages/airflow/example_dags/example_latest_only.py
[2025-02-15T17:22:49.099+0000] {processor.py:839} INFO - DAG(s) dict_keys(['latest_only']) retrieved from /home/airflow/.local/lib/python3.8/site-packages/airflow/example_dags/example_latest_only.py
[2025-02-15T17:22:49.349+0000] {logging_mixin.py:154} INFO - [2025-02-15T17:22:49.349+0000] {dag.py:2941} INFO - Sync 1 DAGs
[2025-02-15T17:22:49.674+0000] {logging_mixin.py:154} INFO - [2025-02-15T17:22:49.674+0000] {dag.py:3722} INFO - Setting next_dagrun for latest_only to 2025-02-15T13:22:49.671676+00:00, run_after=2025-02-15T17:22:49.671676+00:00
[2025-02-15T17:22:49.794+0000] {processor.py:179} INFO - Processing /home/airflow/.local/lib/python3.8/site-packages/airflow/example_dags/example_latest_only.py took 0.820 seconds
[2025-02-15T17:23:20.633+0000] {processor.py:157} INFO - Started process (PID=3018) to work on /home/airflow/.local/lib/python3.8/site-packages/airflow/example_dags/example_latest_only.py
[2025-02-15T17:23:20.636+0000] {processor.py:829} INFO - Processing file /home/airflow/.local/lib/python3.8/site-packages/airflow/example_dags/example_latest_only.py for tasks to queue
[2025-02-15T17:23:20.639+0000] {logging_mixin.py:154} INFO - [2025-02-15T17:23:20.638+0000] {dagbag.py:536} INFO - Filling up the DagBag from /home/airflow/.local/lib/python3.8/site-packages/airflow/example_dags/example_latest_only.py
[2025-02-15T17:23:20.679+0000] {processor.py:839} INFO - DAG(s) dict_keys(['latest_only']) retrieved from /home/airflow/.local/lib/python3.8/site-packages/airflow/example_dags/example_latest_only.py
[2025-02-15T17:23:20.779+0000] {logging_mixin.py:154} INFO - [2025-02-15T17:23:20.778+0000] {dag.py:2941} INFO - Sync 1 DAGs
[2025-02-15T17:23:20.836+0000] {logging_mixin.py:154} INFO - [2025-02-15T17:23:20.835+0000] {dag.py:3722} INFO - Setting next_dagrun for latest_only to 2025-02-15T13:23:20.835362+00:00, run_after=2025-02-15T17:23:20.835362+00:00
[2025-02-15T17:23:20.912+0000] {processor.py:179} INFO - Processing /home/airflow/.local/lib/python3.8/site-packages/airflow/example_dags/example_latest_only.py took 0.290 seconds
[2025-02-15T17:23:51.117+0000] {processor.py:157} INFO - Started process (PID=3254) to work on /home/airflow/.local/lib/python3.8/site-packages/airflow/example_dags/example_latest_only.py
[2025-02-15T17:23:51.122+0000] {processor.py:829} INFO - Processing file /home/airflow/.local/lib/python3.8/site-packages/airflow/example_dags/example_latest_only.py for tasks to queue
[2025-02-15T17:23:51.124+0000] {logging_mixin.py:154} INFO - [2025-02-15T17:23:51.123+0000] {dagbag.py:536} INFO - Filling up the DagBag from /home/airflow/.local/lib/python3.8/site-packages/airflow/example_dags/example_latest_only.py
[2025-02-15T17:23:51.145+0000] {processor.py:839} INFO - DAG(s) dict_keys(['latest_only']) retrieved from /home/airflow/.local/lib/python3.8/site-packages/airflow/example_dags/example_latest_only.py
[2025-02-15T17:23:51.201+0000] {logging_mixin.py:154} INFO - [2025-02-15T17:23:51.200+0000] {dag.py:2941} INFO - Sync 1 DAGs
[2025-02-15T17:23:51.267+0000] {logging_mixin.py:154} INFO - [2025-02-15T17:23:51.266+0000] {dag.py:3722} INFO - Setting next_dagrun for latest_only to 2025-02-15T13:23:51.265940+00:00, run_after=2025-02-15T17:23:51.265940+00:00
[2025-02-15T17:23:51.330+0000] {processor.py:179} INFO - Processing /home/airflow/.local/lib/python3.8/site-packages/airflow/example_dags/example_latest_only.py took 0.223 seconds
[2025-02-15T17:28:11.905+0000] {processor.py:157} INFO - Started process (PID=393) to work on /home/airflow/.local/lib/python3.8/site-packages/airflow/example_dags/example_latest_only.py
[2025-02-15T17:28:11.912+0000] {processor.py:829} INFO - Processing file /home/airflow/.local/lib/python3.8/site-packages/airflow/example_dags/example_latest_only.py for tasks to queue
[2025-02-15T17:28:11.916+0000] {logging_mixin.py:154} INFO - [2025-02-15T17:28:11.916+0000] {dagbag.py:536} INFO - Filling up the DagBag from /home/airflow/.local/lib/python3.8/site-packages/airflow/example_dags/example_latest_only.py
[2025-02-15T17:28:11.971+0000] {processor.py:839} INFO - DAG(s) dict_keys(['latest_only']) retrieved from /home/airflow/.local/lib/python3.8/site-packages/airflow/example_dags/example_latest_only.py
[2025-02-15T17:28:12.104+0000] {logging_mixin.py:154} INFO - [2025-02-15T17:28:12.103+0000] {dag.py:2941} INFO - Sync 1 DAGs
[2025-02-15T17:28:12.266+0000] {logging_mixin.py:154} INFO - [2025-02-15T17:28:12.265+0000] {dag.py:3722} INFO - Setting next_dagrun for latest_only to 2025-02-15T13:28:12.264910+00:00, run_after=2025-02-15T17:28:12.264910+00:00
[2025-02-15T17:28:12.351+0000] {processor.py:179} INFO - Processing /home/airflow/.local/lib/python3.8/site-packages/airflow/example_dags/example_latest_only.py took 0.462 seconds
[2025-02-15T17:33:50.579+0000] {processor.py:157} INFO - Started process (PID=392) to work on /home/airflow/.local/lib/python3.8/site-packages/airflow/example_dags/example_latest_only.py
[2025-02-15T17:33:50.583+0000] {processor.py:829} INFO - Processing file /home/airflow/.local/lib/python3.8/site-packages/airflow/example_dags/example_latest_only.py for tasks to queue
[2025-02-15T17:33:50.591+0000] {logging_mixin.py:154} INFO - [2025-02-15T17:33:50.584+0000] {dagbag.py:536} INFO - Filling up the DagBag from /home/airflow/.local/lib/python3.8/site-packages/airflow/example_dags/example_latest_only.py
[2025-02-15T17:33:50.644+0000] {processor.py:839} INFO - DAG(s) dict_keys(['latest_only']) retrieved from /home/airflow/.local/lib/python3.8/site-packages/airflow/example_dags/example_latest_only.py
[2025-02-15T17:33:50.787+0000] {logging_mixin.py:154} INFO - [2025-02-15T17:33:50.787+0000] {dag.py:2941} INFO - Sync 1 DAGs
[2025-02-15T17:33:50.881+0000] {logging_mixin.py:154} INFO - [2025-02-15T17:33:50.881+0000] {dag.py:3722} INFO - Setting next_dagrun for latest_only to 2025-02-15T13:33:50.880275+00:00, run_after=2025-02-15T17:33:50.880275+00:00
[2025-02-15T17:33:50.967+0000] {processor.py:179} INFO - Processing /home/airflow/.local/lib/python3.8/site-packages/airflow/example_dags/example_latest_only.py took 0.406 seconds
[2025-02-15T17:34:22.167+0000] {processor.py:157} INFO - Started process (PID=629) to work on /home/airflow/.local/lib/python3.8/site-packages/airflow/example_dags/example_latest_only.py
[2025-02-15T17:34:22.171+0000] {processor.py:829} INFO - Processing file /home/airflow/.local/lib/python3.8/site-packages/airflow/example_dags/example_latest_only.py for tasks to queue
[2025-02-15T17:34:22.175+0000] {logging_mixin.py:154} INFO - [2025-02-15T17:34:22.174+0000] {dagbag.py:536} INFO - Filling up the DagBag from /home/airflow/.local/lib/python3.8/site-packages/airflow/example_dags/example_latest_only.py
[2025-02-15T17:34:22.208+0000] {processor.py:839} INFO - DAG(s) dict_keys(['latest_only']) retrieved from /home/airflow/.local/lib/python3.8/site-packages/airflow/example_dags/example_latest_only.py
[2025-02-15T17:34:22.337+0000] {logging_mixin.py:154} INFO - [2025-02-15T17:34:22.337+0000] {dag.py:2941} INFO - Sync 1 DAGs
[2025-02-15T17:34:22.397+0000] {logging_mixin.py:154} INFO - [2025-02-15T17:34:22.397+0000] {dag.py:3722} INFO - Setting next_dagrun for latest_only to 2025-02-15T13:34:22.396751+00:00, run_after=2025-02-15T17:34:22.396751+00:00
[2025-02-15T17:34:22.446+0000] {processor.py:179} INFO - Processing /home/airflow/.local/lib/python3.8/site-packages/airflow/example_dags/example_latest_only.py took 0.301 seconds
[2025-02-15T17:34:55.892+0000] {processor.py:157} INFO - Started process (PID=866) to work on /home/airflow/.local/lib/python3.8/site-packages/airflow/example_dags/example_latest_only.py
[2025-02-15T17:34:55.896+0000] {processor.py:829} INFO - Processing file /home/airflow/.local/lib/python3.8/site-packages/airflow/example_dags/example_latest_only.py for tasks to queue
[2025-02-15T17:34:55.898+0000] {logging_mixin.py:154} INFO - [2025-02-15T17:34:55.898+0000] {dagbag.py:536} INFO - Filling up the DagBag from /home/airflow/.local/lib/python3.8/site-packages/airflow/example_dags/example_latest_only.py
[2025-02-15T17:34:55.917+0000] {processor.py:839} INFO - DAG(s) dict_keys(['latest_only']) retrieved from /home/airflow/.local/lib/python3.8/site-packages/airflow/example_dags/example_latest_only.py
[2025-02-15T17:34:55.988+0000] {logging_mixin.py:154} INFO - [2025-02-15T17:34:55.987+0000] {dag.py:2941} INFO - Sync 1 DAGs
[2025-02-15T17:34:56.081+0000] {logging_mixin.py:154} INFO - [2025-02-15T17:34:56.081+0000] {dag.py:3722} INFO - Setting next_dagrun for latest_only to 2025-02-15T13:34:56.079702+00:00, run_after=2025-02-15T17:34:56.079702+00:00
[2025-02-15T17:34:56.159+0000] {processor.py:179} INFO - Processing /home/airflow/.local/lib/python3.8/site-packages/airflow/example_dags/example_latest_only.py took 0.279 seconds
[2025-02-15T17:35:26.891+0000] {processor.py:157} INFO - Started process (PID=1107) to work on /home/airflow/.local/lib/python3.8/site-packages/airflow/example_dags/example_latest_only.py
[2025-02-15T17:35:26.894+0000] {processor.py:829} INFO - Processing file /home/airflow/.local/lib/python3.8/site-packages/airflow/example_dags/example_latest_only.py for tasks to queue
[2025-02-15T17:35:26.896+0000] {logging_mixin.py:154} INFO - [2025-02-15T17:35:26.896+0000] {dagbag.py:536} INFO - Filling up the DagBag from /home/airflow/.local/lib/python3.8/site-packages/airflow/example_dags/example_latest_only.py
[2025-02-15T17:35:26.915+0000] {processor.py:839} INFO - DAG(s) dict_keys(['latest_only']) retrieved from /home/airflow/.local/lib/python3.8/site-packages/airflow/example_dags/example_latest_only.py
[2025-02-15T17:35:27.002+0000] {logging_mixin.py:154} INFO - [2025-02-15T17:35:27.001+0000] {dag.py:2941} INFO - Sync 1 DAGs
[2025-02-15T17:35:27.093+0000] {logging_mixin.py:154} INFO - [2025-02-15T17:35:27.093+0000] {dag.py:3722} INFO - Setting next_dagrun for latest_only to 2025-02-15T13:35:27.092270+00:00, run_after=2025-02-15T17:35:27.092270+00:00
[2025-02-15T17:35:27.175+0000] {processor.py:179} INFO - Processing /home/airflow/.local/lib/python3.8/site-packages/airflow/example_dags/example_latest_only.py took 0.296 seconds
[2025-02-15T17:35:57.626+0000] {processor.py:157} INFO - Started process (PID=1343) to work on /home/airflow/.local/lib/python3.8/site-packages/airflow/example_dags/example_latest_only.py
[2025-02-15T17:35:57.630+0000] {processor.py:829} INFO - Processing file /home/airflow/.local/lib/python3.8/site-packages/airflow/example_dags/example_latest_only.py for tasks to queue
[2025-02-15T17:35:57.635+0000] {logging_mixin.py:154} INFO - [2025-02-15T17:35:57.633+0000] {dagbag.py:536} INFO - Filling up the DagBag from /home/airflow/.local/lib/python3.8/site-packages/airflow/example_dags/example_latest_only.py
[2025-02-15T17:35:57.657+0000] {processor.py:839} INFO - DAG(s) dict_keys(['latest_only']) retrieved from /home/airflow/.local/lib/python3.8/site-packages/airflow/example_dags/example_latest_only.py
[2025-02-15T17:35:57.718+0000] {logging_mixin.py:154} INFO - [2025-02-15T17:35:57.718+0000] {dag.py:2941} INFO - Sync 1 DAGs
[2025-02-15T17:35:57.778+0000] {logging_mixin.py:154} INFO - [2025-02-15T17:35:57.777+0000] {dag.py:3722} INFO - Setting next_dagrun for latest_only to 2025-02-15T13:35:57.776346+00:00, run_after=2025-02-15T17:35:57.776346+00:00
[2025-02-15T17:35:57.846+0000] {processor.py:179} INFO - Processing /home/airflow/.local/lib/python3.8/site-packages/airflow/example_dags/example_latest_only.py took 0.231 seconds
[2025-02-15T17:36:28.917+0000] {processor.py:157} INFO - Started process (PID=1599) to work on /home/airflow/.local/lib/python3.8/site-packages/airflow/example_dags/example_latest_only.py
[2025-02-15T17:36:28.920+0000] {processor.py:829} INFO - Processing file /home/airflow/.local/lib/python3.8/site-packages/airflow/example_dags/example_latest_only.py for tasks to queue
[2025-02-15T17:36:28.922+0000] {logging_mixin.py:154} INFO - [2025-02-15T17:36:28.922+0000] {dagbag.py:536} INFO - Filling up the DagBag from /home/airflow/.local/lib/python3.8/site-packages/airflow/example_dags/example_latest_only.py
[2025-02-15T17:36:28.952+0000] {processor.py:839} INFO - DAG(s) dict_keys(['latest_only']) retrieved from /home/airflow/.local/lib/python3.8/site-packages/airflow/example_dags/example_latest_only.py
[2025-02-15T17:36:29.016+0000] {logging_mixin.py:154} INFO - [2025-02-15T17:36:29.015+0000] {dag.py:2941} INFO - Sync 1 DAGs
[2025-02-15T17:36:29.090+0000] {logging_mixin.py:154} INFO - [2025-02-15T17:36:29.090+0000] {dag.py:3722} INFO - Setting next_dagrun for latest_only to 2025-02-15T13:36:29.089264+00:00, run_after=2025-02-15T17:36:29.089264+00:00
[2025-02-15T17:36:29.153+0000] {processor.py:179} INFO - Processing /home/airflow/.local/lib/python3.8/site-packages/airflow/example_dags/example_latest_only.py took 0.246 seconds
[2025-02-15T17:36:59.871+0000] {processor.py:157} INFO - Started process (PID=1850) to work on /home/airflow/.local/lib/python3.8/site-packages/airflow/example_dags/example_latest_only.py
[2025-02-15T17:36:59.875+0000] {processor.py:829} INFO - Processing file /home/airflow/.local/lib/python3.8/site-packages/airflow/example_dags/example_latest_only.py for tasks to queue
[2025-02-15T17:36:59.877+0000] {logging_mixin.py:154} INFO - [2025-02-15T17:36:59.876+0000] {dagbag.py:536} INFO - Filling up the DagBag from /home/airflow/.local/lib/python3.8/site-packages/airflow/example_dags/example_latest_only.py
[2025-02-15T17:36:59.895+0000] {processor.py:839} INFO - DAG(s) dict_keys(['latest_only']) retrieved from /home/airflow/.local/lib/python3.8/site-packages/airflow/example_dags/example_latest_only.py
[2025-02-15T17:36:59.964+0000] {logging_mixin.py:154} INFO - [2025-02-15T17:36:59.963+0000] {dag.py:2941} INFO - Sync 1 DAGs
[2025-02-15T17:37:00.041+0000] {logging_mixin.py:154} INFO - [2025-02-15T17:37:00.040+0000] {dag.py:3722} INFO - Setting next_dagrun for latest_only to 2025-02-15T13:37:00.040523+00:00, run_after=2025-02-15T17:37:00.040523+00:00
[2025-02-15T17:37:00.086+0000] {processor.py:179} INFO - Processing /home/airflow/.local/lib/python3.8/site-packages/airflow/example_dags/example_latest_only.py took 0.224 seconds
[2025-02-15T17:37:30.430+0000] {processor.py:157} INFO - Started process (PID=2086) to work on /home/airflow/.local/lib/python3.8/site-packages/airflow/example_dags/example_latest_only.py
[2025-02-15T17:37:30.434+0000] {processor.py:829} INFO - Processing file /home/airflow/.local/lib/python3.8/site-packages/airflow/example_dags/example_latest_only.py for tasks to queue
[2025-02-15T17:37:30.437+0000] {logging_mixin.py:154} INFO - [2025-02-15T17:37:30.436+0000] {dagbag.py:536} INFO - Filling up the DagBag from /home/airflow/.local/lib/python3.8/site-packages/airflow/example_dags/example_latest_only.py
[2025-02-15T17:37:30.460+0000] {processor.py:839} INFO - DAG(s) dict_keys(['latest_only']) retrieved from /home/airflow/.local/lib/python3.8/site-packages/airflow/example_dags/example_latest_only.py
[2025-02-15T17:37:30.530+0000] {logging_mixin.py:154} INFO - [2025-02-15T17:37:30.530+0000] {dag.py:2941} INFO - Sync 1 DAGs
[2025-02-15T17:37:30.598+0000] {logging_mixin.py:154} INFO - [2025-02-15T17:37:30.597+0000] {dag.py:3722} INFO - Setting next_dagrun for latest_only to 2025-02-15T13:37:30.597238+00:00, run_after=2025-02-15T17:37:30.597238+00:00
[2025-02-15T17:37:30.644+0000] {processor.py:179} INFO - Processing /home/airflow/.local/lib/python3.8/site-packages/airflow/example_dags/example_latest_only.py took 0.228 seconds
[2025-02-15T17:38:01.109+0000] {processor.py:157} INFO - Started process (PID=2324) to work on /home/airflow/.local/lib/python3.8/site-packages/airflow/example_dags/example_latest_only.py
[2025-02-15T17:38:01.112+0000] {processor.py:829} INFO - Processing file /home/airflow/.local/lib/python3.8/site-packages/airflow/example_dags/example_latest_only.py for tasks to queue
[2025-02-15T17:38:01.114+0000] {logging_mixin.py:154} INFO - [2025-02-15T17:38:01.113+0000] {dagbag.py:536} INFO - Filling up the DagBag from /home/airflow/.local/lib/python3.8/site-packages/airflow/example_dags/example_latest_only.py
[2025-02-15T17:38:01.138+0000] {processor.py:839} INFO - DAG(s) dict_keys(['latest_only']) retrieved from /home/airflow/.local/lib/python3.8/site-packages/airflow/example_dags/example_latest_only.py
[2025-02-15T17:38:01.261+0000] {logging_mixin.py:154} INFO - [2025-02-15T17:38:01.260+0000] {dag.py:2941} INFO - Sync 1 DAGs
[2025-02-15T17:38:01.358+0000] {logging_mixin.py:154} INFO - [2025-02-15T17:38:01.357+0000] {dag.py:3722} INFO - Setting next_dagrun for latest_only to 2025-02-15T13:38:01.356930+00:00, run_after=2025-02-15T17:38:01.356930+00:00
[2025-02-15T17:38:01.415+0000] {processor.py:179} INFO - Processing /home/airflow/.local/lib/python3.8/site-packages/airflow/example_dags/example_latest_only.py took 0.325 seconds
[2025-02-15T17:38:31.552+0000] {processor.py:157} INFO - Started process (PID=2558) to work on /home/airflow/.local/lib/python3.8/site-packages/airflow/example_dags/example_latest_only.py
[2025-02-15T17:38:31.555+0000] {processor.py:829} INFO - Processing file /home/airflow/.local/lib/python3.8/site-packages/airflow/example_dags/example_latest_only.py for tasks to queue
[2025-02-15T17:38:31.560+0000] {logging_mixin.py:154} INFO - [2025-02-15T17:38:31.559+0000] {dagbag.py:536} INFO - Filling up the DagBag from /home/airflow/.local/lib/python3.8/site-packages/airflow/example_dags/example_latest_only.py
[2025-02-15T17:38:31.579+0000] {processor.py:839} INFO - DAG(s) dict_keys(['latest_only']) retrieved from /home/airflow/.local/lib/python3.8/site-packages/airflow/example_dags/example_latest_only.py
[2025-02-15T17:38:31.646+0000] {logging_mixin.py:154} INFO - [2025-02-15T17:38:31.646+0000] {dag.py:2941} INFO - Sync 1 DAGs
[2025-02-15T17:38:31.712+0000] {logging_mixin.py:154} INFO - [2025-02-15T17:38:31.711+0000] {dag.py:3722} INFO - Setting next_dagrun for latest_only to 2025-02-15T13:38:31.711078+00:00, run_after=2025-02-15T17:38:31.711078+00:00
[2025-02-15T17:38:31.770+0000] {processor.py:179} INFO - Processing /home/airflow/.local/lib/python3.8/site-packages/airflow/example_dags/example_latest_only.py took 0.228 seconds
[2025-02-15T17:39:02.586+0000] {processor.py:157} INFO - Started process (PID=2800) to work on /home/airflow/.local/lib/python3.8/site-packages/airflow/example_dags/example_latest_only.py
[2025-02-15T17:39:02.589+0000] {processor.py:829} INFO - Processing file /home/airflow/.local/lib/python3.8/site-packages/airflow/example_dags/example_latest_only.py for tasks to queue
[2025-02-15T17:39:02.593+0000] {logging_mixin.py:154} INFO - [2025-02-15T17:39:02.592+0000] {dagbag.py:536} INFO - Filling up the DagBag from /home/airflow/.local/lib/python3.8/site-packages/airflow/example_dags/example_latest_only.py
[2025-02-15T17:39:02.610+0000] {processor.py:839} INFO - DAG(s) dict_keys(['latest_only']) retrieved from /home/airflow/.local/lib/python3.8/site-packages/airflow/example_dags/example_latest_only.py
[2025-02-15T17:39:02.695+0000] {logging_mixin.py:154} INFO - [2025-02-15T17:39:02.694+0000] {dag.py:2941} INFO - Sync 1 DAGs
[2025-02-15T17:39:02.771+0000] {logging_mixin.py:154} INFO - [2025-02-15T17:39:02.771+0000] {dag.py:3722} INFO - Setting next_dagrun for latest_only to 2025-02-15T13:39:02.770209+00:00, run_after=2025-02-15T17:39:02.770209+00:00
[2025-02-15T17:39:02.830+0000] {processor.py:179} INFO - Processing /home/airflow/.local/lib/python3.8/site-packages/airflow/example_dags/example_latest_only.py took 0.261 seconds
[2025-02-15T17:39:32.924+0000] {processor.py:157} INFO - Started process (PID=3033) to work on /home/airflow/.local/lib/python3.8/site-packages/airflow/example_dags/example_latest_only.py
[2025-02-15T17:39:32.927+0000] {processor.py:829} INFO - Processing file /home/airflow/.local/lib/python3.8/site-packages/airflow/example_dags/example_latest_only.py for tasks to queue
[2025-02-15T17:39:32.930+0000] {logging_mixin.py:154} INFO - [2025-02-15T17:39:32.929+0000] {dagbag.py:536} INFO - Filling up the DagBag from /home/airflow/.local/lib/python3.8/site-packages/airflow/example_dags/example_latest_only.py
[2025-02-15T17:39:32.953+0000] {processor.py:839} INFO - DAG(s) dict_keys(['latest_only']) retrieved from /home/airflow/.local/lib/python3.8/site-packages/airflow/example_dags/example_latest_only.py
[2025-02-15T17:39:33.017+0000] {logging_mixin.py:154} INFO - [2025-02-15T17:39:33.017+0000] {dag.py:2941} INFO - Sync 1 DAGs
[2025-02-15T17:39:33.096+0000] {logging_mixin.py:154} INFO - [2025-02-15T17:39:33.096+0000] {dag.py:3722} INFO - Setting next_dagrun for latest_only to 2025-02-15T13:39:33.095423+00:00, run_after=2025-02-15T17:39:33.095423+00:00
[2025-02-15T17:39:33.165+0000] {processor.py:179} INFO - Processing /home/airflow/.local/lib/python3.8/site-packages/airflow/example_dags/example_latest_only.py took 0.250 seconds
[2025-02-15T17:40:03.784+0000] {processor.py:157} INFO - Started process (PID=3271) to work on /home/airflow/.local/lib/python3.8/site-packages/airflow/example_dags/example_latest_only.py
[2025-02-15T17:40:03.786+0000] {processor.py:829} INFO - Processing file /home/airflow/.local/lib/python3.8/site-packages/airflow/example_dags/example_latest_only.py for tasks to queue
[2025-02-15T17:40:03.788+0000] {logging_mixin.py:154} INFO - [2025-02-15T17:40:03.787+0000] {dagbag.py:536} INFO - Filling up the DagBag from /home/airflow/.local/lib/python3.8/site-packages/airflow/example_dags/example_latest_only.py
[2025-02-15T17:40:03.808+0000] {processor.py:839} INFO - DAG(s) dict_keys(['latest_only']) retrieved from /home/airflow/.local/lib/python3.8/site-packages/airflow/example_dags/example_latest_only.py
[2025-02-15T17:40:03.870+0000] {logging_mixin.py:154} INFO - [2025-02-15T17:40:03.869+0000] {dag.py:2941} INFO - Sync 1 DAGs
[2025-02-15T17:40:03.936+0000] {logging_mixin.py:154} INFO - [2025-02-15T17:40:03.935+0000] {dag.py:3722} INFO - Setting next_dagrun for latest_only to 2025-02-15T13:40:03.935141+00:00, run_after=2025-02-15T17:40:03.935141+00:00
[2025-02-15T17:40:04.003+0000] {processor.py:179} INFO - Processing /home/airflow/.local/lib/python3.8/site-packages/airflow/example_dags/example_latest_only.py took 0.227 seconds
[2025-02-15T17:40:34.779+0000] {processor.py:157} INFO - Started process (PID=3516) to work on /home/airflow/.local/lib/python3.8/site-packages/airflow/example_dags/example_latest_only.py
[2025-02-15T17:40:34.784+0000] {processor.py:829} INFO - Processing file /home/airflow/.local/lib/python3.8/site-packages/airflow/example_dags/example_latest_only.py for tasks to queue
[2025-02-15T17:40:34.786+0000] {logging_mixin.py:154} INFO - [2025-02-15T17:40:34.785+0000] {dagbag.py:536} INFO - Filling up the DagBag from /home/airflow/.local/lib/python3.8/site-packages/airflow/example_dags/example_latest_only.py
[2025-02-15T17:40:34.805+0000] {processor.py:839} INFO - DAG(s) dict_keys(['latest_only']) retrieved from /home/airflow/.local/lib/python3.8/site-packages/airflow/example_dags/example_latest_only.py
[2025-02-15T17:40:34.875+0000] {logging_mixin.py:154} INFO - [2025-02-15T17:40:34.875+0000] {dag.py:2941} INFO - Sync 1 DAGs
[2025-02-15T17:40:34.947+0000] {logging_mixin.py:154} INFO - [2025-02-15T17:40:34.947+0000] {dag.py:3722} INFO - Setting next_dagrun for latest_only to 2025-02-15T13:40:34.946270+00:00, run_after=2025-02-15T17:40:34.946270+00:00
[2025-02-15T17:40:35.000+0000] {processor.py:179} INFO - Processing /home/airflow/.local/lib/python3.8/site-packages/airflow/example_dags/example_latest_only.py took 0.231 seconds
[2025-02-15T17:41:05.167+0000] {processor.py:157} INFO - Started process (PID=3754) to work on /home/airflow/.local/lib/python3.8/site-packages/airflow/example_dags/example_latest_only.py
[2025-02-15T17:41:05.173+0000] {processor.py:829} INFO - Processing file /home/airflow/.local/lib/python3.8/site-packages/airflow/example_dags/example_latest_only.py for tasks to queue
[2025-02-15T17:41:05.176+0000] {logging_mixin.py:154} INFO - [2025-02-15T17:41:05.174+0000] {dagbag.py:536} INFO - Filling up the DagBag from /home/airflow/.local/lib/python3.8/site-packages/airflow/example_dags/example_latest_only.py
[2025-02-15T17:41:05.201+0000] {processor.py:839} INFO - DAG(s) dict_keys(['latest_only']) retrieved from /home/airflow/.local/lib/python3.8/site-packages/airflow/example_dags/example_latest_only.py
[2025-02-15T17:41:05.270+0000] {logging_mixin.py:154} INFO - [2025-02-15T17:41:05.269+0000] {dag.py:2941} INFO - Sync 1 DAGs
[2025-02-15T17:41:05.325+0000] {logging_mixin.py:154} INFO - [2025-02-15T17:41:05.324+0000] {dag.py:3722} INFO - Setting next_dagrun for latest_only to 2025-02-15T13:41:05.322636+00:00, run_after=2025-02-15T17:41:05.322636+00:00
[2025-02-15T17:41:05.382+0000] {processor.py:179} INFO - Processing /home/airflow/.local/lib/python3.8/site-packages/airflow/example_dags/example_latest_only.py took 0.232 seconds
[2025-02-15T17:41:35.654+0000] {processor.py:157} INFO - Started process (PID=3990) to work on /home/airflow/.local/lib/python3.8/site-packages/airflow/example_dags/example_latest_only.py
[2025-02-15T17:41:35.664+0000] {processor.py:829} INFO - Processing file /home/airflow/.local/lib/python3.8/site-packages/airflow/example_dags/example_latest_only.py for tasks to queue
[2025-02-15T17:41:35.667+0000] {logging_mixin.py:154} INFO - [2025-02-15T17:41:35.666+0000] {dagbag.py:536} INFO - Filling up the DagBag from /home/airflow/.local/lib/python3.8/site-packages/airflow/example_dags/example_latest_only.py
[2025-02-15T17:41:35.685+0000] {processor.py:839} INFO - DAG(s) dict_keys(['latest_only']) retrieved from /home/airflow/.local/lib/python3.8/site-packages/airflow/example_dags/example_latest_only.py
[2025-02-15T17:41:35.758+0000] {logging_mixin.py:154} INFO - [2025-02-15T17:41:35.757+0000] {dag.py:2941} INFO - Sync 1 DAGs
[2025-02-15T17:41:35.822+0000] {logging_mixin.py:154} INFO - [2025-02-15T17:41:35.821+0000] {dag.py:3722} INFO - Setting next_dagrun for latest_only to 2025-02-15T13:41:35.821021+00:00, run_after=2025-02-15T17:41:35.821021+00:00
[2025-02-15T17:41:35.887+0000] {processor.py:179} INFO - Processing /home/airflow/.local/lib/python3.8/site-packages/airflow/example_dags/example_latest_only.py took 0.247 seconds
[2025-02-15T17:42:06.503+0000] {processor.py:157} INFO - Started process (PID=4228) to work on /home/airflow/.local/lib/python3.8/site-packages/airflow/example_dags/example_latest_only.py
[2025-02-15T17:42:06.505+0000] {processor.py:829} INFO - Processing file /home/airflow/.local/lib/python3.8/site-packages/airflow/example_dags/example_latest_only.py for tasks to queue
[2025-02-15T17:42:06.507+0000] {logging_mixin.py:154} INFO - [2025-02-15T17:42:06.507+0000] {dagbag.py:536} INFO - Filling up the DagBag from /home/airflow/.local/lib/python3.8/site-packages/airflow/example_dags/example_latest_only.py
[2025-02-15T17:42:06.528+0000] {processor.py:839} INFO - DAG(s) dict_keys(['latest_only']) retrieved from /home/airflow/.local/lib/python3.8/site-packages/airflow/example_dags/example_latest_only.py
[2025-02-15T17:42:06.599+0000] {logging_mixin.py:154} INFO - [2025-02-15T17:42:06.599+0000] {dag.py:2941} INFO - Sync 1 DAGs
[2025-02-15T17:42:06.663+0000] {logging_mixin.py:154} INFO - [2025-02-15T17:42:06.662+0000] {dag.py:3722} INFO - Setting next_dagrun for latest_only to 2025-02-15T13:42:06.661750+00:00, run_after=2025-02-15T17:42:06.661750+00:00
[2025-02-15T17:42:06.715+0000] {processor.py:179} INFO - Processing /home/airflow/.local/lib/python3.8/site-packages/airflow/example_dags/example_latest_only.py took 0.222 seconds
[2025-02-15T17:42:37.487+0000] {processor.py:157} INFO - Started process (PID=4484) to work on /home/airflow/.local/lib/python3.8/site-packages/airflow/example_dags/example_latest_only.py
[2025-02-15T17:42:37.490+0000] {processor.py:829} INFO - Processing file /home/airflow/.local/lib/python3.8/site-packages/airflow/example_dags/example_latest_only.py for tasks to queue
[2025-02-15T17:42:37.492+0000] {logging_mixin.py:154} INFO - [2025-02-15T17:42:37.491+0000] {dagbag.py:536} INFO - Filling up the DagBag from /home/airflow/.local/lib/python3.8/site-packages/airflow/example_dags/example_latest_only.py
[2025-02-15T17:42:37.513+0000] {processor.py:839} INFO - DAG(s) dict_keys(['latest_only']) retrieved from /home/airflow/.local/lib/python3.8/site-packages/airflow/example_dags/example_latest_only.py
[2025-02-15T17:42:37.582+0000] {logging_mixin.py:154} INFO - [2025-02-15T17:42:37.581+0000] {dag.py:2941} INFO - Sync 1 DAGs
[2025-02-15T17:42:37.659+0000] {logging_mixin.py:154} INFO - [2025-02-15T17:42:37.658+0000] {dag.py:3722} INFO - Setting next_dagrun for latest_only to 2025-02-15T13:42:37.658246+00:00, run_after=2025-02-15T17:42:37.658246+00:00
[2025-02-15T17:42:37.710+0000] {processor.py:179} INFO - Processing /home/airflow/.local/lib/python3.8/site-packages/airflow/example_dags/example_latest_only.py took 0.234 seconds
[2025-02-15T17:43:08.099+0000] {processor.py:157} INFO - Started process (PID=4722) to work on /home/airflow/.local/lib/python3.8/site-packages/airflow/example_dags/example_latest_only.py
[2025-02-15T17:43:08.101+0000] {processor.py:829} INFO - Processing file /home/airflow/.local/lib/python3.8/site-packages/airflow/example_dags/example_latest_only.py for tasks to queue
[2025-02-15T17:43:08.103+0000] {logging_mixin.py:154} INFO - [2025-02-15T17:43:08.102+0000] {dagbag.py:536} INFO - Filling up the DagBag from /home/airflow/.local/lib/python3.8/site-packages/airflow/example_dags/example_latest_only.py
[2025-02-15T17:43:08.123+0000] {processor.py:839} INFO - DAG(s) dict_keys(['latest_only']) retrieved from /home/airflow/.local/lib/python3.8/site-packages/airflow/example_dags/example_latest_only.py
[2025-02-15T17:43:08.207+0000] {logging_mixin.py:154} INFO - [2025-02-15T17:43:08.207+0000] {dag.py:2941} INFO - Sync 1 DAGs
[2025-02-15T17:43:08.279+0000] {logging_mixin.py:154} INFO - [2025-02-15T17:43:08.278+0000] {dag.py:3722} INFO - Setting next_dagrun for latest_only to 2025-02-15T13:43:08.278190+00:00, run_after=2025-02-15T17:43:08.278190+00:00
[2025-02-15T17:43:08.334+0000] {processor.py:179} INFO - Processing /home/airflow/.local/lib/python3.8/site-packages/airflow/example_dags/example_latest_only.py took 0.245 seconds
[2025-02-15T17:43:39.079+0000] {processor.py:157} INFO - Started process (PID=4959) to work on /home/airflow/.local/lib/python3.8/site-packages/airflow/example_dags/example_latest_only.py
[2025-02-15T17:43:39.084+0000] {processor.py:829} INFO - Processing file /home/airflow/.local/lib/python3.8/site-packages/airflow/example_dags/example_latest_only.py for tasks to queue
[2025-02-15T17:43:39.086+0000] {logging_mixin.py:154} INFO - [2025-02-15T17:43:39.085+0000] {dagbag.py:536} INFO - Filling up the DagBag from /home/airflow/.local/lib/python3.8/site-packages/airflow/example_dags/example_latest_only.py
[2025-02-15T17:43:39.141+0000] {processor.py:839} INFO - DAG(s) dict_keys(['latest_only']) retrieved from /home/airflow/.local/lib/python3.8/site-packages/airflow/example_dags/example_latest_only.py
[2025-02-15T17:43:39.271+0000] {logging_mixin.py:154} INFO - [2025-02-15T17:43:39.271+0000] {dag.py:2941} INFO - Sync 1 DAGs
[2025-02-15T17:43:39.388+0000] {logging_mixin.py:154} INFO - [2025-02-15T17:43:39.388+0000] {dag.py:3722} INFO - Setting next_dagrun for latest_only to 2025-02-15T13:43:39.385067+00:00, run_after=2025-02-15T17:43:39.385067+00:00
[2025-02-15T17:43:39.457+0000] {processor.py:179} INFO - Processing /home/airflow/.local/lib/python3.8/site-packages/airflow/example_dags/example_latest_only.py took 0.395 seconds
[2025-02-15T17:44:10.046+0000] {processor.py:157} INFO - Started process (PID=5197) to work on /home/airflow/.local/lib/python3.8/site-packages/airflow/example_dags/example_latest_only.py
[2025-02-15T17:44:10.050+0000] {processor.py:829} INFO - Processing file /home/airflow/.local/lib/python3.8/site-packages/airflow/example_dags/example_latest_only.py for tasks to queue
[2025-02-15T17:44:10.054+0000] {logging_mixin.py:154} INFO - [2025-02-15T17:44:10.053+0000] {dagbag.py:536} INFO - Filling up the DagBag from /home/airflow/.local/lib/python3.8/site-packages/airflow/example_dags/example_latest_only.py
[2025-02-15T17:44:10.078+0000] {processor.py:839} INFO - DAG(s) dict_keys(['latest_only']) retrieved from /home/airflow/.local/lib/python3.8/site-packages/airflow/example_dags/example_latest_only.py
[2025-02-15T17:44:10.143+0000] {logging_mixin.py:154} INFO - [2025-02-15T17:44:10.143+0000] {dag.py:2941} INFO - Sync 1 DAGs
[2025-02-15T17:44:10.206+0000] {logging_mixin.py:154} INFO - [2025-02-15T17:44:10.206+0000] {dag.py:3722} INFO - Setting next_dagrun for latest_only to 2025-02-15T13:44:10.205321+00:00, run_after=2025-02-15T17:44:10.205321+00:00
[2025-02-15T17:44:10.271+0000] {processor.py:179} INFO - Processing /home/airflow/.local/lib/python3.8/site-packages/airflow/example_dags/example_latest_only.py took 0.240 seconds
[2025-02-15T17:44:41.249+0000] {processor.py:157} INFO - Started process (PID=5435) to work on /home/airflow/.local/lib/python3.8/site-packages/airflow/example_dags/example_latest_only.py
[2025-02-15T17:44:41.255+0000] {processor.py:829} INFO - Processing file /home/airflow/.local/lib/python3.8/site-packages/airflow/example_dags/example_latest_only.py for tasks to queue
[2025-02-15T17:44:41.258+0000] {logging_mixin.py:154} INFO - [2025-02-15T17:44:41.257+0000] {dagbag.py:536} INFO - Filling up the DagBag from /home/airflow/.local/lib/python3.8/site-packages/airflow/example_dags/example_latest_only.py
[2025-02-15T17:44:41.291+0000] {processor.py:839} INFO - DAG(s) dict_keys(['latest_only']) retrieved from /home/airflow/.local/lib/python3.8/site-packages/airflow/example_dags/example_latest_only.py
[2025-02-15T17:44:41.357+0000] {logging_mixin.py:154} INFO - [2025-02-15T17:44:41.357+0000] {dag.py:2941} INFO - Sync 1 DAGs
[2025-02-15T17:44:41.432+0000] {logging_mixin.py:154} INFO - [2025-02-15T17:44:41.431+0000] {dag.py:3722} INFO - Setting next_dagrun for latest_only to 2025-02-15T13:44:41.430752+00:00, run_after=2025-02-15T17:44:41.430752+00:00
[2025-02-15T17:44:41.495+0000] {processor.py:179} INFO - Processing /home/airflow/.local/lib/python3.8/site-packages/airflow/example_dags/example_latest_only.py took 0.277 seconds
[2025-02-15T17:45:12.605+0000] {processor.py:157} INFO - Started process (PID=5678) to work on /home/airflow/.local/lib/python3.8/site-packages/airflow/example_dags/example_latest_only.py
[2025-02-15T17:45:12.607+0000] {processor.py:829} INFO - Processing file /home/airflow/.local/lib/python3.8/site-packages/airflow/example_dags/example_latest_only.py for tasks to queue
[2025-02-15T17:45:12.609+0000] {logging_mixin.py:154} INFO - [2025-02-15T17:45:12.609+0000] {dagbag.py:536} INFO - Filling up the DagBag from /home/airflow/.local/lib/python3.8/site-packages/airflow/example_dags/example_latest_only.py
[2025-02-15T17:45:12.633+0000] {processor.py:839} INFO - DAG(s) dict_keys(['latest_only']) retrieved from /home/airflow/.local/lib/python3.8/site-packages/airflow/example_dags/example_latest_only.py
[2025-02-15T17:45:12.699+0000] {logging_mixin.py:154} INFO - [2025-02-15T17:45:12.699+0000] {dag.py:2941} INFO - Sync 1 DAGs
[2025-02-15T17:45:12.763+0000] {logging_mixin.py:154} INFO - [2025-02-15T17:45:12.763+0000] {dag.py:3722} INFO - Setting next_dagrun for latest_only to 2025-02-15T13:45:12.762393+00:00, run_after=2025-02-15T17:45:12.762393+00:00
[2025-02-15T17:45:12.836+0000] {processor.py:179} INFO - Processing /home/airflow/.local/lib/python3.8/site-packages/airflow/example_dags/example_latest_only.py took 0.254 seconds
[2025-02-15T17:45:43.468+0000] {processor.py:157} INFO - Started process (PID=5917) to work on /home/airflow/.local/lib/python3.8/site-packages/airflow/example_dags/example_latest_only.py
[2025-02-15T17:45:43.471+0000] {processor.py:829} INFO - Processing file /home/airflow/.local/lib/python3.8/site-packages/airflow/example_dags/example_latest_only.py for tasks to queue
[2025-02-15T17:45:43.472+0000] {logging_mixin.py:154} INFO - [2025-02-15T17:45:43.472+0000] {dagbag.py:536} INFO - Filling up the DagBag from /home/airflow/.local/lib/python3.8/site-packages/airflow/example_dags/example_latest_only.py
[2025-02-15T17:45:43.488+0000] {processor.py:839} INFO - DAG(s) dict_keys(['latest_only']) retrieved from /home/airflow/.local/lib/python3.8/site-packages/airflow/example_dags/example_latest_only.py
[2025-02-15T17:45:43.541+0000] {logging_mixin.py:154} INFO - [2025-02-15T17:45:43.541+0000] {dag.py:2941} INFO - Sync 1 DAGs
[2025-02-15T17:45:43.595+0000] {logging_mixin.py:154} INFO - [2025-02-15T17:45:43.595+0000] {dag.py:3722} INFO - Setting next_dagrun for latest_only to 2025-02-15T13:45:43.594474+00:00, run_after=2025-02-15T17:45:43.594474+00:00
[2025-02-15T17:45:43.653+0000] {processor.py:179} INFO - Processing /home/airflow/.local/lib/python3.8/site-packages/airflow/example_dags/example_latest_only.py took 0.194 seconds
[2025-02-15T17:46:14.508+0000] {processor.py:157} INFO - Started process (PID=6155) to work on /home/airflow/.local/lib/python3.8/site-packages/airflow/example_dags/example_latest_only.py
[2025-02-15T17:46:14.510+0000] {processor.py:829} INFO - Processing file /home/airflow/.local/lib/python3.8/site-packages/airflow/example_dags/example_latest_only.py for tasks to queue
[2025-02-15T17:46:14.513+0000] {logging_mixin.py:154} INFO - [2025-02-15T17:46:14.512+0000] {dagbag.py:536} INFO - Filling up the DagBag from /home/airflow/.local/lib/python3.8/site-packages/airflow/example_dags/example_latest_only.py
[2025-02-15T17:46:14.533+0000] {processor.py:839} INFO - DAG(s) dict_keys(['latest_only']) retrieved from /home/airflow/.local/lib/python3.8/site-packages/airflow/example_dags/example_latest_only.py
[2025-02-15T17:46:14.661+0000] {logging_mixin.py:154} INFO - [2025-02-15T17:46:14.660+0000] {dag.py:2941} INFO - Sync 1 DAGs
[2025-02-15T17:46:14.733+0000] {logging_mixin.py:154} INFO - [2025-02-15T17:46:14.732+0000] {dag.py:3722} INFO - Setting next_dagrun for latest_only to 2025-02-15T13:46:14.731972+00:00, run_after=2025-02-15T17:46:14.731972+00:00
[2025-02-15T17:46:14.798+0000] {processor.py:179} INFO - Processing /home/airflow/.local/lib/python3.8/site-packages/airflow/example_dags/example_latest_only.py took 0.309 seconds
