[2025-02-15T17:16:56.986+0000] {processor.py:157} INFO - Started process (PID=274) to work on /home/airflow/.local/lib/python3.8/site-packages/airflow/example_dags/example_branch_python_dop_operator_3.py
[2025-02-15T17:16:56.989+0000] {processor.py:829} INFO - Processing file /home/airflow/.local/lib/python3.8/site-packages/airflow/example_dags/example_branch_python_dop_operator_3.py for tasks to queue
[2025-02-15T17:16:56.992+0000] {logging_mixin.py:154} INFO - [2025-02-15T17:16:56.991+0000] {dagbag.py:536} INFO - Filling up the DagBag from /home/airflow/.local/lib/python3.8/site-packages/airflow/example_dags/example_branch_python_dop_operator_3.py
[2025-02-15T17:16:57.158+0000] {processor.py:839} INFO - DAG(s) dict_keys(['example_branch_dop_operator_v3']) retrieved from /home/airflow/.local/lib/python3.8/site-packages/airflow/example_dags/example_branch_python_dop_operator_3.py
[2025-02-15T17:16:57.256+0000] {logging_mixin.py:154} INFO - [2025-02-15T17:16:57.256+0000] {dag.py:2941} INFO - Sync 1 DAGs
[2025-02-15T17:16:57.351+0000] {logging_mixin.py:154} INFO - [2025-02-15T17:16:57.350+0000] {dag.py:3722} INFO - Setting next_dagrun for example_branch_dop_operator_v3 to 2025-02-15T17:15:00+00:00, run_after=2025-02-15T17:16:00+00:00
[2025-02-15T17:16:57.402+0000] {processor.py:179} INFO - Processing /home/airflow/.local/lib/python3.8/site-packages/airflow/example_dags/example_branch_python_dop_operator_3.py took 0.429 seconds
[2025-02-15T17:17:34.160+0000] {processor.py:157} INFO - Started process (PID=512) to work on /home/airflow/.local/lib/python3.8/site-packages/airflow/example_dags/example_branch_python_dop_operator_3.py
[2025-02-15T17:17:34.173+0000] {processor.py:829} INFO - Processing file /home/airflow/.local/lib/python3.8/site-packages/airflow/example_dags/example_branch_python_dop_operator_3.py for tasks to queue
[2025-02-15T17:17:34.182+0000] {logging_mixin.py:154} INFO - [2025-02-15T17:17:34.181+0000] {dagbag.py:536} INFO - Filling up the DagBag from /home/airflow/.local/lib/python3.8/site-packages/airflow/example_dags/example_branch_python_dop_operator_3.py
[2025-02-15T17:17:34.256+0000] {processor.py:839} INFO - DAG(s) dict_keys(['example_branch_dop_operator_v3']) retrieved from /home/airflow/.local/lib/python3.8/site-packages/airflow/example_dags/example_branch_python_dop_operator_3.py
[2025-02-15T17:17:34.636+0000] {logging_mixin.py:154} INFO - [2025-02-15T17:17:34.629+0000] {dag.py:2941} INFO - Sync 1 DAGs
[2025-02-15T17:17:35.021+0000] {logging_mixin.py:154} INFO - [2025-02-15T17:17:35.020+0000] {dag.py:3722} INFO - Setting next_dagrun for example_branch_dop_operator_v3 to 2025-02-15T17:16:00+00:00, run_after=2025-02-15T17:17:00+00:00
[2025-02-15T17:17:35.158+0000] {processor.py:179} INFO - Processing /home/airflow/.local/lib/python3.8/site-packages/airflow/example_dags/example_branch_python_dop_operator_3.py took 1.105 seconds
[2025-02-15T17:18:07.796+0000] {processor.py:157} INFO - Started process (PID=750) to work on /home/airflow/.local/lib/python3.8/site-packages/airflow/example_dags/example_branch_python_dop_operator_3.py
[2025-02-15T17:18:07.807+0000] {processor.py:829} INFO - Processing file /home/airflow/.local/lib/python3.8/site-packages/airflow/example_dags/example_branch_python_dop_operator_3.py for tasks to queue
[2025-02-15T17:18:07.818+0000] {logging_mixin.py:154} INFO - [2025-02-15T17:18:07.817+0000] {dagbag.py:536} INFO - Filling up the DagBag from /home/airflow/.local/lib/python3.8/site-packages/airflow/example_dags/example_branch_python_dop_operator_3.py
[2025-02-15T17:18:08.025+0000] {processor.py:839} INFO - DAG(s) dict_keys(['example_branch_dop_operator_v3']) retrieved from /home/airflow/.local/lib/python3.8/site-packages/airflow/example_dags/example_branch_python_dop_operator_3.py
[2025-02-15T17:18:08.284+0000] {logging_mixin.py:154} INFO - [2025-02-15T17:18:08.283+0000] {dag.py:2941} INFO - Sync 1 DAGs
[2025-02-15T17:18:08.640+0000] {logging_mixin.py:154} INFO - [2025-02-15T17:18:08.639+0000] {dag.py:3722} INFO - Setting next_dagrun for example_branch_dop_operator_v3 to 2025-02-15T17:17:00+00:00, run_after=2025-02-15T17:18:00+00:00
[2025-02-15T17:18:09.029+0000] {processor.py:179} INFO - Processing /home/airflow/.local/lib/python3.8/site-packages/airflow/example_dags/example_branch_python_dop_operator_3.py took 1.301 seconds
[2025-02-15T17:18:40.020+0000] {processor.py:157} INFO - Started process (PID=987) to work on /home/airflow/.local/lib/python3.8/site-packages/airflow/example_dags/example_branch_python_dop_operator_3.py
[2025-02-15T17:18:40.032+0000] {processor.py:829} INFO - Processing file /home/airflow/.local/lib/python3.8/site-packages/airflow/example_dags/example_branch_python_dop_operator_3.py for tasks to queue
[2025-02-15T17:18:40.037+0000] {logging_mixin.py:154} INFO - [2025-02-15T17:18:40.037+0000] {dagbag.py:536} INFO - Filling up the DagBag from /home/airflow/.local/lib/python3.8/site-packages/airflow/example_dags/example_branch_python_dop_operator_3.py
[2025-02-15T17:18:40.104+0000] {processor.py:839} INFO - DAG(s) dict_keys(['example_branch_dop_operator_v3']) retrieved from /home/airflow/.local/lib/python3.8/site-packages/airflow/example_dags/example_branch_python_dop_operator_3.py
[2025-02-15T17:18:40.346+0000] {logging_mixin.py:154} INFO - [2025-02-15T17:18:40.341+0000] {dag.py:2941} INFO - Sync 1 DAGs
[2025-02-15T17:18:40.811+0000] {logging_mixin.py:154} INFO - [2025-02-15T17:18:40.811+0000] {dag.py:3722} INFO - Setting next_dagrun for example_branch_dop_operator_v3 to 2025-02-15T17:17:00+00:00, run_after=2025-02-15T17:18:00+00:00
[2025-02-15T17:18:41.300+0000] {processor.py:179} INFO - Processing /home/airflow/.local/lib/python3.8/site-packages/airflow/example_dags/example_branch_python_dop_operator_3.py took 1.326 seconds
[2025-02-15T17:19:11.859+0000] {processor.py:157} INFO - Started process (PID=1225) to work on /home/airflow/.local/lib/python3.8/site-packages/airflow/example_dags/example_branch_python_dop_operator_3.py
[2025-02-15T17:19:11.863+0000] {processor.py:829} INFO - Processing file /home/airflow/.local/lib/python3.8/site-packages/airflow/example_dags/example_branch_python_dop_operator_3.py for tasks to queue
[2025-02-15T17:19:11.871+0000] {logging_mixin.py:154} INFO - [2025-02-15T17:19:11.867+0000] {dagbag.py:536} INFO - Filling up the DagBag from /home/airflow/.local/lib/python3.8/site-packages/airflow/example_dags/example_branch_python_dop_operator_3.py
[2025-02-15T17:19:11.947+0000] {processor.py:839} INFO - DAG(s) dict_keys(['example_branch_dop_operator_v3']) retrieved from /home/airflow/.local/lib/python3.8/site-packages/airflow/example_dags/example_branch_python_dop_operator_3.py
[2025-02-15T17:19:12.033+0000] {logging_mixin.py:154} INFO - [2025-02-15T17:19:12.033+0000] {dag.py:2941} INFO - Sync 1 DAGs
[2025-02-15T17:19:12.156+0000] {logging_mixin.py:154} INFO - [2025-02-15T17:19:12.155+0000] {dag.py:3722} INFO - Setting next_dagrun for example_branch_dop_operator_v3 to 2025-02-15T17:18:00+00:00, run_after=2025-02-15T17:19:00+00:00
[2025-02-15T17:19:12.242+0000] {processor.py:179} INFO - Processing /home/airflow/.local/lib/python3.8/site-packages/airflow/example_dags/example_branch_python_dop_operator_3.py took 0.413 seconds
[2025-02-15T17:19:50.881+0000] {processor.py:157} INFO - Started process (PID=1470) to work on /home/airflow/.local/lib/python3.8/site-packages/airflow/example_dags/example_branch_python_dop_operator_3.py
[2025-02-15T17:19:50.892+0000] {processor.py:829} INFO - Processing file /home/airflow/.local/lib/python3.8/site-packages/airflow/example_dags/example_branch_python_dop_operator_3.py for tasks to queue
[2025-02-15T17:19:50.906+0000] {logging_mixin.py:154} INFO - [2025-02-15T17:19:50.896+0000] {dagbag.py:536} INFO - Filling up the DagBag from /home/airflow/.local/lib/python3.8/site-packages/airflow/example_dags/example_branch_python_dop_operator_3.py
[2025-02-15T17:19:50.986+0000] {processor.py:839} INFO - DAG(s) dict_keys(['example_branch_dop_operator_v3']) retrieved from /home/airflow/.local/lib/python3.8/site-packages/airflow/example_dags/example_branch_python_dop_operator_3.py
[2025-02-15T17:19:51.151+0000] {logging_mixin.py:154} INFO - [2025-02-15T17:19:51.151+0000] {dag.py:2941} INFO - Sync 1 DAGs
[2025-02-15T17:19:51.374+0000] {logging_mixin.py:154} INFO - [2025-02-15T17:19:51.373+0000] {dag.py:3722} INFO - Setting next_dagrun for example_branch_dop_operator_v3 to 2025-02-15T17:18:00+00:00, run_after=2025-02-15T17:19:00+00:00
[2025-02-15T17:19:51.577+0000] {processor.py:179} INFO - Processing /home/airflow/.local/lib/python3.8/site-packages/airflow/example_dags/example_branch_python_dop_operator_3.py took 0.747 seconds
[2025-02-15T17:20:24.938+0000] {processor.py:157} INFO - Started process (PID=1707) to work on /home/airflow/.local/lib/python3.8/site-packages/airflow/example_dags/example_branch_python_dop_operator_3.py
[2025-02-15T17:20:24.948+0000] {processor.py:829} INFO - Processing file /home/airflow/.local/lib/python3.8/site-packages/airflow/example_dags/example_branch_python_dop_operator_3.py for tasks to queue
[2025-02-15T17:20:24.950+0000] {logging_mixin.py:154} INFO - [2025-02-15T17:20:24.949+0000] {dagbag.py:536} INFO - Filling up the DagBag from /home/airflow/.local/lib/python3.8/site-packages/airflow/example_dags/example_branch_python_dop_operator_3.py
[2025-02-15T17:20:25.045+0000] {processor.py:839} INFO - DAG(s) dict_keys(['example_branch_dop_operator_v3']) retrieved from /home/airflow/.local/lib/python3.8/site-packages/airflow/example_dags/example_branch_python_dop_operator_3.py
[2025-02-15T17:20:25.232+0000] {logging_mixin.py:154} INFO - [2025-02-15T17:20:25.232+0000] {dag.py:2941} INFO - Sync 1 DAGs
[2025-02-15T17:20:25.424+0000] {logging_mixin.py:154} INFO - [2025-02-15T17:20:25.423+0000] {dag.py:3722} INFO - Setting next_dagrun for example_branch_dop_operator_v3 to 2025-02-15T17:19:00+00:00, run_after=2025-02-15T17:20:00+00:00
[2025-02-15T17:20:25.494+0000] {processor.py:179} INFO - Processing /home/airflow/.local/lib/python3.8/site-packages/airflow/example_dags/example_branch_python_dop_operator_3.py took 0.584 seconds
[2025-02-15T17:20:56.432+0000] {processor.py:157} INFO - Started process (PID=1938) to work on /home/airflow/.local/lib/python3.8/site-packages/airflow/example_dags/example_branch_python_dop_operator_3.py
[2025-02-15T17:20:56.436+0000] {processor.py:829} INFO - Processing file /home/airflow/.local/lib/python3.8/site-packages/airflow/example_dags/example_branch_python_dop_operator_3.py for tasks to queue
[2025-02-15T17:20:56.440+0000] {logging_mixin.py:154} INFO - [2025-02-15T17:20:56.439+0000] {dagbag.py:536} INFO - Filling up the DagBag from /home/airflow/.local/lib/python3.8/site-packages/airflow/example_dags/example_branch_python_dop_operator_3.py
[2025-02-15T17:20:56.542+0000] {processor.py:839} INFO - DAG(s) dict_keys(['example_branch_dop_operator_v3']) retrieved from /home/airflow/.local/lib/python3.8/site-packages/airflow/example_dags/example_branch_python_dop_operator_3.py
[2025-02-15T17:20:56.769+0000] {logging_mixin.py:154} INFO - [2025-02-15T17:20:56.767+0000] {dag.py:2941} INFO - Sync 1 DAGs
[2025-02-15T17:20:57.125+0000] {logging_mixin.py:154} INFO - [2025-02-15T17:20:57.125+0000] {dag.py:3722} INFO - Setting next_dagrun for example_branch_dop_operator_v3 to 2025-02-15T17:19:00+00:00, run_after=2025-02-15T17:20:00+00:00
[2025-02-15T17:20:57.258+0000] {processor.py:179} INFO - Processing /home/airflow/.local/lib/python3.8/site-packages/airflow/example_dags/example_branch_python_dop_operator_3.py took 0.845 seconds
[2025-02-15T17:21:27.641+0000] {processor.py:157} INFO - Started process (PID=2178) to work on /home/airflow/.local/lib/python3.8/site-packages/airflow/example_dags/example_branch_python_dop_operator_3.py
[2025-02-15T17:21:27.645+0000] {processor.py:829} INFO - Processing file /home/airflow/.local/lib/python3.8/site-packages/airflow/example_dags/example_branch_python_dop_operator_3.py for tasks to queue
[2025-02-15T17:21:27.649+0000] {logging_mixin.py:154} INFO - [2025-02-15T17:21:27.648+0000] {dagbag.py:536} INFO - Filling up the DagBag from /home/airflow/.local/lib/python3.8/site-packages/airflow/example_dags/example_branch_python_dop_operator_3.py
[2025-02-15T17:21:27.681+0000] {processor.py:839} INFO - DAG(s) dict_keys(['example_branch_dop_operator_v3']) retrieved from /home/airflow/.local/lib/python3.8/site-packages/airflow/example_dags/example_branch_python_dop_operator_3.py
[2025-02-15T17:21:27.753+0000] {logging_mixin.py:154} INFO - [2025-02-15T17:21:27.753+0000] {dag.py:2941} INFO - Sync 1 DAGs
[2025-02-15T17:21:27.856+0000] {logging_mixin.py:154} INFO - [2025-02-15T17:21:27.855+0000] {dag.py:3722} INFO - Setting next_dagrun for example_branch_dop_operator_v3 to 2025-02-15T17:20:00+00:00, run_after=2025-02-15T17:21:00+00:00
[2025-02-15T17:21:27.935+0000] {processor.py:179} INFO - Processing /home/airflow/.local/lib/python3.8/site-packages/airflow/example_dags/example_branch_python_dop_operator_3.py took 0.308 seconds
[2025-02-15T17:21:58.447+0000] {processor.py:157} INFO - Started process (PID=2415) to work on /home/airflow/.local/lib/python3.8/site-packages/airflow/example_dags/example_branch_python_dop_operator_3.py
[2025-02-15T17:21:58.455+0000] {processor.py:829} INFO - Processing file /home/airflow/.local/lib/python3.8/site-packages/airflow/example_dags/example_branch_python_dop_operator_3.py for tasks to queue
[2025-02-15T17:21:58.463+0000] {logging_mixin.py:154} INFO - [2025-02-15T17:21:58.462+0000] {dagbag.py:536} INFO - Filling up the DagBag from /home/airflow/.local/lib/python3.8/site-packages/airflow/example_dags/example_branch_python_dop_operator_3.py
[2025-02-15T17:21:58.514+0000] {processor.py:839} INFO - DAG(s) dict_keys(['example_branch_dop_operator_v3']) retrieved from /home/airflow/.local/lib/python3.8/site-packages/airflow/example_dags/example_branch_python_dop_operator_3.py
[2025-02-15T17:21:58.590+0000] {logging_mixin.py:154} INFO - [2025-02-15T17:21:58.589+0000] {dag.py:2941} INFO - Sync 1 DAGs
[2025-02-15T17:21:58.790+0000] {logging_mixin.py:154} INFO - [2025-02-15T17:21:58.789+0000] {dag.py:3722} INFO - Setting next_dagrun for example_branch_dop_operator_v3 to 2025-02-15T17:20:00+00:00, run_after=2025-02-15T17:21:00+00:00
[2025-02-15T17:21:58.881+0000] {processor.py:179} INFO - Processing /home/airflow/.local/lib/python3.8/site-packages/airflow/example_dags/example_branch_python_dop_operator_3.py took 0.478 seconds
[2025-02-15T17:22:29.717+0000] {processor.py:157} INFO - Started process (PID=2653) to work on /home/airflow/.local/lib/python3.8/site-packages/airflow/example_dags/example_branch_python_dop_operator_3.py
[2025-02-15T17:22:29.732+0000] {processor.py:829} INFO - Processing file /home/airflow/.local/lib/python3.8/site-packages/airflow/example_dags/example_branch_python_dop_operator_3.py for tasks to queue
[2025-02-15T17:22:29.735+0000] {logging_mixin.py:154} INFO - [2025-02-15T17:22:29.735+0000] {dagbag.py:536} INFO - Filling up the DagBag from /home/airflow/.local/lib/python3.8/site-packages/airflow/example_dags/example_branch_python_dop_operator_3.py
[2025-02-15T17:22:29.771+0000] {processor.py:839} INFO - DAG(s) dict_keys(['example_branch_dop_operator_v3']) retrieved from /home/airflow/.local/lib/python3.8/site-packages/airflow/example_dags/example_branch_python_dop_operator_3.py
[2025-02-15T17:22:29.940+0000] {logging_mixin.py:154} INFO - [2025-02-15T17:22:29.937+0000] {dag.py:2941} INFO - Sync 1 DAGs
[2025-02-15T17:22:30.104+0000] {logging_mixin.py:154} INFO - [2025-02-15T17:22:30.103+0000] {dag.py:3722} INFO - Setting next_dagrun for example_branch_dop_operator_v3 to 2025-02-15T17:21:00+00:00, run_after=2025-02-15T17:22:00+00:00
[2025-02-15T17:22:30.232+0000] {processor.py:179} INFO - Processing /home/airflow/.local/lib/python3.8/site-packages/airflow/example_dags/example_branch_python_dop_operator_3.py took 0.552 seconds
[2025-02-15T17:23:02.098+0000] {processor.py:157} INFO - Started process (PID=2892) to work on /home/airflow/.local/lib/python3.8/site-packages/airflow/example_dags/example_branch_python_dop_operator_3.py
[2025-02-15T17:23:02.108+0000] {processor.py:829} INFO - Processing file /home/airflow/.local/lib/python3.8/site-packages/airflow/example_dags/example_branch_python_dop_operator_3.py for tasks to queue
[2025-02-15T17:23:02.121+0000] {logging_mixin.py:154} INFO - [2025-02-15T17:23:02.109+0000] {dagbag.py:536} INFO - Filling up the DagBag from /home/airflow/.local/lib/python3.8/site-packages/airflow/example_dags/example_branch_python_dop_operator_3.py
[2025-02-15T17:23:02.295+0000] {processor.py:839} INFO - DAG(s) dict_keys(['example_branch_dop_operator_v3']) retrieved from /home/airflow/.local/lib/python3.8/site-packages/airflow/example_dags/example_branch_python_dop_operator_3.py
[2025-02-15T17:23:02.377+0000] {logging_mixin.py:154} INFO - [2025-02-15T17:23:02.376+0000] {dag.py:2941} INFO - Sync 1 DAGs
[2025-02-15T17:23:02.600+0000] {logging_mixin.py:154} INFO - [2025-02-15T17:23:02.599+0000] {dag.py:3722} INFO - Setting next_dagrun for example_branch_dop_operator_v3 to 2025-02-15T17:22:00+00:00, run_after=2025-02-15T17:23:00+00:00
[2025-02-15T17:23:02.797+0000] {processor.py:179} INFO - Processing /home/airflow/.local/lib/python3.8/site-packages/airflow/example_dags/example_branch_python_dop_operator_3.py took 0.744 seconds
[2025-02-15T17:23:32.964+0000] {processor.py:157} INFO - Started process (PID=3127) to work on /home/airflow/.local/lib/python3.8/site-packages/airflow/example_dags/example_branch_python_dop_operator_3.py
[2025-02-15T17:23:32.967+0000] {processor.py:829} INFO - Processing file /home/airflow/.local/lib/python3.8/site-packages/airflow/example_dags/example_branch_python_dop_operator_3.py for tasks to queue
[2025-02-15T17:23:32.970+0000] {logging_mixin.py:154} INFO - [2025-02-15T17:23:32.968+0000] {dagbag.py:536} INFO - Filling up the DagBag from /home/airflow/.local/lib/python3.8/site-packages/airflow/example_dags/example_branch_python_dop_operator_3.py
[2025-02-15T17:23:33.001+0000] {processor.py:839} INFO - DAG(s) dict_keys(['example_branch_dop_operator_v3']) retrieved from /home/airflow/.local/lib/python3.8/site-packages/airflow/example_dags/example_branch_python_dop_operator_3.py
[2025-02-15T17:23:33.073+0000] {logging_mixin.py:154} INFO - [2025-02-15T17:23:33.073+0000] {dag.py:2941} INFO - Sync 1 DAGs
[2025-02-15T17:23:33.167+0000] {logging_mixin.py:154} INFO - [2025-02-15T17:23:33.167+0000] {dag.py:3722} INFO - Setting next_dagrun for example_branch_dop_operator_v3 to 2025-02-15T17:22:00+00:00, run_after=2025-02-15T17:23:00+00:00
[2025-02-15T17:23:33.244+0000] {processor.py:179} INFO - Processing /home/airflow/.local/lib/python3.8/site-packages/airflow/example_dags/example_branch_python_dop_operator_3.py took 0.291 seconds
[2025-02-15T17:24:09.360+0000] {processor.py:157} INFO - Started process (PID=3365) to work on /home/airflow/.local/lib/python3.8/site-packages/airflow/example_dags/example_branch_python_dop_operator_3.py
[2025-02-15T17:24:09.370+0000] {processor.py:829} INFO - Processing file /home/airflow/.local/lib/python3.8/site-packages/airflow/example_dags/example_branch_python_dop_operator_3.py for tasks to queue
[2025-02-15T17:24:09.390+0000] {logging_mixin.py:154} INFO - [2025-02-15T17:24:09.377+0000] {dagbag.py:536} INFO - Filling up the DagBag from /home/airflow/.local/lib/python3.8/site-packages/airflow/example_dags/example_branch_python_dop_operator_3.py
[2025-02-15T17:24:09.616+0000] {processor.py:839} INFO - DAG(s) dict_keys(['example_branch_dop_operator_v3']) retrieved from /home/airflow/.local/lib/python3.8/site-packages/airflow/example_dags/example_branch_python_dop_operator_3.py
[2025-02-15T17:24:10.030+0000] {logging_mixin.py:154} INFO - [2025-02-15T17:24:10.030+0000] {dag.py:2941} INFO - Sync 1 DAGs
[2025-02-15T17:24:10.254+0000] {logging_mixin.py:154} INFO - [2025-02-15T17:24:10.252+0000] {dag.py:3722} INFO - Setting next_dagrun for example_branch_dop_operator_v3 to 2025-02-15T17:23:00+00:00, run_after=2025-02-15T17:24:00+00:00
[2025-02-15T17:24:10.399+0000] {processor.py:179} INFO - Processing /home/airflow/.local/lib/python3.8/site-packages/airflow/example_dags/example_branch_python_dop_operator_3.py took 1.062 seconds
[2025-02-15T17:28:03.459+0000] {processor.py:157} INFO - Started process (PID=271) to work on /home/airflow/.local/lib/python3.8/site-packages/airflow/example_dags/example_branch_python_dop_operator_3.py
[2025-02-15T17:28:03.463+0000] {processor.py:829} INFO - Processing file /home/airflow/.local/lib/python3.8/site-packages/airflow/example_dags/example_branch_python_dop_operator_3.py for tasks to queue
[2025-02-15T17:28:03.470+0000] {logging_mixin.py:154} INFO - [2025-02-15T17:28:03.469+0000] {dagbag.py:536} INFO - Filling up the DagBag from /home/airflow/.local/lib/python3.8/site-packages/airflow/example_dags/example_branch_python_dop_operator_3.py
[2025-02-15T17:28:03.524+0000] {processor.py:839} INFO - DAG(s) dict_keys(['example_branch_dop_operator_v3']) retrieved from /home/airflow/.local/lib/python3.8/site-packages/airflow/example_dags/example_branch_python_dop_operator_3.py
[2025-02-15T17:28:03.663+0000] {logging_mixin.py:154} INFO - [2025-02-15T17:28:03.663+0000] {dag.py:2941} INFO - Sync 1 DAGs
[2025-02-15T17:28:03.781+0000] {logging_mixin.py:154} INFO - [2025-02-15T17:28:03.781+0000] {dag.py:3722} INFO - Setting next_dagrun for example_branch_dop_operator_v3 to 2025-02-15T17:27:00+00:00, run_after=2025-02-15T17:28:00+00:00
[2025-02-15T17:28:03.900+0000] {processor.py:179} INFO - Processing /home/airflow/.local/lib/python3.8/site-packages/airflow/example_dags/example_branch_python_dop_operator_3.py took 0.452 seconds
[2025-02-15T17:33:44.974+0000] {processor.py:157} INFO - Started process (PID=272) to work on /home/airflow/.local/lib/python3.8/site-packages/airflow/example_dags/example_branch_python_dop_operator_3.py
[2025-02-15T17:33:44.979+0000] {processor.py:829} INFO - Processing file /home/airflow/.local/lib/python3.8/site-packages/airflow/example_dags/example_branch_python_dop_operator_3.py for tasks to queue
[2025-02-15T17:33:44.982+0000] {logging_mixin.py:154} INFO - [2025-02-15T17:33:44.981+0000] {dagbag.py:536} INFO - Filling up the DagBag from /home/airflow/.local/lib/python3.8/site-packages/airflow/example_dags/example_branch_python_dop_operator_3.py
[2025-02-15T17:33:45.021+0000] {processor.py:839} INFO - DAG(s) dict_keys(['example_branch_dop_operator_v3']) retrieved from /home/airflow/.local/lib/python3.8/site-packages/airflow/example_dags/example_branch_python_dop_operator_3.py
[2025-02-15T17:33:45.111+0000] {logging_mixin.py:154} INFO - [2025-02-15T17:33:45.109+0000] {dag.py:2941} INFO - Sync 1 DAGs
[2025-02-15T17:33:45.194+0000] {logging_mixin.py:154} INFO - [2025-02-15T17:33:45.194+0000] {dag.py:3722} INFO - Setting next_dagrun for example_branch_dop_operator_v3 to 2025-02-15T17:32:00+00:00, run_after=2025-02-15T17:33:00+00:00
[2025-02-15T17:33:45.296+0000] {processor.py:179} INFO - Processing /home/airflow/.local/lib/python3.8/site-packages/airflow/example_dags/example_branch_python_dop_operator_3.py took 0.332 seconds
[2025-02-15T17:34:16.316+0000] {processor.py:157} INFO - Started process (PID=509) to work on /home/airflow/.local/lib/python3.8/site-packages/airflow/example_dags/example_branch_python_dop_operator_3.py
[2025-02-15T17:34:16.318+0000] {processor.py:829} INFO - Processing file /home/airflow/.local/lib/python3.8/site-packages/airflow/example_dags/example_branch_python_dop_operator_3.py for tasks to queue
[2025-02-15T17:34:16.322+0000] {logging_mixin.py:154} INFO - [2025-02-15T17:34:16.321+0000] {dagbag.py:536} INFO - Filling up the DagBag from /home/airflow/.local/lib/python3.8/site-packages/airflow/example_dags/example_branch_python_dop_operator_3.py
[2025-02-15T17:34:16.355+0000] {processor.py:839} INFO - DAG(s) dict_keys(['example_branch_dop_operator_v3']) retrieved from /home/airflow/.local/lib/python3.8/site-packages/airflow/example_dags/example_branch_python_dop_operator_3.py
[2025-02-15T17:34:16.425+0000] {logging_mixin.py:154} INFO - [2025-02-15T17:34:16.425+0000] {dag.py:2941} INFO - Sync 1 DAGs
[2025-02-15T17:34:16.511+0000] {logging_mixin.py:154} INFO - [2025-02-15T17:34:16.510+0000] {dag.py:3722} INFO - Setting next_dagrun for example_branch_dop_operator_v3 to 2025-02-15T17:33:00+00:00, run_after=2025-02-15T17:34:00+00:00
[2025-02-15T17:34:16.569+0000] {processor.py:179} INFO - Processing /home/airflow/.local/lib/python3.8/site-packages/airflow/example_dags/example_branch_python_dop_operator_3.py took 0.262 seconds
[2025-02-15T17:34:48.865+0000] {processor.py:157} INFO - Started process (PID=748) to work on /home/airflow/.local/lib/python3.8/site-packages/airflow/example_dags/example_branch_python_dop_operator_3.py
[2025-02-15T17:34:48.869+0000] {processor.py:829} INFO - Processing file /home/airflow/.local/lib/python3.8/site-packages/airflow/example_dags/example_branch_python_dop_operator_3.py for tasks to queue
[2025-02-15T17:34:48.871+0000] {logging_mixin.py:154} INFO - [2025-02-15T17:34:48.870+0000] {dagbag.py:536} INFO - Filling up the DagBag from /home/airflow/.local/lib/python3.8/site-packages/airflow/example_dags/example_branch_python_dop_operator_3.py
[2025-02-15T17:34:48.916+0000] {processor.py:839} INFO - DAG(s) dict_keys(['example_branch_dop_operator_v3']) retrieved from /home/airflow/.local/lib/python3.8/site-packages/airflow/example_dags/example_branch_python_dop_operator_3.py
[2025-02-15T17:34:49.078+0000] {logging_mixin.py:154} INFO - [2025-02-15T17:34:49.077+0000] {dag.py:2941} INFO - Sync 1 DAGs
[2025-02-15T17:34:49.289+0000] {logging_mixin.py:154} INFO - [2025-02-15T17:34:49.288+0000] {dag.py:3722} INFO - Setting next_dagrun for example_branch_dop_operator_v3 to 2025-02-15T17:33:00+00:00, run_after=2025-02-15T17:34:00+00:00
[2025-02-15T17:34:49.391+0000] {processor.py:179} INFO - Processing /home/airflow/.local/lib/python3.8/site-packages/airflow/example_dags/example_branch_python_dop_operator_3.py took 0.541 seconds
[2025-02-15T17:35:19.540+0000] {processor.py:157} INFO - Started process (PID=985) to work on /home/airflow/.local/lib/python3.8/site-packages/airflow/example_dags/example_branch_python_dop_operator_3.py
[2025-02-15T17:35:19.544+0000] {processor.py:829} INFO - Processing file /home/airflow/.local/lib/python3.8/site-packages/airflow/example_dags/example_branch_python_dop_operator_3.py for tasks to queue
[2025-02-15T17:35:19.547+0000] {logging_mixin.py:154} INFO - [2025-02-15T17:35:19.546+0000] {dagbag.py:536} INFO - Filling up the DagBag from /home/airflow/.local/lib/python3.8/site-packages/airflow/example_dags/example_branch_python_dop_operator_3.py
[2025-02-15T17:35:19.576+0000] {processor.py:839} INFO - DAG(s) dict_keys(['example_branch_dop_operator_v3']) retrieved from /home/airflow/.local/lib/python3.8/site-packages/airflow/example_dags/example_branch_python_dop_operator_3.py
[2025-02-15T17:35:19.640+0000] {logging_mixin.py:154} INFO - [2025-02-15T17:35:19.640+0000] {dag.py:2941} INFO - Sync 1 DAGs
[2025-02-15T17:35:19.724+0000] {logging_mixin.py:154} INFO - [2025-02-15T17:35:19.724+0000] {dag.py:3722} INFO - Setting next_dagrun for example_branch_dop_operator_v3 to 2025-02-15T17:34:00+00:00, run_after=2025-02-15T17:35:00+00:00
[2025-02-15T17:35:19.792+0000] {processor.py:179} INFO - Processing /home/airflow/.local/lib/python3.8/site-packages/airflow/example_dags/example_branch_python_dop_operator_3.py took 0.262 seconds
[2025-02-15T17:35:50.473+0000] {processor.py:157} INFO - Started process (PID=1223) to work on /home/airflow/.local/lib/python3.8/site-packages/airflow/example_dags/example_branch_python_dop_operator_3.py
[2025-02-15T17:35:50.476+0000] {processor.py:829} INFO - Processing file /home/airflow/.local/lib/python3.8/site-packages/airflow/example_dags/example_branch_python_dop_operator_3.py for tasks to queue
[2025-02-15T17:35:50.478+0000] {logging_mixin.py:154} INFO - [2025-02-15T17:35:50.477+0000] {dagbag.py:536} INFO - Filling up the DagBag from /home/airflow/.local/lib/python3.8/site-packages/airflow/example_dags/example_branch_python_dop_operator_3.py
[2025-02-15T17:35:50.503+0000] {processor.py:839} INFO - DAG(s) dict_keys(['example_branch_dop_operator_v3']) retrieved from /home/airflow/.local/lib/python3.8/site-packages/airflow/example_dags/example_branch_python_dop_operator_3.py
[2025-02-15T17:35:50.573+0000] {logging_mixin.py:154} INFO - [2025-02-15T17:35:50.573+0000] {dag.py:2941} INFO - Sync 1 DAGs
[2025-02-15T17:35:50.670+0000] {logging_mixin.py:154} INFO - [2025-02-15T17:35:50.669+0000] {dag.py:3722} INFO - Setting next_dagrun for example_branch_dop_operator_v3 to 2025-02-15T17:34:00+00:00, run_after=2025-02-15T17:35:00+00:00
[2025-02-15T17:35:50.733+0000] {processor.py:179} INFO - Processing /home/airflow/.local/lib/python3.8/site-packages/airflow/example_dags/example_branch_python_dop_operator_3.py took 0.271 seconds
[2025-02-15T17:36:21.072+0000] {processor.py:157} INFO - Started process (PID=1467) to work on /home/airflow/.local/lib/python3.8/site-packages/airflow/example_dags/example_branch_python_dop_operator_3.py
[2025-02-15T17:36:21.087+0000] {processor.py:829} INFO - Processing file /home/airflow/.local/lib/python3.8/site-packages/airflow/example_dags/example_branch_python_dop_operator_3.py for tasks to queue
[2025-02-15T17:36:21.094+0000] {logging_mixin.py:154} INFO - [2025-02-15T17:36:21.092+0000] {dagbag.py:536} INFO - Filling up the DagBag from /home/airflow/.local/lib/python3.8/site-packages/airflow/example_dags/example_branch_python_dop_operator_3.py
[2025-02-15T17:36:21.135+0000] {processor.py:839} INFO - DAG(s) dict_keys(['example_branch_dop_operator_v3']) retrieved from /home/airflow/.local/lib/python3.8/site-packages/airflow/example_dags/example_branch_python_dop_operator_3.py
[2025-02-15T17:36:21.203+0000] {logging_mixin.py:154} INFO - [2025-02-15T17:36:21.203+0000] {dag.py:2941} INFO - Sync 1 DAGs
[2025-02-15T17:36:21.307+0000] {logging_mixin.py:154} INFO - [2025-02-15T17:36:21.307+0000] {dag.py:3722} INFO - Setting next_dagrun for example_branch_dop_operator_v3 to 2025-02-15T17:35:00+00:00, run_after=2025-02-15T17:36:00+00:00
[2025-02-15T17:36:21.366+0000] {processor.py:179} INFO - Processing /home/airflow/.local/lib/python3.8/site-packages/airflow/example_dags/example_branch_python_dop_operator_3.py took 0.322 seconds
[2025-02-15T17:36:51.694+0000] {processor.py:157} INFO - Started process (PID=1728) to work on /home/airflow/.local/lib/python3.8/site-packages/airflow/example_dags/example_branch_python_dop_operator_3.py
[2025-02-15T17:36:51.696+0000] {processor.py:829} INFO - Processing file /home/airflow/.local/lib/python3.8/site-packages/airflow/example_dags/example_branch_python_dop_operator_3.py for tasks to queue
[2025-02-15T17:36:51.698+0000] {logging_mixin.py:154} INFO - [2025-02-15T17:36:51.698+0000] {dagbag.py:536} INFO - Filling up the DagBag from /home/airflow/.local/lib/python3.8/site-packages/airflow/example_dags/example_branch_python_dop_operator_3.py
[2025-02-15T17:36:51.731+0000] {processor.py:839} INFO - DAG(s) dict_keys(['example_branch_dop_operator_v3']) retrieved from /home/airflow/.local/lib/python3.8/site-packages/airflow/example_dags/example_branch_python_dop_operator_3.py
[2025-02-15T17:36:51.792+0000] {logging_mixin.py:154} INFO - [2025-02-15T17:36:51.791+0000] {dag.py:2941} INFO - Sync 1 DAGs
[2025-02-15T17:36:51.888+0000] {logging_mixin.py:154} INFO - [2025-02-15T17:36:51.887+0000] {dag.py:3722} INFO - Setting next_dagrun for example_branch_dop_operator_v3 to 2025-02-15T17:35:00+00:00, run_after=2025-02-15T17:36:00+00:00
[2025-02-15T17:36:51.961+0000] {processor.py:179} INFO - Processing /home/airflow/.local/lib/python3.8/site-packages/airflow/example_dags/example_branch_python_dop_operator_3.py took 0.277 seconds
[2025-02-15T17:37:22.695+0000] {processor.py:157} INFO - Started process (PID=1966) to work on /home/airflow/.local/lib/python3.8/site-packages/airflow/example_dags/example_branch_python_dop_operator_3.py
[2025-02-15T17:37:22.701+0000] {processor.py:829} INFO - Processing file /home/airflow/.local/lib/python3.8/site-packages/airflow/example_dags/example_branch_python_dop_operator_3.py for tasks to queue
[2025-02-15T17:37:22.704+0000] {logging_mixin.py:154} INFO - [2025-02-15T17:37:22.703+0000] {dagbag.py:536} INFO - Filling up the DagBag from /home/airflow/.local/lib/python3.8/site-packages/airflow/example_dags/example_branch_python_dop_operator_3.py
[2025-02-15T17:37:22.736+0000] {processor.py:839} INFO - DAG(s) dict_keys(['example_branch_dop_operator_v3']) retrieved from /home/airflow/.local/lib/python3.8/site-packages/airflow/example_dags/example_branch_python_dop_operator_3.py
[2025-02-15T17:37:22.800+0000] {logging_mixin.py:154} INFO - [2025-02-15T17:37:22.800+0000] {dag.py:2941} INFO - Sync 1 DAGs
[2025-02-15T17:37:22.891+0000] {logging_mixin.py:154} INFO - [2025-02-15T17:37:22.891+0000] {dag.py:3722} INFO - Setting next_dagrun for example_branch_dop_operator_v3 to 2025-02-15T17:36:00+00:00, run_after=2025-02-15T17:37:00+00:00
[2025-02-15T17:37:22.942+0000] {processor.py:179} INFO - Processing /home/airflow/.local/lib/python3.8/site-packages/airflow/example_dags/example_branch_python_dop_operator_3.py took 0.256 seconds
[2025-02-15T17:37:53.192+0000] {processor.py:157} INFO - Started process (PID=2204) to work on /home/airflow/.local/lib/python3.8/site-packages/airflow/example_dags/example_branch_python_dop_operator_3.py
[2025-02-15T17:37:53.196+0000] {processor.py:829} INFO - Processing file /home/airflow/.local/lib/python3.8/site-packages/airflow/example_dags/example_branch_python_dop_operator_3.py for tasks to queue
[2025-02-15T17:37:53.198+0000] {logging_mixin.py:154} INFO - [2025-02-15T17:37:53.197+0000] {dagbag.py:536} INFO - Filling up the DagBag from /home/airflow/.local/lib/python3.8/site-packages/airflow/example_dags/example_branch_python_dop_operator_3.py
[2025-02-15T17:37:53.226+0000] {processor.py:839} INFO - DAG(s) dict_keys(['example_branch_dop_operator_v3']) retrieved from /home/airflow/.local/lib/python3.8/site-packages/airflow/example_dags/example_branch_python_dop_operator_3.py
[2025-02-15T17:37:53.286+0000] {logging_mixin.py:154} INFO - [2025-02-15T17:37:53.285+0000] {dag.py:2941} INFO - Sync 1 DAGs
[2025-02-15T17:37:53.361+0000] {logging_mixin.py:154} INFO - [2025-02-15T17:37:53.361+0000] {dag.py:3722} INFO - Setting next_dagrun for example_branch_dop_operator_v3 to 2025-02-15T17:36:00+00:00, run_after=2025-02-15T17:37:00+00:00
[2025-02-15T17:37:53.424+0000] {processor.py:179} INFO - Processing /home/airflow/.local/lib/python3.8/site-packages/airflow/example_dags/example_branch_python_dop_operator_3.py took 0.242 seconds
[2025-02-15T17:38:23.870+0000] {processor.py:157} INFO - Started process (PID=2442) to work on /home/airflow/.local/lib/python3.8/site-packages/airflow/example_dags/example_branch_python_dop_operator_3.py
[2025-02-15T17:38:23.876+0000] {processor.py:829} INFO - Processing file /home/airflow/.local/lib/python3.8/site-packages/airflow/example_dags/example_branch_python_dop_operator_3.py for tasks to queue
[2025-02-15T17:38:23.879+0000] {logging_mixin.py:154} INFO - [2025-02-15T17:38:23.878+0000] {dagbag.py:536} INFO - Filling up the DagBag from /home/airflow/.local/lib/python3.8/site-packages/airflow/example_dags/example_branch_python_dop_operator_3.py
[2025-02-15T17:38:23.906+0000] {processor.py:839} INFO - DAG(s) dict_keys(['example_branch_dop_operator_v3']) retrieved from /home/airflow/.local/lib/python3.8/site-packages/airflow/example_dags/example_branch_python_dop_operator_3.py
[2025-02-15T17:38:23.970+0000] {logging_mixin.py:154} INFO - [2025-02-15T17:38:23.969+0000] {dag.py:2941} INFO - Sync 1 DAGs
[2025-02-15T17:38:24.049+0000] {logging_mixin.py:154} INFO - [2025-02-15T17:38:24.049+0000] {dag.py:3722} INFO - Setting next_dagrun for example_branch_dop_operator_v3 to 2025-02-15T17:37:00+00:00, run_after=2025-02-15T17:38:00+00:00
[2025-02-15T17:38:24.110+0000] {processor.py:179} INFO - Processing /home/airflow/.local/lib/python3.8/site-packages/airflow/example_dags/example_branch_python_dop_operator_3.py took 0.254 seconds
[2025-02-15T17:38:54.618+0000] {processor.py:157} INFO - Started process (PID=2679) to work on /home/airflow/.local/lib/python3.8/site-packages/airflow/example_dags/example_branch_python_dop_operator_3.py
[2025-02-15T17:38:54.621+0000] {processor.py:829} INFO - Processing file /home/airflow/.local/lib/python3.8/site-packages/airflow/example_dags/example_branch_python_dop_operator_3.py for tasks to queue
[2025-02-15T17:38:54.624+0000] {logging_mixin.py:154} INFO - [2025-02-15T17:38:54.623+0000] {dagbag.py:536} INFO - Filling up the DagBag from /home/airflow/.local/lib/python3.8/site-packages/airflow/example_dags/example_branch_python_dop_operator_3.py
[2025-02-15T17:38:54.651+0000] {processor.py:839} INFO - DAG(s) dict_keys(['example_branch_dop_operator_v3']) retrieved from /home/airflow/.local/lib/python3.8/site-packages/airflow/example_dags/example_branch_python_dop_operator_3.py
[2025-02-15T17:38:54.717+0000] {logging_mixin.py:154} INFO - [2025-02-15T17:38:54.716+0000] {dag.py:2941} INFO - Sync 1 DAGs
[2025-02-15T17:38:54.809+0000] {logging_mixin.py:154} INFO - [2025-02-15T17:38:54.809+0000] {dag.py:3722} INFO - Setting next_dagrun for example_branch_dop_operator_v3 to 2025-02-15T17:37:00+00:00, run_after=2025-02-15T17:38:00+00:00
[2025-02-15T17:38:54.893+0000] {processor.py:179} INFO - Processing /home/airflow/.local/lib/python3.8/site-packages/airflow/example_dags/example_branch_python_dop_operator_3.py took 0.287 seconds
[2025-02-15T17:39:25.166+0000] {processor.py:157} INFO - Started process (PID=2918) to work on /home/airflow/.local/lib/python3.8/site-packages/airflow/example_dags/example_branch_python_dop_operator_3.py
[2025-02-15T17:39:25.169+0000] {processor.py:829} INFO - Processing file /home/airflow/.local/lib/python3.8/site-packages/airflow/example_dags/example_branch_python_dop_operator_3.py for tasks to queue
[2025-02-15T17:39:25.172+0000] {logging_mixin.py:154} INFO - [2025-02-15T17:39:25.171+0000] {dagbag.py:536} INFO - Filling up the DagBag from /home/airflow/.local/lib/python3.8/site-packages/airflow/example_dags/example_branch_python_dop_operator_3.py
[2025-02-15T17:39:25.207+0000] {processor.py:839} INFO - DAG(s) dict_keys(['example_branch_dop_operator_v3']) retrieved from /home/airflow/.local/lib/python3.8/site-packages/airflow/example_dags/example_branch_python_dop_operator_3.py
[2025-02-15T17:39:25.272+0000] {logging_mixin.py:154} INFO - [2025-02-15T17:39:25.271+0000] {dag.py:2941} INFO - Sync 1 DAGs
[2025-02-15T17:39:25.362+0000] {logging_mixin.py:154} INFO - [2025-02-15T17:39:25.362+0000] {dag.py:3722} INFO - Setting next_dagrun for example_branch_dop_operator_v3 to 2025-02-15T17:38:00+00:00, run_after=2025-02-15T17:39:00+00:00
[2025-02-15T17:39:25.435+0000] {processor.py:179} INFO - Processing /home/airflow/.local/lib/python3.8/site-packages/airflow/example_dags/example_branch_python_dop_operator_3.py took 0.277 seconds
[2025-02-15T17:39:55.823+0000] {processor.py:157} INFO - Started process (PID=3156) to work on /home/airflow/.local/lib/python3.8/site-packages/airflow/example_dags/example_branch_python_dop_operator_3.py
[2025-02-15T17:39:55.827+0000] {processor.py:829} INFO - Processing file /home/airflow/.local/lib/python3.8/site-packages/airflow/example_dags/example_branch_python_dop_operator_3.py for tasks to queue
[2025-02-15T17:39:55.829+0000] {logging_mixin.py:154} INFO - [2025-02-15T17:39:55.828+0000] {dagbag.py:536} INFO - Filling up the DagBag from /home/airflow/.local/lib/python3.8/site-packages/airflow/example_dags/example_branch_python_dop_operator_3.py
[2025-02-15T17:39:55.866+0000] {processor.py:839} INFO - DAG(s) dict_keys(['example_branch_dop_operator_v3']) retrieved from /home/airflow/.local/lib/python3.8/site-packages/airflow/example_dags/example_branch_python_dop_operator_3.py
[2025-02-15T17:39:55.937+0000] {logging_mixin.py:154} INFO - [2025-02-15T17:39:55.937+0000] {dag.py:2941} INFO - Sync 1 DAGs
[2025-02-15T17:39:56.022+0000] {logging_mixin.py:154} INFO - [2025-02-15T17:39:56.021+0000] {dag.py:3722} INFO - Setting next_dagrun for example_branch_dop_operator_v3 to 2025-02-15T17:38:00+00:00, run_after=2025-02-15T17:39:00+00:00
[2025-02-15T17:39:56.087+0000] {processor.py:179} INFO - Processing /home/airflow/.local/lib/python3.8/site-packages/airflow/example_dags/example_branch_python_dop_operator_3.py took 0.274 seconds
[2025-02-15T17:40:26.568+0000] {processor.py:157} INFO - Started process (PID=3394) to work on /home/airflow/.local/lib/python3.8/site-packages/airflow/example_dags/example_branch_python_dop_operator_3.py
[2025-02-15T17:40:26.573+0000] {processor.py:829} INFO - Processing file /home/airflow/.local/lib/python3.8/site-packages/airflow/example_dags/example_branch_python_dop_operator_3.py for tasks to queue
[2025-02-15T17:40:26.576+0000] {logging_mixin.py:154} INFO - [2025-02-15T17:40:26.575+0000] {dagbag.py:536} INFO - Filling up the DagBag from /home/airflow/.local/lib/python3.8/site-packages/airflow/example_dags/example_branch_python_dop_operator_3.py
[2025-02-15T17:40:26.613+0000] {processor.py:839} INFO - DAG(s) dict_keys(['example_branch_dop_operator_v3']) retrieved from /home/airflow/.local/lib/python3.8/site-packages/airflow/example_dags/example_branch_python_dop_operator_3.py
[2025-02-15T17:40:26.701+0000] {logging_mixin.py:154} INFO - [2025-02-15T17:40:26.700+0000] {dag.py:2941} INFO - Sync 1 DAGs
[2025-02-15T17:40:26.781+0000] {logging_mixin.py:154} INFO - [2025-02-15T17:40:26.780+0000] {dag.py:3722} INFO - Setting next_dagrun for example_branch_dop_operator_v3 to 2025-02-15T17:39:00+00:00, run_after=2025-02-15T17:40:00+00:00
[2025-02-15T17:40:26.835+0000] {processor.py:179} INFO - Processing /home/airflow/.local/lib/python3.8/site-packages/airflow/example_dags/example_branch_python_dop_operator_3.py took 0.277 seconds
[2025-02-15T17:40:57.296+0000] {processor.py:157} INFO - Started process (PID=3632) to work on /home/airflow/.local/lib/python3.8/site-packages/airflow/example_dags/example_branch_python_dop_operator_3.py
[2025-02-15T17:40:57.300+0000] {processor.py:829} INFO - Processing file /home/airflow/.local/lib/python3.8/site-packages/airflow/example_dags/example_branch_python_dop_operator_3.py for tasks to queue
[2025-02-15T17:40:57.302+0000] {logging_mixin.py:154} INFO - [2025-02-15T17:40:57.301+0000] {dagbag.py:536} INFO - Filling up the DagBag from /home/airflow/.local/lib/python3.8/site-packages/airflow/example_dags/example_branch_python_dop_operator_3.py
[2025-02-15T17:40:57.330+0000] {processor.py:839} INFO - DAG(s) dict_keys(['example_branch_dop_operator_v3']) retrieved from /home/airflow/.local/lib/python3.8/site-packages/airflow/example_dags/example_branch_python_dop_operator_3.py
[2025-02-15T17:40:57.395+0000] {logging_mixin.py:154} INFO - [2025-02-15T17:40:57.394+0000] {dag.py:2941} INFO - Sync 1 DAGs
[2025-02-15T17:40:57.476+0000] {logging_mixin.py:154} INFO - [2025-02-15T17:40:57.476+0000] {dag.py:3722} INFO - Setting next_dagrun for example_branch_dop_operator_v3 to 2025-02-15T17:39:00+00:00, run_after=2025-02-15T17:40:00+00:00
[2025-02-15T17:40:57.545+0000] {processor.py:179} INFO - Processing /home/airflow/.local/lib/python3.8/site-packages/airflow/example_dags/example_branch_python_dop_operator_3.py took 0.265 seconds
[2025-02-15T17:41:27.747+0000] {processor.py:157} INFO - Started process (PID=3870) to work on /home/airflow/.local/lib/python3.8/site-packages/airflow/example_dags/example_branch_python_dop_operator_3.py
[2025-02-15T17:41:27.751+0000] {processor.py:829} INFO - Processing file /home/airflow/.local/lib/python3.8/site-packages/airflow/example_dags/example_branch_python_dop_operator_3.py for tasks to queue
[2025-02-15T17:41:27.754+0000] {logging_mixin.py:154} INFO - [2025-02-15T17:41:27.753+0000] {dagbag.py:536} INFO - Filling up the DagBag from /home/airflow/.local/lib/python3.8/site-packages/airflow/example_dags/example_branch_python_dop_operator_3.py
[2025-02-15T17:41:27.793+0000] {processor.py:839} INFO - DAG(s) dict_keys(['example_branch_dop_operator_v3']) retrieved from /home/airflow/.local/lib/python3.8/site-packages/airflow/example_dags/example_branch_python_dop_operator_3.py
[2025-02-15T17:41:27.871+0000] {logging_mixin.py:154} INFO - [2025-02-15T17:41:27.870+0000] {dag.py:2941} INFO - Sync 1 DAGs
[2025-02-15T17:41:27.974+0000] {logging_mixin.py:154} INFO - [2025-02-15T17:41:27.973+0000] {dag.py:3722} INFO - Setting next_dagrun for example_branch_dop_operator_v3 to 2025-02-15T17:40:00+00:00, run_after=2025-02-15T17:41:00+00:00
[2025-02-15T17:41:28.072+0000] {processor.py:179} INFO - Processing /home/airflow/.local/lib/python3.8/site-packages/airflow/example_dags/example_branch_python_dop_operator_3.py took 0.335 seconds
[2025-02-15T17:41:58.569+0000] {processor.py:157} INFO - Started process (PID=4108) to work on /home/airflow/.local/lib/python3.8/site-packages/airflow/example_dags/example_branch_python_dop_operator_3.py
[2025-02-15T17:41:58.572+0000] {processor.py:829} INFO - Processing file /home/airflow/.local/lib/python3.8/site-packages/airflow/example_dags/example_branch_python_dop_operator_3.py for tasks to queue
[2025-02-15T17:41:58.575+0000] {logging_mixin.py:154} INFO - [2025-02-15T17:41:58.574+0000] {dagbag.py:536} INFO - Filling up the DagBag from /home/airflow/.local/lib/python3.8/site-packages/airflow/example_dags/example_branch_python_dop_operator_3.py
[2025-02-15T17:41:58.597+0000] {processor.py:839} INFO - DAG(s) dict_keys(['example_branch_dop_operator_v3']) retrieved from /home/airflow/.local/lib/python3.8/site-packages/airflow/example_dags/example_branch_python_dop_operator_3.py
[2025-02-15T17:41:58.651+0000] {logging_mixin.py:154} INFO - [2025-02-15T17:41:58.651+0000] {dag.py:2941} INFO - Sync 1 DAGs
[2025-02-15T17:41:58.741+0000] {logging_mixin.py:154} INFO - [2025-02-15T17:41:58.741+0000] {dag.py:3722} INFO - Setting next_dagrun for example_branch_dop_operator_v3 to 2025-02-15T17:40:00+00:00, run_after=2025-02-15T17:41:00+00:00
[2025-02-15T17:41:58.796+0000] {processor.py:179} INFO - Processing /home/airflow/.local/lib/python3.8/site-packages/airflow/example_dags/example_branch_python_dop_operator_3.py took 0.236 seconds
[2025-02-15T17:42:29.112+0000] {processor.py:157} INFO - Started process (PID=4364) to work on /home/airflow/.local/lib/python3.8/site-packages/airflow/example_dags/example_branch_python_dop_operator_3.py
[2025-02-15T17:42:29.117+0000] {processor.py:829} INFO - Processing file /home/airflow/.local/lib/python3.8/site-packages/airflow/example_dags/example_branch_python_dop_operator_3.py for tasks to queue
[2025-02-15T17:42:29.122+0000] {logging_mixin.py:154} INFO - [2025-02-15T17:42:29.120+0000] {dagbag.py:536} INFO - Filling up the DagBag from /home/airflow/.local/lib/python3.8/site-packages/airflow/example_dags/example_branch_python_dop_operator_3.py
[2025-02-15T17:42:29.151+0000] {processor.py:839} INFO - DAG(s) dict_keys(['example_branch_dop_operator_v3']) retrieved from /home/airflow/.local/lib/python3.8/site-packages/airflow/example_dags/example_branch_python_dop_operator_3.py
[2025-02-15T17:42:29.217+0000] {logging_mixin.py:154} INFO - [2025-02-15T17:42:29.216+0000] {dag.py:2941} INFO - Sync 1 DAGs
[2025-02-15T17:42:29.288+0000] {logging_mixin.py:154} INFO - [2025-02-15T17:42:29.288+0000] {dag.py:3722} INFO - Setting next_dagrun for example_branch_dop_operator_v3 to 2025-02-15T17:41:00+00:00, run_after=2025-02-15T17:42:00+00:00
[2025-02-15T17:42:29.334+0000] {processor.py:179} INFO - Processing /home/airflow/.local/lib/python3.8/site-packages/airflow/example_dags/example_branch_python_dop_operator_3.py took 0.233 seconds
[2025-02-15T17:42:59.645+0000] {processor.py:157} INFO - Started process (PID=4604) to work on /home/airflow/.local/lib/python3.8/site-packages/airflow/example_dags/example_branch_python_dop_operator_3.py
[2025-02-15T17:42:59.648+0000] {processor.py:829} INFO - Processing file /home/airflow/.local/lib/python3.8/site-packages/airflow/example_dags/example_branch_python_dop_operator_3.py for tasks to queue
[2025-02-15T17:42:59.650+0000] {logging_mixin.py:154} INFO - [2025-02-15T17:42:59.649+0000] {dagbag.py:536} INFO - Filling up the DagBag from /home/airflow/.local/lib/python3.8/site-packages/airflow/example_dags/example_branch_python_dop_operator_3.py
[2025-02-15T17:42:59.675+0000] {processor.py:839} INFO - DAG(s) dict_keys(['example_branch_dop_operator_v3']) retrieved from /home/airflow/.local/lib/python3.8/site-packages/airflow/example_dags/example_branch_python_dop_operator_3.py
[2025-02-15T17:42:59.751+0000] {logging_mixin.py:154} INFO - [2025-02-15T17:42:59.749+0000] {dag.py:2941} INFO - Sync 1 DAGs
[2025-02-15T17:42:59.845+0000] {logging_mixin.py:154} INFO - [2025-02-15T17:42:59.844+0000] {dag.py:3722} INFO - Setting next_dagrun for example_branch_dop_operator_v3 to 2025-02-15T17:41:00+00:00, run_after=2025-02-15T17:42:00+00:00
[2025-02-15T17:42:59.898+0000] {processor.py:179} INFO - Processing /home/airflow/.local/lib/python3.8/site-packages/airflow/example_dags/example_branch_python_dop_operator_3.py took 0.261 seconds
[2025-02-15T17:43:30.692+0000] {processor.py:157} INFO - Started process (PID=4841) to work on /home/airflow/.local/lib/python3.8/site-packages/airflow/example_dags/example_branch_python_dop_operator_3.py
[2025-02-15T17:43:30.695+0000] {processor.py:829} INFO - Processing file /home/airflow/.local/lib/python3.8/site-packages/airflow/example_dags/example_branch_python_dop_operator_3.py for tasks to queue
[2025-02-15T17:43:30.697+0000] {logging_mixin.py:154} INFO - [2025-02-15T17:43:30.696+0000] {dagbag.py:536} INFO - Filling up the DagBag from /home/airflow/.local/lib/python3.8/site-packages/airflow/example_dags/example_branch_python_dop_operator_3.py
[2025-02-15T17:43:30.728+0000] {processor.py:839} INFO - DAG(s) dict_keys(['example_branch_dop_operator_v3']) retrieved from /home/airflow/.local/lib/python3.8/site-packages/airflow/example_dags/example_branch_python_dop_operator_3.py
[2025-02-15T17:43:30.799+0000] {logging_mixin.py:154} INFO - [2025-02-15T17:43:30.799+0000] {dag.py:2941} INFO - Sync 1 DAGs
[2025-02-15T17:43:30.921+0000] {logging_mixin.py:154} INFO - [2025-02-15T17:43:30.920+0000] {dag.py:3722} INFO - Setting next_dagrun for example_branch_dop_operator_v3 to 2025-02-15T17:42:00+00:00, run_after=2025-02-15T17:43:00+00:00
[2025-02-15T17:43:30.985+0000] {processor.py:179} INFO - Processing /home/airflow/.local/lib/python3.8/site-packages/airflow/example_dags/example_branch_python_dop_operator_3.py took 0.303 seconds
[2025-02-15T17:44:01.250+0000] {processor.py:157} INFO - Started process (PID=5079) to work on /home/airflow/.local/lib/python3.8/site-packages/airflow/example_dags/example_branch_python_dop_operator_3.py
[2025-02-15T17:44:01.252+0000] {processor.py:829} INFO - Processing file /home/airflow/.local/lib/python3.8/site-packages/airflow/example_dags/example_branch_python_dop_operator_3.py for tasks to queue
[2025-02-15T17:44:01.255+0000] {logging_mixin.py:154} INFO - [2025-02-15T17:44:01.254+0000] {dagbag.py:536} INFO - Filling up the DagBag from /home/airflow/.local/lib/python3.8/site-packages/airflow/example_dags/example_branch_python_dop_operator_3.py
[2025-02-15T17:44:01.282+0000] {processor.py:839} INFO - DAG(s) dict_keys(['example_branch_dop_operator_v3']) retrieved from /home/airflow/.local/lib/python3.8/site-packages/airflow/example_dags/example_branch_python_dop_operator_3.py
[2025-02-15T17:44:01.367+0000] {logging_mixin.py:154} INFO - [2025-02-15T17:44:01.366+0000] {dag.py:2941} INFO - Sync 1 DAGs
[2025-02-15T17:44:01.455+0000] {logging_mixin.py:154} INFO - [2025-02-15T17:44:01.454+0000] {dag.py:3722} INFO - Setting next_dagrun for example_branch_dop_operator_v3 to 2025-02-15T17:43:00+00:00, run_after=2025-02-15T17:44:00+00:00
[2025-02-15T17:44:01.518+0000] {processor.py:179} INFO - Processing /home/airflow/.local/lib/python3.8/site-packages/airflow/example_dags/example_branch_python_dop_operator_3.py took 0.277 seconds
[2025-02-15T17:44:31.753+0000] {processor.py:157} INFO - Started process (PID=5317) to work on /home/airflow/.local/lib/python3.8/site-packages/airflow/example_dags/example_branch_python_dop_operator_3.py
[2025-02-15T17:44:31.756+0000] {processor.py:829} INFO - Processing file /home/airflow/.local/lib/python3.8/site-packages/airflow/example_dags/example_branch_python_dop_operator_3.py for tasks to queue
[2025-02-15T17:44:31.759+0000] {logging_mixin.py:154} INFO - [2025-02-15T17:44:31.758+0000] {dagbag.py:536} INFO - Filling up the DagBag from /home/airflow/.local/lib/python3.8/site-packages/airflow/example_dags/example_branch_python_dop_operator_3.py
[2025-02-15T17:44:31.785+0000] {processor.py:839} INFO - DAG(s) dict_keys(['example_branch_dop_operator_v3']) retrieved from /home/airflow/.local/lib/python3.8/site-packages/airflow/example_dags/example_branch_python_dop_operator_3.py
[2025-02-15T17:44:31.856+0000] {logging_mixin.py:154} INFO - [2025-02-15T17:44:31.856+0000] {dag.py:2941} INFO - Sync 1 DAGs
[2025-02-15T17:44:31.946+0000] {logging_mixin.py:154} INFO - [2025-02-15T17:44:31.946+0000] {dag.py:3722} INFO - Setting next_dagrun for example_branch_dop_operator_v3 to 2025-02-15T17:43:00+00:00, run_after=2025-02-15T17:44:00+00:00
[2025-02-15T17:44:32.020+0000] {processor.py:179} INFO - Processing /home/airflow/.local/lib/python3.8/site-packages/airflow/example_dags/example_branch_python_dop_operator_3.py took 0.277 seconds
[2025-02-15T17:45:03.069+0000] {processor.py:157} INFO - Started process (PID=5552) to work on /home/airflow/.local/lib/python3.8/site-packages/airflow/example_dags/example_branch_python_dop_operator_3.py
[2025-02-15T17:45:03.073+0000] {processor.py:829} INFO - Processing file /home/airflow/.local/lib/python3.8/site-packages/airflow/example_dags/example_branch_python_dop_operator_3.py for tasks to queue
[2025-02-15T17:45:03.077+0000] {logging_mixin.py:154} INFO - [2025-02-15T17:45:03.076+0000] {dagbag.py:536} INFO - Filling up the DagBag from /home/airflow/.local/lib/python3.8/site-packages/airflow/example_dags/example_branch_python_dop_operator_3.py
[2025-02-15T17:45:03.148+0000] {processor.py:839} INFO - DAG(s) dict_keys(['example_branch_dop_operator_v3']) retrieved from /home/airflow/.local/lib/python3.8/site-packages/airflow/example_dags/example_branch_python_dop_operator_3.py
[2025-02-15T17:45:03.285+0000] {logging_mixin.py:154} INFO - [2025-02-15T17:45:03.285+0000] {dag.py:2941} INFO - Sync 1 DAGs
[2025-02-15T17:45:03.446+0000] {logging_mixin.py:154} INFO - [2025-02-15T17:45:03.445+0000] {dag.py:3722} INFO - Setting next_dagrun for example_branch_dop_operator_v3 to 2025-02-15T17:44:00+00:00, run_after=2025-02-15T17:45:00+00:00
[2025-02-15T17:45:03.536+0000] {processor.py:179} INFO - Processing /home/airflow/.local/lib/python3.8/site-packages/airflow/example_dags/example_branch_python_dop_operator_3.py took 0.495 seconds
[2025-02-15T17:45:33.996+0000] {processor.py:157} INFO - Started process (PID=5790) to work on /home/airflow/.local/lib/python3.8/site-packages/airflow/example_dags/example_branch_python_dop_operator_3.py
[2025-02-15T17:45:33.998+0000] {processor.py:829} INFO - Processing file /home/airflow/.local/lib/python3.8/site-packages/airflow/example_dags/example_branch_python_dop_operator_3.py for tasks to queue
[2025-02-15T17:45:34.001+0000] {logging_mixin.py:154} INFO - [2025-02-15T17:45:34.000+0000] {dagbag.py:536} INFO - Filling up the DagBag from /home/airflow/.local/lib/python3.8/site-packages/airflow/example_dags/example_branch_python_dop_operator_3.py
[2025-02-15T17:45:34.034+0000] {processor.py:839} INFO - DAG(s) dict_keys(['example_branch_dop_operator_v3']) retrieved from /home/airflow/.local/lib/python3.8/site-packages/airflow/example_dags/example_branch_python_dop_operator_3.py
[2025-02-15T17:45:34.105+0000] {logging_mixin.py:154} INFO - [2025-02-15T17:45:34.104+0000] {dag.py:2941} INFO - Sync 1 DAGs
[2025-02-15T17:45:34.185+0000] {logging_mixin.py:154} INFO - [2025-02-15T17:45:34.185+0000] {dag.py:3722} INFO - Setting next_dagrun for example_branch_dop_operator_v3 to 2025-02-15T17:44:00+00:00, run_after=2025-02-15T17:45:00+00:00
[2025-02-15T17:45:34.251+0000] {processor.py:179} INFO - Processing /home/airflow/.local/lib/python3.8/site-packages/airflow/example_dags/example_branch_python_dop_operator_3.py took 0.266 seconds
[2025-02-15T17:46:05.593+0000] {processor.py:157} INFO - Started process (PID=6030) to work on /home/airflow/.local/lib/python3.8/site-packages/airflow/example_dags/example_branch_python_dop_operator_3.py
[2025-02-15T17:46:05.600+0000] {processor.py:829} INFO - Processing file /home/airflow/.local/lib/python3.8/site-packages/airflow/example_dags/example_branch_python_dop_operator_3.py for tasks to queue
[2025-02-15T17:46:05.603+0000] {logging_mixin.py:154} INFO - [2025-02-15T17:46:05.603+0000] {dagbag.py:536} INFO - Filling up the DagBag from /home/airflow/.local/lib/python3.8/site-packages/airflow/example_dags/example_branch_python_dop_operator_3.py
[2025-02-15T17:46:05.633+0000] {processor.py:839} INFO - DAG(s) dict_keys(['example_branch_dop_operator_v3']) retrieved from /home/airflow/.local/lib/python3.8/site-packages/airflow/example_dags/example_branch_python_dop_operator_3.py
[2025-02-15T17:46:05.734+0000] {logging_mixin.py:154} INFO - [2025-02-15T17:46:05.733+0000] {dag.py:2941} INFO - Sync 1 DAGs
[2025-02-15T17:46:05.872+0000] {logging_mixin.py:154} INFO - [2025-02-15T17:46:05.871+0000] {dag.py:3722} INFO - Setting next_dagrun for example_branch_dop_operator_v3 to 2025-02-15T17:45:00+00:00, run_after=2025-02-15T17:46:00+00:00
[2025-02-15T17:46:05.938+0000] {processor.py:179} INFO - Processing /home/airflow/.local/lib/python3.8/site-packages/airflow/example_dags/example_branch_python_dop_operator_3.py took 0.359 seconds
