[2025-02-15T17:17:00.095+0000] {processor.py:157} INFO - Started process (PID=314) to work on /home/airflow/.local/lib/python3.8/site-packages/airflow/example_dags/example_short_circuit_operator.py
[2025-02-15T17:17:00.098+0000] {processor.py:829} INFO - Processing file /home/airflow/.local/lib/python3.8/site-packages/airflow/example_dags/example_short_circuit_operator.py for tasks to queue
[2025-02-15T17:17:00.100+0000] {logging_mixin.py:154} INFO - [2025-02-15T17:17:00.100+0000] {dagbag.py:536} INFO - Filling up the DagBag from /home/airflow/.local/lib/python3.8/site-packages/airflow/example_dags/example_short_circuit_operator.py
[2025-02-15T17:17:00.153+0000] {processor.py:839} INFO - DAG(s) dict_keys(['example_short_circuit_operator']) retrieved from /home/airflow/.local/lib/python3.8/site-packages/airflow/example_dags/example_short_circuit_operator.py
[2025-02-15T17:17:00.368+0000] {logging_mixin.py:154} INFO - [2025-02-15T17:17:00.367+0000] {dag.py:2941} INFO - Sync 1 DAGs
[2025-02-15T17:17:00.440+0000] {logging_mixin.py:154} INFO - [2025-02-15T17:17:00.440+0000] {dag.py:3722} INFO - Setting next_dagrun for example_short_circuit_operator to 2025-02-14T17:17:00.439481+00:00, run_after=2025-02-15T17:17:00.439481+00:00
[2025-02-15T17:17:00.535+0000] {processor.py:179} INFO - Processing /home/airflow/.local/lib/python3.8/site-packages/airflow/example_dags/example_short_circuit_operator.py took 0.453 seconds
[2025-02-15T17:17:39.994+0000] {processor.py:157} INFO - Started process (PID=552) to work on /home/airflow/.local/lib/python3.8/site-packages/airflow/example_dags/example_short_circuit_operator.py
[2025-02-15T17:17:40.009+0000] {processor.py:829} INFO - Processing file /home/airflow/.local/lib/python3.8/site-packages/airflow/example_dags/example_short_circuit_operator.py for tasks to queue
[2025-02-15T17:17:40.024+0000] {logging_mixin.py:154} INFO - [2025-02-15T17:17:40.017+0000] {dagbag.py:536} INFO - Filling up the DagBag from /home/airflow/.local/lib/python3.8/site-packages/airflow/example_dags/example_short_circuit_operator.py
[2025-02-15T17:17:40.197+0000] {processor.py:839} INFO - DAG(s) dict_keys(['example_short_circuit_operator']) retrieved from /home/airflow/.local/lib/python3.8/site-packages/airflow/example_dags/example_short_circuit_operator.py
[2025-02-15T17:17:40.669+0000] {logging_mixin.py:154} INFO - [2025-02-15T17:17:40.660+0000] {dag.py:2941} INFO - Sync 1 DAGs
[2025-02-15T17:17:40.894+0000] {logging_mixin.py:154} INFO - [2025-02-15T17:17:40.893+0000] {dag.py:3722} INFO - Setting next_dagrun for example_short_circuit_operator to 2025-02-14T17:17:40.893074+00:00, run_after=2025-02-15T17:17:40.893074+00:00
[2025-02-15T17:17:40.996+0000] {processor.py:179} INFO - Processing /home/airflow/.local/lib/python3.8/site-packages/airflow/example_dags/example_short_circuit_operator.py took 1.099 seconds
[2025-02-15T17:18:11.686+0000] {processor.py:157} INFO - Started process (PID=792) to work on /home/airflow/.local/lib/python3.8/site-packages/airflow/example_dags/example_short_circuit_operator.py
[2025-02-15T17:18:11.695+0000] {processor.py:829} INFO - Processing file /home/airflow/.local/lib/python3.8/site-packages/airflow/example_dags/example_short_circuit_operator.py for tasks to queue
[2025-02-15T17:18:11.697+0000] {logging_mixin.py:154} INFO - [2025-02-15T17:18:11.696+0000] {dagbag.py:536} INFO - Filling up the DagBag from /home/airflow/.local/lib/python3.8/site-packages/airflow/example_dags/example_short_circuit_operator.py
[2025-02-15T17:18:11.771+0000] {processor.py:839} INFO - DAG(s) dict_keys(['example_short_circuit_operator']) retrieved from /home/airflow/.local/lib/python3.8/site-packages/airflow/example_dags/example_short_circuit_operator.py
[2025-02-15T17:18:11.913+0000] {logging_mixin.py:154} INFO - [2025-02-15T17:18:11.913+0000] {dag.py:2941} INFO - Sync 1 DAGs
[2025-02-15T17:18:12.037+0000] {logging_mixin.py:154} INFO - [2025-02-15T17:18:12.037+0000] {dag.py:3722} INFO - Setting next_dagrun for example_short_circuit_operator to 2025-02-14T17:18:12.036519+00:00, run_after=2025-02-15T17:18:12.036519+00:00
[2025-02-15T17:18:12.128+0000] {processor.py:179} INFO - Processing /home/airflow/.local/lib/python3.8/site-packages/airflow/example_dags/example_short_circuit_operator.py took 0.474 seconds
[2025-02-15T17:18:46.311+0000] {processor.py:157} INFO - Started process (PID=1034) to work on /home/airflow/.local/lib/python3.8/site-packages/airflow/example_dags/example_short_circuit_operator.py
[2025-02-15T17:18:46.317+0000] {processor.py:829} INFO - Processing file /home/airflow/.local/lib/python3.8/site-packages/airflow/example_dags/example_short_circuit_operator.py for tasks to queue
[2025-02-15T17:18:46.322+0000] {logging_mixin.py:154} INFO - [2025-02-15T17:18:46.321+0000] {dagbag.py:536} INFO - Filling up the DagBag from /home/airflow/.local/lib/python3.8/site-packages/airflow/example_dags/example_short_circuit_operator.py
[2025-02-15T17:18:46.378+0000] {processor.py:839} INFO - DAG(s) dict_keys(['example_short_circuit_operator']) retrieved from /home/airflow/.local/lib/python3.8/site-packages/airflow/example_dags/example_short_circuit_operator.py
[2025-02-15T17:18:46.588+0000] {logging_mixin.py:154} INFO - [2025-02-15T17:18:46.584+0000] {dag.py:2941} INFO - Sync 1 DAGs
[2025-02-15T17:18:46.828+0000] {logging_mixin.py:154} INFO - [2025-02-15T17:18:46.827+0000] {dag.py:3722} INFO - Setting next_dagrun for example_short_circuit_operator to 2025-02-14T17:18:46.825253+00:00, run_after=2025-02-15T17:18:46.825253+00:00
[2025-02-15T17:18:46.955+0000] {processor.py:179} INFO - Processing /home/airflow/.local/lib/python3.8/site-packages/airflow/example_dags/example_short_circuit_operator.py took 0.672 seconds
[2025-02-15T17:19:19.614+0000] {processor.py:157} INFO - Started process (PID=1272) to work on /home/airflow/.local/lib/python3.8/site-packages/airflow/example_dags/example_short_circuit_operator.py
[2025-02-15T17:19:19.627+0000] {processor.py:829} INFO - Processing file /home/airflow/.local/lib/python3.8/site-packages/airflow/example_dags/example_short_circuit_operator.py for tasks to queue
[2025-02-15T17:19:19.639+0000] {logging_mixin.py:154} INFO - [2025-02-15T17:19:19.633+0000] {dagbag.py:536} INFO - Filling up the DagBag from /home/airflow/.local/lib/python3.8/site-packages/airflow/example_dags/example_short_circuit_operator.py
[2025-02-15T17:19:19.681+0000] {processor.py:839} INFO - DAG(s) dict_keys(['example_short_circuit_operator']) retrieved from /home/airflow/.local/lib/python3.8/site-packages/airflow/example_dags/example_short_circuit_operator.py
[2025-02-15T17:19:19.882+0000] {logging_mixin.py:154} INFO - [2025-02-15T17:19:19.875+0000] {dag.py:2941} INFO - Sync 1 DAGs
[2025-02-15T17:19:20.139+0000] {logging_mixin.py:154} INFO - [2025-02-15T17:19:20.138+0000] {dag.py:3722} INFO - Setting next_dagrun for example_short_circuit_operator to 2025-02-14T17:19:20.138410+00:00, run_after=2025-02-15T17:19:20.138410+00:00
[2025-02-15T17:19:20.396+0000] {processor.py:179} INFO - Processing /home/airflow/.local/lib/python3.8/site-packages/airflow/example_dags/example_short_circuit_operator.py took 0.865 seconds
[2025-02-15T17:19:57.594+0000] {processor.py:157} INFO - Started process (PID=1510) to work on /home/airflow/.local/lib/python3.8/site-packages/airflow/example_dags/example_short_circuit_operator.py
[2025-02-15T17:19:57.609+0000] {processor.py:829} INFO - Processing file /home/airflow/.local/lib/python3.8/site-packages/airflow/example_dags/example_short_circuit_operator.py for tasks to queue
[2025-02-15T17:19:57.620+0000] {logging_mixin.py:154} INFO - [2025-02-15T17:19:57.620+0000] {dagbag.py:536} INFO - Filling up the DagBag from /home/airflow/.local/lib/python3.8/site-packages/airflow/example_dags/example_short_circuit_operator.py
[2025-02-15T17:19:57.786+0000] {processor.py:839} INFO - DAG(s) dict_keys(['example_short_circuit_operator']) retrieved from /home/airflow/.local/lib/python3.8/site-packages/airflow/example_dags/example_short_circuit_operator.py
[2025-02-15T17:19:58.204+0000] {logging_mixin.py:154} INFO - [2025-02-15T17:19:58.201+0000] {dag.py:2941} INFO - Sync 1 DAGs
[2025-02-15T17:19:58.560+0000] {logging_mixin.py:154} INFO - [2025-02-15T17:19:58.557+0000] {dag.py:3722} INFO - Setting next_dagrun for example_short_circuit_operator to 2025-02-14T17:19:58.554487+00:00, run_after=2025-02-15T17:19:58.554487+00:00
[2025-02-15T17:19:58.787+0000] {processor.py:179} INFO - Processing /home/airflow/.local/lib/python3.8/site-packages/airflow/example_dags/example_short_circuit_operator.py took 1.236 seconds
[2025-02-15T17:20:31.421+0000] {processor.py:157} INFO - Started process (PID=1748) to work on /home/airflow/.local/lib/python3.8/site-packages/airflow/example_dags/example_short_circuit_operator.py
[2025-02-15T17:20:31.435+0000] {processor.py:829} INFO - Processing file /home/airflow/.local/lib/python3.8/site-packages/airflow/example_dags/example_short_circuit_operator.py for tasks to queue
[2025-02-15T17:20:31.441+0000] {logging_mixin.py:154} INFO - [2025-02-15T17:20:31.440+0000] {dagbag.py:536} INFO - Filling up the DagBag from /home/airflow/.local/lib/python3.8/site-packages/airflow/example_dags/example_short_circuit_operator.py
[2025-02-15T17:20:31.503+0000] {processor.py:839} INFO - DAG(s) dict_keys(['example_short_circuit_operator']) retrieved from /home/airflow/.local/lib/python3.8/site-packages/airflow/example_dags/example_short_circuit_operator.py
[2025-02-15T17:20:31.590+0000] {logging_mixin.py:154} INFO - [2025-02-15T17:20:31.589+0000] {dag.py:2941} INFO - Sync 1 DAGs
[2025-02-15T17:20:31.695+0000] {logging_mixin.py:154} INFO - [2025-02-15T17:20:31.694+0000] {dag.py:3722} INFO - Setting next_dagrun for example_short_circuit_operator to 2025-02-14T17:20:31.693905+00:00, run_after=2025-02-15T17:20:31.693905+00:00
[2025-02-15T17:20:31.775+0000] {processor.py:179} INFO - Processing /home/airflow/.local/lib/python3.8/site-packages/airflow/example_dags/example_short_circuit_operator.py took 0.365 seconds
[2025-02-15T17:21:02.444+0000] {processor.py:157} INFO - Started process (PID=1980) to work on /home/airflow/.local/lib/python3.8/site-packages/airflow/example_dags/example_short_circuit_operator.py
[2025-02-15T17:21:02.447+0000] {processor.py:829} INFO - Processing file /home/airflow/.local/lib/python3.8/site-packages/airflow/example_dags/example_short_circuit_operator.py for tasks to queue
[2025-02-15T17:21:02.449+0000] {logging_mixin.py:154} INFO - [2025-02-15T17:21:02.449+0000] {dagbag.py:536} INFO - Filling up the DagBag from /home/airflow/.local/lib/python3.8/site-packages/airflow/example_dags/example_short_circuit_operator.py
[2025-02-15T17:21:02.501+0000] {processor.py:839} INFO - DAG(s) dict_keys(['example_short_circuit_operator']) retrieved from /home/airflow/.local/lib/python3.8/site-packages/airflow/example_dags/example_short_circuit_operator.py
[2025-02-15T17:21:02.605+0000] {logging_mixin.py:154} INFO - [2025-02-15T17:21:02.604+0000] {dag.py:2941} INFO - Sync 1 DAGs
[2025-02-15T17:21:02.717+0000] {logging_mixin.py:154} INFO - [2025-02-15T17:21:02.717+0000] {dag.py:3722} INFO - Setting next_dagrun for example_short_circuit_operator to 2025-02-14T17:21:02.716143+00:00, run_after=2025-02-15T17:21:02.716143+00:00
[2025-02-15T17:21:02.793+0000] {processor.py:179} INFO - Processing /home/airflow/.local/lib/python3.8/site-packages/airflow/example_dags/example_short_circuit_operator.py took 0.361 seconds
[2025-02-15T17:21:34.672+0000] {processor.py:157} INFO - Started process (PID=2218) to work on /home/airflow/.local/lib/python3.8/site-packages/airflow/example_dags/example_short_circuit_operator.py
[2025-02-15T17:21:34.679+0000] {processor.py:829} INFO - Processing file /home/airflow/.local/lib/python3.8/site-packages/airflow/example_dags/example_short_circuit_operator.py for tasks to queue
[2025-02-15T17:21:34.685+0000] {logging_mixin.py:154} INFO - [2025-02-15T17:21:34.684+0000] {dagbag.py:536} INFO - Filling up the DagBag from /home/airflow/.local/lib/python3.8/site-packages/airflow/example_dags/example_short_circuit_operator.py
[2025-02-15T17:21:34.762+0000] {processor.py:839} INFO - DAG(s) dict_keys(['example_short_circuit_operator']) retrieved from /home/airflow/.local/lib/python3.8/site-packages/airflow/example_dags/example_short_circuit_operator.py
[2025-02-15T17:21:34.976+0000] {logging_mixin.py:154} INFO - [2025-02-15T17:21:34.975+0000] {dag.py:2941} INFO - Sync 1 DAGs
[2025-02-15T17:21:35.244+0000] {logging_mixin.py:154} INFO - [2025-02-15T17:21:35.243+0000] {dag.py:3722} INFO - Setting next_dagrun for example_short_circuit_operator to 2025-02-14T17:21:35.240077+00:00, run_after=2025-02-15T17:21:35.240077+00:00
[2025-02-15T17:21:35.356+0000] {processor.py:179} INFO - Processing /home/airflow/.local/lib/python3.8/site-packages/airflow/example_dags/example_short_circuit_operator.py took 0.725 seconds
[2025-02-15T17:22:07.946+0000] {processor.py:157} INFO - Started process (PID=2455) to work on /home/airflow/.local/lib/python3.8/site-packages/airflow/example_dags/example_short_circuit_operator.py
[2025-02-15T17:22:07.953+0000] {processor.py:829} INFO - Processing file /home/airflow/.local/lib/python3.8/site-packages/airflow/example_dags/example_short_circuit_operator.py for tasks to queue
[2025-02-15T17:22:07.956+0000] {logging_mixin.py:154} INFO - [2025-02-15T17:22:07.955+0000] {dagbag.py:536} INFO - Filling up the DagBag from /home/airflow/.local/lib/python3.8/site-packages/airflow/example_dags/example_short_circuit_operator.py
[2025-02-15T17:22:08.012+0000] {processor.py:839} INFO - DAG(s) dict_keys(['example_short_circuit_operator']) retrieved from /home/airflow/.local/lib/python3.8/site-packages/airflow/example_dags/example_short_circuit_operator.py
[2025-02-15T17:22:08.118+0000] {logging_mixin.py:154} INFO - [2025-02-15T17:22:08.117+0000] {dag.py:2941} INFO - Sync 1 DAGs
[2025-02-15T17:22:08.222+0000] {logging_mixin.py:154} INFO - [2025-02-15T17:22:08.221+0000] {dag.py:3722} INFO - Setting next_dagrun for example_short_circuit_operator to 2025-02-14T17:22:08.220111+00:00, run_after=2025-02-15T17:22:08.220111+00:00
[2025-02-15T17:22:08.375+0000] {processor.py:179} INFO - Processing /home/airflow/.local/lib/python3.8/site-packages/airflow/example_dags/example_short_circuit_operator.py took 0.484 seconds
[2025-02-15T17:22:38.823+0000] {processor.py:157} INFO - Started process (PID=2694) to work on /home/airflow/.local/lib/python3.8/site-packages/airflow/example_dags/example_short_circuit_operator.py
[2025-02-15T17:22:38.832+0000] {processor.py:829} INFO - Processing file /home/airflow/.local/lib/python3.8/site-packages/airflow/example_dags/example_short_circuit_operator.py for tasks to queue
[2025-02-15T17:22:38.837+0000] {logging_mixin.py:154} INFO - [2025-02-15T17:22:38.836+0000] {dagbag.py:536} INFO - Filling up the DagBag from /home/airflow/.local/lib/python3.8/site-packages/airflow/example_dags/example_short_circuit_operator.py
[2025-02-15T17:22:38.958+0000] {processor.py:839} INFO - DAG(s) dict_keys(['example_short_circuit_operator']) retrieved from /home/airflow/.local/lib/python3.8/site-packages/airflow/example_dags/example_short_circuit_operator.py
[2025-02-15T17:22:39.072+0000] {logging_mixin.py:154} INFO - [2025-02-15T17:22:39.071+0000] {dag.py:2941} INFO - Sync 1 DAGs
[2025-02-15T17:22:39.221+0000] {logging_mixin.py:154} INFO - [2025-02-15T17:22:39.218+0000] {dag.py:3722} INFO - Setting next_dagrun for example_short_circuit_operator to 2025-02-14T17:22:39.217973+00:00, run_after=2025-02-15T17:22:39.217973+00:00
[2025-02-15T17:22:39.304+0000] {processor.py:179} INFO - Processing /home/airflow/.local/lib/python3.8/site-packages/airflow/example_dags/example_short_circuit_operator.py took 0.494 seconds
[2025-02-15T17:23:09.991+0000] {processor.py:157} INFO - Started process (PID=2932) to work on /home/airflow/.local/lib/python3.8/site-packages/airflow/example_dags/example_short_circuit_operator.py
[2025-02-15T17:23:10.008+0000] {processor.py:829} INFO - Processing file /home/airflow/.local/lib/python3.8/site-packages/airflow/example_dags/example_short_circuit_operator.py for tasks to queue
[2025-02-15T17:23:10.016+0000] {logging_mixin.py:154} INFO - [2025-02-15T17:23:10.015+0000] {dagbag.py:536} INFO - Filling up the DagBag from /home/airflow/.local/lib/python3.8/site-packages/airflow/example_dags/example_short_circuit_operator.py
[2025-02-15T17:23:10.108+0000] {processor.py:839} INFO - DAG(s) dict_keys(['example_short_circuit_operator']) retrieved from /home/airflow/.local/lib/python3.8/site-packages/airflow/example_dags/example_short_circuit_operator.py
[2025-02-15T17:23:10.257+0000] {logging_mixin.py:154} INFO - [2025-02-15T17:23:10.256+0000] {dag.py:2941} INFO - Sync 1 DAGs
[2025-02-15T17:23:10.425+0000] {logging_mixin.py:154} INFO - [2025-02-15T17:23:10.424+0000] {dag.py:3722} INFO - Setting next_dagrun for example_short_circuit_operator to 2025-02-14T17:23:10.423571+00:00, run_after=2025-02-15T17:23:10.423571+00:00
[2025-02-15T17:23:10.591+0000] {processor.py:179} INFO - Processing /home/airflow/.local/lib/python3.8/site-packages/airflow/example_dags/example_short_circuit_operator.py took 0.684 seconds
[2025-02-15T17:23:40.763+0000] {processor.py:157} INFO - Started process (PID=3170) to work on /home/airflow/.local/lib/python3.8/site-packages/airflow/example_dags/example_short_circuit_operator.py
[2025-02-15T17:23:40.766+0000] {processor.py:829} INFO - Processing file /home/airflow/.local/lib/python3.8/site-packages/airflow/example_dags/example_short_circuit_operator.py for tasks to queue
[2025-02-15T17:23:40.768+0000] {logging_mixin.py:154} INFO - [2025-02-15T17:23:40.767+0000] {dagbag.py:536} INFO - Filling up the DagBag from /home/airflow/.local/lib/python3.8/site-packages/airflow/example_dags/example_short_circuit_operator.py
[2025-02-15T17:23:40.815+0000] {processor.py:839} INFO - DAG(s) dict_keys(['example_short_circuit_operator']) retrieved from /home/airflow/.local/lib/python3.8/site-packages/airflow/example_dags/example_short_circuit_operator.py
[2025-02-15T17:23:40.906+0000] {logging_mixin.py:154} INFO - [2025-02-15T17:23:40.905+0000] {dag.py:2941} INFO - Sync 1 DAGs
[2025-02-15T17:23:41.002+0000] {logging_mixin.py:154} INFO - [2025-02-15T17:23:41.001+0000] {dag.py:3722} INFO - Setting next_dagrun for example_short_circuit_operator to 2025-02-14T17:23:41.001243+00:00, run_after=2025-02-15T17:23:41.001243+00:00
[2025-02-15T17:23:41.063+0000] {processor.py:179} INFO - Processing /home/airflow/.local/lib/python3.8/site-packages/airflow/example_dags/example_short_circuit_operator.py took 0.311 seconds
[2025-02-15T17:28:06.887+0000] {processor.py:157} INFO - Started process (PID=311) to work on /home/airflow/.local/lib/python3.8/site-packages/airflow/example_dags/example_short_circuit_operator.py
[2025-02-15T17:28:06.903+0000] {processor.py:829} INFO - Processing file /home/airflow/.local/lib/python3.8/site-packages/airflow/example_dags/example_short_circuit_operator.py for tasks to queue
[2025-02-15T17:28:06.908+0000] {logging_mixin.py:154} INFO - [2025-02-15T17:28:06.904+0000] {dagbag.py:536} INFO - Filling up the DagBag from /home/airflow/.local/lib/python3.8/site-packages/airflow/example_dags/example_short_circuit_operator.py
[2025-02-15T17:28:07.006+0000] {processor.py:839} INFO - DAG(s) dict_keys(['example_short_circuit_operator']) retrieved from /home/airflow/.local/lib/python3.8/site-packages/airflow/example_dags/example_short_circuit_operator.py
[2025-02-15T17:28:07.406+0000] {logging_mixin.py:154} INFO - [2025-02-15T17:28:07.406+0000] {dag.py:2941} INFO - Sync 1 DAGs
[2025-02-15T17:28:07.628+0000] {logging_mixin.py:154} INFO - [2025-02-15T17:28:07.626+0000] {dag.py:3722} INFO - Setting next_dagrun for example_short_circuit_operator to 2025-02-14T17:28:07.619903+00:00, run_after=2025-02-15T17:28:07.619903+00:00
[2025-02-15T17:28:07.856+0000] {processor.py:179} INFO - Processing /home/airflow/.local/lib/python3.8/site-packages/airflow/example_dags/example_short_circuit_operator.py took 1.036 seconds
[2025-02-15T17:33:47.250+0000] {processor.py:157} INFO - Started process (PID=312) to work on /home/airflow/.local/lib/python3.8/site-packages/airflow/example_dags/example_short_circuit_operator.py
[2025-02-15T17:33:47.263+0000] {processor.py:829} INFO - Processing file /home/airflow/.local/lib/python3.8/site-packages/airflow/example_dags/example_short_circuit_operator.py for tasks to queue
[2025-02-15T17:33:47.268+0000] {logging_mixin.py:154} INFO - [2025-02-15T17:33:47.265+0000] {dagbag.py:536} INFO - Filling up the DagBag from /home/airflow/.local/lib/python3.8/site-packages/airflow/example_dags/example_short_circuit_operator.py
[2025-02-15T17:33:47.310+0000] {processor.py:839} INFO - DAG(s) dict_keys(['example_short_circuit_operator']) retrieved from /home/airflow/.local/lib/python3.8/site-packages/airflow/example_dags/example_short_circuit_operator.py
[2025-02-15T17:33:47.425+0000] {logging_mixin.py:154} INFO - [2025-02-15T17:33:47.424+0000] {dag.py:2941} INFO - Sync 1 DAGs
[2025-02-15T17:33:47.495+0000] {logging_mixin.py:154} INFO - [2025-02-15T17:33:47.495+0000] {dag.py:3722} INFO - Setting next_dagrun for example_short_circuit_operator to 2025-02-14T17:33:47.494426+00:00, run_after=2025-02-15T17:33:47.494426+00:00
[2025-02-15T17:33:47.540+0000] {processor.py:179} INFO - Processing /home/airflow/.local/lib/python3.8/site-packages/airflow/example_dags/example_short_circuit_operator.py took 0.308 seconds
[2025-02-15T17:34:18.371+0000] {processor.py:157} INFO - Started process (PID=551) to work on /home/airflow/.local/lib/python3.8/site-packages/airflow/example_dags/example_short_circuit_operator.py
[2025-02-15T17:34:18.374+0000] {processor.py:829} INFO - Processing file /home/airflow/.local/lib/python3.8/site-packages/airflow/example_dags/example_short_circuit_operator.py for tasks to queue
[2025-02-15T17:34:18.377+0000] {logging_mixin.py:154} INFO - [2025-02-15T17:34:18.376+0000] {dagbag.py:536} INFO - Filling up the DagBag from /home/airflow/.local/lib/python3.8/site-packages/airflow/example_dags/example_short_circuit_operator.py
[2025-02-15T17:34:18.409+0000] {processor.py:839} INFO - DAG(s) dict_keys(['example_short_circuit_operator']) retrieved from /home/airflow/.local/lib/python3.8/site-packages/airflow/example_dags/example_short_circuit_operator.py
[2025-02-15T17:34:18.484+0000] {logging_mixin.py:154} INFO - [2025-02-15T17:34:18.483+0000] {dag.py:2941} INFO - Sync 1 DAGs
[2025-02-15T17:34:18.553+0000] {logging_mixin.py:154} INFO - [2025-02-15T17:34:18.552+0000] {dag.py:3722} INFO - Setting next_dagrun for example_short_circuit_operator to 2025-02-14T17:34:18.551277+00:00, run_after=2025-02-15T17:34:18.551277+00:00
[2025-02-15T17:34:18.610+0000] {processor.py:179} INFO - Processing /home/airflow/.local/lib/python3.8/site-packages/airflow/example_dags/example_short_circuit_operator.py took 0.256 seconds
[2025-02-15T17:34:51.398+0000] {processor.py:157} INFO - Started process (PID=786) to work on /home/airflow/.local/lib/python3.8/site-packages/airflow/example_dags/example_short_circuit_operator.py
[2025-02-15T17:34:51.403+0000] {processor.py:829} INFO - Processing file /home/airflow/.local/lib/python3.8/site-packages/airflow/example_dags/example_short_circuit_operator.py for tasks to queue
[2025-02-15T17:34:51.406+0000] {logging_mixin.py:154} INFO - [2025-02-15T17:34:51.405+0000] {dagbag.py:536} INFO - Filling up the DagBag from /home/airflow/.local/lib/python3.8/site-packages/airflow/example_dags/example_short_circuit_operator.py
[2025-02-15T17:34:51.430+0000] {processor.py:839} INFO - DAG(s) dict_keys(['example_short_circuit_operator']) retrieved from /home/airflow/.local/lib/python3.8/site-packages/airflow/example_dags/example_short_circuit_operator.py
[2025-02-15T17:34:51.504+0000] {logging_mixin.py:154} INFO - [2025-02-15T17:34:51.503+0000] {dag.py:2941} INFO - Sync 1 DAGs
[2025-02-15T17:34:51.642+0000] {logging_mixin.py:154} INFO - [2025-02-15T17:34:51.641+0000] {dag.py:3722} INFO - Setting next_dagrun for example_short_circuit_operator to 2025-02-14T17:34:51.641110+00:00, run_after=2025-02-15T17:34:51.641110+00:00
[2025-02-15T17:34:51.702+0000] {processor.py:179} INFO - Processing /home/airflow/.local/lib/python3.8/site-packages/airflow/example_dags/example_short_circuit_operator.py took 0.317 seconds
[2025-02-15T17:35:22.587+0000] {processor.py:157} INFO - Started process (PID=1027) to work on /home/airflow/.local/lib/python3.8/site-packages/airflow/example_dags/example_short_circuit_operator.py
[2025-02-15T17:35:22.594+0000] {processor.py:829} INFO - Processing file /home/airflow/.local/lib/python3.8/site-packages/airflow/example_dags/example_short_circuit_operator.py for tasks to queue
[2025-02-15T17:35:22.598+0000] {logging_mixin.py:154} INFO - [2025-02-15T17:35:22.597+0000] {dagbag.py:536} INFO - Filling up the DagBag from /home/airflow/.local/lib/python3.8/site-packages/airflow/example_dags/example_short_circuit_operator.py
[2025-02-15T17:35:22.628+0000] {processor.py:839} INFO - DAG(s) dict_keys(['example_short_circuit_operator']) retrieved from /home/airflow/.local/lib/python3.8/site-packages/airflow/example_dags/example_short_circuit_operator.py
[2025-02-15T17:35:22.711+0000] {logging_mixin.py:154} INFO - [2025-02-15T17:35:22.711+0000] {dag.py:2941} INFO - Sync 1 DAGs
[2025-02-15T17:35:22.797+0000] {logging_mixin.py:154} INFO - [2025-02-15T17:35:22.796+0000] {dag.py:3722} INFO - Setting next_dagrun for example_short_circuit_operator to 2025-02-14T17:35:22.795999+00:00, run_after=2025-02-15T17:35:22.795999+00:00
[2025-02-15T17:35:22.852+0000] {processor.py:179} INFO - Processing /home/airflow/.local/lib/python3.8/site-packages/airflow/example_dags/example_short_circuit_operator.py took 0.274 seconds
[2025-02-15T17:35:53.436+0000] {processor.py:157} INFO - Started process (PID=1265) to work on /home/airflow/.local/lib/python3.8/site-packages/airflow/example_dags/example_short_circuit_operator.py
[2025-02-15T17:35:53.439+0000] {processor.py:829} INFO - Processing file /home/airflow/.local/lib/python3.8/site-packages/airflow/example_dags/example_short_circuit_operator.py for tasks to queue
[2025-02-15T17:35:53.441+0000] {logging_mixin.py:154} INFO - [2025-02-15T17:35:53.440+0000] {dagbag.py:536} INFO - Filling up the DagBag from /home/airflow/.local/lib/python3.8/site-packages/airflow/example_dags/example_short_circuit_operator.py
[2025-02-15T17:35:53.471+0000] {processor.py:839} INFO - DAG(s) dict_keys(['example_short_circuit_operator']) retrieved from /home/airflow/.local/lib/python3.8/site-packages/airflow/example_dags/example_short_circuit_operator.py
[2025-02-15T17:35:53.557+0000] {logging_mixin.py:154} INFO - [2025-02-15T17:35:53.556+0000] {dag.py:2941} INFO - Sync 1 DAGs
[2025-02-15T17:35:53.642+0000] {logging_mixin.py:154} INFO - [2025-02-15T17:35:53.642+0000] {dag.py:3722} INFO - Setting next_dagrun for example_short_circuit_operator to 2025-02-14T17:35:53.641168+00:00, run_after=2025-02-15T17:35:53.641168+00:00
[2025-02-15T17:35:53.758+0000] {processor.py:179} INFO - Processing /home/airflow/.local/lib/python3.8/site-packages/airflow/example_dags/example_short_circuit_operator.py took 0.341 seconds
[2025-02-15T17:36:24.169+0000] {processor.py:157} INFO - Started process (PID=1514) to work on /home/airflow/.local/lib/python3.8/site-packages/airflow/example_dags/example_short_circuit_operator.py
[2025-02-15T17:36:24.173+0000] {processor.py:829} INFO - Processing file /home/airflow/.local/lib/python3.8/site-packages/airflow/example_dags/example_short_circuit_operator.py for tasks to queue
[2025-02-15T17:36:24.180+0000] {logging_mixin.py:154} INFO - [2025-02-15T17:36:24.179+0000] {dagbag.py:536} INFO - Filling up the DagBag from /home/airflow/.local/lib/python3.8/site-packages/airflow/example_dags/example_short_circuit_operator.py
[2025-02-15T17:36:24.209+0000] {processor.py:839} INFO - DAG(s) dict_keys(['example_short_circuit_operator']) retrieved from /home/airflow/.local/lib/python3.8/site-packages/airflow/example_dags/example_short_circuit_operator.py
[2025-02-15T17:36:24.284+0000] {logging_mixin.py:154} INFO - [2025-02-15T17:36:24.284+0000] {dag.py:2941} INFO - Sync 1 DAGs
[2025-02-15T17:36:24.363+0000] {logging_mixin.py:154} INFO - [2025-02-15T17:36:24.362+0000] {dag.py:3722} INFO - Setting next_dagrun for example_short_circuit_operator to 2025-02-14T17:36:24.361604+00:00, run_after=2025-02-15T17:36:24.361604+00:00
[2025-02-15T17:36:24.442+0000] {processor.py:179} INFO - Processing /home/airflow/.local/lib/python3.8/site-packages/airflow/example_dags/example_short_circuit_operator.py took 0.282 seconds
[2025-02-15T17:36:54.879+0000] {processor.py:157} INFO - Started process (PID=1770) to work on /home/airflow/.local/lib/python3.8/site-packages/airflow/example_dags/example_short_circuit_operator.py
[2025-02-15T17:36:54.881+0000] {processor.py:829} INFO - Processing file /home/airflow/.local/lib/python3.8/site-packages/airflow/example_dags/example_short_circuit_operator.py for tasks to queue
[2025-02-15T17:36:54.884+0000] {logging_mixin.py:154} INFO - [2025-02-15T17:36:54.883+0000] {dagbag.py:536} INFO - Filling up the DagBag from /home/airflow/.local/lib/python3.8/site-packages/airflow/example_dags/example_short_circuit_operator.py
[2025-02-15T17:36:54.918+0000] {processor.py:839} INFO - DAG(s) dict_keys(['example_short_circuit_operator']) retrieved from /home/airflow/.local/lib/python3.8/site-packages/airflow/example_dags/example_short_circuit_operator.py
[2025-02-15T17:36:55.021+0000] {logging_mixin.py:154} INFO - [2025-02-15T17:36:55.021+0000] {dag.py:2941} INFO - Sync 1 DAGs
[2025-02-15T17:36:55.093+0000] {logging_mixin.py:154} INFO - [2025-02-15T17:36:55.092+0000] {dag.py:3722} INFO - Setting next_dagrun for example_short_circuit_operator to 2025-02-14T17:36:55.091929+00:00, run_after=2025-02-15T17:36:55.091929+00:00
[2025-02-15T17:36:55.166+0000] {processor.py:179} INFO - Processing /home/airflow/.local/lib/python3.8/site-packages/airflow/example_dags/example_short_circuit_operator.py took 0.297 seconds
[2025-02-15T17:37:25.721+0000] {processor.py:157} INFO - Started process (PID=2008) to work on /home/airflow/.local/lib/python3.8/site-packages/airflow/example_dags/example_short_circuit_operator.py
[2025-02-15T17:37:25.724+0000] {processor.py:829} INFO - Processing file /home/airflow/.local/lib/python3.8/site-packages/airflow/example_dags/example_short_circuit_operator.py for tasks to queue
[2025-02-15T17:37:25.727+0000] {logging_mixin.py:154} INFO - [2025-02-15T17:37:25.726+0000] {dagbag.py:536} INFO - Filling up the DagBag from /home/airflow/.local/lib/python3.8/site-packages/airflow/example_dags/example_short_circuit_operator.py
[2025-02-15T17:37:25.752+0000] {processor.py:839} INFO - DAG(s) dict_keys(['example_short_circuit_operator']) retrieved from /home/airflow/.local/lib/python3.8/site-packages/airflow/example_dags/example_short_circuit_operator.py
[2025-02-15T17:37:25.833+0000] {logging_mixin.py:154} INFO - [2025-02-15T17:37:25.833+0000] {dag.py:2941} INFO - Sync 1 DAGs
[2025-02-15T17:37:25.897+0000] {logging_mixin.py:154} INFO - [2025-02-15T17:37:25.896+0000] {dag.py:3722} INFO - Setting next_dagrun for example_short_circuit_operator to 2025-02-14T17:37:25.895507+00:00, run_after=2025-02-15T17:37:25.895507+00:00
[2025-02-15T17:37:25.955+0000] {processor.py:179} INFO - Processing /home/airflow/.local/lib/python3.8/site-packages/airflow/example_dags/example_short_circuit_operator.py took 0.245 seconds
[2025-02-15T17:37:56.507+0000] {processor.py:157} INFO - Started process (PID=2244) to work on /home/airflow/.local/lib/python3.8/site-packages/airflow/example_dags/example_short_circuit_operator.py
[2025-02-15T17:37:56.510+0000] {processor.py:829} INFO - Processing file /home/airflow/.local/lib/python3.8/site-packages/airflow/example_dags/example_short_circuit_operator.py for tasks to queue
[2025-02-15T17:37:56.512+0000] {logging_mixin.py:154} INFO - [2025-02-15T17:37:56.512+0000] {dagbag.py:536} INFO - Filling up the DagBag from /home/airflow/.local/lib/python3.8/site-packages/airflow/example_dags/example_short_circuit_operator.py
[2025-02-15T17:37:56.551+0000] {processor.py:839} INFO - DAG(s) dict_keys(['example_short_circuit_operator']) retrieved from /home/airflow/.local/lib/python3.8/site-packages/airflow/example_dags/example_short_circuit_operator.py
[2025-02-15T17:37:56.633+0000] {logging_mixin.py:154} INFO - [2025-02-15T17:37:56.633+0000] {dag.py:2941} INFO - Sync 1 DAGs
[2025-02-15T17:37:56.723+0000] {logging_mixin.py:154} INFO - [2025-02-15T17:37:56.722+0000] {dag.py:3722} INFO - Setting next_dagrun for example_short_circuit_operator to 2025-02-14T17:37:56.720493+00:00, run_after=2025-02-15T17:37:56.720493+00:00
[2025-02-15T17:37:56.806+0000] {processor.py:179} INFO - Processing /home/airflow/.local/lib/python3.8/site-packages/airflow/example_dags/example_short_circuit_operator.py took 0.308 seconds
[2025-02-15T17:38:26.896+0000] {processor.py:157} INFO - Started process (PID=2479) to work on /home/airflow/.local/lib/python3.8/site-packages/airflow/example_dags/example_short_circuit_operator.py
[2025-02-15T17:38:26.898+0000] {processor.py:829} INFO - Processing file /home/airflow/.local/lib/python3.8/site-packages/airflow/example_dags/example_short_circuit_operator.py for tasks to queue
[2025-02-15T17:38:26.900+0000] {logging_mixin.py:154} INFO - [2025-02-15T17:38:26.899+0000] {dagbag.py:536} INFO - Filling up the DagBag from /home/airflow/.local/lib/python3.8/site-packages/airflow/example_dags/example_short_circuit_operator.py
[2025-02-15T17:38:26.925+0000] {processor.py:839} INFO - DAG(s) dict_keys(['example_short_circuit_operator']) retrieved from /home/airflow/.local/lib/python3.8/site-packages/airflow/example_dags/example_short_circuit_operator.py
[2025-02-15T17:38:26.995+0000] {logging_mixin.py:154} INFO - [2025-02-15T17:38:26.994+0000] {dag.py:2941} INFO - Sync 1 DAGs
[2025-02-15T17:38:27.059+0000] {logging_mixin.py:154} INFO - [2025-02-15T17:38:27.059+0000] {dag.py:3722} INFO - Setting next_dagrun for example_short_circuit_operator to 2025-02-14T17:38:27.058475+00:00, run_after=2025-02-15T17:38:27.058475+00:00
[2025-02-15T17:38:27.134+0000] {processor.py:179} INFO - Processing /home/airflow/.local/lib/python3.8/site-packages/airflow/example_dags/example_short_circuit_operator.py took 0.248 seconds
[2025-02-15T17:38:57.686+0000] {processor.py:157} INFO - Started process (PID=2717) to work on /home/airflow/.local/lib/python3.8/site-packages/airflow/example_dags/example_short_circuit_operator.py
[2025-02-15T17:38:57.690+0000] {processor.py:829} INFO - Processing file /home/airflow/.local/lib/python3.8/site-packages/airflow/example_dags/example_short_circuit_operator.py for tasks to queue
[2025-02-15T17:38:57.692+0000] {logging_mixin.py:154} INFO - [2025-02-15T17:38:57.692+0000] {dagbag.py:536} INFO - Filling up the DagBag from /home/airflow/.local/lib/python3.8/site-packages/airflow/example_dags/example_short_circuit_operator.py
[2025-02-15T17:38:57.719+0000] {processor.py:839} INFO - DAG(s) dict_keys(['example_short_circuit_operator']) retrieved from /home/airflow/.local/lib/python3.8/site-packages/airflow/example_dags/example_short_circuit_operator.py
[2025-02-15T17:38:57.793+0000] {logging_mixin.py:154} INFO - [2025-02-15T17:38:57.792+0000] {dag.py:2941} INFO - Sync 1 DAGs
[2025-02-15T17:38:57.865+0000] {logging_mixin.py:154} INFO - [2025-02-15T17:38:57.865+0000] {dag.py:3722} INFO - Setting next_dagrun for example_short_circuit_operator to 2025-02-14T17:38:57.864496+00:00, run_after=2025-02-15T17:38:57.864496+00:00
[2025-02-15T17:38:57.915+0000] {processor.py:179} INFO - Processing /home/airflow/.local/lib/python3.8/site-packages/airflow/example_dags/example_short_circuit_operator.py took 0.239 seconds
[2025-02-15T17:39:28.400+0000] {processor.py:157} INFO - Started process (PID=2955) to work on /home/airflow/.local/lib/python3.8/site-packages/airflow/example_dags/example_short_circuit_operator.py
[2025-02-15T17:39:28.403+0000] {processor.py:829} INFO - Processing file /home/airflow/.local/lib/python3.8/site-packages/airflow/example_dags/example_short_circuit_operator.py for tasks to queue
[2025-02-15T17:39:28.405+0000] {logging_mixin.py:154} INFO - [2025-02-15T17:39:28.404+0000] {dagbag.py:536} INFO - Filling up the DagBag from /home/airflow/.local/lib/python3.8/site-packages/airflow/example_dags/example_short_circuit_operator.py
[2025-02-15T17:39:28.424+0000] {processor.py:839} INFO - DAG(s) dict_keys(['example_short_circuit_operator']) retrieved from /home/airflow/.local/lib/python3.8/site-packages/airflow/example_dags/example_short_circuit_operator.py
[2025-02-15T17:39:28.498+0000] {logging_mixin.py:154} INFO - [2025-02-15T17:39:28.498+0000] {dag.py:2941} INFO - Sync 1 DAGs
[2025-02-15T17:39:28.560+0000] {logging_mixin.py:154} INFO - [2025-02-15T17:39:28.559+0000] {dag.py:3722} INFO - Setting next_dagrun for example_short_circuit_operator to 2025-02-14T17:39:28.559093+00:00, run_after=2025-02-15T17:39:28.559093+00:00
[2025-02-15T17:39:28.628+0000] {processor.py:179} INFO - Processing /home/airflow/.local/lib/python3.8/site-packages/airflow/example_dags/example_short_circuit_operator.py took 0.235 seconds
[2025-02-15T17:39:58.817+0000] {processor.py:157} INFO - Started process (PID=3193) to work on /home/airflow/.local/lib/python3.8/site-packages/airflow/example_dags/example_short_circuit_operator.py
[2025-02-15T17:39:58.820+0000] {processor.py:829} INFO - Processing file /home/airflow/.local/lib/python3.8/site-packages/airflow/example_dags/example_short_circuit_operator.py for tasks to queue
[2025-02-15T17:39:58.821+0000] {logging_mixin.py:154} INFO - [2025-02-15T17:39:58.821+0000] {dagbag.py:536} INFO - Filling up the DagBag from /home/airflow/.local/lib/python3.8/site-packages/airflow/example_dags/example_short_circuit_operator.py
[2025-02-15T17:39:58.844+0000] {processor.py:839} INFO - DAG(s) dict_keys(['example_short_circuit_operator']) retrieved from /home/airflow/.local/lib/python3.8/site-packages/airflow/example_dags/example_short_circuit_operator.py
[2025-02-15T17:39:58.908+0000] {logging_mixin.py:154} INFO - [2025-02-15T17:39:58.907+0000] {dag.py:2941} INFO - Sync 1 DAGs
[2025-02-15T17:39:58.981+0000] {logging_mixin.py:154} INFO - [2025-02-15T17:39:58.980+0000] {dag.py:3722} INFO - Setting next_dagrun for example_short_circuit_operator to 2025-02-14T17:39:58.980230+00:00, run_after=2025-02-15T17:39:58.980230+00:00
[2025-02-15T17:39:59.035+0000] {processor.py:179} INFO - Processing /home/airflow/.local/lib/python3.8/site-packages/airflow/example_dags/example_short_circuit_operator.py took 0.229 seconds
[2025-02-15T17:40:29.879+0000] {processor.py:157} INFO - Started process (PID=3431) to work on /home/airflow/.local/lib/python3.8/site-packages/airflow/example_dags/example_short_circuit_operator.py
[2025-02-15T17:40:29.882+0000] {processor.py:829} INFO - Processing file /home/airflow/.local/lib/python3.8/site-packages/airflow/example_dags/example_short_circuit_operator.py for tasks to queue
[2025-02-15T17:40:29.883+0000] {logging_mixin.py:154} INFO - [2025-02-15T17:40:29.883+0000] {dagbag.py:536} INFO - Filling up the DagBag from /home/airflow/.local/lib/python3.8/site-packages/airflow/example_dags/example_short_circuit_operator.py
[2025-02-15T17:40:29.907+0000] {processor.py:839} INFO - DAG(s) dict_keys(['example_short_circuit_operator']) retrieved from /home/airflow/.local/lib/python3.8/site-packages/airflow/example_dags/example_short_circuit_operator.py
[2025-02-15T17:40:29.977+0000] {logging_mixin.py:154} INFO - [2025-02-15T17:40:29.976+0000] {dag.py:2941} INFO - Sync 1 DAGs
[2025-02-15T17:40:30.046+0000] {logging_mixin.py:154} INFO - [2025-02-15T17:40:30.045+0000] {dag.py:3722} INFO - Setting next_dagrun for example_short_circuit_operator to 2025-02-14T17:40:30.044815+00:00, run_after=2025-02-15T17:40:30.044815+00:00
[2025-02-15T17:40:30.112+0000] {processor.py:179} INFO - Processing /home/airflow/.local/lib/python3.8/site-packages/airflow/example_dags/example_short_circuit_operator.py took 0.241 seconds
[2025-02-15T17:41:00.409+0000] {processor.py:157} INFO - Started process (PID=3669) to work on /home/airflow/.local/lib/python3.8/site-packages/airflow/example_dags/example_short_circuit_operator.py
[2025-02-15T17:41:00.412+0000] {processor.py:829} INFO - Processing file /home/airflow/.local/lib/python3.8/site-packages/airflow/example_dags/example_short_circuit_operator.py for tasks to queue
[2025-02-15T17:41:00.415+0000] {logging_mixin.py:154} INFO - [2025-02-15T17:41:00.413+0000] {dagbag.py:536} INFO - Filling up the DagBag from /home/airflow/.local/lib/python3.8/site-packages/airflow/example_dags/example_short_circuit_operator.py
[2025-02-15T17:41:00.442+0000] {processor.py:839} INFO - DAG(s) dict_keys(['example_short_circuit_operator']) retrieved from /home/airflow/.local/lib/python3.8/site-packages/airflow/example_dags/example_short_circuit_operator.py
[2025-02-15T17:41:00.518+0000] {logging_mixin.py:154} INFO - [2025-02-15T17:41:00.518+0000] {dag.py:2941} INFO - Sync 1 DAGs
[2025-02-15T17:41:00.581+0000] {logging_mixin.py:154} INFO - [2025-02-15T17:41:00.581+0000] {dag.py:3722} INFO - Setting next_dagrun for example_short_circuit_operator to 2025-02-14T17:41:00.580533+00:00, run_after=2025-02-15T17:41:00.580533+00:00
[2025-02-15T17:41:00.630+0000] {processor.py:179} INFO - Processing /home/airflow/.local/lib/python3.8/site-packages/airflow/example_dags/example_short_circuit_operator.py took 0.231 seconds
[2025-02-15T17:41:31.282+0000] {processor.py:157} INFO - Started process (PID=3907) to work on /home/airflow/.local/lib/python3.8/site-packages/airflow/example_dags/example_short_circuit_operator.py
[2025-02-15T17:41:31.286+0000] {processor.py:829} INFO - Processing file /home/airflow/.local/lib/python3.8/site-packages/airflow/example_dags/example_short_circuit_operator.py for tasks to queue
[2025-02-15T17:41:31.290+0000] {logging_mixin.py:154} INFO - [2025-02-15T17:41:31.289+0000] {dagbag.py:536} INFO - Filling up the DagBag from /home/airflow/.local/lib/python3.8/site-packages/airflow/example_dags/example_short_circuit_operator.py
[2025-02-15T17:41:31.319+0000] {processor.py:839} INFO - DAG(s) dict_keys(['example_short_circuit_operator']) retrieved from /home/airflow/.local/lib/python3.8/site-packages/airflow/example_dags/example_short_circuit_operator.py
[2025-02-15T17:41:31.374+0000] {logging_mixin.py:154} INFO - [2025-02-15T17:41:31.373+0000] {dag.py:2941} INFO - Sync 1 DAGs
[2025-02-15T17:41:31.438+0000] {logging_mixin.py:154} INFO - [2025-02-15T17:41:31.437+0000] {dag.py:3722} INFO - Setting next_dagrun for example_short_circuit_operator to 2025-02-14T17:41:31.436849+00:00, run_after=2025-02-15T17:41:31.436849+00:00
[2025-02-15T17:41:31.493+0000] {processor.py:179} INFO - Processing /home/airflow/.local/lib/python3.8/site-packages/airflow/example_dags/example_short_circuit_operator.py took 0.228 seconds
[2025-02-15T17:42:01.954+0000] {processor.py:157} INFO - Started process (PID=4145) to work on /home/airflow/.local/lib/python3.8/site-packages/airflow/example_dags/example_short_circuit_operator.py
[2025-02-15T17:42:01.956+0000] {processor.py:829} INFO - Processing file /home/airflow/.local/lib/python3.8/site-packages/airflow/example_dags/example_short_circuit_operator.py for tasks to queue
[2025-02-15T17:42:01.959+0000] {logging_mixin.py:154} INFO - [2025-02-15T17:42:01.958+0000] {dagbag.py:536} INFO - Filling up the DagBag from /home/airflow/.local/lib/python3.8/site-packages/airflow/example_dags/example_short_circuit_operator.py
[2025-02-15T17:42:01.992+0000] {processor.py:839} INFO - DAG(s) dict_keys(['example_short_circuit_operator']) retrieved from /home/airflow/.local/lib/python3.8/site-packages/airflow/example_dags/example_short_circuit_operator.py
[2025-02-15T17:42:02.082+0000] {logging_mixin.py:154} INFO - [2025-02-15T17:42:02.081+0000] {dag.py:2941} INFO - Sync 1 DAGs
[2025-02-15T17:42:02.155+0000] {logging_mixin.py:154} INFO - [2025-02-15T17:42:02.155+0000] {dag.py:3722} INFO - Setting next_dagrun for example_short_circuit_operator to 2025-02-14T17:42:02.154491+00:00, run_after=2025-02-15T17:42:02.154491+00:00
[2025-02-15T17:42:02.236+0000] {processor.py:179} INFO - Processing /home/airflow/.local/lib/python3.8/site-packages/airflow/example_dags/example_short_circuit_operator.py took 0.293 seconds
[2025-02-15T17:42:32.424+0000] {processor.py:157} INFO - Started process (PID=4401) to work on /home/airflow/.local/lib/python3.8/site-packages/airflow/example_dags/example_short_circuit_operator.py
[2025-02-15T17:42:32.426+0000] {processor.py:829} INFO - Processing file /home/airflow/.local/lib/python3.8/site-packages/airflow/example_dags/example_short_circuit_operator.py for tasks to queue
[2025-02-15T17:42:32.428+0000] {logging_mixin.py:154} INFO - [2025-02-15T17:42:32.427+0000] {dagbag.py:536} INFO - Filling up the DagBag from /home/airflow/.local/lib/python3.8/site-packages/airflow/example_dags/example_short_circuit_operator.py
[2025-02-15T17:42:32.453+0000] {processor.py:839} INFO - DAG(s) dict_keys(['example_short_circuit_operator']) retrieved from /home/airflow/.local/lib/python3.8/site-packages/airflow/example_dags/example_short_circuit_operator.py
[2025-02-15T17:42:32.535+0000] {logging_mixin.py:154} INFO - [2025-02-15T17:42:32.535+0000] {dag.py:2941} INFO - Sync 1 DAGs
[2025-02-15T17:42:32.590+0000] {logging_mixin.py:154} INFO - [2025-02-15T17:42:32.590+0000] {dag.py:3722} INFO - Setting next_dagrun for example_short_circuit_operator to 2025-02-14T17:42:32.589559+00:00, run_after=2025-02-15T17:42:32.589559+00:00
[2025-02-15T17:42:32.632+0000] {processor.py:179} INFO - Processing /home/airflow/.local/lib/python3.8/site-packages/airflow/example_dags/example_short_circuit_operator.py took 0.216 seconds
[2025-02-15T17:43:02.806+0000] {processor.py:157} INFO - Started process (PID=4639) to work on /home/airflow/.local/lib/python3.8/site-packages/airflow/example_dags/example_short_circuit_operator.py
[2025-02-15T17:43:02.809+0000] {processor.py:829} INFO - Processing file /home/airflow/.local/lib/python3.8/site-packages/airflow/example_dags/example_short_circuit_operator.py for tasks to queue
[2025-02-15T17:43:02.811+0000] {logging_mixin.py:154} INFO - [2025-02-15T17:43:02.810+0000] {dagbag.py:536} INFO - Filling up the DagBag from /home/airflow/.local/lib/python3.8/site-packages/airflow/example_dags/example_short_circuit_operator.py
[2025-02-15T17:43:02.835+0000] {processor.py:839} INFO - DAG(s) dict_keys(['example_short_circuit_operator']) retrieved from /home/airflow/.local/lib/python3.8/site-packages/airflow/example_dags/example_short_circuit_operator.py
[2025-02-15T17:43:02.906+0000] {logging_mixin.py:154} INFO - [2025-02-15T17:43:02.905+0000] {dag.py:2941} INFO - Sync 1 DAGs
[2025-02-15T17:43:02.978+0000] {logging_mixin.py:154} INFO - [2025-02-15T17:43:02.978+0000] {dag.py:3722} INFO - Setting next_dagrun for example_short_circuit_operator to 2025-02-14T17:43:02.977312+00:00, run_after=2025-02-15T17:43:02.977312+00:00
[2025-02-15T17:43:03.034+0000] {processor.py:179} INFO - Processing /home/airflow/.local/lib/python3.8/site-packages/airflow/example_dags/example_short_circuit_operator.py took 0.237 seconds
[2025-02-15T17:43:33.194+0000] {processor.py:157} INFO - Started process (PID=4876) to work on /home/airflow/.local/lib/python3.8/site-packages/airflow/example_dags/example_short_circuit_operator.py
[2025-02-15T17:43:33.199+0000] {processor.py:829} INFO - Processing file /home/airflow/.local/lib/python3.8/site-packages/airflow/example_dags/example_short_circuit_operator.py for tasks to queue
[2025-02-15T17:43:33.201+0000] {logging_mixin.py:154} INFO - [2025-02-15T17:43:33.200+0000] {dagbag.py:536} INFO - Filling up the DagBag from /home/airflow/.local/lib/python3.8/site-packages/airflow/example_dags/example_short_circuit_operator.py
[2025-02-15T17:43:33.229+0000] {processor.py:839} INFO - DAG(s) dict_keys(['example_short_circuit_operator']) retrieved from /home/airflow/.local/lib/python3.8/site-packages/airflow/example_dags/example_short_circuit_operator.py
[2025-02-15T17:43:33.307+0000] {logging_mixin.py:154} INFO - [2025-02-15T17:43:33.306+0000] {dag.py:2941} INFO - Sync 1 DAGs
[2025-02-15T17:43:33.373+0000] {logging_mixin.py:154} INFO - [2025-02-15T17:43:33.372+0000] {dag.py:3722} INFO - Setting next_dagrun for example_short_circuit_operator to 2025-02-14T17:43:33.371829+00:00, run_after=2025-02-15T17:43:33.371829+00:00
[2025-02-15T17:43:33.423+0000] {processor.py:179} INFO - Processing /home/airflow/.local/lib/python3.8/site-packages/airflow/example_dags/example_short_circuit_operator.py took 0.241 seconds
[2025-02-15T17:44:03.816+0000] {processor.py:157} INFO - Started process (PID=5114) to work on /home/airflow/.local/lib/python3.8/site-packages/airflow/example_dags/example_short_circuit_operator.py
[2025-02-15T17:44:03.823+0000] {processor.py:829} INFO - Processing file /home/airflow/.local/lib/python3.8/site-packages/airflow/example_dags/example_short_circuit_operator.py for tasks to queue
[2025-02-15T17:44:03.826+0000] {logging_mixin.py:154} INFO - [2025-02-15T17:44:03.825+0000] {dagbag.py:536} INFO - Filling up the DagBag from /home/airflow/.local/lib/python3.8/site-packages/airflow/example_dags/example_short_circuit_operator.py
[2025-02-15T17:44:03.858+0000] {processor.py:839} INFO - DAG(s) dict_keys(['example_short_circuit_operator']) retrieved from /home/airflow/.local/lib/python3.8/site-packages/airflow/example_dags/example_short_circuit_operator.py
[2025-02-15T17:44:03.912+0000] {logging_mixin.py:154} INFO - [2025-02-15T17:44:03.912+0000] {dag.py:2941} INFO - Sync 1 DAGs
[2025-02-15T17:44:03.972+0000] {logging_mixin.py:154} INFO - [2025-02-15T17:44:03.971+0000] {dag.py:3722} INFO - Setting next_dagrun for example_short_circuit_operator to 2025-02-14T17:44:03.970890+00:00, run_after=2025-02-15T17:44:03.970890+00:00
[2025-02-15T17:44:04.055+0000] {processor.py:179} INFO - Processing /home/airflow/.local/lib/python3.8/site-packages/airflow/example_dags/example_short_circuit_operator.py took 0.256 seconds
[2025-02-15T17:44:34.178+0000] {processor.py:157} INFO - Started process (PID=5352) to work on /home/airflow/.local/lib/python3.8/site-packages/airflow/example_dags/example_short_circuit_operator.py
[2025-02-15T17:44:34.181+0000] {processor.py:829} INFO - Processing file /home/airflow/.local/lib/python3.8/site-packages/airflow/example_dags/example_short_circuit_operator.py for tasks to queue
[2025-02-15T17:44:34.183+0000] {logging_mixin.py:154} INFO - [2025-02-15T17:44:34.182+0000] {dagbag.py:536} INFO - Filling up the DagBag from /home/airflow/.local/lib/python3.8/site-packages/airflow/example_dags/example_short_circuit_operator.py
[2025-02-15T17:44:34.208+0000] {processor.py:839} INFO - DAG(s) dict_keys(['example_short_circuit_operator']) retrieved from /home/airflow/.local/lib/python3.8/site-packages/airflow/example_dags/example_short_circuit_operator.py
[2025-02-15T17:44:34.281+0000] {logging_mixin.py:154} INFO - [2025-02-15T17:44:34.280+0000] {dag.py:2941} INFO - Sync 1 DAGs
[2025-02-15T17:44:34.348+0000] {logging_mixin.py:154} INFO - [2025-02-15T17:44:34.347+0000] {dag.py:3722} INFO - Setting next_dagrun for example_short_circuit_operator to 2025-02-14T17:44:34.346271+00:00, run_after=2025-02-15T17:44:34.346271+00:00
[2025-02-15T17:44:34.403+0000] {processor.py:179} INFO - Processing /home/airflow/.local/lib/python3.8/site-packages/airflow/example_dags/example_short_circuit_operator.py took 0.235 seconds
[2025-02-15T17:45:05.644+0000] {processor.py:157} INFO - Started process (PID=5587) to work on /home/airflow/.local/lib/python3.8/site-packages/airflow/example_dags/example_short_circuit_operator.py
[2025-02-15T17:45:05.651+0000] {processor.py:829} INFO - Processing file /home/airflow/.local/lib/python3.8/site-packages/airflow/example_dags/example_short_circuit_operator.py for tasks to queue
[2025-02-15T17:45:05.660+0000] {logging_mixin.py:154} INFO - [2025-02-15T17:45:05.656+0000] {dagbag.py:536} INFO - Filling up the DagBag from /home/airflow/.local/lib/python3.8/site-packages/airflow/example_dags/example_short_circuit_operator.py
[2025-02-15T17:45:05.721+0000] {processor.py:839} INFO - DAG(s) dict_keys(['example_short_circuit_operator']) retrieved from /home/airflow/.local/lib/python3.8/site-packages/airflow/example_dags/example_short_circuit_operator.py
[2025-02-15T17:45:05.871+0000] {logging_mixin.py:154} INFO - [2025-02-15T17:45:05.870+0000] {dag.py:2941} INFO - Sync 1 DAGs
[2025-02-15T17:45:06.011+0000] {logging_mixin.py:154} INFO - [2025-02-15T17:45:06.010+0000] {dag.py:3722} INFO - Setting next_dagrun for example_short_circuit_operator to 2025-02-14T17:45:06.001994+00:00, run_after=2025-02-15T17:45:06.001994+00:00
[2025-02-15T17:45:06.249+0000] {processor.py:179} INFO - Processing /home/airflow/.local/lib/python3.8/site-packages/airflow/example_dags/example_short_circuit_operator.py took 0.633 seconds
[2025-02-15T17:45:36.438+0000] {processor.py:157} INFO - Started process (PID=5827) to work on /home/airflow/.local/lib/python3.8/site-packages/airflow/example_dags/example_short_circuit_operator.py
[2025-02-15T17:45:36.441+0000] {processor.py:829} INFO - Processing file /home/airflow/.local/lib/python3.8/site-packages/airflow/example_dags/example_short_circuit_operator.py for tasks to queue
[2025-02-15T17:45:36.444+0000] {logging_mixin.py:154} INFO - [2025-02-15T17:45:36.443+0000] {dagbag.py:536} INFO - Filling up the DagBag from /home/airflow/.local/lib/python3.8/site-packages/airflow/example_dags/example_short_circuit_operator.py
[2025-02-15T17:45:36.474+0000] {processor.py:839} INFO - DAG(s) dict_keys(['example_short_circuit_operator']) retrieved from /home/airflow/.local/lib/python3.8/site-packages/airflow/example_dags/example_short_circuit_operator.py
[2025-02-15T17:45:36.541+0000] {logging_mixin.py:154} INFO - [2025-02-15T17:45:36.540+0000] {dag.py:2941} INFO - Sync 1 DAGs
[2025-02-15T17:45:36.602+0000] {logging_mixin.py:154} INFO - [2025-02-15T17:45:36.602+0000] {dag.py:3722} INFO - Setting next_dagrun for example_short_circuit_operator to 2025-02-14T17:45:36.601750+00:00, run_after=2025-02-15T17:45:36.601750+00:00
[2025-02-15T17:45:36.678+0000] {processor.py:179} INFO - Processing /home/airflow/.local/lib/python3.8/site-packages/airflow/example_dags/example_short_circuit_operator.py took 0.253 seconds
[2025-02-15T17:46:07.710+0000] {processor.py:157} INFO - Started process (PID=6065) to work on /home/airflow/.local/lib/python3.8/site-packages/airflow/example_dags/example_short_circuit_operator.py
[2025-02-15T17:46:07.713+0000] {processor.py:829} INFO - Processing file /home/airflow/.local/lib/python3.8/site-packages/airflow/example_dags/example_short_circuit_operator.py for tasks to queue
[2025-02-15T17:46:07.715+0000] {logging_mixin.py:154} INFO - [2025-02-15T17:46:07.715+0000] {dagbag.py:536} INFO - Filling up the DagBag from /home/airflow/.local/lib/python3.8/site-packages/airflow/example_dags/example_short_circuit_operator.py
[2025-02-15T17:46:07.742+0000] {processor.py:839} INFO - DAG(s) dict_keys(['example_short_circuit_operator']) retrieved from /home/airflow/.local/lib/python3.8/site-packages/airflow/example_dags/example_short_circuit_operator.py
[2025-02-15T17:46:07.820+0000] {logging_mixin.py:154} INFO - [2025-02-15T17:46:07.817+0000] {dag.py:2941} INFO - Sync 1 DAGs
[2025-02-15T17:46:07.911+0000] {logging_mixin.py:154} INFO - [2025-02-15T17:46:07.911+0000] {dag.py:3722} INFO - Setting next_dagrun for example_short_circuit_operator to 2025-02-14T17:46:07.910065+00:00, run_after=2025-02-15T17:46:07.910065+00:00
[2025-02-15T17:46:07.973+0000] {processor.py:179} INFO - Processing /home/airflow/.local/lib/python3.8/site-packages/airflow/example_dags/example_short_circuit_operator.py took 0.275 seconds
