[2025-02-15T17:17:00.943+0000] {processor.py:157} INFO - Started process (PID=329) to work on /home/airflow/.local/lib/python3.8/site-packages/airflow/example_dags/example_external_task_marker_dag.py
[2025-02-15T17:17:00.947+0000] {processor.py:829} INFO - Processing file /home/airflow/.local/lib/python3.8/site-packages/airflow/example_dags/example_external_task_marker_dag.py for tasks to queue
[2025-02-15T17:17:00.949+0000] {logging_mixin.py:154} INFO - [2025-02-15T17:17:00.948+0000] {dagbag.py:536} INFO - Filling up the DagBag from /home/airflow/.local/lib/python3.8/site-packages/airflow/example_dags/example_external_task_marker_dag.py
[2025-02-15T17:17:00.969+0000] {processor.py:839} INFO - DAG(s) dict_keys(['example_external_task_marker_parent', 'example_external_task_marker_child']) retrieved from /home/airflow/.local/lib/python3.8/site-packages/airflow/example_dags/example_external_task_marker_dag.py
[2025-02-15T17:17:01.037+0000] {logging_mixin.py:154} INFO - [2025-02-15T17:17:01.036+0000] {dag.py:2941} INFO - Sync 2 DAGs
[2025-02-15T17:17:01.069+0000] {logging_mixin.py:154} INFO - [2025-02-15T17:17:01.069+0000] {dag.py:3722} INFO - Setting next_dagrun for example_external_task_marker_child to None, run_after=None
[2025-02-15T17:17:01.081+0000] {logging_mixin.py:154} INFO - [2025-02-15T17:17:01.080+0000] {dag.py:3722} INFO - Setting next_dagrun for example_external_task_marker_parent to None, run_after=None
[2025-02-15T17:17:01.134+0000] {processor.py:179} INFO - Processing /home/airflow/.local/lib/python3.8/site-packages/airflow/example_dags/example_external_task_marker_dag.py took 0.200 seconds
[2025-02-15T17:17:41.743+0000] {processor.py:157} INFO - Started process (PID=574) to work on /home/airflow/.local/lib/python3.8/site-packages/airflow/example_dags/example_external_task_marker_dag.py
[2025-02-15T17:17:41.750+0000] {processor.py:829} INFO - Processing file /home/airflow/.local/lib/python3.8/site-packages/airflow/example_dags/example_external_task_marker_dag.py for tasks to queue
[2025-02-15T17:17:41.756+0000] {logging_mixin.py:154} INFO - [2025-02-15T17:17:41.751+0000] {dagbag.py:536} INFO - Filling up the DagBag from /home/airflow/.local/lib/python3.8/site-packages/airflow/example_dags/example_external_task_marker_dag.py
[2025-02-15T17:17:41.790+0000] {processor.py:839} INFO - DAG(s) dict_keys(['example_external_task_marker_parent', 'example_external_task_marker_child']) retrieved from /home/airflow/.local/lib/python3.8/site-packages/airflow/example_dags/example_external_task_marker_dag.py
[2025-02-15T17:17:41.968+0000] {logging_mixin.py:154} INFO - [2025-02-15T17:17:41.967+0000] {dag.py:2941} INFO - Sync 2 DAGs
[2025-02-15T17:17:42.070+0000] {logging_mixin.py:154} INFO - [2025-02-15T17:17:42.069+0000] {dag.py:3722} INFO - Setting next_dagrun for example_external_task_marker_child to None, run_after=None
[2025-02-15T17:17:42.092+0000] {logging_mixin.py:154} INFO - [2025-02-15T17:17:42.091+0000] {dag.py:3722} INFO - Setting next_dagrun for example_external_task_marker_parent to None, run_after=None
[2025-02-15T17:17:42.230+0000] {processor.py:179} INFO - Processing /home/airflow/.local/lib/python3.8/site-packages/airflow/example_dags/example_external_task_marker_dag.py took 0.513 seconds
[2025-02-15T17:18:12.952+0000] {processor.py:157} INFO - Started process (PID=813) to work on /home/airflow/.local/lib/python3.8/site-packages/airflow/example_dags/example_external_task_marker_dag.py
[2025-02-15T17:18:12.958+0000] {processor.py:829} INFO - Processing file /home/airflow/.local/lib/python3.8/site-packages/airflow/example_dags/example_external_task_marker_dag.py for tasks to queue
[2025-02-15T17:18:12.967+0000] {logging_mixin.py:154} INFO - [2025-02-15T17:18:12.966+0000] {dagbag.py:536} INFO - Filling up the DagBag from /home/airflow/.local/lib/python3.8/site-packages/airflow/example_dags/example_external_task_marker_dag.py
[2025-02-15T17:18:13.029+0000] {processor.py:839} INFO - DAG(s) dict_keys(['example_external_task_marker_parent', 'example_external_task_marker_child']) retrieved from /home/airflow/.local/lib/python3.8/site-packages/airflow/example_dags/example_external_task_marker_dag.py
[2025-02-15T17:18:13.349+0000] {logging_mixin.py:154} INFO - [2025-02-15T17:18:13.349+0000] {dag.py:2941} INFO - Sync 2 DAGs
[2025-02-15T17:18:13.685+0000] {logging_mixin.py:154} INFO - [2025-02-15T17:18:13.673+0000] {dag.py:3722} INFO - Setting next_dagrun for example_external_task_marker_child to None, run_after=None
[2025-02-15T17:18:13.770+0000] {logging_mixin.py:154} INFO - [2025-02-15T17:18:13.769+0000] {dag.py:3722} INFO - Setting next_dagrun for example_external_task_marker_parent to None, run_after=None
[2025-02-15T17:18:14.178+0000] {processor.py:179} INFO - Processing /home/airflow/.local/lib/python3.8/site-packages/airflow/example_dags/example_external_task_marker_dag.py took 1.256 seconds
[2025-02-15T17:18:47.794+0000] {processor.py:157} INFO - Started process (PID=1049) to work on /home/airflow/.local/lib/python3.8/site-packages/airflow/example_dags/example_external_task_marker_dag.py
[2025-02-15T17:18:47.797+0000] {processor.py:829} INFO - Processing file /home/airflow/.local/lib/python3.8/site-packages/airflow/example_dags/example_external_task_marker_dag.py for tasks to queue
[2025-02-15T17:18:47.807+0000] {logging_mixin.py:154} INFO - [2025-02-15T17:18:47.806+0000] {dagbag.py:536} INFO - Filling up the DagBag from /home/airflow/.local/lib/python3.8/site-packages/airflow/example_dags/example_external_task_marker_dag.py
[2025-02-15T17:18:47.862+0000] {processor.py:839} INFO - DAG(s) dict_keys(['example_external_task_marker_child', 'example_external_task_marker_parent']) retrieved from /home/airflow/.local/lib/python3.8/site-packages/airflow/example_dags/example_external_task_marker_dag.py
[2025-02-15T17:18:48.072+0000] {logging_mixin.py:154} INFO - [2025-02-15T17:18:48.071+0000] {dag.py:2941} INFO - Sync 2 DAGs
[2025-02-15T17:18:48.173+0000] {logging_mixin.py:154} INFO - [2025-02-15T17:18:48.172+0000] {dag.py:3722} INFO - Setting next_dagrun for example_external_task_marker_child to None, run_after=None
[2025-02-15T17:18:48.212+0000] {logging_mixin.py:154} INFO - [2025-02-15T17:18:48.211+0000] {dag.py:3722} INFO - Setting next_dagrun for example_external_task_marker_parent to None, run_after=None
[2025-02-15T17:18:48.341+0000] {processor.py:179} INFO - Processing /home/airflow/.local/lib/python3.8/site-packages/airflow/example_dags/example_external_task_marker_dag.py took 0.587 seconds
[2025-02-15T17:19:21.702+0000] {processor.py:157} INFO - Started process (PID=1289) to work on /home/airflow/.local/lib/python3.8/site-packages/airflow/example_dags/example_external_task_marker_dag.py
[2025-02-15T17:19:21.707+0000] {processor.py:829} INFO - Processing file /home/airflow/.local/lib/python3.8/site-packages/airflow/example_dags/example_external_task_marker_dag.py for tasks to queue
[2025-02-15T17:19:21.710+0000] {logging_mixin.py:154} INFO - [2025-02-15T17:19:21.709+0000] {dagbag.py:536} INFO - Filling up the DagBag from /home/airflow/.local/lib/python3.8/site-packages/airflow/example_dags/example_external_task_marker_dag.py
[2025-02-15T17:19:21.746+0000] {processor.py:839} INFO - DAG(s) dict_keys(['example_external_task_marker_child', 'example_external_task_marker_parent']) retrieved from /home/airflow/.local/lib/python3.8/site-packages/airflow/example_dags/example_external_task_marker_dag.py
[2025-02-15T17:19:21.844+0000] {logging_mixin.py:154} INFO - [2025-02-15T17:19:21.843+0000] {dag.py:2941} INFO - Sync 2 DAGs
[2025-02-15T17:19:21.895+0000] {logging_mixin.py:154} INFO - [2025-02-15T17:19:21.894+0000] {dag.py:3722} INFO - Setting next_dagrun for example_external_task_marker_child to None, run_after=None
[2025-02-15T17:19:21.914+0000] {logging_mixin.py:154} INFO - [2025-02-15T17:19:21.914+0000] {dag.py:3722} INFO - Setting next_dagrun for example_external_task_marker_parent to None, run_after=None
[2025-02-15T17:19:22.001+0000] {processor.py:179} INFO - Processing /home/airflow/.local/lib/python3.8/site-packages/airflow/example_dags/example_external_task_marker_dag.py took 0.321 seconds
[2025-02-15T17:19:59.908+0000] {processor.py:157} INFO - Started process (PID=1525) to work on /home/airflow/.local/lib/python3.8/site-packages/airflow/example_dags/example_external_task_marker_dag.py
[2025-02-15T17:19:59.920+0000] {processor.py:829} INFO - Processing file /home/airflow/.local/lib/python3.8/site-packages/airflow/example_dags/example_external_task_marker_dag.py for tasks to queue
[2025-02-15T17:19:59.951+0000] {logging_mixin.py:154} INFO - [2025-02-15T17:19:59.933+0000] {dagbag.py:536} INFO - Filling up the DagBag from /home/airflow/.local/lib/python3.8/site-packages/airflow/example_dags/example_external_task_marker_dag.py
[2025-02-15T17:20:00.062+0000] {processor.py:839} INFO - DAG(s) dict_keys(['example_external_task_marker_child', 'example_external_task_marker_parent']) retrieved from /home/airflow/.local/lib/python3.8/site-packages/airflow/example_dags/example_external_task_marker_dag.py
[2025-02-15T17:20:00.397+0000] {logging_mixin.py:154} INFO - [2025-02-15T17:20:00.396+0000] {dag.py:2941} INFO - Sync 2 DAGs
[2025-02-15T17:20:00.450+0000] {logging_mixin.py:154} INFO - [2025-02-15T17:20:00.450+0000] {dag.py:3722} INFO - Setting next_dagrun for example_external_task_marker_child to None, run_after=None
[2025-02-15T17:20:00.464+0000] {logging_mixin.py:154} INFO - [2025-02-15T17:20:00.463+0000] {dag.py:3722} INFO - Setting next_dagrun for example_external_task_marker_parent to None, run_after=None
[2025-02-15T17:20:00.677+0000] {processor.py:179} INFO - Processing /home/airflow/.local/lib/python3.8/site-packages/airflow/example_dags/example_external_task_marker_dag.py took 0.792 seconds
[2025-02-15T17:20:32.333+0000] {processor.py:157} INFO - Started process (PID=1763) to work on /home/airflow/.local/lib/python3.8/site-packages/airflow/example_dags/example_external_task_marker_dag.py
[2025-02-15T17:20:32.342+0000] {processor.py:829} INFO - Processing file /home/airflow/.local/lib/python3.8/site-packages/airflow/example_dags/example_external_task_marker_dag.py for tasks to queue
[2025-02-15T17:20:32.352+0000] {logging_mixin.py:154} INFO - [2025-02-15T17:20:32.351+0000] {dagbag.py:536} INFO - Filling up the DagBag from /home/airflow/.local/lib/python3.8/site-packages/airflow/example_dags/example_external_task_marker_dag.py
[2025-02-15T17:20:32.399+0000] {processor.py:839} INFO - DAG(s) dict_keys(['example_external_task_marker_parent', 'example_external_task_marker_child']) retrieved from /home/airflow/.local/lib/python3.8/site-packages/airflow/example_dags/example_external_task_marker_dag.py
[2025-02-15T17:20:32.586+0000] {logging_mixin.py:154} INFO - [2025-02-15T17:20:32.585+0000] {dag.py:2941} INFO - Sync 2 DAGs
[2025-02-15T17:20:32.631+0000] {logging_mixin.py:154} INFO - [2025-02-15T17:20:32.630+0000] {dag.py:3722} INFO - Setting next_dagrun for example_external_task_marker_child to None, run_after=None
[2025-02-15T17:20:32.640+0000] {logging_mixin.py:154} INFO - [2025-02-15T17:20:32.639+0000] {dag.py:3722} INFO - Setting next_dagrun for example_external_task_marker_parent to None, run_after=None
[2025-02-15T17:20:32.702+0000] {processor.py:179} INFO - Processing /home/airflow/.local/lib/python3.8/site-packages/airflow/example_dags/example_external_task_marker_dag.py took 0.400 seconds
[2025-02-15T17:21:04.225+0000] {processor.py:157} INFO - Started process (PID=2001) to work on /home/airflow/.local/lib/python3.8/site-packages/airflow/example_dags/example_external_task_marker_dag.py
[2025-02-15T17:21:04.237+0000] {processor.py:829} INFO - Processing file /home/airflow/.local/lib/python3.8/site-packages/airflow/example_dags/example_external_task_marker_dag.py for tasks to queue
[2025-02-15T17:21:04.251+0000] {logging_mixin.py:154} INFO - [2025-02-15T17:21:04.246+0000] {dagbag.py:536} INFO - Filling up the DagBag from /home/airflow/.local/lib/python3.8/site-packages/airflow/example_dags/example_external_task_marker_dag.py
[2025-02-15T17:21:04.300+0000] {processor.py:839} INFO - DAG(s) dict_keys(['example_external_task_marker_parent', 'example_external_task_marker_child']) retrieved from /home/airflow/.local/lib/python3.8/site-packages/airflow/example_dags/example_external_task_marker_dag.py
[2025-02-15T17:21:04.526+0000] {logging_mixin.py:154} INFO - [2025-02-15T17:21:04.526+0000] {dag.py:2941} INFO - Sync 2 DAGs
[2025-02-15T17:21:04.572+0000] {logging_mixin.py:154} INFO - [2025-02-15T17:21:04.572+0000] {dag.py:3722} INFO - Setting next_dagrun for example_external_task_marker_child to None, run_after=None
[2025-02-15T17:21:04.583+0000] {logging_mixin.py:154} INFO - [2025-02-15T17:21:04.583+0000] {dag.py:3722} INFO - Setting next_dagrun for example_external_task_marker_parent to None, run_after=None
[2025-02-15T17:21:04.692+0000] {processor.py:179} INFO - Processing /home/airflow/.local/lib/python3.8/site-packages/airflow/example_dags/example_external_task_marker_dag.py took 0.521 seconds
[2025-02-15T17:21:36.043+0000] {processor.py:157} INFO - Started process (PID=2235) to work on /home/airflow/.local/lib/python3.8/site-packages/airflow/example_dags/example_external_task_marker_dag.py
[2025-02-15T17:21:36.046+0000] {processor.py:829} INFO - Processing file /home/airflow/.local/lib/python3.8/site-packages/airflow/example_dags/example_external_task_marker_dag.py for tasks to queue
[2025-02-15T17:21:36.049+0000] {logging_mixin.py:154} INFO - [2025-02-15T17:21:36.048+0000] {dagbag.py:536} INFO - Filling up the DagBag from /home/airflow/.local/lib/python3.8/site-packages/airflow/example_dags/example_external_task_marker_dag.py
[2025-02-15T17:21:36.125+0000] {processor.py:839} INFO - DAG(s) dict_keys(['example_external_task_marker_child', 'example_external_task_marker_parent']) retrieved from /home/airflow/.local/lib/python3.8/site-packages/airflow/example_dags/example_external_task_marker_dag.py
[2025-02-15T17:21:36.451+0000] {logging_mixin.py:154} INFO - [2025-02-15T17:21:36.451+0000] {dag.py:2941} INFO - Sync 2 DAGs
[2025-02-15T17:21:36.597+0000] {logging_mixin.py:154} INFO - [2025-02-15T17:21:36.596+0000] {dag.py:3722} INFO - Setting next_dagrun for example_external_task_marker_child to None, run_after=None
[2025-02-15T17:21:36.607+0000] {logging_mixin.py:154} INFO - [2025-02-15T17:21:36.607+0000] {dag.py:3722} INFO - Setting next_dagrun for example_external_task_marker_parent to None, run_after=None
[2025-02-15T17:21:36.714+0000] {processor.py:179} INFO - Processing /home/airflow/.local/lib/python3.8/site-packages/airflow/example_dags/example_external_task_marker_dag.py took 0.687 seconds
[2025-02-15T17:22:09.471+0000] {processor.py:157} INFO - Started process (PID=2472) to work on /home/airflow/.local/lib/python3.8/site-packages/airflow/example_dags/example_external_task_marker_dag.py
[2025-02-15T17:22:09.486+0000] {processor.py:829} INFO - Processing file /home/airflow/.local/lib/python3.8/site-packages/airflow/example_dags/example_external_task_marker_dag.py for tasks to queue
[2025-02-15T17:22:09.494+0000] {logging_mixin.py:154} INFO - [2025-02-15T17:22:09.493+0000] {dagbag.py:536} INFO - Filling up the DagBag from /home/airflow/.local/lib/python3.8/site-packages/airflow/example_dags/example_external_task_marker_dag.py
[2025-02-15T17:22:09.546+0000] {processor.py:839} INFO - DAG(s) dict_keys(['example_external_task_marker_child', 'example_external_task_marker_parent']) retrieved from /home/airflow/.local/lib/python3.8/site-packages/airflow/example_dags/example_external_task_marker_dag.py
[2025-02-15T17:22:09.743+0000] {logging_mixin.py:154} INFO - [2025-02-15T17:22:09.742+0000] {dag.py:2941} INFO - Sync 2 DAGs
[2025-02-15T17:22:09.841+0000] {logging_mixin.py:154} INFO - [2025-02-15T17:22:09.837+0000] {dag.py:3722} INFO - Setting next_dagrun for example_external_task_marker_child to None, run_after=None
[2025-02-15T17:22:09.875+0000] {logging_mixin.py:154} INFO - [2025-02-15T17:22:09.875+0000] {dag.py:3722} INFO - Setting next_dagrun for example_external_task_marker_parent to None, run_after=None
[2025-02-15T17:22:10.025+0000] {processor.py:179} INFO - Processing /home/airflow/.local/lib/python3.8/site-packages/airflow/example_dags/example_external_task_marker_dag.py took 0.606 seconds
[2025-02-15T17:22:40.312+0000] {processor.py:157} INFO - Started process (PID=2711) to work on /home/airflow/.local/lib/python3.8/site-packages/airflow/example_dags/example_external_task_marker_dag.py
[2025-02-15T17:22:40.315+0000] {processor.py:829} INFO - Processing file /home/airflow/.local/lib/python3.8/site-packages/airflow/example_dags/example_external_task_marker_dag.py for tasks to queue
[2025-02-15T17:22:40.317+0000] {logging_mixin.py:154} INFO - [2025-02-15T17:22:40.316+0000] {dagbag.py:536} INFO - Filling up the DagBag from /home/airflow/.local/lib/python3.8/site-packages/airflow/example_dags/example_external_task_marker_dag.py
[2025-02-15T17:22:40.343+0000] {processor.py:839} INFO - DAG(s) dict_keys(['example_external_task_marker_child', 'example_external_task_marker_parent']) retrieved from /home/airflow/.local/lib/python3.8/site-packages/airflow/example_dags/example_external_task_marker_dag.py
[2025-02-15T17:22:40.414+0000] {logging_mixin.py:154} INFO - [2025-02-15T17:22:40.414+0000] {dag.py:2941} INFO - Sync 2 DAGs
[2025-02-15T17:22:40.470+0000] {logging_mixin.py:154} INFO - [2025-02-15T17:22:40.469+0000] {dag.py:3722} INFO - Setting next_dagrun for example_external_task_marker_child to None, run_after=None
[2025-02-15T17:22:40.484+0000] {logging_mixin.py:154} INFO - [2025-02-15T17:22:40.483+0000] {dag.py:3722} INFO - Setting next_dagrun for example_external_task_marker_parent to None, run_after=None
[2025-02-15T17:22:40.540+0000] {processor.py:179} INFO - Processing /home/airflow/.local/lib/python3.8/site-packages/airflow/example_dags/example_external_task_marker_dag.py took 0.239 seconds
[2025-02-15T17:23:10.877+0000] {processor.py:157} INFO - Started process (PID=2947) to work on /home/airflow/.local/lib/python3.8/site-packages/airflow/example_dags/example_external_task_marker_dag.py
[2025-02-15T17:23:10.882+0000] {processor.py:829} INFO - Processing file /home/airflow/.local/lib/python3.8/site-packages/airflow/example_dags/example_external_task_marker_dag.py for tasks to queue
[2025-02-15T17:23:10.888+0000] {logging_mixin.py:154} INFO - [2025-02-15T17:23:10.883+0000] {dagbag.py:536} INFO - Filling up the DagBag from /home/airflow/.local/lib/python3.8/site-packages/airflow/example_dags/example_external_task_marker_dag.py
[2025-02-15T17:23:10.915+0000] {processor.py:839} INFO - DAG(s) dict_keys(['example_external_task_marker_child', 'example_external_task_marker_parent']) retrieved from /home/airflow/.local/lib/python3.8/site-packages/airflow/example_dags/example_external_task_marker_dag.py
[2025-02-15T17:23:11.082+0000] {logging_mixin.py:154} INFO - [2025-02-15T17:23:11.082+0000] {dag.py:2941} INFO - Sync 2 DAGs
[2025-02-15T17:23:11.186+0000] {logging_mixin.py:154} INFO - [2025-02-15T17:23:11.185+0000] {dag.py:3722} INFO - Setting next_dagrun for example_external_task_marker_child to None, run_after=None
[2025-02-15T17:23:11.244+0000] {logging_mixin.py:154} INFO - [2025-02-15T17:23:11.243+0000] {dag.py:3722} INFO - Setting next_dagrun for example_external_task_marker_parent to None, run_after=None
[2025-02-15T17:23:11.410+0000] {processor.py:179} INFO - Processing /home/airflow/.local/lib/python3.8/site-packages/airflow/example_dags/example_external_task_marker_dag.py took 0.561 seconds
[2025-02-15T17:23:42.098+0000] {processor.py:157} INFO - Started process (PID=3185) to work on /home/airflow/.local/lib/python3.8/site-packages/airflow/example_dags/example_external_task_marker_dag.py
[2025-02-15T17:23:42.100+0000] {processor.py:829} INFO - Processing file /home/airflow/.local/lib/python3.8/site-packages/airflow/example_dags/example_external_task_marker_dag.py for tasks to queue
[2025-02-15T17:23:42.104+0000] {logging_mixin.py:154} INFO - [2025-02-15T17:23:42.102+0000] {dagbag.py:536} INFO - Filling up the DagBag from /home/airflow/.local/lib/python3.8/site-packages/airflow/example_dags/example_external_task_marker_dag.py
[2025-02-15T17:23:42.125+0000] {processor.py:839} INFO - DAG(s) dict_keys(['example_external_task_marker_parent', 'example_external_task_marker_child']) retrieved from /home/airflow/.local/lib/python3.8/site-packages/airflow/example_dags/example_external_task_marker_dag.py
[2025-02-15T17:23:42.218+0000] {logging_mixin.py:154} INFO - [2025-02-15T17:23:42.217+0000] {dag.py:2941} INFO - Sync 2 DAGs
[2025-02-15T17:23:42.266+0000] {logging_mixin.py:154} INFO - [2025-02-15T17:23:42.266+0000] {dag.py:3722} INFO - Setting next_dagrun for example_external_task_marker_child to None, run_after=None
[2025-02-15T17:23:42.277+0000] {logging_mixin.py:154} INFO - [2025-02-15T17:23:42.277+0000] {dag.py:3722} INFO - Setting next_dagrun for example_external_task_marker_parent to None, run_after=None
[2025-02-15T17:23:42.325+0000] {processor.py:179} INFO - Processing /home/airflow/.local/lib/python3.8/site-packages/airflow/example_dags/example_external_task_marker_dag.py took 0.237 seconds
[2025-02-15T17:28:08.226+0000] {processor.py:157} INFO - Started process (PID=326) to work on /home/airflow/.local/lib/python3.8/site-packages/airflow/example_dags/example_external_task_marker_dag.py
[2025-02-15T17:28:08.230+0000] {processor.py:829} INFO - Processing file /home/airflow/.local/lib/python3.8/site-packages/airflow/example_dags/example_external_task_marker_dag.py for tasks to queue
[2025-02-15T17:28:08.232+0000] {logging_mixin.py:154} INFO - [2025-02-15T17:28:08.232+0000] {dagbag.py:536} INFO - Filling up the DagBag from /home/airflow/.local/lib/python3.8/site-packages/airflow/example_dags/example_external_task_marker_dag.py
[2025-02-15T17:28:08.263+0000] {processor.py:839} INFO - DAG(s) dict_keys(['example_external_task_marker_child', 'example_external_task_marker_parent']) retrieved from /home/airflow/.local/lib/python3.8/site-packages/airflow/example_dags/example_external_task_marker_dag.py
[2025-02-15T17:28:08.368+0000] {logging_mixin.py:154} INFO - [2025-02-15T17:28:08.368+0000] {dag.py:2941} INFO - Sync 2 DAGs
[2025-02-15T17:28:08.435+0000] {logging_mixin.py:154} INFO - [2025-02-15T17:28:08.434+0000] {dag.py:3722} INFO - Setting next_dagrun for example_external_task_marker_child to None, run_after=None
[2025-02-15T17:28:08.457+0000] {logging_mixin.py:154} INFO - [2025-02-15T17:28:08.456+0000] {dag.py:3722} INFO - Setting next_dagrun for example_external_task_marker_parent to None, run_after=None
[2025-02-15T17:28:08.551+0000] {processor.py:179} INFO - Processing /home/airflow/.local/lib/python3.8/site-packages/airflow/example_dags/example_external_task_marker_dag.py took 0.335 seconds
[2025-02-15T17:33:47.843+0000] {processor.py:157} INFO - Started process (PID=327) to work on /home/airflow/.local/lib/python3.8/site-packages/airflow/example_dags/example_external_task_marker_dag.py
[2025-02-15T17:33:47.850+0000] {processor.py:829} INFO - Processing file /home/airflow/.local/lib/python3.8/site-packages/airflow/example_dags/example_external_task_marker_dag.py for tasks to queue
[2025-02-15T17:33:47.852+0000] {logging_mixin.py:154} INFO - [2025-02-15T17:33:47.851+0000] {dagbag.py:536} INFO - Filling up the DagBag from /home/airflow/.local/lib/python3.8/site-packages/airflow/example_dags/example_external_task_marker_dag.py
[2025-02-15T17:33:47.885+0000] {processor.py:839} INFO - DAG(s) dict_keys(['example_external_task_marker_child', 'example_external_task_marker_parent']) retrieved from /home/airflow/.local/lib/python3.8/site-packages/airflow/example_dags/example_external_task_marker_dag.py
[2025-02-15T17:33:48.022+0000] {logging_mixin.py:154} INFO - [2025-02-15T17:33:48.022+0000] {dag.py:2941} INFO - Sync 2 DAGs
[2025-02-15T17:33:48.075+0000] {logging_mixin.py:154} INFO - [2025-02-15T17:33:48.074+0000] {dag.py:3722} INFO - Setting next_dagrun for example_external_task_marker_child to None, run_after=None
[2025-02-15T17:33:48.087+0000] {logging_mixin.py:154} INFO - [2025-02-15T17:33:48.086+0000] {dag.py:3722} INFO - Setting next_dagrun for example_external_task_marker_parent to None, run_after=None
[2025-02-15T17:33:48.146+0000] {processor.py:179} INFO - Processing /home/airflow/.local/lib/python3.8/site-packages/airflow/example_dags/example_external_task_marker_dag.py took 0.316 seconds
[2025-02-15T17:34:18.998+0000] {processor.py:157} INFO - Started process (PID=566) to work on /home/airflow/.local/lib/python3.8/site-packages/airflow/example_dags/example_external_task_marker_dag.py
[2025-02-15T17:34:19.000+0000] {processor.py:829} INFO - Processing file /home/airflow/.local/lib/python3.8/site-packages/airflow/example_dags/example_external_task_marker_dag.py for tasks to queue
[2025-02-15T17:34:19.002+0000] {logging_mixin.py:154} INFO - [2025-02-15T17:34:19.002+0000] {dagbag.py:536} INFO - Filling up the DagBag from /home/airflow/.local/lib/python3.8/site-packages/airflow/example_dags/example_external_task_marker_dag.py
[2025-02-15T17:34:19.024+0000] {processor.py:839} INFO - DAG(s) dict_keys(['example_external_task_marker_parent', 'example_external_task_marker_child']) retrieved from /home/airflow/.local/lib/python3.8/site-packages/airflow/example_dags/example_external_task_marker_dag.py
[2025-02-15T17:34:19.104+0000] {logging_mixin.py:154} INFO - [2025-02-15T17:34:19.103+0000] {dag.py:2941} INFO - Sync 2 DAGs
[2025-02-15T17:34:19.149+0000] {logging_mixin.py:154} INFO - [2025-02-15T17:34:19.148+0000] {dag.py:3722} INFO - Setting next_dagrun for example_external_task_marker_child to None, run_after=None
[2025-02-15T17:34:19.161+0000] {logging_mixin.py:154} INFO - [2025-02-15T17:34:19.160+0000] {dag.py:3722} INFO - Setting next_dagrun for example_external_task_marker_parent to None, run_after=None
[2025-02-15T17:34:19.225+0000] {processor.py:179} INFO - Processing /home/airflow/.local/lib/python3.8/site-packages/airflow/example_dags/example_external_task_marker_dag.py took 0.238 seconds
[2025-02-15T17:34:52.205+0000] {processor.py:157} INFO - Started process (PID=801) to work on /home/airflow/.local/lib/python3.8/site-packages/airflow/example_dags/example_external_task_marker_dag.py
[2025-02-15T17:34:52.209+0000] {processor.py:829} INFO - Processing file /home/airflow/.local/lib/python3.8/site-packages/airflow/example_dags/example_external_task_marker_dag.py for tasks to queue
[2025-02-15T17:34:52.214+0000] {logging_mixin.py:154} INFO - [2025-02-15T17:34:52.213+0000] {dagbag.py:536} INFO - Filling up the DagBag from /home/airflow/.local/lib/python3.8/site-packages/airflow/example_dags/example_external_task_marker_dag.py
[2025-02-15T17:34:52.238+0000] {processor.py:839} INFO - DAG(s) dict_keys(['example_external_task_marker_child', 'example_external_task_marker_parent']) retrieved from /home/airflow/.local/lib/python3.8/site-packages/airflow/example_dags/example_external_task_marker_dag.py
[2025-02-15T17:34:52.374+0000] {logging_mixin.py:154} INFO - [2025-02-15T17:34:52.374+0000] {dag.py:2941} INFO - Sync 2 DAGs
[2025-02-15T17:34:52.418+0000] {logging_mixin.py:154} INFO - [2025-02-15T17:34:52.418+0000] {dag.py:3722} INFO - Setting next_dagrun for example_external_task_marker_child to None, run_after=None
[2025-02-15T17:34:52.432+0000] {logging_mixin.py:154} INFO - [2025-02-15T17:34:52.430+0000] {dag.py:3722} INFO - Setting next_dagrun for example_external_task_marker_parent to None, run_after=None
[2025-02-15T17:34:52.495+0000] {processor.py:179} INFO - Processing /home/airflow/.local/lib/python3.8/site-packages/airflow/example_dags/example_external_task_marker_dag.py took 0.315 seconds
[2025-02-15T17:35:23.069+0000] {processor.py:157} INFO - Started process (PID=1040) to work on /home/airflow/.local/lib/python3.8/site-packages/airflow/example_dags/example_external_task_marker_dag.py
[2025-02-15T17:35:23.078+0000] {processor.py:829} INFO - Processing file /home/airflow/.local/lib/python3.8/site-packages/airflow/example_dags/example_external_task_marker_dag.py for tasks to queue
[2025-02-15T17:35:23.086+0000] {logging_mixin.py:154} INFO - [2025-02-15T17:35:23.081+0000] {dagbag.py:536} INFO - Filling up the DagBag from /home/airflow/.local/lib/python3.8/site-packages/airflow/example_dags/example_external_task_marker_dag.py
[2025-02-15T17:35:23.132+0000] {processor.py:839} INFO - DAG(s) dict_keys(['example_external_task_marker_child', 'example_external_task_marker_parent']) retrieved from /home/airflow/.local/lib/python3.8/site-packages/airflow/example_dags/example_external_task_marker_dag.py
[2025-02-15T17:35:23.313+0000] {logging_mixin.py:154} INFO - [2025-02-15T17:35:23.313+0000] {dag.py:2941} INFO - Sync 2 DAGs
[2025-02-15T17:35:23.362+0000] {logging_mixin.py:154} INFO - [2025-02-15T17:35:23.359+0000] {dag.py:3722} INFO - Setting next_dagrun for example_external_task_marker_child to None, run_after=None
[2025-02-15T17:35:23.372+0000] {logging_mixin.py:154} INFO - [2025-02-15T17:35:23.371+0000] {dag.py:3722} INFO - Setting next_dagrun for example_external_task_marker_parent to None, run_after=None
[2025-02-15T17:35:23.420+0000] {processor.py:179} INFO - Processing /home/airflow/.local/lib/python3.8/site-packages/airflow/example_dags/example_external_task_marker_dag.py took 0.379 seconds
[2025-02-15T17:35:54.167+0000] {processor.py:157} INFO - Started process (PID=1280) to work on /home/airflow/.local/lib/python3.8/site-packages/airflow/example_dags/example_external_task_marker_dag.py
[2025-02-15T17:35:54.171+0000] {processor.py:829} INFO - Processing file /home/airflow/.local/lib/python3.8/site-packages/airflow/example_dags/example_external_task_marker_dag.py for tasks to queue
[2025-02-15T17:35:54.175+0000] {logging_mixin.py:154} INFO - [2025-02-15T17:35:54.174+0000] {dagbag.py:536} INFO - Filling up the DagBag from /home/airflow/.local/lib/python3.8/site-packages/airflow/example_dags/example_external_task_marker_dag.py
[2025-02-15T17:35:54.198+0000] {processor.py:839} INFO - DAG(s) dict_keys(['example_external_task_marker_child', 'example_external_task_marker_parent']) retrieved from /home/airflow/.local/lib/python3.8/site-packages/airflow/example_dags/example_external_task_marker_dag.py
[2025-02-15T17:35:54.271+0000] {logging_mixin.py:154} INFO - [2025-02-15T17:35:54.271+0000] {dag.py:2941} INFO - Sync 2 DAGs
[2025-02-15T17:35:54.311+0000] {logging_mixin.py:154} INFO - [2025-02-15T17:35:54.310+0000] {dag.py:3722} INFO - Setting next_dagrun for example_external_task_marker_child to None, run_after=None
[2025-02-15T17:35:54.326+0000] {logging_mixin.py:154} INFO - [2025-02-15T17:35:54.326+0000] {dag.py:3722} INFO - Setting next_dagrun for example_external_task_marker_parent to None, run_after=None
[2025-02-15T17:35:54.380+0000] {processor.py:179} INFO - Processing /home/airflow/.local/lib/python3.8/site-packages/airflow/example_dags/example_external_task_marker_dag.py took 0.229 seconds
[2025-02-15T17:36:24.584+0000] {processor.py:157} INFO - Started process (PID=1527) to work on /home/airflow/.local/lib/python3.8/site-packages/airflow/example_dags/example_external_task_marker_dag.py
[2025-02-15T17:36:24.587+0000] {processor.py:829} INFO - Processing file /home/airflow/.local/lib/python3.8/site-packages/airflow/example_dags/example_external_task_marker_dag.py for tasks to queue
[2025-02-15T17:36:24.588+0000] {logging_mixin.py:154} INFO - [2025-02-15T17:36:24.588+0000] {dagbag.py:536} INFO - Filling up the DagBag from /home/airflow/.local/lib/python3.8/site-packages/airflow/example_dags/example_external_task_marker_dag.py
[2025-02-15T17:36:24.611+0000] {processor.py:839} INFO - DAG(s) dict_keys(['example_external_task_marker_parent', 'example_external_task_marker_child']) retrieved from /home/airflow/.local/lib/python3.8/site-packages/airflow/example_dags/example_external_task_marker_dag.py
[2025-02-15T17:36:24.693+0000] {logging_mixin.py:154} INFO - [2025-02-15T17:36:24.692+0000] {dag.py:2941} INFO - Sync 2 DAGs
[2025-02-15T17:36:24.738+0000] {logging_mixin.py:154} INFO - [2025-02-15T17:36:24.738+0000] {dag.py:3722} INFO - Setting next_dagrun for example_external_task_marker_child to None, run_after=None
[2025-02-15T17:36:24.749+0000] {logging_mixin.py:154} INFO - [2025-02-15T17:36:24.748+0000] {dag.py:3722} INFO - Setting next_dagrun for example_external_task_marker_parent to None, run_after=None
[2025-02-15T17:36:24.792+0000] {processor.py:179} INFO - Processing /home/airflow/.local/lib/python3.8/site-packages/airflow/example_dags/example_external_task_marker_dag.py took 0.220 seconds
[2025-02-15T17:36:55.272+0000] {processor.py:157} INFO - Started process (PID=1783) to work on /home/airflow/.local/lib/python3.8/site-packages/airflow/example_dags/example_external_task_marker_dag.py
[2025-02-15T17:36:55.280+0000] {processor.py:829} INFO - Processing file /home/airflow/.local/lib/python3.8/site-packages/airflow/example_dags/example_external_task_marker_dag.py for tasks to queue
[2025-02-15T17:36:55.283+0000] {logging_mixin.py:154} INFO - [2025-02-15T17:36:55.282+0000] {dagbag.py:536} INFO - Filling up the DagBag from /home/airflow/.local/lib/python3.8/site-packages/airflow/example_dags/example_external_task_marker_dag.py
[2025-02-15T17:36:55.313+0000] {processor.py:839} INFO - DAG(s) dict_keys(['example_external_task_marker_child', 'example_external_task_marker_parent']) retrieved from /home/airflow/.local/lib/python3.8/site-packages/airflow/example_dags/example_external_task_marker_dag.py
[2025-02-15T17:36:55.402+0000] {logging_mixin.py:154} INFO - [2025-02-15T17:36:55.401+0000] {dag.py:2941} INFO - Sync 2 DAGs
[2025-02-15T17:36:55.449+0000] {logging_mixin.py:154} INFO - [2025-02-15T17:36:55.449+0000] {dag.py:3722} INFO - Setting next_dagrun for example_external_task_marker_child to None, run_after=None
[2025-02-15T17:36:55.457+0000] {logging_mixin.py:154} INFO - [2025-02-15T17:36:55.457+0000] {dag.py:3722} INFO - Setting next_dagrun for example_external_task_marker_parent to None, run_after=None
[2025-02-15T17:36:55.509+0000] {processor.py:179} INFO - Processing /home/airflow/.local/lib/python3.8/site-packages/airflow/example_dags/example_external_task_marker_dag.py took 0.247 seconds
[2025-02-15T17:37:26.780+0000] {processor.py:157} INFO - Started process (PID=2021) to work on /home/airflow/.local/lib/python3.8/site-packages/airflow/example_dags/example_external_task_marker_dag.py
[2025-02-15T17:37:26.782+0000] {processor.py:829} INFO - Processing file /home/airflow/.local/lib/python3.8/site-packages/airflow/example_dags/example_external_task_marker_dag.py for tasks to queue
[2025-02-15T17:37:26.784+0000] {logging_mixin.py:154} INFO - [2025-02-15T17:37:26.784+0000] {dagbag.py:536} INFO - Filling up the DagBag from /home/airflow/.local/lib/python3.8/site-packages/airflow/example_dags/example_external_task_marker_dag.py
[2025-02-15T17:37:26.801+0000] {processor.py:839} INFO - DAG(s) dict_keys(['example_external_task_marker_child', 'example_external_task_marker_parent']) retrieved from /home/airflow/.local/lib/python3.8/site-packages/airflow/example_dags/example_external_task_marker_dag.py
[2025-02-15T17:37:26.879+0000] {logging_mixin.py:154} INFO - [2025-02-15T17:37:26.879+0000] {dag.py:2941} INFO - Sync 2 DAGs
[2025-02-15T17:37:26.914+0000] {logging_mixin.py:154} INFO - [2025-02-15T17:37:26.913+0000] {dag.py:3722} INFO - Setting next_dagrun for example_external_task_marker_child to None, run_after=None
[2025-02-15T17:37:26.923+0000] {logging_mixin.py:154} INFO - [2025-02-15T17:37:26.923+0000] {dag.py:3722} INFO - Setting next_dagrun for example_external_task_marker_parent to None, run_after=None
[2025-02-15T17:37:26.971+0000] {processor.py:179} INFO - Processing /home/airflow/.local/lib/python3.8/site-packages/airflow/example_dags/example_external_task_marker_dag.py took 0.201 seconds
[2025-02-15T17:37:57.526+0000] {processor.py:157} INFO - Started process (PID=2261) to work on /home/airflow/.local/lib/python3.8/site-packages/airflow/example_dags/example_external_task_marker_dag.py
[2025-02-15T17:37:57.528+0000] {processor.py:829} INFO - Processing file /home/airflow/.local/lib/python3.8/site-packages/airflow/example_dags/example_external_task_marker_dag.py for tasks to queue
[2025-02-15T17:37:57.530+0000] {logging_mixin.py:154} INFO - [2025-02-15T17:37:57.529+0000] {dagbag.py:536} INFO - Filling up the DagBag from /home/airflow/.local/lib/python3.8/site-packages/airflow/example_dags/example_external_task_marker_dag.py
[2025-02-15T17:37:57.545+0000] {processor.py:839} INFO - DAG(s) dict_keys(['example_external_task_marker_child', 'example_external_task_marker_parent']) retrieved from /home/airflow/.local/lib/python3.8/site-packages/airflow/example_dags/example_external_task_marker_dag.py
[2025-02-15T17:37:57.608+0000] {logging_mixin.py:154} INFO - [2025-02-15T17:37:57.607+0000] {dag.py:2941} INFO - Sync 2 DAGs
[2025-02-15T17:37:57.636+0000] {logging_mixin.py:154} INFO - [2025-02-15T17:37:57.636+0000] {dag.py:3722} INFO - Setting next_dagrun for example_external_task_marker_child to None, run_after=None
[2025-02-15T17:37:57.645+0000] {logging_mixin.py:154} INFO - [2025-02-15T17:37:57.644+0000] {dag.py:3722} INFO - Setting next_dagrun for example_external_task_marker_parent to None, run_after=None
[2025-02-15T17:37:57.684+0000] {processor.py:179} INFO - Processing /home/airflow/.local/lib/python3.8/site-packages/airflow/example_dags/example_external_task_marker_dag.py took 0.167 seconds
[2025-02-15T17:38:28.295+0000] {processor.py:157} INFO - Started process (PID=2499) to work on /home/airflow/.local/lib/python3.8/site-packages/airflow/example_dags/example_external_task_marker_dag.py
[2025-02-15T17:38:28.300+0000] {processor.py:829} INFO - Processing file /home/airflow/.local/lib/python3.8/site-packages/airflow/example_dags/example_external_task_marker_dag.py for tasks to queue
[2025-02-15T17:38:28.304+0000] {logging_mixin.py:154} INFO - [2025-02-15T17:38:28.303+0000] {dagbag.py:536} INFO - Filling up the DagBag from /home/airflow/.local/lib/python3.8/site-packages/airflow/example_dags/example_external_task_marker_dag.py
[2025-02-15T17:38:28.329+0000] {processor.py:839} INFO - DAG(s) dict_keys(['example_external_task_marker_child', 'example_external_task_marker_parent']) retrieved from /home/airflow/.local/lib/python3.8/site-packages/airflow/example_dags/example_external_task_marker_dag.py
[2025-02-15T17:38:28.419+0000] {logging_mixin.py:154} INFO - [2025-02-15T17:38:28.419+0000] {dag.py:2941} INFO - Sync 2 DAGs
[2025-02-15T17:38:28.457+0000] {logging_mixin.py:154} INFO - [2025-02-15T17:38:28.457+0000] {dag.py:3722} INFO - Setting next_dagrun for example_external_task_marker_child to None, run_after=None
[2025-02-15T17:38:28.468+0000] {logging_mixin.py:154} INFO - [2025-02-15T17:38:28.467+0000] {dag.py:3722} INFO - Setting next_dagrun for example_external_task_marker_parent to None, run_after=None
[2025-02-15T17:38:28.519+0000] {processor.py:179} INFO - Processing /home/airflow/.local/lib/python3.8/site-packages/airflow/example_dags/example_external_task_marker_dag.py took 0.236 seconds
[2025-02-15T17:38:59.412+0000] {processor.py:157} INFO - Started process (PID=2737) to work on /home/airflow/.local/lib/python3.8/site-packages/airflow/example_dags/example_external_task_marker_dag.py
[2025-02-15T17:38:59.415+0000] {processor.py:829} INFO - Processing file /home/airflow/.local/lib/python3.8/site-packages/airflow/example_dags/example_external_task_marker_dag.py for tasks to queue
[2025-02-15T17:38:59.417+0000] {logging_mixin.py:154} INFO - [2025-02-15T17:38:59.416+0000] {dagbag.py:536} INFO - Filling up the DagBag from /home/airflow/.local/lib/python3.8/site-packages/airflow/example_dags/example_external_task_marker_dag.py
[2025-02-15T17:38:59.436+0000] {processor.py:839} INFO - DAG(s) dict_keys(['example_external_task_marker_child', 'example_external_task_marker_parent']) retrieved from /home/airflow/.local/lib/python3.8/site-packages/airflow/example_dags/example_external_task_marker_dag.py
[2025-02-15T17:38:59.501+0000] {logging_mixin.py:154} INFO - [2025-02-15T17:38:59.501+0000] {dag.py:2941} INFO - Sync 2 DAGs
[2025-02-15T17:38:59.534+0000] {logging_mixin.py:154} INFO - [2025-02-15T17:38:59.533+0000] {dag.py:3722} INFO - Setting next_dagrun for example_external_task_marker_child to None, run_after=None
[2025-02-15T17:38:59.543+0000] {logging_mixin.py:154} INFO - [2025-02-15T17:38:59.543+0000] {dag.py:3722} INFO - Setting next_dagrun for example_external_task_marker_parent to None, run_after=None
[2025-02-15T17:38:59.589+0000] {processor.py:179} INFO - Processing /home/airflow/.local/lib/python3.8/site-packages/airflow/example_dags/example_external_task_marker_dag.py took 0.188 seconds
[2025-02-15T17:39:30.120+0000] {processor.py:157} INFO - Started process (PID=2973) to work on /home/airflow/.local/lib/python3.8/site-packages/airflow/example_dags/example_external_task_marker_dag.py
[2025-02-15T17:39:30.123+0000] {processor.py:829} INFO - Processing file /home/airflow/.local/lib/python3.8/site-packages/airflow/example_dags/example_external_task_marker_dag.py for tasks to queue
[2025-02-15T17:39:30.126+0000] {logging_mixin.py:154} INFO - [2025-02-15T17:39:30.126+0000] {dagbag.py:536} INFO - Filling up the DagBag from /home/airflow/.local/lib/python3.8/site-packages/airflow/example_dags/example_external_task_marker_dag.py
[2025-02-15T17:39:30.146+0000] {processor.py:839} INFO - DAG(s) dict_keys(['example_external_task_marker_child', 'example_external_task_marker_parent']) retrieved from /home/airflow/.local/lib/python3.8/site-packages/airflow/example_dags/example_external_task_marker_dag.py
[2025-02-15T17:39:30.227+0000] {logging_mixin.py:154} INFO - [2025-02-15T17:39:30.226+0000] {dag.py:2941} INFO - Sync 2 DAGs
[2025-02-15T17:39:30.266+0000] {logging_mixin.py:154} INFO - [2025-02-15T17:39:30.265+0000] {dag.py:3722} INFO - Setting next_dagrun for example_external_task_marker_child to None, run_after=None
[2025-02-15T17:39:30.276+0000] {logging_mixin.py:154} INFO - [2025-02-15T17:39:30.276+0000] {dag.py:3722} INFO - Setting next_dagrun for example_external_task_marker_parent to None, run_after=None
[2025-02-15T17:39:30.338+0000] {processor.py:179} INFO - Processing /home/airflow/.local/lib/python3.8/site-packages/airflow/example_dags/example_external_task_marker_dag.py took 0.228 seconds
[2025-02-15T17:40:00.446+0000] {processor.py:157} INFO - Started process (PID=3211) to work on /home/airflow/.local/lib/python3.8/site-packages/airflow/example_dags/example_external_task_marker_dag.py
[2025-02-15T17:40:00.449+0000] {processor.py:829} INFO - Processing file /home/airflow/.local/lib/python3.8/site-packages/airflow/example_dags/example_external_task_marker_dag.py for tasks to queue
[2025-02-15T17:40:00.451+0000] {logging_mixin.py:154} INFO - [2025-02-15T17:40:00.450+0000] {dagbag.py:536} INFO - Filling up the DagBag from /home/airflow/.local/lib/python3.8/site-packages/airflow/example_dags/example_external_task_marker_dag.py
[2025-02-15T17:40:00.469+0000] {processor.py:839} INFO - DAG(s) dict_keys(['example_external_task_marker_parent', 'example_external_task_marker_child']) retrieved from /home/airflow/.local/lib/python3.8/site-packages/airflow/example_dags/example_external_task_marker_dag.py
[2025-02-15T17:40:00.553+0000] {logging_mixin.py:154} INFO - [2025-02-15T17:40:00.553+0000] {dag.py:2941} INFO - Sync 2 DAGs
[2025-02-15T17:40:00.588+0000] {logging_mixin.py:154} INFO - [2025-02-15T17:40:00.588+0000] {dag.py:3722} INFO - Setting next_dagrun for example_external_task_marker_child to None, run_after=None
[2025-02-15T17:40:00.603+0000] {logging_mixin.py:154} INFO - [2025-02-15T17:40:00.602+0000] {dag.py:3722} INFO - Setting next_dagrun for example_external_task_marker_parent to None, run_after=None
[2025-02-15T17:40:00.656+0000] {processor.py:179} INFO - Processing /home/airflow/.local/lib/python3.8/site-packages/airflow/example_dags/example_external_task_marker_dag.py took 0.219 seconds
[2025-02-15T17:40:31.267+0000] {processor.py:157} INFO - Started process (PID=3446) to work on /home/airflow/.local/lib/python3.8/site-packages/airflow/example_dags/example_external_task_marker_dag.py
[2025-02-15T17:40:31.272+0000] {processor.py:829} INFO - Processing file /home/airflow/.local/lib/python3.8/site-packages/airflow/example_dags/example_external_task_marker_dag.py for tasks to queue
[2025-02-15T17:40:31.275+0000] {logging_mixin.py:154} INFO - [2025-02-15T17:40:31.274+0000] {dagbag.py:536} INFO - Filling up the DagBag from /home/airflow/.local/lib/python3.8/site-packages/airflow/example_dags/example_external_task_marker_dag.py
[2025-02-15T17:40:31.292+0000] {processor.py:839} INFO - DAG(s) dict_keys(['example_external_task_marker_child', 'example_external_task_marker_parent']) retrieved from /home/airflow/.local/lib/python3.8/site-packages/airflow/example_dags/example_external_task_marker_dag.py
[2025-02-15T17:40:31.374+0000] {logging_mixin.py:154} INFO - [2025-02-15T17:40:31.374+0000] {dag.py:2941} INFO - Sync 2 DAGs
[2025-02-15T17:40:31.411+0000] {logging_mixin.py:154} INFO - [2025-02-15T17:40:31.411+0000] {dag.py:3722} INFO - Setting next_dagrun for example_external_task_marker_child to None, run_after=None
[2025-02-15T17:40:31.421+0000] {logging_mixin.py:154} INFO - [2025-02-15T17:40:31.421+0000] {dag.py:3722} INFO - Setting next_dagrun for example_external_task_marker_parent to None, run_after=None
[2025-02-15T17:40:31.473+0000] {processor.py:179} INFO - Processing /home/airflow/.local/lib/python3.8/site-packages/airflow/example_dags/example_external_task_marker_dag.py took 0.222 seconds
[2025-02-15T17:41:02.011+0000] {processor.py:157} INFO - Started process (PID=3684) to work on /home/airflow/.local/lib/python3.8/site-packages/airflow/example_dags/example_external_task_marker_dag.py
[2025-02-15T17:41:02.013+0000] {processor.py:829} INFO - Processing file /home/airflow/.local/lib/python3.8/site-packages/airflow/example_dags/example_external_task_marker_dag.py for tasks to queue
[2025-02-15T17:41:02.016+0000] {logging_mixin.py:154} INFO - [2025-02-15T17:41:02.015+0000] {dagbag.py:536} INFO - Filling up the DagBag from /home/airflow/.local/lib/python3.8/site-packages/airflow/example_dags/example_external_task_marker_dag.py
[2025-02-15T17:41:02.034+0000] {processor.py:839} INFO - DAG(s) dict_keys(['example_external_task_marker_child', 'example_external_task_marker_parent']) retrieved from /home/airflow/.local/lib/python3.8/site-packages/airflow/example_dags/example_external_task_marker_dag.py
[2025-02-15T17:41:02.147+0000] {logging_mixin.py:154} INFO - [2025-02-15T17:41:02.147+0000] {dag.py:2941} INFO - Sync 2 DAGs
[2025-02-15T17:41:02.195+0000] {logging_mixin.py:154} INFO - [2025-02-15T17:41:02.194+0000] {dag.py:3722} INFO - Setting next_dagrun for example_external_task_marker_child to None, run_after=None
[2025-02-15T17:41:02.206+0000] {logging_mixin.py:154} INFO - [2025-02-15T17:41:02.206+0000] {dag.py:3722} INFO - Setting next_dagrun for example_external_task_marker_parent to None, run_after=None
[2025-02-15T17:41:02.262+0000] {processor.py:179} INFO - Processing /home/airflow/.local/lib/python3.8/site-packages/airflow/example_dags/example_external_task_marker_dag.py took 0.261 seconds
[2025-02-15T17:41:32.713+0000] {processor.py:157} INFO - Started process (PID=3922) to work on /home/airflow/.local/lib/python3.8/site-packages/airflow/example_dags/example_external_task_marker_dag.py
[2025-02-15T17:41:32.717+0000] {processor.py:829} INFO - Processing file /home/airflow/.local/lib/python3.8/site-packages/airflow/example_dags/example_external_task_marker_dag.py for tasks to queue
[2025-02-15T17:41:32.720+0000] {logging_mixin.py:154} INFO - [2025-02-15T17:41:32.719+0000] {dagbag.py:536} INFO - Filling up the DagBag from /home/airflow/.local/lib/python3.8/site-packages/airflow/example_dags/example_external_task_marker_dag.py
[2025-02-15T17:41:32.738+0000] {processor.py:839} INFO - DAG(s) dict_keys(['example_external_task_marker_child', 'example_external_task_marker_parent']) retrieved from /home/airflow/.local/lib/python3.8/site-packages/airflow/example_dags/example_external_task_marker_dag.py
[2025-02-15T17:41:32.815+0000] {logging_mixin.py:154} INFO - [2025-02-15T17:41:32.815+0000] {dag.py:2941} INFO - Sync 2 DAGs
[2025-02-15T17:41:32.860+0000] {logging_mixin.py:154} INFO - [2025-02-15T17:41:32.859+0000] {dag.py:3722} INFO - Setting next_dagrun for example_external_task_marker_child to None, run_after=None
[2025-02-15T17:41:32.872+0000] {logging_mixin.py:154} INFO - [2025-02-15T17:41:32.872+0000] {dag.py:3722} INFO - Setting next_dagrun for example_external_task_marker_parent to None, run_after=None
[2025-02-15T17:41:32.926+0000] {processor.py:179} INFO - Processing /home/airflow/.local/lib/python3.8/site-packages/airflow/example_dags/example_external_task_marker_dag.py took 0.224 seconds
[2025-02-15T17:42:03.421+0000] {processor.py:157} INFO - Started process (PID=4160) to work on /home/airflow/.local/lib/python3.8/site-packages/airflow/example_dags/example_external_task_marker_dag.py
[2025-02-15T17:42:03.424+0000] {processor.py:829} INFO - Processing file /home/airflow/.local/lib/python3.8/site-packages/airflow/example_dags/example_external_task_marker_dag.py for tasks to queue
[2025-02-15T17:42:03.427+0000] {logging_mixin.py:154} INFO - [2025-02-15T17:42:03.426+0000] {dagbag.py:536} INFO - Filling up the DagBag from /home/airflow/.local/lib/python3.8/site-packages/airflow/example_dags/example_external_task_marker_dag.py
[2025-02-15T17:42:03.451+0000] {processor.py:839} INFO - DAG(s) dict_keys(['example_external_task_marker_parent', 'example_external_task_marker_child']) retrieved from /home/airflow/.local/lib/python3.8/site-packages/airflow/example_dags/example_external_task_marker_dag.py
[2025-02-15T17:42:03.540+0000] {logging_mixin.py:154} INFO - [2025-02-15T17:42:03.539+0000] {dag.py:2941} INFO - Sync 2 DAGs
[2025-02-15T17:42:03.594+0000] {logging_mixin.py:154} INFO - [2025-02-15T17:42:03.591+0000] {dag.py:3722} INFO - Setting next_dagrun for example_external_task_marker_child to None, run_after=None
[2025-02-15T17:42:03.602+0000] {logging_mixin.py:154} INFO - [2025-02-15T17:42:03.602+0000] {dag.py:3722} INFO - Setting next_dagrun for example_external_task_marker_parent to None, run_after=None
[2025-02-15T17:42:03.650+0000] {processor.py:179} INFO - Processing /home/airflow/.local/lib/python3.8/site-packages/airflow/example_dags/example_external_task_marker_dag.py took 0.243 seconds
[2025-02-15T17:42:33.793+0000] {processor.py:157} INFO - Started process (PID=4414) to work on /home/airflow/.local/lib/python3.8/site-packages/airflow/example_dags/example_external_task_marker_dag.py
[2025-02-15T17:42:33.795+0000] {processor.py:829} INFO - Processing file /home/airflow/.local/lib/python3.8/site-packages/airflow/example_dags/example_external_task_marker_dag.py for tasks to queue
[2025-02-15T17:42:33.797+0000] {logging_mixin.py:154} INFO - [2025-02-15T17:42:33.797+0000] {dagbag.py:536} INFO - Filling up the DagBag from /home/airflow/.local/lib/python3.8/site-packages/airflow/example_dags/example_external_task_marker_dag.py
[2025-02-15T17:42:33.822+0000] {processor.py:839} INFO - DAG(s) dict_keys(['example_external_task_marker_child', 'example_external_task_marker_parent']) retrieved from /home/airflow/.local/lib/python3.8/site-packages/airflow/example_dags/example_external_task_marker_dag.py
[2025-02-15T17:42:33.915+0000] {logging_mixin.py:154} INFO - [2025-02-15T17:42:33.914+0000] {dag.py:2941} INFO - Sync 2 DAGs
[2025-02-15T17:42:33.965+0000] {logging_mixin.py:154} INFO - [2025-02-15T17:42:33.965+0000] {dag.py:3722} INFO - Setting next_dagrun for example_external_task_marker_child to None, run_after=None
[2025-02-15T17:42:33.974+0000] {logging_mixin.py:154} INFO - [2025-02-15T17:42:33.973+0000] {dag.py:3722} INFO - Setting next_dagrun for example_external_task_marker_parent to None, run_after=None
[2025-02-15T17:42:34.020+0000] {processor.py:179} INFO - Processing /home/airflow/.local/lib/python3.8/site-packages/airflow/example_dags/example_external_task_marker_dag.py took 0.239 seconds
[2025-02-15T17:43:04.265+0000] {processor.py:157} INFO - Started process (PID=4654) to work on /home/airflow/.local/lib/python3.8/site-packages/airflow/example_dags/example_external_task_marker_dag.py
[2025-02-15T17:43:04.268+0000] {processor.py:829} INFO - Processing file /home/airflow/.local/lib/python3.8/site-packages/airflow/example_dags/example_external_task_marker_dag.py for tasks to queue
[2025-02-15T17:43:04.270+0000] {logging_mixin.py:154} INFO - [2025-02-15T17:43:04.270+0000] {dagbag.py:536} INFO - Filling up the DagBag from /home/airflow/.local/lib/python3.8/site-packages/airflow/example_dags/example_external_task_marker_dag.py
[2025-02-15T17:43:04.288+0000] {processor.py:839} INFO - DAG(s) dict_keys(['example_external_task_marker_child', 'example_external_task_marker_parent']) retrieved from /home/airflow/.local/lib/python3.8/site-packages/airflow/example_dags/example_external_task_marker_dag.py
[2025-02-15T17:43:04.372+0000] {logging_mixin.py:154} INFO - [2025-02-15T17:43:04.371+0000] {dag.py:2941} INFO - Sync 2 DAGs
[2025-02-15T17:43:04.412+0000] {logging_mixin.py:154} INFO - [2025-02-15T17:43:04.411+0000] {dag.py:3722} INFO - Setting next_dagrun for example_external_task_marker_child to None, run_after=None
[2025-02-15T17:43:04.426+0000] {logging_mixin.py:154} INFO - [2025-02-15T17:43:04.425+0000] {dag.py:3722} INFO - Setting next_dagrun for example_external_task_marker_parent to None, run_after=None
[2025-02-15T17:43:04.484+0000] {processor.py:179} INFO - Processing /home/airflow/.local/lib/python3.8/site-packages/airflow/example_dags/example_external_task_marker_dag.py took 0.249 seconds
[2025-02-15T17:43:34.788+0000] {processor.py:157} INFO - Started process (PID=4891) to work on /home/airflow/.local/lib/python3.8/site-packages/airflow/example_dags/example_external_task_marker_dag.py
[2025-02-15T17:43:34.792+0000] {processor.py:829} INFO - Processing file /home/airflow/.local/lib/python3.8/site-packages/airflow/example_dags/example_external_task_marker_dag.py for tasks to queue
[2025-02-15T17:43:34.795+0000] {logging_mixin.py:154} INFO - [2025-02-15T17:43:34.794+0000] {dagbag.py:536} INFO - Filling up the DagBag from /home/airflow/.local/lib/python3.8/site-packages/airflow/example_dags/example_external_task_marker_dag.py
[2025-02-15T17:43:34.814+0000] {processor.py:839} INFO - DAG(s) dict_keys(['example_external_task_marker_parent', 'example_external_task_marker_child']) retrieved from /home/airflow/.local/lib/python3.8/site-packages/airflow/example_dags/example_external_task_marker_dag.py
[2025-02-15T17:43:34.909+0000] {logging_mixin.py:154} INFO - [2025-02-15T17:43:34.908+0000] {dag.py:2941} INFO - Sync 2 DAGs
[2025-02-15T17:43:34.948+0000] {logging_mixin.py:154} INFO - [2025-02-15T17:43:34.947+0000] {dag.py:3722} INFO - Setting next_dagrun for example_external_task_marker_child to None, run_after=None
[2025-02-15T17:43:34.957+0000] {logging_mixin.py:154} INFO - [2025-02-15T17:43:34.957+0000] {dag.py:3722} INFO - Setting next_dagrun for example_external_task_marker_parent to None, run_after=None
[2025-02-15T17:43:35.006+0000] {processor.py:179} INFO - Processing /home/airflow/.local/lib/python3.8/site-packages/airflow/example_dags/example_external_task_marker_dag.py took 0.230 seconds
[2025-02-15T17:44:05.387+0000] {processor.py:157} INFO - Started process (PID=5129) to work on /home/airflow/.local/lib/python3.8/site-packages/airflow/example_dags/example_external_task_marker_dag.py
[2025-02-15T17:44:05.390+0000] {processor.py:829} INFO - Processing file /home/airflow/.local/lib/python3.8/site-packages/airflow/example_dags/example_external_task_marker_dag.py for tasks to queue
[2025-02-15T17:44:05.392+0000] {logging_mixin.py:154} INFO - [2025-02-15T17:44:05.391+0000] {dagbag.py:536} INFO - Filling up the DagBag from /home/airflow/.local/lib/python3.8/site-packages/airflow/example_dags/example_external_task_marker_dag.py
[2025-02-15T17:44:05.411+0000] {processor.py:839} INFO - DAG(s) dict_keys(['example_external_task_marker_child', 'example_external_task_marker_parent']) retrieved from /home/airflow/.local/lib/python3.8/site-packages/airflow/example_dags/example_external_task_marker_dag.py
[2025-02-15T17:44:05.502+0000] {logging_mixin.py:154} INFO - [2025-02-15T17:44:05.502+0000] {dag.py:2941} INFO - Sync 2 DAGs
[2025-02-15T17:44:05.547+0000] {logging_mixin.py:154} INFO - [2025-02-15T17:44:05.547+0000] {dag.py:3722} INFO - Setting next_dagrun for example_external_task_marker_child to None, run_after=None
[2025-02-15T17:44:05.558+0000] {logging_mixin.py:154} INFO - [2025-02-15T17:44:05.557+0000] {dag.py:3722} INFO - Setting next_dagrun for example_external_task_marker_parent to None, run_after=None
[2025-02-15T17:44:05.620+0000] {processor.py:179} INFO - Processing /home/airflow/.local/lib/python3.8/site-packages/airflow/example_dags/example_external_task_marker_dag.py took 0.246 seconds
[2025-02-15T17:44:35.886+0000] {processor.py:157} INFO - Started process (PID=5367) to work on /home/airflow/.local/lib/python3.8/site-packages/airflow/example_dags/example_external_task_marker_dag.py
[2025-02-15T17:44:35.889+0000] {processor.py:829} INFO - Processing file /home/airflow/.local/lib/python3.8/site-packages/airflow/example_dags/example_external_task_marker_dag.py for tasks to queue
[2025-02-15T17:44:35.898+0000] {logging_mixin.py:154} INFO - [2025-02-15T17:44:35.890+0000] {dagbag.py:536} INFO - Filling up the DagBag from /home/airflow/.local/lib/python3.8/site-packages/airflow/example_dags/example_external_task_marker_dag.py
[2025-02-15T17:44:35.924+0000] {processor.py:839} INFO - DAG(s) dict_keys(['example_external_task_marker_child', 'example_external_task_marker_parent']) retrieved from /home/airflow/.local/lib/python3.8/site-packages/airflow/example_dags/example_external_task_marker_dag.py
[2025-02-15T17:44:36.043+0000] {logging_mixin.py:154} INFO - [2025-02-15T17:44:36.042+0000] {dag.py:2941} INFO - Sync 2 DAGs
[2025-02-15T17:44:36.083+0000] {logging_mixin.py:154} INFO - [2025-02-15T17:44:36.082+0000] {dag.py:3722} INFO - Setting next_dagrun for example_external_task_marker_child to None, run_after=None
[2025-02-15T17:44:36.098+0000] {logging_mixin.py:154} INFO - [2025-02-15T17:44:36.097+0000] {dag.py:3722} INFO - Setting next_dagrun for example_external_task_marker_parent to None, run_after=None
[2025-02-15T17:44:36.178+0000] {processor.py:179} INFO - Processing /home/airflow/.local/lib/python3.8/site-packages/airflow/example_dags/example_external_task_marker_dag.py took 0.302 seconds
[2025-02-15T17:45:06.608+0000] {processor.py:157} INFO - Started process (PID=5602) to work on /home/airflow/.local/lib/python3.8/site-packages/airflow/example_dags/example_external_task_marker_dag.py
[2025-02-15T17:45:06.614+0000] {processor.py:829} INFO - Processing file /home/airflow/.local/lib/python3.8/site-packages/airflow/example_dags/example_external_task_marker_dag.py for tasks to queue
[2025-02-15T17:45:06.621+0000] {logging_mixin.py:154} INFO - [2025-02-15T17:45:06.618+0000] {dagbag.py:536} INFO - Filling up the DagBag from /home/airflow/.local/lib/python3.8/site-packages/airflow/example_dags/example_external_task_marker_dag.py
[2025-02-15T17:45:06.661+0000] {processor.py:839} INFO - DAG(s) dict_keys(['example_external_task_marker_parent', 'example_external_task_marker_child']) retrieved from /home/airflow/.local/lib/python3.8/site-packages/airflow/example_dags/example_external_task_marker_dag.py
[2025-02-15T17:45:06.844+0000] {logging_mixin.py:154} INFO - [2025-02-15T17:45:06.843+0000] {dag.py:2941} INFO - Sync 2 DAGs
[2025-02-15T17:45:06.936+0000] {logging_mixin.py:154} INFO - [2025-02-15T17:45:06.936+0000] {dag.py:3722} INFO - Setting next_dagrun for example_external_task_marker_child to None, run_after=None
[2025-02-15T17:45:06.948+0000] {logging_mixin.py:154} INFO - [2025-02-15T17:45:06.948+0000] {dag.py:3722} INFO - Setting next_dagrun for example_external_task_marker_parent to None, run_after=None
[2025-02-15T17:45:07.084+0000] {processor.py:179} INFO - Processing /home/airflow/.local/lib/python3.8/site-packages/airflow/example_dags/example_external_task_marker_dag.py took 0.505 seconds
[2025-02-15T17:45:37.370+0000] {processor.py:157} INFO - Started process (PID=5842) to work on /home/airflow/.local/lib/python3.8/site-packages/airflow/example_dags/example_external_task_marker_dag.py
[2025-02-15T17:45:37.375+0000] {processor.py:829} INFO - Processing file /home/airflow/.local/lib/python3.8/site-packages/airflow/example_dags/example_external_task_marker_dag.py for tasks to queue
[2025-02-15T17:45:37.377+0000] {logging_mixin.py:154} INFO - [2025-02-15T17:45:37.376+0000] {dagbag.py:536} INFO - Filling up the DagBag from /home/airflow/.local/lib/python3.8/site-packages/airflow/example_dags/example_external_task_marker_dag.py
[2025-02-15T17:45:37.396+0000] {processor.py:839} INFO - DAG(s) dict_keys(['example_external_task_marker_parent', 'example_external_task_marker_child']) retrieved from /home/airflow/.local/lib/python3.8/site-packages/airflow/example_dags/example_external_task_marker_dag.py
[2025-02-15T17:45:37.501+0000] {logging_mixin.py:154} INFO - [2025-02-15T17:45:37.500+0000] {dag.py:2941} INFO - Sync 2 DAGs
[2025-02-15T17:45:37.549+0000] {logging_mixin.py:154} INFO - [2025-02-15T17:45:37.548+0000] {dag.py:3722} INFO - Setting next_dagrun for example_external_task_marker_child to None, run_after=None
[2025-02-15T17:45:37.574+0000] {logging_mixin.py:154} INFO - [2025-02-15T17:45:37.573+0000] {dag.py:3722} INFO - Setting next_dagrun for example_external_task_marker_parent to None, run_after=None
[2025-02-15T17:45:37.642+0000] {processor.py:179} INFO - Processing /home/airflow/.local/lib/python3.8/site-packages/airflow/example_dags/example_external_task_marker_dag.py took 0.282 seconds
[2025-02-15T17:46:08.366+0000] {processor.py:157} INFO - Started process (PID=6080) to work on /home/airflow/.local/lib/python3.8/site-packages/airflow/example_dags/example_external_task_marker_dag.py
[2025-02-15T17:46:08.370+0000] {processor.py:829} INFO - Processing file /home/airflow/.local/lib/python3.8/site-packages/airflow/example_dags/example_external_task_marker_dag.py for tasks to queue
[2025-02-15T17:46:08.372+0000] {logging_mixin.py:154} INFO - [2025-02-15T17:46:08.372+0000] {dagbag.py:536} INFO - Filling up the DagBag from /home/airflow/.local/lib/python3.8/site-packages/airflow/example_dags/example_external_task_marker_dag.py
[2025-02-15T17:46:08.394+0000] {processor.py:839} INFO - DAG(s) dict_keys(['example_external_task_marker_parent', 'example_external_task_marker_child']) retrieved from /home/airflow/.local/lib/python3.8/site-packages/airflow/example_dags/example_external_task_marker_dag.py
[2025-02-15T17:46:08.482+0000] {logging_mixin.py:154} INFO - [2025-02-15T17:46:08.481+0000] {dag.py:2941} INFO - Sync 2 DAGs
[2025-02-15T17:46:08.524+0000] {logging_mixin.py:154} INFO - [2025-02-15T17:46:08.523+0000] {dag.py:3722} INFO - Setting next_dagrun for example_external_task_marker_child to None, run_after=None
[2025-02-15T17:46:08.535+0000] {logging_mixin.py:154} INFO - [2025-02-15T17:46:08.534+0000] {dag.py:3722} INFO - Setting next_dagrun for example_external_task_marker_parent to None, run_after=None
[2025-02-15T17:46:08.586+0000] {processor.py:179} INFO - Processing /home/airflow/.local/lib/python3.8/site-packages/airflow/example_dags/example_external_task_marker_dag.py took 0.232 seconds
