[2025-02-15T17:16:55.386+0000] {processor.py:157} INFO - Started process (PID=244) to work on /home/airflow/.local/lib/python3.8/site-packages/airflow/example_dags/example_latest_only_with_trigger.py
[2025-02-15T17:16:55.388+0000] {processor.py:829} INFO - Processing file /home/airflow/.local/lib/python3.8/site-packages/airflow/example_dags/example_latest_only_with_trigger.py for tasks to queue
[2025-02-15T17:16:55.391+0000] {logging_mixin.py:154} INFO - [2025-02-15T17:16:55.390+0000] {dagbag.py:536} INFO - Filling up the DagBag from /home/airflow/.local/lib/python3.8/site-packages/airflow/example_dags/example_latest_only_with_trigger.py
[2025-02-15T17:16:55.424+0000] {processor.py:839} INFO - DAG(s) dict_keys(['latest_only_with_trigger']) retrieved from /home/airflow/.local/lib/python3.8/site-packages/airflow/example_dags/example_latest_only_with_trigger.py
[2025-02-15T17:16:55.513+0000] {logging_mixin.py:154} INFO - [2025-02-15T17:16:55.512+0000] {dag.py:2941} INFO - Sync 1 DAGs
[2025-02-15T17:16:55.703+0000] {logging_mixin.py:154} INFO - [2025-02-15T17:16:55.702+0000] {dag.py:3722} INFO - Setting next_dagrun for latest_only_with_trigger to 2025-02-15T13:16:55.702463+00:00, run_after=2025-02-15T17:16:55.702463+00:00
[2025-02-15T17:16:55.756+0000] {processor.py:179} INFO - Processing /home/airflow/.local/lib/python3.8/site-packages/airflow/example_dags/example_latest_only_with_trigger.py took 0.383 seconds
[2025-02-15T17:17:30.105+0000] {processor.py:157} INFO - Started process (PID=482) to work on /home/airflow/.local/lib/python3.8/site-packages/airflow/example_dags/example_latest_only_with_trigger.py
[2025-02-15T17:17:30.113+0000] {processor.py:829} INFO - Processing file /home/airflow/.local/lib/python3.8/site-packages/airflow/example_dags/example_latest_only_with_trigger.py for tasks to queue
[2025-02-15T17:17:30.117+0000] {logging_mixin.py:154} INFO - [2025-02-15T17:17:30.116+0000] {dagbag.py:536} INFO - Filling up the DagBag from /home/airflow/.local/lib/python3.8/site-packages/airflow/example_dags/example_latest_only_with_trigger.py
[2025-02-15T17:17:30.179+0000] {processor.py:839} INFO - DAG(s) dict_keys(['latest_only_with_trigger']) retrieved from /home/airflow/.local/lib/python3.8/site-packages/airflow/example_dags/example_latest_only_with_trigger.py
[2025-02-15T17:17:30.413+0000] {logging_mixin.py:154} INFO - [2025-02-15T17:17:30.412+0000] {dag.py:2941} INFO - Sync 1 DAGs
[2025-02-15T17:17:30.647+0000] {logging_mixin.py:154} INFO - [2025-02-15T17:17:30.647+0000] {dag.py:3722} INFO - Setting next_dagrun for latest_only_with_trigger to 2025-02-15T13:17:30.641243+00:00, run_after=2025-02-15T17:17:30.641243+00:00
[2025-02-15T17:17:30.896+0000] {processor.py:179} INFO - Processing /home/airflow/.local/lib/python3.8/site-packages/airflow/example_dags/example_latest_only_with_trigger.py took 0.846 seconds
[2025-02-15T17:18:03.480+0000] {processor.py:157} INFO - Started process (PID=720) to work on /home/airflow/.local/lib/python3.8/site-packages/airflow/example_dags/example_latest_only_with_trigger.py
[2025-02-15T17:18:03.511+0000] {processor.py:829} INFO - Processing file /home/airflow/.local/lib/python3.8/site-packages/airflow/example_dags/example_latest_only_with_trigger.py for tasks to queue
[2025-02-15T17:18:03.527+0000] {logging_mixin.py:154} INFO - [2025-02-15T17:18:03.512+0000] {dagbag.py:536} INFO - Filling up the DagBag from /home/airflow/.local/lib/python3.8/site-packages/airflow/example_dags/example_latest_only_with_trigger.py
[2025-02-15T17:18:03.626+0000] {processor.py:839} INFO - DAG(s) dict_keys(['latest_only_with_trigger']) retrieved from /home/airflow/.local/lib/python3.8/site-packages/airflow/example_dags/example_latest_only_with_trigger.py
[2025-02-15T17:18:03.990+0000] {logging_mixin.py:154} INFO - [2025-02-15T17:18:03.985+0000] {dag.py:2941} INFO - Sync 1 DAGs
[2025-02-15T17:18:04.333+0000] {logging_mixin.py:154} INFO - [2025-02-15T17:18:04.332+0000] {dag.py:3722} INFO - Setting next_dagrun for latest_only_with_trigger to 2025-02-15T13:18:04.327933+00:00, run_after=2025-02-15T17:18:04.327933+00:00
[2025-02-15T17:18:04.669+0000] {processor.py:179} INFO - Processing /home/airflow/.local/lib/python3.8/site-packages/airflow/example_dags/example_latest_only_with_trigger.py took 1.257 seconds
[2025-02-15T17:18:35.241+0000] {processor.py:157} INFO - Started process (PID=957) to work on /home/airflow/.local/lib/python3.8/site-packages/airflow/example_dags/example_latest_only_with_trigger.py
[2025-02-15T17:18:35.249+0000] {processor.py:829} INFO - Processing file /home/airflow/.local/lib/python3.8/site-packages/airflow/example_dags/example_latest_only_with_trigger.py for tasks to queue
[2025-02-15T17:18:35.256+0000] {logging_mixin.py:154} INFO - [2025-02-15T17:18:35.255+0000] {dagbag.py:536} INFO - Filling up the DagBag from /home/airflow/.local/lib/python3.8/site-packages/airflow/example_dags/example_latest_only_with_trigger.py
[2025-02-15T17:18:35.296+0000] {processor.py:839} INFO - DAG(s) dict_keys(['latest_only_with_trigger']) retrieved from /home/airflow/.local/lib/python3.8/site-packages/airflow/example_dags/example_latest_only_with_trigger.py
[2025-02-15T17:18:35.501+0000] {logging_mixin.py:154} INFO - [2025-02-15T17:18:35.500+0000] {dag.py:2941} INFO - Sync 1 DAGs
[2025-02-15T17:18:35.657+0000] {logging_mixin.py:154} INFO - [2025-02-15T17:18:35.656+0000] {dag.py:3722} INFO - Setting next_dagrun for latest_only_with_trigger to 2025-02-15T13:18:35.654402+00:00, run_after=2025-02-15T17:18:35.654402+00:00
[2025-02-15T17:18:35.913+0000] {processor.py:179} INFO - Processing /home/airflow/.local/lib/python3.8/site-packages/airflow/example_dags/example_latest_only_with_trigger.py took 0.707 seconds
[2025-02-15T17:19:06.557+0000] {processor.py:157} INFO - Started process (PID=1195) to work on /home/airflow/.local/lib/python3.8/site-packages/airflow/example_dags/example_latest_only_with_trigger.py
[2025-02-15T17:19:06.571+0000] {processor.py:829} INFO - Processing file /home/airflow/.local/lib/python3.8/site-packages/airflow/example_dags/example_latest_only_with_trigger.py for tasks to queue
[2025-02-15T17:19:06.582+0000] {logging_mixin.py:154} INFO - [2025-02-15T17:19:06.578+0000] {dagbag.py:536} INFO - Filling up the DagBag from /home/airflow/.local/lib/python3.8/site-packages/airflow/example_dags/example_latest_only_with_trigger.py
[2025-02-15T17:19:06.628+0000] {processor.py:839} INFO - DAG(s) dict_keys(['latest_only_with_trigger']) retrieved from /home/airflow/.local/lib/python3.8/site-packages/airflow/example_dags/example_latest_only_with_trigger.py
[2025-02-15T17:19:06.710+0000] {logging_mixin.py:154} INFO - [2025-02-15T17:19:06.709+0000] {dag.py:2941} INFO - Sync 1 DAGs
[2025-02-15T17:19:06.769+0000] {logging_mixin.py:154} INFO - [2025-02-15T17:19:06.768+0000] {dag.py:3722} INFO - Setting next_dagrun for latest_only_with_trigger to 2025-02-15T13:19:06.768239+00:00, run_after=2025-02-15T17:19:06.768239+00:00
[2025-02-15T17:19:06.820+0000] {processor.py:179} INFO - Processing /home/airflow/.local/lib/python3.8/site-packages/airflow/example_dags/example_latest_only_with_trigger.py took 0.320 seconds
[2025-02-15T17:19:45.423+0000] {processor.py:157} INFO - Started process (PID=1440) to work on /home/airflow/.local/lib/python3.8/site-packages/airflow/example_dags/example_latest_only_with_trigger.py
[2025-02-15T17:19:45.437+0000] {processor.py:829} INFO - Processing file /home/airflow/.local/lib/python3.8/site-packages/airflow/example_dags/example_latest_only_with_trigger.py for tasks to queue
[2025-02-15T17:19:45.442+0000] {logging_mixin.py:154} INFO - [2025-02-15T17:19:45.440+0000] {dagbag.py:536} INFO - Filling up the DagBag from /home/airflow/.local/lib/python3.8/site-packages/airflow/example_dags/example_latest_only_with_trigger.py
[2025-02-15T17:19:45.477+0000] {processor.py:839} INFO - DAG(s) dict_keys(['latest_only_with_trigger']) retrieved from /home/airflow/.local/lib/python3.8/site-packages/airflow/example_dags/example_latest_only_with_trigger.py
[2025-02-15T17:19:45.603+0000] {logging_mixin.py:154} INFO - [2025-02-15T17:19:45.602+0000] {dag.py:2941} INFO - Sync 1 DAGs
[2025-02-15T17:19:45.701+0000] {logging_mixin.py:154} INFO - [2025-02-15T17:19:45.701+0000] {dag.py:3722} INFO - Setting next_dagrun for latest_only_with_trigger to 2025-02-15T13:19:45.700732+00:00, run_after=2025-02-15T17:19:45.700732+00:00
[2025-02-15T17:19:45.760+0000] {processor.py:179} INFO - Processing /home/airflow/.local/lib/python3.8/site-packages/airflow/example_dags/example_latest_only_with_trigger.py took 0.373 seconds
[2025-02-15T17:20:19.580+0000] {processor.py:157} INFO - Started process (PID=1672) to work on /home/airflow/.local/lib/python3.8/site-packages/airflow/example_dags/example_latest_only_with_trigger.py
[2025-02-15T17:20:19.591+0000] {processor.py:829} INFO - Processing file /home/airflow/.local/lib/python3.8/site-packages/airflow/example_dags/example_latest_only_with_trigger.py for tasks to queue
[2025-02-15T17:20:19.601+0000] {logging_mixin.py:154} INFO - [2025-02-15T17:20:19.598+0000] {dagbag.py:536} INFO - Filling up the DagBag from /home/airflow/.local/lib/python3.8/site-packages/airflow/example_dags/example_latest_only_with_trigger.py
[2025-02-15T17:20:19.786+0000] {processor.py:839} INFO - DAG(s) dict_keys(['latest_only_with_trigger']) retrieved from /home/airflow/.local/lib/python3.8/site-packages/airflow/example_dags/example_latest_only_with_trigger.py
[2025-02-15T17:20:20.285+0000] {logging_mixin.py:154} INFO - [2025-02-15T17:20:20.275+0000] {dag.py:2941} INFO - Sync 1 DAGs
[2025-02-15T17:20:20.993+0000] {logging_mixin.py:154} INFO - [2025-02-15T17:20:20.993+0000] {dag.py:3722} INFO - Setting next_dagrun for latest_only_with_trigger to 2025-02-15T13:20:20.987848+00:00, run_after=2025-02-15T17:20:20.987848+00:00
[2025-02-15T17:20:21.276+0000] {processor.py:179} INFO - Processing /home/airflow/.local/lib/python3.8/site-packages/airflow/example_dags/example_latest_only_with_trigger.py took 1.726 seconds
[2025-02-15T17:20:51.922+0000] {processor.py:157} INFO - Started process (PID=1912) to work on /home/airflow/.local/lib/python3.8/site-packages/airflow/example_dags/example_latest_only_with_trigger.py
[2025-02-15T17:20:51.925+0000] {processor.py:829} INFO - Processing file /home/airflow/.local/lib/python3.8/site-packages/airflow/example_dags/example_latest_only_with_trigger.py for tasks to queue
[2025-02-15T17:20:51.928+0000] {logging_mixin.py:154} INFO - [2025-02-15T17:20:51.927+0000] {dagbag.py:536} INFO - Filling up the DagBag from /home/airflow/.local/lib/python3.8/site-packages/airflow/example_dags/example_latest_only_with_trigger.py
[2025-02-15T17:20:51.948+0000] {processor.py:839} INFO - DAG(s) dict_keys(['latest_only_with_trigger']) retrieved from /home/airflow/.local/lib/python3.8/site-packages/airflow/example_dags/example_latest_only_with_trigger.py
[2025-02-15T17:20:52.013+0000] {logging_mixin.py:154} INFO - [2025-02-15T17:20:52.012+0000] {dag.py:2941} INFO - Sync 1 DAGs
[2025-02-15T17:20:52.097+0000] {logging_mixin.py:154} INFO - [2025-02-15T17:20:52.096+0000] {dag.py:3722} INFO - Setting next_dagrun for latest_only_with_trigger to 2025-02-15T13:20:52.095593+00:00, run_after=2025-02-15T17:20:52.095593+00:00
[2025-02-15T17:20:52.156+0000] {processor.py:179} INFO - Processing /home/airflow/.local/lib/python3.8/site-packages/airflow/example_dags/example_latest_only_with_trigger.py took 0.246 seconds
[2025-02-15T17:21:22.759+0000] {processor.py:157} INFO - Started process (PID=2150) to work on /home/airflow/.local/lib/python3.8/site-packages/airflow/example_dags/example_latest_only_with_trigger.py
[2025-02-15T17:21:22.762+0000] {processor.py:829} INFO - Processing file /home/airflow/.local/lib/python3.8/site-packages/airflow/example_dags/example_latest_only_with_trigger.py for tasks to queue
[2025-02-15T17:21:22.764+0000] {logging_mixin.py:154} INFO - [2025-02-15T17:21:22.763+0000] {dagbag.py:536} INFO - Filling up the DagBag from /home/airflow/.local/lib/python3.8/site-packages/airflow/example_dags/example_latest_only_with_trigger.py
[2025-02-15T17:21:22.784+0000] {processor.py:839} INFO - DAG(s) dict_keys(['latest_only_with_trigger']) retrieved from /home/airflow/.local/lib/python3.8/site-packages/airflow/example_dags/example_latest_only_with_trigger.py
[2025-02-15T17:21:22.867+0000] {logging_mixin.py:154} INFO - [2025-02-15T17:21:22.867+0000] {dag.py:2941} INFO - Sync 1 DAGs
[2025-02-15T17:21:22.948+0000] {logging_mixin.py:154} INFO - [2025-02-15T17:21:22.947+0000] {dag.py:3722} INFO - Setting next_dagrun for latest_only_with_trigger to 2025-02-15T13:21:22.946044+00:00, run_after=2025-02-15T17:21:22.946044+00:00
[2025-02-15T17:21:23.014+0000] {processor.py:179} INFO - Processing /home/airflow/.local/lib/python3.8/site-packages/airflow/example_dags/example_latest_only_with_trigger.py took 0.265 seconds
[2025-02-15T17:21:53.442+0000] {processor.py:157} INFO - Started process (PID=2385) to work on /home/airflow/.local/lib/python3.8/site-packages/airflow/example_dags/example_latest_only_with_trigger.py
[2025-02-15T17:21:53.448+0000] {processor.py:829} INFO - Processing file /home/airflow/.local/lib/python3.8/site-packages/airflow/example_dags/example_latest_only_with_trigger.py for tasks to queue
[2025-02-15T17:21:53.458+0000] {logging_mixin.py:154} INFO - [2025-02-15T17:21:53.457+0000] {dagbag.py:536} INFO - Filling up the DagBag from /home/airflow/.local/lib/python3.8/site-packages/airflow/example_dags/example_latest_only_with_trigger.py
[2025-02-15T17:21:53.492+0000] {processor.py:839} INFO - DAG(s) dict_keys(['latest_only_with_trigger']) retrieved from /home/airflow/.local/lib/python3.8/site-packages/airflow/example_dags/example_latest_only_with_trigger.py
[2025-02-15T17:21:53.690+0000] {logging_mixin.py:154} INFO - [2025-02-15T17:21:53.689+0000] {dag.py:2941} INFO - Sync 1 DAGs
[2025-02-15T17:21:53.781+0000] {logging_mixin.py:154} INFO - [2025-02-15T17:21:53.778+0000] {dag.py:3722} INFO - Setting next_dagrun for latest_only_with_trigger to 2025-02-15T13:21:53.777156+00:00, run_after=2025-02-15T17:21:53.777156+00:00
[2025-02-15T17:21:53.847+0000] {processor.py:179} INFO - Processing /home/airflow/.local/lib/python3.8/site-packages/airflow/example_dags/example_latest_only_with_trigger.py took 0.418 seconds
[2025-02-15T17:22:26.417+0000] {processor.py:157} INFO - Started process (PID=2625) to work on /home/airflow/.local/lib/python3.8/site-packages/airflow/example_dags/example_latest_only_with_trigger.py
[2025-02-15T17:22:26.423+0000] {processor.py:829} INFO - Processing file /home/airflow/.local/lib/python3.8/site-packages/airflow/example_dags/example_latest_only_with_trigger.py for tasks to queue
[2025-02-15T17:22:26.432+0000] {logging_mixin.py:154} INFO - [2025-02-15T17:22:26.426+0000] {dagbag.py:536} INFO - Filling up the DagBag from /home/airflow/.local/lib/python3.8/site-packages/airflow/example_dags/example_latest_only_with_trigger.py
[2025-02-15T17:22:26.515+0000] {processor.py:839} INFO - DAG(s) dict_keys(['latest_only_with_trigger']) retrieved from /home/airflow/.local/lib/python3.8/site-packages/airflow/example_dags/example_latest_only_with_trigger.py
[2025-02-15T17:22:26.682+0000] {logging_mixin.py:154} INFO - [2025-02-15T17:22:26.682+0000] {dag.py:2941} INFO - Sync 1 DAGs
[2025-02-15T17:22:26.825+0000] {logging_mixin.py:154} INFO - [2025-02-15T17:22:26.825+0000] {dag.py:3722} INFO - Setting next_dagrun for latest_only_with_trigger to 2025-02-15T13:22:26.824404+00:00, run_after=2025-02-15T17:22:26.824404+00:00
[2025-02-15T17:22:27.110+0000] {processor.py:179} INFO - Processing /home/airflow/.local/lib/python3.8/site-packages/airflow/example_dags/example_latest_only_with_trigger.py took 0.719 seconds
[2025-02-15T17:22:57.961+0000] {processor.py:157} INFO - Started process (PID=2862) to work on /home/airflow/.local/lib/python3.8/site-packages/airflow/example_dags/example_latest_only_with_trigger.py
[2025-02-15T17:22:57.976+0000] {processor.py:829} INFO - Processing file /home/airflow/.local/lib/python3.8/site-packages/airflow/example_dags/example_latest_only_with_trigger.py for tasks to queue
[2025-02-15T17:22:57.989+0000] {logging_mixin.py:154} INFO - [2025-02-15T17:22:57.985+0000] {dagbag.py:536} INFO - Filling up the DagBag from /home/airflow/.local/lib/python3.8/site-packages/airflow/example_dags/example_latest_only_with_trigger.py
[2025-02-15T17:22:58.199+0000] {processor.py:839} INFO - DAG(s) dict_keys(['latest_only_with_trigger']) retrieved from /home/airflow/.local/lib/python3.8/site-packages/airflow/example_dags/example_latest_only_with_trigger.py
[2025-02-15T17:22:58.491+0000] {logging_mixin.py:154} INFO - [2025-02-15T17:22:58.481+0000] {dag.py:2941} INFO - Sync 1 DAGs
[2025-02-15T17:22:59.062+0000] {logging_mixin.py:154} INFO - [2025-02-15T17:22:59.057+0000] {dag.py:3722} INFO - Setting next_dagrun for latest_only_with_trigger to 2025-02-15T13:22:59.056247+00:00, run_after=2025-02-15T17:22:59.056247+00:00
[2025-02-15T17:22:59.387+0000] {processor.py:179} INFO - Processing /home/airflow/.local/lib/python3.8/site-packages/airflow/example_dags/example_latest_only_with_trigger.py took 1.474 seconds
[2025-02-15T17:23:30.173+0000] {processor.py:157} INFO - Started process (PID=3102) to work on /home/airflow/.local/lib/python3.8/site-packages/airflow/example_dags/example_latest_only_with_trigger.py
[2025-02-15T17:23:30.181+0000] {processor.py:829} INFO - Processing file /home/airflow/.local/lib/python3.8/site-packages/airflow/example_dags/example_latest_only_with_trigger.py for tasks to queue
[2025-02-15T17:23:30.200+0000] {logging_mixin.py:154} INFO - [2025-02-15T17:23:30.194+0000] {dagbag.py:536} INFO - Filling up the DagBag from /home/airflow/.local/lib/python3.8/site-packages/airflow/example_dags/example_latest_only_with_trigger.py
[2025-02-15T17:23:30.265+0000] {processor.py:839} INFO - DAG(s) dict_keys(['latest_only_with_trigger']) retrieved from /home/airflow/.local/lib/python3.8/site-packages/airflow/example_dags/example_latest_only_with_trigger.py
[2025-02-15T17:23:30.477+0000] {logging_mixin.py:154} INFO - [2025-02-15T17:23:30.476+0000] {dag.py:2941} INFO - Sync 1 DAGs
[2025-02-15T17:23:30.668+0000] {logging_mixin.py:154} INFO - [2025-02-15T17:23:30.667+0000] {dag.py:3722} INFO - Setting next_dagrun for latest_only_with_trigger to 2025-02-15T13:23:30.667049+00:00, run_after=2025-02-15T17:23:30.667049+00:00
[2025-02-15T17:23:30.930+0000] {processor.py:179} INFO - Processing /home/airflow/.local/lib/python3.8/site-packages/airflow/example_dags/example_latest_only_with_trigger.py took 0.772 seconds
[2025-02-15T17:24:04.916+0000] {processor.py:157} INFO - Started process (PID=3338) to work on /home/airflow/.local/lib/python3.8/site-packages/airflow/example_dags/example_latest_only_with_trigger.py
[2025-02-15T17:24:04.954+0000] {processor.py:829} INFO - Processing file /home/airflow/.local/lib/python3.8/site-packages/airflow/example_dags/example_latest_only_with_trigger.py for tasks to queue
[2025-02-15T17:24:04.993+0000] {logging_mixin.py:154} INFO - [2025-02-15T17:24:04.963+0000] {dagbag.py:536} INFO - Filling up the DagBag from /home/airflow/.local/lib/python3.8/site-packages/airflow/example_dags/example_latest_only_with_trigger.py
[2025-02-15T17:24:05.208+0000] {processor.py:839} INFO - DAG(s) dict_keys(['latest_only_with_trigger']) retrieved from /home/airflow/.local/lib/python3.8/site-packages/airflow/example_dags/example_latest_only_with_trigger.py
[2025-02-15T17:24:05.705+0000] {logging_mixin.py:154} INFO - [2025-02-15T17:24:05.701+0000] {dag.py:2941} INFO - Sync 1 DAGs
[2025-02-15T17:24:06.264+0000] {logging_mixin.py:154} INFO - [2025-02-15T17:24:06.263+0000] {dag.py:3722} INFO - Setting next_dagrun for latest_only_with_trigger to 2025-02-15T13:24:06.263280+00:00, run_after=2025-02-15T17:24:06.263280+00:00
[2025-02-15T17:24:06.731+0000] {processor.py:179} INFO - Processing /home/airflow/.local/lib/python3.8/site-packages/airflow/example_dags/example_latest_only_with_trigger.py took 1.931 seconds
[2025-02-15T17:28:00.862+0000] {processor.py:157} INFO - Started process (PID=241) to work on /home/airflow/.local/lib/python3.8/site-packages/airflow/example_dags/example_latest_only_with_trigger.py
[2025-02-15T17:28:00.866+0000] {processor.py:829} INFO - Processing file /home/airflow/.local/lib/python3.8/site-packages/airflow/example_dags/example_latest_only_with_trigger.py for tasks to queue
[2025-02-15T17:28:00.872+0000] {logging_mixin.py:154} INFO - [2025-02-15T17:28:00.869+0000] {dagbag.py:536} INFO - Filling up the DagBag from /home/airflow/.local/lib/python3.8/site-packages/airflow/example_dags/example_latest_only_with_trigger.py
[2025-02-15T17:28:00.938+0000] {processor.py:839} INFO - DAG(s) dict_keys(['latest_only_with_trigger']) retrieved from /home/airflow/.local/lib/python3.8/site-packages/airflow/example_dags/example_latest_only_with_trigger.py
[2025-02-15T17:28:01.133+0000] {logging_mixin.py:154} INFO - [2025-02-15T17:28:01.133+0000] {dag.py:2941} INFO - Sync 1 DAGs
[2025-02-15T17:28:01.336+0000] {logging_mixin.py:154} INFO - [2025-02-15T17:28:01.330+0000] {dag.py:3722} INFO - Setting next_dagrun for latest_only_with_trigger to 2025-02-15T13:28:01.327770+00:00, run_after=2025-02-15T17:28:01.327770+00:00
[2025-02-15T17:28:01.635+0000] {processor.py:179} INFO - Processing /home/airflow/.local/lib/python3.8/site-packages/airflow/example_dags/example_latest_only_with_trigger.py took 0.800 seconds
[2025-02-15T17:33:43.689+0000] {processor.py:157} INFO - Started process (PID=242) to work on /home/airflow/.local/lib/python3.8/site-packages/airflow/example_dags/example_latest_only_with_trigger.py
[2025-02-15T17:33:43.700+0000] {processor.py:829} INFO - Processing file /home/airflow/.local/lib/python3.8/site-packages/airflow/example_dags/example_latest_only_with_trigger.py for tasks to queue
[2025-02-15T17:33:43.709+0000] {logging_mixin.py:154} INFO - [2025-02-15T17:33:43.705+0000] {dagbag.py:536} INFO - Filling up the DagBag from /home/airflow/.local/lib/python3.8/site-packages/airflow/example_dags/example_latest_only_with_trigger.py
[2025-02-15T17:33:43.771+0000] {processor.py:839} INFO - DAG(s) dict_keys(['latest_only_with_trigger']) retrieved from /home/airflow/.local/lib/python3.8/site-packages/airflow/example_dags/example_latest_only_with_trigger.py
[2025-02-15T17:33:43.885+0000] {logging_mixin.py:154} INFO - [2025-02-15T17:33:43.885+0000] {dag.py:2941} INFO - Sync 1 DAGs
[2025-02-15T17:33:43.968+0000] {logging_mixin.py:154} INFO - [2025-02-15T17:33:43.967+0000] {dag.py:3722} INFO - Setting next_dagrun for latest_only_with_trigger to 2025-02-15T13:33:43.967321+00:00, run_after=2025-02-15T17:33:43.967321+00:00
[2025-02-15T17:33:44.046+0000] {processor.py:179} INFO - Processing /home/airflow/.local/lib/python3.8/site-packages/airflow/example_dags/example_latest_only_with_trigger.py took 0.392 seconds
[2025-02-15T17:34:14.984+0000] {processor.py:157} INFO - Started process (PID=479) to work on /home/airflow/.local/lib/python3.8/site-packages/airflow/example_dags/example_latest_only_with_trigger.py
[2025-02-15T17:34:14.986+0000] {processor.py:829} INFO - Processing file /home/airflow/.local/lib/python3.8/site-packages/airflow/example_dags/example_latest_only_with_trigger.py for tasks to queue
[2025-02-15T17:34:14.989+0000] {logging_mixin.py:154} INFO - [2025-02-15T17:34:14.987+0000] {dagbag.py:536} INFO - Filling up the DagBag from /home/airflow/.local/lib/python3.8/site-packages/airflow/example_dags/example_latest_only_with_trigger.py
[2025-02-15T17:34:15.009+0000] {processor.py:839} INFO - DAG(s) dict_keys(['latest_only_with_trigger']) retrieved from /home/airflow/.local/lib/python3.8/site-packages/airflow/example_dags/example_latest_only_with_trigger.py
[2025-02-15T17:34:15.107+0000] {logging_mixin.py:154} INFO - [2025-02-15T17:34:15.106+0000] {dag.py:2941} INFO - Sync 1 DAGs
[2025-02-15T17:34:15.219+0000] {logging_mixin.py:154} INFO - [2025-02-15T17:34:15.219+0000] {dag.py:3722} INFO - Setting next_dagrun for latest_only_with_trigger to 2025-02-15T13:34:15.217993+00:00, run_after=2025-02-15T17:34:15.217993+00:00
[2025-02-15T17:34:15.308+0000] {processor.py:179} INFO - Processing /home/airflow/.local/lib/python3.8/site-packages/airflow/example_dags/example_latest_only_with_trigger.py took 0.335 seconds
[2025-02-15T17:34:45.941+0000] {processor.py:157} INFO - Started process (PID=716) to work on /home/airflow/.local/lib/python3.8/site-packages/airflow/example_dags/example_latest_only_with_trigger.py
[2025-02-15T17:34:45.944+0000] {processor.py:829} INFO - Processing file /home/airflow/.local/lib/python3.8/site-packages/airflow/example_dags/example_latest_only_with_trigger.py for tasks to queue
[2025-02-15T17:34:45.947+0000] {logging_mixin.py:154} INFO - [2025-02-15T17:34:45.946+0000] {dagbag.py:536} INFO - Filling up the DagBag from /home/airflow/.local/lib/python3.8/site-packages/airflow/example_dags/example_latest_only_with_trigger.py
[2025-02-15T17:34:45.994+0000] {processor.py:839} INFO - DAG(s) dict_keys(['latest_only_with_trigger']) retrieved from /home/airflow/.local/lib/python3.8/site-packages/airflow/example_dags/example_latest_only_with_trigger.py
[2025-02-15T17:34:46.249+0000] {logging_mixin.py:154} INFO - [2025-02-15T17:34:46.244+0000] {dag.py:2941} INFO - Sync 1 DAGs
[2025-02-15T17:34:46.551+0000] {logging_mixin.py:154} INFO - [2025-02-15T17:34:46.547+0000] {dag.py:3722} INFO - Setting next_dagrun for latest_only_with_trigger to 2025-02-15T13:34:46.543836+00:00, run_after=2025-02-15T17:34:46.543836+00:00
[2025-02-15T17:34:46.914+0000] {processor.py:179} INFO - Processing /home/airflow/.local/lib/python3.8/site-packages/airflow/example_dags/example_latest_only_with_trigger.py took 0.989 seconds
[2025-02-15T17:35:17.629+0000] {processor.py:157} INFO - Started process (PID=955) to work on /home/airflow/.local/lib/python3.8/site-packages/airflow/example_dags/example_latest_only_with_trigger.py
[2025-02-15T17:35:17.633+0000] {processor.py:829} INFO - Processing file /home/airflow/.local/lib/python3.8/site-packages/airflow/example_dags/example_latest_only_with_trigger.py for tasks to queue
[2025-02-15T17:35:17.635+0000] {logging_mixin.py:154} INFO - [2025-02-15T17:35:17.634+0000] {dagbag.py:536} INFO - Filling up the DagBag from /home/airflow/.local/lib/python3.8/site-packages/airflow/example_dags/example_latest_only_with_trigger.py
[2025-02-15T17:35:17.655+0000] {processor.py:839} INFO - DAG(s) dict_keys(['latest_only_with_trigger']) retrieved from /home/airflow/.local/lib/python3.8/site-packages/airflow/example_dags/example_latest_only_with_trigger.py
[2025-02-15T17:35:17.718+0000] {logging_mixin.py:154} INFO - [2025-02-15T17:35:17.717+0000] {dag.py:2941} INFO - Sync 1 DAGs
[2025-02-15T17:35:17.787+0000] {logging_mixin.py:154} INFO - [2025-02-15T17:35:17.785+0000] {dag.py:3722} INFO - Setting next_dagrun for latest_only_with_trigger to 2025-02-15T13:35:17.784970+00:00, run_after=2025-02-15T17:35:17.784970+00:00
[2025-02-15T17:35:17.859+0000] {processor.py:179} INFO - Processing /home/airflow/.local/lib/python3.8/site-packages/airflow/example_dags/example_latest_only_with_trigger.py took 0.241 seconds
[2025-02-15T17:35:48.378+0000] {processor.py:157} INFO - Started process (PID=1193) to work on /home/airflow/.local/lib/python3.8/site-packages/airflow/example_dags/example_latest_only_with_trigger.py
[2025-02-15T17:35:48.380+0000] {processor.py:829} INFO - Processing file /home/airflow/.local/lib/python3.8/site-packages/airflow/example_dags/example_latest_only_with_trigger.py for tasks to queue
[2025-02-15T17:35:48.383+0000] {logging_mixin.py:154} INFO - [2025-02-15T17:35:48.382+0000] {dagbag.py:536} INFO - Filling up the DagBag from /home/airflow/.local/lib/python3.8/site-packages/airflow/example_dags/example_latest_only_with_trigger.py
[2025-02-15T17:35:48.403+0000] {processor.py:839} INFO - DAG(s) dict_keys(['latest_only_with_trigger']) retrieved from /home/airflow/.local/lib/python3.8/site-packages/airflow/example_dags/example_latest_only_with_trigger.py
[2025-02-15T17:35:48.488+0000] {logging_mixin.py:154} INFO - [2025-02-15T17:35:48.487+0000] {dag.py:2941} INFO - Sync 1 DAGs
[2025-02-15T17:35:48.575+0000] {logging_mixin.py:154} INFO - [2025-02-15T17:35:48.575+0000] {dag.py:3722} INFO - Setting next_dagrun for latest_only_with_trigger to 2025-02-15T13:35:48.574379+00:00, run_after=2025-02-15T17:35:48.574379+00:00
[2025-02-15T17:35:48.683+0000] {processor.py:179} INFO - Processing /home/airflow/.local/lib/python3.8/site-packages/airflow/example_dags/example_latest_only_with_trigger.py took 0.315 seconds
[2025-02-15T17:36:19.131+0000] {processor.py:157} INFO - Started process (PID=1437) to work on /home/airflow/.local/lib/python3.8/site-packages/airflow/example_dags/example_latest_only_with_trigger.py
[2025-02-15T17:36:19.136+0000] {processor.py:829} INFO - Processing file /home/airflow/.local/lib/python3.8/site-packages/airflow/example_dags/example_latest_only_with_trigger.py for tasks to queue
[2025-02-15T17:36:19.139+0000] {logging_mixin.py:154} INFO - [2025-02-15T17:36:19.138+0000] {dagbag.py:536} INFO - Filling up the DagBag from /home/airflow/.local/lib/python3.8/site-packages/airflow/example_dags/example_latest_only_with_trigger.py
[2025-02-15T17:36:19.162+0000] {processor.py:839} INFO - DAG(s) dict_keys(['latest_only_with_trigger']) retrieved from /home/airflow/.local/lib/python3.8/site-packages/airflow/example_dags/example_latest_only_with_trigger.py
[2025-02-15T17:36:19.247+0000] {logging_mixin.py:154} INFO - [2025-02-15T17:36:19.247+0000] {dag.py:2941} INFO - Sync 1 DAGs
[2025-02-15T17:36:19.319+0000] {logging_mixin.py:154} INFO - [2025-02-15T17:36:19.318+0000] {dag.py:3722} INFO - Setting next_dagrun for latest_only_with_trigger to 2025-02-15T13:36:19.317754+00:00, run_after=2025-02-15T17:36:19.317754+00:00
[2025-02-15T17:36:19.373+0000] {processor.py:179} INFO - Processing /home/airflow/.local/lib/python3.8/site-packages/airflow/example_dags/example_latest_only_with_trigger.py took 0.254 seconds
[2025-02-15T17:36:49.813+0000] {processor.py:157} INFO - Started process (PID=1698) to work on /home/airflow/.local/lib/python3.8/site-packages/airflow/example_dags/example_latest_only_with_trigger.py
[2025-02-15T17:36:49.816+0000] {processor.py:829} INFO - Processing file /home/airflow/.local/lib/python3.8/site-packages/airflow/example_dags/example_latest_only_with_trigger.py for tasks to queue
[2025-02-15T17:36:49.819+0000] {logging_mixin.py:154} INFO - [2025-02-15T17:36:49.819+0000] {dagbag.py:536} INFO - Filling up the DagBag from /home/airflow/.local/lib/python3.8/site-packages/airflow/example_dags/example_latest_only_with_trigger.py
[2025-02-15T17:36:49.848+0000] {processor.py:839} INFO - DAG(s) dict_keys(['latest_only_with_trigger']) retrieved from /home/airflow/.local/lib/python3.8/site-packages/airflow/example_dags/example_latest_only_with_trigger.py
[2025-02-15T17:36:49.911+0000] {logging_mixin.py:154} INFO - [2025-02-15T17:36:49.910+0000] {dag.py:2941} INFO - Sync 1 DAGs
[2025-02-15T17:36:49.976+0000] {logging_mixin.py:154} INFO - [2025-02-15T17:36:49.975+0000] {dag.py:3722} INFO - Setting next_dagrun for latest_only_with_trigger to 2025-02-15T13:36:49.975313+00:00, run_after=2025-02-15T17:36:49.975313+00:00
[2025-02-15T17:36:50.045+0000] {processor.py:179} INFO - Processing /home/airflow/.local/lib/python3.8/site-packages/airflow/example_dags/example_latest_only_with_trigger.py took 0.256 seconds
[2025-02-15T17:37:20.742+0000] {processor.py:157} INFO - Started process (PID=1936) to work on /home/airflow/.local/lib/python3.8/site-packages/airflow/example_dags/example_latest_only_with_trigger.py
[2025-02-15T17:37:20.745+0000] {processor.py:829} INFO - Processing file /home/airflow/.local/lib/python3.8/site-packages/airflow/example_dags/example_latest_only_with_trigger.py for tasks to queue
[2025-02-15T17:37:20.746+0000] {logging_mixin.py:154} INFO - [2025-02-15T17:37:20.746+0000] {dagbag.py:536} INFO - Filling up the DagBag from /home/airflow/.local/lib/python3.8/site-packages/airflow/example_dags/example_latest_only_with_trigger.py
[2025-02-15T17:37:20.765+0000] {processor.py:839} INFO - DAG(s) dict_keys(['latest_only_with_trigger']) retrieved from /home/airflow/.local/lib/python3.8/site-packages/airflow/example_dags/example_latest_only_with_trigger.py
[2025-02-15T17:37:20.826+0000] {logging_mixin.py:154} INFO - [2025-02-15T17:37:20.825+0000] {dag.py:2941} INFO - Sync 1 DAGs
[2025-02-15T17:37:20.918+0000] {logging_mixin.py:154} INFO - [2025-02-15T17:37:20.917+0000] {dag.py:3722} INFO - Setting next_dagrun for latest_only_with_trigger to 2025-02-15T13:37:20.916485+00:00, run_after=2025-02-15T17:37:20.916485+00:00
[2025-02-15T17:37:20.990+0000] {processor.py:179} INFO - Processing /home/airflow/.local/lib/python3.8/site-packages/airflow/example_dags/example_latest_only_with_trigger.py took 0.257 seconds
[2025-02-15T17:37:51.268+0000] {processor.py:157} INFO - Started process (PID=2174) to work on /home/airflow/.local/lib/python3.8/site-packages/airflow/example_dags/example_latest_only_with_trigger.py
[2025-02-15T17:37:51.272+0000] {processor.py:829} INFO - Processing file /home/airflow/.local/lib/python3.8/site-packages/airflow/example_dags/example_latest_only_with_trigger.py for tasks to queue
[2025-02-15T17:37:51.275+0000] {logging_mixin.py:154} INFO - [2025-02-15T17:37:51.274+0000] {dagbag.py:536} INFO - Filling up the DagBag from /home/airflow/.local/lib/python3.8/site-packages/airflow/example_dags/example_latest_only_with_trigger.py
[2025-02-15T17:37:51.301+0000] {processor.py:839} INFO - DAG(s) dict_keys(['latest_only_with_trigger']) retrieved from /home/airflow/.local/lib/python3.8/site-packages/airflow/example_dags/example_latest_only_with_trigger.py
[2025-02-15T17:37:51.373+0000] {logging_mixin.py:154} INFO - [2025-02-15T17:37:51.372+0000] {dag.py:2941} INFO - Sync 1 DAGs
[2025-02-15T17:37:51.443+0000] {logging_mixin.py:154} INFO - [2025-02-15T17:37:51.441+0000] {dag.py:3722} INFO - Setting next_dagrun for latest_only_with_trigger to 2025-02-15T13:37:51.440926+00:00, run_after=2025-02-15T17:37:51.440926+00:00
[2025-02-15T17:37:51.492+0000] {processor.py:179} INFO - Processing /home/airflow/.local/lib/python3.8/site-packages/airflow/example_dags/example_latest_only_with_trigger.py took 0.242 seconds
[2025-02-15T17:38:21.772+0000] {processor.py:157} INFO - Started process (PID=2412) to work on /home/airflow/.local/lib/python3.8/site-packages/airflow/example_dags/example_latest_only_with_trigger.py
[2025-02-15T17:38:21.775+0000] {processor.py:829} INFO - Processing file /home/airflow/.local/lib/python3.8/site-packages/airflow/example_dags/example_latest_only_with_trigger.py for tasks to queue
[2025-02-15T17:38:21.777+0000] {logging_mixin.py:154} INFO - [2025-02-15T17:38:21.777+0000] {dagbag.py:536} INFO - Filling up the DagBag from /home/airflow/.local/lib/python3.8/site-packages/airflow/example_dags/example_latest_only_with_trigger.py
[2025-02-15T17:38:21.795+0000] {processor.py:839} INFO - DAG(s) dict_keys(['latest_only_with_trigger']) retrieved from /home/airflow/.local/lib/python3.8/site-packages/airflow/example_dags/example_latest_only_with_trigger.py
[2025-02-15T17:38:21.863+0000] {logging_mixin.py:154} INFO - [2025-02-15T17:38:21.862+0000] {dag.py:2941} INFO - Sync 1 DAGs
[2025-02-15T17:38:21.929+0000] {logging_mixin.py:154} INFO - [2025-02-15T17:38:21.929+0000] {dag.py:3722} INFO - Setting next_dagrun for latest_only_with_trigger to 2025-02-15T13:38:21.928592+00:00, run_after=2025-02-15T17:38:21.928592+00:00
[2025-02-15T17:38:21.984+0000] {processor.py:179} INFO - Processing /home/airflow/.local/lib/python3.8/site-packages/airflow/example_dags/example_latest_only_with_trigger.py took 0.221 seconds
[2025-02-15T17:38:52.551+0000] {processor.py:157} INFO - Started process (PID=2650) to work on /home/airflow/.local/lib/python3.8/site-packages/airflow/example_dags/example_latest_only_with_trigger.py
[2025-02-15T17:38:52.554+0000] {processor.py:829} INFO - Processing file /home/airflow/.local/lib/python3.8/site-packages/airflow/example_dags/example_latest_only_with_trigger.py for tasks to queue
[2025-02-15T17:38:52.558+0000] {logging_mixin.py:154} INFO - [2025-02-15T17:38:52.556+0000] {dagbag.py:536} INFO - Filling up the DagBag from /home/airflow/.local/lib/python3.8/site-packages/airflow/example_dags/example_latest_only_with_trigger.py
[2025-02-15T17:38:52.593+0000] {processor.py:839} INFO - DAG(s) dict_keys(['latest_only_with_trigger']) retrieved from /home/airflow/.local/lib/python3.8/site-packages/airflow/example_dags/example_latest_only_with_trigger.py
[2025-02-15T17:38:52.667+0000] {logging_mixin.py:154} INFO - [2025-02-15T17:38:52.667+0000] {dag.py:2941} INFO - Sync 1 DAGs
[2025-02-15T17:38:52.738+0000] {logging_mixin.py:154} INFO - [2025-02-15T17:38:52.737+0000] {dag.py:3722} INFO - Setting next_dagrun for latest_only_with_trigger to 2025-02-15T13:38:52.737317+00:00, run_after=2025-02-15T17:38:52.737317+00:00
[2025-02-15T17:38:52.788+0000] {processor.py:179} INFO - Processing /home/airflow/.local/lib/python3.8/site-packages/airflow/example_dags/example_latest_only_with_trigger.py took 0.250 seconds
[2025-02-15T17:39:23.233+0000] {processor.py:157} INFO - Started process (PID=2888) to work on /home/airflow/.local/lib/python3.8/site-packages/airflow/example_dags/example_latest_only_with_trigger.py
[2025-02-15T17:39:23.239+0000] {processor.py:829} INFO - Processing file /home/airflow/.local/lib/python3.8/site-packages/airflow/example_dags/example_latest_only_with_trigger.py for tasks to queue
[2025-02-15T17:39:23.242+0000] {logging_mixin.py:154} INFO - [2025-02-15T17:39:23.241+0000] {dagbag.py:536} INFO - Filling up the DagBag from /home/airflow/.local/lib/python3.8/site-packages/airflow/example_dags/example_latest_only_with_trigger.py
[2025-02-15T17:39:23.269+0000] {processor.py:839} INFO - DAG(s) dict_keys(['latest_only_with_trigger']) retrieved from /home/airflow/.local/lib/python3.8/site-packages/airflow/example_dags/example_latest_only_with_trigger.py
[2025-02-15T17:39:23.344+0000] {logging_mixin.py:154} INFO - [2025-02-15T17:39:23.343+0000] {dag.py:2941} INFO - Sync 1 DAGs
[2025-02-15T17:39:23.415+0000] {logging_mixin.py:154} INFO - [2025-02-15T17:39:23.414+0000] {dag.py:3722} INFO - Setting next_dagrun for latest_only_with_trigger to 2025-02-15T13:39:23.413633+00:00, run_after=2025-02-15T17:39:23.413633+00:00
[2025-02-15T17:39:23.473+0000] {processor.py:179} INFO - Processing /home/airflow/.local/lib/python3.8/site-packages/airflow/example_dags/example_latest_only_with_trigger.py took 0.251 seconds
[2025-02-15T17:39:53.926+0000] {processor.py:157} INFO - Started process (PID=3126) to work on /home/airflow/.local/lib/python3.8/site-packages/airflow/example_dags/example_latest_only_with_trigger.py
[2025-02-15T17:39:53.928+0000] {processor.py:829} INFO - Processing file /home/airflow/.local/lib/python3.8/site-packages/airflow/example_dags/example_latest_only_with_trigger.py for tasks to queue
[2025-02-15T17:39:53.930+0000] {logging_mixin.py:154} INFO - [2025-02-15T17:39:53.930+0000] {dagbag.py:536} INFO - Filling up the DagBag from /home/airflow/.local/lib/python3.8/site-packages/airflow/example_dags/example_latest_only_with_trigger.py
[2025-02-15T17:39:53.954+0000] {processor.py:839} INFO - DAG(s) dict_keys(['latest_only_with_trigger']) retrieved from /home/airflow/.local/lib/python3.8/site-packages/airflow/example_dags/example_latest_only_with_trigger.py
[2025-02-15T17:39:54.038+0000] {logging_mixin.py:154} INFO - [2025-02-15T17:39:54.038+0000] {dag.py:2941} INFO - Sync 1 DAGs
[2025-02-15T17:39:54.098+0000] {logging_mixin.py:154} INFO - [2025-02-15T17:39:54.097+0000] {dag.py:3722} INFO - Setting next_dagrun for latest_only_with_trigger to 2025-02-15T13:39:54.097064+00:00, run_after=2025-02-15T17:39:54.097064+00:00
[2025-02-15T17:39:54.156+0000] {processor.py:179} INFO - Processing /home/airflow/.local/lib/python3.8/site-packages/airflow/example_dags/example_latest_only_with_trigger.py took 0.239 seconds
[2025-02-15T17:40:24.557+0000] {processor.py:157} INFO - Started process (PID=3364) to work on /home/airflow/.local/lib/python3.8/site-packages/airflow/example_dags/example_latest_only_with_trigger.py
[2025-02-15T17:40:24.560+0000] {processor.py:829} INFO - Processing file /home/airflow/.local/lib/python3.8/site-packages/airflow/example_dags/example_latest_only_with_trigger.py for tasks to queue
[2025-02-15T17:40:24.562+0000] {logging_mixin.py:154} INFO - [2025-02-15T17:40:24.562+0000] {dagbag.py:536} INFO - Filling up the DagBag from /home/airflow/.local/lib/python3.8/site-packages/airflow/example_dags/example_latest_only_with_trigger.py
[2025-02-15T17:40:24.583+0000] {processor.py:839} INFO - DAG(s) dict_keys(['latest_only_with_trigger']) retrieved from /home/airflow/.local/lib/python3.8/site-packages/airflow/example_dags/example_latest_only_with_trigger.py
[2025-02-15T17:40:24.653+0000] {logging_mixin.py:154} INFO - [2025-02-15T17:40:24.653+0000] {dag.py:2941} INFO - Sync 1 DAGs
[2025-02-15T17:40:24.716+0000] {logging_mixin.py:154} INFO - [2025-02-15T17:40:24.715+0000] {dag.py:3722} INFO - Setting next_dagrun for latest_only_with_trigger to 2025-02-15T13:40:24.715105+00:00, run_after=2025-02-15T17:40:24.715105+00:00
[2025-02-15T17:40:24.773+0000] {processor.py:179} INFO - Processing /home/airflow/.local/lib/python3.8/site-packages/airflow/example_dags/example_latest_only_with_trigger.py took 0.225 seconds
[2025-02-15T17:40:55.301+0000] {processor.py:157} INFO - Started process (PID=3602) to work on /home/airflow/.local/lib/python3.8/site-packages/airflow/example_dags/example_latest_only_with_trigger.py
[2025-02-15T17:40:55.303+0000] {processor.py:829} INFO - Processing file /home/airflow/.local/lib/python3.8/site-packages/airflow/example_dags/example_latest_only_with_trigger.py for tasks to queue
[2025-02-15T17:40:55.305+0000] {logging_mixin.py:154} INFO - [2025-02-15T17:40:55.304+0000] {dagbag.py:536} INFO - Filling up the DagBag from /home/airflow/.local/lib/python3.8/site-packages/airflow/example_dags/example_latest_only_with_trigger.py
[2025-02-15T17:40:55.335+0000] {processor.py:839} INFO - DAG(s) dict_keys(['latest_only_with_trigger']) retrieved from /home/airflow/.local/lib/python3.8/site-packages/airflow/example_dags/example_latest_only_with_trigger.py
[2025-02-15T17:40:55.409+0000] {logging_mixin.py:154} INFO - [2025-02-15T17:40:55.409+0000] {dag.py:2941} INFO - Sync 1 DAGs
[2025-02-15T17:40:55.485+0000] {logging_mixin.py:154} INFO - [2025-02-15T17:40:55.485+0000] {dag.py:3722} INFO - Setting next_dagrun for latest_only_with_trigger to 2025-02-15T13:40:55.484618+00:00, run_after=2025-02-15T17:40:55.484618+00:00
[2025-02-15T17:40:55.548+0000] {processor.py:179} INFO - Processing /home/airflow/.local/lib/python3.8/site-packages/airflow/example_dags/example_latest_only_with_trigger.py took 0.257 seconds
[2025-02-15T17:41:25.844+0000] {processor.py:157} INFO - Started process (PID=3840) to work on /home/airflow/.local/lib/python3.8/site-packages/airflow/example_dags/example_latest_only_with_trigger.py
[2025-02-15T17:41:25.848+0000] {processor.py:829} INFO - Processing file /home/airflow/.local/lib/python3.8/site-packages/airflow/example_dags/example_latest_only_with_trigger.py for tasks to queue
[2025-02-15T17:41:25.851+0000] {logging_mixin.py:154} INFO - [2025-02-15T17:41:25.850+0000] {dagbag.py:536} INFO - Filling up the DagBag from /home/airflow/.local/lib/python3.8/site-packages/airflow/example_dags/example_latest_only_with_trigger.py
[2025-02-15T17:41:25.870+0000] {processor.py:839} INFO - DAG(s) dict_keys(['latest_only_with_trigger']) retrieved from /home/airflow/.local/lib/python3.8/site-packages/airflow/example_dags/example_latest_only_with_trigger.py
[2025-02-15T17:41:25.926+0000] {logging_mixin.py:154} INFO - [2025-02-15T17:41:25.925+0000] {dag.py:2941} INFO - Sync 1 DAGs
[2025-02-15T17:41:25.990+0000] {logging_mixin.py:154} INFO - [2025-02-15T17:41:25.989+0000] {dag.py:3722} INFO - Setting next_dagrun for latest_only_with_trigger to 2025-02-15T13:41:25.989003+00:00, run_after=2025-02-15T17:41:25.989003+00:00
[2025-02-15T17:41:26.053+0000] {processor.py:179} INFO - Processing /home/airflow/.local/lib/python3.8/site-packages/airflow/example_dags/example_latest_only_with_trigger.py took 0.222 seconds
[2025-02-15T17:41:56.531+0000] {processor.py:157} INFO - Started process (PID=4078) to work on /home/airflow/.local/lib/python3.8/site-packages/airflow/example_dags/example_latest_only_with_trigger.py
[2025-02-15T17:41:56.535+0000] {processor.py:829} INFO - Processing file /home/airflow/.local/lib/python3.8/site-packages/airflow/example_dags/example_latest_only_with_trigger.py for tasks to queue
[2025-02-15T17:41:56.539+0000] {logging_mixin.py:154} INFO - [2025-02-15T17:41:56.537+0000] {dagbag.py:536} INFO - Filling up the DagBag from /home/airflow/.local/lib/python3.8/site-packages/airflow/example_dags/example_latest_only_with_trigger.py
[2025-02-15T17:41:56.578+0000] {processor.py:839} INFO - DAG(s) dict_keys(['latest_only_with_trigger']) retrieved from /home/airflow/.local/lib/python3.8/site-packages/airflow/example_dags/example_latest_only_with_trigger.py
[2025-02-15T17:41:56.719+0000] {logging_mixin.py:154} INFO - [2025-02-15T17:41:56.717+0000] {dag.py:2941} INFO - Sync 1 DAGs
[2025-02-15T17:41:56.795+0000] {logging_mixin.py:154} INFO - [2025-02-15T17:41:56.794+0000] {dag.py:3722} INFO - Setting next_dagrun for latest_only_with_trigger to 2025-02-15T13:41:56.794189+00:00, run_after=2025-02-15T17:41:56.794189+00:00
[2025-02-15T17:41:56.855+0000] {processor.py:179} INFO - Processing /home/airflow/.local/lib/python3.8/site-packages/airflow/example_dags/example_latest_only_with_trigger.py took 0.345 seconds
[2025-02-15T17:42:27.120+0000] {processor.py:157} INFO - Started process (PID=4334) to work on /home/airflow/.local/lib/python3.8/site-packages/airflow/example_dags/example_latest_only_with_trigger.py
[2025-02-15T17:42:27.123+0000] {processor.py:829} INFO - Processing file /home/airflow/.local/lib/python3.8/site-packages/airflow/example_dags/example_latest_only_with_trigger.py for tasks to queue
[2025-02-15T17:42:27.125+0000] {logging_mixin.py:154} INFO - [2025-02-15T17:42:27.124+0000] {dagbag.py:536} INFO - Filling up the DagBag from /home/airflow/.local/lib/python3.8/site-packages/airflow/example_dags/example_latest_only_with_trigger.py
[2025-02-15T17:42:27.143+0000] {processor.py:839} INFO - DAG(s) dict_keys(['latest_only_with_trigger']) retrieved from /home/airflow/.local/lib/python3.8/site-packages/airflow/example_dags/example_latest_only_with_trigger.py
[2025-02-15T17:42:27.220+0000] {logging_mixin.py:154} INFO - [2025-02-15T17:42:27.220+0000] {dag.py:2941} INFO - Sync 1 DAGs
[2025-02-15T17:42:27.327+0000] {logging_mixin.py:154} INFO - [2025-02-15T17:42:27.327+0000] {dag.py:3722} INFO - Setting next_dagrun for latest_only_with_trigger to 2025-02-15T13:42:27.326423+00:00, run_after=2025-02-15T17:42:27.326423+00:00
[2025-02-15T17:42:27.384+0000] {processor.py:179} INFO - Processing /home/airflow/.local/lib/python3.8/site-packages/airflow/example_dags/example_latest_only_with_trigger.py took 0.275 seconds
[2025-02-15T17:42:57.626+0000] {processor.py:157} INFO - Started process (PID=4572) to work on /home/airflow/.local/lib/python3.8/site-packages/airflow/example_dags/example_latest_only_with_trigger.py
[2025-02-15T17:42:57.628+0000] {processor.py:829} INFO - Processing file /home/airflow/.local/lib/python3.8/site-packages/airflow/example_dags/example_latest_only_with_trigger.py for tasks to queue
[2025-02-15T17:42:57.630+0000] {logging_mixin.py:154} INFO - [2025-02-15T17:42:57.630+0000] {dagbag.py:536} INFO - Filling up the DagBag from /home/airflow/.local/lib/python3.8/site-packages/airflow/example_dags/example_latest_only_with_trigger.py
[2025-02-15T17:42:57.648+0000] {processor.py:839} INFO - DAG(s) dict_keys(['latest_only_with_trigger']) retrieved from /home/airflow/.local/lib/python3.8/site-packages/airflow/example_dags/example_latest_only_with_trigger.py
[2025-02-15T17:42:57.755+0000] {logging_mixin.py:154} INFO - [2025-02-15T17:42:57.755+0000] {dag.py:2941} INFO - Sync 1 DAGs
[2025-02-15T17:42:57.819+0000] {logging_mixin.py:154} INFO - [2025-02-15T17:42:57.818+0000] {dag.py:3722} INFO - Setting next_dagrun for latest_only_with_trigger to 2025-02-15T13:42:57.817872+00:00, run_after=2025-02-15T17:42:57.817872+00:00
[2025-02-15T17:42:57.859+0000] {processor.py:179} INFO - Processing /home/airflow/.local/lib/python3.8/site-packages/airflow/example_dags/example_latest_only_with_trigger.py took 0.242 seconds
[2025-02-15T17:43:28.457+0000] {processor.py:157} INFO - Started process (PID=4809) to work on /home/airflow/.local/lib/python3.8/site-packages/airflow/example_dags/example_latest_only_with_trigger.py
[2025-02-15T17:43:28.459+0000] {processor.py:829} INFO - Processing file /home/airflow/.local/lib/python3.8/site-packages/airflow/example_dags/example_latest_only_with_trigger.py for tasks to queue
[2025-02-15T17:43:28.462+0000] {logging_mixin.py:154} INFO - [2025-02-15T17:43:28.461+0000] {dagbag.py:536} INFO - Filling up the DagBag from /home/airflow/.local/lib/python3.8/site-packages/airflow/example_dags/example_latest_only_with_trigger.py
[2025-02-15T17:43:28.488+0000] {processor.py:839} INFO - DAG(s) dict_keys(['latest_only_with_trigger']) retrieved from /home/airflow/.local/lib/python3.8/site-packages/airflow/example_dags/example_latest_only_with_trigger.py
[2025-02-15T17:43:28.585+0000] {logging_mixin.py:154} INFO - [2025-02-15T17:43:28.583+0000] {dag.py:2941} INFO - Sync 1 DAGs
[2025-02-15T17:43:28.679+0000] {logging_mixin.py:154} INFO - [2025-02-15T17:43:28.679+0000] {dag.py:3722} INFO - Setting next_dagrun for latest_only_with_trigger to 2025-02-15T13:43:28.678499+00:00, run_after=2025-02-15T17:43:28.678499+00:00
[2025-02-15T17:43:28.763+0000] {processor.py:179} INFO - Processing /home/airflow/.local/lib/python3.8/site-packages/airflow/example_dags/example_latest_only_with_trigger.py took 0.327 seconds
[2025-02-15T17:43:59.278+0000] {processor.py:157} INFO - Started process (PID=5047) to work on /home/airflow/.local/lib/python3.8/site-packages/airflow/example_dags/example_latest_only_with_trigger.py
[2025-02-15T17:43:59.281+0000] {processor.py:829} INFO - Processing file /home/airflow/.local/lib/python3.8/site-packages/airflow/example_dags/example_latest_only_with_trigger.py for tasks to queue
[2025-02-15T17:43:59.284+0000] {logging_mixin.py:154} INFO - [2025-02-15T17:43:59.283+0000] {dagbag.py:536} INFO - Filling up the DagBag from /home/airflow/.local/lib/python3.8/site-packages/airflow/example_dags/example_latest_only_with_trigger.py
[2025-02-15T17:43:59.305+0000] {processor.py:839} INFO - DAG(s) dict_keys(['latest_only_with_trigger']) retrieved from /home/airflow/.local/lib/python3.8/site-packages/airflow/example_dags/example_latest_only_with_trigger.py
[2025-02-15T17:43:59.367+0000] {logging_mixin.py:154} INFO - [2025-02-15T17:43:59.367+0000] {dag.py:2941} INFO - Sync 1 DAGs
[2025-02-15T17:43:59.433+0000] {logging_mixin.py:154} INFO - [2025-02-15T17:43:59.433+0000] {dag.py:3722} INFO - Setting next_dagrun for latest_only_with_trigger to 2025-02-15T13:43:59.432698+00:00, run_after=2025-02-15T17:43:59.432698+00:00
[2025-02-15T17:43:59.482+0000] {processor.py:179} INFO - Processing /home/airflow/.local/lib/python3.8/site-packages/airflow/example_dags/example_latest_only_with_trigger.py took 0.213 seconds
[2025-02-15T17:44:29.858+0000] {processor.py:157} INFO - Started process (PID=5287) to work on /home/airflow/.local/lib/python3.8/site-packages/airflow/example_dags/example_latest_only_with_trigger.py
[2025-02-15T17:44:29.861+0000] {processor.py:829} INFO - Processing file /home/airflow/.local/lib/python3.8/site-packages/airflow/example_dags/example_latest_only_with_trigger.py for tasks to queue
[2025-02-15T17:44:29.863+0000] {logging_mixin.py:154} INFO - [2025-02-15T17:44:29.862+0000] {dagbag.py:536} INFO - Filling up the DagBag from /home/airflow/.local/lib/python3.8/site-packages/airflow/example_dags/example_latest_only_with_trigger.py
[2025-02-15T17:44:29.880+0000] {processor.py:839} INFO - DAG(s) dict_keys(['latest_only_with_trigger']) retrieved from /home/airflow/.local/lib/python3.8/site-packages/airflow/example_dags/example_latest_only_with_trigger.py
[2025-02-15T17:44:29.952+0000] {logging_mixin.py:154} INFO - [2025-02-15T17:44:29.949+0000] {dag.py:2941} INFO - Sync 1 DAGs
[2025-02-15T17:44:30.042+0000] {logging_mixin.py:154} INFO - [2025-02-15T17:44:30.041+0000] {dag.py:3722} INFO - Setting next_dagrun for latest_only_with_trigger to 2025-02-15T13:44:30.041026+00:00, run_after=2025-02-15T17:44:30.041026+00:00
[2025-02-15T17:44:30.128+0000] {processor.py:179} INFO - Processing /home/airflow/.local/lib/python3.8/site-packages/airflow/example_dags/example_latest_only_with_trigger.py took 0.278 seconds
[2025-02-15T17:45:00.635+0000] {processor.py:157} INFO - Started process (PID=5522) to work on /home/airflow/.local/lib/python3.8/site-packages/airflow/example_dags/example_latest_only_with_trigger.py
[2025-02-15T17:45:00.641+0000] {processor.py:829} INFO - Processing file /home/airflow/.local/lib/python3.8/site-packages/airflow/example_dags/example_latest_only_with_trigger.py for tasks to queue
[2025-02-15T17:45:00.643+0000] {logging_mixin.py:154} INFO - [2025-02-15T17:45:00.642+0000] {dagbag.py:536} INFO - Filling up the DagBag from /home/airflow/.local/lib/python3.8/site-packages/airflow/example_dags/example_latest_only_with_trigger.py
[2025-02-15T17:45:00.679+0000] {processor.py:839} INFO - DAG(s) dict_keys(['latest_only_with_trigger']) retrieved from /home/airflow/.local/lib/python3.8/site-packages/airflow/example_dags/example_latest_only_with_trigger.py
[2025-02-15T17:45:00.782+0000] {logging_mixin.py:154} INFO - [2025-02-15T17:45:00.782+0000] {dag.py:2941} INFO - Sync 1 DAGs
[2025-02-15T17:45:00.905+0000] {logging_mixin.py:154} INFO - [2025-02-15T17:45:00.901+0000] {dag.py:3722} INFO - Setting next_dagrun for latest_only_with_trigger to 2025-02-15T13:45:00.901227+00:00, run_after=2025-02-15T17:45:00.901227+00:00
[2025-02-15T17:45:01.034+0000] {processor.py:179} INFO - Processing /home/airflow/.local/lib/python3.8/site-packages/airflow/example_dags/example_latest_only_with_trigger.py took 0.414 seconds
[2025-02-15T17:45:31.236+0000] {processor.py:157} INFO - Started process (PID=5754) to work on /home/airflow/.local/lib/python3.8/site-packages/airflow/example_dags/example_latest_only_with_trigger.py
[2025-02-15T17:45:31.238+0000] {processor.py:829} INFO - Processing file /home/airflow/.local/lib/python3.8/site-packages/airflow/example_dags/example_latest_only_with_trigger.py for tasks to queue
[2025-02-15T17:45:31.240+0000] {logging_mixin.py:154} INFO - [2025-02-15T17:45:31.240+0000] {dagbag.py:536} INFO - Filling up the DagBag from /home/airflow/.local/lib/python3.8/site-packages/airflow/example_dags/example_latest_only_with_trigger.py
[2025-02-15T17:45:31.268+0000] {processor.py:839} INFO - DAG(s) dict_keys(['latest_only_with_trigger']) retrieved from /home/airflow/.local/lib/python3.8/site-packages/airflow/example_dags/example_latest_only_with_trigger.py
[2025-02-15T17:45:31.338+0000] {logging_mixin.py:154} INFO - [2025-02-15T17:45:31.338+0000] {dag.py:2941} INFO - Sync 1 DAGs
[2025-02-15T17:45:31.404+0000] {logging_mixin.py:154} INFO - [2025-02-15T17:45:31.404+0000] {dag.py:3722} INFO - Setting next_dagrun for latest_only_with_trigger to 2025-02-15T13:45:31.403480+00:00, run_after=2025-02-15T17:45:31.403480+00:00
[2025-02-15T17:45:31.456+0000] {processor.py:179} INFO - Processing /home/airflow/.local/lib/python3.8/site-packages/airflow/example_dags/example_latest_only_with_trigger.py took 0.232 seconds
[2025-02-15T17:46:01.888+0000] {processor.py:157} INFO - Started process (PID=5992) to work on /home/airflow/.local/lib/python3.8/site-packages/airflow/example_dags/example_latest_only_with_trigger.py
[2025-02-15T17:46:01.894+0000] {processor.py:829} INFO - Processing file /home/airflow/.local/lib/python3.8/site-packages/airflow/example_dags/example_latest_only_with_trigger.py for tasks to queue
[2025-02-15T17:46:01.903+0000] {logging_mixin.py:154} INFO - [2025-02-15T17:46:01.900+0000] {dagbag.py:536} INFO - Filling up the DagBag from /home/airflow/.local/lib/python3.8/site-packages/airflow/example_dags/example_latest_only_with_trigger.py
[2025-02-15T17:46:01.949+0000] {processor.py:839} INFO - DAG(s) dict_keys(['latest_only_with_trigger']) retrieved from /home/airflow/.local/lib/python3.8/site-packages/airflow/example_dags/example_latest_only_with_trigger.py
[2025-02-15T17:46:02.042+0000] {logging_mixin.py:154} INFO - [2025-02-15T17:46:02.042+0000] {dag.py:2941} INFO - Sync 1 DAGs
[2025-02-15T17:46:02.190+0000] {logging_mixin.py:154} INFO - [2025-02-15T17:46:02.187+0000] {dag.py:3722} INFO - Setting next_dagrun for latest_only_with_trigger to 2025-02-15T13:46:02.186656+00:00, run_after=2025-02-15T17:46:02.186656+00:00
[2025-02-15T17:46:02.260+0000] {processor.py:179} INFO - Processing /home/airflow/.local/lib/python3.8/site-packages/airflow/example_dags/example_latest_only_with_trigger.py took 0.390 seconds
