[2025-02-15T17:17:04.162+0000] {processor.py:157} INFO - Started process (PID=409) to work on /home/airflow/.local/lib/python3.8/site-packages/airflow/example_dags/example_branch_day_of_week_operator.py
[2025-02-15T17:17:04.164+0000] {processor.py:829} INFO - Processing file /home/airflow/.local/lib/python3.8/site-packages/airflow/example_dags/example_branch_day_of_week_operator.py for tasks to queue
[2025-02-15T17:17:04.166+0000] {logging_mixin.py:154} INFO - [2025-02-15T17:17:04.165+0000] {dagbag.py:536} INFO - Filling up the DagBag from /home/airflow/.local/lib/python3.8/site-packages/airflow/example_dags/example_branch_day_of_week_operator.py
[2025-02-15T17:17:04.189+0000] {processor.py:839} INFO - DAG(s) dict_keys(['example_weekday_branch_operator']) retrieved from /home/airflow/.local/lib/python3.8/site-packages/airflow/example_dags/example_branch_day_of_week_operator.py
[2025-02-15T17:17:04.261+0000] {logging_mixin.py:154} INFO - [2025-02-15T17:17:04.261+0000] {dag.py:2941} INFO - Sync 1 DAGs
[2025-02-15T17:17:04.324+0000] {logging_mixin.py:154} INFO - [2025-02-15T17:17:04.323+0000] {dag.py:3722} INFO - Setting next_dagrun for example_weekday_branch_operator to 2025-02-14T00:00:00+00:00, run_after=2025-02-15T00:00:00+00:00
[2025-02-15T17:17:04.387+0000] {processor.py:179} INFO - Processing /home/airflow/.local/lib/python3.8/site-packages/airflow/example_dags/example_branch_day_of_week_operator.py took 0.234 seconds
[2025-02-15T17:17:49.240+0000] {processor.py:157} INFO - Started process (PID=654) to work on /home/airflow/.local/lib/python3.8/site-packages/airflow/example_dags/example_branch_day_of_week_operator.py
[2025-02-15T17:17:49.245+0000] {processor.py:829} INFO - Processing file /home/airflow/.local/lib/python3.8/site-packages/airflow/example_dags/example_branch_day_of_week_operator.py for tasks to queue
[2025-02-15T17:17:49.256+0000] {logging_mixin.py:154} INFO - [2025-02-15T17:17:49.255+0000] {dagbag.py:536} INFO - Filling up the DagBag from /home/airflow/.local/lib/python3.8/site-packages/airflow/example_dags/example_branch_day_of_week_operator.py
[2025-02-15T17:17:49.309+0000] {processor.py:839} INFO - DAG(s) dict_keys(['example_weekday_branch_operator']) retrieved from /home/airflow/.local/lib/python3.8/site-packages/airflow/example_dags/example_branch_day_of_week_operator.py
[2025-02-15T17:17:49.539+0000] {logging_mixin.py:154} INFO - [2025-02-15T17:17:49.532+0000] {dag.py:2941} INFO - Sync 1 DAGs
[2025-02-15T17:17:49.808+0000] {logging_mixin.py:154} INFO - [2025-02-15T17:17:49.807+0000] {dag.py:3722} INFO - Setting next_dagrun for example_weekday_branch_operator to 2025-02-14T00:00:00+00:00, run_after=2025-02-15T00:00:00+00:00
[2025-02-15T17:17:50.003+0000] {processor.py:179} INFO - Processing /home/airflow/.local/lib/python3.8/site-packages/airflow/example_dags/example_branch_day_of_week_operator.py took 0.784 seconds
[2025-02-15T17:18:23.077+0000] {processor.py:157} INFO - Started process (PID=891) to work on /home/airflow/.local/lib/python3.8/site-packages/airflow/example_dags/example_branch_day_of_week_operator.py
[2025-02-15T17:18:23.084+0000] {processor.py:829} INFO - Processing file /home/airflow/.local/lib/python3.8/site-packages/airflow/example_dags/example_branch_day_of_week_operator.py for tasks to queue
[2025-02-15T17:18:23.093+0000] {logging_mixin.py:154} INFO - [2025-02-15T17:18:23.088+0000] {dagbag.py:536} INFO - Filling up the DagBag from /home/airflow/.local/lib/python3.8/site-packages/airflow/example_dags/example_branch_day_of_week_operator.py
[2025-02-15T17:18:23.151+0000] {processor.py:839} INFO - DAG(s) dict_keys(['example_weekday_branch_operator']) retrieved from /home/airflow/.local/lib/python3.8/site-packages/airflow/example_dags/example_branch_day_of_week_operator.py
[2025-02-15T17:18:23.335+0000] {logging_mixin.py:154} INFO - [2025-02-15T17:18:23.332+0000] {dag.py:2941} INFO - Sync 1 DAGs
[2025-02-15T17:18:23.544+0000] {logging_mixin.py:154} INFO - [2025-02-15T17:18:23.544+0000] {dag.py:3722} INFO - Setting next_dagrun for example_weekday_branch_operator to 2025-02-14T00:00:00+00:00, run_after=2025-02-15T00:00:00+00:00
[2025-02-15T17:18:23.620+0000] {processor.py:179} INFO - Processing /home/airflow/.local/lib/python3.8/site-packages/airflow/example_dags/example_branch_day_of_week_operator.py took 0.578 seconds
[2025-02-15T17:18:56.303+0000] {processor.py:157} INFO - Started process (PID=1129) to work on /home/airflow/.local/lib/python3.8/site-packages/airflow/example_dags/example_branch_day_of_week_operator.py
[2025-02-15T17:18:56.312+0000] {processor.py:829} INFO - Processing file /home/airflow/.local/lib/python3.8/site-packages/airflow/example_dags/example_branch_day_of_week_operator.py for tasks to queue
[2025-02-15T17:18:56.341+0000] {logging_mixin.py:154} INFO - [2025-02-15T17:18:56.336+0000] {dagbag.py:536} INFO - Filling up the DagBag from /home/airflow/.local/lib/python3.8/site-packages/airflow/example_dags/example_branch_day_of_week_operator.py
[2025-02-15T17:18:56.523+0000] {processor.py:839} INFO - DAG(s) dict_keys(['example_weekday_branch_operator']) retrieved from /home/airflow/.local/lib/python3.8/site-packages/airflow/example_dags/example_branch_day_of_week_operator.py
[2025-02-15T17:18:56.860+0000] {logging_mixin.py:154} INFO - [2025-02-15T17:18:56.860+0000] {dag.py:2941} INFO - Sync 1 DAGs
[2025-02-15T17:18:57.178+0000] {logging_mixin.py:154} INFO - [2025-02-15T17:18:57.174+0000] {dag.py:3722} INFO - Setting next_dagrun for example_weekday_branch_operator to 2025-02-14T00:00:00+00:00, run_after=2025-02-15T00:00:00+00:00
[2025-02-15T17:18:57.359+0000] {processor.py:179} INFO - Processing /home/airflow/.local/lib/python3.8/site-packages/airflow/example_dags/example_branch_day_of_week_operator.py took 1.108 seconds
[2025-02-15T17:19:33.958+0000] {processor.py:157} INFO - Started process (PID=1367) to work on /home/airflow/.local/lib/python3.8/site-packages/airflow/example_dags/example_branch_day_of_week_operator.py
[2025-02-15T17:19:33.963+0000] {processor.py:829} INFO - Processing file /home/airflow/.local/lib/python3.8/site-packages/airflow/example_dags/example_branch_day_of_week_operator.py for tasks to queue
[2025-02-15T17:19:33.967+0000] {logging_mixin.py:154} INFO - [2025-02-15T17:19:33.966+0000] {dagbag.py:536} INFO - Filling up the DagBag from /home/airflow/.local/lib/python3.8/site-packages/airflow/example_dags/example_branch_day_of_week_operator.py
[2025-02-15T17:19:34.017+0000] {processor.py:839} INFO - DAG(s) dict_keys(['example_weekday_branch_operator']) retrieved from /home/airflow/.local/lib/python3.8/site-packages/airflow/example_dags/example_branch_day_of_week_operator.py
[2025-02-15T17:19:34.414+0000] {logging_mixin.py:154} INFO - [2025-02-15T17:19:34.409+0000] {dag.py:2941} INFO - Sync 1 DAGs
[2025-02-15T17:19:34.755+0000] {logging_mixin.py:154} INFO - [2025-02-15T17:19:34.753+0000] {dag.py:3722} INFO - Setting next_dagrun for example_weekday_branch_operator to 2025-02-14T00:00:00+00:00, run_after=2025-02-15T00:00:00+00:00
[2025-02-15T17:19:34.881+0000] {processor.py:179} INFO - Processing /home/airflow/.local/lib/python3.8/site-packages/airflow/example_dags/example_branch_day_of_week_operator.py took 0.946 seconds
[2025-02-15T17:20:10.396+0000] {processor.py:157} INFO - Started process (PID=1605) to work on /home/airflow/.local/lib/python3.8/site-packages/airflow/example_dags/example_branch_day_of_week_operator.py
[2025-02-15T17:20:10.410+0000] {processor.py:829} INFO - Processing file /home/airflow/.local/lib/python3.8/site-packages/airflow/example_dags/example_branch_day_of_week_operator.py for tasks to queue
[2025-02-15T17:20:10.439+0000] {logging_mixin.py:154} INFO - [2025-02-15T17:20:10.424+0000] {dagbag.py:536} INFO - Filling up the DagBag from /home/airflow/.local/lib/python3.8/site-packages/airflow/example_dags/example_branch_day_of_week_operator.py
[2025-02-15T17:20:10.503+0000] {processor.py:839} INFO - DAG(s) dict_keys(['example_weekday_branch_operator']) retrieved from /home/airflow/.local/lib/python3.8/site-packages/airflow/example_dags/example_branch_day_of_week_operator.py
[2025-02-15T17:20:10.586+0000] {logging_mixin.py:154} INFO - [2025-02-15T17:20:10.585+0000] {dag.py:2941} INFO - Sync 1 DAGs
[2025-02-15T17:20:10.850+0000] {logging_mixin.py:154} INFO - [2025-02-15T17:20:10.850+0000] {dag.py:3722} INFO - Setting next_dagrun for example_weekday_branch_operator to 2025-02-14T00:00:00+00:00, run_after=2025-02-15T00:00:00+00:00
[2025-02-15T17:20:10.982+0000] {processor.py:179} INFO - Processing /home/airflow/.local/lib/python3.8/site-packages/airflow/example_dags/example_branch_day_of_week_operator.py took 0.615 seconds
[2025-02-15T17:20:41.407+0000] {processor.py:157} INFO - Started process (PID=1843) to work on /home/airflow/.local/lib/python3.8/site-packages/airflow/example_dags/example_branch_day_of_week_operator.py
[2025-02-15T17:20:41.410+0000] {processor.py:829} INFO - Processing file /home/airflow/.local/lib/python3.8/site-packages/airflow/example_dags/example_branch_day_of_week_operator.py for tasks to queue
[2025-02-15T17:20:41.415+0000] {logging_mixin.py:154} INFO - [2025-02-15T17:20:41.414+0000] {dagbag.py:536} INFO - Filling up the DagBag from /home/airflow/.local/lib/python3.8/site-packages/airflow/example_dags/example_branch_day_of_week_operator.py
[2025-02-15T17:20:41.468+0000] {processor.py:839} INFO - DAG(s) dict_keys(['example_weekday_branch_operator']) retrieved from /home/airflow/.local/lib/python3.8/site-packages/airflow/example_dags/example_branch_day_of_week_operator.py
[2025-02-15T17:20:41.627+0000] {logging_mixin.py:154} INFO - [2025-02-15T17:20:41.626+0000] {dag.py:2941} INFO - Sync 1 DAGs
[2025-02-15T17:20:41.857+0000] {logging_mixin.py:154} INFO - [2025-02-15T17:20:41.857+0000] {dag.py:3722} INFO - Setting next_dagrun for example_weekday_branch_operator to 2025-02-14T00:00:00+00:00, run_after=2025-02-15T00:00:00+00:00
[2025-02-15T17:20:42.061+0000] {processor.py:179} INFO - Processing /home/airflow/.local/lib/python3.8/site-packages/airflow/example_dags/example_branch_day_of_week_operator.py took 0.680 seconds
[2025-02-15T17:21:12.449+0000] {processor.py:157} INFO - Started process (PID=2076) to work on /home/airflow/.local/lib/python3.8/site-packages/airflow/example_dags/example_branch_day_of_week_operator.py
[2025-02-15T17:21:12.462+0000] {processor.py:829} INFO - Processing file /home/airflow/.local/lib/python3.8/site-packages/airflow/example_dags/example_branch_day_of_week_operator.py for tasks to queue
[2025-02-15T17:21:12.472+0000] {logging_mixin.py:154} INFO - [2025-02-15T17:21:12.467+0000] {dagbag.py:536} INFO - Filling up the DagBag from /home/airflow/.local/lib/python3.8/site-packages/airflow/example_dags/example_branch_day_of_week_operator.py
[2025-02-15T17:21:12.596+0000] {processor.py:839} INFO - DAG(s) dict_keys(['example_weekday_branch_operator']) retrieved from /home/airflow/.local/lib/python3.8/site-packages/airflow/example_dags/example_branch_day_of_week_operator.py
[2025-02-15T17:21:12.751+0000] {logging_mixin.py:154} INFO - [2025-02-15T17:21:12.750+0000] {dag.py:2941} INFO - Sync 1 DAGs
[2025-02-15T17:21:12.852+0000] {logging_mixin.py:154} INFO - [2025-02-15T17:21:12.851+0000] {dag.py:3722} INFO - Setting next_dagrun for example_weekday_branch_operator to 2025-02-14T00:00:00+00:00, run_after=2025-02-15T00:00:00+00:00
[2025-02-15T17:21:12.954+0000] {processor.py:179} INFO - Processing /home/airflow/.local/lib/python3.8/site-packages/airflow/example_dags/example_branch_day_of_week_operator.py took 0.552 seconds
[2025-02-15T17:21:44.225+0000] {processor.py:157} INFO - Started process (PID=2319) to work on /home/airflow/.local/lib/python3.8/site-packages/airflow/example_dags/example_branch_day_of_week_operator.py
[2025-02-15T17:21:44.231+0000] {processor.py:829} INFO - Processing file /home/airflow/.local/lib/python3.8/site-packages/airflow/example_dags/example_branch_day_of_week_operator.py for tasks to queue
[2025-02-15T17:21:44.240+0000] {logging_mixin.py:154} INFO - [2025-02-15T17:21:44.237+0000] {dagbag.py:536} INFO - Filling up the DagBag from /home/airflow/.local/lib/python3.8/site-packages/airflow/example_dags/example_branch_day_of_week_operator.py
[2025-02-15T17:21:44.316+0000] {processor.py:839} INFO - DAG(s) dict_keys(['example_weekday_branch_operator']) retrieved from /home/airflow/.local/lib/python3.8/site-packages/airflow/example_dags/example_branch_day_of_week_operator.py
[2025-02-15T17:21:44.594+0000] {logging_mixin.py:154} INFO - [2025-02-15T17:21:44.589+0000] {dag.py:2941} INFO - Sync 1 DAGs
[2025-02-15T17:21:44.918+0000] {logging_mixin.py:154} INFO - [2025-02-15T17:21:44.917+0000] {dag.py:3722} INFO - Setting next_dagrun for example_weekday_branch_operator to 2025-02-14T00:00:00+00:00, run_after=2025-02-15T00:00:00+00:00
[2025-02-15T17:21:45.170+0000] {processor.py:179} INFO - Processing /home/airflow/.local/lib/python3.8/site-packages/airflow/example_dags/example_branch_day_of_week_operator.py took 0.973 seconds
[2025-02-15T17:22:18.981+0000] {processor.py:157} INFO - Started process (PID=2566) to work on /home/airflow/.local/lib/python3.8/site-packages/airflow/example_dags/example_branch_day_of_week_operator.py
[2025-02-15T17:22:18.983+0000] {processor.py:829} INFO - Processing file /home/airflow/.local/lib/python3.8/site-packages/airflow/example_dags/example_branch_day_of_week_operator.py for tasks to queue
[2025-02-15T17:22:18.987+0000] {logging_mixin.py:154} INFO - [2025-02-15T17:22:18.985+0000] {dagbag.py:536} INFO - Filling up the DagBag from /home/airflow/.local/lib/python3.8/site-packages/airflow/example_dags/example_branch_day_of_week_operator.py
[2025-02-15T17:22:19.016+0000] {processor.py:839} INFO - DAG(s) dict_keys(['example_weekday_branch_operator']) retrieved from /home/airflow/.local/lib/python3.8/site-packages/airflow/example_dags/example_branch_day_of_week_operator.py
[2025-02-15T17:22:19.107+0000] {logging_mixin.py:154} INFO - [2025-02-15T17:22:19.106+0000] {dag.py:2941} INFO - Sync 1 DAGs
[2025-02-15T17:22:19.212+0000] {logging_mixin.py:154} INFO - [2025-02-15T17:22:19.211+0000] {dag.py:3722} INFO - Setting next_dagrun for example_weekday_branch_operator to 2025-02-14T00:00:00+00:00, run_after=2025-02-15T00:00:00+00:00
[2025-02-15T17:22:19.366+0000] {processor.py:179} INFO - Processing /home/airflow/.local/lib/python3.8/site-packages/airflow/example_dags/example_branch_day_of_week_operator.py took 0.396 seconds
[2025-02-15T17:22:50.664+0000] {processor.py:157} INFO - Started process (PID=2796) to work on /home/airflow/.local/lib/python3.8/site-packages/airflow/example_dags/example_branch_day_of_week_operator.py
[2025-02-15T17:22:50.669+0000] {processor.py:829} INFO - Processing file /home/airflow/.local/lib/python3.8/site-packages/airflow/example_dags/example_branch_day_of_week_operator.py for tasks to queue
[2025-02-15T17:22:50.675+0000] {logging_mixin.py:154} INFO - [2025-02-15T17:22:50.674+0000] {dagbag.py:536} INFO - Filling up the DagBag from /home/airflow/.local/lib/python3.8/site-packages/airflow/example_dags/example_branch_day_of_week_operator.py
[2025-02-15T17:22:50.742+0000] {processor.py:839} INFO - DAG(s) dict_keys(['example_weekday_branch_operator']) retrieved from /home/airflow/.local/lib/python3.8/site-packages/airflow/example_dags/example_branch_day_of_week_operator.py
[2025-02-15T17:22:50.807+0000] {logging_mixin.py:154} INFO - [2025-02-15T17:22:50.806+0000] {dag.py:2941} INFO - Sync 1 DAGs
[2025-02-15T17:22:51.002+0000] {logging_mixin.py:154} INFO - [2025-02-15T17:22:51.001+0000] {dag.py:3722} INFO - Setting next_dagrun for example_weekday_branch_operator to 2025-02-14T00:00:00+00:00, run_after=2025-02-15T00:00:00+00:00
[2025-02-15T17:22:51.224+0000] {processor.py:179} INFO - Processing /home/airflow/.local/lib/python3.8/site-packages/airflow/example_dags/example_branch_day_of_week_operator.py took 0.614 seconds
[2025-02-15T17:23:22.472+0000] {processor.py:157} INFO - Started process (PID=3036) to work on /home/airflow/.local/lib/python3.8/site-packages/airflow/example_dags/example_branch_day_of_week_operator.py
[2025-02-15T17:23:22.475+0000] {processor.py:829} INFO - Processing file /home/airflow/.local/lib/python3.8/site-packages/airflow/example_dags/example_branch_day_of_week_operator.py for tasks to queue
[2025-02-15T17:23:22.477+0000] {logging_mixin.py:154} INFO - [2025-02-15T17:23:22.476+0000] {dagbag.py:536} INFO - Filling up the DagBag from /home/airflow/.local/lib/python3.8/site-packages/airflow/example_dags/example_branch_day_of_week_operator.py
[2025-02-15T17:23:22.505+0000] {processor.py:839} INFO - DAG(s) dict_keys(['example_weekday_branch_operator']) retrieved from /home/airflow/.local/lib/python3.8/site-packages/airflow/example_dags/example_branch_day_of_week_operator.py
[2025-02-15T17:23:22.581+0000] {logging_mixin.py:154} INFO - [2025-02-15T17:23:22.581+0000] {dag.py:2941} INFO - Sync 1 DAGs
[2025-02-15T17:23:22.662+0000] {logging_mixin.py:154} INFO - [2025-02-15T17:23:22.661+0000] {dag.py:3722} INFO - Setting next_dagrun for example_weekday_branch_operator to 2025-02-14T00:00:00+00:00, run_after=2025-02-15T00:00:00+00:00
[2025-02-15T17:23:22.714+0000] {processor.py:179} INFO - Processing /home/airflow/.local/lib/python3.8/site-packages/airflow/example_dags/example_branch_day_of_week_operator.py took 0.251 seconds
[2025-02-15T17:23:53.009+0000] {processor.py:157} INFO - Started process (PID=3274) to work on /home/airflow/.local/lib/python3.8/site-packages/airflow/example_dags/example_branch_day_of_week_operator.py
[2025-02-15T17:23:53.013+0000] {processor.py:829} INFO - Processing file /home/airflow/.local/lib/python3.8/site-packages/airflow/example_dags/example_branch_day_of_week_operator.py for tasks to queue
[2025-02-15T17:23:53.017+0000] {logging_mixin.py:154} INFO - [2025-02-15T17:23:53.016+0000] {dagbag.py:536} INFO - Filling up the DagBag from /home/airflow/.local/lib/python3.8/site-packages/airflow/example_dags/example_branch_day_of_week_operator.py
[2025-02-15T17:23:53.044+0000] {processor.py:839} INFO - DAG(s) dict_keys(['example_weekday_branch_operator']) retrieved from /home/airflow/.local/lib/python3.8/site-packages/airflow/example_dags/example_branch_day_of_week_operator.py
[2025-02-15T17:23:53.115+0000] {logging_mixin.py:154} INFO - [2025-02-15T17:23:53.115+0000] {dag.py:2941} INFO - Sync 1 DAGs
[2025-02-15T17:23:53.191+0000] {logging_mixin.py:154} INFO - [2025-02-15T17:23:53.191+0000] {dag.py:3722} INFO - Setting next_dagrun for example_weekday_branch_operator to 2025-02-14T00:00:00+00:00, run_after=2025-02-15T00:00:00+00:00
[2025-02-15T17:23:53.244+0000] {processor.py:179} INFO - Processing /home/airflow/.local/lib/python3.8/site-packages/airflow/example_dags/example_branch_day_of_week_operator.py took 0.249 seconds
[2025-02-15T17:28:12.983+0000] {processor.py:157} INFO - Started process (PID=406) to work on /home/airflow/.local/lib/python3.8/site-packages/airflow/example_dags/example_branch_day_of_week_operator.py
[2025-02-15T17:28:12.990+0000] {processor.py:829} INFO - Processing file /home/airflow/.local/lib/python3.8/site-packages/airflow/example_dags/example_branch_day_of_week_operator.py for tasks to queue
[2025-02-15T17:28:12.992+0000] {logging_mixin.py:154} INFO - [2025-02-15T17:28:12.991+0000] {dagbag.py:536} INFO - Filling up the DagBag from /home/airflow/.local/lib/python3.8/site-packages/airflow/example_dags/example_branch_day_of_week_operator.py
[2025-02-15T17:28:13.027+0000] {processor.py:839} INFO - DAG(s) dict_keys(['example_weekday_branch_operator']) retrieved from /home/airflow/.local/lib/python3.8/site-packages/airflow/example_dags/example_branch_day_of_week_operator.py
[2025-02-15T17:28:13.094+0000] {logging_mixin.py:154} INFO - [2025-02-15T17:28:13.094+0000] {dag.py:2941} INFO - Sync 1 DAGs
[2025-02-15T17:28:13.190+0000] {logging_mixin.py:154} INFO - [2025-02-15T17:28:13.190+0000] {dag.py:3722} INFO - Setting next_dagrun for example_weekday_branch_operator to 2025-02-14T00:00:00+00:00, run_after=2025-02-15T00:00:00+00:00
[2025-02-15T17:28:13.276+0000] {processor.py:179} INFO - Processing /home/airflow/.local/lib/python3.8/site-packages/airflow/example_dags/example_branch_day_of_week_operator.py took 0.308 seconds
[2025-02-15T17:33:51.345+0000] {processor.py:157} INFO - Started process (PID=407) to work on /home/airflow/.local/lib/python3.8/site-packages/airflow/example_dags/example_branch_day_of_week_operator.py
[2025-02-15T17:33:51.348+0000] {processor.py:829} INFO - Processing file /home/airflow/.local/lib/python3.8/site-packages/airflow/example_dags/example_branch_day_of_week_operator.py for tasks to queue
[2025-02-15T17:33:51.351+0000] {logging_mixin.py:154} INFO - [2025-02-15T17:33:51.350+0000] {dagbag.py:536} INFO - Filling up the DagBag from /home/airflow/.local/lib/python3.8/site-packages/airflow/example_dags/example_branch_day_of_week_operator.py
[2025-02-15T17:33:51.376+0000] {processor.py:839} INFO - DAG(s) dict_keys(['example_weekday_branch_operator']) retrieved from /home/airflow/.local/lib/python3.8/site-packages/airflow/example_dags/example_branch_day_of_week_operator.py
[2025-02-15T17:33:51.447+0000] {logging_mixin.py:154} INFO - [2025-02-15T17:33:51.446+0000] {dag.py:2941} INFO - Sync 1 DAGs
[2025-02-15T17:33:51.516+0000] {logging_mixin.py:154} INFO - [2025-02-15T17:33:51.515+0000] {dag.py:3722} INFO - Setting next_dagrun for example_weekday_branch_operator to 2025-02-14T00:00:00+00:00, run_after=2025-02-15T00:00:00+00:00
[2025-02-15T17:33:51.583+0000] {processor.py:179} INFO - Processing /home/airflow/.local/lib/python3.8/site-packages/airflow/example_dags/example_branch_day_of_week_operator.py took 0.247 seconds
[2025-02-15T17:34:22.641+0000] {processor.py:157} INFO - Started process (PID=644) to work on /home/airflow/.local/lib/python3.8/site-packages/airflow/example_dags/example_branch_day_of_week_operator.py
[2025-02-15T17:34:22.645+0000] {processor.py:829} INFO - Processing file /home/airflow/.local/lib/python3.8/site-packages/airflow/example_dags/example_branch_day_of_week_operator.py for tasks to queue
[2025-02-15T17:34:22.647+0000] {logging_mixin.py:154} INFO - [2025-02-15T17:34:22.646+0000] {dagbag.py:536} INFO - Filling up the DagBag from /home/airflow/.local/lib/python3.8/site-packages/airflow/example_dags/example_branch_day_of_week_operator.py
[2025-02-15T17:34:22.670+0000] {processor.py:839} INFO - DAG(s) dict_keys(['example_weekday_branch_operator']) retrieved from /home/airflow/.local/lib/python3.8/site-packages/airflow/example_dags/example_branch_day_of_week_operator.py
[2025-02-15T17:34:22.755+0000] {logging_mixin.py:154} INFO - [2025-02-15T17:34:22.755+0000] {dag.py:2941} INFO - Sync 1 DAGs
[2025-02-15T17:34:22.843+0000] {logging_mixin.py:154} INFO - [2025-02-15T17:34:22.843+0000] {dag.py:3722} INFO - Setting next_dagrun for example_weekday_branch_operator to 2025-02-14T00:00:00+00:00, run_after=2025-02-15T00:00:00+00:00
[2025-02-15T17:34:22.905+0000] {processor.py:179} INFO - Processing /home/airflow/.local/lib/python3.8/site-packages/airflow/example_dags/example_branch_day_of_week_operator.py took 0.273 seconds
[2025-02-15T17:34:56.530+0000] {processor.py:157} INFO - Started process (PID=881) to work on /home/airflow/.local/lib/python3.8/site-packages/airflow/example_dags/example_branch_day_of_week_operator.py
[2025-02-15T17:34:56.534+0000] {processor.py:829} INFO - Processing file /home/airflow/.local/lib/python3.8/site-packages/airflow/example_dags/example_branch_day_of_week_operator.py for tasks to queue
[2025-02-15T17:34:56.540+0000] {logging_mixin.py:154} INFO - [2025-02-15T17:34:56.536+0000] {dagbag.py:536} INFO - Filling up the DagBag from /home/airflow/.local/lib/python3.8/site-packages/airflow/example_dags/example_branch_day_of_week_operator.py
[2025-02-15T17:34:56.574+0000] {processor.py:839} INFO - DAG(s) dict_keys(['example_weekday_branch_operator']) retrieved from /home/airflow/.local/lib/python3.8/site-packages/airflow/example_dags/example_branch_day_of_week_operator.py
[2025-02-15T17:34:56.658+0000] {logging_mixin.py:154} INFO - [2025-02-15T17:34:56.658+0000] {dag.py:2941} INFO - Sync 1 DAGs
[2025-02-15T17:34:56.750+0000] {logging_mixin.py:154} INFO - [2025-02-15T17:34:56.749+0000] {dag.py:3722} INFO - Setting next_dagrun for example_weekday_branch_operator to 2025-02-14T00:00:00+00:00, run_after=2025-02-15T00:00:00+00:00
[2025-02-15T17:34:56.810+0000] {processor.py:179} INFO - Processing /home/airflow/.local/lib/python3.8/site-packages/airflow/example_dags/example_branch_day_of_week_operator.py took 0.292 seconds
[2025-02-15T17:35:27.672+0000] {processor.py:157} INFO - Started process (PID=1120) to work on /home/airflow/.local/lib/python3.8/site-packages/airflow/example_dags/example_branch_day_of_week_operator.py
[2025-02-15T17:35:27.681+0000] {processor.py:829} INFO - Processing file /home/airflow/.local/lib/python3.8/site-packages/airflow/example_dags/example_branch_day_of_week_operator.py for tasks to queue
[2025-02-15T17:35:27.687+0000] {logging_mixin.py:154} INFO - [2025-02-15T17:35:27.686+0000] {dagbag.py:536} INFO - Filling up the DagBag from /home/airflow/.local/lib/python3.8/site-packages/airflow/example_dags/example_branch_day_of_week_operator.py
[2025-02-15T17:35:27.721+0000] {processor.py:839} INFO - DAG(s) dict_keys(['example_weekday_branch_operator']) retrieved from /home/airflow/.local/lib/python3.8/site-packages/airflow/example_dags/example_branch_day_of_week_operator.py
[2025-02-15T17:35:27.793+0000] {logging_mixin.py:154} INFO - [2025-02-15T17:35:27.792+0000] {dag.py:2941} INFO - Sync 1 DAGs
[2025-02-15T17:35:27.866+0000] {logging_mixin.py:154} INFO - [2025-02-15T17:35:27.866+0000] {dag.py:3722} INFO - Setting next_dagrun for example_weekday_branch_operator to 2025-02-14T00:00:00+00:00, run_after=2025-02-15T00:00:00+00:00
[2025-02-15T17:35:27.935+0000] {processor.py:179} INFO - Processing /home/airflow/.local/lib/python3.8/site-packages/airflow/example_dags/example_branch_day_of_week_operator.py took 0.280 seconds
[2025-02-15T17:35:58.186+0000] {processor.py:157} INFO - Started process (PID=1358) to work on /home/airflow/.local/lib/python3.8/site-packages/airflow/example_dags/example_branch_day_of_week_operator.py
[2025-02-15T17:35:58.191+0000] {processor.py:829} INFO - Processing file /home/airflow/.local/lib/python3.8/site-packages/airflow/example_dags/example_branch_day_of_week_operator.py for tasks to queue
[2025-02-15T17:35:58.197+0000] {logging_mixin.py:154} INFO - [2025-02-15T17:35:58.194+0000] {dagbag.py:536} INFO - Filling up the DagBag from /home/airflow/.local/lib/python3.8/site-packages/airflow/example_dags/example_branch_day_of_week_operator.py
[2025-02-15T17:35:58.232+0000] {processor.py:839} INFO - DAG(s) dict_keys(['example_weekday_branch_operator']) retrieved from /home/airflow/.local/lib/python3.8/site-packages/airflow/example_dags/example_branch_day_of_week_operator.py
[2025-02-15T17:35:58.294+0000] {logging_mixin.py:154} INFO - [2025-02-15T17:35:58.293+0000] {dag.py:2941} INFO - Sync 1 DAGs
[2025-02-15T17:35:58.374+0000] {logging_mixin.py:154} INFO - [2025-02-15T17:35:58.373+0000] {dag.py:3722} INFO - Setting next_dagrun for example_weekday_branch_operator to 2025-02-14T00:00:00+00:00, run_after=2025-02-15T00:00:00+00:00
[2025-02-15T17:35:58.417+0000] {processor.py:179} INFO - Processing /home/airflow/.local/lib/python3.8/site-packages/airflow/example_dags/example_branch_day_of_week_operator.py took 0.243 seconds
[2025-02-15T17:36:29.502+0000] {processor.py:157} INFO - Started process (PID=1614) to work on /home/airflow/.local/lib/python3.8/site-packages/airflow/example_dags/example_branch_day_of_week_operator.py
[2025-02-15T17:36:29.507+0000] {processor.py:829} INFO - Processing file /home/airflow/.local/lib/python3.8/site-packages/airflow/example_dags/example_branch_day_of_week_operator.py for tasks to queue
[2025-02-15T17:36:29.510+0000] {logging_mixin.py:154} INFO - [2025-02-15T17:36:29.509+0000] {dagbag.py:536} INFO - Filling up the DagBag from /home/airflow/.local/lib/python3.8/site-packages/airflow/example_dags/example_branch_day_of_week_operator.py
[2025-02-15T17:36:29.536+0000] {processor.py:839} INFO - DAG(s) dict_keys(['example_weekday_branch_operator']) retrieved from /home/airflow/.local/lib/python3.8/site-packages/airflow/example_dags/example_branch_day_of_week_operator.py
[2025-02-15T17:36:29.619+0000] {logging_mixin.py:154} INFO - [2025-02-15T17:36:29.619+0000] {dag.py:2941} INFO - Sync 1 DAGs
[2025-02-15T17:36:29.709+0000] {logging_mixin.py:154} INFO - [2025-02-15T17:36:29.708+0000] {dag.py:3722} INFO - Setting next_dagrun for example_weekday_branch_operator to 2025-02-14T00:00:00+00:00, run_after=2025-02-15T00:00:00+00:00
[2025-02-15T17:36:29.771+0000] {processor.py:179} INFO - Processing /home/airflow/.local/lib/python3.8/site-packages/airflow/example_dags/example_branch_day_of_week_operator.py took 0.280 seconds
[2025-02-15T17:37:00.403+0000] {processor.py:157} INFO - Started process (PID=1863) to work on /home/airflow/.local/lib/python3.8/site-packages/airflow/example_dags/example_branch_day_of_week_operator.py
[2025-02-15T17:37:00.406+0000] {processor.py:829} INFO - Processing file /home/airflow/.local/lib/python3.8/site-packages/airflow/example_dags/example_branch_day_of_week_operator.py for tasks to queue
[2025-02-15T17:37:00.408+0000] {logging_mixin.py:154} INFO - [2025-02-15T17:37:00.407+0000] {dagbag.py:536} INFO - Filling up the DagBag from /home/airflow/.local/lib/python3.8/site-packages/airflow/example_dags/example_branch_day_of_week_operator.py
[2025-02-15T17:37:00.437+0000] {processor.py:839} INFO - DAG(s) dict_keys(['example_weekday_branch_operator']) retrieved from /home/airflow/.local/lib/python3.8/site-packages/airflow/example_dags/example_branch_day_of_week_operator.py
[2025-02-15T17:37:00.529+0000] {logging_mixin.py:154} INFO - [2025-02-15T17:37:00.528+0000] {dag.py:2941} INFO - Sync 1 DAGs
[2025-02-15T17:37:00.611+0000] {logging_mixin.py:154} INFO - [2025-02-15T17:37:00.610+0000] {dag.py:3722} INFO - Setting next_dagrun for example_weekday_branch_operator to 2025-02-14T00:00:00+00:00, run_after=2025-02-15T00:00:00+00:00
[2025-02-15T17:37:00.663+0000] {processor.py:179} INFO - Processing /home/airflow/.local/lib/python3.8/site-packages/airflow/example_dags/example_branch_day_of_week_operator.py took 0.270 seconds
[2025-02-15T17:37:31.033+0000] {processor.py:157} INFO - Started process (PID=2101) to work on /home/airflow/.local/lib/python3.8/site-packages/airflow/example_dags/example_branch_day_of_week_operator.py
[2025-02-15T17:37:31.035+0000] {processor.py:829} INFO - Processing file /home/airflow/.local/lib/python3.8/site-packages/airflow/example_dags/example_branch_day_of_week_operator.py for tasks to queue
[2025-02-15T17:37:31.037+0000] {logging_mixin.py:154} INFO - [2025-02-15T17:37:31.036+0000] {dagbag.py:536} INFO - Filling up the DagBag from /home/airflow/.local/lib/python3.8/site-packages/airflow/example_dags/example_branch_day_of_week_operator.py
[2025-02-15T17:37:31.063+0000] {processor.py:839} INFO - DAG(s) dict_keys(['example_weekday_branch_operator']) retrieved from /home/airflow/.local/lib/python3.8/site-packages/airflow/example_dags/example_branch_day_of_week_operator.py
[2025-02-15T17:37:31.142+0000] {logging_mixin.py:154} INFO - [2025-02-15T17:37:31.141+0000] {dag.py:2941} INFO - Sync 1 DAGs
[2025-02-15T17:37:31.252+0000] {logging_mixin.py:154} INFO - [2025-02-15T17:37:31.252+0000] {dag.py:3722} INFO - Setting next_dagrun for example_weekday_branch_operator to 2025-02-14T00:00:00+00:00, run_after=2025-02-15T00:00:00+00:00
[2025-02-15T17:37:31.295+0000] {processor.py:179} INFO - Processing /home/airflow/.local/lib/python3.8/site-packages/airflow/example_dags/example_branch_day_of_week_operator.py took 0.272 seconds
[2025-02-15T17:38:01.891+0000] {processor.py:157} INFO - Started process (PID=2339) to work on /home/airflow/.local/lib/python3.8/site-packages/airflow/example_dags/example_branch_day_of_week_operator.py
[2025-02-15T17:38:01.895+0000] {processor.py:829} INFO - Processing file /home/airflow/.local/lib/python3.8/site-packages/airflow/example_dags/example_branch_day_of_week_operator.py for tasks to queue
[2025-02-15T17:38:01.897+0000] {logging_mixin.py:154} INFO - [2025-02-15T17:38:01.896+0000] {dagbag.py:536} INFO - Filling up the DagBag from /home/airflow/.local/lib/python3.8/site-packages/airflow/example_dags/example_branch_day_of_week_operator.py
[2025-02-15T17:38:01.919+0000] {processor.py:839} INFO - DAG(s) dict_keys(['example_weekday_branch_operator']) retrieved from /home/airflow/.local/lib/python3.8/site-packages/airflow/example_dags/example_branch_day_of_week_operator.py
[2025-02-15T17:38:01.987+0000] {logging_mixin.py:154} INFO - [2025-02-15T17:38:01.987+0000] {dag.py:2941} INFO - Sync 1 DAGs
[2025-02-15T17:38:02.058+0000] {logging_mixin.py:154} INFO - [2025-02-15T17:38:02.058+0000] {dag.py:3722} INFO - Setting next_dagrun for example_weekday_branch_operator to 2025-02-14T00:00:00+00:00, run_after=2025-02-15T00:00:00+00:00
[2025-02-15T17:38:02.107+0000] {processor.py:179} INFO - Processing /home/airflow/.local/lib/python3.8/site-packages/airflow/example_dags/example_branch_day_of_week_operator.py took 0.226 seconds
[2025-02-15T17:38:32.329+0000] {processor.py:157} INFO - Started process (PID=2577) to work on /home/airflow/.local/lib/python3.8/site-packages/airflow/example_dags/example_branch_day_of_week_operator.py
[2025-02-15T17:38:32.333+0000] {processor.py:829} INFO - Processing file /home/airflow/.local/lib/python3.8/site-packages/airflow/example_dags/example_branch_day_of_week_operator.py for tasks to queue
[2025-02-15T17:38:32.336+0000] {logging_mixin.py:154} INFO - [2025-02-15T17:38:32.335+0000] {dagbag.py:536} INFO - Filling up the DagBag from /home/airflow/.local/lib/python3.8/site-packages/airflow/example_dags/example_branch_day_of_week_operator.py
[2025-02-15T17:38:32.360+0000] {processor.py:839} INFO - DAG(s) dict_keys(['example_weekday_branch_operator']) retrieved from /home/airflow/.local/lib/python3.8/site-packages/airflow/example_dags/example_branch_day_of_week_operator.py
[2025-02-15T17:38:32.469+0000] {logging_mixin.py:154} INFO - [2025-02-15T17:38:32.468+0000] {dag.py:2941} INFO - Sync 1 DAGs
[2025-02-15T17:38:32.543+0000] {logging_mixin.py:154} INFO - [2025-02-15T17:38:32.543+0000] {dag.py:3722} INFO - Setting next_dagrun for example_weekday_branch_operator to 2025-02-14T00:00:00+00:00, run_after=2025-02-15T00:00:00+00:00
[2025-02-15T17:38:32.623+0000] {processor.py:179} INFO - Processing /home/airflow/.local/lib/python3.8/site-packages/airflow/example_dags/example_branch_day_of_week_operator.py took 0.307 seconds
[2025-02-15T17:39:03.203+0000] {processor.py:157} INFO - Started process (PID=2815) to work on /home/airflow/.local/lib/python3.8/site-packages/airflow/example_dags/example_branch_day_of_week_operator.py
[2025-02-15T17:39:03.206+0000] {processor.py:829} INFO - Processing file /home/airflow/.local/lib/python3.8/site-packages/airflow/example_dags/example_branch_day_of_week_operator.py for tasks to queue
[2025-02-15T17:39:03.208+0000] {logging_mixin.py:154} INFO - [2025-02-15T17:39:03.207+0000] {dagbag.py:536} INFO - Filling up the DagBag from /home/airflow/.local/lib/python3.8/site-packages/airflow/example_dags/example_branch_day_of_week_operator.py
[2025-02-15T17:39:03.229+0000] {processor.py:839} INFO - DAG(s) dict_keys(['example_weekday_branch_operator']) retrieved from /home/airflow/.local/lib/python3.8/site-packages/airflow/example_dags/example_branch_day_of_week_operator.py
[2025-02-15T17:39:03.313+0000] {logging_mixin.py:154} INFO - [2025-02-15T17:39:03.313+0000] {dag.py:2941} INFO - Sync 1 DAGs
[2025-02-15T17:39:03.392+0000] {logging_mixin.py:154} INFO - [2025-02-15T17:39:03.391+0000] {dag.py:3722} INFO - Setting next_dagrun for example_weekday_branch_operator to 2025-02-14T00:00:00+00:00, run_after=2025-02-15T00:00:00+00:00
[2025-02-15T17:39:03.470+0000] {processor.py:179} INFO - Processing /home/airflow/.local/lib/python3.8/site-packages/airflow/example_dags/example_branch_day_of_week_operator.py took 0.281 seconds
[2025-02-15T17:39:33.987+0000] {processor.py:157} INFO - Started process (PID=3055) to work on /home/airflow/.local/lib/python3.8/site-packages/airflow/example_dags/example_branch_day_of_week_operator.py
[2025-02-15T17:39:33.990+0000] {processor.py:829} INFO - Processing file /home/airflow/.local/lib/python3.8/site-packages/airflow/example_dags/example_branch_day_of_week_operator.py for tasks to queue
[2025-02-15T17:39:33.993+0000] {logging_mixin.py:154} INFO - [2025-02-15T17:39:33.992+0000] {dagbag.py:536} INFO - Filling up the DagBag from /home/airflow/.local/lib/python3.8/site-packages/airflow/example_dags/example_branch_day_of_week_operator.py
[2025-02-15T17:39:34.018+0000] {processor.py:839} INFO - DAG(s) dict_keys(['example_weekday_branch_operator']) retrieved from /home/airflow/.local/lib/python3.8/site-packages/airflow/example_dags/example_branch_day_of_week_operator.py
[2025-02-15T17:39:34.106+0000] {logging_mixin.py:154} INFO - [2025-02-15T17:39:34.105+0000] {dag.py:2941} INFO - Sync 1 DAGs
[2025-02-15T17:39:34.177+0000] {logging_mixin.py:154} INFO - [2025-02-15T17:39:34.177+0000] {dag.py:3722} INFO - Setting next_dagrun for example_weekday_branch_operator to 2025-02-14T00:00:00+00:00, run_after=2025-02-15T00:00:00+00:00
[2025-02-15T17:39:34.226+0000] {processor.py:179} INFO - Processing /home/airflow/.local/lib/python3.8/site-packages/airflow/example_dags/example_branch_day_of_week_operator.py took 0.249 seconds
[2025-02-15T17:40:04.425+0000] {processor.py:157} INFO - Started process (PID=3291) to work on /home/airflow/.local/lib/python3.8/site-packages/airflow/example_dags/example_branch_day_of_week_operator.py
[2025-02-15T17:40:04.428+0000] {processor.py:829} INFO - Processing file /home/airflow/.local/lib/python3.8/site-packages/airflow/example_dags/example_branch_day_of_week_operator.py for tasks to queue
[2025-02-15T17:40:04.430+0000] {logging_mixin.py:154} INFO - [2025-02-15T17:40:04.429+0000] {dagbag.py:536} INFO - Filling up the DagBag from /home/airflow/.local/lib/python3.8/site-packages/airflow/example_dags/example_branch_day_of_week_operator.py
[2025-02-15T17:40:04.453+0000] {processor.py:839} INFO - DAG(s) dict_keys(['example_weekday_branch_operator']) retrieved from /home/airflow/.local/lib/python3.8/site-packages/airflow/example_dags/example_branch_day_of_week_operator.py
[2025-02-15T17:40:04.534+0000] {logging_mixin.py:154} INFO - [2025-02-15T17:40:04.533+0000] {dag.py:2941} INFO - Sync 1 DAGs
[2025-02-15T17:40:04.614+0000] {logging_mixin.py:154} INFO - [2025-02-15T17:40:04.613+0000] {dag.py:3722} INFO - Setting next_dagrun for example_weekday_branch_operator to 2025-02-14T00:00:00+00:00, run_after=2025-02-15T00:00:00+00:00
[2025-02-15T17:40:04.672+0000] {processor.py:179} INFO - Processing /home/airflow/.local/lib/python3.8/site-packages/airflow/example_dags/example_branch_day_of_week_operator.py took 0.257 seconds
[2025-02-15T17:40:35.378+0000] {processor.py:157} INFO - Started process (PID=3529) to work on /home/airflow/.local/lib/python3.8/site-packages/airflow/example_dags/example_branch_day_of_week_operator.py
[2025-02-15T17:40:35.381+0000] {processor.py:829} INFO - Processing file /home/airflow/.local/lib/python3.8/site-packages/airflow/example_dags/example_branch_day_of_week_operator.py for tasks to queue
[2025-02-15T17:40:35.383+0000] {logging_mixin.py:154} INFO - [2025-02-15T17:40:35.382+0000] {dagbag.py:536} INFO - Filling up the DagBag from /home/airflow/.local/lib/python3.8/site-packages/airflow/example_dags/example_branch_day_of_week_operator.py
[2025-02-15T17:40:35.404+0000] {processor.py:839} INFO - DAG(s) dict_keys(['example_weekday_branch_operator']) retrieved from /home/airflow/.local/lib/python3.8/site-packages/airflow/example_dags/example_branch_day_of_week_operator.py
[2025-02-15T17:40:35.483+0000] {logging_mixin.py:154} INFO - [2025-02-15T17:40:35.483+0000] {dag.py:2941} INFO - Sync 1 DAGs
[2025-02-15T17:40:35.631+0000] {logging_mixin.py:154} INFO - [2025-02-15T17:40:35.631+0000] {dag.py:3722} INFO - Setting next_dagrun for example_weekday_branch_operator to 2025-02-14T00:00:00+00:00, run_after=2025-02-15T00:00:00+00:00
[2025-02-15T17:40:35.712+0000] {processor.py:179} INFO - Processing /home/airflow/.local/lib/python3.8/site-packages/airflow/example_dags/example_branch_day_of_week_operator.py took 0.344 seconds
[2025-02-15T17:41:05.957+0000] {processor.py:157} INFO - Started process (PID=3772) to work on /home/airflow/.local/lib/python3.8/site-packages/airflow/example_dags/example_branch_day_of_week_operator.py
[2025-02-15T17:41:05.961+0000] {processor.py:829} INFO - Processing file /home/airflow/.local/lib/python3.8/site-packages/airflow/example_dags/example_branch_day_of_week_operator.py for tasks to queue
[2025-02-15T17:41:05.963+0000] {logging_mixin.py:154} INFO - [2025-02-15T17:41:05.963+0000] {dagbag.py:536} INFO - Filling up the DagBag from /home/airflow/.local/lib/python3.8/site-packages/airflow/example_dags/example_branch_day_of_week_operator.py
[2025-02-15T17:41:05.987+0000] {processor.py:839} INFO - DAG(s) dict_keys(['example_weekday_branch_operator']) retrieved from /home/airflow/.local/lib/python3.8/site-packages/airflow/example_dags/example_branch_day_of_week_operator.py
[2025-02-15T17:41:06.064+0000] {logging_mixin.py:154} INFO - [2025-02-15T17:41:06.064+0000] {dag.py:2941} INFO - Sync 1 DAGs
[2025-02-15T17:41:06.143+0000] {logging_mixin.py:154} INFO - [2025-02-15T17:41:06.143+0000] {dag.py:3722} INFO - Setting next_dagrun for example_weekday_branch_operator to 2025-02-14T00:00:00+00:00, run_after=2025-02-15T00:00:00+00:00
[2025-02-15T17:41:06.195+0000] {processor.py:179} INFO - Processing /home/airflow/.local/lib/python3.8/site-packages/airflow/example_dags/example_branch_day_of_week_operator.py took 0.249 seconds
[2025-02-15T17:41:37.235+0000] {processor.py:157} INFO - Started process (PID=4010) to work on /home/airflow/.local/lib/python3.8/site-packages/airflow/example_dags/example_branch_day_of_week_operator.py
[2025-02-15T17:41:37.238+0000] {processor.py:829} INFO - Processing file /home/airflow/.local/lib/python3.8/site-packages/airflow/example_dags/example_branch_day_of_week_operator.py for tasks to queue
[2025-02-15T17:41:37.240+0000] {logging_mixin.py:154} INFO - [2025-02-15T17:41:37.239+0000] {dagbag.py:536} INFO - Filling up the DagBag from /home/airflow/.local/lib/python3.8/site-packages/airflow/example_dags/example_branch_day_of_week_operator.py
[2025-02-15T17:41:37.274+0000] {processor.py:839} INFO - DAG(s) dict_keys(['example_weekday_branch_operator']) retrieved from /home/airflow/.local/lib/python3.8/site-packages/airflow/example_dags/example_branch_day_of_week_operator.py
[2025-02-15T17:41:37.361+0000] {logging_mixin.py:154} INFO - [2025-02-15T17:41:37.361+0000] {dag.py:2941} INFO - Sync 1 DAGs
[2025-02-15T17:41:37.458+0000] {logging_mixin.py:154} INFO - [2025-02-15T17:41:37.458+0000] {dag.py:3722} INFO - Setting next_dagrun for example_weekday_branch_operator to 2025-02-14T00:00:00+00:00, run_after=2025-02-15T00:00:00+00:00
[2025-02-15T17:41:37.509+0000] {processor.py:179} INFO - Processing /home/airflow/.local/lib/python3.8/site-packages/airflow/example_dags/example_branch_day_of_week_operator.py took 0.295 seconds
[2025-02-15T17:42:07.987+0000] {processor.py:157} INFO - Started process (PID=4248) to work on /home/airflow/.local/lib/python3.8/site-packages/airflow/example_dags/example_branch_day_of_week_operator.py
[2025-02-15T17:42:07.989+0000] {processor.py:829} INFO - Processing file /home/airflow/.local/lib/python3.8/site-packages/airflow/example_dags/example_branch_day_of_week_operator.py for tasks to queue
[2025-02-15T17:42:07.992+0000] {logging_mixin.py:154} INFO - [2025-02-15T17:42:07.991+0000] {dagbag.py:536} INFO - Filling up the DagBag from /home/airflow/.local/lib/python3.8/site-packages/airflow/example_dags/example_branch_day_of_week_operator.py
[2025-02-15T17:42:08.014+0000] {processor.py:839} INFO - DAG(s) dict_keys(['example_weekday_branch_operator']) retrieved from /home/airflow/.local/lib/python3.8/site-packages/airflow/example_dags/example_branch_day_of_week_operator.py
[2025-02-15T17:42:08.096+0000] {logging_mixin.py:154} INFO - [2025-02-15T17:42:08.095+0000] {dag.py:2941} INFO - Sync 1 DAGs
[2025-02-15T17:42:08.195+0000] {logging_mixin.py:154} INFO - [2025-02-15T17:42:08.195+0000] {dag.py:3722} INFO - Setting next_dagrun for example_weekday_branch_operator to 2025-02-14T00:00:00+00:00, run_after=2025-02-15T00:00:00+00:00
[2025-02-15T17:42:08.281+0000] {processor.py:179} INFO - Processing /home/airflow/.local/lib/python3.8/site-packages/airflow/example_dags/example_branch_day_of_week_operator.py took 0.311 seconds
[2025-02-15T17:42:39.250+0000] {processor.py:157} INFO - Started process (PID=4504) to work on /home/airflow/.local/lib/python3.8/site-packages/airflow/example_dags/example_branch_day_of_week_operator.py
[2025-02-15T17:42:39.255+0000] {processor.py:829} INFO - Processing file /home/airflow/.local/lib/python3.8/site-packages/airflow/example_dags/example_branch_day_of_week_operator.py for tasks to queue
[2025-02-15T17:42:39.258+0000] {logging_mixin.py:154} INFO - [2025-02-15T17:42:39.258+0000] {dagbag.py:536} INFO - Filling up the DagBag from /home/airflow/.local/lib/python3.8/site-packages/airflow/example_dags/example_branch_day_of_week_operator.py
[2025-02-15T17:42:39.289+0000] {processor.py:839} INFO - DAG(s) dict_keys(['example_weekday_branch_operator']) retrieved from /home/airflow/.local/lib/python3.8/site-packages/airflow/example_dags/example_branch_day_of_week_operator.py
[2025-02-15T17:42:39.359+0000] {logging_mixin.py:154} INFO - [2025-02-15T17:42:39.359+0000] {dag.py:2941} INFO - Sync 1 DAGs
[2025-02-15T17:42:39.432+0000] {logging_mixin.py:154} INFO - [2025-02-15T17:42:39.431+0000] {dag.py:3722} INFO - Setting next_dagrun for example_weekday_branch_operator to 2025-02-14T00:00:00+00:00, run_after=2025-02-15T00:00:00+00:00
[2025-02-15T17:42:39.493+0000] {processor.py:179} INFO - Processing /home/airflow/.local/lib/python3.8/site-packages/airflow/example_dags/example_branch_day_of_week_operator.py took 0.253 seconds
[2025-02-15T17:43:09.600+0000] {processor.py:157} INFO - Started process (PID=4739) to work on /home/airflow/.local/lib/python3.8/site-packages/airflow/example_dags/example_branch_day_of_week_operator.py
[2025-02-15T17:43:09.602+0000] {processor.py:829} INFO - Processing file /home/airflow/.local/lib/python3.8/site-packages/airflow/example_dags/example_branch_day_of_week_operator.py for tasks to queue
[2025-02-15T17:43:09.604+0000] {logging_mixin.py:154} INFO - [2025-02-15T17:43:09.604+0000] {dagbag.py:536} INFO - Filling up the DagBag from /home/airflow/.local/lib/python3.8/site-packages/airflow/example_dags/example_branch_day_of_week_operator.py
[2025-02-15T17:43:09.629+0000] {processor.py:839} INFO - DAG(s) dict_keys(['example_weekday_branch_operator']) retrieved from /home/airflow/.local/lib/python3.8/site-packages/airflow/example_dags/example_branch_day_of_week_operator.py
[2025-02-15T17:43:09.700+0000] {logging_mixin.py:154} INFO - [2025-02-15T17:43:09.700+0000] {dag.py:2941} INFO - Sync 1 DAGs
[2025-02-15T17:43:09.768+0000] {logging_mixin.py:154} INFO - [2025-02-15T17:43:09.767+0000] {dag.py:3722} INFO - Setting next_dagrun for example_weekday_branch_operator to 2025-02-14T00:00:00+00:00, run_after=2025-02-15T00:00:00+00:00
[2025-02-15T17:43:09.823+0000] {processor.py:179} INFO - Processing /home/airflow/.local/lib/python3.8/site-packages/airflow/example_dags/example_branch_day_of_week_operator.py took 0.232 seconds
[2025-02-15T17:43:39.959+0000] {processor.py:157} INFO - Started process (PID=4976) to work on /home/airflow/.local/lib/python3.8/site-packages/airflow/example_dags/example_branch_day_of_week_operator.py
[2025-02-15T17:43:39.963+0000] {processor.py:829} INFO - Processing file /home/airflow/.local/lib/python3.8/site-packages/airflow/example_dags/example_branch_day_of_week_operator.py for tasks to queue
[2025-02-15T17:43:39.966+0000] {logging_mixin.py:154} INFO - [2025-02-15T17:43:39.964+0000] {dagbag.py:536} INFO - Filling up the DagBag from /home/airflow/.local/lib/python3.8/site-packages/airflow/example_dags/example_branch_day_of_week_operator.py
[2025-02-15T17:43:40.008+0000] {processor.py:839} INFO - DAG(s) dict_keys(['example_weekday_branch_operator']) retrieved from /home/airflow/.local/lib/python3.8/site-packages/airflow/example_dags/example_branch_day_of_week_operator.py
[2025-02-15T17:43:40.094+0000] {logging_mixin.py:154} INFO - [2025-02-15T17:43:40.093+0000] {dag.py:2941} INFO - Sync 1 DAGs
[2025-02-15T17:43:40.164+0000] {logging_mixin.py:154} INFO - [2025-02-15T17:43:40.164+0000] {dag.py:3722} INFO - Setting next_dagrun for example_weekday_branch_operator to 2025-02-14T00:00:00+00:00, run_after=2025-02-15T00:00:00+00:00
[2025-02-15T17:43:40.230+0000] {processor.py:179} INFO - Processing /home/airflow/.local/lib/python3.8/site-packages/airflow/example_dags/example_branch_day_of_week_operator.py took 0.289 seconds
[2025-02-15T17:44:10.488+0000] {processor.py:157} INFO - Started process (PID=5212) to work on /home/airflow/.local/lib/python3.8/site-packages/airflow/example_dags/example_branch_day_of_week_operator.py
[2025-02-15T17:44:10.490+0000] {processor.py:829} INFO - Processing file /home/airflow/.local/lib/python3.8/site-packages/airflow/example_dags/example_branch_day_of_week_operator.py for tasks to queue
[2025-02-15T17:44:10.492+0000] {logging_mixin.py:154} INFO - [2025-02-15T17:44:10.491+0000] {dagbag.py:536} INFO - Filling up the DagBag from /home/airflow/.local/lib/python3.8/site-packages/airflow/example_dags/example_branch_day_of_week_operator.py
[2025-02-15T17:44:10.514+0000] {processor.py:839} INFO - DAG(s) dict_keys(['example_weekday_branch_operator']) retrieved from /home/airflow/.local/lib/python3.8/site-packages/airflow/example_dags/example_branch_day_of_week_operator.py
[2025-02-15T17:44:10.590+0000] {logging_mixin.py:154} INFO - [2025-02-15T17:44:10.590+0000] {dag.py:2941} INFO - Sync 1 DAGs
[2025-02-15T17:44:10.663+0000] {logging_mixin.py:154} INFO - [2025-02-15T17:44:10.663+0000] {dag.py:3722} INFO - Setting next_dagrun for example_weekday_branch_operator to 2025-02-14T00:00:00+00:00, run_after=2025-02-15T00:00:00+00:00
[2025-02-15T17:44:10.729+0000] {processor.py:179} INFO - Processing /home/airflow/.local/lib/python3.8/site-packages/airflow/example_dags/example_branch_day_of_week_operator.py took 0.256 seconds
[2025-02-15T17:44:41.887+0000] {processor.py:157} INFO - Started process (PID=5447) to work on /home/airflow/.local/lib/python3.8/site-packages/airflow/example_dags/example_branch_day_of_week_operator.py
[2025-02-15T17:44:41.895+0000] {processor.py:829} INFO - Processing file /home/airflow/.local/lib/python3.8/site-packages/airflow/example_dags/example_branch_day_of_week_operator.py for tasks to queue
[2025-02-15T17:44:41.899+0000] {logging_mixin.py:154} INFO - [2025-02-15T17:44:41.899+0000] {dagbag.py:536} INFO - Filling up the DagBag from /home/airflow/.local/lib/python3.8/site-packages/airflow/example_dags/example_branch_day_of_week_operator.py
[2025-02-15T17:44:41.949+0000] {processor.py:839} INFO - DAG(s) dict_keys(['example_weekday_branch_operator']) retrieved from /home/airflow/.local/lib/python3.8/site-packages/airflow/example_dags/example_branch_day_of_week_operator.py
[2025-02-15T17:44:42.138+0000] {logging_mixin.py:154} INFO - [2025-02-15T17:44:42.137+0000] {dag.py:2941} INFO - Sync 1 DAGs
[2025-02-15T17:44:42.301+0000] {logging_mixin.py:154} INFO - [2025-02-15T17:44:42.300+0000] {dag.py:3722} INFO - Setting next_dagrun for example_weekday_branch_operator to 2025-02-14T00:00:00+00:00, run_after=2025-02-15T00:00:00+00:00
[2025-02-15T17:44:42.399+0000] {processor.py:179} INFO - Processing /home/airflow/.local/lib/python3.8/site-packages/airflow/example_dags/example_branch_day_of_week_operator.py took 0.531 seconds
[2025-02-15T17:45:13.214+0000] {processor.py:157} INFO - Started process (PID=5694) to work on /home/airflow/.local/lib/python3.8/site-packages/airflow/example_dags/example_branch_day_of_week_operator.py
[2025-02-15T17:45:13.217+0000] {processor.py:829} INFO - Processing file /home/airflow/.local/lib/python3.8/site-packages/airflow/example_dags/example_branch_day_of_week_operator.py for tasks to queue
[2025-02-15T17:45:13.220+0000] {logging_mixin.py:154} INFO - [2025-02-15T17:45:13.219+0000] {dagbag.py:536} INFO - Filling up the DagBag from /home/airflow/.local/lib/python3.8/site-packages/airflow/example_dags/example_branch_day_of_week_operator.py
[2025-02-15T17:45:13.242+0000] {processor.py:839} INFO - DAG(s) dict_keys(['example_weekday_branch_operator']) retrieved from /home/airflow/.local/lib/python3.8/site-packages/airflow/example_dags/example_branch_day_of_week_operator.py
[2025-02-15T17:45:13.308+0000] {logging_mixin.py:154} INFO - [2025-02-15T17:45:13.307+0000] {dag.py:2941} INFO - Sync 1 DAGs
[2025-02-15T17:45:13.396+0000] {logging_mixin.py:154} INFO - [2025-02-15T17:45:13.395+0000] {dag.py:3722} INFO - Setting next_dagrun for example_weekday_branch_operator to 2025-02-14T00:00:00+00:00, run_after=2025-02-15T00:00:00+00:00
[2025-02-15T17:45:13.462+0000] {processor.py:179} INFO - Processing /home/airflow/.local/lib/python3.8/site-packages/airflow/example_dags/example_branch_day_of_week_operator.py took 0.261 seconds
[2025-02-15T17:45:44.213+0000] {processor.py:157} INFO - Started process (PID=5934) to work on /home/airflow/.local/lib/python3.8/site-packages/airflow/example_dags/example_branch_day_of_week_operator.py
[2025-02-15T17:45:44.216+0000] {processor.py:829} INFO - Processing file /home/airflow/.local/lib/python3.8/site-packages/airflow/example_dags/example_branch_day_of_week_operator.py for tasks to queue
[2025-02-15T17:45:44.219+0000] {logging_mixin.py:154} INFO - [2025-02-15T17:45:44.218+0000] {dagbag.py:536} INFO - Filling up the DagBag from /home/airflow/.local/lib/python3.8/site-packages/airflow/example_dags/example_branch_day_of_week_operator.py
[2025-02-15T17:45:44.239+0000] {processor.py:839} INFO - DAG(s) dict_keys(['example_weekday_branch_operator']) retrieved from /home/airflow/.local/lib/python3.8/site-packages/airflow/example_dags/example_branch_day_of_week_operator.py
[2025-02-15T17:45:44.305+0000] {logging_mixin.py:154} INFO - [2025-02-15T17:45:44.304+0000] {dag.py:2941} INFO - Sync 1 DAGs
[2025-02-15T17:45:44.396+0000] {logging_mixin.py:154} INFO - [2025-02-15T17:45:44.395+0000] {dag.py:3722} INFO - Setting next_dagrun for example_weekday_branch_operator to 2025-02-14T00:00:00+00:00, run_after=2025-02-15T00:00:00+00:00
[2025-02-15T17:45:44.452+0000] {processor.py:179} INFO - Processing /home/airflow/.local/lib/python3.8/site-packages/airflow/example_dags/example_branch_day_of_week_operator.py took 0.250 seconds
[2025-02-15T17:46:15.449+0000] {processor.py:157} INFO - Started process (PID=6175) to work on /home/airflow/.local/lib/python3.8/site-packages/airflow/example_dags/example_branch_day_of_week_operator.py
[2025-02-15T17:46:15.453+0000] {processor.py:829} INFO - Processing file /home/airflow/.local/lib/python3.8/site-packages/airflow/example_dags/example_branch_day_of_week_operator.py for tasks to queue
[2025-02-15T17:46:15.455+0000] {logging_mixin.py:154} INFO - [2025-02-15T17:46:15.454+0000] {dagbag.py:536} INFO - Filling up the DagBag from /home/airflow/.local/lib/python3.8/site-packages/airflow/example_dags/example_branch_day_of_week_operator.py
[2025-02-15T17:46:15.485+0000] {processor.py:839} INFO - DAG(s) dict_keys(['example_weekday_branch_operator']) retrieved from /home/airflow/.local/lib/python3.8/site-packages/airflow/example_dags/example_branch_day_of_week_operator.py
[2025-02-15T17:46:15.593+0000] {logging_mixin.py:154} INFO - [2025-02-15T17:46:15.593+0000] {dag.py:2941} INFO - Sync 1 DAGs
[2025-02-15T17:46:15.719+0000] {logging_mixin.py:154} INFO - [2025-02-15T17:46:15.718+0000] {dag.py:3722} INFO - Setting next_dagrun for example_weekday_branch_operator to 2025-02-14T00:00:00+00:00, run_after=2025-02-15T00:00:00+00:00
[2025-02-15T17:46:15.789+0000] {processor.py:179} INFO - Processing /home/airflow/.local/lib/python3.8/site-packages/airflow/example_dags/example_branch_day_of_week_operator.py took 0.354 seconds
