[2025-02-15T17:16:56.234+0000] {processor.py:157} INFO - Started process (PID=259) to work on /home/airflow/.local/lib/python3.8/site-packages/airflow/example_dags/example_sensors.py
[2025-02-15T17:16:56.235+0000] {processor.py:829} INFO - Processing file /home/airflow/.local/lib/python3.8/site-packages/airflow/example_dags/example_sensors.py for tasks to queue
[2025-02-15T17:16:56.237+0000] {logging_mixin.py:154} INFO - [2025-02-15T17:16:56.237+0000] {dagbag.py:536} INFO - Filling up the DagBag from /home/airflow/.local/lib/python3.8/site-packages/airflow/example_dags/example_sensors.py
[2025-02-15T17:16:56.282+0000] {processor.py:839} INFO - DAG(s) dict_keys(['example_sensors']) retrieved from /home/airflow/.local/lib/python3.8/site-packages/airflow/example_dags/example_sensors.py
[2025-02-15T17:16:56.504+0000] {logging_mixin.py:154} INFO - [2025-02-15T17:16:56.501+0000] {dag.py:2941} INFO - Sync 1 DAGs
[2025-02-15T17:16:56.578+0000] {logging_mixin.py:154} INFO - [2025-02-15T17:16:56.577+0000] {dag.py:3722} INFO - Setting next_dagrun for example_sensors to None, run_after=None
[2025-02-15T17:16:56.667+0000] {processor.py:179} INFO - Processing /home/airflow/.local/lib/python3.8/site-packages/airflow/example_dags/example_sensors.py took 0.443 seconds
[2025-02-15T17:17:31.703+0000] {processor.py:157} INFO - Started process (PID=497) to work on /home/airflow/.local/lib/python3.8/site-packages/airflow/example_dags/example_sensors.py
[2025-02-15T17:17:31.729+0000] {processor.py:829} INFO - Processing file /home/airflow/.local/lib/python3.8/site-packages/airflow/example_dags/example_sensors.py for tasks to queue
[2025-02-15T17:17:31.744+0000] {logging_mixin.py:154} INFO - [2025-02-15T17:17:31.744+0000] {dagbag.py:536} INFO - Filling up the DagBag from /home/airflow/.local/lib/python3.8/site-packages/airflow/example_dags/example_sensors.py
[2025-02-15T17:17:31.962+0000] {processor.py:839} INFO - DAG(s) dict_keys(['example_sensors']) retrieved from /home/airflow/.local/lib/python3.8/site-packages/airflow/example_dags/example_sensors.py
[2025-02-15T17:17:32.309+0000] {logging_mixin.py:154} INFO - [2025-02-15T17:17:32.308+0000] {dag.py:2941} INFO - Sync 1 DAGs
[2025-02-15T17:17:32.457+0000] {logging_mixin.py:154} INFO - [2025-02-15T17:17:32.456+0000] {dag.py:3722} INFO - Setting next_dagrun for example_sensors to None, run_after=None
[2025-02-15T17:17:32.718+0000] {processor.py:179} INFO - Processing /home/airflow/.local/lib/python3.8/site-packages/airflow/example_dags/example_sensors.py took 1.080 seconds
[2025-02-15T17:18:05.802+0000] {processor.py:157} INFO - Started process (PID=735) to work on /home/airflow/.local/lib/python3.8/site-packages/airflow/example_dags/example_sensors.py
[2025-02-15T17:18:05.823+0000] {processor.py:829} INFO - Processing file /home/airflow/.local/lib/python3.8/site-packages/airflow/example_dags/example_sensors.py for tasks to queue
[2025-02-15T17:18:05.836+0000] {logging_mixin.py:154} INFO - [2025-02-15T17:18:05.830+0000] {dagbag.py:536} INFO - Filling up the DagBag from /home/airflow/.local/lib/python3.8/site-packages/airflow/example_dags/example_sensors.py
[2025-02-15T17:18:05.937+0000] {processor.py:839} INFO - DAG(s) dict_keys(['example_sensors']) retrieved from /home/airflow/.local/lib/python3.8/site-packages/airflow/example_dags/example_sensors.py
[2025-02-15T17:18:06.480+0000] {logging_mixin.py:154} INFO - [2025-02-15T17:18:06.480+0000] {dag.py:2941} INFO - Sync 1 DAGs
[2025-02-15T17:18:06.672+0000] {logging_mixin.py:154} INFO - [2025-02-15T17:18:06.667+0000] {dag.py:3722} INFO - Setting next_dagrun for example_sensors to None, run_after=None
[2025-02-15T17:18:07.036+0000] {processor.py:179} INFO - Processing /home/airflow/.local/lib/python3.8/site-packages/airflow/example_dags/example_sensors.py took 1.271 seconds
[2025-02-15T17:18:37.877+0000] {processor.py:157} INFO - Started process (PID=974) to work on /home/airflow/.local/lib/python3.8/site-packages/airflow/example_dags/example_sensors.py
[2025-02-15T17:18:37.885+0000] {processor.py:829} INFO - Processing file /home/airflow/.local/lib/python3.8/site-packages/airflow/example_dags/example_sensors.py for tasks to queue
[2025-02-15T17:18:37.898+0000] {logging_mixin.py:154} INFO - [2025-02-15T17:18:37.893+0000] {dagbag.py:536} INFO - Filling up the DagBag from /home/airflow/.local/lib/python3.8/site-packages/airflow/example_dags/example_sensors.py
[2025-02-15T17:18:38.015+0000] {processor.py:839} INFO - DAG(s) dict_keys(['example_sensors']) retrieved from /home/airflow/.local/lib/python3.8/site-packages/airflow/example_dags/example_sensors.py
[2025-02-15T17:18:38.320+0000] {logging_mixin.py:154} INFO - [2025-02-15T17:18:38.319+0000] {dag.py:2941} INFO - Sync 1 DAGs
[2025-02-15T17:18:38.469+0000] {logging_mixin.py:154} INFO - [2025-02-15T17:18:38.468+0000] {dag.py:3722} INFO - Setting next_dagrun for example_sensors to None, run_after=None
[2025-02-15T17:18:38.600+0000] {processor.py:179} INFO - Processing /home/airflow/.local/lib/python3.8/site-packages/airflow/example_dags/example_sensors.py took 0.789 seconds
[2025-02-15T17:19:08.979+0000] {processor.py:157} INFO - Started process (PID=1212) to work on /home/airflow/.local/lib/python3.8/site-packages/airflow/example_dags/example_sensors.py
[2025-02-15T17:19:08.994+0000] {processor.py:829} INFO - Processing file /home/airflow/.local/lib/python3.8/site-packages/airflow/example_dags/example_sensors.py for tasks to queue
[2025-02-15T17:19:09.000+0000] {logging_mixin.py:154} INFO - [2025-02-15T17:19:09.000+0000] {dagbag.py:536} INFO - Filling up the DagBag from /home/airflow/.local/lib/python3.8/site-packages/airflow/example_dags/example_sensors.py
[2025-02-15T17:19:09.142+0000] {processor.py:839} INFO - DAG(s) dict_keys(['example_sensors']) retrieved from /home/airflow/.local/lib/python3.8/site-packages/airflow/example_dags/example_sensors.py
[2025-02-15T17:19:09.452+0000] {logging_mixin.py:154} INFO - [2025-02-15T17:19:09.444+0000] {dag.py:2941} INFO - Sync 1 DAGs
[2025-02-15T17:19:09.677+0000] {logging_mixin.py:154} INFO - [2025-02-15T17:19:09.670+0000] {dag.py:3722} INFO - Setting next_dagrun for example_sensors to None, run_after=None
[2025-02-15T17:19:09.853+0000] {processor.py:179} INFO - Processing /home/airflow/.local/lib/python3.8/site-packages/airflow/example_dags/example_sensors.py took 0.922 seconds
[2025-02-15T17:19:47.781+0000] {processor.py:157} INFO - Started process (PID=1455) to work on /home/airflow/.local/lib/python3.8/site-packages/airflow/example_dags/example_sensors.py
[2025-02-15T17:19:47.797+0000] {processor.py:829} INFO - Processing file /home/airflow/.local/lib/python3.8/site-packages/airflow/example_dags/example_sensors.py for tasks to queue
[2025-02-15T17:19:47.803+0000] {logging_mixin.py:154} INFO - [2025-02-15T17:19:47.802+0000] {dagbag.py:536} INFO - Filling up the DagBag from /home/airflow/.local/lib/python3.8/site-packages/airflow/example_dags/example_sensors.py
[2025-02-15T17:19:47.963+0000] {processor.py:839} INFO - DAG(s) dict_keys(['example_sensors']) retrieved from /home/airflow/.local/lib/python3.8/site-packages/airflow/example_dags/example_sensors.py
[2025-02-15T17:19:48.343+0000] {logging_mixin.py:154} INFO - [2025-02-15T17:19:48.342+0000] {dag.py:2941} INFO - Sync 1 DAGs
[2025-02-15T17:19:48.594+0000] {logging_mixin.py:154} INFO - [2025-02-15T17:19:48.593+0000] {dag.py:3722} INFO - Setting next_dagrun for example_sensors to None, run_after=None
[2025-02-15T17:19:48.791+0000] {processor.py:179} INFO - Processing /home/airflow/.local/lib/python3.8/site-packages/airflow/example_dags/example_sensors.py took 1.072 seconds
[2025-02-15T17:20:22.785+0000] {processor.py:157} INFO - Started process (PID=1688) to work on /home/airflow/.local/lib/python3.8/site-packages/airflow/example_dags/example_sensors.py
[2025-02-15T17:20:22.818+0000] {processor.py:829} INFO - Processing file /home/airflow/.local/lib/python3.8/site-packages/airflow/example_dags/example_sensors.py for tasks to queue
[2025-02-15T17:20:22.833+0000] {logging_mixin.py:154} INFO - [2025-02-15T17:20:22.832+0000] {dagbag.py:536} INFO - Filling up the DagBag from /home/airflow/.local/lib/python3.8/site-packages/airflow/example_dags/example_sensors.py
[2025-02-15T17:20:22.920+0000] {processor.py:839} INFO - DAG(s) dict_keys(['example_sensors']) retrieved from /home/airflow/.local/lib/python3.8/site-packages/airflow/example_dags/example_sensors.py
[2025-02-15T17:20:23.187+0000] {logging_mixin.py:154} INFO - [2025-02-15T17:20:23.186+0000] {dag.py:2941} INFO - Sync 1 DAGs
[2025-02-15T17:20:23.378+0000] {logging_mixin.py:154} INFO - [2025-02-15T17:20:23.377+0000] {dag.py:3722} INFO - Setting next_dagrun for example_sensors to None, run_after=None
[2025-02-15T17:20:23.523+0000] {processor.py:179} INFO - Processing /home/airflow/.local/lib/python3.8/site-packages/airflow/example_dags/example_sensors.py took 0.794 seconds
[2025-02-15T17:20:54.294+0000] {processor.py:157} INFO - Started process (PID=1927) to work on /home/airflow/.local/lib/python3.8/site-packages/airflow/example_dags/example_sensors.py
[2025-02-15T17:20:54.301+0000] {processor.py:829} INFO - Processing file /home/airflow/.local/lib/python3.8/site-packages/airflow/example_dags/example_sensors.py for tasks to queue
[2025-02-15T17:20:54.303+0000] {logging_mixin.py:154} INFO - [2025-02-15T17:20:54.302+0000] {dagbag.py:536} INFO - Filling up the DagBag from /home/airflow/.local/lib/python3.8/site-packages/airflow/example_dags/example_sensors.py
[2025-02-15T17:20:54.340+0000] {processor.py:839} INFO - DAG(s) dict_keys(['example_sensors']) retrieved from /home/airflow/.local/lib/python3.8/site-packages/airflow/example_dags/example_sensors.py
[2025-02-15T17:20:54.442+0000] {logging_mixin.py:154} INFO - [2025-02-15T17:20:54.442+0000] {dag.py:2941} INFO - Sync 1 DAGs
[2025-02-15T17:20:54.506+0000] {logging_mixin.py:154} INFO - [2025-02-15T17:20:54.506+0000] {dag.py:3722} INFO - Setting next_dagrun for example_sensors to None, run_after=None
[2025-02-15T17:20:54.563+0000] {processor.py:179} INFO - Processing /home/airflow/.local/lib/python3.8/site-packages/airflow/example_dags/example_sensors.py took 0.278 seconds
[2025-02-15T17:21:24.943+0000] {processor.py:157} INFO - Started process (PID=2165) to work on /home/airflow/.local/lib/python3.8/site-packages/airflow/example_dags/example_sensors.py
[2025-02-15T17:21:24.945+0000] {processor.py:829} INFO - Processing file /home/airflow/.local/lib/python3.8/site-packages/airflow/example_dags/example_sensors.py for tasks to queue
[2025-02-15T17:21:24.948+0000] {logging_mixin.py:154} INFO - [2025-02-15T17:21:24.947+0000] {dagbag.py:536} INFO - Filling up the DagBag from /home/airflow/.local/lib/python3.8/site-packages/airflow/example_dags/example_sensors.py
[2025-02-15T17:21:24.983+0000] {processor.py:839} INFO - DAG(s) dict_keys(['example_sensors']) retrieved from /home/airflow/.local/lib/python3.8/site-packages/airflow/example_dags/example_sensors.py
[2025-02-15T17:21:25.058+0000] {logging_mixin.py:154} INFO - [2025-02-15T17:21:25.057+0000] {dag.py:2941} INFO - Sync 1 DAGs
[2025-02-15T17:21:25.102+0000] {logging_mixin.py:154} INFO - [2025-02-15T17:21:25.101+0000] {dag.py:3722} INFO - Setting next_dagrun for example_sensors to None, run_after=None
[2025-02-15T17:21:25.155+0000] {processor.py:179} INFO - Processing /home/airflow/.local/lib/python3.8/site-packages/airflow/example_dags/example_sensors.py took 0.249 seconds
[2025-02-15T17:21:56.025+0000] {processor.py:157} INFO - Started process (PID=2400) to work on /home/airflow/.local/lib/python3.8/site-packages/airflow/example_dags/example_sensors.py
[2025-02-15T17:21:56.033+0000] {processor.py:829} INFO - Processing file /home/airflow/.local/lib/python3.8/site-packages/airflow/example_dags/example_sensors.py for tasks to queue
[2025-02-15T17:21:56.036+0000] {logging_mixin.py:154} INFO - [2025-02-15T17:21:56.036+0000] {dagbag.py:536} INFO - Filling up the DagBag from /home/airflow/.local/lib/python3.8/site-packages/airflow/example_dags/example_sensors.py
[2025-02-15T17:21:56.127+0000] {processor.py:839} INFO - DAG(s) dict_keys(['example_sensors']) retrieved from /home/airflow/.local/lib/python3.8/site-packages/airflow/example_dags/example_sensors.py
[2025-02-15T17:21:56.304+0000] {logging_mixin.py:154} INFO - [2025-02-15T17:21:56.303+0000] {dag.py:2941} INFO - Sync 1 DAGs
[2025-02-15T17:21:56.527+0000] {logging_mixin.py:154} INFO - [2025-02-15T17:21:56.527+0000] {dag.py:3722} INFO - Setting next_dagrun for example_sensors to None, run_after=None
[2025-02-15T17:21:56.919+0000] {processor.py:179} INFO - Processing /home/airflow/.local/lib/python3.8/site-packages/airflow/example_dags/example_sensors.py took 0.909 seconds
[2025-02-15T17:22:27.478+0000] {processor.py:157} INFO - Started process (PID=2639) to work on /home/airflow/.local/lib/python3.8/site-packages/airflow/example_dags/example_sensors.py
[2025-02-15T17:22:27.488+0000] {processor.py:829} INFO - Processing file /home/airflow/.local/lib/python3.8/site-packages/airflow/example_dags/example_sensors.py for tasks to queue
[2025-02-15T17:22:27.492+0000] {logging_mixin.py:154} INFO - [2025-02-15T17:22:27.491+0000] {dagbag.py:536} INFO - Filling up the DagBag from /home/airflow/.local/lib/python3.8/site-packages/airflow/example_dags/example_sensors.py
[2025-02-15T17:22:27.599+0000] {processor.py:839} INFO - DAG(s) dict_keys(['example_sensors']) retrieved from /home/airflow/.local/lib/python3.8/site-packages/airflow/example_dags/example_sensors.py
[2025-02-15T17:22:27.710+0000] {logging_mixin.py:154} INFO - [2025-02-15T17:22:27.709+0000] {dag.py:2941} INFO - Sync 1 DAGs
[2025-02-15T17:22:27.796+0000] {logging_mixin.py:154} INFO - [2025-02-15T17:22:27.796+0000] {dag.py:3722} INFO - Setting next_dagrun for example_sensors to None, run_after=None
[2025-02-15T17:22:27.888+0000] {processor.py:179} INFO - Processing /home/airflow/.local/lib/python3.8/site-packages/airflow/example_dags/example_sensors.py took 0.457 seconds
[2025-02-15T17:22:59.892+0000] {processor.py:157} INFO - Started process (PID=2877) to work on /home/airflow/.local/lib/python3.8/site-packages/airflow/example_dags/example_sensors.py
[2025-02-15T17:22:59.901+0000] {processor.py:829} INFO - Processing file /home/airflow/.local/lib/python3.8/site-packages/airflow/example_dags/example_sensors.py for tasks to queue
[2025-02-15T17:22:59.908+0000] {logging_mixin.py:154} INFO - [2025-02-15T17:22:59.907+0000] {dagbag.py:536} INFO - Filling up the DagBag from /home/airflow/.local/lib/python3.8/site-packages/airflow/example_dags/example_sensors.py
[2025-02-15T17:22:59.974+0000] {processor.py:839} INFO - DAG(s) dict_keys(['example_sensors']) retrieved from /home/airflow/.local/lib/python3.8/site-packages/airflow/example_dags/example_sensors.py
[2025-02-15T17:23:00.155+0000] {logging_mixin.py:154} INFO - [2025-02-15T17:23:00.154+0000] {dag.py:2941} INFO - Sync 1 DAGs
[2025-02-15T17:23:00.435+0000] {logging_mixin.py:154} INFO - [2025-02-15T17:23:00.434+0000] {dag.py:3722} INFO - Setting next_dagrun for example_sensors to None, run_after=None
[2025-02-15T17:23:00.718+0000] {processor.py:179} INFO - Processing /home/airflow/.local/lib/python3.8/site-packages/airflow/example_dags/example_sensors.py took 0.858 seconds
[2025-02-15T17:23:31.307+0000] {processor.py:157} INFO - Started process (PID=3115) to work on /home/airflow/.local/lib/python3.8/site-packages/airflow/example_dags/example_sensors.py
[2025-02-15T17:23:31.314+0000] {processor.py:829} INFO - Processing file /home/airflow/.local/lib/python3.8/site-packages/airflow/example_dags/example_sensors.py for tasks to queue
[2025-02-15T17:23:31.316+0000] {logging_mixin.py:154} INFO - [2025-02-15T17:23:31.315+0000] {dagbag.py:536} INFO - Filling up the DagBag from /home/airflow/.local/lib/python3.8/site-packages/airflow/example_dags/example_sensors.py
[2025-02-15T17:23:31.424+0000] {processor.py:839} INFO - DAG(s) dict_keys(['example_sensors']) retrieved from /home/airflow/.local/lib/python3.8/site-packages/airflow/example_dags/example_sensors.py
[2025-02-15T17:23:31.576+0000] {logging_mixin.py:154} INFO - [2025-02-15T17:23:31.575+0000] {dag.py:2941} INFO - Sync 1 DAGs
[2025-02-15T17:23:31.626+0000] {logging_mixin.py:154} INFO - [2025-02-15T17:23:31.626+0000] {dag.py:3722} INFO - Setting next_dagrun for example_sensors to None, run_after=None
[2025-02-15T17:23:31.705+0000] {processor.py:179} INFO - Processing /home/airflow/.local/lib/python3.8/site-packages/airflow/example_dags/example_sensors.py took 0.459 seconds
[2025-02-15T17:24:07.413+0000] {processor.py:157} INFO - Started process (PID=3353) to work on /home/airflow/.local/lib/python3.8/site-packages/airflow/example_dags/example_sensors.py
[2025-02-15T17:24:07.422+0000] {processor.py:829} INFO - Processing file /home/airflow/.local/lib/python3.8/site-packages/airflow/example_dags/example_sensors.py for tasks to queue
[2025-02-15T17:24:07.429+0000] {logging_mixin.py:154} INFO - [2025-02-15T17:24:07.426+0000] {dagbag.py:536} INFO - Filling up the DagBag from /home/airflow/.local/lib/python3.8/site-packages/airflow/example_dags/example_sensors.py
[2025-02-15T17:24:07.606+0000] {processor.py:839} INFO - DAG(s) dict_keys(['example_sensors']) retrieved from /home/airflow/.local/lib/python3.8/site-packages/airflow/example_dags/example_sensors.py
[2025-02-15T17:24:07.901+0000] {logging_mixin.py:154} INFO - [2025-02-15T17:24:07.900+0000] {dag.py:2941} INFO - Sync 1 DAGs
[2025-02-15T17:24:07.971+0000] {logging_mixin.py:154} INFO - [2025-02-15T17:24:07.971+0000] {dag.py:3722} INFO - Setting next_dagrun for example_sensors to None, run_after=None
[2025-02-15T17:24:08.339+0000] {processor.py:179} INFO - Processing /home/airflow/.local/lib/python3.8/site-packages/airflow/example_dags/example_sensors.py took 0.973 seconds
[2025-02-15T17:28:02.946+0000] {processor.py:157} INFO - Started process (PID=258) to work on /home/airflow/.local/lib/python3.8/site-packages/airflow/example_dags/example_sensors.py
[2025-02-15T17:28:02.948+0000] {processor.py:829} INFO - Processing file /home/airflow/.local/lib/python3.8/site-packages/airflow/example_dags/example_sensors.py for tasks to queue
[2025-02-15T17:28:02.951+0000] {logging_mixin.py:154} INFO - [2025-02-15T17:28:02.949+0000] {dagbag.py:536} INFO - Filling up the DagBag from /home/airflow/.local/lib/python3.8/site-packages/airflow/example_dags/example_sensors.py
[2025-02-15T17:28:02.994+0000] {processor.py:839} INFO - DAG(s) dict_keys(['example_sensors']) retrieved from /home/airflow/.local/lib/python3.8/site-packages/airflow/example_dags/example_sensors.py
[2025-02-15T17:28:03.239+0000] {logging_mixin.py:154} INFO - [2025-02-15T17:28:03.239+0000] {dag.py:2941} INFO - Sync 1 DAGs
[2025-02-15T17:28:03.277+0000] {logging_mixin.py:154} INFO - [2025-02-15T17:28:03.276+0000] {dag.py:3722} INFO - Setting next_dagrun for example_sensors to None, run_after=None
[2025-02-15T17:28:03.348+0000] {processor.py:179} INFO - Processing /home/airflow/.local/lib/python3.8/site-packages/airflow/example_dags/example_sensors.py took 0.437 seconds
[2025-02-15T17:33:44.606+0000] {processor.py:157} INFO - Started process (PID=259) to work on /home/airflow/.local/lib/python3.8/site-packages/airflow/example_dags/example_sensors.py
[2025-02-15T17:33:44.612+0000] {processor.py:829} INFO - Processing file /home/airflow/.local/lib/python3.8/site-packages/airflow/example_dags/example_sensors.py for tasks to queue
[2025-02-15T17:33:44.614+0000] {logging_mixin.py:154} INFO - [2025-02-15T17:33:44.613+0000] {dagbag.py:536} INFO - Filling up the DagBag from /home/airflow/.local/lib/python3.8/site-packages/airflow/example_dags/example_sensors.py
[2025-02-15T17:33:44.659+0000] {processor.py:839} INFO - DAG(s) dict_keys(['example_sensors']) retrieved from /home/airflow/.local/lib/python3.8/site-packages/airflow/example_dags/example_sensors.py
[2025-02-15T17:33:44.759+0000] {logging_mixin.py:154} INFO - [2025-02-15T17:33:44.758+0000] {dag.py:2941} INFO - Sync 1 DAGs
[2025-02-15T17:33:44.808+0000] {logging_mixin.py:154} INFO - [2025-02-15T17:33:44.807+0000] {dag.py:3722} INFO - Setting next_dagrun for example_sensors to None, run_after=None
[2025-02-15T17:33:44.869+0000] {processor.py:179} INFO - Processing /home/airflow/.local/lib/python3.8/site-packages/airflow/example_dags/example_sensors.py took 0.276 seconds
[2025-02-15T17:34:15.753+0000] {processor.py:157} INFO - Started process (PID=496) to work on /home/airflow/.local/lib/python3.8/site-packages/airflow/example_dags/example_sensors.py
[2025-02-15T17:34:15.755+0000] {processor.py:829} INFO - Processing file /home/airflow/.local/lib/python3.8/site-packages/airflow/example_dags/example_sensors.py for tasks to queue
[2025-02-15T17:34:15.758+0000] {logging_mixin.py:154} INFO - [2025-02-15T17:34:15.757+0000] {dagbag.py:536} INFO - Filling up the DagBag from /home/airflow/.local/lib/python3.8/site-packages/airflow/example_dags/example_sensors.py
[2025-02-15T17:34:15.790+0000] {processor.py:839} INFO - DAG(s) dict_keys(['example_sensors']) retrieved from /home/airflow/.local/lib/python3.8/site-packages/airflow/example_dags/example_sensors.py
[2025-02-15T17:34:15.874+0000] {logging_mixin.py:154} INFO - [2025-02-15T17:34:15.873+0000] {dag.py:2941} INFO - Sync 1 DAGs
[2025-02-15T17:34:15.912+0000] {logging_mixin.py:154} INFO - [2025-02-15T17:34:15.912+0000] {dag.py:3722} INFO - Setting next_dagrun for example_sensors to None, run_after=None
[2025-02-15T17:34:15.968+0000] {processor.py:179} INFO - Processing /home/airflow/.local/lib/python3.8/site-packages/airflow/example_dags/example_sensors.py took 0.227 seconds
[2025-02-15T17:34:47.772+0000] {processor.py:157} INFO - Started process (PID=733) to work on /home/airflow/.local/lib/python3.8/site-packages/airflow/example_dags/example_sensors.py
[2025-02-15T17:34:47.776+0000] {processor.py:829} INFO - Processing file /home/airflow/.local/lib/python3.8/site-packages/airflow/example_dags/example_sensors.py for tasks to queue
[2025-02-15T17:34:47.782+0000] {logging_mixin.py:154} INFO - [2025-02-15T17:34:47.781+0000] {dagbag.py:536} INFO - Filling up the DagBag from /home/airflow/.local/lib/python3.8/site-packages/airflow/example_dags/example_sensors.py
[2025-02-15T17:34:47.894+0000] {processor.py:839} INFO - DAG(s) dict_keys(['example_sensors']) retrieved from /home/airflow/.local/lib/python3.8/site-packages/airflow/example_dags/example_sensors.py
[2025-02-15T17:34:48.020+0000] {logging_mixin.py:154} INFO - [2025-02-15T17:34:48.018+0000] {dag.py:2941} INFO - Sync 1 DAGs
[2025-02-15T17:34:48.095+0000] {logging_mixin.py:154} INFO - [2025-02-15T17:34:48.094+0000] {dag.py:3722} INFO - Setting next_dagrun for example_sensors to None, run_after=None
[2025-02-15T17:34:48.269+0000] {processor.py:179} INFO - Processing /home/airflow/.local/lib/python3.8/site-packages/airflow/example_dags/example_sensors.py took 0.522 seconds
[2025-02-15T17:35:18.460+0000] {processor.py:157} INFO - Started process (PID=972) to work on /home/airflow/.local/lib/python3.8/site-packages/airflow/example_dags/example_sensors.py
[2025-02-15T17:35:18.463+0000] {processor.py:829} INFO - Processing file /home/airflow/.local/lib/python3.8/site-packages/airflow/example_dags/example_sensors.py for tasks to queue
[2025-02-15T17:35:18.466+0000] {logging_mixin.py:154} INFO - [2025-02-15T17:35:18.465+0000] {dagbag.py:536} INFO - Filling up the DagBag from /home/airflow/.local/lib/python3.8/site-packages/airflow/example_dags/example_sensors.py
[2025-02-15T17:35:18.503+0000] {processor.py:839} INFO - DAG(s) dict_keys(['example_sensors']) retrieved from /home/airflow/.local/lib/python3.8/site-packages/airflow/example_dags/example_sensors.py
[2025-02-15T17:35:18.588+0000] {logging_mixin.py:154} INFO - [2025-02-15T17:35:18.588+0000] {dag.py:2941} INFO - Sync 1 DAGs
[2025-02-15T17:35:18.624+0000] {logging_mixin.py:154} INFO - [2025-02-15T17:35:18.623+0000] {dag.py:3722} INFO - Setting next_dagrun for example_sensors to None, run_after=None
[2025-02-15T17:35:18.682+0000] {processor.py:179} INFO - Processing /home/airflow/.local/lib/python3.8/site-packages/airflow/example_dags/example_sensors.py took 0.235 seconds
[2025-02-15T17:35:49.110+0000] {processor.py:157} INFO - Started process (PID=1210) to work on /home/airflow/.local/lib/python3.8/site-packages/airflow/example_dags/example_sensors.py
[2025-02-15T17:35:49.113+0000] {processor.py:829} INFO - Processing file /home/airflow/.local/lib/python3.8/site-packages/airflow/example_dags/example_sensors.py for tasks to queue
[2025-02-15T17:35:49.116+0000] {logging_mixin.py:154} INFO - [2025-02-15T17:35:49.115+0000] {dagbag.py:536} INFO - Filling up the DagBag from /home/airflow/.local/lib/python3.8/site-packages/airflow/example_dags/example_sensors.py
[2025-02-15T17:35:49.149+0000] {processor.py:839} INFO - DAG(s) dict_keys(['example_sensors']) retrieved from /home/airflow/.local/lib/python3.8/site-packages/airflow/example_dags/example_sensors.py
[2025-02-15T17:35:49.223+0000] {logging_mixin.py:154} INFO - [2025-02-15T17:35:49.223+0000] {dag.py:2941} INFO - Sync 1 DAGs
[2025-02-15T17:35:49.270+0000] {logging_mixin.py:154} INFO - [2025-02-15T17:35:49.269+0000] {dag.py:3722} INFO - Setting next_dagrun for example_sensors to None, run_after=None
[2025-02-15T17:35:49.330+0000] {processor.py:179} INFO - Processing /home/airflow/.local/lib/python3.8/site-packages/airflow/example_dags/example_sensors.py took 0.231 seconds
[2025-02-15T17:36:19.682+0000] {processor.py:157} INFO - Started process (PID=1452) to work on /home/airflow/.local/lib/python3.8/site-packages/airflow/example_dags/example_sensors.py
[2025-02-15T17:36:19.685+0000] {processor.py:829} INFO - Processing file /home/airflow/.local/lib/python3.8/site-packages/airflow/example_dags/example_sensors.py for tasks to queue
[2025-02-15T17:36:19.687+0000] {logging_mixin.py:154} INFO - [2025-02-15T17:36:19.686+0000] {dagbag.py:536} INFO - Filling up the DagBag from /home/airflow/.local/lib/python3.8/site-packages/airflow/example_dags/example_sensors.py
[2025-02-15T17:36:19.728+0000] {processor.py:839} INFO - DAG(s) dict_keys(['example_sensors']) retrieved from /home/airflow/.local/lib/python3.8/site-packages/airflow/example_dags/example_sensors.py
[2025-02-15T17:36:19.828+0000] {logging_mixin.py:154} INFO - [2025-02-15T17:36:19.827+0000] {dag.py:2941} INFO - Sync 1 DAGs
[2025-02-15T17:36:19.871+0000] {logging_mixin.py:154} INFO - [2025-02-15T17:36:19.870+0000] {dag.py:3722} INFO - Setting next_dagrun for example_sensors to None, run_after=None
[2025-02-15T17:36:19.930+0000] {processor.py:179} INFO - Processing /home/airflow/.local/lib/python3.8/site-packages/airflow/example_dags/example_sensors.py took 0.258 seconds
[2025-02-15T17:36:50.333+0000] {processor.py:157} INFO - Started process (PID=1713) to work on /home/airflow/.local/lib/python3.8/site-packages/airflow/example_dags/example_sensors.py
[2025-02-15T17:36:50.335+0000] {processor.py:829} INFO - Processing file /home/airflow/.local/lib/python3.8/site-packages/airflow/example_dags/example_sensors.py for tasks to queue
[2025-02-15T17:36:50.337+0000] {logging_mixin.py:154} INFO - [2025-02-15T17:36:50.337+0000] {dagbag.py:536} INFO - Filling up the DagBag from /home/airflow/.local/lib/python3.8/site-packages/airflow/example_dags/example_sensors.py
[2025-02-15T17:36:50.371+0000] {processor.py:839} INFO - DAG(s) dict_keys(['example_sensors']) retrieved from /home/airflow/.local/lib/python3.8/site-packages/airflow/example_dags/example_sensors.py
[2025-02-15T17:36:50.474+0000] {logging_mixin.py:154} INFO - [2025-02-15T17:36:50.474+0000] {dag.py:2941} INFO - Sync 1 DAGs
[2025-02-15T17:36:50.515+0000] {logging_mixin.py:154} INFO - [2025-02-15T17:36:50.514+0000] {dag.py:3722} INFO - Setting next_dagrun for example_sensors to None, run_after=None
[2025-02-15T17:36:50.576+0000] {processor.py:179} INFO - Processing /home/airflow/.local/lib/python3.8/site-packages/airflow/example_dags/example_sensors.py took 0.254 seconds
[2025-02-15T17:37:21.318+0000] {processor.py:157} INFO - Started process (PID=1953) to work on /home/airflow/.local/lib/python3.8/site-packages/airflow/example_dags/example_sensors.py
[2025-02-15T17:37:21.320+0000] {processor.py:829} INFO - Processing file /home/airflow/.local/lib/python3.8/site-packages/airflow/example_dags/example_sensors.py for tasks to queue
[2025-02-15T17:37:21.322+0000] {logging_mixin.py:154} INFO - [2025-02-15T17:37:21.322+0000] {dagbag.py:536} INFO - Filling up the DagBag from /home/airflow/.local/lib/python3.8/site-packages/airflow/example_dags/example_sensors.py
[2025-02-15T17:37:21.361+0000] {processor.py:839} INFO - DAG(s) dict_keys(['example_sensors']) retrieved from /home/airflow/.local/lib/python3.8/site-packages/airflow/example_dags/example_sensors.py
[2025-02-15T17:37:21.493+0000] {logging_mixin.py:154} INFO - [2025-02-15T17:37:21.492+0000] {dag.py:2941} INFO - Sync 1 DAGs
[2025-02-15T17:37:21.537+0000] {logging_mixin.py:154} INFO - [2025-02-15T17:37:21.536+0000] {dag.py:3722} INFO - Setting next_dagrun for example_sensors to None, run_after=None
[2025-02-15T17:37:21.603+0000] {processor.py:179} INFO - Processing /home/airflow/.local/lib/python3.8/site-packages/airflow/example_dags/example_sensors.py took 0.295 seconds
[2025-02-15T17:37:52.132+0000] {processor.py:157} INFO - Started process (PID=2191) to work on /home/airflow/.local/lib/python3.8/site-packages/airflow/example_dags/example_sensors.py
[2025-02-15T17:37:52.134+0000] {processor.py:829} INFO - Processing file /home/airflow/.local/lib/python3.8/site-packages/airflow/example_dags/example_sensors.py for tasks to queue
[2025-02-15T17:37:52.137+0000] {logging_mixin.py:154} INFO - [2025-02-15T17:37:52.136+0000] {dagbag.py:536} INFO - Filling up the DagBag from /home/airflow/.local/lib/python3.8/site-packages/airflow/example_dags/example_sensors.py
[2025-02-15T17:37:52.170+0000] {processor.py:839} INFO - DAG(s) dict_keys(['example_sensors']) retrieved from /home/airflow/.local/lib/python3.8/site-packages/airflow/example_dags/example_sensors.py
[2025-02-15T17:37:52.285+0000] {logging_mixin.py:154} INFO - [2025-02-15T17:37:52.285+0000] {dag.py:2941} INFO - Sync 1 DAGs
[2025-02-15T17:37:52.321+0000] {logging_mixin.py:154} INFO - [2025-02-15T17:37:52.320+0000] {dag.py:3722} INFO - Setting next_dagrun for example_sensors to None, run_after=None
[2025-02-15T17:37:52.381+0000] {processor.py:179} INFO - Processing /home/airflow/.local/lib/python3.8/site-packages/airflow/example_dags/example_sensors.py took 0.262 seconds
[2025-02-15T17:38:22.570+0000] {processor.py:157} INFO - Started process (PID=2429) to work on /home/airflow/.local/lib/python3.8/site-packages/airflow/example_dags/example_sensors.py
[2025-02-15T17:38:22.573+0000] {processor.py:829} INFO - Processing file /home/airflow/.local/lib/python3.8/site-packages/airflow/example_dags/example_sensors.py for tasks to queue
[2025-02-15T17:38:22.576+0000] {logging_mixin.py:154} INFO - [2025-02-15T17:38:22.575+0000] {dagbag.py:536} INFO - Filling up the DagBag from /home/airflow/.local/lib/python3.8/site-packages/airflow/example_dags/example_sensors.py
[2025-02-15T17:38:22.605+0000] {processor.py:839} INFO - DAG(s) dict_keys(['example_sensors']) retrieved from /home/airflow/.local/lib/python3.8/site-packages/airflow/example_dags/example_sensors.py
[2025-02-15T17:38:22.682+0000] {logging_mixin.py:154} INFO - [2025-02-15T17:38:22.682+0000] {dag.py:2941} INFO - Sync 1 DAGs
[2025-02-15T17:38:22.718+0000] {logging_mixin.py:154} INFO - [2025-02-15T17:38:22.717+0000] {dag.py:3722} INFO - Setting next_dagrun for example_sensors to None, run_after=None
[2025-02-15T17:38:22.764+0000] {processor.py:179} INFO - Processing /home/airflow/.local/lib/python3.8/site-packages/airflow/example_dags/example_sensors.py took 0.204 seconds
[2025-02-15T17:38:53.210+0000] {processor.py:157} INFO - Started process (PID=2665) to work on /home/airflow/.local/lib/python3.8/site-packages/airflow/example_dags/example_sensors.py
[2025-02-15T17:38:53.214+0000] {processor.py:829} INFO - Processing file /home/airflow/.local/lib/python3.8/site-packages/airflow/example_dags/example_sensors.py for tasks to queue
[2025-02-15T17:38:53.217+0000] {logging_mixin.py:154} INFO - [2025-02-15T17:38:53.215+0000] {dagbag.py:536} INFO - Filling up the DagBag from /home/airflow/.local/lib/python3.8/site-packages/airflow/example_dags/example_sensors.py
[2025-02-15T17:38:53.252+0000] {processor.py:839} INFO - DAG(s) dict_keys(['example_sensors']) retrieved from /home/airflow/.local/lib/python3.8/site-packages/airflow/example_dags/example_sensors.py
[2025-02-15T17:38:53.344+0000] {logging_mixin.py:154} INFO - [2025-02-15T17:38:53.343+0000] {dag.py:2941} INFO - Sync 1 DAGs
[2025-02-15T17:38:53.383+0000] {logging_mixin.py:154} INFO - [2025-02-15T17:38:53.382+0000] {dag.py:3722} INFO - Setting next_dagrun for example_sensors to None, run_after=None
[2025-02-15T17:38:53.442+0000] {processor.py:179} INFO - Processing /home/airflow/.local/lib/python3.8/site-packages/airflow/example_dags/example_sensors.py took 0.243 seconds
[2025-02-15T17:39:23.833+0000] {processor.py:157} INFO - Started process (PID=2903) to work on /home/airflow/.local/lib/python3.8/site-packages/airflow/example_dags/example_sensors.py
[2025-02-15T17:39:23.837+0000] {processor.py:829} INFO - Processing file /home/airflow/.local/lib/python3.8/site-packages/airflow/example_dags/example_sensors.py for tasks to queue
[2025-02-15T17:39:23.841+0000] {logging_mixin.py:154} INFO - [2025-02-15T17:39:23.840+0000] {dagbag.py:536} INFO - Filling up the DagBag from /home/airflow/.local/lib/python3.8/site-packages/airflow/example_dags/example_sensors.py
[2025-02-15T17:39:23.875+0000] {processor.py:839} INFO - DAG(s) dict_keys(['example_sensors']) retrieved from /home/airflow/.local/lib/python3.8/site-packages/airflow/example_dags/example_sensors.py
[2025-02-15T17:39:23.959+0000] {logging_mixin.py:154} INFO - [2025-02-15T17:39:23.958+0000] {dag.py:2941} INFO - Sync 1 DAGs
[2025-02-15T17:39:24.006+0000] {logging_mixin.py:154} INFO - [2025-02-15T17:39:24.005+0000] {dag.py:3722} INFO - Setting next_dagrun for example_sensors to None, run_after=None
[2025-02-15T17:39:24.065+0000] {processor.py:179} INFO - Processing /home/airflow/.local/lib/python3.8/site-packages/airflow/example_dags/example_sensors.py took 0.242 seconds
[2025-02-15T17:39:54.511+0000] {processor.py:157} INFO - Started process (PID=3141) to work on /home/airflow/.local/lib/python3.8/site-packages/airflow/example_dags/example_sensors.py
[2025-02-15T17:39:54.513+0000] {processor.py:829} INFO - Processing file /home/airflow/.local/lib/python3.8/site-packages/airflow/example_dags/example_sensors.py for tasks to queue
[2025-02-15T17:39:54.515+0000] {logging_mixin.py:154} INFO - [2025-02-15T17:39:54.514+0000] {dagbag.py:536} INFO - Filling up the DagBag from /home/airflow/.local/lib/python3.8/site-packages/airflow/example_dags/example_sensors.py
[2025-02-15T17:39:54.543+0000] {processor.py:839} INFO - DAG(s) dict_keys(['example_sensors']) retrieved from /home/airflow/.local/lib/python3.8/site-packages/airflow/example_dags/example_sensors.py
[2025-02-15T17:39:54.616+0000] {logging_mixin.py:154} INFO - [2025-02-15T17:39:54.616+0000] {dag.py:2941} INFO - Sync 1 DAGs
[2025-02-15T17:39:54.653+0000] {logging_mixin.py:154} INFO - [2025-02-15T17:39:54.652+0000] {dag.py:3722} INFO - Setting next_dagrun for example_sensors to None, run_after=None
[2025-02-15T17:39:54.713+0000] {processor.py:179} INFO - Processing /home/airflow/.local/lib/python3.8/site-packages/airflow/example_dags/example_sensors.py took 0.211 seconds
[2025-02-15T17:40:25.167+0000] {processor.py:157} INFO - Started process (PID=3379) to work on /home/airflow/.local/lib/python3.8/site-packages/airflow/example_dags/example_sensors.py
[2025-02-15T17:40:25.170+0000] {processor.py:829} INFO - Processing file /home/airflow/.local/lib/python3.8/site-packages/airflow/example_dags/example_sensors.py for tasks to queue
[2025-02-15T17:40:25.172+0000] {logging_mixin.py:154} INFO - [2025-02-15T17:40:25.171+0000] {dagbag.py:536} INFO - Filling up the DagBag from /home/airflow/.local/lib/python3.8/site-packages/airflow/example_dags/example_sensors.py
[2025-02-15T17:40:25.207+0000] {processor.py:839} INFO - DAG(s) dict_keys(['example_sensors']) retrieved from /home/airflow/.local/lib/python3.8/site-packages/airflow/example_dags/example_sensors.py
[2025-02-15T17:40:25.301+0000] {logging_mixin.py:154} INFO - [2025-02-15T17:40:25.300+0000] {dag.py:2941} INFO - Sync 1 DAGs
[2025-02-15T17:40:25.341+0000] {logging_mixin.py:154} INFO - [2025-02-15T17:40:25.340+0000] {dag.py:3722} INFO - Setting next_dagrun for example_sensors to None, run_after=None
[2025-02-15T17:40:25.425+0000] {processor.py:179} INFO - Processing /home/airflow/.local/lib/python3.8/site-packages/airflow/example_dags/example_sensors.py took 0.267 seconds
[2025-02-15T17:40:55.920+0000] {processor.py:157} INFO - Started process (PID=3619) to work on /home/airflow/.local/lib/python3.8/site-packages/airflow/example_dags/example_sensors.py
[2025-02-15T17:40:55.922+0000] {processor.py:829} INFO - Processing file /home/airflow/.local/lib/python3.8/site-packages/airflow/example_dags/example_sensors.py for tasks to queue
[2025-02-15T17:40:55.924+0000] {logging_mixin.py:154} INFO - [2025-02-15T17:40:55.924+0000] {dagbag.py:536} INFO - Filling up the DagBag from /home/airflow/.local/lib/python3.8/site-packages/airflow/example_dags/example_sensors.py
[2025-02-15T17:40:55.961+0000] {processor.py:839} INFO - DAG(s) dict_keys(['example_sensors']) retrieved from /home/airflow/.local/lib/python3.8/site-packages/airflow/example_dags/example_sensors.py
[2025-02-15T17:40:56.044+0000] {logging_mixin.py:154} INFO - [2025-02-15T17:40:56.043+0000] {dag.py:2941} INFO - Sync 1 DAGs
[2025-02-15T17:40:56.079+0000] {logging_mixin.py:154} INFO - [2025-02-15T17:40:56.079+0000] {dag.py:3722} INFO - Setting next_dagrun for example_sensors to None, run_after=None
[2025-02-15T17:40:56.135+0000] {processor.py:179} INFO - Processing /home/airflow/.local/lib/python3.8/site-packages/airflow/example_dags/example_sensors.py took 0.226 seconds
[2025-02-15T17:41:26.685+0000] {processor.py:157} INFO - Started process (PID=3857) to work on /home/airflow/.local/lib/python3.8/site-packages/airflow/example_dags/example_sensors.py
[2025-02-15T17:41:26.687+0000] {processor.py:829} INFO - Processing file /home/airflow/.local/lib/python3.8/site-packages/airflow/example_dags/example_sensors.py for tasks to queue
[2025-02-15T17:41:26.689+0000] {logging_mixin.py:154} INFO - [2025-02-15T17:41:26.689+0000] {dagbag.py:536} INFO - Filling up the DagBag from /home/airflow/.local/lib/python3.8/site-packages/airflow/example_dags/example_sensors.py
[2025-02-15T17:41:26.718+0000] {processor.py:839} INFO - DAG(s) dict_keys(['example_sensors']) retrieved from /home/airflow/.local/lib/python3.8/site-packages/airflow/example_dags/example_sensors.py
[2025-02-15T17:41:26.793+0000] {logging_mixin.py:154} INFO - [2025-02-15T17:41:26.793+0000] {dag.py:2941} INFO - Sync 1 DAGs
[2025-02-15T17:41:26.829+0000] {logging_mixin.py:154} INFO - [2025-02-15T17:41:26.829+0000] {dag.py:3722} INFO - Setting next_dagrun for example_sensors to None, run_after=None
[2025-02-15T17:41:26.892+0000] {processor.py:179} INFO - Processing /home/airflow/.local/lib/python3.8/site-packages/airflow/example_dags/example_sensors.py took 0.218 seconds
[2025-02-15T17:41:57.255+0000] {processor.py:157} INFO - Started process (PID=4094) to work on /home/airflow/.local/lib/python3.8/site-packages/airflow/example_dags/example_sensors.py
[2025-02-15T17:41:57.258+0000] {processor.py:829} INFO - Processing file /home/airflow/.local/lib/python3.8/site-packages/airflow/example_dags/example_sensors.py for tasks to queue
[2025-02-15T17:41:57.261+0000] {logging_mixin.py:154} INFO - [2025-02-15T17:41:57.260+0000] {dagbag.py:536} INFO - Filling up the DagBag from /home/airflow/.local/lib/python3.8/site-packages/airflow/example_dags/example_sensors.py
[2025-02-15T17:41:57.294+0000] {processor.py:839} INFO - DAG(s) dict_keys(['example_sensors']) retrieved from /home/airflow/.local/lib/python3.8/site-packages/airflow/example_dags/example_sensors.py
[2025-02-15T17:41:57.364+0000] {logging_mixin.py:154} INFO - [2025-02-15T17:41:57.364+0000] {dag.py:2941} INFO - Sync 1 DAGs
[2025-02-15T17:41:57.399+0000] {logging_mixin.py:154} INFO - [2025-02-15T17:41:57.399+0000] {dag.py:3722} INFO - Setting next_dagrun for example_sensors to None, run_after=None
[2025-02-15T17:41:57.462+0000] {processor.py:179} INFO - Processing /home/airflow/.local/lib/python3.8/site-packages/airflow/example_dags/example_sensors.py took 0.217 seconds
[2025-02-15T17:42:28.038+0000] {processor.py:157} INFO - Started process (PID=4351) to work on /home/airflow/.local/lib/python3.8/site-packages/airflow/example_dags/example_sensors.py
[2025-02-15T17:42:28.041+0000] {processor.py:829} INFO - Processing file /home/airflow/.local/lib/python3.8/site-packages/airflow/example_dags/example_sensors.py for tasks to queue
[2025-02-15T17:42:28.043+0000] {logging_mixin.py:154} INFO - [2025-02-15T17:42:28.043+0000] {dagbag.py:536} INFO - Filling up the DagBag from /home/airflow/.local/lib/python3.8/site-packages/airflow/example_dags/example_sensors.py
[2025-02-15T17:42:28.071+0000] {processor.py:839} INFO - DAG(s) dict_keys(['example_sensors']) retrieved from /home/airflow/.local/lib/python3.8/site-packages/airflow/example_dags/example_sensors.py
[2025-02-15T17:42:28.150+0000] {logging_mixin.py:154} INFO - [2025-02-15T17:42:28.150+0000] {dag.py:2941} INFO - Sync 1 DAGs
[2025-02-15T17:42:28.189+0000] {logging_mixin.py:154} INFO - [2025-02-15T17:42:28.188+0000] {dag.py:3722} INFO - Setting next_dagrun for example_sensors to None, run_after=None
[2025-02-15T17:42:28.244+0000] {processor.py:179} INFO - Processing /home/airflow/.local/lib/python3.8/site-packages/airflow/example_dags/example_sensors.py took 0.223 seconds
[2025-02-15T17:42:59.088+0000] {processor.py:157} INFO - Started process (PID=4589) to work on /home/airflow/.local/lib/python3.8/site-packages/airflow/example_dags/example_sensors.py
[2025-02-15T17:42:59.091+0000] {processor.py:829} INFO - Processing file /home/airflow/.local/lib/python3.8/site-packages/airflow/example_dags/example_sensors.py for tasks to queue
[2025-02-15T17:42:59.093+0000] {logging_mixin.py:154} INFO - [2025-02-15T17:42:59.092+0000] {dagbag.py:536} INFO - Filling up the DagBag from /home/airflow/.local/lib/python3.8/site-packages/airflow/example_dags/example_sensors.py
[2025-02-15T17:42:59.126+0000] {processor.py:839} INFO - DAG(s) dict_keys(['example_sensors']) retrieved from /home/airflow/.local/lib/python3.8/site-packages/airflow/example_dags/example_sensors.py
[2025-02-15T17:42:59.204+0000] {logging_mixin.py:154} INFO - [2025-02-15T17:42:59.203+0000] {dag.py:2941} INFO - Sync 1 DAGs
[2025-02-15T17:42:59.246+0000] {logging_mixin.py:154} INFO - [2025-02-15T17:42:59.245+0000] {dag.py:3722} INFO - Setting next_dagrun for example_sensors to None, run_after=None
[2025-02-15T17:42:59.330+0000] {processor.py:179} INFO - Processing /home/airflow/.local/lib/python3.8/site-packages/airflow/example_dags/example_sensors.py took 0.251 seconds
[2025-02-15T17:43:30.123+0000] {processor.py:157} INFO - Started process (PID=4826) to work on /home/airflow/.local/lib/python3.8/site-packages/airflow/example_dags/example_sensors.py
[2025-02-15T17:43:30.128+0000] {processor.py:829} INFO - Processing file /home/airflow/.local/lib/python3.8/site-packages/airflow/example_dags/example_sensors.py for tasks to queue
[2025-02-15T17:43:30.135+0000] {logging_mixin.py:154} INFO - [2025-02-15T17:43:30.134+0000] {dagbag.py:536} INFO - Filling up the DagBag from /home/airflow/.local/lib/python3.8/site-packages/airflow/example_dags/example_sensors.py
[2025-02-15T17:43:30.178+0000] {processor.py:839} INFO - DAG(s) dict_keys(['example_sensors']) retrieved from /home/airflow/.local/lib/python3.8/site-packages/airflow/example_dags/example_sensors.py
[2025-02-15T17:43:30.247+0000] {logging_mixin.py:154} INFO - [2025-02-15T17:43:30.246+0000] {dag.py:2941} INFO - Sync 1 DAGs
[2025-02-15T17:43:30.283+0000] {logging_mixin.py:154} INFO - [2025-02-15T17:43:30.283+0000] {dag.py:3722} INFO - Setting next_dagrun for example_sensors to None, run_after=None
[2025-02-15T17:43:30.358+0000] {processor.py:179} INFO - Processing /home/airflow/.local/lib/python3.8/site-packages/airflow/example_dags/example_sensors.py took 0.248 seconds
[2025-02-15T17:44:00.581+0000] {processor.py:157} INFO - Started process (PID=5064) to work on /home/airflow/.local/lib/python3.8/site-packages/airflow/example_dags/example_sensors.py
[2025-02-15T17:44:00.585+0000] {processor.py:829} INFO - Processing file /home/airflow/.local/lib/python3.8/site-packages/airflow/example_dags/example_sensors.py for tasks to queue
[2025-02-15T17:44:00.588+0000] {logging_mixin.py:154} INFO - [2025-02-15T17:44:00.587+0000] {dagbag.py:536} INFO - Filling up the DagBag from /home/airflow/.local/lib/python3.8/site-packages/airflow/example_dags/example_sensors.py
[2025-02-15T17:44:00.619+0000] {processor.py:839} INFO - DAG(s) dict_keys(['example_sensors']) retrieved from /home/airflow/.local/lib/python3.8/site-packages/airflow/example_dags/example_sensors.py
[2025-02-15T17:44:00.709+0000] {logging_mixin.py:154} INFO - [2025-02-15T17:44:00.708+0000] {dag.py:2941} INFO - Sync 1 DAGs
[2025-02-15T17:44:00.744+0000] {logging_mixin.py:154} INFO - [2025-02-15T17:44:00.744+0000] {dag.py:3722} INFO - Setting next_dagrun for example_sensors to None, run_after=None
[2025-02-15T17:44:00.817+0000] {processor.py:179} INFO - Processing /home/airflow/.local/lib/python3.8/site-packages/airflow/example_dags/example_sensors.py took 0.251 seconds
[2025-02-15T17:44:31.225+0000] {processor.py:157} INFO - Started process (PID=5302) to work on /home/airflow/.local/lib/python3.8/site-packages/airflow/example_dags/example_sensors.py
[2025-02-15T17:44:31.228+0000] {processor.py:829} INFO - Processing file /home/airflow/.local/lib/python3.8/site-packages/airflow/example_dags/example_sensors.py for tasks to queue
[2025-02-15T17:44:31.230+0000] {logging_mixin.py:154} INFO - [2025-02-15T17:44:31.229+0000] {dagbag.py:536} INFO - Filling up the DagBag from /home/airflow/.local/lib/python3.8/site-packages/airflow/example_dags/example_sensors.py
[2025-02-15T17:44:31.261+0000] {processor.py:839} INFO - DAG(s) dict_keys(['example_sensors']) retrieved from /home/airflow/.local/lib/python3.8/site-packages/airflow/example_dags/example_sensors.py
[2025-02-15T17:44:31.337+0000] {logging_mixin.py:154} INFO - [2025-02-15T17:44:31.337+0000] {dag.py:2941} INFO - Sync 1 DAGs
[2025-02-15T17:44:31.373+0000] {logging_mixin.py:154} INFO - [2025-02-15T17:44:31.372+0000] {dag.py:3722} INFO - Setting next_dagrun for example_sensors to None, run_after=None
[2025-02-15T17:44:31.433+0000] {processor.py:179} INFO - Processing /home/airflow/.local/lib/python3.8/site-packages/airflow/example_dags/example_sensors.py took 0.218 seconds
[2025-02-15T17:45:02.284+0000] {processor.py:157} INFO - Started process (PID=5539) to work on /home/airflow/.local/lib/python3.8/site-packages/airflow/example_dags/example_sensors.py
[2025-02-15T17:45:02.287+0000] {processor.py:829} INFO - Processing file /home/airflow/.local/lib/python3.8/site-packages/airflow/example_dags/example_sensors.py for tasks to queue
[2025-02-15T17:45:02.289+0000] {logging_mixin.py:154} INFO - [2025-02-15T17:45:02.288+0000] {dagbag.py:536} INFO - Filling up the DagBag from /home/airflow/.local/lib/python3.8/site-packages/airflow/example_dags/example_sensors.py
[2025-02-15T17:45:02.316+0000] {processor.py:839} INFO - DAG(s) dict_keys(['example_sensors']) retrieved from /home/airflow/.local/lib/python3.8/site-packages/airflow/example_dags/example_sensors.py
[2025-02-15T17:45:02.415+0000] {logging_mixin.py:154} INFO - [2025-02-15T17:45:02.414+0000] {dag.py:2941} INFO - Sync 1 DAGs
[2025-02-15T17:45:02.473+0000] {logging_mixin.py:154} INFO - [2025-02-15T17:45:02.473+0000] {dag.py:3722} INFO - Setting next_dagrun for example_sensors to None, run_after=None
[2025-02-15T17:45:02.546+0000] {processor.py:179} INFO - Processing /home/airflow/.local/lib/python3.8/site-packages/airflow/example_dags/example_sensors.py took 0.274 seconds
[2025-02-15T17:45:32.688+0000] {processor.py:157} INFO - Started process (PID=5774) to work on /home/airflow/.local/lib/python3.8/site-packages/airflow/example_dags/example_sensors.py
[2025-02-15T17:45:32.690+0000] {processor.py:829} INFO - Processing file /home/airflow/.local/lib/python3.8/site-packages/airflow/example_dags/example_sensors.py for tasks to queue
[2025-02-15T17:45:32.692+0000] {logging_mixin.py:154} INFO - [2025-02-15T17:45:32.692+0000] {dagbag.py:536} INFO - Filling up the DagBag from /home/airflow/.local/lib/python3.8/site-packages/airflow/example_dags/example_sensors.py
[2025-02-15T17:45:32.720+0000] {processor.py:839} INFO - DAG(s) dict_keys(['example_sensors']) retrieved from /home/airflow/.local/lib/python3.8/site-packages/airflow/example_dags/example_sensors.py
[2025-02-15T17:45:32.810+0000] {logging_mixin.py:154} INFO - [2025-02-15T17:45:32.810+0000] {dag.py:2941} INFO - Sync 1 DAGs
[2025-02-15T17:45:32.848+0000] {logging_mixin.py:154} INFO - [2025-02-15T17:45:32.847+0000] {dag.py:3722} INFO - Setting next_dagrun for example_sensors to None, run_after=None
[2025-02-15T17:45:32.912+0000] {processor.py:179} INFO - Processing /home/airflow/.local/lib/python3.8/site-packages/airflow/example_dags/example_sensors.py took 0.233 seconds
[2025-02-15T17:46:03.604+0000] {processor.py:157} INFO - Started process (PID=6009) to work on /home/airflow/.local/lib/python3.8/site-packages/airflow/example_dags/example_sensors.py
[2025-02-15T17:46:03.607+0000] {processor.py:829} INFO - Processing file /home/airflow/.local/lib/python3.8/site-packages/airflow/example_dags/example_sensors.py for tasks to queue
[2025-02-15T17:46:03.610+0000] {logging_mixin.py:154} INFO - [2025-02-15T17:46:03.609+0000] {dagbag.py:536} INFO - Filling up the DagBag from /home/airflow/.local/lib/python3.8/site-packages/airflow/example_dags/example_sensors.py
[2025-02-15T17:46:03.644+0000] {processor.py:839} INFO - DAG(s) dict_keys(['example_sensors']) retrieved from /home/airflow/.local/lib/python3.8/site-packages/airflow/example_dags/example_sensors.py
[2025-02-15T17:46:03.721+0000] {logging_mixin.py:154} INFO - [2025-02-15T17:46:03.720+0000] {dag.py:2941} INFO - Sync 1 DAGs
[2025-02-15T17:46:03.764+0000] {logging_mixin.py:154} INFO - [2025-02-15T17:46:03.763+0000] {dag.py:3722} INFO - Setting next_dagrun for example_sensors to None, run_after=None
[2025-02-15T17:46:03.818+0000] {processor.py:179} INFO - Processing /home/airflow/.local/lib/python3.8/site-packages/airflow/example_dags/example_sensors.py took 0.227 seconds
