[2025-02-15T17:17:02.054+0000] {processor.py:157} INFO - Started process (PID=359) to work on /home/airflow/.local/lib/python3.8/site-packages/airflow/example_dags/example_short_circuit_decorator.py
[2025-02-15T17:17:02.058+0000] {processor.py:829} INFO - Processing file /home/airflow/.local/lib/python3.8/site-packages/airflow/example_dags/example_short_circuit_decorator.py for tasks to queue
[2025-02-15T17:17:02.065+0000] {logging_mixin.py:154} INFO - [2025-02-15T17:17:02.064+0000] {dagbag.py:536} INFO - Filling up the DagBag from /home/airflow/.local/lib/python3.8/site-packages/airflow/example_dags/example_short_circuit_decorator.py
[2025-02-15T17:17:02.120+0000] {processor.py:839} INFO - DAG(s) dict_keys(['example_short_circuit_decorator']) retrieved from /home/airflow/.local/lib/python3.8/site-packages/airflow/example_dags/example_short_circuit_decorator.py
[2025-02-15T17:17:02.290+0000] {logging_mixin.py:154} INFO - [2025-02-15T17:17:02.290+0000] {dag.py:2941} INFO - Sync 1 DAGs
[2025-02-15T17:17:02.427+0000] {logging_mixin.py:154} INFO - [2025-02-15T17:17:02.424+0000] {dag.py:3722} INFO - Setting next_dagrun for example_short_circuit_decorator to 2025-02-14T17:17:02.423547+00:00, run_after=2025-02-15T17:17:02.423547+00:00
[2025-02-15T17:17:02.547+0000] {processor.py:179} INFO - Processing /home/airflow/.local/lib/python3.8/site-packages/airflow/example_dags/example_short_circuit_decorator.py took 0.516 seconds
[2025-02-15T17:17:43.880+0000] {processor.py:157} INFO - Started process (PID=604) to work on /home/airflow/.local/lib/python3.8/site-packages/airflow/example_dags/example_short_circuit_decorator.py
[2025-02-15T17:17:43.891+0000] {processor.py:829} INFO - Processing file /home/airflow/.local/lib/python3.8/site-packages/airflow/example_dags/example_short_circuit_decorator.py for tasks to queue
[2025-02-15T17:17:43.899+0000] {logging_mixin.py:154} INFO - [2025-02-15T17:17:43.892+0000] {dagbag.py:536} INFO - Filling up the DagBag from /home/airflow/.local/lib/python3.8/site-packages/airflow/example_dags/example_short_circuit_decorator.py
[2025-02-15T17:17:44.065+0000] {processor.py:839} INFO - DAG(s) dict_keys(['example_short_circuit_decorator']) retrieved from /home/airflow/.local/lib/python3.8/site-packages/airflow/example_dags/example_short_circuit_decorator.py
[2025-02-15T17:17:44.279+0000] {logging_mixin.py:154} INFO - [2025-02-15T17:17:44.278+0000] {dag.py:2941} INFO - Sync 1 DAGs
[2025-02-15T17:17:44.357+0000] {logging_mixin.py:154} INFO - [2025-02-15T17:17:44.356+0000] {dag.py:3722} INFO - Setting next_dagrun for example_short_circuit_decorator to 2025-02-14T17:17:44.355630+00:00, run_after=2025-02-15T17:17:44.355630+00:00
[2025-02-15T17:17:44.407+0000] {processor.py:179} INFO - Processing /home/airflow/.local/lib/python3.8/site-packages/airflow/example_dags/example_short_circuit_decorator.py took 0.558 seconds
[2025-02-15T17:18:16.751+0000] {processor.py:157} INFO - Started process (PID=841) to work on /home/airflow/.local/lib/python3.8/site-packages/airflow/example_dags/example_short_circuit_decorator.py
[2025-02-15T17:18:16.759+0000] {processor.py:829} INFO - Processing file /home/airflow/.local/lib/python3.8/site-packages/airflow/example_dags/example_short_circuit_decorator.py for tasks to queue
[2025-02-15T17:18:16.762+0000] {logging_mixin.py:154} INFO - [2025-02-15T17:18:16.760+0000] {dagbag.py:536} INFO - Filling up the DagBag from /home/airflow/.local/lib/python3.8/site-packages/airflow/example_dags/example_short_circuit_decorator.py
[2025-02-15T17:18:16.813+0000] {processor.py:839} INFO - DAG(s) dict_keys(['example_short_circuit_decorator']) retrieved from /home/airflow/.local/lib/python3.8/site-packages/airflow/example_dags/example_short_circuit_decorator.py
[2025-02-15T17:18:17.034+0000] {logging_mixin.py:154} INFO - [2025-02-15T17:18:17.034+0000] {dag.py:2941} INFO - Sync 1 DAGs
[2025-02-15T17:18:17.453+0000] {logging_mixin.py:154} INFO - [2025-02-15T17:18:17.451+0000] {dag.py:3722} INFO - Setting next_dagrun for example_short_circuit_decorator to 2025-02-14T17:18:17.447791+00:00, run_after=2025-02-15T17:18:17.447791+00:00
[2025-02-15T17:18:17.586+0000] {processor.py:179} INFO - Processing /home/airflow/.local/lib/python3.8/site-packages/airflow/example_dags/example_short_circuit_decorator.py took 0.890 seconds
[2025-02-15T17:18:50.237+0000] {processor.py:157} INFO - Started process (PID=1079) to work on /home/airflow/.local/lib/python3.8/site-packages/airflow/example_dags/example_short_circuit_decorator.py
[2025-02-15T17:18:50.247+0000] {processor.py:829} INFO - Processing file /home/airflow/.local/lib/python3.8/site-packages/airflow/example_dags/example_short_circuit_decorator.py for tasks to queue
[2025-02-15T17:18:50.257+0000] {logging_mixin.py:154} INFO - [2025-02-15T17:18:50.254+0000] {dagbag.py:536} INFO - Filling up the DagBag from /home/airflow/.local/lib/python3.8/site-packages/airflow/example_dags/example_short_circuit_decorator.py
[2025-02-15T17:18:50.407+0000] {processor.py:839} INFO - DAG(s) dict_keys(['example_short_circuit_decorator']) retrieved from /home/airflow/.local/lib/python3.8/site-packages/airflow/example_dags/example_short_circuit_decorator.py
[2025-02-15T17:18:50.552+0000] {logging_mixin.py:154} INFO - [2025-02-15T17:18:50.552+0000] {dag.py:2941} INFO - Sync 1 DAGs
[2025-02-15T17:18:50.760+0000] {logging_mixin.py:154} INFO - [2025-02-15T17:18:50.759+0000] {dag.py:3722} INFO - Setting next_dagrun for example_short_circuit_decorator to 2025-02-14T17:18:50.756804+00:00, run_after=2025-02-15T17:18:50.756804+00:00
[2025-02-15T17:18:50.894+0000] {processor.py:179} INFO - Processing /home/airflow/.local/lib/python3.8/site-packages/airflow/example_dags/example_short_circuit_decorator.py took 0.684 seconds
[2025-02-15T17:19:27.130+0000] {processor.py:157} INFO - Started process (PID=1317) to work on /home/airflow/.local/lib/python3.8/site-packages/airflow/example_dags/example_short_circuit_decorator.py
[2025-02-15T17:19:27.138+0000] {processor.py:829} INFO - Processing file /home/airflow/.local/lib/python3.8/site-packages/airflow/example_dags/example_short_circuit_decorator.py for tasks to queue
[2025-02-15T17:19:27.141+0000] {logging_mixin.py:154} INFO - [2025-02-15T17:19:27.140+0000] {dagbag.py:536} INFO - Filling up the DagBag from /home/airflow/.local/lib/python3.8/site-packages/airflow/example_dags/example_short_circuit_decorator.py
[2025-02-15T17:19:27.205+0000] {processor.py:839} INFO - DAG(s) dict_keys(['example_short_circuit_decorator']) retrieved from /home/airflow/.local/lib/python3.8/site-packages/airflow/example_dags/example_short_circuit_decorator.py
[2025-02-15T17:19:27.516+0000] {logging_mixin.py:154} INFO - [2025-02-15T17:19:27.514+0000] {dag.py:2941} INFO - Sync 1 DAGs
[2025-02-15T17:19:27.744+0000] {logging_mixin.py:154} INFO - [2025-02-15T17:19:27.743+0000] {dag.py:3722} INFO - Setting next_dagrun for example_short_circuit_decorator to 2025-02-14T17:19:27.742508+00:00, run_after=2025-02-15T17:19:27.742508+00:00
[2025-02-15T17:19:28.075+0000] {processor.py:179} INFO - Processing /home/airflow/.local/lib/python3.8/site-packages/airflow/example_dags/example_short_circuit_decorator.py took 1.105 seconds
[2025-02-15T17:20:04.146+0000] {processor.py:157} INFO - Started process (PID=1555) to work on /home/airflow/.local/lib/python3.8/site-packages/airflow/example_dags/example_short_circuit_decorator.py
[2025-02-15T17:20:04.149+0000] {processor.py:829} INFO - Processing file /home/airflow/.local/lib/python3.8/site-packages/airflow/example_dags/example_short_circuit_decorator.py for tasks to queue
[2025-02-15T17:20:04.154+0000] {logging_mixin.py:154} INFO - [2025-02-15T17:20:04.151+0000] {dagbag.py:536} INFO - Filling up the DagBag from /home/airflow/.local/lib/python3.8/site-packages/airflow/example_dags/example_short_circuit_decorator.py
[2025-02-15T17:20:04.345+0000] {processor.py:839} INFO - DAG(s) dict_keys(['example_short_circuit_decorator']) retrieved from /home/airflow/.local/lib/python3.8/site-packages/airflow/example_dags/example_short_circuit_decorator.py
[2025-02-15T17:20:04.442+0000] {logging_mixin.py:154} INFO - [2025-02-15T17:20:04.442+0000] {dag.py:2941} INFO - Sync 1 DAGs
[2025-02-15T17:20:04.649+0000] {logging_mixin.py:154} INFO - [2025-02-15T17:20:04.648+0000] {dag.py:3722} INFO - Setting next_dagrun for example_short_circuit_decorator to 2025-02-14T17:20:04.645788+00:00, run_after=2025-02-15T17:20:04.645788+00:00
[2025-02-15T17:20:04.806+0000] {processor.py:179} INFO - Processing /home/airflow/.local/lib/python3.8/site-packages/airflow/example_dags/example_short_circuit_decorator.py took 0.713 seconds
[2025-02-15T17:20:35.107+0000] {processor.py:157} INFO - Started process (PID=1795) to work on /home/airflow/.local/lib/python3.8/site-packages/airflow/example_dags/example_short_circuit_decorator.py
[2025-02-15T17:20:35.110+0000] {processor.py:829} INFO - Processing file /home/airflow/.local/lib/python3.8/site-packages/airflow/example_dags/example_short_circuit_decorator.py for tasks to queue
[2025-02-15T17:20:35.112+0000] {logging_mixin.py:154} INFO - [2025-02-15T17:20:35.112+0000] {dagbag.py:536} INFO - Filling up the DagBag from /home/airflow/.local/lib/python3.8/site-packages/airflow/example_dags/example_short_circuit_decorator.py
[2025-02-15T17:20:35.139+0000] {processor.py:839} INFO - DAG(s) dict_keys(['example_short_circuit_decorator']) retrieved from /home/airflow/.local/lib/python3.8/site-packages/airflow/example_dags/example_short_circuit_decorator.py
[2025-02-15T17:20:35.217+0000] {logging_mixin.py:154} INFO - [2025-02-15T17:20:35.217+0000] {dag.py:2941} INFO - Sync 1 DAGs
[2025-02-15T17:20:35.280+0000] {logging_mixin.py:154} INFO - [2025-02-15T17:20:35.279+0000] {dag.py:3722} INFO - Setting next_dagrun for example_short_circuit_decorator to 2025-02-14T17:20:35.278940+00:00, run_after=2025-02-15T17:20:35.278940+00:00
[2025-02-15T17:20:35.335+0000] {processor.py:179} INFO - Processing /home/airflow/.local/lib/python3.8/site-packages/airflow/example_dags/example_short_circuit_decorator.py took 0.242 seconds
[2025-02-15T17:21:06.674+0000] {processor.py:157} INFO - Started process (PID=2031) to work on /home/airflow/.local/lib/python3.8/site-packages/airflow/example_dags/example_short_circuit_decorator.py
[2025-02-15T17:21:06.677+0000] {processor.py:829} INFO - Processing file /home/airflow/.local/lib/python3.8/site-packages/airflow/example_dags/example_short_circuit_decorator.py for tasks to queue
[2025-02-15T17:21:06.681+0000] {logging_mixin.py:154} INFO - [2025-02-15T17:21:06.680+0000] {dagbag.py:536} INFO - Filling up the DagBag from /home/airflow/.local/lib/python3.8/site-packages/airflow/example_dags/example_short_circuit_decorator.py
[2025-02-15T17:21:06.747+0000] {processor.py:839} INFO - DAG(s) dict_keys(['example_short_circuit_decorator']) retrieved from /home/airflow/.local/lib/python3.8/site-packages/airflow/example_dags/example_short_circuit_decorator.py
[2025-02-15T17:21:06.873+0000] {logging_mixin.py:154} INFO - [2025-02-15T17:21:06.873+0000] {dag.py:2941} INFO - Sync 1 DAGs
[2025-02-15T17:21:06.971+0000] {logging_mixin.py:154} INFO - [2025-02-15T17:21:06.970+0000] {dag.py:3722} INFO - Setting next_dagrun for example_short_circuit_decorator to 2025-02-14T17:21:06.969865+00:00, run_after=2025-02-15T17:21:06.969865+00:00
[2025-02-15T17:21:07.032+0000] {processor.py:179} INFO - Processing /home/airflow/.local/lib/python3.8/site-packages/airflow/example_dags/example_short_circuit_decorator.py took 0.373 seconds
[2025-02-15T17:21:37.752+0000] {processor.py:157} INFO - Started process (PID=2263) to work on /home/airflow/.local/lib/python3.8/site-packages/airflow/example_dags/example_short_circuit_decorator.py
[2025-02-15T17:21:37.755+0000] {processor.py:829} INFO - Processing file /home/airflow/.local/lib/python3.8/site-packages/airflow/example_dags/example_short_circuit_decorator.py for tasks to queue
[2025-02-15T17:21:37.758+0000] {logging_mixin.py:154} INFO - [2025-02-15T17:21:37.757+0000] {dagbag.py:536} INFO - Filling up the DagBag from /home/airflow/.local/lib/python3.8/site-packages/airflow/example_dags/example_short_circuit_decorator.py
[2025-02-15T17:21:37.803+0000] {processor.py:839} INFO - DAG(s) dict_keys(['example_short_circuit_decorator']) retrieved from /home/airflow/.local/lib/python3.8/site-packages/airflow/example_dags/example_short_circuit_decorator.py
[2025-02-15T17:21:37.905+0000] {logging_mixin.py:154} INFO - [2025-02-15T17:21:37.905+0000] {dag.py:2941} INFO - Sync 1 DAGs
[2025-02-15T17:21:37.983+0000] {logging_mixin.py:154} INFO - [2025-02-15T17:21:37.982+0000] {dag.py:3722} INFO - Setting next_dagrun for example_short_circuit_decorator to 2025-02-14T17:21:37.981542+00:00, run_after=2025-02-15T17:21:37.981542+00:00
[2025-02-15T17:21:38.045+0000] {processor.py:179} INFO - Processing /home/airflow/.local/lib/python3.8/site-packages/airflow/example_dags/example_short_circuit_decorator.py took 0.305 seconds
[2025-02-15T17:22:13.048+0000] {processor.py:157} INFO - Started process (PID=2500) to work on /home/airflow/.local/lib/python3.8/site-packages/airflow/example_dags/example_short_circuit_decorator.py
[2025-02-15T17:22:13.060+0000] {processor.py:829} INFO - Processing file /home/airflow/.local/lib/python3.8/site-packages/airflow/example_dags/example_short_circuit_decorator.py for tasks to queue
[2025-02-15T17:22:13.066+0000] {logging_mixin.py:154} INFO - [2025-02-15T17:22:13.064+0000] {dagbag.py:536} INFO - Filling up the DagBag from /home/airflow/.local/lib/python3.8/site-packages/airflow/example_dags/example_short_circuit_decorator.py
[2025-02-15T17:22:13.106+0000] {processor.py:839} INFO - DAG(s) dict_keys(['example_short_circuit_decorator']) retrieved from /home/airflow/.local/lib/python3.8/site-packages/airflow/example_dags/example_short_circuit_decorator.py
[2025-02-15T17:22:13.217+0000] {logging_mixin.py:154} INFO - [2025-02-15T17:22:13.216+0000] {dag.py:2941} INFO - Sync 1 DAGs
[2025-02-15T17:22:13.368+0000] {logging_mixin.py:154} INFO - [2025-02-15T17:22:13.367+0000] {dag.py:3722} INFO - Setting next_dagrun for example_short_circuit_decorator to 2025-02-14T17:22:13.366606+00:00, run_after=2025-02-15T17:22:13.366606+00:00
[2025-02-15T17:22:13.493+0000] {processor.py:179} INFO - Processing /home/airflow/.local/lib/python3.8/site-packages/airflow/example_dags/example_short_circuit_decorator.py took 0.470 seconds
[2025-02-15T17:22:43.992+0000] {processor.py:157} INFO - Started process (PID=2739) to work on /home/airflow/.local/lib/python3.8/site-packages/airflow/example_dags/example_short_circuit_decorator.py
[2025-02-15T17:22:43.997+0000] {processor.py:829} INFO - Processing file /home/airflow/.local/lib/python3.8/site-packages/airflow/example_dags/example_short_circuit_decorator.py for tasks to queue
[2025-02-15T17:22:44.010+0000] {logging_mixin.py:154} INFO - [2025-02-15T17:22:44.009+0000] {dagbag.py:536} INFO - Filling up the DagBag from /home/airflow/.local/lib/python3.8/site-packages/airflow/example_dags/example_short_circuit_decorator.py
[2025-02-15T17:22:44.125+0000] {processor.py:839} INFO - DAG(s) dict_keys(['example_short_circuit_decorator']) retrieved from /home/airflow/.local/lib/python3.8/site-packages/airflow/example_dags/example_short_circuit_decorator.py
[2025-02-15T17:22:44.327+0000] {logging_mixin.py:154} INFO - [2025-02-15T17:22:44.327+0000] {dag.py:2941} INFO - Sync 1 DAGs
[2025-02-15T17:22:44.860+0000] {logging_mixin.py:154} INFO - [2025-02-15T17:22:44.859+0000] {dag.py:3722} INFO - Setting next_dagrun for example_short_circuit_decorator to 2025-02-14T17:22:44.852147+00:00, run_after=2025-02-15T17:22:44.852147+00:00
[2025-02-15T17:22:45.156+0000] {processor.py:179} INFO - Processing /home/airflow/.local/lib/python3.8/site-packages/airflow/example_dags/example_short_circuit_decorator.py took 1.175 seconds
[2025-02-15T17:23:15.706+0000] {processor.py:157} INFO - Started process (PID=2979) to work on /home/airflow/.local/lib/python3.8/site-packages/airflow/example_dags/example_short_circuit_decorator.py
[2025-02-15T17:23:15.709+0000] {processor.py:829} INFO - Processing file /home/airflow/.local/lib/python3.8/site-packages/airflow/example_dags/example_short_circuit_decorator.py for tasks to queue
[2025-02-15T17:23:15.712+0000] {logging_mixin.py:154} INFO - [2025-02-15T17:23:15.710+0000] {dagbag.py:536} INFO - Filling up the DagBag from /home/airflow/.local/lib/python3.8/site-packages/airflow/example_dags/example_short_circuit_decorator.py
[2025-02-15T17:23:15.744+0000] {processor.py:839} INFO - DAG(s) dict_keys(['example_short_circuit_decorator']) retrieved from /home/airflow/.local/lib/python3.8/site-packages/airflow/example_dags/example_short_circuit_decorator.py
[2025-02-15T17:23:15.812+0000] {logging_mixin.py:154} INFO - [2025-02-15T17:23:15.811+0000] {dag.py:2941} INFO - Sync 1 DAGs
[2025-02-15T17:23:15.896+0000] {logging_mixin.py:154} INFO - [2025-02-15T17:23:15.895+0000] {dag.py:3722} INFO - Setting next_dagrun for example_short_circuit_decorator to 2025-02-14T17:23:15.894087+00:00, run_after=2025-02-15T17:23:15.894087+00:00
[2025-02-15T17:23:15.955+0000] {processor.py:179} INFO - Processing /home/airflow/.local/lib/python3.8/site-packages/airflow/example_dags/example_short_circuit_decorator.py took 0.259 seconds
[2025-02-15T17:23:46.546+0000] {processor.py:157} INFO - Started process (PID=3215) to work on /home/airflow/.local/lib/python3.8/site-packages/airflow/example_dags/example_short_circuit_decorator.py
[2025-02-15T17:23:46.556+0000] {processor.py:829} INFO - Processing file /home/airflow/.local/lib/python3.8/site-packages/airflow/example_dags/example_short_circuit_decorator.py for tasks to queue
[2025-02-15T17:23:46.560+0000] {logging_mixin.py:154} INFO - [2025-02-15T17:23:46.559+0000] {dagbag.py:536} INFO - Filling up the DagBag from /home/airflow/.local/lib/python3.8/site-packages/airflow/example_dags/example_short_circuit_decorator.py
[2025-02-15T17:23:46.640+0000] {processor.py:839} INFO - DAG(s) dict_keys(['example_short_circuit_decorator']) retrieved from /home/airflow/.local/lib/python3.8/site-packages/airflow/example_dags/example_short_circuit_decorator.py
[2025-02-15T17:23:46.723+0000] {logging_mixin.py:154} INFO - [2025-02-15T17:23:46.723+0000] {dag.py:2941} INFO - Sync 1 DAGs
[2025-02-15T17:23:46.797+0000] {logging_mixin.py:154} INFO - [2025-02-15T17:23:46.797+0000] {dag.py:3722} INFO - Setting next_dagrun for example_short_circuit_decorator to 2025-02-14T17:23:46.796642+00:00, run_after=2025-02-15T17:23:46.796642+00:00
[2025-02-15T17:23:46.899+0000] {processor.py:179} INFO - Processing /home/airflow/.local/lib/python3.8/site-packages/airflow/example_dags/example_short_circuit_decorator.py took 0.385 seconds
[2025-02-15T17:28:09.538+0000] {processor.py:157} INFO - Started process (PID=356) to work on /home/airflow/.local/lib/python3.8/site-packages/airflow/example_dags/example_short_circuit_decorator.py
[2025-02-15T17:28:09.545+0000] {processor.py:829} INFO - Processing file /home/airflow/.local/lib/python3.8/site-packages/airflow/example_dags/example_short_circuit_decorator.py for tasks to queue
[2025-02-15T17:28:09.551+0000] {logging_mixin.py:154} INFO - [2025-02-15T17:28:09.550+0000] {dagbag.py:536} INFO - Filling up the DagBag from /home/airflow/.local/lib/python3.8/site-packages/airflow/example_dags/example_short_circuit_decorator.py
[2025-02-15T17:28:09.603+0000] {processor.py:839} INFO - DAG(s) dict_keys(['example_short_circuit_decorator']) retrieved from /home/airflow/.local/lib/python3.8/site-packages/airflow/example_dags/example_short_circuit_decorator.py
[2025-02-15T17:28:09.691+0000] {logging_mixin.py:154} INFO - [2025-02-15T17:28:09.686+0000] {dag.py:2941} INFO - Sync 1 DAGs
[2025-02-15T17:28:09.776+0000] {logging_mixin.py:154} INFO - [2025-02-15T17:28:09.775+0000] {dag.py:3722} INFO - Setting next_dagrun for example_short_circuit_decorator to 2025-02-14T17:28:09.774714+00:00, run_after=2025-02-15T17:28:09.774714+00:00
[2025-02-15T17:28:09.888+0000] {processor.py:179} INFO - Processing /home/airflow/.local/lib/python3.8/site-packages/airflow/example_dags/example_short_circuit_decorator.py took 0.359 seconds
[2025-02-15T17:33:49.073+0000] {processor.py:157} INFO - Started process (PID=357) to work on /home/airflow/.local/lib/python3.8/site-packages/airflow/example_dags/example_short_circuit_decorator.py
[2025-02-15T17:33:49.077+0000] {processor.py:829} INFO - Processing file /home/airflow/.local/lib/python3.8/site-packages/airflow/example_dags/example_short_circuit_decorator.py for tasks to queue
[2025-02-15T17:33:49.080+0000] {logging_mixin.py:154} INFO - [2025-02-15T17:33:49.079+0000] {dagbag.py:536} INFO - Filling up the DagBag from /home/airflow/.local/lib/python3.8/site-packages/airflow/example_dags/example_short_circuit_decorator.py
[2025-02-15T17:33:49.153+0000] {processor.py:839} INFO - DAG(s) dict_keys(['example_short_circuit_decorator']) retrieved from /home/airflow/.local/lib/python3.8/site-packages/airflow/example_dags/example_short_circuit_decorator.py
[2025-02-15T17:33:49.214+0000] {logging_mixin.py:154} INFO - [2025-02-15T17:33:49.213+0000] {dag.py:2941} INFO - Sync 1 DAGs
[2025-02-15T17:33:49.284+0000] {logging_mixin.py:154} INFO - [2025-02-15T17:33:49.283+0000] {dag.py:3722} INFO - Setting next_dagrun for example_short_circuit_decorator to 2025-02-14T17:33:49.283040+00:00, run_after=2025-02-15T17:33:49.283040+00:00
[2025-02-15T17:33:49.334+0000] {processor.py:179} INFO - Processing /home/airflow/.local/lib/python3.8/site-packages/airflow/example_dags/example_short_circuit_decorator.py took 0.272 seconds
[2025-02-15T17:34:20.445+0000] {processor.py:157} INFO - Started process (PID=596) to work on /home/airflow/.local/lib/python3.8/site-packages/airflow/example_dags/example_short_circuit_decorator.py
[2025-02-15T17:34:20.447+0000] {processor.py:829} INFO - Processing file /home/airflow/.local/lib/python3.8/site-packages/airflow/example_dags/example_short_circuit_decorator.py for tasks to queue
[2025-02-15T17:34:20.452+0000] {logging_mixin.py:154} INFO - [2025-02-15T17:34:20.452+0000] {dagbag.py:536} INFO - Filling up the DagBag from /home/airflow/.local/lib/python3.8/site-packages/airflow/example_dags/example_short_circuit_decorator.py
[2025-02-15T17:34:20.486+0000] {processor.py:839} INFO - DAG(s) dict_keys(['example_short_circuit_decorator']) retrieved from /home/airflow/.local/lib/python3.8/site-packages/airflow/example_dags/example_short_circuit_decorator.py
[2025-02-15T17:34:20.560+0000] {logging_mixin.py:154} INFO - [2025-02-15T17:34:20.559+0000] {dag.py:2941} INFO - Sync 1 DAGs
[2025-02-15T17:34:20.624+0000] {logging_mixin.py:154} INFO - [2025-02-15T17:34:20.624+0000] {dag.py:3722} INFO - Setting next_dagrun for example_short_circuit_decorator to 2025-02-14T17:34:20.623474+00:00, run_after=2025-02-15T17:34:20.623474+00:00
[2025-02-15T17:34:20.688+0000] {processor.py:179} INFO - Processing /home/airflow/.local/lib/python3.8/site-packages/airflow/example_dags/example_short_circuit_decorator.py took 0.254 seconds
[2025-02-15T17:34:53.585+0000] {processor.py:157} INFO - Started process (PID=831) to work on /home/airflow/.local/lib/python3.8/site-packages/airflow/example_dags/example_short_circuit_decorator.py
[2025-02-15T17:34:53.589+0000] {processor.py:829} INFO - Processing file /home/airflow/.local/lib/python3.8/site-packages/airflow/example_dags/example_short_circuit_decorator.py for tasks to queue
[2025-02-15T17:34:53.593+0000] {logging_mixin.py:154} INFO - [2025-02-15T17:34:53.592+0000] {dagbag.py:536} INFO - Filling up the DagBag from /home/airflow/.local/lib/python3.8/site-packages/airflow/example_dags/example_short_circuit_decorator.py
[2025-02-15T17:34:53.629+0000] {processor.py:839} INFO - DAG(s) dict_keys(['example_short_circuit_decorator']) retrieved from /home/airflow/.local/lib/python3.8/site-packages/airflow/example_dags/example_short_circuit_decorator.py
[2025-02-15T17:34:53.712+0000] {logging_mixin.py:154} INFO - [2025-02-15T17:34:53.711+0000] {dag.py:2941} INFO - Sync 1 DAGs
[2025-02-15T17:34:53.863+0000] {logging_mixin.py:154} INFO - [2025-02-15T17:34:53.863+0000] {dag.py:3722} INFO - Setting next_dagrun for example_short_circuit_decorator to 2025-02-14T17:34:53.862559+00:00, run_after=2025-02-15T17:34:53.862559+00:00
[2025-02-15T17:34:53.933+0000] {processor.py:179} INFO - Processing /home/airflow/.local/lib/python3.8/site-packages/airflow/example_dags/example_short_circuit_decorator.py took 0.371 seconds
[2025-02-15T17:35:24.161+0000] {processor.py:157} INFO - Started process (PID=1070) to work on /home/airflow/.local/lib/python3.8/site-packages/airflow/example_dags/example_short_circuit_decorator.py
[2025-02-15T17:35:24.164+0000] {processor.py:829} INFO - Processing file /home/airflow/.local/lib/python3.8/site-packages/airflow/example_dags/example_short_circuit_decorator.py for tasks to queue
[2025-02-15T17:35:24.167+0000] {logging_mixin.py:154} INFO - [2025-02-15T17:35:24.165+0000] {dagbag.py:536} INFO - Filling up the DagBag from /home/airflow/.local/lib/python3.8/site-packages/airflow/example_dags/example_short_circuit_decorator.py
[2025-02-15T17:35:24.201+0000] {processor.py:839} INFO - DAG(s) dict_keys(['example_short_circuit_decorator']) retrieved from /home/airflow/.local/lib/python3.8/site-packages/airflow/example_dags/example_short_circuit_decorator.py
[2025-02-15T17:35:24.304+0000] {logging_mixin.py:154} INFO - [2025-02-15T17:35:24.303+0000] {dag.py:2941} INFO - Sync 1 DAGs
[2025-02-15T17:35:24.376+0000] {logging_mixin.py:154} INFO - [2025-02-15T17:35:24.375+0000] {dag.py:3722} INFO - Setting next_dagrun for example_short_circuit_decorator to 2025-02-14T17:35:24.375221+00:00, run_after=2025-02-15T17:35:24.375221+00:00
[2025-02-15T17:35:24.428+0000] {processor.py:179} INFO - Processing /home/airflow/.local/lib/python3.8/site-packages/airflow/example_dags/example_short_circuit_decorator.py took 0.283 seconds
[2025-02-15T17:35:55.226+0000] {processor.py:157} INFO - Started process (PID=1308) to work on /home/airflow/.local/lib/python3.8/site-packages/airflow/example_dags/example_short_circuit_decorator.py
[2025-02-15T17:35:55.230+0000] {processor.py:829} INFO - Processing file /home/airflow/.local/lib/python3.8/site-packages/airflow/example_dags/example_short_circuit_decorator.py for tasks to queue
[2025-02-15T17:35:55.232+0000] {logging_mixin.py:154} INFO - [2025-02-15T17:35:55.231+0000] {dagbag.py:536} INFO - Filling up the DagBag from /home/airflow/.local/lib/python3.8/site-packages/airflow/example_dags/example_short_circuit_decorator.py
[2025-02-15T17:35:55.263+0000] {processor.py:839} INFO - DAG(s) dict_keys(['example_short_circuit_decorator']) retrieved from /home/airflow/.local/lib/python3.8/site-packages/airflow/example_dags/example_short_circuit_decorator.py
[2025-02-15T17:35:55.351+0000] {logging_mixin.py:154} INFO - [2025-02-15T17:35:55.349+0000] {dag.py:2941} INFO - Sync 1 DAGs
[2025-02-15T17:35:55.442+0000] {logging_mixin.py:154} INFO - [2025-02-15T17:35:55.441+0000] {dag.py:3722} INFO - Setting next_dagrun for example_short_circuit_decorator to 2025-02-14T17:35:55.439981+00:00, run_after=2025-02-15T17:35:55.439981+00:00
[2025-02-15T17:35:55.509+0000] {processor.py:179} INFO - Processing /home/airflow/.local/lib/python3.8/site-packages/airflow/example_dags/example_short_circuit_decorator.py took 0.299 seconds
[2025-02-15T17:36:25.629+0000] {processor.py:157} INFO - Started process (PID=1564) to work on /home/airflow/.local/lib/python3.8/site-packages/airflow/example_dags/example_short_circuit_decorator.py
[2025-02-15T17:36:25.632+0000] {processor.py:829} INFO - Processing file /home/airflow/.local/lib/python3.8/site-packages/airflow/example_dags/example_short_circuit_decorator.py for tasks to queue
[2025-02-15T17:36:25.634+0000] {logging_mixin.py:154} INFO - [2025-02-15T17:36:25.633+0000] {dagbag.py:536} INFO - Filling up the DagBag from /home/airflow/.local/lib/python3.8/site-packages/airflow/example_dags/example_short_circuit_decorator.py
[2025-02-15T17:36:25.660+0000] {processor.py:839} INFO - DAG(s) dict_keys(['example_short_circuit_decorator']) retrieved from /home/airflow/.local/lib/python3.8/site-packages/airflow/example_dags/example_short_circuit_decorator.py
[2025-02-15T17:36:25.735+0000] {logging_mixin.py:154} INFO - [2025-02-15T17:36:25.734+0000] {dag.py:2941} INFO - Sync 1 DAGs
[2025-02-15T17:36:25.828+0000] {logging_mixin.py:154} INFO - [2025-02-15T17:36:25.828+0000] {dag.py:3722} INFO - Setting next_dagrun for example_short_circuit_decorator to 2025-02-14T17:36:25.827260+00:00, run_after=2025-02-15T17:36:25.827260+00:00
[2025-02-15T17:36:25.888+0000] {processor.py:179} INFO - Processing /home/airflow/.local/lib/python3.8/site-packages/airflow/example_dags/example_short_circuit_decorator.py took 0.271 seconds
[2025-02-15T17:36:56.454+0000] {processor.py:157} INFO - Started process (PID=1813) to work on /home/airflow/.local/lib/python3.8/site-packages/airflow/example_dags/example_short_circuit_decorator.py
[2025-02-15T17:36:56.457+0000] {processor.py:829} INFO - Processing file /home/airflow/.local/lib/python3.8/site-packages/airflow/example_dags/example_short_circuit_decorator.py for tasks to queue
[2025-02-15T17:36:56.459+0000] {logging_mixin.py:154} INFO - [2025-02-15T17:36:56.458+0000] {dagbag.py:536} INFO - Filling up the DagBag from /home/airflow/.local/lib/python3.8/site-packages/airflow/example_dags/example_short_circuit_decorator.py
[2025-02-15T17:36:56.487+0000] {processor.py:839} INFO - DAG(s) dict_keys(['example_short_circuit_decorator']) retrieved from /home/airflow/.local/lib/python3.8/site-packages/airflow/example_dags/example_short_circuit_decorator.py
[2025-02-15T17:36:56.570+0000] {logging_mixin.py:154} INFO - [2025-02-15T17:36:56.569+0000] {dag.py:2941} INFO - Sync 1 DAGs
[2025-02-15T17:36:56.633+0000] {logging_mixin.py:154} INFO - [2025-02-15T17:36:56.632+0000] {dag.py:3722} INFO - Setting next_dagrun for example_short_circuit_decorator to 2025-02-14T17:36:56.632091+00:00, run_after=2025-02-15T17:36:56.632091+00:00
[2025-02-15T17:36:56.688+0000] {processor.py:179} INFO - Processing /home/airflow/.local/lib/python3.8/site-packages/airflow/example_dags/example_short_circuit_decorator.py took 0.245 seconds
[2025-02-15T17:37:28.033+0000] {processor.py:157} INFO - Started process (PID=2051) to work on /home/airflow/.local/lib/python3.8/site-packages/airflow/example_dags/example_short_circuit_decorator.py
[2025-02-15T17:37:28.036+0000] {processor.py:829} INFO - Processing file /home/airflow/.local/lib/python3.8/site-packages/airflow/example_dags/example_short_circuit_decorator.py for tasks to queue
[2025-02-15T17:37:28.038+0000] {logging_mixin.py:154} INFO - [2025-02-15T17:37:28.037+0000] {dagbag.py:536} INFO - Filling up the DagBag from /home/airflow/.local/lib/python3.8/site-packages/airflow/example_dags/example_short_circuit_decorator.py
[2025-02-15T17:37:28.069+0000] {processor.py:839} INFO - DAG(s) dict_keys(['example_short_circuit_decorator']) retrieved from /home/airflow/.local/lib/python3.8/site-packages/airflow/example_dags/example_short_circuit_decorator.py
[2025-02-15T17:37:28.150+0000] {logging_mixin.py:154} INFO - [2025-02-15T17:37:28.150+0000] {dag.py:2941} INFO - Sync 1 DAGs
[2025-02-15T17:37:28.221+0000] {logging_mixin.py:154} INFO - [2025-02-15T17:37:28.220+0000] {dag.py:3722} INFO - Setting next_dagrun for example_short_circuit_decorator to 2025-02-14T17:37:28.219204+00:00, run_after=2025-02-15T17:37:28.219204+00:00
[2025-02-15T17:37:28.285+0000] {processor.py:179} INFO - Processing /home/airflow/.local/lib/python3.8/site-packages/airflow/example_dags/example_short_circuit_decorator.py took 0.263 seconds
[2025-02-15T17:37:58.556+0000] {processor.py:157} INFO - Started process (PID=2289) to work on /home/airflow/.local/lib/python3.8/site-packages/airflow/example_dags/example_short_circuit_decorator.py
[2025-02-15T17:37:58.558+0000] {processor.py:829} INFO - Processing file /home/airflow/.local/lib/python3.8/site-packages/airflow/example_dags/example_short_circuit_decorator.py for tasks to queue
[2025-02-15T17:37:58.560+0000] {logging_mixin.py:154} INFO - [2025-02-15T17:37:58.559+0000] {dagbag.py:536} INFO - Filling up the DagBag from /home/airflow/.local/lib/python3.8/site-packages/airflow/example_dags/example_short_circuit_decorator.py
[2025-02-15T17:37:58.586+0000] {processor.py:839} INFO - DAG(s) dict_keys(['example_short_circuit_decorator']) retrieved from /home/airflow/.local/lib/python3.8/site-packages/airflow/example_dags/example_short_circuit_decorator.py
[2025-02-15T17:37:58.646+0000] {logging_mixin.py:154} INFO - [2025-02-15T17:37:58.646+0000] {dag.py:2941} INFO - Sync 1 DAGs
[2025-02-15T17:37:58.716+0000] {logging_mixin.py:154} INFO - [2025-02-15T17:37:58.716+0000] {dag.py:3722} INFO - Setting next_dagrun for example_short_circuit_decorator to 2025-02-14T17:37:58.715611+00:00, run_after=2025-02-15T17:37:58.715611+00:00
[2025-02-15T17:37:58.785+0000] {processor.py:179} INFO - Processing /home/airflow/.local/lib/python3.8/site-packages/airflow/example_dags/example_short_circuit_decorator.py took 0.238 seconds
[2025-02-15T17:38:29.374+0000] {processor.py:157} INFO - Started process (PID=2527) to work on /home/airflow/.local/lib/python3.8/site-packages/airflow/example_dags/example_short_circuit_decorator.py
[2025-02-15T17:38:29.377+0000] {processor.py:829} INFO - Processing file /home/airflow/.local/lib/python3.8/site-packages/airflow/example_dags/example_short_circuit_decorator.py for tasks to queue
[2025-02-15T17:38:29.379+0000] {logging_mixin.py:154} INFO - [2025-02-15T17:38:29.378+0000] {dagbag.py:536} INFO - Filling up the DagBag from /home/airflow/.local/lib/python3.8/site-packages/airflow/example_dags/example_short_circuit_decorator.py
[2025-02-15T17:38:29.409+0000] {processor.py:839} INFO - DAG(s) dict_keys(['example_short_circuit_decorator']) retrieved from /home/airflow/.local/lib/python3.8/site-packages/airflow/example_dags/example_short_circuit_decorator.py
[2025-02-15T17:38:29.481+0000] {logging_mixin.py:154} INFO - [2025-02-15T17:38:29.481+0000] {dag.py:2941} INFO - Sync 1 DAGs
[2025-02-15T17:38:29.546+0000] {logging_mixin.py:154} INFO - [2025-02-15T17:38:29.546+0000] {dag.py:3722} INFO - Setting next_dagrun for example_short_circuit_decorator to 2025-02-14T17:38:29.545395+00:00, run_after=2025-02-15T17:38:29.545395+00:00
[2025-02-15T17:38:29.601+0000] {processor.py:179} INFO - Processing /home/airflow/.local/lib/python3.8/site-packages/airflow/example_dags/example_short_circuit_decorator.py took 0.237 seconds
[2025-02-15T17:39:00.598+0000] {processor.py:157} INFO - Started process (PID=2767) to work on /home/airflow/.local/lib/python3.8/site-packages/airflow/example_dags/example_short_circuit_decorator.py
[2025-02-15T17:39:00.601+0000] {processor.py:829} INFO - Processing file /home/airflow/.local/lib/python3.8/site-packages/airflow/example_dags/example_short_circuit_decorator.py for tasks to queue
[2025-02-15T17:39:00.603+0000] {logging_mixin.py:154} INFO - [2025-02-15T17:39:00.602+0000] {dagbag.py:536} INFO - Filling up the DagBag from /home/airflow/.local/lib/python3.8/site-packages/airflow/example_dags/example_short_circuit_decorator.py
[2025-02-15T17:39:00.639+0000] {processor.py:839} INFO - DAG(s) dict_keys(['example_short_circuit_decorator']) retrieved from /home/airflow/.local/lib/python3.8/site-packages/airflow/example_dags/example_short_circuit_decorator.py
[2025-02-15T17:39:00.710+0000] {logging_mixin.py:154} INFO - [2025-02-15T17:39:00.709+0000] {dag.py:2941} INFO - Sync 1 DAGs
[2025-02-15T17:39:00.773+0000] {logging_mixin.py:154} INFO - [2025-02-15T17:39:00.772+0000] {dag.py:3722} INFO - Setting next_dagrun for example_short_circuit_decorator to 2025-02-14T17:39:00.772211+00:00, run_after=2025-02-15T17:39:00.772211+00:00
[2025-02-15T17:39:00.826+0000] {processor.py:179} INFO - Processing /home/airflow/.local/lib/python3.8/site-packages/airflow/example_dags/example_short_circuit_decorator.py took 0.240 seconds
[2025-02-15T17:39:31.058+0000] {processor.py:157} INFO - Started process (PID=3003) to work on /home/airflow/.local/lib/python3.8/site-packages/airflow/example_dags/example_short_circuit_decorator.py
[2025-02-15T17:39:31.060+0000] {processor.py:829} INFO - Processing file /home/airflow/.local/lib/python3.8/site-packages/airflow/example_dags/example_short_circuit_decorator.py for tasks to queue
[2025-02-15T17:39:31.063+0000] {logging_mixin.py:154} INFO - [2025-02-15T17:39:31.062+0000] {dagbag.py:536} INFO - Filling up the DagBag from /home/airflow/.local/lib/python3.8/site-packages/airflow/example_dags/example_short_circuit_decorator.py
[2025-02-15T17:39:31.093+0000] {processor.py:839} INFO - DAG(s) dict_keys(['example_short_circuit_decorator']) retrieved from /home/airflow/.local/lib/python3.8/site-packages/airflow/example_dags/example_short_circuit_decorator.py
[2025-02-15T17:39:31.159+0000] {logging_mixin.py:154} INFO - [2025-02-15T17:39:31.159+0000] {dag.py:2941} INFO - Sync 1 DAGs
[2025-02-15T17:39:31.226+0000] {logging_mixin.py:154} INFO - [2025-02-15T17:39:31.225+0000] {dag.py:3722} INFO - Setting next_dagrun for example_short_circuit_decorator to 2025-02-14T17:39:31.224955+00:00, run_after=2025-02-15T17:39:31.224955+00:00
[2025-02-15T17:39:31.284+0000] {processor.py:179} INFO - Processing /home/airflow/.local/lib/python3.8/site-packages/airflow/example_dags/example_short_circuit_decorator.py took 0.236 seconds
[2025-02-15T17:40:01.813+0000] {processor.py:157} INFO - Started process (PID=3243) to work on /home/airflow/.local/lib/python3.8/site-packages/airflow/example_dags/example_short_circuit_decorator.py
[2025-02-15T17:40:01.815+0000] {processor.py:829} INFO - Processing file /home/airflow/.local/lib/python3.8/site-packages/airflow/example_dags/example_short_circuit_decorator.py for tasks to queue
[2025-02-15T17:40:01.817+0000] {logging_mixin.py:154} INFO - [2025-02-15T17:40:01.816+0000] {dagbag.py:536} INFO - Filling up the DagBag from /home/airflow/.local/lib/python3.8/site-packages/airflow/example_dags/example_short_circuit_decorator.py
[2025-02-15T17:40:01.847+0000] {processor.py:839} INFO - DAG(s) dict_keys(['example_short_circuit_decorator']) retrieved from /home/airflow/.local/lib/python3.8/site-packages/airflow/example_dags/example_short_circuit_decorator.py
[2025-02-15T17:40:01.918+0000] {logging_mixin.py:154} INFO - [2025-02-15T17:40:01.918+0000] {dag.py:2941} INFO - Sync 1 DAGs
[2025-02-15T17:40:01.991+0000] {logging_mixin.py:154} INFO - [2025-02-15T17:40:01.990+0000] {dag.py:3722} INFO - Setting next_dagrun for example_short_circuit_decorator to 2025-02-14T17:40:01.989080+00:00, run_after=2025-02-15T17:40:01.989080+00:00
[2025-02-15T17:40:02.049+0000] {processor.py:179} INFO - Processing /home/airflow/.local/lib/python3.8/site-packages/airflow/example_dags/example_short_circuit_decorator.py took 0.245 seconds
[2025-02-15T17:40:32.891+0000] {processor.py:157} INFO - Started process (PID=3481) to work on /home/airflow/.local/lib/python3.8/site-packages/airflow/example_dags/example_short_circuit_decorator.py
[2025-02-15T17:40:32.897+0000] {processor.py:829} INFO - Processing file /home/airflow/.local/lib/python3.8/site-packages/airflow/example_dags/example_short_circuit_decorator.py for tasks to queue
[2025-02-15T17:40:32.902+0000] {logging_mixin.py:154} INFO - [2025-02-15T17:40:32.901+0000] {dagbag.py:536} INFO - Filling up the DagBag from /home/airflow/.local/lib/python3.8/site-packages/airflow/example_dags/example_short_circuit_decorator.py
[2025-02-15T17:40:32.935+0000] {processor.py:839} INFO - DAG(s) dict_keys(['example_short_circuit_decorator']) retrieved from /home/airflow/.local/lib/python3.8/site-packages/airflow/example_dags/example_short_circuit_decorator.py
[2025-02-15T17:40:33.006+0000] {logging_mixin.py:154} INFO - [2025-02-15T17:40:33.005+0000] {dag.py:2941} INFO - Sync 1 DAGs
[2025-02-15T17:40:33.073+0000] {logging_mixin.py:154} INFO - [2025-02-15T17:40:33.073+0000] {dag.py:3722} INFO - Setting next_dagrun for example_short_circuit_decorator to 2025-02-14T17:40:33.072308+00:00, run_after=2025-02-15T17:40:33.072308+00:00
[2025-02-15T17:40:33.145+0000] {processor.py:179} INFO - Processing /home/airflow/.local/lib/python3.8/site-packages/airflow/example_dags/example_short_circuit_decorator.py took 0.266 seconds
[2025-02-15T17:41:03.480+0000] {processor.py:157} INFO - Started process (PID=3717) to work on /home/airflow/.local/lib/python3.8/site-packages/airflow/example_dags/example_short_circuit_decorator.py
[2025-02-15T17:41:03.483+0000] {processor.py:829} INFO - Processing file /home/airflow/.local/lib/python3.8/site-packages/airflow/example_dags/example_short_circuit_decorator.py for tasks to queue
[2025-02-15T17:41:03.486+0000] {logging_mixin.py:154} INFO - [2025-02-15T17:41:03.485+0000] {dagbag.py:536} INFO - Filling up the DagBag from /home/airflow/.local/lib/python3.8/site-packages/airflow/example_dags/example_short_circuit_decorator.py
[2025-02-15T17:41:03.525+0000] {processor.py:839} INFO - DAG(s) dict_keys(['example_short_circuit_decorator']) retrieved from /home/airflow/.local/lib/python3.8/site-packages/airflow/example_dags/example_short_circuit_decorator.py
[2025-02-15T17:41:03.609+0000] {logging_mixin.py:154} INFO - [2025-02-15T17:41:03.609+0000] {dag.py:2941} INFO - Sync 1 DAGs
[2025-02-15T17:41:03.736+0000] {logging_mixin.py:154} INFO - [2025-02-15T17:41:03.736+0000] {dag.py:3722} INFO - Setting next_dagrun for example_short_circuit_decorator to 2025-02-14T17:41:03.735427+00:00, run_after=2025-02-15T17:41:03.735427+00:00
[2025-02-15T17:41:03.813+0000] {processor.py:179} INFO - Processing /home/airflow/.local/lib/python3.8/site-packages/airflow/example_dags/example_short_circuit_decorator.py took 0.344 seconds
[2025-02-15T17:41:34.437+0000] {processor.py:157} INFO - Started process (PID=3955) to work on /home/airflow/.local/lib/python3.8/site-packages/airflow/example_dags/example_short_circuit_decorator.py
[2025-02-15T17:41:34.440+0000] {processor.py:829} INFO - Processing file /home/airflow/.local/lib/python3.8/site-packages/airflow/example_dags/example_short_circuit_decorator.py for tasks to queue
[2025-02-15T17:41:34.442+0000] {logging_mixin.py:154} INFO - [2025-02-15T17:41:34.441+0000] {dagbag.py:536} INFO - Filling up the DagBag from /home/airflow/.local/lib/python3.8/site-packages/airflow/example_dags/example_short_circuit_decorator.py
[2025-02-15T17:41:34.473+0000] {processor.py:839} INFO - DAG(s) dict_keys(['example_short_circuit_decorator']) retrieved from /home/airflow/.local/lib/python3.8/site-packages/airflow/example_dags/example_short_circuit_decorator.py
[2025-02-15T17:41:34.541+0000] {logging_mixin.py:154} INFO - [2025-02-15T17:41:34.540+0000] {dag.py:2941} INFO - Sync 1 DAGs
[2025-02-15T17:41:34.637+0000] {logging_mixin.py:154} INFO - [2025-02-15T17:41:34.637+0000] {dag.py:3722} INFO - Setting next_dagrun for example_short_circuit_decorator to 2025-02-14T17:41:34.635060+00:00, run_after=2025-02-15T17:41:34.635060+00:00
[2025-02-15T17:41:34.714+0000] {processor.py:179} INFO - Processing /home/airflow/.local/lib/python3.8/site-packages/airflow/example_dags/example_short_circuit_decorator.py took 0.287 seconds
[2025-02-15T17:42:05.129+0000] {processor.py:157} INFO - Started process (PID=4193) to work on /home/airflow/.local/lib/python3.8/site-packages/airflow/example_dags/example_short_circuit_decorator.py
[2025-02-15T17:42:05.134+0000] {processor.py:829} INFO - Processing file /home/airflow/.local/lib/python3.8/site-packages/airflow/example_dags/example_short_circuit_decorator.py for tasks to queue
[2025-02-15T17:42:05.140+0000] {logging_mixin.py:154} INFO - [2025-02-15T17:42:05.139+0000] {dagbag.py:536} INFO - Filling up the DagBag from /home/airflow/.local/lib/python3.8/site-packages/airflow/example_dags/example_short_circuit_decorator.py
[2025-02-15T17:42:05.224+0000] {processor.py:839} INFO - DAG(s) dict_keys(['example_short_circuit_decorator']) retrieved from /home/airflow/.local/lib/python3.8/site-packages/airflow/example_dags/example_short_circuit_decorator.py
[2025-02-15T17:42:05.410+0000] {logging_mixin.py:154} INFO - [2025-02-15T17:42:05.409+0000] {dag.py:2941} INFO - Sync 1 DAGs
[2025-02-15T17:42:05.475+0000] {logging_mixin.py:154} INFO - [2025-02-15T17:42:05.475+0000] {dag.py:3722} INFO - Setting next_dagrun for example_short_circuit_decorator to 2025-02-14T17:42:05.474562+00:00, run_after=2025-02-15T17:42:05.474562+00:00
[2025-02-15T17:42:05.538+0000] {processor.py:179} INFO - Processing /home/airflow/.local/lib/python3.8/site-packages/airflow/example_dags/example_short_circuit_decorator.py took 0.421 seconds
[2025-02-15T17:42:35.932+0000] {processor.py:157} INFO - Started process (PID=4449) to work on /home/airflow/.local/lib/python3.8/site-packages/airflow/example_dags/example_short_circuit_decorator.py
[2025-02-15T17:42:35.939+0000] {processor.py:829} INFO - Processing file /home/airflow/.local/lib/python3.8/site-packages/airflow/example_dags/example_short_circuit_decorator.py for tasks to queue
[2025-02-15T17:42:35.943+0000] {logging_mixin.py:154} INFO - [2025-02-15T17:42:35.942+0000] {dagbag.py:536} INFO - Filling up the DagBag from /home/airflow/.local/lib/python3.8/site-packages/airflow/example_dags/example_short_circuit_decorator.py
[2025-02-15T17:42:35.993+0000] {processor.py:839} INFO - DAG(s) dict_keys(['example_short_circuit_decorator']) retrieved from /home/airflow/.local/lib/python3.8/site-packages/airflow/example_dags/example_short_circuit_decorator.py
[2025-02-15T17:42:36.088+0000] {logging_mixin.py:154} INFO - [2025-02-15T17:42:36.088+0000] {dag.py:2941} INFO - Sync 1 DAGs
[2025-02-15T17:42:36.183+0000] {logging_mixin.py:154} INFO - [2025-02-15T17:42:36.182+0000] {dag.py:3722} INFO - Setting next_dagrun for example_short_circuit_decorator to 2025-02-14T17:42:36.182165+00:00, run_after=2025-02-15T17:42:36.182165+00:00
[2025-02-15T17:42:36.245+0000] {processor.py:179} INFO - Processing /home/airflow/.local/lib/python3.8/site-packages/airflow/example_dags/example_short_circuit_decorator.py took 0.332 seconds
[2025-02-15T17:43:06.490+0000] {processor.py:157} INFO - Started process (PID=4684) to work on /home/airflow/.local/lib/python3.8/site-packages/airflow/example_dags/example_short_circuit_decorator.py
[2025-02-15T17:43:06.493+0000] {processor.py:829} INFO - Processing file /home/airflow/.local/lib/python3.8/site-packages/airflow/example_dags/example_short_circuit_decorator.py for tasks to queue
[2025-02-15T17:43:06.495+0000] {logging_mixin.py:154} INFO - [2025-02-15T17:43:06.494+0000] {dagbag.py:536} INFO - Filling up the DagBag from /home/airflow/.local/lib/python3.8/site-packages/airflow/example_dags/example_short_circuit_decorator.py
[2025-02-15T17:43:06.528+0000] {processor.py:839} INFO - DAG(s) dict_keys(['example_short_circuit_decorator']) retrieved from /home/airflow/.local/lib/python3.8/site-packages/airflow/example_dags/example_short_circuit_decorator.py
[2025-02-15T17:43:06.594+0000] {logging_mixin.py:154} INFO - [2025-02-15T17:43:06.593+0000] {dag.py:2941} INFO - Sync 1 DAGs
[2025-02-15T17:43:06.648+0000] {logging_mixin.py:154} INFO - [2025-02-15T17:43:06.647+0000] {dag.py:3722} INFO - Setting next_dagrun for example_short_circuit_decorator to 2025-02-14T17:43:06.647220+00:00, run_after=2025-02-15T17:43:06.647220+00:00
[2025-02-15T17:43:06.705+0000] {processor.py:179} INFO - Processing /home/airflow/.local/lib/python3.8/site-packages/airflow/example_dags/example_short_circuit_decorator.py took 0.226 seconds
[2025-02-15T17:43:36.827+0000] {processor.py:157} INFO - Started process (PID=4919) to work on /home/airflow/.local/lib/python3.8/site-packages/airflow/example_dags/example_short_circuit_decorator.py
[2025-02-15T17:43:36.832+0000] {processor.py:829} INFO - Processing file /home/airflow/.local/lib/python3.8/site-packages/airflow/example_dags/example_short_circuit_decorator.py for tasks to queue
[2025-02-15T17:43:36.835+0000] {logging_mixin.py:154} INFO - [2025-02-15T17:43:36.834+0000] {dagbag.py:536} INFO - Filling up the DagBag from /home/airflow/.local/lib/python3.8/site-packages/airflow/example_dags/example_short_circuit_decorator.py
[2025-02-15T17:43:36.864+0000] {processor.py:839} INFO - DAG(s) dict_keys(['example_short_circuit_decorator']) retrieved from /home/airflow/.local/lib/python3.8/site-packages/airflow/example_dags/example_short_circuit_decorator.py
[2025-02-15T17:43:36.940+0000] {logging_mixin.py:154} INFO - [2025-02-15T17:43:36.939+0000] {dag.py:2941} INFO - Sync 1 DAGs
[2025-02-15T17:43:37.024+0000] {logging_mixin.py:154} INFO - [2025-02-15T17:43:37.022+0000] {dag.py:3722} INFO - Setting next_dagrun for example_short_circuit_decorator to 2025-02-14T17:43:37.021615+00:00, run_after=2025-02-15T17:43:37.021615+00:00
[2025-02-15T17:43:37.077+0000] {processor.py:179} INFO - Processing /home/airflow/.local/lib/python3.8/site-packages/airflow/example_dags/example_short_circuit_decorator.py took 0.260 seconds
[2025-02-15T17:44:07.388+0000] {processor.py:157} INFO - Started process (PID=5157) to work on /home/airflow/.local/lib/python3.8/site-packages/airflow/example_dags/example_short_circuit_decorator.py
[2025-02-15T17:44:07.390+0000] {processor.py:829} INFO - Processing file /home/airflow/.local/lib/python3.8/site-packages/airflow/example_dags/example_short_circuit_decorator.py for tasks to queue
[2025-02-15T17:44:07.392+0000] {logging_mixin.py:154} INFO - [2025-02-15T17:44:07.392+0000] {dagbag.py:536} INFO - Filling up the DagBag from /home/airflow/.local/lib/python3.8/site-packages/airflow/example_dags/example_short_circuit_decorator.py
[2025-02-15T17:44:07.421+0000] {processor.py:839} INFO - DAG(s) dict_keys(['example_short_circuit_decorator']) retrieved from /home/airflow/.local/lib/python3.8/site-packages/airflow/example_dags/example_short_circuit_decorator.py
[2025-02-15T17:44:07.502+0000] {logging_mixin.py:154} INFO - [2025-02-15T17:44:07.501+0000] {dag.py:2941} INFO - Sync 1 DAGs
[2025-02-15T17:44:07.566+0000] {logging_mixin.py:154} INFO - [2025-02-15T17:44:07.565+0000] {dag.py:3722} INFO - Setting next_dagrun for example_short_circuit_decorator to 2025-02-14T17:44:07.565099+00:00, run_after=2025-02-15T17:44:07.565099+00:00
[2025-02-15T17:44:07.617+0000] {processor.py:179} INFO - Processing /home/airflow/.local/lib/python3.8/site-packages/airflow/example_dags/example_short_circuit_decorator.py took 0.243 seconds
[2025-02-15T17:44:38.193+0000] {processor.py:157} INFO - Started process (PID=5395) to work on /home/airflow/.local/lib/python3.8/site-packages/airflow/example_dags/example_short_circuit_decorator.py
[2025-02-15T17:44:38.200+0000] {processor.py:829} INFO - Processing file /home/airflow/.local/lib/python3.8/site-packages/airflow/example_dags/example_short_circuit_decorator.py for tasks to queue
[2025-02-15T17:44:38.205+0000] {logging_mixin.py:154} INFO - [2025-02-15T17:44:38.204+0000] {dagbag.py:536} INFO - Filling up the DagBag from /home/airflow/.local/lib/python3.8/site-packages/airflow/example_dags/example_short_circuit_decorator.py
[2025-02-15T17:44:38.272+0000] {processor.py:839} INFO - DAG(s) dict_keys(['example_short_circuit_decorator']) retrieved from /home/airflow/.local/lib/python3.8/site-packages/airflow/example_dags/example_short_circuit_decorator.py
[2025-02-15T17:44:38.397+0000] {logging_mixin.py:154} INFO - [2025-02-15T17:44:38.396+0000] {dag.py:2941} INFO - Sync 1 DAGs
[2025-02-15T17:44:38.487+0000] {logging_mixin.py:154} INFO - [2025-02-15T17:44:38.486+0000] {dag.py:3722} INFO - Setting next_dagrun for example_short_circuit_decorator to 2025-02-14T17:44:38.485939+00:00, run_after=2025-02-15T17:44:38.485939+00:00
[2025-02-15T17:44:38.536+0000] {processor.py:179} INFO - Processing /home/airflow/.local/lib/python3.8/site-packages/airflow/example_dags/example_short_circuit_decorator.py took 0.364 seconds
[2025-02-15T17:45:09.326+0000] {processor.py:157} INFO - Started process (PID=5634) to work on /home/airflow/.local/lib/python3.8/site-packages/airflow/example_dags/example_short_circuit_decorator.py
[2025-02-15T17:45:09.328+0000] {processor.py:829} INFO - Processing file /home/airflow/.local/lib/python3.8/site-packages/airflow/example_dags/example_short_circuit_decorator.py for tasks to queue
[2025-02-15T17:45:09.331+0000] {logging_mixin.py:154} INFO - [2025-02-15T17:45:09.330+0000] {dagbag.py:536} INFO - Filling up the DagBag from /home/airflow/.local/lib/python3.8/site-packages/airflow/example_dags/example_short_circuit_decorator.py
[2025-02-15T17:45:09.374+0000] {processor.py:839} INFO - DAG(s) dict_keys(['example_short_circuit_decorator']) retrieved from /home/airflow/.local/lib/python3.8/site-packages/airflow/example_dags/example_short_circuit_decorator.py
[2025-02-15T17:45:09.472+0000] {logging_mixin.py:154} INFO - [2025-02-15T17:45:09.471+0000] {dag.py:2941} INFO - Sync 1 DAGs
[2025-02-15T17:45:09.542+0000] {logging_mixin.py:154} INFO - [2025-02-15T17:45:09.542+0000] {dag.py:3722} INFO - Setting next_dagrun for example_short_circuit_decorator to 2025-02-14T17:45:09.541380+00:00, run_after=2025-02-15T17:45:09.541380+00:00
[2025-02-15T17:45:09.648+0000] {processor.py:179} INFO - Processing /home/airflow/.local/lib/python3.8/site-packages/airflow/example_dags/example_short_circuit_decorator.py took 0.334 seconds
[2025-02-15T17:45:39.802+0000] {processor.py:157} INFO - Started process (PID=5872) to work on /home/airflow/.local/lib/python3.8/site-packages/airflow/example_dags/example_short_circuit_decorator.py
[2025-02-15T17:45:39.805+0000] {processor.py:829} INFO - Processing file /home/airflow/.local/lib/python3.8/site-packages/airflow/example_dags/example_short_circuit_decorator.py for tasks to queue
[2025-02-15T17:45:39.807+0000] {logging_mixin.py:154} INFO - [2025-02-15T17:45:39.806+0000] {dagbag.py:536} INFO - Filling up the DagBag from /home/airflow/.local/lib/python3.8/site-packages/airflow/example_dags/example_short_circuit_decorator.py
[2025-02-15T17:45:39.839+0000] {processor.py:839} INFO - DAG(s) dict_keys(['example_short_circuit_decorator']) retrieved from /home/airflow/.local/lib/python3.8/site-packages/airflow/example_dags/example_short_circuit_decorator.py
[2025-02-15T17:45:39.942+0000] {logging_mixin.py:154} INFO - [2025-02-15T17:45:39.941+0000] {dag.py:2941} INFO - Sync 1 DAGs
[2025-02-15T17:45:40.018+0000] {logging_mixin.py:154} INFO - [2025-02-15T17:45:40.017+0000] {dag.py:3722} INFO - Setting next_dagrun for example_short_circuit_decorator to 2025-02-14T17:45:40.016850+00:00, run_after=2025-02-15T17:45:40.016850+00:00
[2025-02-15T17:45:40.077+0000] {processor.py:179} INFO - Processing /home/airflow/.local/lib/python3.8/site-packages/airflow/example_dags/example_short_circuit_decorator.py took 0.303 seconds
[2025-02-15T17:46:11.040+0000] {processor.py:157} INFO - Started process (PID=6110) to work on /home/airflow/.local/lib/python3.8/site-packages/airflow/example_dags/example_short_circuit_decorator.py
[2025-02-15T17:46:11.043+0000] {processor.py:829} INFO - Processing file /home/airflow/.local/lib/python3.8/site-packages/airflow/example_dags/example_short_circuit_decorator.py for tasks to queue
[2025-02-15T17:46:11.046+0000] {logging_mixin.py:154} INFO - [2025-02-15T17:46:11.046+0000] {dagbag.py:536} INFO - Filling up the DagBag from /home/airflow/.local/lib/python3.8/site-packages/airflow/example_dags/example_short_circuit_decorator.py
[2025-02-15T17:46:11.081+0000] {processor.py:839} INFO - DAG(s) dict_keys(['example_short_circuit_decorator']) retrieved from /home/airflow/.local/lib/python3.8/site-packages/airflow/example_dags/example_short_circuit_decorator.py
[2025-02-15T17:46:11.174+0000] {logging_mixin.py:154} INFO - [2025-02-15T17:46:11.173+0000] {dag.py:2941} INFO - Sync 1 DAGs
[2025-02-15T17:46:11.254+0000] {logging_mixin.py:154} INFO - [2025-02-15T17:46:11.253+0000] {dag.py:3722} INFO - Setting next_dagrun for example_short_circuit_decorator to 2025-02-14T17:46:11.252489+00:00, run_after=2025-02-15T17:46:11.252489+00:00
[2025-02-15T17:46:11.319+0000] {processor.py:179} INFO - Processing /home/airflow/.local/lib/python3.8/site-packages/airflow/example_dags/example_short_circuit_decorator.py took 0.290 seconds
