[2025-02-15T17:16:51.826+0000] {processor.py:157} INFO - Started process (PID=209) to work on /home/airflow/.local/lib/python3.8/site-packages/airflow/example_dags/example_bash_operator.py
[2025-02-15T17:16:51.858+0000] {processor.py:829} INFO - Processing file /home/airflow/.local/lib/python3.8/site-packages/airflow/example_dags/example_bash_operator.py for tasks to queue
[2025-02-15T17:16:51.874+0000] {logging_mixin.py:154} INFO - [2025-02-15T17:16:51.870+0000] {dagbag.py:536} INFO - Filling up the DagBag from /home/airflow/.local/lib/python3.8/site-packages/airflow/example_dags/example_bash_operator.py
[2025-02-15T17:16:52.478+0000] {processor.py:839} INFO - DAG(s) dict_keys(['example_bash_operator']) retrieved from /home/airflow/.local/lib/python3.8/site-packages/airflow/example_dags/example_bash_operator.py
[2025-02-15T17:16:53.391+0000] {logging_mixin.py:154} INFO - [2025-02-15T17:16:53.390+0000] {dag.py:2941} INFO - Sync 1 DAGs
[2025-02-15T17:16:53.557+0000] {logging_mixin.py:154} INFO - [2025-02-15T17:16:53.557+0000] {dag.py:3722} INFO - Setting next_dagrun for example_bash_operator to 2025-02-14T00:00:00+00:00, run_after=2025-02-15T00:00:00+00:00
[2025-02-15T17:16:53.664+0000] {processor.py:179} INFO - Processing /home/airflow/.local/lib/python3.8/site-packages/airflow/example_dags/example_bash_operator.py took 2.075 seconds
[2025-02-15T17:17:25.142+0000] {processor.py:157} INFO - Started process (PID=447) to work on /home/airflow/.local/lib/python3.8/site-packages/airflow/example_dags/example_bash_operator.py
[2025-02-15T17:17:25.201+0000] {processor.py:829} INFO - Processing file /home/airflow/.local/lib/python3.8/site-packages/airflow/example_dags/example_bash_operator.py for tasks to queue
[2025-02-15T17:17:25.241+0000] {logging_mixin.py:154} INFO - [2025-02-15T17:17:25.226+0000] {dagbag.py:536} INFO - Filling up the DagBag from /home/airflow/.local/lib/python3.8/site-packages/airflow/example_dags/example_bash_operator.py
[2025-02-15T17:17:25.718+0000] {processor.py:839} INFO - DAG(s) dict_keys(['example_bash_operator']) retrieved from /home/airflow/.local/lib/python3.8/site-packages/airflow/example_dags/example_bash_operator.py
[2025-02-15T17:17:25.977+0000] {logging_mixin.py:154} INFO - [2025-02-15T17:17:25.976+0000] {dag.py:2941} INFO - Sync 1 DAGs
[2025-02-15T17:17:26.061+0000] {logging_mixin.py:154} INFO - [2025-02-15T17:17:26.056+0000] {dag.py:3722} INFO - Setting next_dagrun for example_bash_operator to 2025-02-14T00:00:00+00:00, run_after=2025-02-15T00:00:00+00:00
[2025-02-15T17:17:26.211+0000] {processor.py:179} INFO - Processing /home/airflow/.local/lib/python3.8/site-packages/airflow/example_dags/example_bash_operator.py took 1.317 seconds
[2025-02-15T17:17:56.986+0000] {processor.py:157} INFO - Started process (PID=685) to work on /home/airflow/.local/lib/python3.8/site-packages/airflow/example_dags/example_bash_operator.py
[2025-02-15T17:17:56.992+0000] {processor.py:829} INFO - Processing file /home/airflow/.local/lib/python3.8/site-packages/airflow/example_dags/example_bash_operator.py for tasks to queue
[2025-02-15T17:17:56.995+0000] {logging_mixin.py:154} INFO - [2025-02-15T17:17:56.993+0000] {dagbag.py:536} INFO - Filling up the DagBag from /home/airflow/.local/lib/python3.8/site-packages/airflow/example_dags/example_bash_operator.py
[2025-02-15T17:17:57.092+0000] {processor.py:839} INFO - DAG(s) dict_keys(['example_bash_operator']) retrieved from /home/airflow/.local/lib/python3.8/site-packages/airflow/example_dags/example_bash_operator.py
[2025-02-15T17:17:57.342+0000] {logging_mixin.py:154} INFO - [2025-02-15T17:17:57.342+0000] {dag.py:2941} INFO - Sync 1 DAGs
[2025-02-15T17:17:57.840+0000] {logging_mixin.py:154} INFO - [2025-02-15T17:17:57.839+0000] {dag.py:3722} INFO - Setting next_dagrun for example_bash_operator to 2025-02-14T00:00:00+00:00, run_after=2025-02-15T00:00:00+00:00
[2025-02-15T17:17:58.272+0000] {processor.py:179} INFO - Processing /home/airflow/.local/lib/python3.8/site-packages/airflow/example_dags/example_bash_operator.py took 1.310 seconds
[2025-02-15T17:18:29.239+0000] {processor.py:157} INFO - Started process (PID=919) to work on /home/airflow/.local/lib/python3.8/site-packages/airflow/example_dags/example_bash_operator.py
[2025-02-15T17:18:29.267+0000] {processor.py:829} INFO - Processing file /home/airflow/.local/lib/python3.8/site-packages/airflow/example_dags/example_bash_operator.py for tasks to queue
[2025-02-15T17:18:29.275+0000] {logging_mixin.py:154} INFO - [2025-02-15T17:18:29.269+0000] {dagbag.py:536} INFO - Filling up the DagBag from /home/airflow/.local/lib/python3.8/site-packages/airflow/example_dags/example_bash_operator.py
[2025-02-15T17:18:29.407+0000] {processor.py:839} INFO - DAG(s) dict_keys(['example_bash_operator']) retrieved from /home/airflow/.local/lib/python3.8/site-packages/airflow/example_dags/example_bash_operator.py
[2025-02-15T17:18:29.775+0000] {logging_mixin.py:154} INFO - [2025-02-15T17:18:29.770+0000] {dag.py:2941} INFO - Sync 1 DAGs
[2025-02-15T17:18:30.010+0000] {logging_mixin.py:154} INFO - [2025-02-15T17:18:30.009+0000] {dag.py:3722} INFO - Setting next_dagrun for example_bash_operator to 2025-02-14T00:00:00+00:00, run_after=2025-02-15T00:00:00+00:00
[2025-02-15T17:18:30.142+0000] {processor.py:179} INFO - Processing /home/airflow/.local/lib/python3.8/site-packages/airflow/example_dags/example_bash_operator.py took 0.964 seconds
[2025-02-15T17:19:01.333+0000] {processor.py:157} INFO - Started process (PID=1155) to work on /home/airflow/.local/lib/python3.8/site-packages/airflow/example_dags/example_bash_operator.py
[2025-02-15T17:19:01.360+0000] {processor.py:829} INFO - Processing file /home/airflow/.local/lib/python3.8/site-packages/airflow/example_dags/example_bash_operator.py for tasks to queue
[2025-02-15T17:19:01.377+0000] {logging_mixin.py:154} INFO - [2025-02-15T17:19:01.369+0000] {dagbag.py:536} INFO - Filling up the DagBag from /home/airflow/.local/lib/python3.8/site-packages/airflow/example_dags/example_bash_operator.py
[2025-02-15T17:19:01.471+0000] {processor.py:839} INFO - DAG(s) dict_keys(['example_bash_operator']) retrieved from /home/airflow/.local/lib/python3.8/site-packages/airflow/example_dags/example_bash_operator.py
[2025-02-15T17:19:01.877+0000] {logging_mixin.py:154} INFO - [2025-02-15T17:19:01.877+0000] {dag.py:2941} INFO - Sync 1 DAGs
[2025-02-15T17:19:02.299+0000] {logging_mixin.py:154} INFO - [2025-02-15T17:19:02.293+0000] {dag.py:3722} INFO - Setting next_dagrun for example_bash_operator to 2025-02-14T00:00:00+00:00, run_after=2025-02-15T00:00:00+00:00
[2025-02-15T17:19:02.651+0000] {processor.py:179} INFO - Processing /home/airflow/.local/lib/python3.8/site-packages/airflow/example_dags/example_bash_operator.py took 1.377 seconds
[2025-02-15T17:19:36.668+0000] {processor.py:157} INFO - Started process (PID=1392) to work on /home/airflow/.local/lib/python3.8/site-packages/airflow/example_dags/example_bash_operator.py
[2025-02-15T17:19:36.680+0000] {processor.py:829} INFO - Processing file /home/airflow/.local/lib/python3.8/site-packages/airflow/example_dags/example_bash_operator.py for tasks to queue
[2025-02-15T17:19:36.688+0000] {logging_mixin.py:154} INFO - [2025-02-15T17:19:36.687+0000] {dagbag.py:536} INFO - Filling up the DagBag from /home/airflow/.local/lib/python3.8/site-packages/airflow/example_dags/example_bash_operator.py
[2025-02-15T17:19:37.076+0000] {processor.py:839} INFO - DAG(s) dict_keys(['example_bash_operator']) retrieved from /home/airflow/.local/lib/python3.8/site-packages/airflow/example_dags/example_bash_operator.py
[2025-02-15T17:19:37.947+0000] {logging_mixin.py:154} INFO - [2025-02-15T17:19:37.946+0000] {dag.py:2941} INFO - Sync 1 DAGs
[2025-02-15T17:19:38.162+0000] {logging_mixin.py:154} INFO - [2025-02-15T17:19:38.159+0000] {dag.py:3722} INFO - Setting next_dagrun for example_bash_operator to 2025-02-14T00:00:00+00:00, run_after=2025-02-15T00:00:00+00:00
[2025-02-15T17:19:38.446+0000] {processor.py:179} INFO - Processing /home/airflow/.local/lib/python3.8/site-packages/airflow/example_dags/example_bash_operator.py took 1.880 seconds
[2025-02-15T17:20:12.577+0000] {processor.py:157} INFO - Started process (PID=1630) to work on /home/airflow/.local/lib/python3.8/site-packages/airflow/example_dags/example_bash_operator.py
[2025-02-15T17:20:12.593+0000] {processor.py:829} INFO - Processing file /home/airflow/.local/lib/python3.8/site-packages/airflow/example_dags/example_bash_operator.py for tasks to queue
[2025-02-15T17:20:12.608+0000] {logging_mixin.py:154} INFO - [2025-02-15T17:20:12.602+0000] {dagbag.py:536} INFO - Filling up the DagBag from /home/airflow/.local/lib/python3.8/site-packages/airflow/example_dags/example_bash_operator.py
[2025-02-15T17:20:12.808+0000] {processor.py:839} INFO - DAG(s) dict_keys(['example_bash_operator']) retrieved from /home/airflow/.local/lib/python3.8/site-packages/airflow/example_dags/example_bash_operator.py
[2025-02-15T17:20:13.315+0000] {logging_mixin.py:154} INFO - [2025-02-15T17:20:13.314+0000] {dag.py:2941} INFO - Sync 1 DAGs
[2025-02-15T17:20:13.650+0000] {logging_mixin.py:154} INFO - [2025-02-15T17:20:13.647+0000] {dag.py:3722} INFO - Setting next_dagrun for example_bash_operator to 2025-02-14T00:00:00+00:00, run_after=2025-02-15T00:00:00+00:00
[2025-02-15T17:20:13.974+0000] {processor.py:179} INFO - Processing /home/airflow/.local/lib/python3.8/site-packages/airflow/example_dags/example_bash_operator.py took 1.437 seconds
[2025-02-15T17:20:44.638+0000] {processor.py:157} INFO - Started process (PID=1868) to work on /home/airflow/.local/lib/python3.8/site-packages/airflow/example_dags/example_bash_operator.py
[2025-02-15T17:20:44.642+0000] {processor.py:829} INFO - Processing file /home/airflow/.local/lib/python3.8/site-packages/airflow/example_dags/example_bash_operator.py for tasks to queue
[2025-02-15T17:20:44.648+0000] {logging_mixin.py:154} INFO - [2025-02-15T17:20:44.645+0000] {dagbag.py:536} INFO - Filling up the DagBag from /home/airflow/.local/lib/python3.8/site-packages/airflow/example_dags/example_bash_operator.py
[2025-02-15T17:20:44.739+0000] {processor.py:839} INFO - DAG(s) dict_keys(['example_bash_operator']) retrieved from /home/airflow/.local/lib/python3.8/site-packages/airflow/example_dags/example_bash_operator.py
[2025-02-15T17:20:44.899+0000] {logging_mixin.py:154} INFO - [2025-02-15T17:20:44.898+0000] {dag.py:2941} INFO - Sync 1 DAGs
[2025-02-15T17:20:45.010+0000] {logging_mixin.py:154} INFO - [2025-02-15T17:20:45.007+0000] {dag.py:3722} INFO - Setting next_dagrun for example_bash_operator to 2025-02-14T00:00:00+00:00, run_after=2025-02-15T00:00:00+00:00
[2025-02-15T17:20:45.091+0000] {processor.py:179} INFO - Processing /home/airflow/.local/lib/python3.8/site-packages/airflow/example_dags/example_bash_operator.py took 0.473 seconds
[2025-02-15T17:21:15.264+0000] {processor.py:157} INFO - Started process (PID=2110) to work on /home/airflow/.local/lib/python3.8/site-packages/airflow/example_dags/example_bash_operator.py
[2025-02-15T17:21:15.269+0000] {processor.py:829} INFO - Processing file /home/airflow/.local/lib/python3.8/site-packages/airflow/example_dags/example_bash_operator.py for tasks to queue
[2025-02-15T17:21:15.272+0000] {logging_mixin.py:154} INFO - [2025-02-15T17:21:15.271+0000] {dagbag.py:536} INFO - Filling up the DagBag from /home/airflow/.local/lib/python3.8/site-packages/airflow/example_dags/example_bash_operator.py
[2025-02-15T17:21:15.311+0000] {processor.py:839} INFO - DAG(s) dict_keys(['example_bash_operator']) retrieved from /home/airflow/.local/lib/python3.8/site-packages/airflow/example_dags/example_bash_operator.py
[2025-02-15T17:21:15.556+0000] {logging_mixin.py:154} INFO - [2025-02-15T17:21:15.556+0000] {dag.py:2941} INFO - Sync 1 DAGs
[2025-02-15T17:21:15.682+0000] {logging_mixin.py:154} INFO - [2025-02-15T17:21:15.677+0000] {dag.py:3722} INFO - Setting next_dagrun for example_bash_operator to 2025-02-14T00:00:00+00:00, run_after=2025-02-15T00:00:00+00:00
[2025-02-15T17:21:15.760+0000] {processor.py:179} INFO - Processing /home/airflow/.local/lib/python3.8/site-packages/airflow/example_dags/example_bash_operator.py took 0.508 seconds
[2025-02-15T17:21:46.493+0000] {processor.py:157} INFO - Started process (PID=2349) to work on /home/airflow/.local/lib/python3.8/site-packages/airflow/example_dags/example_bash_operator.py
[2025-02-15T17:21:46.499+0000] {processor.py:829} INFO - Processing file /home/airflow/.local/lib/python3.8/site-packages/airflow/example_dags/example_bash_operator.py for tasks to queue
[2025-02-15T17:21:46.504+0000] {logging_mixin.py:154} INFO - [2025-02-15T17:21:46.503+0000] {dagbag.py:536} INFO - Filling up the DagBag from /home/airflow/.local/lib/python3.8/site-packages/airflow/example_dags/example_bash_operator.py
[2025-02-15T17:21:46.733+0000] {processor.py:839} INFO - DAG(s) dict_keys(['example_bash_operator']) retrieved from /home/airflow/.local/lib/python3.8/site-packages/airflow/example_dags/example_bash_operator.py
[2025-02-15T17:21:47.068+0000] {logging_mixin.py:154} INFO - [2025-02-15T17:21:47.068+0000] {dag.py:2941} INFO - Sync 1 DAGs
[2025-02-15T17:21:47.314+0000] {logging_mixin.py:154} INFO - [2025-02-15T17:21:47.313+0000] {dag.py:3722} INFO - Setting next_dagrun for example_bash_operator to 2025-02-14T00:00:00+00:00, run_after=2025-02-15T00:00:00+00:00
[2025-02-15T17:21:47.449+0000] {processor.py:179} INFO - Processing /home/airflow/.local/lib/python3.8/site-packages/airflow/example_dags/example_bash_operator.py took 0.986 seconds
[2025-02-15T17:22:20.831+0000] {processor.py:157} INFO - Started process (PID=2582) to work on /home/airflow/.local/lib/python3.8/site-packages/airflow/example_dags/example_bash_operator.py
[2025-02-15T17:22:20.857+0000] {processor.py:829} INFO - Processing file /home/airflow/.local/lib/python3.8/site-packages/airflow/example_dags/example_bash_operator.py for tasks to queue
[2025-02-15T17:22:20.866+0000] {logging_mixin.py:154} INFO - [2025-02-15T17:22:20.862+0000] {dagbag.py:536} INFO - Filling up the DagBag from /home/airflow/.local/lib/python3.8/site-packages/airflow/example_dags/example_bash_operator.py
[2025-02-15T17:22:21.171+0000] {processor.py:839} INFO - DAG(s) dict_keys(['example_bash_operator']) retrieved from /home/airflow/.local/lib/python3.8/site-packages/airflow/example_dags/example_bash_operator.py
[2025-02-15T17:22:21.525+0000] {logging_mixin.py:154} INFO - [2025-02-15T17:22:21.523+0000] {dag.py:2941} INFO - Sync 1 DAGs
[2025-02-15T17:22:22.043+0000] {logging_mixin.py:154} INFO - [2025-02-15T17:22:22.038+0000] {dag.py:3722} INFO - Setting next_dagrun for example_bash_operator to 2025-02-14T00:00:00+00:00, run_after=2025-02-15T00:00:00+00:00
[2025-02-15T17:22:22.318+0000] {processor.py:179} INFO - Processing /home/airflow/.local/lib/python3.8/site-packages/airflow/example_dags/example_bash_operator.py took 1.523 seconds
[2025-02-15T17:22:54.376+0000] {processor.py:157} INFO - Started process (PID=2822) to work on /home/airflow/.local/lib/python3.8/site-packages/airflow/example_dags/example_bash_operator.py
[2025-02-15T17:22:54.380+0000] {processor.py:829} INFO - Processing file /home/airflow/.local/lib/python3.8/site-packages/airflow/example_dags/example_bash_operator.py for tasks to queue
[2025-02-15T17:22:54.383+0000] {logging_mixin.py:154} INFO - [2025-02-15T17:22:54.382+0000] {dagbag.py:536} INFO - Filling up the DagBag from /home/airflow/.local/lib/python3.8/site-packages/airflow/example_dags/example_bash_operator.py
[2025-02-15T17:22:54.426+0000] {processor.py:839} INFO - DAG(s) dict_keys(['example_bash_operator']) retrieved from /home/airflow/.local/lib/python3.8/site-packages/airflow/example_dags/example_bash_operator.py
[2025-02-15T17:22:54.475+0000] {logging_mixin.py:154} INFO - [2025-02-15T17:22:54.474+0000] {dag.py:2941} INFO - Sync 1 DAGs
[2025-02-15T17:22:54.732+0000] {logging_mixin.py:154} INFO - [2025-02-15T17:22:54.731+0000] {dag.py:3722} INFO - Setting next_dagrun for example_bash_operator to 2025-02-14T00:00:00+00:00, run_after=2025-02-15T00:00:00+00:00
[2025-02-15T17:22:54.830+0000] {processor.py:179} INFO - Processing /home/airflow/.local/lib/python3.8/site-packages/airflow/example_dags/example_bash_operator.py took 0.478 seconds
[2025-02-15T17:23:24.999+0000] {processor.py:157} INFO - Started process (PID=3054) to work on /home/airflow/.local/lib/python3.8/site-packages/airflow/example_dags/example_bash_operator.py
[2025-02-15T17:23:25.002+0000] {processor.py:829} INFO - Processing file /home/airflow/.local/lib/python3.8/site-packages/airflow/example_dags/example_bash_operator.py for tasks to queue
[2025-02-15T17:23:25.006+0000] {logging_mixin.py:154} INFO - [2025-02-15T17:23:25.005+0000] {dagbag.py:536} INFO - Filling up the DagBag from /home/airflow/.local/lib/python3.8/site-packages/airflow/example_dags/example_bash_operator.py
[2025-02-15T17:23:25.048+0000] {processor.py:839} INFO - DAG(s) dict_keys(['example_bash_operator']) retrieved from /home/airflow/.local/lib/python3.8/site-packages/airflow/example_dags/example_bash_operator.py
[2025-02-15T17:23:25.212+0000] {logging_mixin.py:154} INFO - [2025-02-15T17:23:25.212+0000] {dag.py:2941} INFO - Sync 1 DAGs
[2025-02-15T17:23:25.285+0000] {logging_mixin.py:154} INFO - [2025-02-15T17:23:25.284+0000] {dag.py:3722} INFO - Setting next_dagrun for example_bash_operator to 2025-02-14T00:00:00+00:00, run_after=2025-02-15T00:00:00+00:00
[2025-02-15T17:23:25.338+0000] {processor.py:179} INFO - Processing /home/airflow/.local/lib/python3.8/site-packages/airflow/example_dags/example_bash_operator.py took 0.349 seconds
[2025-02-15T17:23:56.357+0000] {processor.py:157} INFO - Started process (PID=3292) to work on /home/airflow/.local/lib/python3.8/site-packages/airflow/example_dags/example_bash_operator.py
[2025-02-15T17:23:56.385+0000] {processor.py:829} INFO - Processing file /home/airflow/.local/lib/python3.8/site-packages/airflow/example_dags/example_bash_operator.py for tasks to queue
[2025-02-15T17:23:56.405+0000] {logging_mixin.py:154} INFO - [2025-02-15T17:23:56.390+0000] {dagbag.py:536} INFO - Filling up the DagBag from /home/airflow/.local/lib/python3.8/site-packages/airflow/example_dags/example_bash_operator.py
[2025-02-15T17:23:56.521+0000] {processor.py:839} INFO - DAG(s) dict_keys(['example_bash_operator']) retrieved from /home/airflow/.local/lib/python3.8/site-packages/airflow/example_dags/example_bash_operator.py
[2025-02-15T17:23:56.967+0000] {logging_mixin.py:154} INFO - [2025-02-15T17:23:56.966+0000] {dag.py:2941} INFO - Sync 1 DAGs
[2025-02-15T17:23:57.117+0000] {logging_mixin.py:154} INFO - [2025-02-15T17:23:57.116+0000] {dag.py:3722} INFO - Setting next_dagrun for example_bash_operator to 2025-02-14T00:00:00+00:00, run_after=2025-02-15T00:00:00+00:00
[2025-02-15T17:23:57.168+0000] {processor.py:179} INFO - Processing /home/airflow/.local/lib/python3.8/site-packages/airflow/example_dags/example_bash_operator.py took 0.843 seconds
[2025-02-15T17:27:58.271+0000] {processor.py:157} INFO - Started process (PID=206) to work on /home/airflow/.local/lib/python3.8/site-packages/airflow/example_dags/example_bash_operator.py
[2025-02-15T17:27:58.278+0000] {processor.py:829} INFO - Processing file /home/airflow/.local/lib/python3.8/site-packages/airflow/example_dags/example_bash_operator.py for tasks to queue
[2025-02-15T17:27:58.294+0000] {logging_mixin.py:154} INFO - [2025-02-15T17:27:58.285+0000] {dagbag.py:536} INFO - Filling up the DagBag from /home/airflow/.local/lib/python3.8/site-packages/airflow/example_dags/example_bash_operator.py
[2025-02-15T17:27:58.463+0000] {processor.py:839} INFO - DAG(s) dict_keys(['example_bash_operator']) retrieved from /home/airflow/.local/lib/python3.8/site-packages/airflow/example_dags/example_bash_operator.py
[2025-02-15T17:27:58.767+0000] {logging_mixin.py:154} INFO - [2025-02-15T17:27:58.767+0000] {dag.py:2941} INFO - Sync 1 DAGs
[2025-02-15T17:27:58.882+0000] {logging_mixin.py:154} INFO - [2025-02-15T17:27:58.881+0000] {dag.py:3722} INFO - Setting next_dagrun for example_bash_operator to 2025-02-14T00:00:00+00:00, run_after=2025-02-15T00:00:00+00:00
[2025-02-15T17:27:58.937+0000] {processor.py:179} INFO - Processing /home/airflow/.local/lib/python3.8/site-packages/airflow/example_dags/example_bash_operator.py took 0.690 seconds
[2025-02-15T17:28:29.431+0000] {processor.py:157} INFO - Started process (PID=444) to work on /home/airflow/.local/lib/python3.8/site-packages/airflow/example_dags/example_bash_operator.py
[2025-02-15T17:28:29.449+0000] {processor.py:829} INFO - Processing file /home/airflow/.local/lib/python3.8/site-packages/airflow/example_dags/example_bash_operator.py for tasks to queue
[2025-02-15T17:28:29.454+0000] {logging_mixin.py:154} INFO - [2025-02-15T17:28:29.452+0000] {dagbag.py:536} INFO - Filling up the DagBag from /home/airflow/.local/lib/python3.8/site-packages/airflow/example_dags/example_bash_operator.py
[2025-02-15T17:28:29.568+0000] {processor.py:839} INFO - DAG(s) dict_keys(['example_bash_operator']) retrieved from /home/airflow/.local/lib/python3.8/site-packages/airflow/example_dags/example_bash_operator.py
[2025-02-15T17:28:30.701+0000] {logging_mixin.py:154} INFO - [2025-02-15T17:28:30.691+0000] {dag.py:2941} INFO - Sync 1 DAGs
[2025-02-15T17:28:31.084+0000] {logging_mixin.py:154} INFO - [2025-02-15T17:28:31.078+0000] {dag.py:3722} INFO - Setting next_dagrun for example_bash_operator to 2025-02-14T00:00:00+00:00, run_after=2025-02-15T00:00:00+00:00
[2025-02-15T17:28:31.407+0000] {processor.py:179} INFO - Processing /home/airflow/.local/lib/python3.8/site-packages/airflow/example_dags/example_bash_operator.py took 2.057 seconds
[2025-02-15T17:33:41.439+0000] {processor.py:157} INFO - Started process (PID=207) to work on /home/airflow/.local/lib/python3.8/site-packages/airflow/example_dags/example_bash_operator.py
[2025-02-15T17:33:41.442+0000] {processor.py:829} INFO - Processing file /home/airflow/.local/lib/python3.8/site-packages/airflow/example_dags/example_bash_operator.py for tasks to queue
[2025-02-15T17:33:41.444+0000] {logging_mixin.py:154} INFO - [2025-02-15T17:33:41.444+0000] {dagbag.py:536} INFO - Filling up the DagBag from /home/airflow/.local/lib/python3.8/site-packages/airflow/example_dags/example_bash_operator.py
[2025-02-15T17:33:41.552+0000] {processor.py:839} INFO - DAG(s) dict_keys(['example_bash_operator']) retrieved from /home/airflow/.local/lib/python3.8/site-packages/airflow/example_dags/example_bash_operator.py
[2025-02-15T17:33:41.821+0000] {logging_mixin.py:154} INFO - [2025-02-15T17:33:41.821+0000] {dag.py:2941} INFO - Sync 1 DAGs
[2025-02-15T17:33:41.959+0000] {logging_mixin.py:154} INFO - [2025-02-15T17:33:41.959+0000] {dag.py:3722} INFO - Setting next_dagrun for example_bash_operator to 2025-02-14T00:00:00+00:00, run_after=2025-02-15T00:00:00+00:00
[2025-02-15T17:33:42.012+0000] {processor.py:179} INFO - Processing /home/airflow/.local/lib/python3.8/site-packages/airflow/example_dags/example_bash_operator.py took 0.589 seconds
[2025-02-15T17:34:12.437+0000] {processor.py:157} INFO - Started process (PID=444) to work on /home/airflow/.local/lib/python3.8/site-packages/airflow/example_dags/example_bash_operator.py
[2025-02-15T17:34:12.442+0000] {processor.py:829} INFO - Processing file /home/airflow/.local/lib/python3.8/site-packages/airflow/example_dags/example_bash_operator.py for tasks to queue
[2025-02-15T17:34:12.444+0000] {logging_mixin.py:154} INFO - [2025-02-15T17:34:12.443+0000] {dagbag.py:536} INFO - Filling up the DagBag from /home/airflow/.local/lib/python3.8/site-packages/airflow/example_dags/example_bash_operator.py
[2025-02-15T17:34:12.479+0000] {processor.py:839} INFO - DAG(s) dict_keys(['example_bash_operator']) retrieved from /home/airflow/.local/lib/python3.8/site-packages/airflow/example_dags/example_bash_operator.py
[2025-02-15T17:34:12.580+0000] {logging_mixin.py:154} INFO - [2025-02-15T17:34:12.580+0000] {dag.py:2941} INFO - Sync 1 DAGs
[2025-02-15T17:34:12.698+0000] {logging_mixin.py:154} INFO - [2025-02-15T17:34:12.697+0000] {dag.py:3722} INFO - Setting next_dagrun for example_bash_operator to 2025-02-14T00:00:00+00:00, run_after=2025-02-15T00:00:00+00:00
[2025-02-15T17:34:12.758+0000] {processor.py:179} INFO - Processing /home/airflow/.local/lib/python3.8/site-packages/airflow/example_dags/example_bash_operator.py took 0.335 seconds
[2025-02-15T17:34:43.459+0000] {processor.py:157} INFO - Started process (PID=681) to work on /home/airflow/.local/lib/python3.8/site-packages/airflow/example_dags/example_bash_operator.py
[2025-02-15T17:34:43.462+0000] {processor.py:829} INFO - Processing file /home/airflow/.local/lib/python3.8/site-packages/airflow/example_dags/example_bash_operator.py for tasks to queue
[2025-02-15T17:34:43.466+0000] {logging_mixin.py:154} INFO - [2025-02-15T17:34:43.464+0000] {dagbag.py:536} INFO - Filling up the DagBag from /home/airflow/.local/lib/python3.8/site-packages/airflow/example_dags/example_bash_operator.py
[2025-02-15T17:34:43.505+0000] {processor.py:839} INFO - DAG(s) dict_keys(['example_bash_operator']) retrieved from /home/airflow/.local/lib/python3.8/site-packages/airflow/example_dags/example_bash_operator.py
[2025-02-15T17:34:43.601+0000] {logging_mixin.py:154} INFO - [2025-02-15T17:34:43.601+0000] {dag.py:2941} INFO - Sync 1 DAGs
[2025-02-15T17:34:43.676+0000] {logging_mixin.py:154} INFO - [2025-02-15T17:34:43.675+0000] {dag.py:3722} INFO - Setting next_dagrun for example_bash_operator to 2025-02-14T00:00:00+00:00, run_after=2025-02-15T00:00:00+00:00
[2025-02-15T17:34:43.735+0000] {processor.py:179} INFO - Processing /home/airflow/.local/lib/python3.8/site-packages/airflow/example_dags/example_bash_operator.py took 0.295 seconds
[2025-02-15T17:35:14.333+0000] {processor.py:157} INFO - Started process (PID=920) to work on /home/airflow/.local/lib/python3.8/site-packages/airflow/example_dags/example_bash_operator.py
[2025-02-15T17:35:14.335+0000] {processor.py:829} INFO - Processing file /home/airflow/.local/lib/python3.8/site-packages/airflow/example_dags/example_bash_operator.py for tasks to queue
[2025-02-15T17:35:14.337+0000] {logging_mixin.py:154} INFO - [2025-02-15T17:35:14.337+0000] {dagbag.py:536} INFO - Filling up the DagBag from /home/airflow/.local/lib/python3.8/site-packages/airflow/example_dags/example_bash_operator.py
[2025-02-15T17:35:14.370+0000] {processor.py:839} INFO - DAG(s) dict_keys(['example_bash_operator']) retrieved from /home/airflow/.local/lib/python3.8/site-packages/airflow/example_dags/example_bash_operator.py
[2025-02-15T17:35:14.500+0000] {logging_mixin.py:154} INFO - [2025-02-15T17:35:14.496+0000] {dag.py:2941} INFO - Sync 1 DAGs
[2025-02-15T17:35:14.595+0000] {logging_mixin.py:154} INFO - [2025-02-15T17:35:14.594+0000] {dag.py:3722} INFO - Setting next_dagrun for example_bash_operator to 2025-02-14T00:00:00+00:00, run_after=2025-02-15T00:00:00+00:00
[2025-02-15T17:35:14.645+0000] {processor.py:179} INFO - Processing /home/airflow/.local/lib/python3.8/site-packages/airflow/example_dags/example_bash_operator.py took 0.323 seconds
[2025-02-15T17:35:45.220+0000] {processor.py:157} INFO - Started process (PID=1158) to work on /home/airflow/.local/lib/python3.8/site-packages/airflow/example_dags/example_bash_operator.py
[2025-02-15T17:35:45.224+0000] {processor.py:829} INFO - Processing file /home/airflow/.local/lib/python3.8/site-packages/airflow/example_dags/example_bash_operator.py for tasks to queue
[2025-02-15T17:35:45.227+0000] {logging_mixin.py:154} INFO - [2025-02-15T17:35:45.226+0000] {dagbag.py:536} INFO - Filling up the DagBag from /home/airflow/.local/lib/python3.8/site-packages/airflow/example_dags/example_bash_operator.py
[2025-02-15T17:35:45.273+0000] {processor.py:839} INFO - DAG(s) dict_keys(['example_bash_operator']) retrieved from /home/airflow/.local/lib/python3.8/site-packages/airflow/example_dags/example_bash_operator.py
[2025-02-15T17:35:45.368+0000] {logging_mixin.py:154} INFO - [2025-02-15T17:35:45.367+0000] {dag.py:2941} INFO - Sync 1 DAGs
[2025-02-15T17:35:45.438+0000] {logging_mixin.py:154} INFO - [2025-02-15T17:35:45.437+0000] {dag.py:3722} INFO - Setting next_dagrun for example_bash_operator to 2025-02-14T00:00:00+00:00, run_after=2025-02-15T00:00:00+00:00
[2025-02-15T17:35:45.491+0000] {processor.py:179} INFO - Processing /home/airflow/.local/lib/python3.8/site-packages/airflow/example_dags/example_bash_operator.py took 0.291 seconds
[2025-02-15T17:36:15.977+0000] {processor.py:157} INFO - Started process (PID=1402) to work on /home/airflow/.local/lib/python3.8/site-packages/airflow/example_dags/example_bash_operator.py
[2025-02-15T17:36:15.981+0000] {processor.py:829} INFO - Processing file /home/airflow/.local/lib/python3.8/site-packages/airflow/example_dags/example_bash_operator.py for tasks to queue
[2025-02-15T17:36:15.984+0000] {logging_mixin.py:154} INFO - [2025-02-15T17:36:15.983+0000] {dagbag.py:536} INFO - Filling up the DagBag from /home/airflow/.local/lib/python3.8/site-packages/airflow/example_dags/example_bash_operator.py
[2025-02-15T17:36:16.020+0000] {processor.py:839} INFO - DAG(s) dict_keys(['example_bash_operator']) retrieved from /home/airflow/.local/lib/python3.8/site-packages/airflow/example_dags/example_bash_operator.py
[2025-02-15T17:36:16.128+0000] {logging_mixin.py:154} INFO - [2025-02-15T17:36:16.127+0000] {dag.py:2941} INFO - Sync 1 DAGs
[2025-02-15T17:36:16.212+0000] {logging_mixin.py:154} INFO - [2025-02-15T17:36:16.211+0000] {dag.py:3722} INFO - Setting next_dagrun for example_bash_operator to 2025-02-14T00:00:00+00:00, run_after=2025-02-15T00:00:00+00:00
[2025-02-15T17:36:16.277+0000] {processor.py:179} INFO - Processing /home/airflow/.local/lib/python3.8/site-packages/airflow/example_dags/example_bash_operator.py took 0.309 seconds
[2025-02-15T17:36:46.377+0000] {processor.py:157} INFO - Started process (PID=1654) to work on /home/airflow/.local/lib/python3.8/site-packages/airflow/example_dags/example_bash_operator.py
[2025-02-15T17:36:46.379+0000] {processor.py:829} INFO - Processing file /home/airflow/.local/lib/python3.8/site-packages/airflow/example_dags/example_bash_operator.py for tasks to queue
[2025-02-15T17:36:46.381+0000] {logging_mixin.py:154} INFO - [2025-02-15T17:36:46.380+0000] {dagbag.py:536} INFO - Filling up the DagBag from /home/airflow/.local/lib/python3.8/site-packages/airflow/example_dags/example_bash_operator.py
[2025-02-15T17:36:46.414+0000] {processor.py:839} INFO - DAG(s) dict_keys(['example_bash_operator']) retrieved from /home/airflow/.local/lib/python3.8/site-packages/airflow/example_dags/example_bash_operator.py
[2025-02-15T17:36:46.489+0000] {logging_mixin.py:154} INFO - [2025-02-15T17:36:46.489+0000] {dag.py:2941} INFO - Sync 1 DAGs
[2025-02-15T17:36:46.560+0000] {logging_mixin.py:154} INFO - [2025-02-15T17:36:46.559+0000] {dag.py:3722} INFO - Setting next_dagrun for example_bash_operator to 2025-02-14T00:00:00+00:00, run_after=2025-02-15T00:00:00+00:00
[2025-02-15T17:36:46.615+0000] {processor.py:179} INFO - Processing /home/airflow/.local/lib/python3.8/site-packages/airflow/example_dags/example_bash_operator.py took 0.247 seconds
[2025-02-15T17:37:17.356+0000] {processor.py:157} INFO - Started process (PID=1901) to work on /home/airflow/.local/lib/python3.8/site-packages/airflow/example_dags/example_bash_operator.py
[2025-02-15T17:37:17.359+0000] {processor.py:829} INFO - Processing file /home/airflow/.local/lib/python3.8/site-packages/airflow/example_dags/example_bash_operator.py for tasks to queue
[2025-02-15T17:37:17.365+0000] {logging_mixin.py:154} INFO - [2025-02-15T17:37:17.362+0000] {dagbag.py:536} INFO - Filling up the DagBag from /home/airflow/.local/lib/python3.8/site-packages/airflow/example_dags/example_bash_operator.py
[2025-02-15T17:37:17.424+0000] {processor.py:839} INFO - DAG(s) dict_keys(['example_bash_operator']) retrieved from /home/airflow/.local/lib/python3.8/site-packages/airflow/example_dags/example_bash_operator.py
[2025-02-15T17:37:17.614+0000] {logging_mixin.py:154} INFO - [2025-02-15T17:37:17.613+0000] {dag.py:2941} INFO - Sync 1 DAGs
[2025-02-15T17:37:17.727+0000] {logging_mixin.py:154} INFO - [2025-02-15T17:37:17.726+0000] {dag.py:3722} INFO - Setting next_dagrun for example_bash_operator to 2025-02-14T00:00:00+00:00, run_after=2025-02-15T00:00:00+00:00
[2025-02-15T17:37:17.809+0000] {processor.py:179} INFO - Processing /home/airflow/.local/lib/python3.8/site-packages/airflow/example_dags/example_bash_operator.py took 0.477 seconds
[2025-02-15T17:37:48.040+0000] {processor.py:157} INFO - Started process (PID=2139) to work on /home/airflow/.local/lib/python3.8/site-packages/airflow/example_dags/example_bash_operator.py
[2025-02-15T17:37:48.043+0000] {processor.py:829} INFO - Processing file /home/airflow/.local/lib/python3.8/site-packages/airflow/example_dags/example_bash_operator.py for tasks to queue
[2025-02-15T17:37:48.047+0000] {logging_mixin.py:154} INFO - [2025-02-15T17:37:48.046+0000] {dagbag.py:536} INFO - Filling up the DagBag from /home/airflow/.local/lib/python3.8/site-packages/airflow/example_dags/example_bash_operator.py
[2025-02-15T17:37:48.086+0000] {processor.py:839} INFO - DAG(s) dict_keys(['example_bash_operator']) retrieved from /home/airflow/.local/lib/python3.8/site-packages/airflow/example_dags/example_bash_operator.py
[2025-02-15T17:37:48.223+0000] {logging_mixin.py:154} INFO - [2025-02-15T17:37:48.221+0000] {dag.py:2941} INFO - Sync 1 DAGs
[2025-02-15T17:37:48.352+0000] {logging_mixin.py:154} INFO - [2025-02-15T17:37:48.352+0000] {dag.py:3722} INFO - Setting next_dagrun for example_bash_operator to 2025-02-14T00:00:00+00:00, run_after=2025-02-15T00:00:00+00:00
[2025-02-15T17:37:48.413+0000] {processor.py:179} INFO - Processing /home/airflow/.local/lib/python3.8/site-packages/airflow/example_dags/example_bash_operator.py took 0.384 seconds
[2025-02-15T17:38:18.585+0000] {processor.py:157} INFO - Started process (PID=2377) to work on /home/airflow/.local/lib/python3.8/site-packages/airflow/example_dags/example_bash_operator.py
[2025-02-15T17:38:18.589+0000] {processor.py:829} INFO - Processing file /home/airflow/.local/lib/python3.8/site-packages/airflow/example_dags/example_bash_operator.py for tasks to queue
[2025-02-15T17:38:18.592+0000] {logging_mixin.py:154} INFO - [2025-02-15T17:38:18.591+0000] {dagbag.py:536} INFO - Filling up the DagBag from /home/airflow/.local/lib/python3.8/site-packages/airflow/example_dags/example_bash_operator.py
[2025-02-15T17:38:18.643+0000] {processor.py:839} INFO - DAG(s) dict_keys(['example_bash_operator']) retrieved from /home/airflow/.local/lib/python3.8/site-packages/airflow/example_dags/example_bash_operator.py
[2025-02-15T17:38:18.745+0000] {logging_mixin.py:154} INFO - [2025-02-15T17:38:18.744+0000] {dag.py:2941} INFO - Sync 1 DAGs
[2025-02-15T17:38:18.832+0000] {logging_mixin.py:154} INFO - [2025-02-15T17:38:18.832+0000] {dag.py:3722} INFO - Setting next_dagrun for example_bash_operator to 2025-02-14T00:00:00+00:00, run_after=2025-02-15T00:00:00+00:00
[2025-02-15T17:38:18.886+0000] {processor.py:179} INFO - Processing /home/airflow/.local/lib/python3.8/site-packages/airflow/example_dags/example_bash_operator.py took 0.311 seconds
[2025-02-15T17:38:49.305+0000] {processor.py:157} INFO - Started process (PID=2615) to work on /home/airflow/.local/lib/python3.8/site-packages/airflow/example_dags/example_bash_operator.py
[2025-02-15T17:38:49.308+0000] {processor.py:829} INFO - Processing file /home/airflow/.local/lib/python3.8/site-packages/airflow/example_dags/example_bash_operator.py for tasks to queue
[2025-02-15T17:38:49.311+0000] {logging_mixin.py:154} INFO - [2025-02-15T17:38:49.310+0000] {dagbag.py:536} INFO - Filling up the DagBag from /home/airflow/.local/lib/python3.8/site-packages/airflow/example_dags/example_bash_operator.py
[2025-02-15T17:38:49.351+0000] {processor.py:839} INFO - DAG(s) dict_keys(['example_bash_operator']) retrieved from /home/airflow/.local/lib/python3.8/site-packages/airflow/example_dags/example_bash_operator.py
[2025-02-15T17:38:49.456+0000] {logging_mixin.py:154} INFO - [2025-02-15T17:38:49.455+0000] {dag.py:2941} INFO - Sync 1 DAGs
[2025-02-15T17:38:49.534+0000] {logging_mixin.py:154} INFO - [2025-02-15T17:38:49.534+0000] {dag.py:3722} INFO - Setting next_dagrun for example_bash_operator to 2025-02-14T00:00:00+00:00, run_after=2025-02-15T00:00:00+00:00
[2025-02-15T17:38:49.600+0000] {processor.py:179} INFO - Processing /home/airflow/.local/lib/python3.8/site-packages/airflow/example_dags/example_bash_operator.py took 0.308 seconds
[2025-02-15T17:39:20.102+0000] {processor.py:157} INFO - Started process (PID=2853) to work on /home/airflow/.local/lib/python3.8/site-packages/airflow/example_dags/example_bash_operator.py
[2025-02-15T17:39:20.105+0000] {processor.py:829} INFO - Processing file /home/airflow/.local/lib/python3.8/site-packages/airflow/example_dags/example_bash_operator.py for tasks to queue
[2025-02-15T17:39:20.107+0000] {logging_mixin.py:154} INFO - [2025-02-15T17:39:20.106+0000] {dagbag.py:536} INFO - Filling up the DagBag from /home/airflow/.local/lib/python3.8/site-packages/airflow/example_dags/example_bash_operator.py
[2025-02-15T17:39:20.147+0000] {processor.py:839} INFO - DAG(s) dict_keys(['example_bash_operator']) retrieved from /home/airflow/.local/lib/python3.8/site-packages/airflow/example_dags/example_bash_operator.py
[2025-02-15T17:39:20.249+0000] {logging_mixin.py:154} INFO - [2025-02-15T17:39:20.249+0000] {dag.py:2941} INFO - Sync 1 DAGs
[2025-02-15T17:39:20.322+0000] {logging_mixin.py:154} INFO - [2025-02-15T17:39:20.320+0000] {dag.py:3722} INFO - Setting next_dagrun for example_bash_operator to 2025-02-14T00:00:00+00:00, run_after=2025-02-15T00:00:00+00:00
[2025-02-15T17:39:20.387+0000] {processor.py:179} INFO - Processing /home/airflow/.local/lib/python3.8/site-packages/airflow/example_dags/example_bash_operator.py took 0.297 seconds
[2025-02-15T17:39:50.795+0000] {processor.py:157} INFO - Started process (PID=3091) to work on /home/airflow/.local/lib/python3.8/site-packages/airflow/example_dags/example_bash_operator.py
[2025-02-15T17:39:50.798+0000] {processor.py:829} INFO - Processing file /home/airflow/.local/lib/python3.8/site-packages/airflow/example_dags/example_bash_operator.py for tasks to queue
[2025-02-15T17:39:50.800+0000] {logging_mixin.py:154} INFO - [2025-02-15T17:39:50.799+0000] {dagbag.py:536} INFO - Filling up the DagBag from /home/airflow/.local/lib/python3.8/site-packages/airflow/example_dags/example_bash_operator.py
[2025-02-15T17:39:50.838+0000] {processor.py:839} INFO - DAG(s) dict_keys(['example_bash_operator']) retrieved from /home/airflow/.local/lib/python3.8/site-packages/airflow/example_dags/example_bash_operator.py
[2025-02-15T17:39:50.944+0000] {logging_mixin.py:154} INFO - [2025-02-15T17:39:50.943+0000] {dag.py:2941} INFO - Sync 1 DAGs
[2025-02-15T17:39:51.017+0000] {logging_mixin.py:154} INFO - [2025-02-15T17:39:51.016+0000] {dag.py:3722} INFO - Setting next_dagrun for example_bash_operator to 2025-02-14T00:00:00+00:00, run_after=2025-02-15T00:00:00+00:00
[2025-02-15T17:39:51.079+0000] {processor.py:179} INFO - Processing /home/airflow/.local/lib/python3.8/site-packages/airflow/example_dags/example_bash_operator.py took 0.294 seconds
[2025-02-15T17:40:21.190+0000] {processor.py:157} INFO - Started process (PID=3326) to work on /home/airflow/.local/lib/python3.8/site-packages/airflow/example_dags/example_bash_operator.py
[2025-02-15T17:40:21.192+0000] {processor.py:829} INFO - Processing file /home/airflow/.local/lib/python3.8/site-packages/airflow/example_dags/example_bash_operator.py for tasks to queue
[2025-02-15T17:40:21.198+0000] {logging_mixin.py:154} INFO - [2025-02-15T17:40:21.194+0000] {dagbag.py:536} INFO - Filling up the DagBag from /home/airflow/.local/lib/python3.8/site-packages/airflow/example_dags/example_bash_operator.py
[2025-02-15T17:40:21.240+0000] {processor.py:839} INFO - DAG(s) dict_keys(['example_bash_operator']) retrieved from /home/airflow/.local/lib/python3.8/site-packages/airflow/example_dags/example_bash_operator.py
[2025-02-15T17:40:21.358+0000] {logging_mixin.py:154} INFO - [2025-02-15T17:40:21.358+0000] {dag.py:2941} INFO - Sync 1 DAGs
[2025-02-15T17:40:21.434+0000] {logging_mixin.py:154} INFO - [2025-02-15T17:40:21.433+0000] {dag.py:3722} INFO - Setting next_dagrun for example_bash_operator to 2025-02-14T00:00:00+00:00, run_after=2025-02-15T00:00:00+00:00
[2025-02-15T17:40:21.500+0000] {processor.py:179} INFO - Processing /home/airflow/.local/lib/python3.8/site-packages/airflow/example_dags/example_bash_operator.py took 0.318 seconds
[2025-02-15T17:40:52.132+0000] {processor.py:157} INFO - Started process (PID=3567) to work on /home/airflow/.local/lib/python3.8/site-packages/airflow/example_dags/example_bash_operator.py
[2025-02-15T17:40:52.136+0000] {processor.py:829} INFO - Processing file /home/airflow/.local/lib/python3.8/site-packages/airflow/example_dags/example_bash_operator.py for tasks to queue
[2025-02-15T17:40:52.138+0000] {logging_mixin.py:154} INFO - [2025-02-15T17:40:52.138+0000] {dagbag.py:536} INFO - Filling up the DagBag from /home/airflow/.local/lib/python3.8/site-packages/airflow/example_dags/example_bash_operator.py
[2025-02-15T17:40:52.172+0000] {processor.py:839} INFO - DAG(s) dict_keys(['example_bash_operator']) retrieved from /home/airflow/.local/lib/python3.8/site-packages/airflow/example_dags/example_bash_operator.py
[2025-02-15T17:40:52.296+0000] {logging_mixin.py:154} INFO - [2025-02-15T17:40:52.295+0000] {dag.py:2941} INFO - Sync 1 DAGs
[2025-02-15T17:40:52.369+0000] {logging_mixin.py:154} INFO - [2025-02-15T17:40:52.368+0000] {dag.py:3722} INFO - Setting next_dagrun for example_bash_operator to 2025-02-14T00:00:00+00:00, run_after=2025-02-15T00:00:00+00:00
[2025-02-15T17:40:52.420+0000] {processor.py:179} INFO - Processing /home/airflow/.local/lib/python3.8/site-packages/airflow/example_dags/example_bash_operator.py took 0.304 seconds
[2025-02-15T17:41:22.721+0000] {processor.py:157} INFO - Started process (PID=3805) to work on /home/airflow/.local/lib/python3.8/site-packages/airflow/example_dags/example_bash_operator.py
[2025-02-15T17:41:22.723+0000] {processor.py:829} INFO - Processing file /home/airflow/.local/lib/python3.8/site-packages/airflow/example_dags/example_bash_operator.py for tasks to queue
[2025-02-15T17:41:22.725+0000] {logging_mixin.py:154} INFO - [2025-02-15T17:41:22.724+0000] {dagbag.py:536} INFO - Filling up the DagBag from /home/airflow/.local/lib/python3.8/site-packages/airflow/example_dags/example_bash_operator.py
[2025-02-15T17:41:22.757+0000] {processor.py:839} INFO - DAG(s) dict_keys(['example_bash_operator']) retrieved from /home/airflow/.local/lib/python3.8/site-packages/airflow/example_dags/example_bash_operator.py
[2025-02-15T17:41:22.848+0000] {logging_mixin.py:154} INFO - [2025-02-15T17:41:22.848+0000] {dag.py:2941} INFO - Sync 1 DAGs
[2025-02-15T17:41:22.925+0000] {logging_mixin.py:154} INFO - [2025-02-15T17:41:22.925+0000] {dag.py:3722} INFO - Setting next_dagrun for example_bash_operator to 2025-02-14T00:00:00+00:00, run_after=2025-02-15T00:00:00+00:00
[2025-02-15T17:41:22.981+0000] {processor.py:179} INFO - Processing /home/airflow/.local/lib/python3.8/site-packages/airflow/example_dags/example_bash_operator.py took 0.273 seconds
[2025-02-15T17:41:53.317+0000] {processor.py:157} INFO - Started process (PID=4043) to work on /home/airflow/.local/lib/python3.8/site-packages/airflow/example_dags/example_bash_operator.py
[2025-02-15T17:41:53.321+0000] {processor.py:829} INFO - Processing file /home/airflow/.local/lib/python3.8/site-packages/airflow/example_dags/example_bash_operator.py for tasks to queue
[2025-02-15T17:41:53.325+0000] {logging_mixin.py:154} INFO - [2025-02-15T17:41:53.323+0000] {dagbag.py:536} INFO - Filling up the DagBag from /home/airflow/.local/lib/python3.8/site-packages/airflow/example_dags/example_bash_operator.py
[2025-02-15T17:41:53.378+0000] {processor.py:839} INFO - DAG(s) dict_keys(['example_bash_operator']) retrieved from /home/airflow/.local/lib/python3.8/site-packages/airflow/example_dags/example_bash_operator.py
[2025-02-15T17:41:53.487+0000] {logging_mixin.py:154} INFO - [2025-02-15T17:41:53.486+0000] {dag.py:2941} INFO - Sync 1 DAGs
[2025-02-15T17:41:53.571+0000] {logging_mixin.py:154} INFO - [2025-02-15T17:41:53.571+0000] {dag.py:3722} INFO - Setting next_dagrun for example_bash_operator to 2025-02-14T00:00:00+00:00, run_after=2025-02-15T00:00:00+00:00
[2025-02-15T17:41:53.626+0000] {processor.py:179} INFO - Processing /home/airflow/.local/lib/python3.8/site-packages/airflow/example_dags/example_bash_operator.py took 0.318 seconds
[2025-02-15T17:42:23.965+0000] {processor.py:157} INFO - Started process (PID=4299) to work on /home/airflow/.local/lib/python3.8/site-packages/airflow/example_dags/example_bash_operator.py
[2025-02-15T17:42:23.968+0000] {processor.py:829} INFO - Processing file /home/airflow/.local/lib/python3.8/site-packages/airflow/example_dags/example_bash_operator.py for tasks to queue
[2025-02-15T17:42:23.970+0000] {logging_mixin.py:154} INFO - [2025-02-15T17:42:23.970+0000] {dagbag.py:536} INFO - Filling up the DagBag from /home/airflow/.local/lib/python3.8/site-packages/airflow/example_dags/example_bash_operator.py
[2025-02-15T17:42:24.002+0000] {processor.py:839} INFO - DAG(s) dict_keys(['example_bash_operator']) retrieved from /home/airflow/.local/lib/python3.8/site-packages/airflow/example_dags/example_bash_operator.py
[2025-02-15T17:42:24.096+0000] {logging_mixin.py:154} INFO - [2025-02-15T17:42:24.096+0000] {dag.py:2941} INFO - Sync 1 DAGs
[2025-02-15T17:42:24.180+0000] {logging_mixin.py:154} INFO - [2025-02-15T17:42:24.180+0000] {dag.py:3722} INFO - Setting next_dagrun for example_bash_operator to 2025-02-14T00:00:00+00:00, run_after=2025-02-15T00:00:00+00:00
[2025-02-15T17:42:24.239+0000] {processor.py:179} INFO - Processing /home/airflow/.local/lib/python3.8/site-packages/airflow/example_dags/example_bash_operator.py took 0.285 seconds
[2025-02-15T17:42:55.225+0000] {processor.py:157} INFO - Started process (PID=4537) to work on /home/airflow/.local/lib/python3.8/site-packages/airflow/example_dags/example_bash_operator.py
[2025-02-15T17:42:55.229+0000] {processor.py:829} INFO - Processing file /home/airflow/.local/lib/python3.8/site-packages/airflow/example_dags/example_bash_operator.py for tasks to queue
[2025-02-15T17:42:55.231+0000] {logging_mixin.py:154} INFO - [2025-02-15T17:42:55.231+0000] {dagbag.py:536} INFO - Filling up the DagBag from /home/airflow/.local/lib/python3.8/site-packages/airflow/example_dags/example_bash_operator.py
[2025-02-15T17:42:55.270+0000] {processor.py:839} INFO - DAG(s) dict_keys(['example_bash_operator']) retrieved from /home/airflow/.local/lib/python3.8/site-packages/airflow/example_dags/example_bash_operator.py
[2025-02-15T17:42:55.372+0000] {logging_mixin.py:154} INFO - [2025-02-15T17:42:55.372+0000] {dag.py:2941} INFO - Sync 1 DAGs
[2025-02-15T17:42:55.465+0000] {logging_mixin.py:154} INFO - [2025-02-15T17:42:55.464+0000] {dag.py:3722} INFO - Setting next_dagrun for example_bash_operator to 2025-02-14T00:00:00+00:00, run_after=2025-02-15T00:00:00+00:00
[2025-02-15T17:42:55.543+0000] {processor.py:179} INFO - Processing /home/airflow/.local/lib/python3.8/site-packages/airflow/example_dags/example_bash_operator.py took 0.327 seconds
[2025-02-15T17:43:26.029+0000] {processor.py:157} INFO - Started process (PID=4774) to work on /home/airflow/.local/lib/python3.8/site-packages/airflow/example_dags/example_bash_operator.py
[2025-02-15T17:43:26.033+0000] {processor.py:829} INFO - Processing file /home/airflow/.local/lib/python3.8/site-packages/airflow/example_dags/example_bash_operator.py for tasks to queue
[2025-02-15T17:43:26.036+0000] {logging_mixin.py:154} INFO - [2025-02-15T17:43:26.035+0000] {dagbag.py:536} INFO - Filling up the DagBag from /home/airflow/.local/lib/python3.8/site-packages/airflow/example_dags/example_bash_operator.py
[2025-02-15T17:43:26.083+0000] {processor.py:839} INFO - DAG(s) dict_keys(['example_bash_operator']) retrieved from /home/airflow/.local/lib/python3.8/site-packages/airflow/example_dags/example_bash_operator.py
[2025-02-15T17:43:26.176+0000] {logging_mixin.py:154} INFO - [2025-02-15T17:43:26.175+0000] {dag.py:2941} INFO - Sync 1 DAGs
[2025-02-15T17:43:26.245+0000] {logging_mixin.py:154} INFO - [2025-02-15T17:43:26.244+0000] {dag.py:3722} INFO - Setting next_dagrun for example_bash_operator to 2025-02-14T00:00:00+00:00, run_after=2025-02-15T00:00:00+00:00
[2025-02-15T17:43:26.293+0000] {processor.py:179} INFO - Processing /home/airflow/.local/lib/python3.8/site-packages/airflow/example_dags/example_bash_operator.py took 0.275 seconds
[2025-02-15T17:43:56.564+0000] {processor.py:157} INFO - Started process (PID=5008) to work on /home/airflow/.local/lib/python3.8/site-packages/airflow/example_dags/example_bash_operator.py
[2025-02-15T17:43:56.566+0000] {processor.py:829} INFO - Processing file /home/airflow/.local/lib/python3.8/site-packages/airflow/example_dags/example_bash_operator.py for tasks to queue
[2025-02-15T17:43:56.568+0000] {logging_mixin.py:154} INFO - [2025-02-15T17:43:56.568+0000] {dagbag.py:536} INFO - Filling up the DagBag from /home/airflow/.local/lib/python3.8/site-packages/airflow/example_dags/example_bash_operator.py
[2025-02-15T17:43:56.600+0000] {processor.py:839} INFO - DAG(s) dict_keys(['example_bash_operator']) retrieved from /home/airflow/.local/lib/python3.8/site-packages/airflow/example_dags/example_bash_operator.py
[2025-02-15T17:43:56.703+0000] {logging_mixin.py:154} INFO - [2025-02-15T17:43:56.702+0000] {dag.py:2941} INFO - Sync 1 DAGs
[2025-02-15T17:43:56.768+0000] {logging_mixin.py:154} INFO - [2025-02-15T17:43:56.768+0000] {dag.py:3722} INFO - Setting next_dagrun for example_bash_operator to 2025-02-14T00:00:00+00:00, run_after=2025-02-15T00:00:00+00:00
[2025-02-15T17:43:56.818+0000] {processor.py:179} INFO - Processing /home/airflow/.local/lib/python3.8/site-packages/airflow/example_dags/example_bash_operator.py took 0.264 seconds
[2025-02-15T17:44:27.143+0000] {processor.py:157} INFO - Started process (PID=5244) to work on /home/airflow/.local/lib/python3.8/site-packages/airflow/example_dags/example_bash_operator.py
[2025-02-15T17:44:27.145+0000] {processor.py:829} INFO - Processing file /home/airflow/.local/lib/python3.8/site-packages/airflow/example_dags/example_bash_operator.py for tasks to queue
[2025-02-15T17:44:27.146+0000] {logging_mixin.py:154} INFO - [2025-02-15T17:44:27.146+0000] {dagbag.py:536} INFO - Filling up the DagBag from /home/airflow/.local/lib/python3.8/site-packages/airflow/example_dags/example_bash_operator.py
[2025-02-15T17:44:27.172+0000] {processor.py:839} INFO - DAG(s) dict_keys(['example_bash_operator']) retrieved from /home/airflow/.local/lib/python3.8/site-packages/airflow/example_dags/example_bash_operator.py
[2025-02-15T17:44:27.270+0000] {logging_mixin.py:154} INFO - [2025-02-15T17:44:27.270+0000] {dag.py:2941} INFO - Sync 1 DAGs
[2025-02-15T17:44:27.355+0000] {logging_mixin.py:154} INFO - [2025-02-15T17:44:27.355+0000] {dag.py:3722} INFO - Setting next_dagrun for example_bash_operator to 2025-02-14T00:00:00+00:00, run_after=2025-02-15T00:00:00+00:00
[2025-02-15T17:44:27.416+0000] {processor.py:179} INFO - Processing /home/airflow/.local/lib/python3.8/site-packages/airflow/example_dags/example_bash_operator.py took 0.282 seconds
[2025-02-15T17:44:57.947+0000] {processor.py:157} INFO - Started process (PID=5481) to work on /home/airflow/.local/lib/python3.8/site-packages/airflow/example_dags/example_bash_operator.py
[2025-02-15T17:44:57.949+0000] {processor.py:829} INFO - Processing file /home/airflow/.local/lib/python3.8/site-packages/airflow/example_dags/example_bash_operator.py for tasks to queue
[2025-02-15T17:44:57.952+0000] {logging_mixin.py:154} INFO - [2025-02-15T17:44:57.951+0000] {dagbag.py:536} INFO - Filling up the DagBag from /home/airflow/.local/lib/python3.8/site-packages/airflow/example_dags/example_bash_operator.py
[2025-02-15T17:44:57.992+0000] {processor.py:839} INFO - DAG(s) dict_keys(['example_bash_operator']) retrieved from /home/airflow/.local/lib/python3.8/site-packages/airflow/example_dags/example_bash_operator.py
[2025-02-15T17:44:58.106+0000] {logging_mixin.py:154} INFO - [2025-02-15T17:44:58.105+0000] {dag.py:2941} INFO - Sync 1 DAGs
[2025-02-15T17:44:58.182+0000] {logging_mixin.py:154} INFO - [2025-02-15T17:44:58.181+0000] {dag.py:3722} INFO - Setting next_dagrun for example_bash_operator to 2025-02-14T00:00:00+00:00, run_after=2025-02-15T00:00:00+00:00
[2025-02-15T17:44:58.243+0000] {processor.py:179} INFO - Processing /home/airflow/.local/lib/python3.8/site-packages/airflow/example_dags/example_bash_operator.py took 0.311 seconds
[2025-02-15T17:45:28.956+0000] {processor.py:157} INFO - Started process (PID=5719) to work on /home/airflow/.local/lib/python3.8/site-packages/airflow/example_dags/example_bash_operator.py
[2025-02-15T17:45:28.960+0000] {processor.py:829} INFO - Processing file /home/airflow/.local/lib/python3.8/site-packages/airflow/example_dags/example_bash_operator.py for tasks to queue
[2025-02-15T17:45:28.962+0000] {logging_mixin.py:154} INFO - [2025-02-15T17:45:28.961+0000] {dagbag.py:536} INFO - Filling up the DagBag from /home/airflow/.local/lib/python3.8/site-packages/airflow/example_dags/example_bash_operator.py
[2025-02-15T17:45:28.995+0000] {processor.py:839} INFO - DAG(s) dict_keys(['example_bash_operator']) retrieved from /home/airflow/.local/lib/python3.8/site-packages/airflow/example_dags/example_bash_operator.py
[2025-02-15T17:45:29.076+0000] {logging_mixin.py:154} INFO - [2025-02-15T17:45:29.076+0000] {dag.py:2941} INFO - Sync 1 DAGs
[2025-02-15T17:45:29.145+0000] {logging_mixin.py:154} INFO - [2025-02-15T17:45:29.144+0000] {dag.py:3722} INFO - Setting next_dagrun for example_bash_operator to 2025-02-14T00:00:00+00:00, run_after=2025-02-15T00:00:00+00:00
[2025-02-15T17:45:29.194+0000] {processor.py:179} INFO - Processing /home/airflow/.local/lib/python3.8/site-packages/airflow/example_dags/example_bash_operator.py took 0.248 seconds
[2025-02-15T17:45:59.752+0000] {processor.py:157} INFO - Started process (PID=5957) to work on /home/airflow/.local/lib/python3.8/site-packages/airflow/example_dags/example_bash_operator.py
[2025-02-15T17:45:59.764+0000] {processor.py:829} INFO - Processing file /home/airflow/.local/lib/python3.8/site-packages/airflow/example_dags/example_bash_operator.py for tasks to queue
[2025-02-15T17:45:59.769+0000] {logging_mixin.py:154} INFO - [2025-02-15T17:45:59.767+0000] {dagbag.py:536} INFO - Filling up the DagBag from /home/airflow/.local/lib/python3.8/site-packages/airflow/example_dags/example_bash_operator.py
[2025-02-15T17:45:59.809+0000] {processor.py:839} INFO - DAG(s) dict_keys(['example_bash_operator']) retrieved from /home/airflow/.local/lib/python3.8/site-packages/airflow/example_dags/example_bash_operator.py
[2025-02-15T17:45:59.903+0000] {logging_mixin.py:154} INFO - [2025-02-15T17:45:59.902+0000] {dag.py:2941} INFO - Sync 1 DAGs
[2025-02-15T17:45:59.966+0000] {logging_mixin.py:154} INFO - [2025-02-15T17:45:59.966+0000] {dag.py:3722} INFO - Setting next_dagrun for example_bash_operator to 2025-02-14T00:00:00+00:00, run_after=2025-02-15T00:00:00+00:00
[2025-02-15T17:46:00.028+0000] {processor.py:179} INFO - Processing /home/airflow/.local/lib/python3.8/site-packages/airflow/example_dags/example_bash_operator.py took 0.300 seconds
[2025-02-15T17:46:30.233+0000] {processor.py:157} INFO - Started process (PID=6195) to work on /home/airflow/.local/lib/python3.8/site-packages/airflow/example_dags/example_bash_operator.py
[2025-02-15T17:46:30.238+0000] {processor.py:829} INFO - Processing file /home/airflow/.local/lib/python3.8/site-packages/airflow/example_dags/example_bash_operator.py for tasks to queue
[2025-02-15T17:46:30.242+0000] {logging_mixin.py:154} INFO - [2025-02-15T17:46:30.241+0000] {dagbag.py:536} INFO - Filling up the DagBag from /home/airflow/.local/lib/python3.8/site-packages/airflow/example_dags/example_bash_operator.py
[2025-02-15T17:46:30.293+0000] {processor.py:839} INFO - DAG(s) dict_keys(['example_bash_operator']) retrieved from /home/airflow/.local/lib/python3.8/site-packages/airflow/example_dags/example_bash_operator.py
[2025-02-15T17:46:30.390+0000] {logging_mixin.py:154} INFO - [2025-02-15T17:46:30.389+0000] {dag.py:2941} INFO - Sync 1 DAGs
[2025-02-15T17:46:30.462+0000] {logging_mixin.py:154} INFO - [2025-02-15T17:46:30.462+0000] {dag.py:3722} INFO - Setting next_dagrun for example_bash_operator to 2025-02-14T00:00:00+00:00, run_after=2025-02-15T00:00:00+00:00
[2025-02-15T17:46:30.524+0000] {processor.py:179} INFO - Processing /home/airflow/.local/lib/python3.8/site-packages/airflow/example_dags/example_bash_operator.py took 0.309 seconds
