[2025-02-15T17:17:02.951+0000] {processor.py:157} INFO - Started process (PID=374) to work on /home/airflow/.local/lib/python3.8/site-packages/airflow/example_dags/tutorial_dag.py
[2025-02-15T17:17:02.961+0000] {processor.py:829} INFO - Processing file /home/airflow/.local/lib/python3.8/site-packages/airflow/example_dags/tutorial_dag.py for tasks to queue
[2025-02-15T17:17:02.967+0000] {logging_mixin.py:154} INFO - [2025-02-15T17:17:02.966+0000] {dagbag.py:536} INFO - Filling up the DagBag from /home/airflow/.local/lib/python3.8/site-packages/airflow/example_dags/tutorial_dag.py
[2025-02-15T17:17:03.010+0000] {processor.py:839} INFO - DAG(s) dict_keys(['tutorial_dag']) retrieved from /home/airflow/.local/lib/python3.8/site-packages/airflow/example_dags/tutorial_dag.py
[2025-02-15T17:17:03.118+0000] {logging_mixin.py:154} INFO - [2025-02-15T17:17:03.117+0000] {dag.py:2941} INFO - Sync 1 DAGs
[2025-02-15T17:17:03.186+0000] {logging_mixin.py:154} INFO - [2025-02-15T17:17:03.186+0000] {dag.py:3722} INFO - Setting next_dagrun for tutorial_dag to None, run_after=None
[2025-02-15T17:17:03.245+0000] {processor.py:179} INFO - Processing /home/airflow/.local/lib/python3.8/site-packages/airflow/example_dags/tutorial_dag.py took 0.343 seconds
[2025-02-15T17:17:45.234+0000] {processor.py:157} INFO - Started process (PID=619) to work on /home/airflow/.local/lib/python3.8/site-packages/airflow/example_dags/tutorial_dag.py
[2025-02-15T17:17:45.239+0000] {processor.py:829} INFO - Processing file /home/airflow/.local/lib/python3.8/site-packages/airflow/example_dags/tutorial_dag.py for tasks to queue
[2025-02-15T17:17:45.245+0000] {logging_mixin.py:154} INFO - [2025-02-15T17:17:45.240+0000] {dagbag.py:536} INFO - Filling up the DagBag from /home/airflow/.local/lib/python3.8/site-packages/airflow/example_dags/tutorial_dag.py
[2025-02-15T17:17:45.279+0000] {processor.py:839} INFO - DAG(s) dict_keys(['tutorial_dag']) retrieved from /home/airflow/.local/lib/python3.8/site-packages/airflow/example_dags/tutorial_dag.py
[2025-02-15T17:17:45.401+0000] {logging_mixin.py:154} INFO - [2025-02-15T17:17:45.401+0000] {dag.py:2941} INFO - Sync 1 DAGs
[2025-02-15T17:17:45.605+0000] {logging_mixin.py:154} INFO - [2025-02-15T17:17:45.604+0000] {dag.py:3722} INFO - Setting next_dagrun for tutorial_dag to None, run_after=None
[2025-02-15T17:17:45.770+0000] {processor.py:179} INFO - Processing /home/airflow/.local/lib/python3.8/site-packages/airflow/example_dags/tutorial_dag.py took 0.557 seconds
[2025-02-15T17:18:18.554+0000] {processor.py:157} INFO - Started process (PID=856) to work on /home/airflow/.local/lib/python3.8/site-packages/airflow/example_dags/tutorial_dag.py
[2025-02-15T17:18:18.565+0000] {processor.py:829} INFO - Processing file /home/airflow/.local/lib/python3.8/site-packages/airflow/example_dags/tutorial_dag.py for tasks to queue
[2025-02-15T17:18:18.574+0000] {logging_mixin.py:154} INFO - [2025-02-15T17:18:18.574+0000] {dagbag.py:536} INFO - Filling up the DagBag from /home/airflow/.local/lib/python3.8/site-packages/airflow/example_dags/tutorial_dag.py
[2025-02-15T17:18:18.645+0000] {processor.py:839} INFO - DAG(s) dict_keys(['tutorial_dag']) retrieved from /home/airflow/.local/lib/python3.8/site-packages/airflow/example_dags/tutorial_dag.py
[2025-02-15T17:18:18.810+0000] {logging_mixin.py:154} INFO - [2025-02-15T17:18:18.810+0000] {dag.py:2941} INFO - Sync 1 DAGs
[2025-02-15T17:18:18.890+0000] {logging_mixin.py:154} INFO - [2025-02-15T17:18:18.889+0000] {dag.py:3722} INFO - Setting next_dagrun for tutorial_dag to None, run_after=None
[2025-02-15T17:18:19.265+0000] {processor.py:179} INFO - Processing /home/airflow/.local/lib/python3.8/site-packages/airflow/example_dags/tutorial_dag.py took 0.751 seconds
[2025-02-15T17:18:51.723+0000] {processor.py:157} INFO - Started process (PID=1094) to work on /home/airflow/.local/lib/python3.8/site-packages/airflow/example_dags/tutorial_dag.py
[2025-02-15T17:18:51.731+0000] {processor.py:829} INFO - Processing file /home/airflow/.local/lib/python3.8/site-packages/airflow/example_dags/tutorial_dag.py for tasks to queue
[2025-02-15T17:18:51.735+0000] {logging_mixin.py:154} INFO - [2025-02-15T17:18:51.733+0000] {dagbag.py:536} INFO - Filling up the DagBag from /home/airflow/.local/lib/python3.8/site-packages/airflow/example_dags/tutorial_dag.py
[2025-02-15T17:18:51.827+0000] {processor.py:839} INFO - DAG(s) dict_keys(['tutorial_dag']) retrieved from /home/airflow/.local/lib/python3.8/site-packages/airflow/example_dags/tutorial_dag.py
[2025-02-15T17:18:52.166+0000] {logging_mixin.py:154} INFO - [2025-02-15T17:18:52.162+0000] {dag.py:2941} INFO - Sync 1 DAGs
[2025-02-15T17:18:52.241+0000] {logging_mixin.py:154} INFO - [2025-02-15T17:18:52.240+0000] {dag.py:3722} INFO - Setting next_dagrun for tutorial_dag to None, run_after=None
[2025-02-15T17:18:52.385+0000] {processor.py:179} INFO - Processing /home/airflow/.local/lib/python3.8/site-packages/airflow/example_dags/tutorial_dag.py took 0.687 seconds
[2025-02-15T17:19:29.005+0000] {processor.py:157} INFO - Started process (PID=1333) to work on /home/airflow/.local/lib/python3.8/site-packages/airflow/example_dags/tutorial_dag.py
[2025-02-15T17:19:29.020+0000] {processor.py:829} INFO - Processing file /home/airflow/.local/lib/python3.8/site-packages/airflow/example_dags/tutorial_dag.py for tasks to queue
[2025-02-15T17:19:29.030+0000] {logging_mixin.py:154} INFO - [2025-02-15T17:19:29.029+0000] {dagbag.py:536} INFO - Filling up the DagBag from /home/airflow/.local/lib/python3.8/site-packages/airflow/example_dags/tutorial_dag.py
[2025-02-15T17:19:29.092+0000] {processor.py:839} INFO - DAG(s) dict_keys(['tutorial_dag']) retrieved from /home/airflow/.local/lib/python3.8/site-packages/airflow/example_dags/tutorial_dag.py
[2025-02-15T17:19:29.208+0000] {logging_mixin.py:154} INFO - [2025-02-15T17:19:29.205+0000] {dag.py:2941} INFO - Sync 1 DAGs
[2025-02-15T17:19:29.260+0000] {logging_mixin.py:154} INFO - [2025-02-15T17:19:29.260+0000] {dag.py:3722} INFO - Setting next_dagrun for tutorial_dag to None, run_after=None
[2025-02-15T17:19:29.446+0000] {processor.py:179} INFO - Processing /home/airflow/.local/lib/python3.8/site-packages/airflow/example_dags/tutorial_dag.py took 0.489 seconds
[2025-02-15T17:20:05.743+0000] {processor.py:157} INFO - Started process (PID=1570) to work on /home/airflow/.local/lib/python3.8/site-packages/airflow/example_dags/tutorial_dag.py
[2025-02-15T17:20:05.746+0000] {processor.py:829} INFO - Processing file /home/airflow/.local/lib/python3.8/site-packages/airflow/example_dags/tutorial_dag.py for tasks to queue
[2025-02-15T17:20:05.749+0000] {logging_mixin.py:154} INFO - [2025-02-15T17:20:05.749+0000] {dagbag.py:536} INFO - Filling up the DagBag from /home/airflow/.local/lib/python3.8/site-packages/airflow/example_dags/tutorial_dag.py
[2025-02-15T17:20:05.769+0000] {processor.py:839} INFO - DAG(s) dict_keys(['tutorial_dag']) retrieved from /home/airflow/.local/lib/python3.8/site-packages/airflow/example_dags/tutorial_dag.py
[2025-02-15T17:20:06.259+0000] {logging_mixin.py:154} INFO - [2025-02-15T17:20:06.259+0000] {dag.py:2941} INFO - Sync 1 DAGs
[2025-02-15T17:20:06.550+0000] {logging_mixin.py:154} INFO - [2025-02-15T17:20:06.547+0000] {dag.py:3722} INFO - Setting next_dagrun for tutorial_dag to None, run_after=None
[2025-02-15T17:20:06.995+0000] {processor.py:179} INFO - Processing /home/airflow/.local/lib/python3.8/site-packages/airflow/example_dags/tutorial_dag.py took 1.272 seconds
[2025-02-15T17:20:37.555+0000] {processor.py:157} INFO - Started process (PID=1808) to work on /home/airflow/.local/lib/python3.8/site-packages/airflow/example_dags/tutorial_dag.py
[2025-02-15T17:20:37.564+0000] {processor.py:829} INFO - Processing file /home/airflow/.local/lib/python3.8/site-packages/airflow/example_dags/tutorial_dag.py for tasks to queue
[2025-02-15T17:20:37.575+0000] {logging_mixin.py:154} INFO - [2025-02-15T17:20:37.570+0000] {dagbag.py:536} INFO - Filling up the DagBag from /home/airflow/.local/lib/python3.8/site-packages/airflow/example_dags/tutorial_dag.py
[2025-02-15T17:20:37.641+0000] {processor.py:839} INFO - DAG(s) dict_keys(['tutorial_dag']) retrieved from /home/airflow/.local/lib/python3.8/site-packages/airflow/example_dags/tutorial_dag.py
[2025-02-15T17:20:37.774+0000] {logging_mixin.py:154} INFO - [2025-02-15T17:20:37.774+0000] {dag.py:2941} INFO - Sync 1 DAGs
[2025-02-15T17:20:37.856+0000] {logging_mixin.py:154} INFO - [2025-02-15T17:20:37.850+0000] {dag.py:3722} INFO - Setting next_dagrun for tutorial_dag to None, run_after=None
[2025-02-15T17:20:38.048+0000] {processor.py:179} INFO - Processing /home/airflow/.local/lib/python3.8/site-packages/airflow/example_dags/tutorial_dag.py took 0.540 seconds
[2025-02-15T17:21:08.450+0000] {processor.py:157} INFO - Started process (PID=2046) to work on /home/airflow/.local/lib/python3.8/site-packages/airflow/example_dags/tutorial_dag.py
[2025-02-15T17:21:08.453+0000] {processor.py:829} INFO - Processing file /home/airflow/.local/lib/python3.8/site-packages/airflow/example_dags/tutorial_dag.py for tasks to queue
[2025-02-15T17:21:08.456+0000] {logging_mixin.py:154} INFO - [2025-02-15T17:21:08.455+0000] {dagbag.py:536} INFO - Filling up the DagBag from /home/airflow/.local/lib/python3.8/site-packages/airflow/example_dags/tutorial_dag.py
[2025-02-15T17:21:08.477+0000] {processor.py:839} INFO - DAG(s) dict_keys(['tutorial_dag']) retrieved from /home/airflow/.local/lib/python3.8/site-packages/airflow/example_dags/tutorial_dag.py
[2025-02-15T17:21:08.553+0000] {logging_mixin.py:154} INFO - [2025-02-15T17:21:08.553+0000] {dag.py:2941} INFO - Sync 1 DAGs
[2025-02-15T17:21:08.601+0000] {logging_mixin.py:154} INFO - [2025-02-15T17:21:08.601+0000] {dag.py:3722} INFO - Setting next_dagrun for tutorial_dag to None, run_after=None
[2025-02-15T17:21:08.667+0000] {processor.py:179} INFO - Processing /home/airflow/.local/lib/python3.8/site-packages/airflow/example_dags/tutorial_dag.py took 0.235 seconds
[2025-02-15T17:21:39.389+0000] {processor.py:157} INFO - Started process (PID=2284) to work on /home/airflow/.local/lib/python3.8/site-packages/airflow/example_dags/tutorial_dag.py
[2025-02-15T17:21:39.393+0000] {processor.py:829} INFO - Processing file /home/airflow/.local/lib/python3.8/site-packages/airflow/example_dags/tutorial_dag.py for tasks to queue
[2025-02-15T17:21:39.396+0000] {logging_mixin.py:154} INFO - [2025-02-15T17:21:39.395+0000] {dagbag.py:536} INFO - Filling up the DagBag from /home/airflow/.local/lib/python3.8/site-packages/airflow/example_dags/tutorial_dag.py
[2025-02-15T17:21:39.419+0000] {processor.py:839} INFO - DAG(s) dict_keys(['tutorial_dag']) retrieved from /home/airflow/.local/lib/python3.8/site-packages/airflow/example_dags/tutorial_dag.py
[2025-02-15T17:21:39.507+0000] {logging_mixin.py:154} INFO - [2025-02-15T17:21:39.507+0000] {dag.py:2941} INFO - Sync 1 DAGs
[2025-02-15T17:21:39.558+0000] {logging_mixin.py:154} INFO - [2025-02-15T17:21:39.558+0000] {dag.py:3722} INFO - Setting next_dagrun for tutorial_dag to None, run_after=None
[2025-02-15T17:21:39.637+0000] {processor.py:179} INFO - Processing /home/airflow/.local/lib/python3.8/site-packages/airflow/example_dags/tutorial_dag.py took 0.267 seconds
[2025-02-15T17:22:14.212+0000] {processor.py:157} INFO - Started process (PID=2515) to work on /home/airflow/.local/lib/python3.8/site-packages/airflow/example_dags/tutorial_dag.py
[2025-02-15T17:22:14.225+0000] {processor.py:829} INFO - Processing file /home/airflow/.local/lib/python3.8/site-packages/airflow/example_dags/tutorial_dag.py for tasks to queue
[2025-02-15T17:22:14.233+0000] {logging_mixin.py:154} INFO - [2025-02-15T17:22:14.231+0000] {dagbag.py:536} INFO - Filling up the DagBag from /home/airflow/.local/lib/python3.8/site-packages/airflow/example_dags/tutorial_dag.py
[2025-02-15T17:22:14.268+0000] {processor.py:839} INFO - DAG(s) dict_keys(['tutorial_dag']) retrieved from /home/airflow/.local/lib/python3.8/site-packages/airflow/example_dags/tutorial_dag.py
[2025-02-15T17:22:14.434+0000] {logging_mixin.py:154} INFO - [2025-02-15T17:22:14.433+0000] {dag.py:2941} INFO - Sync 1 DAGs
[2025-02-15T17:22:14.512+0000] {logging_mixin.py:154} INFO - [2025-02-15T17:22:14.511+0000] {dag.py:3722} INFO - Setting next_dagrun for tutorial_dag to None, run_after=None
[2025-02-15T17:22:14.600+0000] {processor.py:179} INFO - Processing /home/airflow/.local/lib/python3.8/site-packages/airflow/example_dags/tutorial_dag.py took 0.431 seconds
[2025-02-15T17:22:46.706+0000] {processor.py:157} INFO - Started process (PID=2760) to work on /home/airflow/.local/lib/python3.8/site-packages/airflow/example_dags/tutorial_dag.py
[2025-02-15T17:22:46.727+0000] {processor.py:829} INFO - Processing file /home/airflow/.local/lib/python3.8/site-packages/airflow/example_dags/tutorial_dag.py for tasks to queue
[2025-02-15T17:22:46.760+0000] {logging_mixin.py:154} INFO - [2025-02-15T17:22:46.747+0000] {dagbag.py:536} INFO - Filling up the DagBag from /home/airflow/.local/lib/python3.8/site-packages/airflow/example_dags/tutorial_dag.py
[2025-02-15T17:22:46.909+0000] {processor.py:839} INFO - DAG(s) dict_keys(['tutorial_dag']) retrieved from /home/airflow/.local/lib/python3.8/site-packages/airflow/example_dags/tutorial_dag.py
[2025-02-15T17:22:47.040+0000] {logging_mixin.py:154} INFO - [2025-02-15T17:22:47.040+0000] {dag.py:2941} INFO - Sync 1 DAGs
[2025-02-15T17:22:47.274+0000] {logging_mixin.py:154} INFO - [2025-02-15T17:22:47.274+0000] {dag.py:3722} INFO - Setting next_dagrun for tutorial_dag to None, run_after=None
[2025-02-15T17:22:47.433+0000] {processor.py:179} INFO - Processing /home/airflow/.local/lib/python3.8/site-packages/airflow/example_dags/tutorial_dag.py took 0.800 seconds
[2025-02-15T17:23:17.749+0000] {processor.py:157} INFO - Started process (PID=3001) to work on /home/airflow/.local/lib/python3.8/site-packages/airflow/example_dags/tutorial_dag.py
[2025-02-15T17:23:17.752+0000] {processor.py:829} INFO - Processing file /home/airflow/.local/lib/python3.8/site-packages/airflow/example_dags/tutorial_dag.py for tasks to queue
[2025-02-15T17:23:17.755+0000] {logging_mixin.py:154} INFO - [2025-02-15T17:23:17.755+0000] {dagbag.py:536} INFO - Filling up the DagBag from /home/airflow/.local/lib/python3.8/site-packages/airflow/example_dags/tutorial_dag.py
[2025-02-15T17:23:17.772+0000] {processor.py:839} INFO - DAG(s) dict_keys(['tutorial_dag']) retrieved from /home/airflow/.local/lib/python3.8/site-packages/airflow/example_dags/tutorial_dag.py
[2025-02-15T17:23:17.836+0000] {logging_mixin.py:154} INFO - [2025-02-15T17:23:17.835+0000] {dag.py:2941} INFO - Sync 1 DAGs
[2025-02-15T17:23:17.878+0000] {logging_mixin.py:154} INFO - [2025-02-15T17:23:17.877+0000] {dag.py:3722} INFO - Setting next_dagrun for tutorial_dag to None, run_after=None
[2025-02-15T17:23:17.939+0000] {processor.py:179} INFO - Processing /home/airflow/.local/lib/python3.8/site-packages/airflow/example_dags/tutorial_dag.py took 0.204 seconds
[2025-02-15T17:23:48.447+0000] {processor.py:157} INFO - Started process (PID=3239) to work on /home/airflow/.local/lib/python3.8/site-packages/airflow/example_dags/tutorial_dag.py
[2025-02-15T17:23:48.449+0000] {processor.py:829} INFO - Processing file /home/airflow/.local/lib/python3.8/site-packages/airflow/example_dags/tutorial_dag.py for tasks to queue
[2025-02-15T17:23:48.451+0000] {logging_mixin.py:154} INFO - [2025-02-15T17:23:48.450+0000] {dagbag.py:536} INFO - Filling up the DagBag from /home/airflow/.local/lib/python3.8/site-packages/airflow/example_dags/tutorial_dag.py
[2025-02-15T17:23:48.471+0000] {processor.py:839} INFO - DAG(s) dict_keys(['tutorial_dag']) retrieved from /home/airflow/.local/lib/python3.8/site-packages/airflow/example_dags/tutorial_dag.py
[2025-02-15T17:23:48.555+0000] {logging_mixin.py:154} INFO - [2025-02-15T17:23:48.554+0000] {dag.py:2941} INFO - Sync 1 DAGs
[2025-02-15T17:23:48.593+0000] {logging_mixin.py:154} INFO - [2025-02-15T17:23:48.593+0000] {dag.py:3722} INFO - Setting next_dagrun for tutorial_dag to None, run_after=None
[2025-02-15T17:23:48.649+0000] {processor.py:179} INFO - Processing /home/airflow/.local/lib/python3.8/site-packages/airflow/example_dags/tutorial_dag.py took 0.214 seconds
[2025-02-15T17:28:10.329+0000] {processor.py:157} INFO - Started process (PID=371) to work on /home/airflow/.local/lib/python3.8/site-packages/airflow/example_dags/tutorial_dag.py
[2025-02-15T17:28:10.334+0000] {processor.py:829} INFO - Processing file /home/airflow/.local/lib/python3.8/site-packages/airflow/example_dags/tutorial_dag.py for tasks to queue
[2025-02-15T17:28:10.341+0000] {logging_mixin.py:154} INFO - [2025-02-15T17:28:10.338+0000] {dagbag.py:536} INFO - Filling up the DagBag from /home/airflow/.local/lib/python3.8/site-packages/airflow/example_dags/tutorial_dag.py
[2025-02-15T17:28:10.383+0000] {processor.py:839} INFO - DAG(s) dict_keys(['tutorial_dag']) retrieved from /home/airflow/.local/lib/python3.8/site-packages/airflow/example_dags/tutorial_dag.py
[2025-02-15T17:28:10.496+0000] {logging_mixin.py:154} INFO - [2025-02-15T17:28:10.496+0000] {dag.py:2941} INFO - Sync 1 DAGs
[2025-02-15T17:28:10.544+0000] {logging_mixin.py:154} INFO - [2025-02-15T17:28:10.544+0000] {dag.py:3722} INFO - Setting next_dagrun for tutorial_dag to None, run_after=None
[2025-02-15T17:28:10.607+0000] {processor.py:179} INFO - Processing /home/airflow/.local/lib/python3.8/site-packages/airflow/example_dags/tutorial_dag.py took 0.300 seconds
[2025-02-15T17:33:49.735+0000] {processor.py:157} INFO - Started process (PID=372) to work on /home/airflow/.local/lib/python3.8/site-packages/airflow/example_dags/tutorial_dag.py
[2025-02-15T17:33:49.738+0000] {processor.py:829} INFO - Processing file /home/airflow/.local/lib/python3.8/site-packages/airflow/example_dags/tutorial_dag.py for tasks to queue
[2025-02-15T17:33:49.741+0000] {logging_mixin.py:154} INFO - [2025-02-15T17:33:49.740+0000] {dagbag.py:536} INFO - Filling up the DagBag from /home/airflow/.local/lib/python3.8/site-packages/airflow/example_dags/tutorial_dag.py
[2025-02-15T17:33:49.767+0000] {processor.py:839} INFO - DAG(s) dict_keys(['tutorial_dag']) retrieved from /home/airflow/.local/lib/python3.8/site-packages/airflow/example_dags/tutorial_dag.py
[2025-02-15T17:33:49.886+0000] {logging_mixin.py:154} INFO - [2025-02-15T17:33:49.885+0000] {dag.py:2941} INFO - Sync 1 DAGs
[2025-02-15T17:33:49.937+0000] {logging_mixin.py:154} INFO - [2025-02-15T17:33:49.936+0000] {dag.py:3722} INFO - Setting next_dagrun for tutorial_dag to None, run_after=None
[2025-02-15T17:33:49.981+0000] {processor.py:179} INFO - Processing /home/airflow/.local/lib/python3.8/site-packages/airflow/example_dags/tutorial_dag.py took 0.262 seconds
[2025-02-15T17:34:21.112+0000] {processor.py:157} INFO - Started process (PID=611) to work on /home/airflow/.local/lib/python3.8/site-packages/airflow/example_dags/tutorial_dag.py
[2025-02-15T17:34:21.114+0000] {processor.py:829} INFO - Processing file /home/airflow/.local/lib/python3.8/site-packages/airflow/example_dags/tutorial_dag.py for tasks to queue
[2025-02-15T17:34:21.116+0000] {logging_mixin.py:154} INFO - [2025-02-15T17:34:21.116+0000] {dagbag.py:536} INFO - Filling up the DagBag from /home/airflow/.local/lib/python3.8/site-packages/airflow/example_dags/tutorial_dag.py
[2025-02-15T17:34:21.135+0000] {processor.py:839} INFO - DAG(s) dict_keys(['tutorial_dag']) retrieved from /home/airflow/.local/lib/python3.8/site-packages/airflow/example_dags/tutorial_dag.py
[2025-02-15T17:34:21.206+0000] {logging_mixin.py:154} INFO - [2025-02-15T17:34:21.206+0000] {dag.py:2941} INFO - Sync 1 DAGs
[2025-02-15T17:34:21.249+0000] {logging_mixin.py:154} INFO - [2025-02-15T17:34:21.249+0000] {dag.py:3722} INFO - Setting next_dagrun for tutorial_dag to None, run_after=None
[2025-02-15T17:34:21.305+0000] {processor.py:179} INFO - Processing /home/airflow/.local/lib/python3.8/site-packages/airflow/example_dags/tutorial_dag.py took 0.203 seconds
[2025-02-15T17:34:54.941+0000] {processor.py:157} INFO - Started process (PID=846) to work on /home/airflow/.local/lib/python3.8/site-packages/airflow/example_dags/tutorial_dag.py
[2025-02-15T17:34:54.945+0000] {processor.py:829} INFO - Processing file /home/airflow/.local/lib/python3.8/site-packages/airflow/example_dags/tutorial_dag.py for tasks to queue
[2025-02-15T17:34:54.956+0000] {logging_mixin.py:154} INFO - [2025-02-15T17:34:54.951+0000] {dagbag.py:536} INFO - Filling up the DagBag from /home/airflow/.local/lib/python3.8/site-packages/airflow/example_dags/tutorial_dag.py
[2025-02-15T17:34:54.982+0000] {processor.py:839} INFO - DAG(s) dict_keys(['tutorial_dag']) retrieved from /home/airflow/.local/lib/python3.8/site-packages/airflow/example_dags/tutorial_dag.py
[2025-02-15T17:34:55.067+0000] {logging_mixin.py:154} INFO - [2025-02-15T17:34:55.064+0000] {dag.py:2941} INFO - Sync 1 DAGs
[2025-02-15T17:34:55.125+0000] {logging_mixin.py:154} INFO - [2025-02-15T17:34:55.125+0000] {dag.py:3722} INFO - Setting next_dagrun for tutorial_dag to None, run_after=None
[2025-02-15T17:34:55.175+0000] {processor.py:179} INFO - Processing /home/airflow/.local/lib/python3.8/site-packages/airflow/example_dags/tutorial_dag.py took 0.277 seconds
[2025-02-15T17:35:25.726+0000] {processor.py:157} INFO - Started process (PID=1087) to work on /home/airflow/.local/lib/python3.8/site-packages/airflow/example_dags/tutorial_dag.py
[2025-02-15T17:35:25.728+0000] {processor.py:829} INFO - Processing file /home/airflow/.local/lib/python3.8/site-packages/airflow/example_dags/tutorial_dag.py for tasks to queue
[2025-02-15T17:35:25.730+0000] {logging_mixin.py:154} INFO - [2025-02-15T17:35:25.730+0000] {dagbag.py:536} INFO - Filling up the DagBag from /home/airflow/.local/lib/python3.8/site-packages/airflow/example_dags/tutorial_dag.py
[2025-02-15T17:35:25.749+0000] {processor.py:839} INFO - DAG(s) dict_keys(['tutorial_dag']) retrieved from /home/airflow/.local/lib/python3.8/site-packages/airflow/example_dags/tutorial_dag.py
[2025-02-15T17:35:25.828+0000] {logging_mixin.py:154} INFO - [2025-02-15T17:35:25.828+0000] {dag.py:2941} INFO - Sync 1 DAGs
[2025-02-15T17:35:25.894+0000] {logging_mixin.py:154} INFO - [2025-02-15T17:35:25.893+0000] {dag.py:3722} INFO - Setting next_dagrun for tutorial_dag to None, run_after=None
[2025-02-15T17:35:25.960+0000] {processor.py:179} INFO - Processing /home/airflow/.local/lib/python3.8/site-packages/airflow/example_dags/tutorial_dag.py took 0.246 seconds
[2025-02-15T17:35:56.971+0000] {processor.py:157} INFO - Started process (PID=1325) to work on /home/airflow/.local/lib/python3.8/site-packages/airflow/example_dags/tutorial_dag.py
[2025-02-15T17:35:56.973+0000] {processor.py:829} INFO - Processing file /home/airflow/.local/lib/python3.8/site-packages/airflow/example_dags/tutorial_dag.py for tasks to queue
[2025-02-15T17:35:56.975+0000] {logging_mixin.py:154} INFO - [2025-02-15T17:35:56.974+0000] {dagbag.py:536} INFO - Filling up the DagBag from /home/airflow/.local/lib/python3.8/site-packages/airflow/example_dags/tutorial_dag.py
[2025-02-15T17:35:56.990+0000] {processor.py:839} INFO - DAG(s) dict_keys(['tutorial_dag']) retrieved from /home/airflow/.local/lib/python3.8/site-packages/airflow/example_dags/tutorial_dag.py
[2025-02-15T17:35:57.061+0000] {logging_mixin.py:154} INFO - [2025-02-15T17:35:57.060+0000] {dag.py:2941} INFO - Sync 1 DAGs
[2025-02-15T17:35:57.097+0000] {logging_mixin.py:154} INFO - [2025-02-15T17:35:57.097+0000] {dag.py:3722} INFO - Setting next_dagrun for tutorial_dag to None, run_after=None
[2025-02-15T17:35:57.155+0000] {processor.py:179} INFO - Processing /home/airflow/.local/lib/python3.8/site-packages/airflow/example_dags/tutorial_dag.py took 0.193 seconds
[2025-02-15T17:36:28.273+0000] {processor.py:157} INFO - Started process (PID=1581) to work on /home/airflow/.local/lib/python3.8/site-packages/airflow/example_dags/tutorial_dag.py
[2025-02-15T17:36:28.275+0000] {processor.py:829} INFO - Processing file /home/airflow/.local/lib/python3.8/site-packages/airflow/example_dags/tutorial_dag.py for tasks to queue
[2025-02-15T17:36:28.278+0000] {logging_mixin.py:154} INFO - [2025-02-15T17:36:28.277+0000] {dagbag.py:536} INFO - Filling up the DagBag from /home/airflow/.local/lib/python3.8/site-packages/airflow/example_dags/tutorial_dag.py
[2025-02-15T17:36:28.297+0000] {processor.py:839} INFO - DAG(s) dict_keys(['tutorial_dag']) retrieved from /home/airflow/.local/lib/python3.8/site-packages/airflow/example_dags/tutorial_dag.py
[2025-02-15T17:36:28.358+0000] {logging_mixin.py:154} INFO - [2025-02-15T17:36:28.358+0000] {dag.py:2941} INFO - Sync 1 DAGs
[2025-02-15T17:36:28.395+0000] {logging_mixin.py:154} INFO - [2025-02-15T17:36:28.395+0000] {dag.py:3722} INFO - Setting next_dagrun for tutorial_dag to None, run_after=None
[2025-02-15T17:36:28.448+0000] {processor.py:179} INFO - Processing /home/airflow/.local/lib/python3.8/site-packages/airflow/example_dags/tutorial_dag.py took 0.185 seconds
[2025-02-15T17:36:58.835+0000] {processor.py:157} INFO - Started process (PID=1830) to work on /home/airflow/.local/lib/python3.8/site-packages/airflow/example_dags/tutorial_dag.py
[2025-02-15T17:36:58.838+0000] {processor.py:829} INFO - Processing file /home/airflow/.local/lib/python3.8/site-packages/airflow/example_dags/tutorial_dag.py for tasks to queue
[2025-02-15T17:36:58.840+0000] {logging_mixin.py:154} INFO - [2025-02-15T17:36:58.839+0000] {dagbag.py:536} INFO - Filling up the DagBag from /home/airflow/.local/lib/python3.8/site-packages/airflow/example_dags/tutorial_dag.py
[2025-02-15T17:36:58.858+0000] {processor.py:839} INFO - DAG(s) dict_keys(['tutorial_dag']) retrieved from /home/airflow/.local/lib/python3.8/site-packages/airflow/example_dags/tutorial_dag.py
[2025-02-15T17:36:58.919+0000] {logging_mixin.py:154} INFO - [2025-02-15T17:36:58.919+0000] {dag.py:2941} INFO - Sync 1 DAGs
[2025-02-15T17:36:58.955+0000] {logging_mixin.py:154} INFO - [2025-02-15T17:36:58.954+0000] {dag.py:3722} INFO - Setting next_dagrun for tutorial_dag to None, run_after=None
[2025-02-15T17:36:59.011+0000] {processor.py:179} INFO - Processing /home/airflow/.local/lib/python3.8/site-packages/airflow/example_dags/tutorial_dag.py took 0.185 seconds
[2025-02-15T17:37:29.673+0000] {processor.py:157} INFO - Started process (PID=2068) to work on /home/airflow/.local/lib/python3.8/site-packages/airflow/example_dags/tutorial_dag.py
[2025-02-15T17:37:29.676+0000] {processor.py:829} INFO - Processing file /home/airflow/.local/lib/python3.8/site-packages/airflow/example_dags/tutorial_dag.py for tasks to queue
[2025-02-15T17:37:29.678+0000] {logging_mixin.py:154} INFO - [2025-02-15T17:37:29.677+0000] {dagbag.py:536} INFO - Filling up the DagBag from /home/airflow/.local/lib/python3.8/site-packages/airflow/example_dags/tutorial_dag.py
[2025-02-15T17:37:29.695+0000] {processor.py:839} INFO - DAG(s) dict_keys(['tutorial_dag']) retrieved from /home/airflow/.local/lib/python3.8/site-packages/airflow/example_dags/tutorial_dag.py
[2025-02-15T17:37:29.805+0000] {logging_mixin.py:154} INFO - [2025-02-15T17:37:29.804+0000] {dag.py:2941} INFO - Sync 1 DAGs
[2025-02-15T17:37:29.842+0000] {logging_mixin.py:154} INFO - [2025-02-15T17:37:29.842+0000] {dag.py:3722} INFO - Setting next_dagrun for tutorial_dag to None, run_after=None
[2025-02-15T17:37:29.884+0000] {processor.py:179} INFO - Processing /home/airflow/.local/lib/python3.8/site-packages/airflow/example_dags/tutorial_dag.py took 0.222 seconds
[2025-02-15T17:38:00.100+0000] {processor.py:157} INFO - Started process (PID=2306) to work on /home/airflow/.local/lib/python3.8/site-packages/airflow/example_dags/tutorial_dag.py
[2025-02-15T17:38:00.103+0000] {processor.py:829} INFO - Processing file /home/airflow/.local/lib/python3.8/site-packages/airflow/example_dags/tutorial_dag.py for tasks to queue
[2025-02-15T17:38:00.105+0000] {logging_mixin.py:154} INFO - [2025-02-15T17:38:00.104+0000] {dagbag.py:536} INFO - Filling up the DagBag from /home/airflow/.local/lib/python3.8/site-packages/airflow/example_dags/tutorial_dag.py
[2025-02-15T17:38:00.120+0000] {processor.py:839} INFO - DAG(s) dict_keys(['tutorial_dag']) retrieved from /home/airflow/.local/lib/python3.8/site-packages/airflow/example_dags/tutorial_dag.py
[2025-02-15T17:38:00.178+0000] {logging_mixin.py:154} INFO - [2025-02-15T17:38:00.177+0000] {dag.py:2941} INFO - Sync 1 DAGs
[2025-02-15T17:38:00.224+0000] {logging_mixin.py:154} INFO - [2025-02-15T17:38:00.223+0000] {dag.py:3722} INFO - Setting next_dagrun for tutorial_dag to None, run_after=None
[2025-02-15T17:38:00.280+0000] {processor.py:179} INFO - Processing /home/airflow/.local/lib/python3.8/site-packages/airflow/example_dags/tutorial_dag.py took 0.190 seconds
[2025-02-15T17:38:30.929+0000] {processor.py:157} INFO - Started process (PID=2544) to work on /home/airflow/.local/lib/python3.8/site-packages/airflow/example_dags/tutorial_dag.py
[2025-02-15T17:38:30.932+0000] {processor.py:829} INFO - Processing file /home/airflow/.local/lib/python3.8/site-packages/airflow/example_dags/tutorial_dag.py for tasks to queue
[2025-02-15T17:38:30.934+0000] {logging_mixin.py:154} INFO - [2025-02-15T17:38:30.934+0000] {dagbag.py:536} INFO - Filling up the DagBag from /home/airflow/.local/lib/python3.8/site-packages/airflow/example_dags/tutorial_dag.py
[2025-02-15T17:38:30.951+0000] {processor.py:839} INFO - DAG(s) dict_keys(['tutorial_dag']) retrieved from /home/airflow/.local/lib/python3.8/site-packages/airflow/example_dags/tutorial_dag.py
[2025-02-15T17:38:31.032+0000] {logging_mixin.py:154} INFO - [2025-02-15T17:38:31.031+0000] {dag.py:2941} INFO - Sync 1 DAGs
[2025-02-15T17:38:31.066+0000] {logging_mixin.py:154} INFO - [2025-02-15T17:38:31.066+0000] {dag.py:3722} INFO - Setting next_dagrun for tutorial_dag to None, run_after=None
[2025-02-15T17:38:31.126+0000] {processor.py:179} INFO - Processing /home/airflow/.local/lib/python3.8/site-packages/airflow/example_dags/tutorial_dag.py took 0.206 seconds
[2025-02-15T17:39:01.939+0000] {processor.py:157} INFO - Started process (PID=2782) to work on /home/airflow/.local/lib/python3.8/site-packages/airflow/example_dags/tutorial_dag.py
[2025-02-15T17:39:01.946+0000] {processor.py:829} INFO - Processing file /home/airflow/.local/lib/python3.8/site-packages/airflow/example_dags/tutorial_dag.py for tasks to queue
[2025-02-15T17:39:01.949+0000] {logging_mixin.py:154} INFO - [2025-02-15T17:39:01.948+0000] {dagbag.py:536} INFO - Filling up the DagBag from /home/airflow/.local/lib/python3.8/site-packages/airflow/example_dags/tutorial_dag.py
[2025-02-15T17:39:01.967+0000] {processor.py:839} INFO - DAG(s) dict_keys(['tutorial_dag']) retrieved from /home/airflow/.local/lib/python3.8/site-packages/airflow/example_dags/tutorial_dag.py
[2025-02-15T17:39:02.072+0000] {logging_mixin.py:154} INFO - [2025-02-15T17:39:02.071+0000] {dag.py:2941} INFO - Sync 1 DAGs
[2025-02-15T17:39:02.112+0000] {logging_mixin.py:154} INFO - [2025-02-15T17:39:02.112+0000] {dag.py:3722} INFO - Setting next_dagrun for tutorial_dag to None, run_after=None
[2025-02-15T17:39:02.164+0000] {processor.py:179} INFO - Processing /home/airflow/.local/lib/python3.8/site-packages/airflow/example_dags/tutorial_dag.py took 0.235 seconds
[2025-02-15T17:39:32.509+0000] {processor.py:157} INFO - Started process (PID=3018) to work on /home/airflow/.local/lib/python3.8/site-packages/airflow/example_dags/tutorial_dag.py
[2025-02-15T17:39:32.516+0000] {processor.py:829} INFO - Processing file /home/airflow/.local/lib/python3.8/site-packages/airflow/example_dags/tutorial_dag.py for tasks to queue
[2025-02-15T17:39:32.520+0000] {logging_mixin.py:154} INFO - [2025-02-15T17:39:32.518+0000] {dagbag.py:536} INFO - Filling up the DagBag from /home/airflow/.local/lib/python3.8/site-packages/airflow/example_dags/tutorial_dag.py
[2025-02-15T17:39:32.549+0000] {processor.py:839} INFO - DAG(s) dict_keys(['tutorial_dag']) retrieved from /home/airflow/.local/lib/python3.8/site-packages/airflow/example_dags/tutorial_dag.py
[2025-02-15T17:39:32.630+0000] {logging_mixin.py:154} INFO - [2025-02-15T17:39:32.630+0000] {dag.py:2941} INFO - Sync 1 DAGs
[2025-02-15T17:39:32.666+0000] {logging_mixin.py:154} INFO - [2025-02-15T17:39:32.665+0000] {dag.py:3722} INFO - Setting next_dagrun for tutorial_dag to None, run_after=None
[2025-02-15T17:39:32.713+0000] {processor.py:179} INFO - Processing /home/airflow/.local/lib/python3.8/site-packages/airflow/example_dags/tutorial_dag.py took 0.215 seconds
[2025-02-15T17:40:03.218+0000] {processor.py:157} INFO - Started process (PID=3258) to work on /home/airflow/.local/lib/python3.8/site-packages/airflow/example_dags/tutorial_dag.py
[2025-02-15T17:40:03.220+0000] {processor.py:829} INFO - Processing file /home/airflow/.local/lib/python3.8/site-packages/airflow/example_dags/tutorial_dag.py for tasks to queue
[2025-02-15T17:40:03.223+0000] {logging_mixin.py:154} INFO - [2025-02-15T17:40:03.222+0000] {dagbag.py:536} INFO - Filling up the DagBag from /home/airflow/.local/lib/python3.8/site-packages/airflow/example_dags/tutorial_dag.py
[2025-02-15T17:40:03.239+0000] {processor.py:839} INFO - DAG(s) dict_keys(['tutorial_dag']) retrieved from /home/airflow/.local/lib/python3.8/site-packages/airflow/example_dags/tutorial_dag.py
[2025-02-15T17:40:03.314+0000] {logging_mixin.py:154} INFO - [2025-02-15T17:40:03.313+0000] {dag.py:2941} INFO - Sync 1 DAGs
[2025-02-15T17:40:03.353+0000] {logging_mixin.py:154} INFO - [2025-02-15T17:40:03.353+0000] {dag.py:3722} INFO - Setting next_dagrun for tutorial_dag to None, run_after=None
[2025-02-15T17:40:03.411+0000] {processor.py:179} INFO - Processing /home/airflow/.local/lib/python3.8/site-packages/airflow/example_dags/tutorial_dag.py took 0.202 seconds
[2025-02-15T17:40:33.596+0000] {processor.py:157} INFO - Started process (PID=3494) to work on /home/airflow/.local/lib/python3.8/site-packages/airflow/example_dags/tutorial_dag.py
[2025-02-15T17:40:33.599+0000] {processor.py:829} INFO - Processing file /home/airflow/.local/lib/python3.8/site-packages/airflow/example_dags/tutorial_dag.py for tasks to queue
[2025-02-15T17:40:33.603+0000] {logging_mixin.py:154} INFO - [2025-02-15T17:40:33.602+0000] {dagbag.py:536} INFO - Filling up the DagBag from /home/airflow/.local/lib/python3.8/site-packages/airflow/example_dags/tutorial_dag.py
[2025-02-15T17:40:33.617+0000] {processor.py:839} INFO - DAG(s) dict_keys(['tutorial_dag']) retrieved from /home/airflow/.local/lib/python3.8/site-packages/airflow/example_dags/tutorial_dag.py
[2025-02-15T17:40:33.680+0000] {logging_mixin.py:154} INFO - [2025-02-15T17:40:33.679+0000] {dag.py:2941} INFO - Sync 1 DAGs
[2025-02-15T17:40:33.723+0000] {logging_mixin.py:154} INFO - [2025-02-15T17:40:33.723+0000] {dag.py:3722} INFO - Setting next_dagrun for tutorial_dag to None, run_after=None
[2025-02-15T17:40:33.793+0000] {processor.py:179} INFO - Processing /home/airflow/.local/lib/python3.8/site-packages/airflow/example_dags/tutorial_dag.py took 0.211 seconds
[2025-02-15T17:41:04.167+0000] {processor.py:157} INFO - Started process (PID=3732) to work on /home/airflow/.local/lib/python3.8/site-packages/airflow/example_dags/tutorial_dag.py
[2025-02-15T17:41:04.170+0000] {processor.py:829} INFO - Processing file /home/airflow/.local/lib/python3.8/site-packages/airflow/example_dags/tutorial_dag.py for tasks to queue
[2025-02-15T17:41:04.172+0000] {logging_mixin.py:154} INFO - [2025-02-15T17:41:04.171+0000] {dagbag.py:536} INFO - Filling up the DagBag from /home/airflow/.local/lib/python3.8/site-packages/airflow/example_dags/tutorial_dag.py
[2025-02-15T17:41:04.188+0000] {processor.py:839} INFO - DAG(s) dict_keys(['tutorial_dag']) retrieved from /home/airflow/.local/lib/python3.8/site-packages/airflow/example_dags/tutorial_dag.py
[2025-02-15T17:41:04.273+0000] {logging_mixin.py:154} INFO - [2025-02-15T17:41:04.272+0000] {dag.py:2941} INFO - Sync 1 DAGs
[2025-02-15T17:41:04.309+0000] {logging_mixin.py:154} INFO - [2025-02-15T17:41:04.308+0000] {dag.py:3722} INFO - Setting next_dagrun for tutorial_dag to None, run_after=None
[2025-02-15T17:41:04.358+0000] {processor.py:179} INFO - Processing /home/airflow/.local/lib/python3.8/site-packages/airflow/example_dags/tutorial_dag.py took 0.200 seconds
[2025-02-15T17:41:35.019+0000] {processor.py:157} INFO - Started process (PID=3970) to work on /home/airflow/.local/lib/python3.8/site-packages/airflow/example_dags/tutorial_dag.py
[2025-02-15T17:41:35.022+0000] {processor.py:829} INFO - Processing file /home/airflow/.local/lib/python3.8/site-packages/airflow/example_dags/tutorial_dag.py for tasks to queue
[2025-02-15T17:41:35.024+0000] {logging_mixin.py:154} INFO - [2025-02-15T17:41:35.024+0000] {dagbag.py:536} INFO - Filling up the DagBag from /home/airflow/.local/lib/python3.8/site-packages/airflow/example_dags/tutorial_dag.py
[2025-02-15T17:41:35.043+0000] {processor.py:839} INFO - DAG(s) dict_keys(['tutorial_dag']) retrieved from /home/airflow/.local/lib/python3.8/site-packages/airflow/example_dags/tutorial_dag.py
[2025-02-15T17:41:35.118+0000] {logging_mixin.py:154} INFO - [2025-02-15T17:41:35.117+0000] {dag.py:2941} INFO - Sync 1 DAGs
[2025-02-15T17:41:35.162+0000] {logging_mixin.py:154} INFO - [2025-02-15T17:41:35.162+0000] {dag.py:3722} INFO - Setting next_dagrun for tutorial_dag to None, run_after=None
[2025-02-15T17:41:35.223+0000] {processor.py:179} INFO - Processing /home/airflow/.local/lib/python3.8/site-packages/airflow/example_dags/tutorial_dag.py took 0.216 seconds
[2025-02-15T17:42:05.802+0000] {processor.py:157} INFO - Started process (PID=4208) to work on /home/airflow/.local/lib/python3.8/site-packages/airflow/example_dags/tutorial_dag.py
[2025-02-15T17:42:05.804+0000] {processor.py:829} INFO - Processing file /home/airflow/.local/lib/python3.8/site-packages/airflow/example_dags/tutorial_dag.py for tasks to queue
[2025-02-15T17:42:05.807+0000] {logging_mixin.py:154} INFO - [2025-02-15T17:42:05.806+0000] {dagbag.py:536} INFO - Filling up the DagBag from /home/airflow/.local/lib/python3.8/site-packages/airflow/example_dags/tutorial_dag.py
[2025-02-15T17:42:05.826+0000] {processor.py:839} INFO - DAG(s) dict_keys(['tutorial_dag']) retrieved from /home/airflow/.local/lib/python3.8/site-packages/airflow/example_dags/tutorial_dag.py
[2025-02-15T17:42:05.902+0000] {logging_mixin.py:154} INFO - [2025-02-15T17:42:05.901+0000] {dag.py:2941} INFO - Sync 1 DAGs
[2025-02-15T17:42:05.974+0000] {logging_mixin.py:154} INFO - [2025-02-15T17:42:05.972+0000] {dag.py:3722} INFO - Setting next_dagrun for tutorial_dag to None, run_after=None
[2025-02-15T17:42:06.031+0000] {processor.py:179} INFO - Processing /home/airflow/.local/lib/python3.8/site-packages/airflow/example_dags/tutorial_dag.py took 0.242 seconds
[2025-02-15T17:42:36.784+0000] {processor.py:157} INFO - Started process (PID=4464) to work on /home/airflow/.local/lib/python3.8/site-packages/airflow/example_dags/tutorial_dag.py
[2025-02-15T17:42:36.787+0000] {processor.py:829} INFO - Processing file /home/airflow/.local/lib/python3.8/site-packages/airflow/example_dags/tutorial_dag.py for tasks to queue
[2025-02-15T17:42:36.789+0000] {logging_mixin.py:154} INFO - [2025-02-15T17:42:36.788+0000] {dagbag.py:536} INFO - Filling up the DagBag from /home/airflow/.local/lib/python3.8/site-packages/airflow/example_dags/tutorial_dag.py
[2025-02-15T17:42:36.806+0000] {processor.py:839} INFO - DAG(s) dict_keys(['tutorial_dag']) retrieved from /home/airflow/.local/lib/python3.8/site-packages/airflow/example_dags/tutorial_dag.py
[2025-02-15T17:42:36.903+0000] {logging_mixin.py:154} INFO - [2025-02-15T17:42:36.902+0000] {dag.py:2941} INFO - Sync 1 DAGs
[2025-02-15T17:42:36.967+0000] {logging_mixin.py:154} INFO - [2025-02-15T17:42:36.967+0000] {dag.py:3722} INFO - Setting next_dagrun for tutorial_dag to None, run_after=None
[2025-02-15T17:42:37.031+0000] {processor.py:179} INFO - Processing /home/airflow/.local/lib/python3.8/site-packages/airflow/example_dags/tutorial_dag.py took 0.258 seconds
[2025-02-15T17:43:07.487+0000] {processor.py:157} INFO - Started process (PID=4704) to work on /home/airflow/.local/lib/python3.8/site-packages/airflow/example_dags/tutorial_dag.py
[2025-02-15T17:43:07.489+0000] {processor.py:829} INFO - Processing file /home/airflow/.local/lib/python3.8/site-packages/airflow/example_dags/tutorial_dag.py for tasks to queue
[2025-02-15T17:43:07.492+0000] {logging_mixin.py:154} INFO - [2025-02-15T17:43:07.490+0000] {dagbag.py:536} INFO - Filling up the DagBag from /home/airflow/.local/lib/python3.8/site-packages/airflow/example_dags/tutorial_dag.py
[2025-02-15T17:43:07.507+0000] {processor.py:839} INFO - DAG(s) dict_keys(['tutorial_dag']) retrieved from /home/airflow/.local/lib/python3.8/site-packages/airflow/example_dags/tutorial_dag.py
[2025-02-15T17:43:07.567+0000] {logging_mixin.py:154} INFO - [2025-02-15T17:43:07.566+0000] {dag.py:2941} INFO - Sync 1 DAGs
[2025-02-15T17:43:07.609+0000] {logging_mixin.py:154} INFO - [2025-02-15T17:43:07.608+0000] {dag.py:3722} INFO - Setting next_dagrun for tutorial_dag to None, run_after=None
[2025-02-15T17:43:07.669+0000] {processor.py:179} INFO - Processing /home/airflow/.local/lib/python3.8/site-packages/airflow/example_dags/tutorial_dag.py took 0.192 seconds
[2025-02-15T17:43:37.906+0000] {processor.py:157} INFO - Started process (PID=4939) to work on /home/airflow/.local/lib/python3.8/site-packages/airflow/example_dags/tutorial_dag.py
[2025-02-15T17:43:37.908+0000] {processor.py:829} INFO - Processing file /home/airflow/.local/lib/python3.8/site-packages/airflow/example_dags/tutorial_dag.py for tasks to queue
[2025-02-15T17:43:37.916+0000] {logging_mixin.py:154} INFO - [2025-02-15T17:43:37.915+0000] {dagbag.py:536} INFO - Filling up the DagBag from /home/airflow/.local/lib/python3.8/site-packages/airflow/example_dags/tutorial_dag.py
[2025-02-15T17:43:37.939+0000] {processor.py:839} INFO - DAG(s) dict_keys(['tutorial_dag']) retrieved from /home/airflow/.local/lib/python3.8/site-packages/airflow/example_dags/tutorial_dag.py
[2025-02-15T17:43:38.009+0000] {logging_mixin.py:154} INFO - [2025-02-15T17:43:38.008+0000] {dag.py:2941} INFO - Sync 1 DAGs
[2025-02-15T17:43:38.050+0000] {logging_mixin.py:154} INFO - [2025-02-15T17:43:38.050+0000] {dag.py:3722} INFO - Setting next_dagrun for tutorial_dag to None, run_after=None
[2025-02-15T17:43:38.099+0000] {processor.py:179} INFO - Processing /home/airflow/.local/lib/python3.8/site-packages/airflow/example_dags/tutorial_dag.py took 0.204 seconds
[2025-02-15T17:44:08.383+0000] {processor.py:157} INFO - Started process (PID=5174) to work on /home/airflow/.local/lib/python3.8/site-packages/airflow/example_dags/tutorial_dag.py
[2025-02-15T17:44:08.385+0000] {processor.py:829} INFO - Processing file /home/airflow/.local/lib/python3.8/site-packages/airflow/example_dags/tutorial_dag.py for tasks to queue
[2025-02-15T17:44:08.387+0000] {logging_mixin.py:154} INFO - [2025-02-15T17:44:08.386+0000] {dagbag.py:536} INFO - Filling up the DagBag from /home/airflow/.local/lib/python3.8/site-packages/airflow/example_dags/tutorial_dag.py
[2025-02-15T17:44:08.404+0000] {processor.py:839} INFO - DAG(s) dict_keys(['tutorial_dag']) retrieved from /home/airflow/.local/lib/python3.8/site-packages/airflow/example_dags/tutorial_dag.py
[2025-02-15T17:44:08.474+0000] {logging_mixin.py:154} INFO - [2025-02-15T17:44:08.474+0000] {dag.py:2941} INFO - Sync 1 DAGs
[2025-02-15T17:44:08.521+0000] {logging_mixin.py:154} INFO - [2025-02-15T17:44:08.521+0000] {dag.py:3722} INFO - Setting next_dagrun for tutorial_dag to None, run_after=None
[2025-02-15T17:44:08.589+0000] {processor.py:179} INFO - Processing /home/airflow/.local/lib/python3.8/site-packages/airflow/example_dags/tutorial_dag.py took 0.215 seconds
[2025-02-15T17:44:39.679+0000] {processor.py:157} INFO - Started process (PID=5412) to work on /home/airflow/.local/lib/python3.8/site-packages/airflow/example_dags/tutorial_dag.py
[2025-02-15T17:44:39.687+0000] {processor.py:829} INFO - Processing file /home/airflow/.local/lib/python3.8/site-packages/airflow/example_dags/tutorial_dag.py for tasks to queue
[2025-02-15T17:44:39.692+0000] {logging_mixin.py:154} INFO - [2025-02-15T17:44:39.689+0000] {dagbag.py:536} INFO - Filling up the DagBag from /home/airflow/.local/lib/python3.8/site-packages/airflow/example_dags/tutorial_dag.py
[2025-02-15T17:44:39.722+0000] {processor.py:839} INFO - DAG(s) dict_keys(['tutorial_dag']) retrieved from /home/airflow/.local/lib/python3.8/site-packages/airflow/example_dags/tutorial_dag.py
[2025-02-15T17:44:39.847+0000] {logging_mixin.py:154} INFO - [2025-02-15T17:44:39.847+0000] {dag.py:2941} INFO - Sync 1 DAGs
[2025-02-15T17:44:39.891+0000] {logging_mixin.py:154} INFO - [2025-02-15T17:44:39.891+0000] {dag.py:3722} INFO - Setting next_dagrun for tutorial_dag to None, run_after=None
[2025-02-15T17:44:39.961+0000] {processor.py:179} INFO - Processing /home/airflow/.local/lib/python3.8/site-packages/airflow/example_dags/tutorial_dag.py took 0.294 seconds
[2025-02-15T17:45:10.358+0000] {processor.py:157} INFO - Started process (PID=5649) to work on /home/airflow/.local/lib/python3.8/site-packages/airflow/example_dags/tutorial_dag.py
[2025-02-15T17:45:10.360+0000] {processor.py:829} INFO - Processing file /home/airflow/.local/lib/python3.8/site-packages/airflow/example_dags/tutorial_dag.py for tasks to queue
[2025-02-15T17:45:10.363+0000] {logging_mixin.py:154} INFO - [2025-02-15T17:45:10.362+0000] {dagbag.py:536} INFO - Filling up the DagBag from /home/airflow/.local/lib/python3.8/site-packages/airflow/example_dags/tutorial_dag.py
[2025-02-15T17:45:10.377+0000] {processor.py:839} INFO - DAG(s) dict_keys(['tutorial_dag']) retrieved from /home/airflow/.local/lib/python3.8/site-packages/airflow/example_dags/tutorial_dag.py
[2025-02-15T17:45:10.458+0000] {logging_mixin.py:154} INFO - [2025-02-15T17:45:10.457+0000] {dag.py:2941} INFO - Sync 1 DAGs
[2025-02-15T17:45:10.494+0000] {logging_mixin.py:154} INFO - [2025-02-15T17:45:10.493+0000] {dag.py:3722} INFO - Setting next_dagrun for tutorial_dag to None, run_after=None
[2025-02-15T17:45:10.550+0000] {processor.py:179} INFO - Processing /home/airflow/.local/lib/python3.8/site-packages/airflow/example_dags/tutorial_dag.py took 0.202 seconds
[2025-02-15T17:45:41.161+0000] {processor.py:157} INFO - Started process (PID=5887) to work on /home/airflow/.local/lib/python3.8/site-packages/airflow/example_dags/tutorial_dag.py
[2025-02-15T17:45:41.165+0000] {processor.py:829} INFO - Processing file /home/airflow/.local/lib/python3.8/site-packages/airflow/example_dags/tutorial_dag.py for tasks to queue
[2025-02-15T17:45:41.167+0000] {logging_mixin.py:154} INFO - [2025-02-15T17:45:41.166+0000] {dagbag.py:536} INFO - Filling up the DagBag from /home/airflow/.local/lib/python3.8/site-packages/airflow/example_dags/tutorial_dag.py
[2025-02-15T17:45:41.183+0000] {processor.py:839} INFO - DAG(s) dict_keys(['tutorial_dag']) retrieved from /home/airflow/.local/lib/python3.8/site-packages/airflow/example_dags/tutorial_dag.py
[2025-02-15T17:45:41.244+0000] {logging_mixin.py:154} INFO - [2025-02-15T17:45:41.243+0000] {dag.py:2941} INFO - Sync 1 DAGs
[2025-02-15T17:45:41.285+0000] {logging_mixin.py:154} INFO - [2025-02-15T17:45:41.285+0000] {dag.py:3722} INFO - Setting next_dagrun for tutorial_dag to None, run_after=None
[2025-02-15T17:45:41.348+0000] {processor.py:179} INFO - Processing /home/airflow/.local/lib/python3.8/site-packages/airflow/example_dags/tutorial_dag.py took 0.199 seconds
[2025-02-15T17:46:11.989+0000] {processor.py:157} INFO - Started process (PID=6125) to work on /home/airflow/.local/lib/python3.8/site-packages/airflow/example_dags/tutorial_dag.py
[2025-02-15T17:46:11.991+0000] {processor.py:829} INFO - Processing file /home/airflow/.local/lib/python3.8/site-packages/airflow/example_dags/tutorial_dag.py for tasks to queue
[2025-02-15T17:46:11.993+0000] {logging_mixin.py:154} INFO - [2025-02-15T17:46:11.993+0000] {dagbag.py:536} INFO - Filling up the DagBag from /home/airflow/.local/lib/python3.8/site-packages/airflow/example_dags/tutorial_dag.py
[2025-02-15T17:46:12.008+0000] {processor.py:839} INFO - DAG(s) dict_keys(['tutorial_dag']) retrieved from /home/airflow/.local/lib/python3.8/site-packages/airflow/example_dags/tutorial_dag.py
[2025-02-15T17:46:12.066+0000] {logging_mixin.py:154} INFO - [2025-02-15T17:46:12.065+0000] {dag.py:2941} INFO - Sync 1 DAGs
[2025-02-15T17:46:12.117+0000] {logging_mixin.py:154} INFO - [2025-02-15T17:46:12.116+0000] {dag.py:3722} INFO - Setting next_dagrun for tutorial_dag to None, run_after=None
[2025-02-15T17:46:12.193+0000] {processor.py:179} INFO - Processing /home/airflow/.local/lib/python3.8/site-packages/airflow/example_dags/tutorial_dag.py took 0.213 seconds
