[2025-02-15T17:16:56.543+0000] {processor.py:157} INFO - Started process (PID=264) to work on /home/airflow/.local/lib/python3.8/site-packages/airflow/example_dags/tutorial_taskflow_api.py
[2025-02-15T17:16:56.546+0000] {processor.py:829} INFO - Processing file /home/airflow/.local/lib/python3.8/site-packages/airflow/example_dags/tutorial_taskflow_api.py for tasks to queue
[2025-02-15T17:16:56.549+0000] {logging_mixin.py:154} INFO - [2025-02-15T17:16:56.548+0000] {dagbag.py:536} INFO - Filling up the DagBag from /home/airflow/.local/lib/python3.8/site-packages/airflow/example_dags/tutorial_taskflow_api.py
[2025-02-15T17:16:56.582+0000] {processor.py:839} INFO - DAG(s) dict_keys(['tutorial_taskflow_api']) retrieved from /home/airflow/.local/lib/python3.8/site-packages/airflow/example_dags/tutorial_taskflow_api.py
[2025-02-15T17:16:56.713+0000] {logging_mixin.py:154} INFO - [2025-02-15T17:16:56.713+0000] {dag.py:2941} INFO - Sync 1 DAGs
[2025-02-15T17:16:56.754+0000] {logging_mixin.py:154} INFO - [2025-02-15T17:16:56.754+0000] {dag.py:3722} INFO - Setting next_dagrun for tutorial_taskflow_api to None, run_after=None
[2025-02-15T17:16:56.864+0000] {processor.py:179} INFO - Processing /home/airflow/.local/lib/python3.8/site-packages/airflow/example_dags/tutorial_taskflow_api.py took 0.332 seconds
[2025-02-15T17:17:32.673+0000] {processor.py:157} INFO - Started process (PID=502) to work on /home/airflow/.local/lib/python3.8/site-packages/airflow/example_dags/tutorial_taskflow_api.py
[2025-02-15T17:17:32.693+0000] {processor.py:829} INFO - Processing file /home/airflow/.local/lib/python3.8/site-packages/airflow/example_dags/tutorial_taskflow_api.py for tasks to queue
[2025-02-15T17:17:32.710+0000] {logging_mixin.py:154} INFO - [2025-02-15T17:17:32.703+0000] {dagbag.py:536} INFO - Filling up the DagBag from /home/airflow/.local/lib/python3.8/site-packages/airflow/example_dags/tutorial_taskflow_api.py
[2025-02-15T17:17:32.793+0000] {processor.py:839} INFO - DAG(s) dict_keys(['tutorial_taskflow_api']) retrieved from /home/airflow/.local/lib/python3.8/site-packages/airflow/example_dags/tutorial_taskflow_api.py
[2025-02-15T17:17:33.029+0000] {logging_mixin.py:154} INFO - [2025-02-15T17:17:33.025+0000] {dag.py:2941} INFO - Sync 1 DAGs
[2025-02-15T17:17:33.425+0000] {logging_mixin.py:154} INFO - [2025-02-15T17:17:33.424+0000] {dag.py:3722} INFO - Setting next_dagrun for tutorial_taskflow_api to None, run_after=None
[2025-02-15T17:17:33.679+0000] {processor.py:179} INFO - Processing /home/airflow/.local/lib/python3.8/site-packages/airflow/example_dags/tutorial_taskflow_api.py took 1.062 seconds
[2025-02-15T17:18:06.501+0000] {processor.py:157} INFO - Started process (PID=740) to work on /home/airflow/.local/lib/python3.8/site-packages/airflow/example_dags/tutorial_taskflow_api.py
[2025-02-15T17:18:06.521+0000] {processor.py:829} INFO - Processing file /home/airflow/.local/lib/python3.8/site-packages/airflow/example_dags/tutorial_taskflow_api.py for tasks to queue
[2025-02-15T17:18:06.537+0000] {logging_mixin.py:154} INFO - [2025-02-15T17:18:06.533+0000] {dagbag.py:536} INFO - Filling up the DagBag from /home/airflow/.local/lib/python3.8/site-packages/airflow/example_dags/tutorial_taskflow_api.py
[2025-02-15T17:18:06.564+0000] {processor.py:839} INFO - DAG(s) dict_keys(['tutorial_taskflow_api']) retrieved from /home/airflow/.local/lib/python3.8/site-packages/airflow/example_dags/tutorial_taskflow_api.py
[2025-02-15T17:18:06.884+0000] {logging_mixin.py:154} INFO - [2025-02-15T17:18:06.881+0000] {dag.py:2941} INFO - Sync 1 DAGs
[2025-02-15T17:18:07.062+0000] {logging_mixin.py:154} INFO - [2025-02-15T17:18:07.062+0000] {dag.py:3722} INFO - Setting next_dagrun for tutorial_taskflow_api to None, run_after=None
[2025-02-15T17:18:07.315+0000] {processor.py:179} INFO - Processing /home/airflow/.local/lib/python3.8/site-packages/airflow/example_dags/tutorial_taskflow_api.py took 0.876 seconds
[2025-02-15T17:18:37.932+0000] {processor.py:157} INFO - Started process (PID=977) to work on /home/airflow/.local/lib/python3.8/site-packages/airflow/example_dags/tutorial_taskflow_api.py
[2025-02-15T17:18:37.940+0000] {processor.py:829} INFO - Processing file /home/airflow/.local/lib/python3.8/site-packages/airflow/example_dags/tutorial_taskflow_api.py for tasks to queue
[2025-02-15T17:18:37.950+0000] {logging_mixin.py:154} INFO - [2025-02-15T17:18:37.946+0000] {dagbag.py:536} INFO - Filling up the DagBag from /home/airflow/.local/lib/python3.8/site-packages/airflow/example_dags/tutorial_taskflow_api.py
[2025-02-15T17:18:38.044+0000] {processor.py:839} INFO - DAG(s) dict_keys(['tutorial_taskflow_api']) retrieved from /home/airflow/.local/lib/python3.8/site-packages/airflow/example_dags/tutorial_taskflow_api.py
[2025-02-15T17:18:38.277+0000] {logging_mixin.py:154} INFO - [2025-02-15T17:18:38.277+0000] {dag.py:2941} INFO - Sync 1 DAGs
[2025-02-15T17:18:38.421+0000] {logging_mixin.py:154} INFO - [2025-02-15T17:18:38.420+0000] {dag.py:3722} INFO - Setting next_dagrun for tutorial_taskflow_api to None, run_after=None
[2025-02-15T17:18:38.650+0000] {processor.py:179} INFO - Processing /home/airflow/.local/lib/python3.8/site-packages/airflow/example_dags/tutorial_taskflow_api.py took 0.760 seconds
[2025-02-15T17:19:08.976+0000] {processor.py:157} INFO - Started process (PID=1215) to work on /home/airflow/.local/lib/python3.8/site-packages/airflow/example_dags/tutorial_taskflow_api.py
[2025-02-15T17:19:08.984+0000] {processor.py:829} INFO - Processing file /home/airflow/.local/lib/python3.8/site-packages/airflow/example_dags/tutorial_taskflow_api.py for tasks to queue
[2025-02-15T17:19:08.986+0000] {logging_mixin.py:154} INFO - [2025-02-15T17:19:08.985+0000] {dagbag.py:536} INFO - Filling up the DagBag from /home/airflow/.local/lib/python3.8/site-packages/airflow/example_dags/tutorial_taskflow_api.py
[2025-02-15T17:19:09.024+0000] {processor.py:839} INFO - DAG(s) dict_keys(['tutorial_taskflow_api']) retrieved from /home/airflow/.local/lib/python3.8/site-packages/airflow/example_dags/tutorial_taskflow_api.py
[2025-02-15T17:19:09.176+0000] {logging_mixin.py:154} INFO - [2025-02-15T17:19:09.176+0000] {dag.py:2941} INFO - Sync 1 DAGs
[2025-02-15T17:19:09.254+0000] {logging_mixin.py:154} INFO - [2025-02-15T17:19:09.254+0000] {dag.py:3722} INFO - Setting next_dagrun for tutorial_taskflow_api to None, run_after=None
[2025-02-15T17:19:09.511+0000] {processor.py:179} INFO - Processing /home/airflow/.local/lib/python3.8/site-packages/airflow/example_dags/tutorial_taskflow_api.py took 0.553 seconds
[2025-02-15T17:19:48.989+0000] {processor.py:157} INFO - Started process (PID=1460) to work on /home/airflow/.local/lib/python3.8/site-packages/airflow/example_dags/tutorial_taskflow_api.py
[2025-02-15T17:19:48.997+0000] {processor.py:829} INFO - Processing file /home/airflow/.local/lib/python3.8/site-packages/airflow/example_dags/tutorial_taskflow_api.py for tasks to queue
[2025-02-15T17:19:49.012+0000] {logging_mixin.py:154} INFO - [2025-02-15T17:19:49.011+0000] {dagbag.py:536} INFO - Filling up the DagBag from /home/airflow/.local/lib/python3.8/site-packages/airflow/example_dags/tutorial_taskflow_api.py
[2025-02-15T17:19:49.112+0000] {processor.py:839} INFO - DAG(s) dict_keys(['tutorial_taskflow_api']) retrieved from /home/airflow/.local/lib/python3.8/site-packages/airflow/example_dags/tutorial_taskflow_api.py
[2025-02-15T17:19:49.326+0000] {logging_mixin.py:154} INFO - [2025-02-15T17:19:49.325+0000] {dag.py:2941} INFO - Sync 1 DAGs
[2025-02-15T17:19:49.497+0000] {logging_mixin.py:154} INFO - [2025-02-15T17:19:49.492+0000] {dag.py:3722} INFO - Setting next_dagrun for tutorial_taskflow_api to None, run_after=None
[2025-02-15T17:19:49.572+0000] {processor.py:179} INFO - Processing /home/airflow/.local/lib/python3.8/site-packages/airflow/example_dags/tutorial_taskflow_api.py took 0.595 seconds
[2025-02-15T17:20:23.137+0000] {processor.py:157} INFO - Started process (PID=1692) to work on /home/airflow/.local/lib/python3.8/site-packages/airflow/example_dags/tutorial_taskflow_api.py
[2025-02-15T17:20:23.162+0000] {processor.py:829} INFO - Processing file /home/airflow/.local/lib/python3.8/site-packages/airflow/example_dags/tutorial_taskflow_api.py for tasks to queue
[2025-02-15T17:20:23.182+0000] {logging_mixin.py:154} INFO - [2025-02-15T17:20:23.167+0000] {dagbag.py:536} INFO - Filling up the DagBag from /home/airflow/.local/lib/python3.8/site-packages/airflow/example_dags/tutorial_taskflow_api.py
[2025-02-15T17:20:23.304+0000] {processor.py:839} INFO - DAG(s) dict_keys(['tutorial_taskflow_api']) retrieved from /home/airflow/.local/lib/python3.8/site-packages/airflow/example_dags/tutorial_taskflow_api.py
[2025-02-15T17:20:23.524+0000] {logging_mixin.py:154} INFO - [2025-02-15T17:20:23.517+0000] {dag.py:2941} INFO - Sync 1 DAGs
[2025-02-15T17:20:23.623+0000] {logging_mixin.py:154} INFO - [2025-02-15T17:20:23.621+0000] {dag.py:3722} INFO - Setting next_dagrun for tutorial_taskflow_api to None, run_after=None
[2025-02-15T17:20:23.774+0000] {processor.py:179} INFO - Processing /home/airflow/.local/lib/python3.8/site-packages/airflow/example_dags/tutorial_taskflow_api.py took 0.728 seconds
[2025-02-15T17:20:54.310+0000] {processor.py:157} INFO - Started process (PID=1930) to work on /home/airflow/.local/lib/python3.8/site-packages/airflow/example_dags/tutorial_taskflow_api.py
[2025-02-15T17:20:54.314+0000] {processor.py:829} INFO - Processing file /home/airflow/.local/lib/python3.8/site-packages/airflow/example_dags/tutorial_taskflow_api.py for tasks to queue
[2025-02-15T17:20:54.317+0000] {logging_mixin.py:154} INFO - [2025-02-15T17:20:54.316+0000] {dagbag.py:536} INFO - Filling up the DagBag from /home/airflow/.local/lib/python3.8/site-packages/airflow/example_dags/tutorial_taskflow_api.py
[2025-02-15T17:20:54.342+0000] {processor.py:839} INFO - DAG(s) dict_keys(['tutorial_taskflow_api']) retrieved from /home/airflow/.local/lib/python3.8/site-packages/airflow/example_dags/tutorial_taskflow_api.py
[2025-02-15T17:20:54.416+0000] {logging_mixin.py:154} INFO - [2025-02-15T17:20:54.415+0000] {dag.py:2941} INFO - Sync 1 DAGs
[2025-02-15T17:20:54.453+0000] {logging_mixin.py:154} INFO - [2025-02-15T17:20:54.452+0000] {dag.py:3722} INFO - Setting next_dagrun for tutorial_taskflow_api to None, run_after=None
[2025-02-15T17:20:54.518+0000] {processor.py:179} INFO - Processing /home/airflow/.local/lib/python3.8/site-packages/airflow/example_dags/tutorial_taskflow_api.py took 0.227 seconds
[2025-02-15T17:21:25.236+0000] {processor.py:157} INFO - Started process (PID=2170) to work on /home/airflow/.local/lib/python3.8/site-packages/airflow/example_dags/tutorial_taskflow_api.py
[2025-02-15T17:21:25.242+0000] {processor.py:829} INFO - Processing file /home/airflow/.local/lib/python3.8/site-packages/airflow/example_dags/tutorial_taskflow_api.py for tasks to queue
[2025-02-15T17:21:25.251+0000] {logging_mixin.py:154} INFO - [2025-02-15T17:21:25.248+0000] {dagbag.py:536} INFO - Filling up the DagBag from /home/airflow/.local/lib/python3.8/site-packages/airflow/example_dags/tutorial_taskflow_api.py
[2025-02-15T17:21:25.278+0000] {processor.py:839} INFO - DAG(s) dict_keys(['tutorial_taskflow_api']) retrieved from /home/airflow/.local/lib/python3.8/site-packages/airflow/example_dags/tutorial_taskflow_api.py
[2025-02-15T17:21:25.377+0000] {logging_mixin.py:154} INFO - [2025-02-15T17:21:25.376+0000] {dag.py:2941} INFO - Sync 1 DAGs
[2025-02-15T17:21:25.423+0000] {logging_mixin.py:154} INFO - [2025-02-15T17:21:25.421+0000] {dag.py:3722} INFO - Setting next_dagrun for tutorial_taskflow_api to None, run_after=None
[2025-02-15T17:21:25.503+0000] {processor.py:179} INFO - Processing /home/airflow/.local/lib/python3.8/site-packages/airflow/example_dags/tutorial_taskflow_api.py took 0.282 seconds
[2025-02-15T17:21:56.247+0000] {processor.py:157} INFO - Started process (PID=2405) to work on /home/airflow/.local/lib/python3.8/site-packages/airflow/example_dags/tutorial_taskflow_api.py
[2025-02-15T17:21:56.252+0000] {processor.py:829} INFO - Processing file /home/airflow/.local/lib/python3.8/site-packages/airflow/example_dags/tutorial_taskflow_api.py for tasks to queue
[2025-02-15T17:21:56.258+0000] {logging_mixin.py:154} INFO - [2025-02-15T17:21:56.257+0000] {dagbag.py:536} INFO - Filling up the DagBag from /home/airflow/.local/lib/python3.8/site-packages/airflow/example_dags/tutorial_taskflow_api.py
[2025-02-15T17:21:56.305+0000] {processor.py:839} INFO - DAG(s) dict_keys(['tutorial_taskflow_api']) retrieved from /home/airflow/.local/lib/python3.8/site-packages/airflow/example_dags/tutorial_taskflow_api.py
[2025-02-15T17:21:56.758+0000] {logging_mixin.py:154} INFO - [2025-02-15T17:21:56.757+0000] {dag.py:2941} INFO - Sync 1 DAGs
[2025-02-15T17:21:56.944+0000] {logging_mixin.py:154} INFO - [2025-02-15T17:21:56.944+0000] {dag.py:3722} INFO - Setting next_dagrun for tutorial_taskflow_api to None, run_after=None
[2025-02-15T17:21:57.203+0000] {processor.py:179} INFO - Processing /home/airflow/.local/lib/python3.8/site-packages/airflow/example_dags/tutorial_taskflow_api.py took 0.973 seconds
[2025-02-15T17:22:28.056+0000] {processor.py:157} INFO - Started process (PID=2646) to work on /home/airflow/.local/lib/python3.8/site-packages/airflow/example_dags/tutorial_taskflow_api.py
[2025-02-15T17:22:28.060+0000] {processor.py:829} INFO - Processing file /home/airflow/.local/lib/python3.8/site-packages/airflow/example_dags/tutorial_taskflow_api.py for tasks to queue
[2025-02-15T17:22:28.064+0000] {logging_mixin.py:154} INFO - [2025-02-15T17:22:28.063+0000] {dagbag.py:536} INFO - Filling up the DagBag from /home/airflow/.local/lib/python3.8/site-packages/airflow/example_dags/tutorial_taskflow_api.py
[2025-02-15T17:22:28.090+0000] {processor.py:839} INFO - DAG(s) dict_keys(['tutorial_taskflow_api']) retrieved from /home/airflow/.local/lib/python3.8/site-packages/airflow/example_dags/tutorial_taskflow_api.py
[2025-02-15T17:22:28.314+0000] {logging_mixin.py:154} INFO - [2025-02-15T17:22:28.314+0000] {dag.py:2941} INFO - Sync 1 DAGs
[2025-02-15T17:22:28.456+0000] {logging_mixin.py:154} INFO - [2025-02-15T17:22:28.450+0000] {dag.py:3722} INFO - Setting next_dagrun for tutorial_taskflow_api to None, run_after=None
[2025-02-15T17:22:28.637+0000] {processor.py:179} INFO - Processing /home/airflow/.local/lib/python3.8/site-packages/airflow/example_dags/tutorial_taskflow_api.py took 0.611 seconds
[2025-02-15T17:23:01.009+0000] {processor.py:157} INFO - Started process (PID=2884) to work on /home/airflow/.local/lib/python3.8/site-packages/airflow/example_dags/tutorial_taskflow_api.py
[2025-02-15T17:23:01.014+0000] {processor.py:829} INFO - Processing file /home/airflow/.local/lib/python3.8/site-packages/airflow/example_dags/tutorial_taskflow_api.py for tasks to queue
[2025-02-15T17:23:01.026+0000] {logging_mixin.py:154} INFO - [2025-02-15T17:23:01.026+0000] {dagbag.py:536} INFO - Filling up the DagBag from /home/airflow/.local/lib/python3.8/site-packages/airflow/example_dags/tutorial_taskflow_api.py
[2025-02-15T17:23:01.081+0000] {processor.py:839} INFO - DAG(s) dict_keys(['tutorial_taskflow_api']) retrieved from /home/airflow/.local/lib/python3.8/site-packages/airflow/example_dags/tutorial_taskflow_api.py
[2025-02-15T17:23:01.197+0000] {logging_mixin.py:154} INFO - [2025-02-15T17:23:01.196+0000] {dag.py:2941} INFO - Sync 1 DAGs
[2025-02-15T17:23:01.430+0000] {logging_mixin.py:154} INFO - [2025-02-15T17:23:01.429+0000] {dag.py:3722} INFO - Setting next_dagrun for tutorial_taskflow_api to None, run_after=None
[2025-02-15T17:23:01.690+0000] {processor.py:179} INFO - Processing /home/airflow/.local/lib/python3.8/site-packages/airflow/example_dags/tutorial_taskflow_api.py took 0.754 seconds
[2025-02-15T17:23:32.614+0000] {processor.py:157} INFO - Started process (PID=3122) to work on /home/airflow/.local/lib/python3.8/site-packages/airflow/example_dags/tutorial_taskflow_api.py
[2025-02-15T17:23:32.622+0000] {processor.py:829} INFO - Processing file /home/airflow/.local/lib/python3.8/site-packages/airflow/example_dags/tutorial_taskflow_api.py for tasks to queue
[2025-02-15T17:23:32.626+0000] {logging_mixin.py:154} INFO - [2025-02-15T17:23:32.624+0000] {dagbag.py:536} INFO - Filling up the DagBag from /home/airflow/.local/lib/python3.8/site-packages/airflow/example_dags/tutorial_taskflow_api.py
[2025-02-15T17:23:32.648+0000] {processor.py:839} INFO - DAG(s) dict_keys(['tutorial_taskflow_api']) retrieved from /home/airflow/.local/lib/python3.8/site-packages/airflow/example_dags/tutorial_taskflow_api.py
[2025-02-15T17:23:32.752+0000] {logging_mixin.py:154} INFO - [2025-02-15T17:23:32.752+0000] {dag.py:2941} INFO - Sync 1 DAGs
[2025-02-15T17:23:32.817+0000] {logging_mixin.py:154} INFO - [2025-02-15T17:23:32.816+0000] {dag.py:3722} INFO - Setting next_dagrun for tutorial_taskflow_api to None, run_after=None
[2025-02-15T17:23:32.882+0000] {processor.py:179} INFO - Processing /home/airflow/.local/lib/python3.8/site-packages/airflow/example_dags/tutorial_taskflow_api.py took 0.282 seconds
[2025-02-15T17:24:08.597+0000] {processor.py:157} INFO - Started process (PID=3360) to work on /home/airflow/.local/lib/python3.8/site-packages/airflow/example_dags/tutorial_taskflow_api.py
[2025-02-15T17:24:08.609+0000] {processor.py:829} INFO - Processing file /home/airflow/.local/lib/python3.8/site-packages/airflow/example_dags/tutorial_taskflow_api.py for tasks to queue
[2025-02-15T17:24:08.616+0000] {logging_mixin.py:154} INFO - [2025-02-15T17:24:08.613+0000] {dagbag.py:536} INFO - Filling up the DagBag from /home/airflow/.local/lib/python3.8/site-packages/airflow/example_dags/tutorial_taskflow_api.py
[2025-02-15T17:24:08.668+0000] {processor.py:839} INFO - DAG(s) dict_keys(['tutorial_taskflow_api']) retrieved from /home/airflow/.local/lib/python3.8/site-packages/airflow/example_dags/tutorial_taskflow_api.py
[2025-02-15T17:24:08.954+0000] {logging_mixin.py:154} INFO - [2025-02-15T17:24:08.954+0000] {dag.py:2941} INFO - Sync 1 DAGs
[2025-02-15T17:24:09.089+0000] {logging_mixin.py:154} INFO - [2025-02-15T17:24:09.088+0000] {dag.py:3722} INFO - Setting next_dagrun for tutorial_taskflow_api to None, run_after=None
[2025-02-15T17:24:09.192+0000] {processor.py:179} INFO - Processing /home/airflow/.local/lib/python3.8/site-packages/airflow/example_dags/tutorial_taskflow_api.py took 0.643 seconds
[2025-02-15T17:28:03.043+0000] {processor.py:157} INFO - Started process (PID=261) to work on /home/airflow/.local/lib/python3.8/site-packages/airflow/example_dags/tutorial_taskflow_api.py
[2025-02-15T17:28:03.046+0000] {processor.py:829} INFO - Processing file /home/airflow/.local/lib/python3.8/site-packages/airflow/example_dags/tutorial_taskflow_api.py for tasks to queue
[2025-02-15T17:28:03.054+0000] {logging_mixin.py:154} INFO - [2025-02-15T17:28:03.053+0000] {dagbag.py:536} INFO - Filling up the DagBag from /home/airflow/.local/lib/python3.8/site-packages/airflow/example_dags/tutorial_taskflow_api.py
[2025-02-15T17:28:03.137+0000] {processor.py:839} INFO - DAG(s) dict_keys(['tutorial_taskflow_api']) retrieved from /home/airflow/.local/lib/python3.8/site-packages/airflow/example_dags/tutorial_taskflow_api.py
[2025-02-15T17:28:03.256+0000] {logging_mixin.py:154} INFO - [2025-02-15T17:28:03.255+0000] {dag.py:2941} INFO - Sync 1 DAGs
[2025-02-15T17:28:03.299+0000] {logging_mixin.py:154} INFO - [2025-02-15T17:28:03.299+0000] {dag.py:3722} INFO - Setting next_dagrun for tutorial_taskflow_api to None, run_after=None
[2025-02-15T17:28:03.357+0000] {processor.py:179} INFO - Processing /home/airflow/.local/lib/python3.8/site-packages/airflow/example_dags/tutorial_taskflow_api.py took 0.330 seconds
[2025-02-15T17:33:44.637+0000] {processor.py:157} INFO - Started process (PID=262) to work on /home/airflow/.local/lib/python3.8/site-packages/airflow/example_dags/tutorial_taskflow_api.py
[2025-02-15T17:33:44.642+0000] {processor.py:829} INFO - Processing file /home/airflow/.local/lib/python3.8/site-packages/airflow/example_dags/tutorial_taskflow_api.py for tasks to queue
[2025-02-15T17:33:44.647+0000] {logging_mixin.py:154} INFO - [2025-02-15T17:33:44.646+0000] {dagbag.py:536} INFO - Filling up the DagBag from /home/airflow/.local/lib/python3.8/site-packages/airflow/example_dags/tutorial_taskflow_api.py
[2025-02-15T17:33:44.678+0000] {processor.py:839} INFO - DAG(s) dict_keys(['tutorial_taskflow_api']) retrieved from /home/airflow/.local/lib/python3.8/site-packages/airflow/example_dags/tutorial_taskflow_api.py
[2025-02-15T17:33:44.765+0000] {logging_mixin.py:154} INFO - [2025-02-15T17:33:44.765+0000] {dag.py:2941} INFO - Sync 1 DAGs
[2025-02-15T17:33:44.812+0000] {logging_mixin.py:154} INFO - [2025-02-15T17:33:44.811+0000] {dag.py:3722} INFO - Setting next_dagrun for tutorial_taskflow_api to None, run_after=None
[2025-02-15T17:33:44.869+0000] {processor.py:179} INFO - Processing /home/airflow/.local/lib/python3.8/site-packages/airflow/example_dags/tutorial_taskflow_api.py took 0.241 seconds
[2025-02-15T17:34:16.051+0000] {processor.py:157} INFO - Started process (PID=501) to work on /home/airflow/.local/lib/python3.8/site-packages/airflow/example_dags/tutorial_taskflow_api.py
[2025-02-15T17:34:16.054+0000] {processor.py:829} INFO - Processing file /home/airflow/.local/lib/python3.8/site-packages/airflow/example_dags/tutorial_taskflow_api.py for tasks to queue
[2025-02-15T17:34:16.057+0000] {logging_mixin.py:154} INFO - [2025-02-15T17:34:16.056+0000] {dagbag.py:536} INFO - Filling up the DagBag from /home/airflow/.local/lib/python3.8/site-packages/airflow/example_dags/tutorial_taskflow_api.py
[2025-02-15T17:34:16.080+0000] {processor.py:839} INFO - DAG(s) dict_keys(['tutorial_taskflow_api']) retrieved from /home/airflow/.local/lib/python3.8/site-packages/airflow/example_dags/tutorial_taskflow_api.py
[2025-02-15T17:34:16.145+0000] {logging_mixin.py:154} INFO - [2025-02-15T17:34:16.144+0000] {dag.py:2941} INFO - Sync 1 DAGs
[2025-02-15T17:34:16.192+0000] {logging_mixin.py:154} INFO - [2025-02-15T17:34:16.191+0000] {dag.py:3722} INFO - Setting next_dagrun for tutorial_taskflow_api to None, run_after=None
[2025-02-15T17:34:16.245+0000] {processor.py:179} INFO - Processing /home/airflow/.local/lib/python3.8/site-packages/airflow/example_dags/tutorial_taskflow_api.py took 0.207 seconds
[2025-02-15T17:34:47.907+0000] {processor.py:157} INFO - Started process (PID=736) to work on /home/airflow/.local/lib/python3.8/site-packages/airflow/example_dags/tutorial_taskflow_api.py
[2025-02-15T17:34:47.911+0000] {processor.py:829} INFO - Processing file /home/airflow/.local/lib/python3.8/site-packages/airflow/example_dags/tutorial_taskflow_api.py for tasks to queue
[2025-02-15T17:34:47.918+0000] {logging_mixin.py:154} INFO - [2025-02-15T17:34:47.916+0000] {dagbag.py:536} INFO - Filling up the DagBag from /home/airflow/.local/lib/python3.8/site-packages/airflow/example_dags/tutorial_taskflow_api.py
[2025-02-15T17:34:47.957+0000] {processor.py:839} INFO - DAG(s) dict_keys(['tutorial_taskflow_api']) retrieved from /home/airflow/.local/lib/python3.8/site-packages/airflow/example_dags/tutorial_taskflow_api.py
[2025-02-15T17:34:48.124+0000] {logging_mixin.py:154} INFO - [2025-02-15T17:34:48.123+0000] {dag.py:2941} INFO - Sync 1 DAGs
[2025-02-15T17:34:48.240+0000] {logging_mixin.py:154} INFO - [2025-02-15T17:34:48.239+0000] {dag.py:3722} INFO - Setting next_dagrun for tutorial_taskflow_api to None, run_after=None
[2025-02-15T17:34:48.341+0000] {processor.py:179} INFO - Processing /home/airflow/.local/lib/python3.8/site-packages/airflow/example_dags/tutorial_taskflow_api.py took 0.448 seconds
[2025-02-15T17:35:18.488+0000] {processor.py:157} INFO - Started process (PID=975) to work on /home/airflow/.local/lib/python3.8/site-packages/airflow/example_dags/tutorial_taskflow_api.py
[2025-02-15T17:35:18.491+0000] {processor.py:829} INFO - Processing file /home/airflow/.local/lib/python3.8/site-packages/airflow/example_dags/tutorial_taskflow_api.py for tasks to queue
[2025-02-15T17:35:18.494+0000] {logging_mixin.py:154} INFO - [2025-02-15T17:35:18.493+0000] {dagbag.py:536} INFO - Filling up the DagBag from /home/airflow/.local/lib/python3.8/site-packages/airflow/example_dags/tutorial_taskflow_api.py
[2025-02-15T17:35:18.515+0000] {processor.py:839} INFO - DAG(s) dict_keys(['tutorial_taskflow_api']) retrieved from /home/airflow/.local/lib/python3.8/site-packages/airflow/example_dags/tutorial_taskflow_api.py
[2025-02-15T17:35:18.577+0000] {logging_mixin.py:154} INFO - [2025-02-15T17:35:18.576+0000] {dag.py:2941} INFO - Sync 1 DAGs
[2025-02-15T17:35:18.621+0000] {logging_mixin.py:154} INFO - [2025-02-15T17:35:18.621+0000] {dag.py:3722} INFO - Setting next_dagrun for tutorial_taskflow_api to None, run_after=None
[2025-02-15T17:35:18.677+0000] {processor.py:179} INFO - Processing /home/airflow/.local/lib/python3.8/site-packages/airflow/example_dags/tutorial_taskflow_api.py took 0.200 seconds
[2025-02-15T17:35:49.414+0000] {processor.py:157} INFO - Started process (PID=1215) to work on /home/airflow/.local/lib/python3.8/site-packages/airflow/example_dags/tutorial_taskflow_api.py
[2025-02-15T17:35:49.418+0000] {processor.py:829} INFO - Processing file /home/airflow/.local/lib/python3.8/site-packages/airflow/example_dags/tutorial_taskflow_api.py for tasks to queue
[2025-02-15T17:35:49.423+0000] {logging_mixin.py:154} INFO - [2025-02-15T17:35:49.422+0000] {dagbag.py:536} INFO - Filling up the DagBag from /home/airflow/.local/lib/python3.8/site-packages/airflow/example_dags/tutorial_taskflow_api.py
[2025-02-15T17:35:49.445+0000] {processor.py:839} INFO - DAG(s) dict_keys(['tutorial_taskflow_api']) retrieved from /home/airflow/.local/lib/python3.8/site-packages/airflow/example_dags/tutorial_taskflow_api.py
[2025-02-15T17:35:49.504+0000] {logging_mixin.py:154} INFO - [2025-02-15T17:35:49.504+0000] {dag.py:2941} INFO - Sync 1 DAGs
[2025-02-15T17:35:49.536+0000] {logging_mixin.py:154} INFO - [2025-02-15T17:35:49.534+0000] {dag.py:3722} INFO - Setting next_dagrun for tutorial_taskflow_api to None, run_after=None
[2025-02-15T17:35:49.610+0000] {processor.py:179} INFO - Processing /home/airflow/.local/lib/python3.8/site-packages/airflow/example_dags/tutorial_taskflow_api.py took 0.206 seconds
[2025-02-15T17:36:19.804+0000] {processor.py:157} INFO - Started process (PID=1457) to work on /home/airflow/.local/lib/python3.8/site-packages/airflow/example_dags/tutorial_taskflow_api.py
[2025-02-15T17:36:19.809+0000] {processor.py:829} INFO - Processing file /home/airflow/.local/lib/python3.8/site-packages/airflow/example_dags/tutorial_taskflow_api.py for tasks to queue
[2025-02-15T17:36:19.812+0000] {logging_mixin.py:154} INFO - [2025-02-15T17:36:19.811+0000] {dagbag.py:536} INFO - Filling up the DagBag from /home/airflow/.local/lib/python3.8/site-packages/airflow/example_dags/tutorial_taskflow_api.py
[2025-02-15T17:36:19.830+0000] {processor.py:839} INFO - DAG(s) dict_keys(['tutorial_taskflow_api']) retrieved from /home/airflow/.local/lib/python3.8/site-packages/airflow/example_dags/tutorial_taskflow_api.py
[2025-02-15T17:36:19.906+0000] {logging_mixin.py:154} INFO - [2025-02-15T17:36:19.905+0000] {dag.py:2941} INFO - Sync 1 DAGs
[2025-02-15T17:36:19.946+0000] {logging_mixin.py:154} INFO - [2025-02-15T17:36:19.946+0000] {dag.py:3722} INFO - Setting next_dagrun for tutorial_taskflow_api to None, run_after=None
[2025-02-15T17:36:20.014+0000] {processor.py:179} INFO - Processing /home/airflow/.local/lib/python3.8/site-packages/airflow/example_dags/tutorial_taskflow_api.py took 0.221 seconds
[2025-02-15T17:36:50.443+0000] {processor.py:157} INFO - Started process (PID=1718) to work on /home/airflow/.local/lib/python3.8/site-packages/airflow/example_dags/tutorial_taskflow_api.py
[2025-02-15T17:36:50.446+0000] {processor.py:829} INFO - Processing file /home/airflow/.local/lib/python3.8/site-packages/airflow/example_dags/tutorial_taskflow_api.py for tasks to queue
[2025-02-15T17:36:50.448+0000] {logging_mixin.py:154} INFO - [2025-02-15T17:36:50.448+0000] {dagbag.py:536} INFO - Filling up the DagBag from /home/airflow/.local/lib/python3.8/site-packages/airflow/example_dags/tutorial_taskflow_api.py
[2025-02-15T17:36:50.468+0000] {processor.py:839} INFO - DAG(s) dict_keys(['tutorial_taskflow_api']) retrieved from /home/airflow/.local/lib/python3.8/site-packages/airflow/example_dags/tutorial_taskflow_api.py
[2025-02-15T17:36:50.540+0000] {logging_mixin.py:154} INFO - [2025-02-15T17:36:50.539+0000] {dag.py:2941} INFO - Sync 1 DAGs
[2025-02-15T17:36:50.580+0000] {logging_mixin.py:154} INFO - [2025-02-15T17:36:50.579+0000] {dag.py:3722} INFO - Setting next_dagrun for tutorial_taskflow_api to None, run_after=None
[2025-02-15T17:36:50.648+0000] {processor.py:179} INFO - Processing /home/airflow/.local/lib/python3.8/site-packages/airflow/example_dags/tutorial_taskflow_api.py took 0.214 seconds
[2025-02-15T17:37:21.403+0000] {processor.py:157} INFO - Started process (PID=1956) to work on /home/airflow/.local/lib/python3.8/site-packages/airflow/example_dags/tutorial_taskflow_api.py
[2025-02-15T17:37:21.409+0000] {processor.py:829} INFO - Processing file /home/airflow/.local/lib/python3.8/site-packages/airflow/example_dags/tutorial_taskflow_api.py for tasks to queue
[2025-02-15T17:37:21.413+0000] {logging_mixin.py:154} INFO - [2025-02-15T17:37:21.413+0000] {dagbag.py:536} INFO - Filling up the DagBag from /home/airflow/.local/lib/python3.8/site-packages/airflow/example_dags/tutorial_taskflow_api.py
[2025-02-15T17:37:21.445+0000] {processor.py:839} INFO - DAG(s) dict_keys(['tutorial_taskflow_api']) retrieved from /home/airflow/.local/lib/python3.8/site-packages/airflow/example_dags/tutorial_taskflow_api.py
[2025-02-15T17:37:21.536+0000] {logging_mixin.py:154} INFO - [2025-02-15T17:37:21.535+0000] {dag.py:2941} INFO - Sync 1 DAGs
[2025-02-15T17:37:21.590+0000] {logging_mixin.py:154} INFO - [2025-02-15T17:37:21.589+0000] {dag.py:3722} INFO - Setting next_dagrun for tutorial_taskflow_api to None, run_after=None
[2025-02-15T17:37:21.652+0000] {processor.py:179} INFO - Processing /home/airflow/.local/lib/python3.8/site-packages/airflow/example_dags/tutorial_taskflow_api.py took 0.264 seconds
[2025-02-15T17:37:52.154+0000] {processor.py:157} INFO - Started process (PID=2194) to work on /home/airflow/.local/lib/python3.8/site-packages/airflow/example_dags/tutorial_taskflow_api.py
[2025-02-15T17:37:52.156+0000] {processor.py:829} INFO - Processing file /home/airflow/.local/lib/python3.8/site-packages/airflow/example_dags/tutorial_taskflow_api.py for tasks to queue
[2025-02-15T17:37:52.159+0000] {logging_mixin.py:154} INFO - [2025-02-15T17:37:52.158+0000] {dagbag.py:536} INFO - Filling up the DagBag from /home/airflow/.local/lib/python3.8/site-packages/airflow/example_dags/tutorial_taskflow_api.py
[2025-02-15T17:37:52.176+0000] {processor.py:839} INFO - DAG(s) dict_keys(['tutorial_taskflow_api']) retrieved from /home/airflow/.local/lib/python3.8/site-packages/airflow/example_dags/tutorial_taskflow_api.py
[2025-02-15T17:37:52.285+0000] {logging_mixin.py:154} INFO - [2025-02-15T17:37:52.284+0000] {dag.py:2941} INFO - Sync 1 DAGs
[2025-02-15T17:37:52.324+0000] {logging_mixin.py:154} INFO - [2025-02-15T17:37:52.323+0000] {dag.py:3722} INFO - Setting next_dagrun for tutorial_taskflow_api to None, run_after=None
[2025-02-15T17:37:52.395+0000] {processor.py:179} INFO - Processing /home/airflow/.local/lib/python3.8/site-packages/airflow/example_dags/tutorial_taskflow_api.py took 0.255 seconds
[2025-02-15T17:38:22.596+0000] {processor.py:157} INFO - Started process (PID=2432) to work on /home/airflow/.local/lib/python3.8/site-packages/airflow/example_dags/tutorial_taskflow_api.py
[2025-02-15T17:38:22.599+0000] {processor.py:829} INFO - Processing file /home/airflow/.local/lib/python3.8/site-packages/airflow/example_dags/tutorial_taskflow_api.py for tasks to queue
[2025-02-15T17:38:22.602+0000] {logging_mixin.py:154} INFO - [2025-02-15T17:38:22.601+0000] {dagbag.py:536} INFO - Filling up the DagBag from /home/airflow/.local/lib/python3.8/site-packages/airflow/example_dags/tutorial_taskflow_api.py
[2025-02-15T17:38:22.623+0000] {processor.py:839} INFO - DAG(s) dict_keys(['tutorial_taskflow_api']) retrieved from /home/airflow/.local/lib/python3.8/site-packages/airflow/example_dags/tutorial_taskflow_api.py
[2025-02-15T17:38:22.707+0000] {logging_mixin.py:154} INFO - [2025-02-15T17:38:22.706+0000] {dag.py:2941} INFO - Sync 1 DAGs
[2025-02-15T17:38:22.742+0000] {logging_mixin.py:154} INFO - [2025-02-15T17:38:22.741+0000] {dag.py:3722} INFO - Setting next_dagrun for tutorial_taskflow_api to None, run_after=None
[2025-02-15T17:38:22.810+0000] {processor.py:179} INFO - Processing /home/airflow/.local/lib/python3.8/site-packages/airflow/example_dags/tutorial_taskflow_api.py took 0.226 seconds
[2025-02-15T17:38:53.518+0000] {processor.py:157} INFO - Started process (PID=2670) to work on /home/airflow/.local/lib/python3.8/site-packages/airflow/example_dags/tutorial_taskflow_api.py
[2025-02-15T17:38:53.522+0000] {processor.py:829} INFO - Processing file /home/airflow/.local/lib/python3.8/site-packages/airflow/example_dags/tutorial_taskflow_api.py for tasks to queue
[2025-02-15T17:38:53.524+0000] {logging_mixin.py:154} INFO - [2025-02-15T17:38:53.523+0000] {dagbag.py:536} INFO - Filling up the DagBag from /home/airflow/.local/lib/python3.8/site-packages/airflow/example_dags/tutorial_taskflow_api.py
[2025-02-15T17:38:53.545+0000] {processor.py:839} INFO - DAG(s) dict_keys(['tutorial_taskflow_api']) retrieved from /home/airflow/.local/lib/python3.8/site-packages/airflow/example_dags/tutorial_taskflow_api.py
[2025-02-15T17:38:53.601+0000] {logging_mixin.py:154} INFO - [2025-02-15T17:38:53.600+0000] {dag.py:2941} INFO - Sync 1 DAGs
[2025-02-15T17:38:53.634+0000] {logging_mixin.py:154} INFO - [2025-02-15T17:38:53.634+0000] {dag.py:3722} INFO - Setting next_dagrun for tutorial_taskflow_api to None, run_after=None
[2025-02-15T17:38:53.689+0000] {processor.py:179} INFO - Processing /home/airflow/.local/lib/python3.8/site-packages/airflow/example_dags/tutorial_taskflow_api.py took 0.197 seconds
[2025-02-15T17:39:24.109+0000] {processor.py:157} INFO - Started process (PID=2908) to work on /home/airflow/.local/lib/python3.8/site-packages/airflow/example_dags/tutorial_taskflow_api.py
[2025-02-15T17:39:24.112+0000] {processor.py:829} INFO - Processing file /home/airflow/.local/lib/python3.8/site-packages/airflow/example_dags/tutorial_taskflow_api.py for tasks to queue
[2025-02-15T17:39:24.115+0000] {logging_mixin.py:154} INFO - [2025-02-15T17:39:24.114+0000] {dagbag.py:536} INFO - Filling up the DagBag from /home/airflow/.local/lib/python3.8/site-packages/airflow/example_dags/tutorial_taskflow_api.py
[2025-02-15T17:39:24.134+0000] {processor.py:839} INFO - DAG(s) dict_keys(['tutorial_taskflow_api']) retrieved from /home/airflow/.local/lib/python3.8/site-packages/airflow/example_dags/tutorial_taskflow_api.py
[2025-02-15T17:39:24.218+0000] {logging_mixin.py:154} INFO - [2025-02-15T17:39:24.218+0000] {dag.py:2941} INFO - Sync 1 DAGs
[2025-02-15T17:39:24.257+0000] {logging_mixin.py:154} INFO - [2025-02-15T17:39:24.257+0000] {dag.py:3722} INFO - Setting next_dagrun for tutorial_taskflow_api to None, run_after=None
[2025-02-15T17:39:24.311+0000] {processor.py:179} INFO - Processing /home/airflow/.local/lib/python3.8/site-packages/airflow/example_dags/tutorial_taskflow_api.py took 0.214 seconds
[2025-02-15T17:39:54.756+0000] {processor.py:157} INFO - Started process (PID=3148) to work on /home/airflow/.local/lib/python3.8/site-packages/airflow/example_dags/tutorial_taskflow_api.py
[2025-02-15T17:39:54.758+0000] {processor.py:829} INFO - Processing file /home/airflow/.local/lib/python3.8/site-packages/airflow/example_dags/tutorial_taskflow_api.py for tasks to queue
[2025-02-15T17:39:54.760+0000] {logging_mixin.py:154} INFO - [2025-02-15T17:39:54.759+0000] {dagbag.py:536} INFO - Filling up the DagBag from /home/airflow/.local/lib/python3.8/site-packages/airflow/example_dags/tutorial_taskflow_api.py
[2025-02-15T17:39:54.778+0000] {processor.py:839} INFO - DAG(s) dict_keys(['tutorial_taskflow_api']) retrieved from /home/airflow/.local/lib/python3.8/site-packages/airflow/example_dags/tutorial_taskflow_api.py
[2025-02-15T17:39:54.845+0000] {logging_mixin.py:154} INFO - [2025-02-15T17:39:54.844+0000] {dag.py:2941} INFO - Sync 1 DAGs
[2025-02-15T17:39:54.886+0000] {logging_mixin.py:154} INFO - [2025-02-15T17:39:54.885+0000] {dag.py:3722} INFO - Setting next_dagrun for tutorial_taskflow_api to None, run_after=None
[2025-02-15T17:39:54.962+0000] {processor.py:179} INFO - Processing /home/airflow/.local/lib/python3.8/site-packages/airflow/example_dags/tutorial_taskflow_api.py took 0.216 seconds
[2025-02-15T17:40:25.439+0000] {processor.py:157} INFO - Started process (PID=3384) to work on /home/airflow/.local/lib/python3.8/site-packages/airflow/example_dags/tutorial_taskflow_api.py
[2025-02-15T17:40:25.442+0000] {processor.py:829} INFO - Processing file /home/airflow/.local/lib/python3.8/site-packages/airflow/example_dags/tutorial_taskflow_api.py for tasks to queue
[2025-02-15T17:40:25.447+0000] {logging_mixin.py:154} INFO - [2025-02-15T17:40:25.445+0000] {dagbag.py:536} INFO - Filling up the DagBag from /home/airflow/.local/lib/python3.8/site-packages/airflow/example_dags/tutorial_taskflow_api.py
[2025-02-15T17:40:25.467+0000] {processor.py:839} INFO - DAG(s) dict_keys(['tutorial_taskflow_api']) retrieved from /home/airflow/.local/lib/python3.8/site-packages/airflow/example_dags/tutorial_taskflow_api.py
[2025-02-15T17:40:25.521+0000] {logging_mixin.py:154} INFO - [2025-02-15T17:40:25.521+0000] {dag.py:2941} INFO - Sync 1 DAGs
[2025-02-15T17:40:25.550+0000] {logging_mixin.py:154} INFO - [2025-02-15T17:40:25.549+0000] {dag.py:3722} INFO - Setting next_dagrun for tutorial_taskflow_api to None, run_after=None
[2025-02-15T17:40:25.604+0000] {processor.py:179} INFO - Processing /home/airflow/.local/lib/python3.8/site-packages/airflow/example_dags/tutorial_taskflow_api.py took 0.177 seconds
[2025-02-15T17:40:56.226+0000] {processor.py:157} INFO - Started process (PID=3624) to work on /home/airflow/.local/lib/python3.8/site-packages/airflow/example_dags/tutorial_taskflow_api.py
[2025-02-15T17:40:56.229+0000] {processor.py:829} INFO - Processing file /home/airflow/.local/lib/python3.8/site-packages/airflow/example_dags/tutorial_taskflow_api.py for tasks to queue
[2025-02-15T17:40:56.232+0000] {logging_mixin.py:154} INFO - [2025-02-15T17:40:56.230+0000] {dagbag.py:536} INFO - Filling up the DagBag from /home/airflow/.local/lib/python3.8/site-packages/airflow/example_dags/tutorial_taskflow_api.py
[2025-02-15T17:40:56.253+0000] {processor.py:839} INFO - DAG(s) dict_keys(['tutorial_taskflow_api']) retrieved from /home/airflow/.local/lib/python3.8/site-packages/airflow/example_dags/tutorial_taskflow_api.py
[2025-02-15T17:40:56.311+0000] {logging_mixin.py:154} INFO - [2025-02-15T17:40:56.311+0000] {dag.py:2941} INFO - Sync 1 DAGs
[2025-02-15T17:40:56.354+0000] {logging_mixin.py:154} INFO - [2025-02-15T17:40:56.353+0000] {dag.py:3722} INFO - Setting next_dagrun for tutorial_taskflow_api to None, run_after=None
[2025-02-15T17:40:56.408+0000] {processor.py:179} INFO - Processing /home/airflow/.local/lib/python3.8/site-packages/airflow/example_dags/tutorial_taskflow_api.py took 0.198 seconds
[2025-02-15T17:41:26.707+0000] {processor.py:157} INFO - Started process (PID=3860) to work on /home/airflow/.local/lib/python3.8/site-packages/airflow/example_dags/tutorial_taskflow_api.py
[2025-02-15T17:41:26.711+0000] {processor.py:829} INFO - Processing file /home/airflow/.local/lib/python3.8/site-packages/airflow/example_dags/tutorial_taskflow_api.py for tasks to queue
[2025-02-15T17:41:26.713+0000] {logging_mixin.py:154} INFO - [2025-02-15T17:41:26.713+0000] {dagbag.py:536} INFO - Filling up the DagBag from /home/airflow/.local/lib/python3.8/site-packages/airflow/example_dags/tutorial_taskflow_api.py
[2025-02-15T17:41:26.733+0000] {processor.py:839} INFO - DAG(s) dict_keys(['tutorial_taskflow_api']) retrieved from /home/airflow/.local/lib/python3.8/site-packages/airflow/example_dags/tutorial_taskflow_api.py
[2025-02-15T17:41:26.801+0000] {logging_mixin.py:154} INFO - [2025-02-15T17:41:26.800+0000] {dag.py:2941} INFO - Sync 1 DAGs
[2025-02-15T17:41:26.837+0000] {logging_mixin.py:154} INFO - [2025-02-15T17:41:26.837+0000] {dag.py:3722} INFO - Setting next_dagrun for tutorial_taskflow_api to None, run_after=None
[2025-02-15T17:41:26.900+0000] {processor.py:179} INFO - Processing /home/airflow/.local/lib/python3.8/site-packages/airflow/example_dags/tutorial_taskflow_api.py took 0.206 seconds
[2025-02-15T17:41:57.307+0000] {processor.py:157} INFO - Started process (PID=4098) to work on /home/airflow/.local/lib/python3.8/site-packages/airflow/example_dags/tutorial_taskflow_api.py
[2025-02-15T17:41:57.309+0000] {processor.py:829} INFO - Processing file /home/airflow/.local/lib/python3.8/site-packages/airflow/example_dags/tutorial_taskflow_api.py for tasks to queue
[2025-02-15T17:41:57.311+0000] {logging_mixin.py:154} INFO - [2025-02-15T17:41:57.310+0000] {dagbag.py:536} INFO - Filling up the DagBag from /home/airflow/.local/lib/python3.8/site-packages/airflow/example_dags/tutorial_taskflow_api.py
[2025-02-15T17:41:57.328+0000] {processor.py:839} INFO - DAG(s) dict_keys(['tutorial_taskflow_api']) retrieved from /home/airflow/.local/lib/python3.8/site-packages/airflow/example_dags/tutorial_taskflow_api.py
[2025-02-15T17:41:57.395+0000] {logging_mixin.py:154} INFO - [2025-02-15T17:41:57.395+0000] {dag.py:2941} INFO - Sync 1 DAGs
[2025-02-15T17:41:57.432+0000] {logging_mixin.py:154} INFO - [2025-02-15T17:41:57.431+0000] {dag.py:3722} INFO - Setting next_dagrun for tutorial_taskflow_api to None, run_after=None
[2025-02-15T17:41:57.488+0000] {processor.py:179} INFO - Processing /home/airflow/.local/lib/python3.8/site-packages/airflow/example_dags/tutorial_taskflow_api.py took 0.194 seconds
[2025-02-15T17:42:28.053+0000] {processor.py:157} INFO - Started process (PID=4354) to work on /home/airflow/.local/lib/python3.8/site-packages/airflow/example_dags/tutorial_taskflow_api.py
[2025-02-15T17:42:28.056+0000] {processor.py:829} INFO - Processing file /home/airflow/.local/lib/python3.8/site-packages/airflow/example_dags/tutorial_taskflow_api.py for tasks to queue
[2025-02-15T17:42:28.057+0000] {logging_mixin.py:154} INFO - [2025-02-15T17:42:28.057+0000] {dagbag.py:536} INFO - Filling up the DagBag from /home/airflow/.local/lib/python3.8/site-packages/airflow/example_dags/tutorial_taskflow_api.py
[2025-02-15T17:42:28.077+0000] {processor.py:839} INFO - DAG(s) dict_keys(['tutorial_taskflow_api']) retrieved from /home/airflow/.local/lib/python3.8/site-packages/airflow/example_dags/tutorial_taskflow_api.py
[2025-02-15T17:42:28.141+0000] {logging_mixin.py:154} INFO - [2025-02-15T17:42:28.141+0000] {dag.py:2941} INFO - Sync 1 DAGs
[2025-02-15T17:42:28.179+0000] {logging_mixin.py:154} INFO - [2025-02-15T17:42:28.179+0000] {dag.py:3722} INFO - Setting next_dagrun for tutorial_taskflow_api to None, run_after=None
[2025-02-15T17:42:28.242+0000] {processor.py:179} INFO - Processing /home/airflow/.local/lib/python3.8/site-packages/airflow/example_dags/tutorial_taskflow_api.py took 0.198 seconds
[2025-02-15T17:42:59.112+0000] {processor.py:157} INFO - Started process (PID=4592) to work on /home/airflow/.local/lib/python3.8/site-packages/airflow/example_dags/tutorial_taskflow_api.py
[2025-02-15T17:42:59.116+0000] {processor.py:829} INFO - Processing file /home/airflow/.local/lib/python3.8/site-packages/airflow/example_dags/tutorial_taskflow_api.py for tasks to queue
[2025-02-15T17:42:59.119+0000] {logging_mixin.py:154} INFO - [2025-02-15T17:42:59.118+0000] {dagbag.py:536} INFO - Filling up the DagBag from /home/airflow/.local/lib/python3.8/site-packages/airflow/example_dags/tutorial_taskflow_api.py
[2025-02-15T17:42:59.140+0000] {processor.py:839} INFO - DAG(s) dict_keys(['tutorial_taskflow_api']) retrieved from /home/airflow/.local/lib/python3.8/site-packages/airflow/example_dags/tutorial_taskflow_api.py
[2025-02-15T17:42:59.208+0000] {logging_mixin.py:154} INFO - [2025-02-15T17:42:59.207+0000] {dag.py:2941} INFO - Sync 1 DAGs
[2025-02-15T17:42:59.249+0000] {logging_mixin.py:154} INFO - [2025-02-15T17:42:59.248+0000] {dag.py:3722} INFO - Setting next_dagrun for tutorial_taskflow_api to None, run_after=None
[2025-02-15T17:42:59.328+0000] {processor.py:179} INFO - Processing /home/airflow/.local/lib/python3.8/site-packages/airflow/example_dags/tutorial_taskflow_api.py took 0.227 seconds
[2025-02-15T17:43:30.141+0000] {processor.py:157} INFO - Started process (PID=4829) to work on /home/airflow/.local/lib/python3.8/site-packages/airflow/example_dags/tutorial_taskflow_api.py
[2025-02-15T17:43:30.144+0000] {processor.py:829} INFO - Processing file /home/airflow/.local/lib/python3.8/site-packages/airflow/example_dags/tutorial_taskflow_api.py for tasks to queue
[2025-02-15T17:43:30.146+0000] {logging_mixin.py:154} INFO - [2025-02-15T17:43:30.145+0000] {dagbag.py:536} INFO - Filling up the DagBag from /home/airflow/.local/lib/python3.8/site-packages/airflow/example_dags/tutorial_taskflow_api.py
[2025-02-15T17:43:30.163+0000] {processor.py:839} INFO - DAG(s) dict_keys(['tutorial_taskflow_api']) retrieved from /home/airflow/.local/lib/python3.8/site-packages/airflow/example_dags/tutorial_taskflow_api.py
[2025-02-15T17:43:30.239+0000] {logging_mixin.py:154} INFO - [2025-02-15T17:43:30.239+0000] {dag.py:2941} INFO - Sync 1 DAGs
[2025-02-15T17:43:30.277+0000] {logging_mixin.py:154} INFO - [2025-02-15T17:43:30.276+0000] {dag.py:3722} INFO - Setting next_dagrun for tutorial_taskflow_api to None, run_after=None
[2025-02-15T17:43:30.344+0000] {processor.py:179} INFO - Processing /home/airflow/.local/lib/python3.8/site-packages/airflow/example_dags/tutorial_taskflow_api.py took 0.213 seconds
[2025-02-15T17:44:00.601+0000] {processor.py:157} INFO - Started process (PID=5067) to work on /home/airflow/.local/lib/python3.8/site-packages/airflow/example_dags/tutorial_taskflow_api.py
[2025-02-15T17:44:00.603+0000] {processor.py:829} INFO - Processing file /home/airflow/.local/lib/python3.8/site-packages/airflow/example_dags/tutorial_taskflow_api.py for tasks to queue
[2025-02-15T17:44:00.608+0000] {logging_mixin.py:154} INFO - [2025-02-15T17:44:00.607+0000] {dagbag.py:536} INFO - Filling up the DagBag from /home/airflow/.local/lib/python3.8/site-packages/airflow/example_dags/tutorial_taskflow_api.py
[2025-02-15T17:44:00.635+0000] {processor.py:839} INFO - DAG(s) dict_keys(['tutorial_taskflow_api']) retrieved from /home/airflow/.local/lib/python3.8/site-packages/airflow/example_dags/tutorial_taskflow_api.py
[2025-02-15T17:44:00.709+0000] {logging_mixin.py:154} INFO - [2025-02-15T17:44:00.708+0000] {dag.py:2941} INFO - Sync 1 DAGs
[2025-02-15T17:44:00.744+0000] {logging_mixin.py:154} INFO - [2025-02-15T17:44:00.743+0000] {dag.py:3722} INFO - Setting next_dagrun for tutorial_taskflow_api to None, run_after=None
[2025-02-15T17:44:00.800+0000] {processor.py:179} INFO - Processing /home/airflow/.local/lib/python3.8/site-packages/airflow/example_dags/tutorial_taskflow_api.py took 0.209 seconds
[2025-02-15T17:44:31.241+0000] {processor.py:157} INFO - Started process (PID=5305) to work on /home/airflow/.local/lib/python3.8/site-packages/airflow/example_dags/tutorial_taskflow_api.py
[2025-02-15T17:44:31.243+0000] {processor.py:829} INFO - Processing file /home/airflow/.local/lib/python3.8/site-packages/airflow/example_dags/tutorial_taskflow_api.py for tasks to queue
[2025-02-15T17:44:31.244+0000] {logging_mixin.py:154} INFO - [2025-02-15T17:44:31.244+0000] {dagbag.py:536} INFO - Filling up the DagBag from /home/airflow/.local/lib/python3.8/site-packages/airflow/example_dags/tutorial_taskflow_api.py
[2025-02-15T17:44:31.263+0000] {processor.py:839} INFO - DAG(s) dict_keys(['tutorial_taskflow_api']) retrieved from /home/airflow/.local/lib/python3.8/site-packages/airflow/example_dags/tutorial_taskflow_api.py
[2025-02-15T17:44:31.327+0000] {logging_mixin.py:154} INFO - [2025-02-15T17:44:31.327+0000] {dag.py:2941} INFO - Sync 1 DAGs
[2025-02-15T17:44:31.362+0000] {logging_mixin.py:154} INFO - [2025-02-15T17:44:31.362+0000] {dag.py:3722} INFO - Setting next_dagrun for tutorial_taskflow_api to None, run_after=None
[2025-02-15T17:44:31.417+0000] {processor.py:179} INFO - Processing /home/airflow/.local/lib/python3.8/site-packages/airflow/example_dags/tutorial_taskflow_api.py took 0.186 seconds
[2025-02-15T17:45:02.643+0000] {processor.py:157} INFO - Started process (PID=5544) to work on /home/airflow/.local/lib/python3.8/site-packages/airflow/example_dags/tutorial_taskflow_api.py
[2025-02-15T17:45:02.646+0000] {processor.py:829} INFO - Processing file /home/airflow/.local/lib/python3.8/site-packages/airflow/example_dags/tutorial_taskflow_api.py for tasks to queue
[2025-02-15T17:45:02.649+0000] {logging_mixin.py:154} INFO - [2025-02-15T17:45:02.648+0000] {dagbag.py:536} INFO - Filling up the DagBag from /home/airflow/.local/lib/python3.8/site-packages/airflow/example_dags/tutorial_taskflow_api.py
[2025-02-15T17:45:02.668+0000] {processor.py:839} INFO - DAG(s) dict_keys(['tutorial_taskflow_api']) retrieved from /home/airflow/.local/lib/python3.8/site-packages/airflow/example_dags/tutorial_taskflow_api.py
[2025-02-15T17:45:02.764+0000] {logging_mixin.py:154} INFO - [2025-02-15T17:45:02.764+0000] {dag.py:2941} INFO - Sync 1 DAGs
[2025-02-15T17:45:02.829+0000] {logging_mixin.py:154} INFO - [2025-02-15T17:45:02.828+0000] {dag.py:3722} INFO - Setting next_dagrun for tutorial_taskflow_api to None, run_after=None
[2025-02-15T17:45:02.929+0000] {processor.py:179} INFO - Processing /home/airflow/.local/lib/python3.8/site-packages/airflow/example_dags/tutorial_taskflow_api.py took 0.299 seconds
[2025-02-15T17:45:33.713+0000] {processor.py:157} INFO - Started process (PID=5780) to work on /home/airflow/.local/lib/python3.8/site-packages/airflow/example_dags/tutorial_taskflow_api.py
[2025-02-15T17:45:33.716+0000] {processor.py:829} INFO - Processing file /home/airflow/.local/lib/python3.8/site-packages/airflow/example_dags/tutorial_taskflow_api.py for tasks to queue
[2025-02-15T17:45:33.720+0000] {logging_mixin.py:154} INFO - [2025-02-15T17:45:33.719+0000] {dagbag.py:536} INFO - Filling up the DagBag from /home/airflow/.local/lib/python3.8/site-packages/airflow/example_dags/tutorial_taskflow_api.py
[2025-02-15T17:45:33.739+0000] {processor.py:839} INFO - DAG(s) dict_keys(['tutorial_taskflow_api']) retrieved from /home/airflow/.local/lib/python3.8/site-packages/airflow/example_dags/tutorial_taskflow_api.py
[2025-02-15T17:45:33.809+0000] {logging_mixin.py:154} INFO - [2025-02-15T17:45:33.809+0000] {dag.py:2941} INFO - Sync 1 DAGs
[2025-02-15T17:45:33.849+0000] {logging_mixin.py:154} INFO - [2025-02-15T17:45:33.848+0000] {dag.py:3722} INFO - Setting next_dagrun for tutorial_taskflow_api to None, run_after=None
[2025-02-15T17:45:33.914+0000] {processor.py:179} INFO - Processing /home/airflow/.local/lib/python3.8/site-packages/airflow/example_dags/tutorial_taskflow_api.py took 0.212 seconds
[2025-02-15T17:46:04.724+0000] {processor.py:157} INFO - Started process (PID=6018) to work on /home/airflow/.local/lib/python3.8/site-packages/airflow/example_dags/tutorial_taskflow_api.py
[2025-02-15T17:46:04.729+0000] {processor.py:829} INFO - Processing file /home/airflow/.local/lib/python3.8/site-packages/airflow/example_dags/tutorial_taskflow_api.py for tasks to queue
[2025-02-15T17:46:04.735+0000] {logging_mixin.py:154} INFO - [2025-02-15T17:46:04.731+0000] {dagbag.py:536} INFO - Filling up the DagBag from /home/airflow/.local/lib/python3.8/site-packages/airflow/example_dags/tutorial_taskflow_api.py
[2025-02-15T17:46:04.762+0000] {processor.py:839} INFO - DAG(s) dict_keys(['tutorial_taskflow_api']) retrieved from /home/airflow/.local/lib/python3.8/site-packages/airflow/example_dags/tutorial_taskflow_api.py
[2025-02-15T17:46:04.831+0000] {logging_mixin.py:154} INFO - [2025-02-15T17:46:04.830+0000] {dag.py:2941} INFO - Sync 1 DAGs
[2025-02-15T17:46:04.875+0000] {logging_mixin.py:154} INFO - [2025-02-15T17:46:04.875+0000] {dag.py:3722} INFO - Setting next_dagrun for tutorial_taskflow_api to None, run_after=None
[2025-02-15T17:46:04.932+0000] {processor.py:179} INFO - Processing /home/airflow/.local/lib/python3.8/site-packages/airflow/example_dags/tutorial_taskflow_api.py took 0.233 seconds
