[2025-02-23T20:26:22.128+0000] {taskinstance.py:1159} INFO - Dependencies all met for dep_context=non-requeueable deps ti=<TaskInstance: kafka_spark_dag.pyspark_consumer manual__2025-02-23T20:23:51.799311+00:00 [queued]>
[2025-02-23T20:26:22.153+0000] {taskinstance.py:1159} INFO - Dependencies all met for dep_context=requeueable deps ti=<TaskInstance: kafka_spark_dag.pyspark_consumer manual__2025-02-23T20:23:51.799311+00:00 [queued]>
[2025-02-23T20:26:22.155+0000] {taskinstance.py:1361} INFO - Starting attempt 2 of 2
[2025-02-23T20:26:22.198+0000] {taskinstance.py:1382} INFO - Executing <Task(DockerOperator): pyspark_consumer> on 2025-02-23 20:23:51.799311+00:00
[2025-02-23T20:26:22.218+0000] {standard_task_runner.py:57} INFO - Started process 2540 to run task
[2025-02-23T20:26:22.231+0000] {standard_task_runner.py:84} INFO - Running: ['airflow', 'tasks', 'run', 'kafka_spark_dag', 'pyspark_consumer', 'manual__2025-02-23T20:23:51.799311+00:00', '--job-id', '88', '--raw', '--subdir', 'DAGS_FOLDER/dag_kafka_spark.py', '--cfg-path', '/tmp/tmpwsh6p_qm']
[2025-02-23T20:26:22.234+0000] {standard_task_runner.py:85} INFO - Job 88: Subtask pyspark_consumer
[2025-02-23T20:26:22.424+0000] {task_command.py:416} INFO - Running <TaskInstance: kafka_spark_dag.pyspark_consumer manual__2025-02-23T20:23:51.799311+00:00 [running]> on host ee299acebfe2
[2025-02-23T20:26:22.695+0000] {taskinstance.py:1662} INFO - Exporting env vars: AIRFLOW_CTX_DAG_OWNER='airflow' AIRFLOW_CTX_DAG_ID='kafka_spark_dag' AIRFLOW_CTX_TASK_ID='pyspark_consumer' AIRFLOW_CTX_EXECUTION_DATE='2025-02-23T20:23:51.799311+00:00' AIRFLOW_CTX_TRY_NUMBER='2' AIRFLOW_CTX_DAG_RUN_ID='manual__2025-02-23T20:23:51.799311+00:00'
[2025-02-23T20:26:22.780+0000] {docker.py:343} INFO - Starting docker container from image Mohamed/spark:latest
[2025-02-23T20:26:23.798+0000] {docker.py:413} INFO - [38;5;6mspark [38;5;5m20:26:23.79 [0m[38;5;2mINFO [0m ==>
[2025-02-23T20:26:23.809+0000] {docker.py:413} INFO - [38;5;6mspark [38;5;5m20:26:23.79 [0m[38;5;2mINFO [0m ==> [1mWelcome to the Bitnami spark container[0m
[2025-02-23T20:26:23.812+0000] {docker.py:413} INFO - [38;5;6mspark [38;5;5m20:26:23.80 [0m[38;5;2mINFO [0m ==> Subscribe to project updates by watching [1mhttps://github.com/bitnami/containers[0m
[2025-02-23T20:26:23.827+0000] {docker.py:413} INFO - [38;5;6mspark [38;5;5m20:26:23.81 [0m[38;5;2mINFO [0m ==> Submit issues and feature requests at [1mhttps://github.com/bitnami/containers/issues[0m
[2025-02-23T20:26:23.833+0000] {docker.py:413} INFO - [38;5;6mspark [38;5;5m20:26:23.83 [0m[38;5;2mINFO [0m ==>
[2025-02-23T20:26:23.947+0000] {docker.py:413} INFO - 
[2025-02-23T20:26:38.291+0000] {docker.py:413} INFO - :: loading settings :: url = jar:file:/opt/bitnami/spark/jars/ivy-2.5.1.jar!/org/apache/ivy/core/settings/ivysettings.xml
[2025-02-23T20:26:38.790+0000] {docker.py:413} INFO - Ivy Default Cache set to: /opt/bitnami/spark/.ivy2/cache
The jars for the packages stored in: /opt/bitnami/spark/.ivy2/jars
[2025-02-23T20:26:38.808+0000] {docker.py:413} INFO - org.postgresql#postgresql added as a dependency
[2025-02-23T20:26:38.811+0000] {docker.py:413} INFO - org.apache.spark#spark-sql-kafka-0-10_2.12 added as a dependency
[2025-02-23T20:26:38.814+0000] {docker.py:413} INFO - :: resolving dependencies :: org.apache.spark#spark-submit-parent-49e5e3b4-71a8-4fca-bcf4-7c28e9a722df;1.0
	confs: [default]
[2025-02-23T20:26:41.103+0000] {docker.py:413} INFO - found org.postgresql#postgresql;42.5.4 in central
[2025-02-23T20:26:41.381+0000] {docker.py:413} INFO - found org.checkerframework#checker-qual;3.5.0 in central
[2025-02-23T20:26:44.510+0000] {docker.py:413} INFO - found org.apache.spark#spark-sql-kafka-0-10_2.12;3.5.0 in central
[2025-02-23T20:26:46.029+0000] {docker.py:413} INFO - found org.apache.spark#spark-token-provider-kafka-0-10_2.12;3.5.0 in central
[2025-02-23T20:26:46.227+0000] {docker.py:413} INFO - found org.apache.kafka#kafka-clients;3.4.1 in central
[2025-02-23T20:26:46.456+0000] {docker.py:413} INFO - found org.lz4#lz4-java;1.8.0 in central
[2025-02-23T20:26:46.648+0000] {docker.py:413} INFO - found org.xerial.snappy#snappy-java;1.1.10.3 in central
[2025-02-23T20:26:47.979+0000] {docker.py:413} INFO - found org.slf4j#slf4j-api;2.0.7 in central
[2025-02-23T20:26:49.929+0000] {docker.py:413} INFO - found org.apache.hadoop#hadoop-client-runtime;3.3.4 in central
[2025-02-23T20:26:50.540+0000] {docker.py:413} INFO - found org.apache.hadoop#hadoop-client-api;3.3.4 in central
[2025-02-23T20:26:52.132+0000] {docker.py:413} INFO - found commons-logging#commons-logging;1.1.3 in central
[2025-02-23T20:26:52.312+0000] {docker.py:413} INFO - found com.google.code.findbugs#jsr305;3.0.0 in central
[2025-02-23T20:26:54.986+0000] {docker.py:413} INFO - found org.apache.commons#commons-pool2;2.11.1 in central
[2025-02-23T20:26:55.101+0000] {docker.py:413} INFO - downloading https://repo1.maven.org/maven2/org/postgresql/postgresql/42.5.4/postgresql-42.5.4.jar ...
[2025-02-23T20:26:55.428+0000] {docker.py:413} INFO - [SUCCESSFUL ] org.postgresql#postgresql;42.5.4!postgresql.jar (390ms)
[2025-02-23T20:26:55.505+0000] {docker.py:413} INFO - downloading https://repo1.maven.org/maven2/org/apache/spark/spark-sql-kafka-0-10_2.12/3.5.0/spark-sql-kafka-0-10_2.12-3.5.0.jar ...
[2025-02-23T20:26:55.678+0000] {docker.py:413} INFO - [SUCCESSFUL ] org.apache.spark#spark-sql-kafka-0-10_2.12;3.5.0!spark-sql-kafka-0-10_2.12.jar (242ms)
[2025-02-23T20:26:55.738+0000] {docker.py:413} INFO - downloading https://repo1.maven.org/maven2/org/checkerframework/checker-qual/3.5.0/checker-qual-3.5.0.jar ...
[2025-02-23T20:26:55.856+0000] {docker.py:413} INFO - [SUCCESSFUL ] org.checkerframework#checker-qual;3.5.0!checker-qual.jar (175ms)
[2025-02-23T20:26:55.920+0000] {docker.py:413} INFO - downloading https://repo1.maven.org/maven2/org/apache/spark/spark-token-provider-kafka-0-10_2.12/3.5.0/spark-token-provider-kafka-0-10_2.12-3.5.0.jar ...
[2025-02-23T20:26:55.991+0000] {docker.py:413} INFO - [SUCCESSFUL ] org.apache.spark#spark-token-provider-kafka-0-10_2.12;3.5.0!spark-token-provider-kafka-0-10_2.12.jar (127ms)
[2025-02-23T20:26:56.058+0000] {docker.py:413} INFO - downloading https://repo1.maven.org/maven2/org/apache/kafka/kafka-clients/3.4.1/kafka-clients-3.4.1.jar ...
[2025-02-23T20:26:57.501+0000] {docker.py:413} INFO - [SUCCESSFUL ] org.apache.kafka#kafka-clients;3.4.1!kafka-clients.jar (1499ms)
[2025-02-23T20:26:57.565+0000] {docker.py:413} INFO - downloading https://repo1.maven.org/maven2/com/google/code/findbugs/jsr305/3.0.0/jsr305-3.0.0.jar ...
[2025-02-23T20:26:57.626+0000] {docker.py:413} INFO - [SUCCESSFUL ] com.google.code.findbugs#jsr305;3.0.0!jsr305.jar (115ms)
[2025-02-23T20:26:57.677+0000] {docker.py:413} INFO - downloading https://repo1.maven.org/maven2/org/apache/commons/commons-pool2/2.11.1/commons-pool2-2.11.1.jar ...
[2025-02-23T20:26:57.771+0000] {docker.py:413} INFO - [SUCCESSFUL ] org.apache.commons#commons-pool2;2.11.1!commons-pool2.jar (141ms)
[2025-02-23T20:26:57.824+0000] {docker.py:413} INFO - downloading https://repo1.maven.org/maven2/org/apache/hadoop/hadoop-client-runtime/3.3.4/hadoop-client-runtime-3.3.4.jar ...
[2025-02-23T20:27:07.024+0000] {docker.py:413} INFO - [SUCCESSFUL ] org.apache.hadoop#hadoop-client-runtime;3.3.4!hadoop-client-runtime.jar (9244ms)
[2025-02-23T20:27:07.126+0000] {docker.py:413} INFO - downloading https://repo1.maven.org/maven2/org/lz4/lz4-java/1.8.0/lz4-java-1.8.0.jar ...
[2025-02-23T20:27:07.412+0000] {docker.py:413} INFO - [SUCCESSFUL ] org.lz4#lz4-java;1.8.0!lz4-java.jar (366ms)
[2025-02-23T20:27:07.477+0000] {docker.py:413} INFO - downloading https://repo1.maven.org/maven2/org/xerial/snappy/snappy-java/1.1.10.3/snappy-java-1.1.10.3.jar ...
[2025-02-23T20:27:08.169+0000] {docker.py:413} INFO - [SUCCESSFUL ] org.xerial.snappy#snappy-java;1.1.10.3!snappy-java.jar(bundle) (751ms)
[2025-02-23T20:27:08.225+0000] {docker.py:413} INFO - downloading https://repo1.maven.org/maven2/org/slf4j/slf4j-api/2.0.7/slf4j-api-2.0.7.jar ...
[2025-02-23T20:27:08.320+0000] {docker.py:413} INFO - [SUCCESSFUL ] org.slf4j#slf4j-api;2.0.7!slf4j-api.jar (150ms)
[2025-02-23T20:27:08.399+0000] {docker.py:413} INFO - downloading https://repo1.maven.org/maven2/org/apache/hadoop/hadoop-client-api/3.3.4/hadoop-client-api-3.3.4.jar ...
[2025-02-23T20:27:14.632+0000] {docker.py:413} INFO - [SUCCESSFUL ] org.apache.hadoop#hadoop-client-api;3.3.4!hadoop-client-api.jar (6292ms)
[2025-02-23T20:27:14.692+0000] {docker.py:413} INFO - downloading https://repo1.maven.org/maven2/commons-logging/commons-logging/1.1.3/commons-logging-1.1.3.jar ...
[2025-02-23T20:27:14.779+0000] {docker.py:413} INFO - [SUCCESSFUL ] commons-logging#commons-logging;1.1.3!commons-logging.jar (145ms)
[2025-02-23T20:27:14.781+0000] {docker.py:413} INFO - :: resolution report :: resolve 16215ms :: artifacts dl 19754ms
[2025-02-23T20:27:14.786+0000] {docker.py:413} INFO - :: modules in use:
[2025-02-23T20:27:14.786+0000] {docker.py:413} INFO - com.google.code.findbugs#jsr305;3.0.0 from central in [default]
[2025-02-23T20:27:14.786+0000] {docker.py:413} INFO - commons-logging#commons-logging;1.1.3 from central in [default]
[2025-02-23T20:27:14.790+0000] {docker.py:413} INFO - org.apache.commons#commons-pool2;2.11.1 from central in [default]
	org.apache.hadoop#hadoop-client-api;3.3.4 from central in [default]
	org.apache.hadoop#hadoop-client-runtime;3.3.4 from central in [default]
	org.apache.kafka#kafka-clients;3.4.1 from central in [default]
	org.apache.spark#spark-sql-kafka-0-10_2.12;3.5.0 from central in [default]
	org.apache.spark#spark-token-provider-kafka-0-10_2.12;3.5.0 from central in [default]
[2025-02-23T20:27:14.792+0000] {docker.py:413} INFO - org.checkerframework#checker-qual;3.5.0 from central in [default]
	org.lz4#lz4-java;1.8.0 from central in [default]
[2025-02-23T20:27:14.792+0000] {docker.py:413} INFO - org.postgresql#postgresql;42.5.4 from central in [default]
	org.slf4j#slf4j-api;2.0.7 from central in [default]
	org.xerial.snappy#snappy-java;1.1.10.3 from central in [default]
	---------------------------------------------------------------------
	|                  |            modules            ||   artifacts   |
[2025-02-23T20:27:14.793+0000] {docker.py:413} INFO - |       conf       | number| search|dwnlded|evicted|| number|dwnlded|
	---------------------------------------------------------------------
	|      default     |   13  |   13  |   13  |   0   ||   13  |   13  |
	---------------------------------------------------------------------
[2025-02-23T20:27:14.878+0000] {docker.py:413} INFO - :: retrieving :: org.apache.spark#spark-submit-parent-49e5e3b4-71a8-4fca-bcf4-7c28e9a722df
[2025-02-23T20:27:14.881+0000] {docker.py:413} INFO - confs: [default]
[2025-02-23T20:27:15.109+0000] {docker.py:413} INFO - 13 artifacts copied, 0 already retrieved (58001kB/229ms)
[2025-02-23T20:27:16.681+0000] {docker.py:413} INFO - 25/02/23 20:27:16 WARN NativeCodeLoader: Unable to load native-hadoop library for your platform... using builtin-java classes where applicable
[2025-02-23T20:27:21.145+0000] {docker.py:413} INFO - Loaded Kafka Config - BOOTSTRAP_SERVERS: kafka:9092, TOPIC: online_retail
Loaded PostgreSQL Config - POSTGRES_USER: PG_user, POSTGRES_HOST: None
[2025-02-23T20:27:21.929+0000] {docker.py:413} INFO - 25/02/23 20:27:21 INFO SparkContext: Running Spark version 3.5.0
[2025-02-23T20:27:21.931+0000] {docker.py:413} INFO - 25/02/23 20:27:21 INFO SparkContext: OS info Linux, 6.8.0-52-generic, amd64
[2025-02-23T20:27:21.933+0000] {docker.py:413} INFO - 25/02/23 20:27:21 INFO SparkContext: Java version 17.0.10
[2025-02-23T20:27:22.026+0000] {docker.py:413} INFO - 25/02/23 20:27:22 INFO ResourceUtils: ==============================================================
[2025-02-23T20:27:22.029+0000] {docker.py:413} INFO - 25/02/23 20:27:22 INFO ResourceUtils: No custom resources configured for spark.driver.
[2025-02-23T20:27:22.030+0000] {docker.py:413} INFO - 25/02/23 20:27:22 INFO ResourceUtils: ==============================================================
[2025-02-23T20:27:22.031+0000] {docker.py:413} INFO - 25/02/23 20:27:22 INFO SparkContext: Submitted application: SalesDataPipeline
[2025-02-23T20:27:22.120+0000] {docker.py:413} INFO - 25/02/23 20:27:22 INFO ResourceProfile: Default ResourceProfile created, executor resources: Map(cores -> name: cores, amount: 1, script: , vendor: , memory -> name: memory, amount: 1024, script: , vendor: , offHeap -> name: offHeap, amount: 0, script: , vendor: ), task resources: Map(cpus -> name: cpus, amount: 1.0)
[2025-02-23T20:27:22.153+0000] {docker.py:413} INFO - 25/02/23 20:27:22 INFO ResourceProfile: Limiting resource is cpu
[2025-02-23T20:27:22.157+0000] {docker.py:413} INFO - 25/02/23 20:27:22 INFO ResourceProfileManager: Added ResourceProfile id: 0
[2025-02-23T20:27:22.357+0000] {docker.py:413} INFO - 25/02/23 20:27:22 INFO SecurityManager: Changing view acls to: spark
[2025-02-23T20:27:22.358+0000] {docker.py:413} INFO - 25/02/23 20:27:22 INFO SecurityManager: Changing modify acls to: spark
[2025-02-23T20:27:22.360+0000] {docker.py:413} INFO - 25/02/23 20:27:22 INFO SecurityManager: Changing view acls groups to:
[2025-02-23T20:27:22.363+0000] {docker.py:413} INFO - 25/02/23 20:27:22 INFO SecurityManager: Changing modify acls groups to: 
25/02/23 20:27:22 INFO SecurityManager: SecurityManager: authentication disabled; ui acls disabled; users with view permissions: spark; groups with view permissions: EMPTY; users with modify permissions: spark; groups with modify permissions: EMPTY
[2025-02-23T20:27:23.362+0000] {docker.py:413} INFO - 25/02/23 20:27:23 INFO Utils: Successfully started service 'sparkDriver' on port 40277.
[2025-02-23T20:27:23.414+0000] {docker.py:413} INFO - 25/02/23 20:27:23 INFO SparkEnv: Registering MapOutputTracker
[2025-02-23T20:27:23.513+0000] {docker.py:413} INFO - 25/02/23 20:27:23 INFO SparkEnv: Registering BlockManagerMaster
[2025-02-23T20:27:23.568+0000] {docker.py:413} INFO - 25/02/23 20:27:23 INFO BlockManagerMasterEndpoint: Using org.apache.spark.storage.DefaultTopologyMapper for getting topology information
25/02/23 20:27:23 INFO BlockManagerMasterEndpoint: BlockManagerMasterEndpoint up
[2025-02-23T20:27:23.603+0000] {docker.py:413} INFO - 25/02/23 20:27:23 INFO SparkEnv: Registering BlockManagerMasterHeartbeat
[2025-02-23T20:27:23.650+0000] {docker.py:413} INFO - 25/02/23 20:27:23 INFO DiskBlockManager: Created local directory at /tmp/blockmgr-328c0971-2959-45cb-9e44-0dbc79ea72df
[2025-02-23T20:27:23.691+0000] {docker.py:413} INFO - 25/02/23 20:27:23 INFO MemoryStore: MemoryStore started with capacity 434.4 MiB
[2025-02-23T20:27:23.760+0000] {docker.py:413} INFO - 25/02/23 20:27:23 INFO SparkEnv: Registering OutputCommitCoordinator
[2025-02-23T20:27:24.580+0000] {docker.py:413} INFO - 25/02/23 20:27:24 INFO JettyUtils: Start Jetty 0.0.0.0:4040 for SparkUI
[2025-02-23T20:27:24.779+0000] {docker.py:413} INFO - 25/02/23 20:27:24 INFO Utils: Successfully started service 'SparkUI' on port 4040.
[2025-02-23T20:27:24.880+0000] {docker.py:413} INFO - 25/02/23 20:27:24 INFO SparkContext: Added JAR file:///opt/bitnami/spark/.ivy2/jars/org.postgresql_postgresql-42.5.4.jar at spark://localhost:40277/jars/org.postgresql_postgresql-42.5.4.jar with timestamp 1740342441905
25/02/23 20:27:24 INFO SparkContext: Added JAR file:///opt/bitnami/spark/.ivy2/jars/org.apache.spark_spark-sql-kafka-0-10_2.12-3.5.0.jar at spark://localhost:40277/jars/org.apache.spark_spark-sql-kafka-0-10_2.12-3.5.0.jar with timestamp 1740342441905
25/02/23 20:27:24 INFO SparkContext: Added JAR file:///opt/bitnami/spark/.ivy2/jars/org.checkerframework_checker-qual-3.5.0.jar at spark://localhost:40277/jars/org.checkerframework_checker-qual-3.5.0.jar with timestamp 1740342441905
25/02/23 20:27:24 INFO SparkContext: Added JAR file:///opt/bitnami/spark/.ivy2/jars/org.apache.spark_spark-token-provider-kafka-0-10_2.12-3.5.0.jar at spark://localhost:40277/jars/org.apache.spark_spark-token-provider-kafka-0-10_2.12-3.5.0.jar with timestamp 1740342441905
25/02/23 20:27:24 INFO SparkContext: Added JAR file:///opt/bitnami/spark/.ivy2/jars/org.apache.kafka_kafka-clients-3.4.1.jar at spark://localhost:40277/jars/org.apache.kafka_kafka-clients-3.4.1.jar with timestamp 1740342441905
25/02/23 20:27:24 INFO SparkContext: Added JAR file:///opt/bitnami/spark/.ivy2/jars/com.google.code.findbugs_jsr305-3.0.0.jar at spark://localhost:40277/jars/com.google.code.findbugs_jsr305-3.0.0.jar with timestamp 1740342441905
25/02/23 20:27:24 INFO SparkContext: Added JAR file:///opt/bitnami/spark/.ivy2/jars/org.apache.commons_commons-pool2-2.11.1.jar at spark://localhost:40277/jars/org.apache.commons_commons-pool2-2.11.1.jar with timestamp 1740342441905
25/02/23 20:27:24 INFO SparkContext: Added JAR file:///opt/bitnami/spark/.ivy2/jars/org.apache.hadoop_hadoop-client-runtime-3.3.4.jar at spark://localhost:40277/jars/org.apache.hadoop_hadoop-client-runtime-3.3.4.jar with timestamp 1740342441905
[2025-02-23T20:27:24.882+0000] {docker.py:413} INFO - 25/02/23 20:27:24 INFO SparkContext: Added JAR file:///opt/bitnami/spark/.ivy2/jars/org.lz4_lz4-java-1.8.0.jar at spark://localhost:40277/jars/org.lz4_lz4-java-1.8.0.jar with timestamp 1740342441905
[2025-02-23T20:27:24.884+0000] {docker.py:413} INFO - 25/02/23 20:27:24 INFO SparkContext: Added JAR file:///opt/bitnami/spark/.ivy2/jars/org.xerial.snappy_snappy-java-1.1.10.3.jar at spark://localhost:40277/jars/org.xerial.snappy_snappy-java-1.1.10.3.jar with timestamp 1740342441905
[2025-02-23T20:27:24.887+0000] {docker.py:413} INFO - 25/02/23 20:27:24 INFO SparkContext: Added JAR file:///opt/bitnami/spark/.ivy2/jars/org.slf4j_slf4j-api-2.0.7.jar at spark://localhost:40277/jars/org.slf4j_slf4j-api-2.0.7.jar with timestamp 1740342441905
25/02/23 20:27:24 INFO SparkContext: Added JAR file:///opt/bitnami/spark/.ivy2/jars/org.apache.hadoop_hadoop-client-api-3.3.4.jar at spark://localhost:40277/jars/org.apache.hadoop_hadoop-client-api-3.3.4.jar with timestamp 1740342441905
[2025-02-23T20:27:24.891+0000] {docker.py:413} INFO - 25/02/23 20:27:24 INFO SparkContext: Added JAR file:///opt/bitnami/spark/.ivy2/jars/commons-logging_commons-logging-1.1.3.jar at spark://localhost:40277/jars/commons-logging_commons-logging-1.1.3.jar with timestamp 1740342441905
[2025-02-23T20:27:24.902+0000] {docker.py:413} INFO - 25/02/23 20:27:24 INFO SparkContext: Added file file:///opt/bitnami/spark/.ivy2/jars/org.postgresql_postgresql-42.5.4.jar at file:///opt/bitnami/spark/.ivy2/jars/org.postgresql_postgresql-42.5.4.jar with timestamp 1740342441905
[2025-02-23T20:27:24.908+0000] {docker.py:413} INFO - 25/02/23 20:27:24 INFO Utils: Copying /opt/bitnami/spark/.ivy2/jars/org.postgresql_postgresql-42.5.4.jar to /tmp/spark-ef144f16-8195-4566-bcde-c288bbc3ff66/userFiles-1936beb7-11b6-43c0-9eaa-deec060caa71/org.postgresql_postgresql-42.5.4.jar
[2025-02-23T20:27:24.940+0000] {docker.py:413} INFO - 25/02/23 20:27:24 INFO SparkContext: Added file file:///opt/bitnami/spark/.ivy2/jars/org.apache.spark_spark-sql-kafka-0-10_2.12-3.5.0.jar at file:///opt/bitnami/spark/.ivy2/jars/org.apache.spark_spark-sql-kafka-0-10_2.12-3.5.0.jar with timestamp 1740342441905
[2025-02-23T20:27:24.943+0000] {docker.py:413} INFO - 25/02/23 20:27:24 INFO Utils: Copying /opt/bitnami/spark/.ivy2/jars/org.apache.spark_spark-sql-kafka-0-10_2.12-3.5.0.jar to /tmp/spark-ef144f16-8195-4566-bcde-c288bbc3ff66/userFiles-1936beb7-11b6-43c0-9eaa-deec060caa71/org.apache.spark_spark-sql-kafka-0-10_2.12-3.5.0.jar
[2025-02-23T20:27:24.952+0000] {docker.py:413} INFO - 25/02/23 20:27:24 INFO SparkContext: Added file file:///opt/bitnami/spark/.ivy2/jars/org.checkerframework_checker-qual-3.5.0.jar at file:///opt/bitnami/spark/.ivy2/jars/org.checkerframework_checker-qual-3.5.0.jar with timestamp 1740342441905
[2025-02-23T20:27:24.954+0000] {docker.py:413} INFO - 25/02/23 20:27:24 INFO Utils: Copying /opt/bitnami/spark/.ivy2/jars/org.checkerframework_checker-qual-3.5.0.jar to /tmp/spark-ef144f16-8195-4566-bcde-c288bbc3ff66/userFiles-1936beb7-11b6-43c0-9eaa-deec060caa71/org.checkerframework_checker-qual-3.5.0.jar
[2025-02-23T20:27:24.966+0000] {docker.py:413} INFO - 25/02/23 20:27:24 INFO SparkContext: Added file file:///opt/bitnami/spark/.ivy2/jars/org.apache.spark_spark-token-provider-kafka-0-10_2.12-3.5.0.jar at file:///opt/bitnami/spark/.ivy2/jars/org.apache.spark_spark-token-provider-kafka-0-10_2.12-3.5.0.jar with timestamp 1740342441905
25/02/23 20:27:24 INFO Utils: Copying /opt/bitnami/spark/.ivy2/jars/org.apache.spark_spark-token-provider-kafka-0-10_2.12-3.5.0.jar to /tmp/spark-ef144f16-8195-4566-bcde-c288bbc3ff66/userFiles-1936beb7-11b6-43c0-9eaa-deec060caa71/org.apache.spark_spark-token-provider-kafka-0-10_2.12-3.5.0.jar
[2025-02-23T20:27:24.976+0000] {docker.py:413} INFO - 25/02/23 20:27:24 INFO SparkContext: Added file file:///opt/bitnami/spark/.ivy2/jars/org.apache.kafka_kafka-clients-3.4.1.jar at file:///opt/bitnami/spark/.ivy2/jars/org.apache.kafka_kafka-clients-3.4.1.jar with timestamp 1740342441905
[2025-02-23T20:27:24.979+0000] {docker.py:413} INFO - 25/02/23 20:27:24 INFO Utils: Copying /opt/bitnami/spark/.ivy2/jars/org.apache.kafka_kafka-clients-3.4.1.jar to /tmp/spark-ef144f16-8195-4566-bcde-c288bbc3ff66/userFiles-1936beb7-11b6-43c0-9eaa-deec060caa71/org.apache.kafka_kafka-clients-3.4.1.jar
[2025-02-23T20:27:24.993+0000] {docker.py:413} INFO - 25/02/23 20:27:24 INFO SparkContext: Added file file:///opt/bitnami/spark/.ivy2/jars/com.google.code.findbugs_jsr305-3.0.0.jar at file:///opt/bitnami/spark/.ivy2/jars/com.google.code.findbugs_jsr305-3.0.0.jar with timestamp 1740342441905
[2025-02-23T20:27:24.995+0000] {docker.py:413} INFO - 25/02/23 20:27:24 INFO Utils: Copying /opt/bitnami/spark/.ivy2/jars/com.google.code.findbugs_jsr305-3.0.0.jar to /tmp/spark-ef144f16-8195-4566-bcde-c288bbc3ff66/userFiles-1936beb7-11b6-43c0-9eaa-deec060caa71/com.google.code.findbugs_jsr305-3.0.0.jar
[2025-02-23T20:27:25.004+0000] {docker.py:413} INFO - 25/02/23 20:27:25 INFO SparkContext: Added file file:///opt/bitnami/spark/.ivy2/jars/org.apache.commons_commons-pool2-2.11.1.jar at file:///opt/bitnami/spark/.ivy2/jars/org.apache.commons_commons-pool2-2.11.1.jar with timestamp 1740342441905
[2025-02-23T20:27:25.005+0000] {docker.py:413} INFO - 25/02/23 20:27:25 INFO Utils: Copying /opt/bitnami/spark/.ivy2/jars/org.apache.commons_commons-pool2-2.11.1.jar to /tmp/spark-ef144f16-8195-4566-bcde-c288bbc3ff66/userFiles-1936beb7-11b6-43c0-9eaa-deec060caa71/org.apache.commons_commons-pool2-2.11.1.jar
[2025-02-23T20:27:25.022+0000] {docker.py:413} INFO - 25/02/23 20:27:25 INFO SparkContext: Added file file:///opt/bitnami/spark/.ivy2/jars/org.apache.hadoop_hadoop-client-runtime-3.3.4.jar at file:///opt/bitnami/spark/.ivy2/jars/org.apache.hadoop_hadoop-client-runtime-3.3.4.jar with timestamp 1740342441905
[2025-02-23T20:27:25.024+0000] {docker.py:413} INFO - 25/02/23 20:27:25 INFO Utils: Copying /opt/bitnami/spark/.ivy2/jars/org.apache.hadoop_hadoop-client-runtime-3.3.4.jar to /tmp/spark-ef144f16-8195-4566-bcde-c288bbc3ff66/userFiles-1936beb7-11b6-43c0-9eaa-deec060caa71/org.apache.hadoop_hadoop-client-runtime-3.3.4.jar
[2025-02-23T20:27:25.078+0000] {docker.py:413} INFO - 25/02/23 20:27:25 INFO SparkContext: Added file file:///opt/bitnami/spark/.ivy2/jars/org.lz4_lz4-java-1.8.0.jar at file:///opt/bitnami/spark/.ivy2/jars/org.lz4_lz4-java-1.8.0.jar with timestamp 1740342441905
[2025-02-23T20:27:25.080+0000] {docker.py:413} INFO - 25/02/23 20:27:25 INFO Utils: Copying /opt/bitnami/spark/.ivy2/jars/org.lz4_lz4-java-1.8.0.jar to /tmp/spark-ef144f16-8195-4566-bcde-c288bbc3ff66/userFiles-1936beb7-11b6-43c0-9eaa-deec060caa71/org.lz4_lz4-java-1.8.0.jar
[2025-02-23T20:27:25.093+0000] {docker.py:413} INFO - 25/02/23 20:27:25 INFO SparkContext: Added file file:///opt/bitnami/spark/.ivy2/jars/org.xerial.snappy_snappy-java-1.1.10.3.jar at file:///opt/bitnami/spark/.ivy2/jars/org.xerial.snappy_snappy-java-1.1.10.3.jar with timestamp 1740342441905
[2025-02-23T20:27:25.096+0000] {docker.py:413} INFO - 25/02/23 20:27:25 INFO Utils: Copying /opt/bitnami/spark/.ivy2/jars/org.xerial.snappy_snappy-java-1.1.10.3.jar to /tmp/spark-ef144f16-8195-4566-bcde-c288bbc3ff66/userFiles-1936beb7-11b6-43c0-9eaa-deec060caa71/org.xerial.snappy_snappy-java-1.1.10.3.jar
[2025-02-23T20:27:25.110+0000] {docker.py:413} INFO - 25/02/23 20:27:25 INFO SparkContext: Added file file:///opt/bitnami/spark/.ivy2/jars/org.slf4j_slf4j-api-2.0.7.jar at file:///opt/bitnami/spark/.ivy2/jars/org.slf4j_slf4j-api-2.0.7.jar with timestamp 1740342441905
[2025-02-23T20:27:25.116+0000] {docker.py:413} INFO - 25/02/23 20:27:25 INFO Utils: Copying /opt/bitnami/spark/.ivy2/jars/org.slf4j_slf4j-api-2.0.7.jar to /tmp/spark-ef144f16-8195-4566-bcde-c288bbc3ff66/userFiles-1936beb7-11b6-43c0-9eaa-deec060caa71/org.slf4j_slf4j-api-2.0.7.jar
[2025-02-23T20:27:25.128+0000] {docker.py:413} INFO - 25/02/23 20:27:25 INFO SparkContext: Added file file:///opt/bitnami/spark/.ivy2/jars/org.apache.hadoop_hadoop-client-api-3.3.4.jar at file:///opt/bitnami/spark/.ivy2/jars/org.apache.hadoop_hadoop-client-api-3.3.4.jar with timestamp 1740342441905
[2025-02-23T20:27:25.131+0000] {docker.py:413} INFO - 25/02/23 20:27:25 INFO Utils: Copying /opt/bitnami/spark/.ivy2/jars/org.apache.hadoop_hadoop-client-api-3.3.4.jar to /tmp/spark-ef144f16-8195-4566-bcde-c288bbc3ff66/userFiles-1936beb7-11b6-43c0-9eaa-deec060caa71/org.apache.hadoop_hadoop-client-api-3.3.4.jar
[2025-02-23T20:27:25.172+0000] {docker.py:413} INFO - 25/02/23 20:27:25 INFO SparkContext: Added file file:///opt/bitnami/spark/.ivy2/jars/commons-logging_commons-logging-1.1.3.jar at file:///opt/bitnami/spark/.ivy2/jars/commons-logging_commons-logging-1.1.3.jar with timestamp 1740342441905
[2025-02-23T20:27:25.176+0000] {docker.py:413} INFO - 25/02/23 20:27:25 INFO Utils: Copying /opt/bitnami/spark/.ivy2/jars/commons-logging_commons-logging-1.1.3.jar to /tmp/spark-ef144f16-8195-4566-bcde-c288bbc3ff66/userFiles-1936beb7-11b6-43c0-9eaa-deec060caa71/commons-logging_commons-logging-1.1.3.jar
[2025-02-23T20:27:25.735+0000] {docker.py:413} INFO - 25/02/23 20:27:25 INFO Executor: Starting executor ID driver on host localhost
[2025-02-23T20:27:25.740+0000] {docker.py:413} INFO - 25/02/23 20:27:25 INFO Executor: OS info Linux, 6.8.0-52-generic, amd64
[2025-02-23T20:27:25.741+0000] {docker.py:413} INFO - 25/02/23 20:27:25 INFO Executor: Java version 17.0.10
[2025-02-23T20:27:25.764+0000] {docker.py:413} INFO - 25/02/23 20:27:25 INFO Executor: Starting executor with user classpath (userClassPathFirst = false): ''
[2025-02-23T20:27:25.767+0000] {docker.py:413} INFO - 25/02/23 20:27:25 INFO Executor: Created or updated repl class loader org.apache.spark.util.MutableURLClassLoader@7e285a7c for default.
[2025-02-23T20:27:25.821+0000] {docker.py:413} INFO - 25/02/23 20:27:25 INFO Executor: Fetching file:///opt/bitnami/spark/.ivy2/jars/org.apache.spark_spark-token-provider-kafka-0-10_2.12-3.5.0.jar with timestamp 1740342441905
[2025-02-23T20:27:25.887+0000] {docker.py:413} INFO - 25/02/23 20:27:25 INFO Utils: /opt/bitnami/spark/.ivy2/jars/org.apache.spark_spark-token-provider-kafka-0-10_2.12-3.5.0.jar has been previously copied to /tmp/spark-ef144f16-8195-4566-bcde-c288bbc3ff66/userFiles-1936beb7-11b6-43c0-9eaa-deec060caa71/org.apache.spark_spark-token-provider-kafka-0-10_2.12-3.5.0.jar
[2025-02-23T20:27:25.899+0000] {docker.py:413} INFO - 25/02/23 20:27:25 INFO Executor: Fetching file:///opt/bitnami/spark/.ivy2/jars/org.apache.hadoop_hadoop-client-runtime-3.3.4.jar with timestamp 1740342441905
[2025-02-23T20:27:25.997+0000] {docker.py:413} INFO - 25/02/23 20:27:25 INFO Utils: /opt/bitnami/spark/.ivy2/jars/org.apache.hadoop_hadoop-client-runtime-3.3.4.jar has been previously copied to /tmp/spark-ef144f16-8195-4566-bcde-c288bbc3ff66/userFiles-1936beb7-11b6-43c0-9eaa-deec060caa71/org.apache.hadoop_hadoop-client-runtime-3.3.4.jar
[2025-02-23T20:27:26.005+0000] {docker.py:413} INFO - 25/02/23 20:27:26 INFO Executor: Fetching file:///opt/bitnami/spark/.ivy2/jars/org.apache.commons_commons-pool2-2.11.1.jar with timestamp 1740342441905
[2025-02-23T20:27:26.007+0000] {docker.py:413} INFO - 25/02/23 20:27:26 INFO Utils: /opt/bitnami/spark/.ivy2/jars/org.apache.commons_commons-pool2-2.11.1.jar has been previously copied to /tmp/spark-ef144f16-8195-4566-bcde-c288bbc3ff66/userFiles-1936beb7-11b6-43c0-9eaa-deec060caa71/org.apache.commons_commons-pool2-2.11.1.jar
[2025-02-23T20:27:26.017+0000] {docker.py:413} INFO - 25/02/23 20:27:26 INFO Executor: Fetching file:///opt/bitnami/spark/.ivy2/jars/org.postgresql_postgresql-42.5.4.jar with timestamp 1740342441905
[2025-02-23T20:27:26.022+0000] {docker.py:413} INFO - 25/02/23 20:27:26 INFO Utils: /opt/bitnami/spark/.ivy2/jars/org.postgresql_postgresql-42.5.4.jar has been previously copied to /tmp/spark-ef144f16-8195-4566-bcde-c288bbc3ff66/userFiles-1936beb7-11b6-43c0-9eaa-deec060caa71/org.postgresql_postgresql-42.5.4.jar
[2025-02-23T20:27:26.031+0000] {docker.py:413} INFO - 25/02/23 20:27:26 INFO Executor: Fetching file:///opt/bitnami/spark/.ivy2/jars/org.slf4j_slf4j-api-2.0.7.jar with timestamp 1740342441905
[2025-02-23T20:27:26.034+0000] {docker.py:413} INFO - 25/02/23 20:27:26 INFO Utils: /opt/bitnami/spark/.ivy2/jars/org.slf4j_slf4j-api-2.0.7.jar has been previously copied to /tmp/spark-ef144f16-8195-4566-bcde-c288bbc3ff66/userFiles-1936beb7-11b6-43c0-9eaa-deec060caa71/org.slf4j_slf4j-api-2.0.7.jar
[2025-02-23T20:27:26.043+0000] {docker.py:413} INFO - 25/02/23 20:27:26 INFO Executor: Fetching file:///opt/bitnami/spark/.ivy2/jars/org.apache.kafka_kafka-clients-3.4.1.jar with timestamp 1740342441905
[2025-02-23T20:27:26.066+0000] {docker.py:413} INFO - 25/02/23 20:27:26 INFO Utils: /opt/bitnami/spark/.ivy2/jars/org.apache.kafka_kafka-clients-3.4.1.jar has been previously copied to /tmp/spark-ef144f16-8195-4566-bcde-c288bbc3ff66/userFiles-1936beb7-11b6-43c0-9eaa-deec060caa71/org.apache.kafka_kafka-clients-3.4.1.jar
[2025-02-23T20:27:26.094+0000] {docker.py:413} INFO - 25/02/23 20:27:26 INFO Executor: Fetching file:///opt/bitnami/spark/.ivy2/jars/com.google.code.findbugs_jsr305-3.0.0.jar with timestamp 1740342441905
[2025-02-23T20:27:26.098+0000] {docker.py:413} INFO - 25/02/23 20:27:26 INFO Utils: /opt/bitnami/spark/.ivy2/jars/com.google.code.findbugs_jsr305-3.0.0.jar has been previously copied to /tmp/spark-ef144f16-8195-4566-bcde-c288bbc3ff66/userFiles-1936beb7-11b6-43c0-9eaa-deec060caa71/com.google.code.findbugs_jsr305-3.0.0.jar
[2025-02-23T20:27:26.113+0000] {docker.py:413} INFO - 25/02/23 20:27:26 INFO Executor: Fetching file:///opt/bitnami/spark/.ivy2/jars/org.lz4_lz4-java-1.8.0.jar with timestamp 1740342441905
[2025-02-23T20:27:26.124+0000] {docker.py:413} INFO - 25/02/23 20:27:26 INFO Utils: /opt/bitnami/spark/.ivy2/jars/org.lz4_lz4-java-1.8.0.jar has been previously copied to /tmp/spark-ef144f16-8195-4566-bcde-c288bbc3ff66/userFiles-1936beb7-11b6-43c0-9eaa-deec060caa71/org.lz4_lz4-java-1.8.0.jar
[2025-02-23T20:27:26.131+0000] {docker.py:413} INFO - 25/02/23 20:27:26 INFO Executor: Fetching file:///opt/bitnami/spark/.ivy2/jars/org.apache.spark_spark-sql-kafka-0-10_2.12-3.5.0.jar with timestamp 1740342441905
[2025-02-23T20:27:26.137+0000] {docker.py:413} INFO - 25/02/23 20:27:26 INFO Utils: /opt/bitnami/spark/.ivy2/jars/org.apache.spark_spark-sql-kafka-0-10_2.12-3.5.0.jar has been previously copied to /tmp/spark-ef144f16-8195-4566-bcde-c288bbc3ff66/userFiles-1936beb7-11b6-43c0-9eaa-deec060caa71/org.apache.spark_spark-sql-kafka-0-10_2.12-3.5.0.jar
[2025-02-23T20:27:26.148+0000] {docker.py:413} INFO - 25/02/23 20:27:26 INFO Executor: Fetching file:///opt/bitnami/spark/.ivy2/jars/org.apache.hadoop_hadoop-client-api-3.3.4.jar with timestamp 1740342441905
[2025-02-23T20:27:26.192+0000] {docker.py:413} INFO - 25/02/23 20:27:26 INFO Utils: /opt/bitnami/spark/.ivy2/jars/org.apache.hadoop_hadoop-client-api-3.3.4.jar has been previously copied to /tmp/spark-ef144f16-8195-4566-bcde-c288bbc3ff66/userFiles-1936beb7-11b6-43c0-9eaa-deec060caa71/org.apache.hadoop_hadoop-client-api-3.3.4.jar
[2025-02-23T20:27:26.203+0000] {docker.py:413} INFO - 25/02/23 20:27:26 INFO Executor: Fetching file:///opt/bitnami/spark/.ivy2/jars/commons-logging_commons-logging-1.1.3.jar with timestamp 1740342441905
[2025-02-23T20:27:26.210+0000] {docker.py:413} INFO - 25/02/23 20:27:26 INFO Utils: /opt/bitnami/spark/.ivy2/jars/commons-logging_commons-logging-1.1.3.jar has been previously copied to /tmp/spark-ef144f16-8195-4566-bcde-c288bbc3ff66/userFiles-1936beb7-11b6-43c0-9eaa-deec060caa71/commons-logging_commons-logging-1.1.3.jar
[2025-02-23T20:27:26.221+0000] {docker.py:413} INFO - 25/02/23 20:27:26 INFO Executor: Fetching file:///opt/bitnami/spark/.ivy2/jars/org.checkerframework_checker-qual-3.5.0.jar with timestamp 1740342441905
[2025-02-23T20:27:26.224+0000] {docker.py:413} INFO - 25/02/23 20:27:26 INFO Utils: /opt/bitnami/spark/.ivy2/jars/org.checkerframework_checker-qual-3.5.0.jar has been previously copied to /tmp/spark-ef144f16-8195-4566-bcde-c288bbc3ff66/userFiles-1936beb7-11b6-43c0-9eaa-deec060caa71/org.checkerframework_checker-qual-3.5.0.jar
[2025-02-23T20:27:26.240+0000] {docker.py:413} INFO - 25/02/23 20:27:26 INFO Executor: Fetching file:///opt/bitnami/spark/.ivy2/jars/org.xerial.snappy_snappy-java-1.1.10.3.jar with timestamp 1740342441905
[2025-02-23T20:27:26.246+0000] {docker.py:413} INFO - 25/02/23 20:27:26 INFO Utils: /opt/bitnami/spark/.ivy2/jars/org.xerial.snappy_snappy-java-1.1.10.3.jar has been previously copied to /tmp/spark-ef144f16-8195-4566-bcde-c288bbc3ff66/userFiles-1936beb7-11b6-43c0-9eaa-deec060caa71/org.xerial.snappy_snappy-java-1.1.10.3.jar
[2025-02-23T20:27:26.267+0000] {docker.py:413} INFO - 25/02/23 20:27:26 INFO Executor: Fetching spark://localhost:40277/jars/org.checkerframework_checker-qual-3.5.0.jar with timestamp 1740342441905
[2025-02-23T20:27:26.413+0000] {docker.py:413} INFO - 25/02/23 20:27:26 INFO TransportClientFactory: Successfully created connection to localhost/127.0.0.1:40277 after 93 ms (0 ms spent in bootstraps)
[2025-02-23T20:27:26.437+0000] {docker.py:413} INFO - 25/02/23 20:27:26 INFO Utils: Fetching spark://localhost:40277/jars/org.checkerframework_checker-qual-3.5.0.jar to /tmp/spark-ef144f16-8195-4566-bcde-c288bbc3ff66/userFiles-1936beb7-11b6-43c0-9eaa-deec060caa71/fetchFileTemp8409315431687851878.tmp
[2025-02-23T20:27:26.516+0000] {docker.py:413} INFO - 25/02/23 20:27:26 INFO Utils: /tmp/spark-ef144f16-8195-4566-bcde-c288bbc3ff66/userFiles-1936beb7-11b6-43c0-9eaa-deec060caa71/fetchFileTemp8409315431687851878.tmp has been previously copied to /tmp/spark-ef144f16-8195-4566-bcde-c288bbc3ff66/userFiles-1936beb7-11b6-43c0-9eaa-deec060caa71/org.checkerframework_checker-qual-3.5.0.jar
[2025-02-23T20:27:26.534+0000] {docker.py:413} INFO - 25/02/23 20:27:26 INFO Executor: Adding file:/tmp/spark-ef144f16-8195-4566-bcde-c288bbc3ff66/userFiles-1936beb7-11b6-43c0-9eaa-deec060caa71/org.checkerframework_checker-qual-3.5.0.jar to class loader default
25/02/23 20:27:26 INFO Executor: Fetching spark://localhost:40277/jars/org.apache.kafka_kafka-clients-3.4.1.jar with timestamp 1740342441905
[2025-02-23T20:27:26.536+0000] {docker.py:413} INFO - 25/02/23 20:27:26 INFO Utils: Fetching spark://localhost:40277/jars/org.apache.kafka_kafka-clients-3.4.1.jar to /tmp/spark-ef144f16-8195-4566-bcde-c288bbc3ff66/userFiles-1936beb7-11b6-43c0-9eaa-deec060caa71/fetchFileTemp9362222132598803098.tmp
[2025-02-23T20:27:26.627+0000] {docker.py:413} INFO - 25/02/23 20:27:26 INFO Utils: /tmp/spark-ef144f16-8195-4566-bcde-c288bbc3ff66/userFiles-1936beb7-11b6-43c0-9eaa-deec060caa71/fetchFileTemp9362222132598803098.tmp has been previously copied to /tmp/spark-ef144f16-8195-4566-bcde-c288bbc3ff66/userFiles-1936beb7-11b6-43c0-9eaa-deec060caa71/org.apache.kafka_kafka-clients-3.4.1.jar
[2025-02-23T20:27:26.634+0000] {docker.py:413} INFO - 25/02/23 20:27:26 INFO Executor: Adding file:/tmp/spark-ef144f16-8195-4566-bcde-c288bbc3ff66/userFiles-1936beb7-11b6-43c0-9eaa-deec060caa71/org.apache.kafka_kafka-clients-3.4.1.jar to class loader default
[2025-02-23T20:27:26.636+0000] {docker.py:413} INFO - 25/02/23 20:27:26 INFO Executor: Fetching spark://localhost:40277/jars/org.apache.spark_spark-token-provider-kafka-0-10_2.12-3.5.0.jar with timestamp 1740342441905
25/02/23 20:27:26 INFO Utils: Fetching spark://localhost:40277/jars/org.apache.spark_spark-token-provider-kafka-0-10_2.12-3.5.0.jar to /tmp/spark-ef144f16-8195-4566-bcde-c288bbc3ff66/userFiles-1936beb7-11b6-43c0-9eaa-deec060caa71/fetchFileTemp14905811447346061694.tmp
[2025-02-23T20:27:26.639+0000] {docker.py:413} INFO - 25/02/23 20:27:26 INFO Utils: /tmp/spark-ef144f16-8195-4566-bcde-c288bbc3ff66/userFiles-1936beb7-11b6-43c0-9eaa-deec060caa71/fetchFileTemp14905811447346061694.tmp has been previously copied to /tmp/spark-ef144f16-8195-4566-bcde-c288bbc3ff66/userFiles-1936beb7-11b6-43c0-9eaa-deec060caa71/org.apache.spark_spark-token-provider-kafka-0-10_2.12-3.5.0.jar
[2025-02-23T20:27:26.647+0000] {docker.py:413} INFO - 25/02/23 20:27:26 INFO Executor: Adding file:/tmp/spark-ef144f16-8195-4566-bcde-c288bbc3ff66/userFiles-1936beb7-11b6-43c0-9eaa-deec060caa71/org.apache.spark_spark-token-provider-kafka-0-10_2.12-3.5.0.jar to class loader default
[2025-02-23T20:27:26.648+0000] {docker.py:413} INFO - 25/02/23 20:27:26 INFO Executor: Fetching spark://localhost:40277/jars/org.apache.hadoop_hadoop-client-runtime-3.3.4.jar with timestamp 1740342441905
[2025-02-23T20:27:26.654+0000] {docker.py:413} INFO - 25/02/23 20:27:26 INFO Utils: Fetching spark://localhost:40277/jars/org.apache.hadoop_hadoop-client-runtime-3.3.4.jar to /tmp/spark-ef144f16-8195-4566-bcde-c288bbc3ff66/userFiles-1936beb7-11b6-43c0-9eaa-deec060caa71/fetchFileTemp3562620910141783094.tmp
[2025-02-23T20:27:27.040+0000] {docker.py:413} INFO - 25/02/23 20:27:27 INFO Utils: /tmp/spark-ef144f16-8195-4566-bcde-c288bbc3ff66/userFiles-1936beb7-11b6-43c0-9eaa-deec060caa71/fetchFileTemp3562620910141783094.tmp has been previously copied to /tmp/spark-ef144f16-8195-4566-bcde-c288bbc3ff66/userFiles-1936beb7-11b6-43c0-9eaa-deec060caa71/org.apache.hadoop_hadoop-client-runtime-3.3.4.jar
[2025-02-23T20:27:27.058+0000] {docker.py:413} INFO - 25/02/23 20:27:27 INFO Executor: Adding file:/tmp/spark-ef144f16-8195-4566-bcde-c288bbc3ff66/userFiles-1936beb7-11b6-43c0-9eaa-deec060caa71/org.apache.hadoop_hadoop-client-runtime-3.3.4.jar to class loader default
25/02/23 20:27:27 INFO Executor: Fetching spark://localhost:40277/jars/org.apache.commons_commons-pool2-2.11.1.jar with timestamp 1740342441905
[2025-02-23T20:27:27.061+0000] {docker.py:413} INFO - 25/02/23 20:27:27 INFO Utils: Fetching spark://localhost:40277/jars/org.apache.commons_commons-pool2-2.11.1.jar to /tmp/spark-ef144f16-8195-4566-bcde-c288bbc3ff66/userFiles-1936beb7-11b6-43c0-9eaa-deec060caa71/fetchFileTemp17060976219549104117.tmp
[2025-02-23T20:27:27.066+0000] {docker.py:413} INFO - 25/02/23 20:27:27 INFO Utils: /tmp/spark-ef144f16-8195-4566-bcde-c288bbc3ff66/userFiles-1936beb7-11b6-43c0-9eaa-deec060caa71/fetchFileTemp17060976219549104117.tmp has been previously copied to /tmp/spark-ef144f16-8195-4566-bcde-c288bbc3ff66/userFiles-1936beb7-11b6-43c0-9eaa-deec060caa71/org.apache.commons_commons-pool2-2.11.1.jar
[2025-02-23T20:27:27.076+0000] {docker.py:413} INFO - 25/02/23 20:27:27 INFO Executor: Adding file:/tmp/spark-ef144f16-8195-4566-bcde-c288bbc3ff66/userFiles-1936beb7-11b6-43c0-9eaa-deec060caa71/org.apache.commons_commons-pool2-2.11.1.jar to class loader default
[2025-02-23T20:27:27.077+0000] {docker.py:413} INFO - 25/02/23 20:27:27 INFO Executor: Fetching spark://localhost:40277/jars/org.lz4_lz4-java-1.8.0.jar with timestamp 1740342441905
[2025-02-23T20:27:27.082+0000] {docker.py:413} INFO - 25/02/23 20:27:27 INFO Utils: Fetching spark://localhost:40277/jars/org.lz4_lz4-java-1.8.0.jar to /tmp/spark-ef144f16-8195-4566-bcde-c288bbc3ff66/userFiles-1936beb7-11b6-43c0-9eaa-deec060caa71/fetchFileTemp10835644729364296357.tmp
[2025-02-23T20:27:27.094+0000] {docker.py:413} INFO - 25/02/23 20:27:27 INFO Utils: /tmp/spark-ef144f16-8195-4566-bcde-c288bbc3ff66/userFiles-1936beb7-11b6-43c0-9eaa-deec060caa71/fetchFileTemp10835644729364296357.tmp has been previously copied to /tmp/spark-ef144f16-8195-4566-bcde-c288bbc3ff66/userFiles-1936beb7-11b6-43c0-9eaa-deec060caa71/org.lz4_lz4-java-1.8.0.jar
[2025-02-23T20:27:27.115+0000] {docker.py:413} INFO - 25/02/23 20:27:27 INFO Executor: Adding file:/tmp/spark-ef144f16-8195-4566-bcde-c288bbc3ff66/userFiles-1936beb7-11b6-43c0-9eaa-deec060caa71/org.lz4_lz4-java-1.8.0.jar to class loader default
25/02/23 20:27:27 INFO Executor: Fetching spark://localhost:40277/jars/com.google.code.findbugs_jsr305-3.0.0.jar with timestamp 1740342441905
[2025-02-23T20:27:27.120+0000] {docker.py:413} INFO - 25/02/23 20:27:27 INFO Utils: Fetching spark://localhost:40277/jars/com.google.code.findbugs_jsr305-3.0.0.jar to /tmp/spark-ef144f16-8195-4566-bcde-c288bbc3ff66/userFiles-1936beb7-11b6-43c0-9eaa-deec060caa71/fetchFileTemp8672566925309403118.tmp
[2025-02-23T20:27:27.131+0000] {docker.py:413} INFO - 25/02/23 20:27:27 INFO Utils: /tmp/spark-ef144f16-8195-4566-bcde-c288bbc3ff66/userFiles-1936beb7-11b6-43c0-9eaa-deec060caa71/fetchFileTemp8672566925309403118.tmp has been previously copied to /tmp/spark-ef144f16-8195-4566-bcde-c288bbc3ff66/userFiles-1936beb7-11b6-43c0-9eaa-deec060caa71/com.google.code.findbugs_jsr305-3.0.0.jar
[2025-02-23T20:27:27.197+0000] {docker.py:413} INFO - 25/02/23 20:27:27 INFO Executor: Adding file:/tmp/spark-ef144f16-8195-4566-bcde-c288bbc3ff66/userFiles-1936beb7-11b6-43c0-9eaa-deec060caa71/com.google.code.findbugs_jsr305-3.0.0.jar to class loader default
[2025-02-23T20:27:27.202+0000] {docker.py:413} INFO - 25/02/23 20:27:27 INFO Executor: Fetching spark://localhost:40277/jars/org.apache.spark_spark-sql-kafka-0-10_2.12-3.5.0.jar with timestamp 1740342441905
[2025-02-23T20:27:27.207+0000] {docker.py:413} INFO - 25/02/23 20:27:27 INFO Utils: Fetching spark://localhost:40277/jars/org.apache.spark_spark-sql-kafka-0-10_2.12-3.5.0.jar to /tmp/spark-ef144f16-8195-4566-bcde-c288bbc3ff66/userFiles-1936beb7-11b6-43c0-9eaa-deec060caa71/fetchFileTemp166654273151096643.tmp
[2025-02-23T20:27:27.222+0000] {docker.py:413} INFO - 25/02/23 20:27:27 INFO Utils: /tmp/spark-ef144f16-8195-4566-bcde-c288bbc3ff66/userFiles-1936beb7-11b6-43c0-9eaa-deec060caa71/fetchFileTemp166654273151096643.tmp has been previously copied to /tmp/spark-ef144f16-8195-4566-bcde-c288bbc3ff66/userFiles-1936beb7-11b6-43c0-9eaa-deec060caa71/org.apache.spark_spark-sql-kafka-0-10_2.12-3.5.0.jar
[2025-02-23T20:27:27.234+0000] {docker.py:413} INFO - 25/02/23 20:27:27 INFO Executor: Adding file:/tmp/spark-ef144f16-8195-4566-bcde-c288bbc3ff66/userFiles-1936beb7-11b6-43c0-9eaa-deec060caa71/org.apache.spark_spark-sql-kafka-0-10_2.12-3.5.0.jar to class loader default
[2025-02-23T20:27:27.235+0000] {docker.py:413} INFO - 25/02/23 20:27:27 INFO Executor: Fetching spark://localhost:40277/jars/commons-logging_commons-logging-1.1.3.jar with timestamp 1740342441905
[2025-02-23T20:27:27.235+0000] {docker.py:413} INFO - 25/02/23 20:27:27 INFO Utils: Fetching spark://localhost:40277/jars/commons-logging_commons-logging-1.1.3.jar to /tmp/spark-ef144f16-8195-4566-bcde-c288bbc3ff66/userFiles-1936beb7-11b6-43c0-9eaa-deec060caa71/fetchFileTemp651290550907666742.tmp
[2025-02-23T20:27:27.247+0000] {docker.py:413} INFO - 25/02/23 20:27:27 INFO Utils: /tmp/spark-ef144f16-8195-4566-bcde-c288bbc3ff66/userFiles-1936beb7-11b6-43c0-9eaa-deec060caa71/fetchFileTemp651290550907666742.tmp has been previously copied to /tmp/spark-ef144f16-8195-4566-bcde-c288bbc3ff66/userFiles-1936beb7-11b6-43c0-9eaa-deec060caa71/commons-logging_commons-logging-1.1.3.jar
[2025-02-23T20:27:27.265+0000] {docker.py:413} INFO - 25/02/23 20:27:27 INFO Executor: Adding file:/tmp/spark-ef144f16-8195-4566-bcde-c288bbc3ff66/userFiles-1936beb7-11b6-43c0-9eaa-deec060caa71/commons-logging_commons-logging-1.1.3.jar to class loader default
[2025-02-23T20:27:27.266+0000] {docker.py:413} INFO - 25/02/23 20:27:27 INFO Executor: Fetching spark://localhost:40277/jars/org.apache.hadoop_hadoop-client-api-3.3.4.jar with timestamp 1740342441905
[2025-02-23T20:27:27.268+0000] {docker.py:413} INFO - 25/02/23 20:27:27 INFO Utils: Fetching spark://localhost:40277/jars/org.apache.hadoop_hadoop-client-api-3.3.4.jar to /tmp/spark-ef144f16-8195-4566-bcde-c288bbc3ff66/userFiles-1936beb7-11b6-43c0-9eaa-deec060caa71/fetchFileTemp9389371094810109988.tmp
[2025-02-23T20:27:27.561+0000] {docker.py:413} INFO - 25/02/23 20:27:27 INFO Utils: /tmp/spark-ef144f16-8195-4566-bcde-c288bbc3ff66/userFiles-1936beb7-11b6-43c0-9eaa-deec060caa71/fetchFileTemp9389371094810109988.tmp has been previously copied to /tmp/spark-ef144f16-8195-4566-bcde-c288bbc3ff66/userFiles-1936beb7-11b6-43c0-9eaa-deec060caa71/org.apache.hadoop_hadoop-client-api-3.3.4.jar
[2025-02-23T20:27:27.623+0000] {docker.py:413} INFO - 25/02/23 20:27:27 INFO Executor: Adding file:/tmp/spark-ef144f16-8195-4566-bcde-c288bbc3ff66/userFiles-1936beb7-11b6-43c0-9eaa-deec060caa71/org.apache.hadoop_hadoop-client-api-3.3.4.jar to class loader default
[2025-02-23T20:27:27.624+0000] {docker.py:413} INFO - 25/02/23 20:27:27 INFO Executor: Fetching spark://localhost:40277/jars/org.slf4j_slf4j-api-2.0.7.jar with timestamp 1740342441905
[2025-02-23T20:27:27.630+0000] {docker.py:413} INFO - 25/02/23 20:27:27 INFO Utils: Fetching spark://localhost:40277/jars/org.slf4j_slf4j-api-2.0.7.jar to /tmp/spark-ef144f16-8195-4566-bcde-c288bbc3ff66/userFiles-1936beb7-11b6-43c0-9eaa-deec060caa71/fetchFileTemp6975341389579882414.tmp
[2025-02-23T20:27:27.659+0000] {docker.py:413} INFO - 25/02/23 20:27:27 INFO Utils: /tmp/spark-ef144f16-8195-4566-bcde-c288bbc3ff66/userFiles-1936beb7-11b6-43c0-9eaa-deec060caa71/fetchFileTemp6975341389579882414.tmp has been previously copied to /tmp/spark-ef144f16-8195-4566-bcde-c288bbc3ff66/userFiles-1936beb7-11b6-43c0-9eaa-deec060caa71/org.slf4j_slf4j-api-2.0.7.jar
[2025-02-23T20:27:27.686+0000] {docker.py:413} INFO - 25/02/23 20:27:27 INFO Executor: Adding file:/tmp/spark-ef144f16-8195-4566-bcde-c288bbc3ff66/userFiles-1936beb7-11b6-43c0-9eaa-deec060caa71/org.slf4j_slf4j-api-2.0.7.jar to class loader default
[2025-02-23T20:27:27.692+0000] {docker.py:413} INFO - 25/02/23 20:27:27 INFO Executor: Fetching spark://localhost:40277/jars/org.postgresql_postgresql-42.5.4.jar with timestamp 1740342441905
[2025-02-23T20:27:27.706+0000] {docker.py:413} INFO - 25/02/23 20:27:27 INFO Utils: Fetching spark://localhost:40277/jars/org.postgresql_postgresql-42.5.4.jar to /tmp/spark-ef144f16-8195-4566-bcde-c288bbc3ff66/userFiles-1936beb7-11b6-43c0-9eaa-deec060caa71/fetchFileTemp14641249755110673190.tmp
[2025-02-23T20:27:27.761+0000] {docker.py:413} INFO - 25/02/23 20:27:27 INFO Utils: /tmp/spark-ef144f16-8195-4566-bcde-c288bbc3ff66/userFiles-1936beb7-11b6-43c0-9eaa-deec060caa71/fetchFileTemp14641249755110673190.tmp has been previously copied to /tmp/spark-ef144f16-8195-4566-bcde-c288bbc3ff66/userFiles-1936beb7-11b6-43c0-9eaa-deec060caa71/org.postgresql_postgresql-42.5.4.jar
[2025-02-23T20:27:27.778+0000] {docker.py:413} INFO - 25/02/23 20:27:27 INFO Executor: Adding file:/tmp/spark-ef144f16-8195-4566-bcde-c288bbc3ff66/userFiles-1936beb7-11b6-43c0-9eaa-deec060caa71/org.postgresql_postgresql-42.5.4.jar to class loader default
25/02/23 20:27:27 INFO Executor: Fetching spark://localhost:40277/jars/org.xerial.snappy_snappy-java-1.1.10.3.jar with timestamp 1740342441905
[2025-02-23T20:27:27.780+0000] {docker.py:413} INFO - 25/02/23 20:27:27 INFO Utils: Fetching spark://localhost:40277/jars/org.xerial.snappy_snappy-java-1.1.10.3.jar to /tmp/spark-ef144f16-8195-4566-bcde-c288bbc3ff66/userFiles-1936beb7-11b6-43c0-9eaa-deec060caa71/fetchFileTemp11671986202077802501.tmp
[2025-02-23T20:27:27.843+0000] {docker.py:413} INFO - 25/02/23 20:27:27 INFO Utils: /tmp/spark-ef144f16-8195-4566-bcde-c288bbc3ff66/userFiles-1936beb7-11b6-43c0-9eaa-deec060caa71/fetchFileTemp11671986202077802501.tmp has been previously copied to /tmp/spark-ef144f16-8195-4566-bcde-c288bbc3ff66/userFiles-1936beb7-11b6-43c0-9eaa-deec060caa71/org.xerial.snappy_snappy-java-1.1.10.3.jar
[2025-02-23T20:27:27.862+0000] {docker.py:413} INFO - 25/02/23 20:27:27 INFO Executor: Adding file:/tmp/spark-ef144f16-8195-4566-bcde-c288bbc3ff66/userFiles-1936beb7-11b6-43c0-9eaa-deec060caa71/org.xerial.snappy_snappy-java-1.1.10.3.jar to class loader default
[2025-02-23T20:27:27.903+0000] {docker.py:413} INFO - 25/02/23 20:27:27 INFO Utils: Successfully started service 'org.apache.spark.network.netty.NettyBlockTransferService' on port 36253.
[2025-02-23T20:27:27.904+0000] {docker.py:413} INFO - 25/02/23 20:27:27 INFO NettyBlockTransferService: Server created on localhost:36253
[2025-02-23T20:27:27.911+0000] {docker.py:413} INFO - 25/02/23 20:27:27 INFO BlockManager: Using org.apache.spark.storage.RandomBlockReplicationPolicy for block replication policy
[2025-02-23T20:27:27.932+0000] {docker.py:413} INFO - 25/02/23 20:27:27 INFO BlockManagerMaster: Registering BlockManager BlockManagerId(driver, localhost, 36253, None)
[2025-02-23T20:27:27.954+0000] {docker.py:413} INFO - 25/02/23 20:27:27 INFO BlockManagerMasterEndpoint: Registering block manager localhost:36253 with 434.4 MiB RAM, BlockManagerId(driver, localhost, 36253, None)
[2025-02-23T20:27:27.960+0000] {docker.py:413} INFO - 25/02/23 20:27:27 INFO BlockManagerMaster: Registered BlockManager BlockManagerId(driver, localhost, 36253, None)
[2025-02-23T20:27:27.962+0000] {docker.py:413} INFO - 25/02/23 20:27:27 INFO BlockManager: Initialized BlockManager: BlockManagerId(driver, localhost, 36253, None)
[2025-02-23T20:27:29.661+0000] {docker.py:413} INFO - 25/02/23 20:27:29 INFO SharedState: Setting hive.metastore.warehouse.dir ('null') to the value of spark.sql.warehouse.dir.
[2025-02-23T20:27:29.669+0000] {docker.py:413} INFO - 25/02/23 20:27:29 INFO SharedState: Warehouse path is 'file:/opt/bitnami/spark/spark-warehouse'.
[2025-02-23T20:27:40.485+0000] {docker.py:413} INFO - 25/02/23 20:27:40 INFO StateStoreCoordinatorRef: Registered StateStoreCoordinator endpoint
[2025-02-23T20:27:40.693+0000] {docker.py:413} INFO - 25/02/23 20:27:40 WARN ResolveWriteToStream: Temporary checkpoint location created which is deleted normally when the query didn't fail: /tmp/temporary-546f2bb6-5988-40c4-8c11-7eeb9b123da6. If it's required to delete it under any circumstances, please set spark.sql.streaming.forceDeleteTempCheckpointLocation to true. Important to know deleting temp checkpoint folder is best effort.
[2025-02-23T20:27:40.903+0000] {docker.py:413} INFO - 25/02/23 20:27:40 INFO ResolveWriteToStream: Checkpoint root file:///tmp/temporary-546f2bb6-5988-40c4-8c11-7eeb9b123da6 resolved to file:/tmp/temporary-546f2bb6-5988-40c4-8c11-7eeb9b123da6.
[2025-02-23T20:27:40.905+0000] {docker.py:413} INFO - 25/02/23 20:27:40 WARN ResolveWriteToStream: spark.sql.adaptive.enabled is not supported in streaming DataFrames/Datasets and will be disabled.
[2025-02-23T20:27:41.603+0000] {docker.py:413} INFO - 25/02/23 20:27:41 INFO CheckpointFileManager: Writing atomically to file:/tmp/temporary-546f2bb6-5988-40c4-8c11-7eeb9b123da6/metadata using temp file file:/tmp/temporary-546f2bb6-5988-40c4-8c11-7eeb9b123da6/.metadata.18a24665-f23c-4111-8d46-e2152b9b7dc9.tmp
[2025-02-23T20:27:42.252+0000] {docker.py:413} INFO - 25/02/23 20:27:42 INFO CheckpointFileManager: Renamed temp file file:/tmp/temporary-546f2bb6-5988-40c4-8c11-7eeb9b123da6/.metadata.18a24665-f23c-4111-8d46-e2152b9b7dc9.tmp to file:/tmp/temporary-546f2bb6-5988-40c4-8c11-7eeb9b123da6/metadata
[2025-02-23T20:27:42.550+0000] {docker.py:413} INFO - 25/02/23 20:27:42 INFO MicroBatchExecution: Starting [id = 2e8b0819-4260-4595-ba03-61f1e0983ac4, runId = 474586dc-1eec-4823-8775-9c2c54bd715f]. Use file:/tmp/temporary-546f2bb6-5988-40c4-8c11-7eeb9b123da6 to store the query checkpoint.
[2025-02-23T20:27:42.684+0000] {docker.py:413} INFO - 25/02/23 20:27:42 INFO MicroBatchExecution: Reading table [org.apache.spark.sql.kafka010.KafkaSourceProvider$KafkaTable@28945cf9] from DataSourceV2 named 'kafka' [org.apache.spark.sql.kafka010.KafkaSourceProvider@5bd72d93]
[2025-02-23T20:27:43.117+0000] {docker.py:413} INFO - 25/02/23 20:27:43 INFO OffsetSeqLog: BatchIds found from listing:
[2025-02-23T20:27:43.130+0000] {docker.py:413} INFO - 25/02/23 20:27:43 INFO OffsetSeqLog: BatchIds found from listing:
[2025-02-23T20:27:43.133+0000] {docker.py:413} INFO - 25/02/23 20:27:43 INFO MicroBatchExecution: Starting new streaming query.
[2025-02-23T20:27:43.162+0000] {docker.py:413} INFO - 25/02/23 20:27:43 INFO MicroBatchExecution: Stream started from {}
[2025-02-23T20:27:44.842+0000] {docker.py:413} INFO - 25/02/23 20:27:44 INFO AdminClientConfig: AdminClientConfig values: 
	auto.include.jmx.reporter = true
	bootstrap.servers = [kafka:9092]
	client.dns.lookup = use_all_dns_ips
	client.id = 
	connections.max.idle.ms = 300000
	default.api.timeout.ms = 60000
	metadata.max.age.ms = 300000
	metric.reporters = []
	metrics.num.samples = 2
	metrics.recording.level = INFO
	metrics.sample.window.ms = 30000
	receive.buffer.bytes = 65536
	reconnect.backoff.max.ms = 1000
	reconnect.backoff.ms = 50
	request.timeout.ms = 30000
	retries = 2147483647
	retry.backoff.ms = 100
	sasl.client.callback.handler.class = null
	sasl.jaas.config = null
	sasl.kerberos.kinit.cmd = /usr/bin/kinit
	sasl.kerberos.min.time.before.relogin = 60000
	sasl.kerberos.service.name = null
	sasl.kerberos.ticket.renew.jitter = 0.05
	sasl.kerberos.ticket.renew.window.factor = 0.8
	sasl.login.callback.handler.class = null
	sasl.login.class = null
	sasl.login.connect.timeout.ms = null
	sasl.login.read.timeout.ms = null
	sasl.login.refresh.buffer.seconds = 300
	sasl.login.refresh.min.period.seconds = 60
	sasl.login.refresh.window.factor = 0.8
	sasl.login.refresh.window.jitter = 0.05
	sasl.login.retry.backoff.max.ms = 10000
	sasl.login.retry.backoff.ms = 100
	sasl.mechanism = GSSAPI
	sasl.oauthbearer.clock.skew.seconds = 30
	sasl.oauthbearer.expected.audience = null
	sasl.oauthbearer.expected.issuer = null
	sasl.oauthbearer.jwks.endpoint.refresh.ms = 3600000
	sasl.oauthbearer.jwks.endpoint.retry.backoff.max.ms = 10000
	sasl.oauthbearer.jwks.endpoint.retry.backoff.ms = 100
	sasl.oauthbearer.jwks.endpoint.url = null
	sasl.oauthbearer.scope.claim.name = scope
	sasl.oauthbearer.sub.claim.name = sub
	sasl.oauthbearer.token.endpoint.url = null
	security.protocol = PLAINTEXT
	security.providers = null
	send.buffer.bytes = 131072
	socket.connection.setup.timeout.max.ms = 30000
	socket.connection.setup.timeout.ms = 10000
	ssl.cipher.suites = null
	ssl.enabled.protocols = [TLSv1.2, TLSv1.3]
	ssl.endpoint.identification.algorithm = https
	ssl.engine.factory.class = null
	ssl.key.*** = null
	ssl.keymanager.algorithm = SunX509
	ssl.keystore.certificate.chain = null
	ssl.keystore.key = null
	ssl.keystore.location = null
	ssl.keystore.*** = null
	ssl.keystore.type = JKS
	ssl.protocol = TLSv1.3
	ssl.provider = null
	ssl.secure.random.implementation = null
	ssl.trustmanager.algorithm = PKIX
	ssl.truststore.certificates = null
	ssl.truststore.location = null
	ssl.truststore.*** = null
	ssl.truststore.type = JKS
[2025-02-23T20:27:45.243+0000] {docker.py:413} INFO - 25/02/23 20:27:45 WARN AdminClientConfig: These configurations '[key.deserializer, value.deserializer, enable.auto.commit, max.poll.records, auto.offset.reset]' were supplied but are not used yet.
[2025-02-23T20:27:45.259+0000] {docker.py:413} INFO - 25/02/23 20:27:45 INFO AppInfoParser: Kafka version: 3.4.1
[2025-02-23T20:27:45.262+0000] {docker.py:413} INFO - 25/02/23 20:27:45 INFO AppInfoParser: Kafka commitId: 8a516edc2755df89
[2025-02-23T20:27:45.266+0000] {docker.py:413} INFO - 25/02/23 20:27:45 INFO AppInfoParser: Kafka startTimeMs: 1740342465241
[2025-02-23T20:27:46.360+0000] {docker.py:413} INFO - 25/02/23 20:27:46 INFO CheckpointFileManager: Writing atomically to file:/tmp/temporary-546f2bb6-5988-40c4-8c11-7eeb9b123da6/sources/0/0 using temp file file:/tmp/temporary-546f2bb6-5988-40c4-8c11-7eeb9b123da6/sources/0/.0.cd89b151-66e2-4346-b37b-ceafe82642b5.tmp
[2025-02-23T20:27:46.452+0000] {docker.py:413} INFO - 25/02/23 20:27:46 INFO CheckpointFileManager: Renamed temp file file:/tmp/temporary-546f2bb6-5988-40c4-8c11-7eeb9b123da6/sources/0/.0.cd89b151-66e2-4346-b37b-ceafe82642b5.tmp to file:/tmp/temporary-546f2bb6-5988-40c4-8c11-7eeb9b123da6/sources/0/0
[2025-02-23T20:27:46.457+0000] {docker.py:413} INFO - 25/02/23 20:27:46 INFO KafkaMicroBatchStream: Initial offsets: {"online_retail":{"0":0}}
[2025-02-23T20:27:46.604+0000] {docker.py:413} INFO - 25/02/23 20:27:46 INFO CheckpointFileManager: Writing atomically to file:/tmp/temporary-546f2bb6-5988-40c4-8c11-7eeb9b123da6/offsets/0 using temp file file:/tmp/temporary-546f2bb6-5988-40c4-8c11-7eeb9b123da6/offsets/.0.ff808407-9cd8-4d2c-860d-338a5c979e62.tmp
[2025-02-23T20:27:46.968+0000] {docker.py:413} INFO - 25/02/23 20:27:46 INFO CheckpointFileManager: Renamed temp file file:/tmp/temporary-546f2bb6-5988-40c4-8c11-7eeb9b123da6/offsets/.0.ff808407-9cd8-4d2c-860d-338a5c979e62.tmp to file:/tmp/temporary-546f2bb6-5988-40c4-8c11-7eeb9b123da6/offsets/0
[2025-02-23T20:27:46.972+0000] {docker.py:413} INFO - 25/02/23 20:27:46 INFO MicroBatchExecution: Committed offsets for batch 0. Metadata OffsetSeqMetadata(0,1740342466563,Map(spark.sql.streaming.stateStore.providerClass -> org.apache.spark.sql.execution.streaming.state.HDFSBackedStateStoreProvider, spark.sql.streaming.join.stateFormatVersion -> 2, spark.sql.streaming.stateStore.compression.codec -> lz4, spark.sql.streaming.stateStore.rocksdb.formatVersion -> 5, spark.sql.streaming.statefulOperator.useStrictDistribution -> true, spark.sql.streaming.flatMapGroupsWithState.stateFormatVersion -> 2, spark.sql.streaming.multipleWatermarkPolicy -> min, spark.sql.streaming.aggregation.stateFormatVersion -> 2, spark.sql.shuffle.partitions -> 200))
[2025-02-23T20:27:49.505+0000] {docker.py:413} INFO - 25/02/23 20:27:49 INFO KafkaOffsetReaderAdmin: Partitions added: Map()
[2025-02-23T20:27:49.743+0000] {docker.py:413} INFO - 25/02/23 20:27:49 INFO KafkaOffsetReaderAdmin: Partitions added: Map()
[2025-02-23T20:27:50.018+0000] {docker.py:413} INFO - 25/02/23 20:27:50 INFO KafkaOffsetReaderAdmin: Partitions added: Map()
[2025-02-23T20:27:50.036+0000] {docker.py:413} INFO - 25/02/23 20:27:50 INFO KafkaOffsetReaderAdmin: Partitions added: Map()
[2025-02-23T20:27:51.879+0000] {docker.py:413} INFO - 25/02/23 20:27:51 INFO CodeGenerator: Code generated in 1352.344559 ms
[2025-02-23T20:27:53.513+0000] {docker.py:413} INFO - 25/02/23 20:27:53 ERROR MicroBatchExecution: Query [id = 2e8b0819-4260-4595-ba03-61f1e0983ac4, runId = 474586dc-1eec-4823-8775-9c2c54bd715f] terminated with error
py4j.Py4JException: An exception was raised by the Python Proxy. Return Message: Traceback (most recent call last):
  File "/opt/bitnami/spark/python/lib/py4j-0.10.9.7-src.zip/py4j/clientserver.py", line 617, in _call_proxy
    return_value = getattr(self.pool[obj_id], method)(*params)
                   ^^^^^^^^^^^^^^^^^^^^^^^^^^^^^^^^^^^^^^^^^^^
  File "/opt/bitnami/spark/python/lib/pyspark.zip/pyspark/sql/utils.py", line 120, in call
    raise e
  File "/opt/bitnami/spark/python/lib/pyspark.zip/pyspark/sql/utils.py", line 117, in call
    self.func(DataFrame(jdf, wrapped_session_jdf), batch_id)
  File "/opt/bitnami/spark/spark_pgsql.py", line 54, in write_to_postgres
    .save()
     ^^^^^^
  File "/opt/bitnami/spark/python/lib/pyspark.zip/pyspark/sql/readwriter.py", line 1461, in save
    self._jwrite.save()
  File "/opt/bitnami/spark/python/lib/py4j-0.10.9.7-src.zip/py4j/java_gateway.py", line 1322, in __call__
    return_value = get_return_value(
                   ^^^^^^^^^^^^^^^^^
  File "/opt/bitnami/spark/python/lib/pyspark.zip/pyspark/errors/exceptions/captured.py", line 179, in deco
    return f(*a, **kw)
           ^^^^^^^^^^^
  File "/opt/bitnami/spark/python/lib/py4j-0.10.9.7-src.zip/py4j/protocol.py", line 326, in get_return_value
    raise Py4JJavaError(
py4j.protocol.Py4JJavaError: An error occurred while calling o65.save.
: org.postgresql.util.PSQLException: The connection attempt failed.
	at org.postgresql.core.v3.ConnectionFactoryImpl.openConnectionImpl(ConnectionFactoryImpl.java:354)
	at org.postgresql.core.ConnectionFactory.openConnection(ConnectionFactory.java:54)
	at org.postgresql.jdbc.PgConnection.<init>(PgConnection.java:253)
	at org.postgresql.Driver.makeConnection(Driver.java:434)
	at org.postgresql.Driver.connect(Driver.java:291)
	at org.apache.spark.sql.execution.datasources.jdbc.connection.BasicConnectionProvider.getConnection(BasicConnectionProvider.scala:49)
	at org.apache.spark.sql.execution.datasources.jdbc.connection.ConnectionProviderBase.create(ConnectionProvider.scala:102)
	at org.apache.spark.sql.jdbc.JdbcDialect.$anonfun$createConnectionFactory$1(JdbcDialects.scala:160)
	at org.apache.spark.sql.jdbc.JdbcDialect.$anonfun$createConnectionFactory$1$adapted(JdbcDialects.scala:156)
	at org.apache.spark.sql.execution.datasources.jdbc.JdbcRelationProvider.createRelation(JdbcRelationProvider.scala:50)
	at org.apache.spark.sql.execution.datasources.SaveIntoDataSourceCommand.run(SaveIntoDataSourceCommand.scala:48)
	at org.apache.spark.sql.execution.command.ExecutedCommandExec.sideEffectResult$lzycompute(commands.scala:75)
	at org.apache.spark.sql.execution.command.ExecutedCommandExec.sideEffectResult(commands.scala:73)
	at org.apache.spark.sql.execution.command.ExecutedCommandExec.executeCollect(commands.scala:84)
	at org.apache.spark.sql.execution.QueryExecution$$anonfun$eagerlyExecuteCommands$1.$anonfun$applyOrElse$1(QueryExecution.scala:107)
	at org.apache.spark.sql.execution.SQLExecution$.$anonfun$withNewExecutionId$6(SQLExecution.scala:125)
	at org.apache.spark.sql.execution.SQLExecution$.withSQLConfPropagated(SQLExecution.scala:201)
	at org.apache.spark.sql.execution.SQLExecution$.$anonfun$withNewExecutionId$1(SQLExecution.scala:108)
	at org.apache.spark.sql.SparkSession.withActive(SparkSession.scala:900)
	at org.apache.spark.sql.execution.SQLExecution$.withNewExecutionId(SQLExecution.scala:66)
	at org.apache.spark.sql.execution.QueryExecution$$anonfun$eagerlyExecuteCommands$1.applyOrElse(QueryExecution.scala:107)
	at org.apache.spark.sql.execution.QueryExecution$$anonfun$eagerlyExecuteCommands$1.applyOrElse(QueryExecution.scala:98)
	at org.apache.spark.sql.catalyst.trees.TreeNode.$anonfun$transformDownWithPruning$1(TreeNode.scala:461)
	at org.apache.spark.sql.catalyst.trees.CurrentOrigin$.withOrigin(origin.scala:76)
	at org.apache.spark.sql.catalyst.trees.TreeNode.transformDownWithPruning(TreeNode.scala:461)
	at org.apache.spark.sql.catalyst.plans.logical.LogicalPlan.org$apache$spark$sql$catalyst$plans$logical$AnalysisHelper$$super$transformDownWithPruning(LogicalPlan.scala:32)
	at org.apache.spark.sql.catalyst.plans.logical.AnalysisHelper.transformDownWithPruning(AnalysisHelper.scala:267)
	at org.apache.spark.sql.catalyst.plans.logical.AnalysisHelper.transformDownWithPruning$(AnalysisHelper.scala:263)
	at org.apache.spark.sql.catalyst.plans.logical.LogicalPlan.transformDownWithPruning(LogicalPlan.scala:32)
	at org.apache.spark.sql.catalyst.plans.logical.LogicalPlan.transformDownWithPruning(LogicalPlan.scala:32)
	at org.apache.spark.sql.catalyst.trees.TreeNode.transformDown(TreeNode.scala:437)
	at org.apache.spark.sql.execution.QueryExecution.eagerlyExecuteCommands(QueryExecution.scala:98)
	at org.apache.spark.sql.execution.QueryExecution.commandExecuted$lzycompute(QueryExecution.scala:85)
	at org.apache.spark.sql.execution.QueryExecution.commandExecuted(QueryExecution.scala:83)
	at org.apache.spark.sql.execution.QueryExecution.assertCommandExecuted(QueryExecution.scala:142)
	at org.apache.spark.sql.DataFrameWriter.runCommand(DataFrameWriter.scala:859)
	at org.apache.spark.sql.DataFrameWriter.saveToV1Source(DataFrameWriter.scala:388)
	at org.apache.spark.sql.DataFrameWriter.saveInternal(DataFrameWriter.scala:361)
	at org.apache.spark.sql.DataFrameWriter.save(DataFrameWriter.scala:248)
	at java.base/jdk.internal.reflect.NativeMethodAccessorImpl.invoke0(Native Method)
	at java.base/jdk.internal.reflect.NativeMethodAccessorImpl.invoke(NativeMethodAccessorImpl.java:77)
	at java.base/jdk.internal.reflect.DelegatingMethodAccessorImpl.invoke(DelegatingMethodAccessorImpl.java:43)
	at java.base/java.lang.reflect.Method.invoke(Method.java:568)
	at py4j.reflection.MethodInvoker.invoke(MethodInvoker.java:244)
	at py4j.reflection.ReflectionEngine.invoke(ReflectionEngine.java:374)
	at py4j.Gateway.invoke(Gateway.java:282)
	at py4j.commands.AbstractCommand.invokeMethod(AbstractCommand.java:132)
	at py4j.commands.CallCommand.execute(CallCommand.java:79)
	at py4j.ClientServerConnection.sendCommand(ClientServerConnection.java:244)
	at py4j.CallbackClient.sendCommand(CallbackClient.java:384)
	at py4j.CallbackClient.sendCommand(CallbackClient.java:356)
	at py4j.reflection.PythonProxyHandler.invoke(PythonProxyHandler.java:106)
	at jdk.proxy3/jdk.proxy3.$Proxy30.call(Unknown Source)
	at org.apache.spark.sql.execution.streaming.sources.PythonForeachBatchHelper$.$anonfun$callForeachBatch$1(ForeachBatchSink.scala:53)
	at org.apache.spark.sql.execution.streaming.sources.PythonForeachBatchHelper$.$anonfun$callForeachBatch$1$adapted(ForeachBatchSink.scala:53)
	at org.apache.spark.sql.execution.streaming.sources.ForeachBatchSink.addBatch(ForeachBatchSink.scala:34)
	at org.apache.spark.sql.execution.streaming.MicroBatchExecution.$anonfun$runBatch$17(MicroBatchExecution.scala:732)
	at org.apache.spark.sql.execution.SQLExecution$.$anonfun$withNewExecutionId$6(SQLExecution.scala:125)
	at org.apache.spark.sql.execution.SQLExecution$.withSQLConfPropagated(SQLExecution.scala:201)
	at org.apache.spark.sql.execution.SQLExecution$.$anonfun$withNewExecutionId$1(SQLExecution.scala:108)
	at org.apache.spark.sql.SparkSession.withActive(SparkSession.scala:900)
	at org.apache.spark.sql.execution.SQLExecution$.withNewExecutionId(SQLExecution.scala:66)
	at org.apache.spark.sql.execution.streaming.MicroBatchExecution.$anonfun$runBatch$16(MicroBatchExecution.scala:729)
	at org.apache.spark.sql.execution.streaming.ProgressReporter.reportTimeTaken(ProgressReporter.scala:427)
	at org.apache.spark.sql.execution.streaming.ProgressReporter.reportTimeTaken$(ProgressReporter.scala:425)
	at org.apache.spark.sql.execution.streaming.StreamExecution.reportTimeTaken(StreamExecution.scala:67)
	at org.apache.spark.sql.execution.streaming.MicroBatchExecution.runBatch(MicroBatchExecution.scala:729)
	at org.apache.spark.sql.execution.streaming.MicroBatchExecution.$anonfun$runActivatedStream$2(MicroBatchExecution.scala:286)
	at scala.runtime.java8.JFunction0$mcV$sp.apply(JFunction0$mcV$sp.java:23)
	at org.apache.spark.sql.execution.streaming.ProgressReporter.reportTimeTaken(ProgressReporter.scala:427)
	at org.apache.spark.sql.execution.streaming.ProgressReporter.reportTimeTaken$(ProgressReporter.scala:425)
	at org.apache.spark.sql.execution.streaming.StreamExecution.reportTimeTaken(StreamExecution.scala:67)
	at org.apache.spark.sql.execution.streaming.MicroBatchExecution.$anonfun$runActivatedStream$1(MicroBatchExecution.scala:249)
	at org.apache.spark.sql.execution.streaming.ProcessingTimeExecutor.execute(TriggerExecutor.scala:67)
	at org.apache.spark.sql.execution.streaming.MicroBatchExecution.runActivatedStream(MicroBatchExecution.scala:239)
	at org.apache.spark.sql.execution.streaming.StreamExecution.$anonfun$runStream$1(StreamExecution.scala:311)
	at scala.runtime.java8.JFunction0$mcV$sp.apply(JFunction0$mcV$sp.java:23)
	at org.apache.spark.sql.SparkSession.withActive(SparkSession.scala:900)
	at org.apache.spark.sql.execution.streaming.StreamExecution.org$apache$spark$sql$execution$streaming$StreamExecution$$runStream(StreamExecution.scala:289)
	at org.apache.spark.sql.execution.streaming.StreamExecution$$anon$1.$anonfun$run$1(StreamExecution.scala:211)
	at scala.runtime.java8.JFunction0$mcV$sp.apply(JFunction0$mcV$sp.java:23)
	at org.apache.spark.JobArtifactSet$.withActiveJobArtifactState(JobArtifactSet.scala:94)
	at org.apache.spark.sql.execution.streaming.StreamExecution$$anon$1.run(StreamExecution.scala:211)
Caused by: java.net.UnknownHostException: None
	at java.base/sun.nio.ch.NioSocketImpl.connect(NioSocketImpl.java:572)
	at java.base/java.net.SocksSocketImpl.connect(SocksSocketImpl.java:327)
	at java.base/java.net.Socket.connect(Socket.java:633)
	at org.postgresql.core.PGStream.createSocket(PGStream.java:243)
	at org.postgresql.core.PGStream.<init>(PGStream.java:98)
	at org.postgresql.core.v3.ConnectionFactoryImpl.tryConnect(ConnectionFactoryImpl.java:132)
	at org.postgresql.core.v3.ConnectionFactoryImpl.openConnectionImpl(ConnectionFactoryImpl.java:258)
	... 82 more


	at py4j.Protocol.getReturnValue(Protocol.java:476)
	at py4j.reflection.PythonProxyHandler.invoke(PythonProxyHandler.java:108)
	at jdk.proxy3/jdk.proxy3.$Proxy30.call(Unknown Source)
	at org.apache.spark.sql.execution.streaming.sources.PythonForeachBatchHelper$.$anonfun$callForeachBatch$1(ForeachBatchSink.scala:53)
	at org.apache.spark.sql.execution.streaming.sources.PythonForeachBatchHelper$.$anonfun$callForeachBatch$1$adapted(ForeachBatchSink.scala:53)
	at org.apache.spark.sql.execution.streaming.sources.ForeachBatchSink.addBatch(ForeachBatchSink.scala:34)
	at org.apache.spark.sql.execution.streaming.MicroBatchExecution.$anonfun$runBatch$17(MicroBatchExecution.scala:732)
	at org.apache.spark.sql.execution.SQLExecution$.$anonfun$withNewExecutionId$6(SQLExecution.scala:125)
	at org.apache.spark.sql.execution.SQLExecution$.withSQLConfPropagated(SQLExecution.scala:201)
	at org.apache.spark.sql.execution.SQLExecution$.$anonfun$withNewExecutionId$1(SQLExecution.scala:108)
	at org.apache.spark.sql.SparkSession.withActive(SparkSession.scala:900)
	at org.apache.spark.sql.execution.SQLExecution$.withNewExecutionId(SQLExecution.scala:66)
	at org.apache.spark.sql.execution.streaming.MicroBatchExecution.$anonfun$runBatch$16(MicroBatchExecution.scala:729)
	at org.apache.spark.sql.execution.streaming.ProgressReporter.reportTimeTaken(ProgressReporter.scala:427)
	at org.apache.spark.sql.execution.streaming.ProgressReporter.reportTimeTaken$(ProgressReporter.scala:425)
	at org.apache.spark.sql.execution.streaming.StreamExecution.reportTimeTaken(StreamExecution.scala:67)
	at org.apache.spark.sql.execution.streaming.MicroBatchExecution.runBatch(MicroBatchExecution.scala:729)
	at org.apache.spark.sql.execution.streaming.MicroBatchExecution.$anonfun$runActivatedStream$2(MicroBatchExecution.scala:286)
	at scala.runtime.java8.JFunction0$mcV$sp.apply(JFunction0$mcV$sp.java:23)
	at org.apache.spark.sql.execution.streaming.ProgressReporter.reportTimeTaken(ProgressReporter.scala:427)
	at org.apache.spark.sql.execution.streaming.ProgressReporter.reportTimeTaken$(ProgressReporter.scala:425)
	at org.apache.spark.sql.execution.streaming.StreamExecution.reportTimeTaken(StreamExecution.scala:67)
	at org.apache.spark.sql.execution.streaming.MicroBatchExecution.$anonfun$runActivatedStream$1(MicroBatchExecution.scala:249)
	at org.apache.spark.sql.execution.streaming.ProcessingTimeExecutor.execute(TriggerExecutor.scala:67)
	at org.apache.spark.sql.execution.streaming.MicroBatchExecution.runActivatedStream(MicroBatchExecution.scala:239)
	at org.apache.spark.sql.execution.streaming.StreamExecution.$anonfun$runStream$1(StreamExecution.scala:311)
	at scala.runtime.java8.JFunction0$mcV$sp.apply(JFunction0$mcV$sp.java:23)
	at org.apache.spark.sql.SparkSession.withActive(SparkSession.scala:900)
	at org.apache.spark.sql.execution.streaming.StreamExecution.org$apache$spark$sql$execution$streaming$StreamExecution$$runStream(StreamExecution.scala:289)
	at org.apache.spark.sql.execution.streaming.StreamExecution$$anon$1.$anonfun$run$1(StreamExecution.scala:211)
	at scala.runtime.java8.JFunction0$mcV$sp.apply(JFunction0$mcV$sp.java:23)
	at org.apache.spark.JobArtifactSet$.withActiveJobArtifactState(JobArtifactSet.scala:94)
	at org.apache.spark.sql.execution.streaming.StreamExecution$$anon$1.run(StreamExecution.scala:211)
[2025-02-23T20:27:53.519+0000] {docker.py:413} INFO - 25/02/23 20:27:53 INFO AppInfoParser: App info kafka.admin.client for adminclient-1 unregistered
[2025-02-23T20:27:53.579+0000] {docker.py:413} INFO - 25/02/23 20:27:53 INFO Metrics: Metrics scheduler closed
[2025-02-23T20:27:53.581+0000] {docker.py:413} INFO - 25/02/23 20:27:53 INFO Metrics: Closing reporter org.apache.kafka.common.metrics.JmxReporter
25/02/23 20:27:53 INFO Metrics: Metrics reporters closed
[2025-02-23T20:27:53.584+0000] {docker.py:413} INFO - 25/02/23 20:27:53 INFO MicroBatchExecution: Async log purge executor pool for query [id = 2e8b0819-4260-4595-ba03-61f1e0983ac4, runId = 474586dc-1eec-4823-8775-9c2c54bd715f] has been shutdown
[2025-02-23T20:27:53.970+0000] {docker.py:413} INFO - Traceback (most recent call last):
  File "/opt/bitnami/spark/spark_pgsql.py", line 71, in <module>
    main()
  File "/opt/bitnami/spark/spark_pgsql.py", line 68, in main
    query.awaitTermination()
  File "/opt/bitnami/spark/python/lib/pyspark.zip/pyspark/sql/streaming/query.py", line 221, in awaitTermination
[2025-02-23T20:27:53.976+0000] {docker.py:413} INFO - File "/opt/bitnami/spark/python/lib/py4j-0.10.9.7-src.zip/py4j/java_gateway.py", line 1322, in __call__
[2025-02-23T20:27:53.980+0000] {docker.py:413} INFO - File "/opt/bitnami/spark/python/lib/pyspark.zip/pyspark/errors/exceptions/captured.py", line 185, in deco
[2025-02-23T20:27:53.982+0000] {docker.py:413} INFO - pyspark.errors.exceptions.captured.StreamingQueryException
[2025-02-23T20:27:54.003+0000] {docker.py:413} INFO - : [STREAM_FAILED] Query [id = 2e8b0819-4260-4595-ba03-61f1e0983ac4, runId = 474586dc-1eec-4823-8775-9c2c54bd715f] terminated with exception: An exception was raised by the Python Proxy. Return Message: Traceback (most recent call last):
  File "/opt/bitnami/spark/python/lib/py4j-0.10.9.7-src.zip/py4j/clientserver.py", line 617, in _call_proxy
    return_value = getattr(self.pool[obj_id], method)(*params)
                   ^^^^^^^^^^^^^^^^^^^^^^^^^^^^^^^^^^^^^^^^^^^
  File "/opt/bitnami/spark/python/lib/pyspark.zip/pyspark/sql/utils.py", line 120, in call
    raise e
  File "/opt/bitnami/spark/python/lib/pyspark.zip/pyspark/sql/utils.py", line 117, in call
    self.func(DataFrame(jdf, wrapped_session_jdf), batch_id)
  File "/opt/bitnami/spark/spark_pgsql.py", line 54, in write_to_postgres
    .save()
     ^^^^^^
  File "/opt/bitnami/spark/python/lib/pyspark.zip/pyspark/sql/readwriter.py", line 1461, in save
    self._jwrite.save()
  File "/opt/bitnami/spark/python/lib/py4j-0.10.9.7-src.zip/py4j/java_gateway.p
[2025-02-23T20:27:54.005+0000] {docker.py:413} INFO - y", line 1322, in __call__
    return_value = get_return_value(
                   ^^^^^^^^^^^^^^^^^
  File "/opt/bitnami/spark/python/lib/pyspark.zip/pyspark/errors/exceptions/captured.py", line 179, in deco
    return f(*a, **kw)
           ^^^^^^^^^^^
  File "/opt/bitnami/spark/python/lib/py4j-0.10.9.7-src.zip/py4j/protocol.py", line 326, in get_return_value
    raise Py4JJavaError(
py4j.protocol.Py4JJavaError: An error occurred while calling o65.save.
: org.postgresql.util.PSQLException: The connection attempt failed.
	at org.postgresql.core.v3.ConnectionFactoryImpl.openConnectionImpl(ConnectionFactoryImpl.java:354)
	at org.postgresql.core.ConnectionFactory.openConnection(ConnectionFactory.java:54)
	at org.postgresql.jdbc.PgConnection.<init>(PgConnection.java:253)
	at org.postgresql.Driver.makeConnection(Driver.java:434)
	at org.postgresql.Driver.connect(Driver.java:291)
	at org.apache.spark.sql.execution.datasources.jdbc.connection.BasicConnectionProvider.getConnection(BasicConnectionProvider.scala:49)
[2025-02-23T20:27:54.008+0000] {docker.py:413} INFO - at org.apache.spark.sql.execution.datasources.jdbc.connection.ConnectionProviderBase.create(ConnectionProvider.scala:102)
	at org.apache.spark.sql.jdbc.JdbcDialect.$anonfun$createConnectionFactory$1(JdbcDialects.scala:160)
	at org.apache.spark.sql.jdbc.JdbcDialect.$anonfun$createConnectionFactory$1$adapted(JdbcDialects.scala:156)
	at org.apache.spark.sql.execution.datasources.jdbc.JdbcRelationProvider.createRelation(JdbcRelationProvider.scala:50)
	at org.apache.spark.sql.execution.datasources.SaveIntoDataSourceCommand.run(SaveIntoDataSourceCommand.scala:48)
	at org.apache.spark.sql.execution.command.ExecutedCommandExec.sideEffectResult$lzycompute(commands.scala:75)
	at org.apache.spark.sql.execution.command.ExecutedCommandExec.sideEffectResult(commands.scala:73)
	at org.apache.spark.sql.execution.command.ExecutedCommandExec.executeCollect(commands.scala:84)
	at org.apache.spark.sql.execution.QueryExecution$$anonfun$eagerlyExecuteCommands$1.$anonfun$applyOrElse$1(QueryExecution.scala:107)
	at org.apache.spark.
[2025-02-23T20:27:54.012+0000] {docker.py:413} INFO - sql.execution.SQLExecution$.$anonfun$withNewExecutionId$6(SQLExecution.scala:125)
	at org.apache.spark.sql.execution.SQLExecution$.withSQLConfPropagated(SQLExecution.scala:201)
	at org.apache.spark.sql.execution.SQLExecution$.$anonfun$withNewExecutionId$1(SQLExecution.scala:108)
	at org.apache.spark.sql.SparkSession.withActive(SparkSession.scala:900)
	at org.apache.spark.sql.execution.SQLExecution$.withNewExecutionId(SQLExecution.scala:66)
	at org.apache.spark.sql.execution.QueryExecution$$anonfun$eagerlyExecuteCommands$1.applyOrElse(QueryExecution.scala:107)
	at org.apache.spark.sql.execution.QueryExecution$$anonfun$eagerlyExecuteCommands$1.applyOrElse(QueryExecution.scala:98)
	at org.apache.spark.sql.catalyst.trees.TreeNode.$anonfun$transformDownWithPruning$1(TreeNode.scala:461)
	at org.apache.spark.sql.catalyst.trees.CurrentOrigin$.withOrigin(origin.scala:76)
	at org.apache.spark.sql.catalyst.trees.TreeNode.transformDownWithPruning(TreeNode.scala:461)
	at org.apache.spark.sql.catalyst.plans.logical.Logical
[2025-02-23T20:27:54.015+0000] {docker.py:413} INFO - Plan.org$apache$spark$sql$catalyst$plans$logical$AnalysisHelper$$super$transformDownWithPruning(LogicalPlan.scala:32)
	at org.apache.spark.sql.catalyst.plans.logical.AnalysisHelper.transformDownWithPruning(AnalysisHelper.scala:267)
	at org.apache.spark.sql.catalyst.plans.logical.AnalysisHelper.transformDownWithPruning$(AnalysisHelper.scala:263)
	at org.apache.spark.sql.catalyst.plans.logical.LogicalPlan.transformDownWithPruning(LogicalPlan.scala:32)
	at org.apache.spark.sql.catalyst.plans.logical.LogicalPlan.transformDownWithPruning(LogicalPlan.scala:32)
	at org.apache.spark.sql.catalyst.trees.TreeNode.transformDown(TreeNode.scala:437)
	at org.apache.spark.sql.execution.QueryExecution.eagerlyExecuteCommands(QueryExecution.scala:98)
	at org.apache.spark.sql.execution.QueryExecution.commandExecuted$lzycompute(QueryExecution.scala:85)
	at org.apache.spark.sql.execution.QueryExecution.commandExecuted(QueryExecution.scala:83)
	at org.apache.spark.sql.execution.QueryExecution.assertCommandExecuted(QueryExecution.scala:142)
	at org.apache.spark.sql.DataFrameWriter.runCommand(DataFrameWriter.scala:859)
	at org.apache.spark.sql.DataFrameWriter.saveToV1Source(DataFrameWriter.scala:388)
	at org.apache.spark.sql.DataFrameWriter.saveInternal(DataFrameWriter.scala:361)
	at org.apache.spark.sql.DataFrameWriter.save(DataFrameWriter.scala:248)
	at java.base/jdk.internal.reflect.NativeMethodAccessorImpl.invoke0(Native Method)
	at java.base/jdk.internal.reflect.NativeMethodAccessorImpl.invoke(NativeMethodAccessorImpl.java:77)
	at java.base/jdk.internal.reflect.DelegatingMethodAccessorImpl.invoke(DelegatingMethodAccessorImpl.java:43)
	at java.base/java.lang.reflect.Method.invoke(Method.java:568)
	at py4j.reflection.MethodInvoker.invoke(MethodInvoker.java:244)
	at py4j.reflection.ReflectionEngine.invoke(ReflectionEngine.java:374)
	at py4j.Gateway.invoke(Gateway.java:282)
	at py4j.commands.AbstractCommand.invokeMethod(AbstractCommand.java:132)
	at py4j.commands.CallCommand.execute(CallCommand.java:79)
	at py4j.ClientServerConnection.sendCommand(ClientServerConnection.java:244)
	at py4j.CallbackClient.sendCommand(CallbackClient.java:384)
	at py4j.CallbackClient.sendCommand(CallbackClient.java:356)
	at py4j.reflection.PythonProxyHandler.invoke(PythonProxyHandler.java:106)
	at jdk.proxy3/jdk.proxy3.$Proxy30.call(Unknown Source)
	at org.apache.spark.sql.execution.streaming.sources.PythonForeachBatchHelper$.$anonfun$callForeachBatch$1(ForeachBatchSink.scala:53)
	at org.apache.spark.sql.execution.streaming.sources.PythonForeachBatchHelper$.$anonfun$callForeachBatch$1$adapted(ForeachBatchSink.scala:53)
	at org.apache.spark.sql.execution.streaming.sources.ForeachBatchSink.addBatch(ForeachBatchSink.scala:34)
	at org.apache.spark.sql.execution.streaming.MicroBatchExecution.$anonfun$runBatch$17(MicroBatchExecution.scala:732)
	at org.apache.spark.sql.execution.SQLExecution$.$anonfun$withNewExecutionId$6(SQLExecution.scala:125)
	at org.apache.spark.sql.execution.SQLExecution$.withSQLConfPropagated(SQLExecution.scala:201)
	at org.apache.spark.sql.execution.SQLExecution$.$anonfun$withNewExecutionId$1(SQLExecution.scala:108)
	at org.apache.spark.sql.SparkSession.withActive(SparkSession.scala:900)
	at org.apache.spark.sql.execution.SQLExecution$.withNewExecutionId(SQLExecution.scala:66)
	at org.apache.spark.sql.execution.streaming.MicroBatchExecution.$anonfun$runBatch$16(MicroBatchExecution.scala:729)
	at org.apache.spark.sql.execution.streaming.ProgressReporter.reportTimeTaken(ProgressReporter.scala:427)
	at org.apache.spark.sql.execution.streaming.ProgressReporter.reportTimeTaken$(ProgressReporter.scala:425)
	at org.apache.spark.sql.execution.streaming.StreamExecution.reportTimeTaken(StreamExecution.scala:67)
	at org.apache.spark.sql.execution.streaming.MicroBatchExecution.runBatch(MicroBatchExecution.scala:729)
	at org.apache.spark.sql.execution.streaming.MicroBatchExecution.$anonfun$runActivatedStream$2(MicroBatchExecution.scala:286)
	at scala.runtime.java8.JFunction0$mcV$sp.apply(JFunction0$mcV$sp.java:23)
	at org.apache.spark.sql.execution.streaming.ProgressReporter.reportTimeTaken(ProgressReporter.scala:427)
	at org.apache.spark.sql.execution.streaming.ProgressReporter.reportTimeTaken$(ProgressReporter.scala:425)
	at org.apache.spark.sql.execution.streaming.StreamExecution.reportTimeTaken(StreamExecution.scala:67)
	at org.apache.spark.sql.execution.streaming.MicroBatchExecution.$anonfun$runActivatedStream$1(MicroBatchExecution.scala:249)
	at org.apache.spark.sql.execution.streaming.ProcessingTimeExecutor.execute(TriggerExecutor.scala:67)
	at org.apache.spark.sql.execution.streaming.MicroBatchExecution.runActivatedStream(MicroBatchExecution.scala:239)
	at org.apache.spark.sql.execution.streaming.StreamExecution.$anonfun$runStream$1(StreamExecution.scala:311)
	at scala.runtime.java8.JFunction0$mcV$sp.apply(JFunction0$mcV$sp.java:23)
	at org.apache.spark.sql.SparkSession.withActive(SparkSession.scala:900)
	at org.apache.spark.sql.execution.streaming.StreamExecution.org$apache$spark$sql$execution$streaming$StreamExecution$$runStream(StreamExecution.scala:289)
	at org.apache.spark.sql.execution.streaming.StreamExecution$$anon$1.$anonfun$run$1(StreamExecution.scala:211)
	at scala.runtime.java8.JFunction0$mcV$sp.apply(JFunction0$mcV$sp.java:23)
	at org.apache.spark.JobArtifactSet$.withActiveJobArtifactState(JobArtifactSet.scala:94)
	at org.apache.spark.sql.execution.streaming.StreamExecution$$anon$1.run(StreamExecution.scala:211)
Caused by: java.net.UnknownHostException: None
	at java.base/sun.nio.ch.NioSocketImpl.connect(NioSocketImpl.java:572)
	at java.base/java.net.SocksSocketImpl.connect(SocksSocketImpl.java:327)
	at java.base/java.net.Socket.connect(Socket.java:633)
	at org.postgresql.core.PGStream.createSocket(PGStream.java:243)
	at org.postgresql.core.PGStream.<init>(PGStream.java:98)
	at org.postgresql.core.v3.ConnectionFactoryImpl.tryConnect(ConnectionFactoryImpl.java:132)
	at org.postgresql.core.v3.ConnectionFactoryImpl.openConnectionImpl(ConnectionFactoryImpl.java:258)
	... 82 more
[2025-02-23T20:27:54.218+0000] {docker.py:413} INFO - 25/02/23 20:27:54 INFO SparkContext: Invoking stop() from shutdown hook
[2025-02-23T20:27:54.224+0000] {docker.py:413} INFO - 25/02/23 20:27:54 INFO SparkContext: SparkContext is stopping with exitCode 0.
[2025-02-23T20:27:54.320+0000] {docker.py:413} INFO - 25/02/23 20:27:54 INFO SparkUI: Stopped Spark web UI at http://localhost:4040
[2025-02-23T20:27:54.413+0000] {docker.py:413} INFO - 25/02/23 20:27:54 INFO MapOutputTrackerMasterEndpoint: MapOutputTrackerMasterEndpoint stopped!
[2025-02-23T20:27:54.484+0000] {docker.py:413} INFO - 25/02/23 20:27:54 INFO MemoryStore: MemoryStore cleared
[2025-02-23T20:27:54.486+0000] {docker.py:413} INFO - 25/02/23 20:27:54 INFO BlockManager: BlockManager stopped
[2025-02-23T20:27:54.555+0000] {docker.py:413} INFO - 25/02/23 20:27:54 INFO BlockManagerMaster: BlockManagerMaster stopped
[2025-02-23T20:27:54.587+0000] {docker.py:413} INFO - 25/02/23 20:27:54 INFO OutputCommitCoordinator$OutputCommitCoordinatorEndpoint: OutputCommitCoordinator stopped!
[2025-02-23T20:27:54.647+0000] {docker.py:413} INFO - 25/02/23 20:27:54 INFO SparkContext: Successfully stopped SparkContext
[2025-02-23T20:27:54.651+0000] {docker.py:413} INFO - 25/02/23 20:27:54 INFO ShutdownHookManager: Shutdown hook called
[2025-02-23T20:27:54.655+0000] {docker.py:413} INFO - 25/02/23 20:27:54 INFO ShutdownHookManager: Deleting directory /tmp/temporary-546f2bb6-5988-40c4-8c11-7eeb9b123da6
[2025-02-23T20:27:54.666+0000] {docker.py:413} INFO - 25/02/23 20:27:54 INFO ShutdownHookManager: Deleting directory /tmp/spark-7db1e10f-b68b-40fc-b2d9-ace37d7700ea
[2025-02-23T20:27:54.680+0000] {docker.py:413} INFO - 25/02/23 20:27:54 INFO ShutdownHookManager: Deleting directory /tmp/spark-ef144f16-8195-4566-bcde-c288bbc3ff66/pyspark-283fd72c-789c-4c47-b6fa-5e46fc21fdc6
[2025-02-23T20:27:54.713+0000] {docker.py:413} INFO - 25/02/23 20:27:54 INFO ShutdownHookManager: Deleting directory /tmp/spark-ef144f16-8195-4566-bcde-c288bbc3ff66
[2025-02-23T20:27:55.418+0000] {taskinstance.py:1937} ERROR - Task failed with exception
Traceback (most recent call last):
  File "/home/airflow/.local/lib/python3.8/site-packages/airflow/providers/docker/operators/docker.py", line 486, in execute
    return self._run_image()
  File "/home/airflow/.local/lib/python3.8/site-packages/airflow/providers/docker/operators/docker.py", line 360, in _run_image
    return self._run_image_with_mounts(self.mounts, add_tmp_variable=False)
  File "/home/airflow/.local/lib/python3.8/site-packages/airflow/providers/docker/operators/docker.py", line 421, in _run_image_with_mounts
    raise DockerContainerFailedException(f"Docker container failed: {result!r}", logs=log_lines)
airflow.providers.docker.exceptions.DockerContainerFailedException: Docker container failed: {'StatusCode': 1}
[2025-02-23T20:27:55.428+0000] {taskinstance.py:1400} INFO - Marking task as FAILED. dag_id=kafka_spark_dag, task_id=pyspark_consumer, execution_date=20250223T202351, start_date=20250223T202622, end_date=20250223T202755
[2025-02-23T20:27:55.461+0000] {standard_task_runner.py:104} ERROR - Failed to execute job 88 for task pyspark_consumer (Docker container failed: {'StatusCode': 1}; 2540)
[2025-02-23T20:27:55.480+0000] {local_task_job_runner.py:228} INFO - Task exited with return code 1
[2025-02-23T20:27:55.523+0000] {taskinstance.py:2778} INFO - 0 downstream tasks scheduled from follow-on schedule check
