[2025-02-23T20:24:15.674+0000] {taskinstance.py:1159} INFO - Dependencies all met for dep_context=non-requeueable deps ti=<TaskInstance: kafka_spark_dag.pyspark_consumer manual__2025-02-23T20:23:51.799311+00:00 [queued]>
[2025-02-23T20:24:15.715+0000] {taskinstance.py:1159} INFO - Dependencies all met for dep_context=requeueable deps ti=<TaskInstance: kafka_spark_dag.pyspark_consumer manual__2025-02-23T20:23:51.799311+00:00 [queued]>
[2025-02-23T20:24:15.718+0000] {taskinstance.py:1361} INFO - Starting attempt 1 of 2
[2025-02-23T20:24:15.784+0000] {taskinstance.py:1382} INFO - Executing <Task(DockerOperator): pyspark_consumer> on 2025-02-23 20:23:51.799311+00:00
[2025-02-23T20:24:15.813+0000] {standard_task_runner.py:57} INFO - Started process 1518 to run task
[2025-02-23T20:24:15.835+0000] {standard_task_runner.py:84} INFO - Running: ['airflow', 'tasks', 'run', 'kafka_spark_dag', 'pyspark_consumer', 'manual__2025-02-23T20:23:51.799311+00:00', '--job-id', '87', '--raw', '--subdir', 'DAGS_FOLDER/dag_kafka_spark.py', '--cfg-path', '/tmp/tmpw46dfbx9']
[2025-02-23T20:24:15.843+0000] {standard_task_runner.py:85} INFO - Job 87: Subtask pyspark_consumer
[2025-02-23T20:24:16.142+0000] {task_command.py:416} INFO - Running <TaskInstance: kafka_spark_dag.pyspark_consumer manual__2025-02-23T20:23:51.799311+00:00 [running]> on host ee299acebfe2
[2025-02-23T20:24:16.508+0000] {taskinstance.py:1662} INFO - Exporting env vars: AIRFLOW_CTX_DAG_OWNER='airflow' AIRFLOW_CTX_DAG_ID='kafka_spark_dag' AIRFLOW_CTX_TASK_ID='pyspark_consumer' AIRFLOW_CTX_EXECUTION_DATE='2025-02-23T20:23:51.799311+00:00' AIRFLOW_CTX_TRY_NUMBER='1' AIRFLOW_CTX_DAG_RUN_ID='manual__2025-02-23T20:23:51.799311+00:00'
[2025-02-23T20:24:16.642+0000] {docker.py:343} INFO - Starting docker container from image Mohamed/spark:latest
[2025-02-23T20:24:18.183+0000] {docker.py:413} INFO - [38;5;6mspark [38;5;5m20:24:18.14 [0m[38;5;2mINFO [0m ==>
[2025-02-23T20:24:18.191+0000] {docker.py:413} INFO - [38;5;6mspark [38;5;5m20:24:18.18 [0m[38;5;2mINFO [0m ==> [1mWelcome to the Bitnami spark container[0m
[2025-02-23T20:24:18.204+0000] {docker.py:413} INFO - [38;5;6mspark [38;5;5m20:24:18.19 [0m[38;5;2mINFO [0m ==> Subscribe to project updates by watching [1mhttps://github.com/bitnami/containers[0m
[2025-02-23T20:24:18.218+0000] {docker.py:413} INFO - [38;5;6mspark [38;5;5m20:24:18.20 [0m[38;5;2mINFO [0m ==> Submit issues and feature requests at [1mhttps://github.com/bitnami/containers/issues[0m
[2025-02-23T20:24:18.237+0000] {docker.py:413} INFO - [38;5;6mspark [38;5;5m20:24:18.21 [0m[38;5;2mINFO [0m ==>
[2025-02-23T20:24:18.282+0000] {docker.py:413} INFO - 
[2025-02-23T20:24:33.278+0000] {docker.py:413} INFO - :: loading settings :: url = jar:file:/opt/bitnami/spark/jars/ivy-2.5.1.jar!/org/apache/ivy/core/settings/ivysettings.xml
[2025-02-23T20:24:33.591+0000] {docker.py:413} INFO - Ivy Default Cache set to: /opt/bitnami/spark/.ivy2/cache
The jars for the packages stored in: /opt/bitnami/spark/.ivy2/jars
[2025-02-23T20:24:33.611+0000] {docker.py:413} INFO - org.postgresql#postgresql added as a dependency
org.apache.spark#spark-sql-kafka-0-10_2.12 added as a dependency
[2025-02-23T20:24:33.616+0000] {docker.py:413} INFO - :: resolving dependencies :: org.apache.spark#spark-submit-parent-b24638e7-8404-4985-b12c-c4cee2f5c8d5;1.0
	confs: [default]
[2025-02-23T20:24:35.882+0000] {docker.py:413} INFO - found org.postgresql#postgresql;42.5.4 in central
[2025-02-23T20:24:36.077+0000] {docker.py:413} INFO - found org.checkerframework#checker-qual;3.5.0 in central
[2025-02-23T20:24:39.064+0000] {docker.py:413} INFO - found org.apache.spark#spark-sql-kafka-0-10_2.12;3.5.0 in central
[2025-02-23T20:24:40.327+0000] {docker.py:413} INFO - found org.apache.spark#spark-token-provider-kafka-0-10_2.12;3.5.0 in central
[2025-02-23T20:24:40.550+0000] {docker.py:413} INFO - found org.apache.kafka#kafka-clients;3.4.1 in central
[2025-02-23T20:24:40.946+0000] {docker.py:413} INFO - found org.lz4#lz4-java;1.8.0 in central
[2025-02-23T20:24:41.145+0000] {docker.py:413} INFO - found org.xerial.snappy#snappy-java;1.1.10.3 in central
[2025-02-23T20:24:42.337+0000] {docker.py:413} INFO - found org.slf4j#slf4j-api;2.0.7 in central
[2025-02-23T20:24:44.421+0000] {docker.py:413} INFO - found org.apache.hadoop#hadoop-client-runtime;3.3.4 in central
[2025-02-23T20:24:45.016+0000] {docker.py:413} INFO - found org.apache.hadoop#hadoop-client-api;3.3.4 in central
[2025-02-23T20:24:47.030+0000] {docker.py:413} INFO - found commons-logging#commons-logging;1.1.3 in central
[2025-02-23T20:24:47.303+0000] {docker.py:413} INFO - found com.google.code.findbugs#jsr305;3.0.0 in central
[2025-02-23T20:24:49.749+0000] {docker.py:413} INFO - found org.apache.commons#commons-pool2;2.11.1 in central
[2025-02-23T20:24:49.916+0000] {docker.py:413} INFO - downloading https://repo1.maven.org/maven2/org/postgresql/postgresql/42.5.4/postgresql-42.5.4.jar ...
[2025-02-23T20:24:50.335+0000] {docker.py:413} INFO - [SUCCESSFUL ] org.postgresql#postgresql;42.5.4!postgresql.jar (474ms)
[2025-02-23T20:24:50.405+0000] {docker.py:413} INFO - downloading https://repo1.maven.org/maven2/org/apache/spark/spark-sql-kafka-0-10_2.12/3.5.0/spark-sql-kafka-0-10_2.12-3.5.0.jar ...
[2025-02-23T20:24:50.580+0000] {docker.py:413} INFO - [SUCCESSFUL ] org.apache.spark#spark-sql-kafka-0-10_2.12;3.5.0!spark-sql-kafka-0-10_2.12.jar (236ms)
[2025-02-23T20:24:50.642+0000] {docker.py:413} INFO - downloading https://repo1.maven.org/maven2/org/checkerframework/checker-qual/3.5.0/checker-qual-3.5.0.jar ...
[2025-02-23T20:24:50.772+0000] {docker.py:413} INFO - [SUCCESSFUL ] org.checkerframework#checker-qual;3.5.0!checker-qual.jar (187ms)
[2025-02-23T20:24:50.841+0000] {docker.py:413} INFO - downloading https://repo1.maven.org/maven2/org/apache/spark/spark-token-provider-kafka-0-10_2.12/3.5.0/spark-token-provider-kafka-0-10_2.12-3.5.0.jar ...
[2025-02-23T20:24:50.924+0000] {docker.py:413} INFO - [SUCCESSFUL ] org.apache.spark#spark-token-provider-kafka-0-10_2.12;3.5.0!spark-token-provider-kafka-0-10_2.12.jar (147ms)
[2025-02-23T20:24:51.004+0000] {docker.py:413} INFO - downloading https://repo1.maven.org/maven2/org/apache/kafka/kafka-clients/3.4.1/kafka-clients-3.4.1.jar ...
[2025-02-23T20:24:52.436+0000] {docker.py:413} INFO - [SUCCESSFUL ] org.apache.kafka#kafka-clients;3.4.1!kafka-clients.jar (1490ms)
[2025-02-23T20:24:52.498+0000] {docker.py:413} INFO - downloading https://repo1.maven.org/maven2/com/google/code/findbugs/jsr305/3.0.0/jsr305-3.0.0.jar ...
[2025-02-23T20:24:52.560+0000] {docker.py:413} INFO - [SUCCESSFUL ] com.google.code.findbugs#jsr305;3.0.0!jsr305.jar (122ms)
[2025-02-23T20:24:52.616+0000] {docker.py:413} INFO - downloading https://repo1.maven.org/maven2/org/apache/commons/commons-pool2/2.11.1/commons-pool2-2.11.1.jar ...
[2025-02-23T20:24:52.708+0000] {docker.py:413} INFO - [SUCCESSFUL ] org.apache.commons#commons-pool2;2.11.1!commons-pool2.jar (147ms)
[2025-02-23T20:24:52.770+0000] {docker.py:413} INFO - downloading https://repo1.maven.org/maven2/org/apache/hadoop/hadoop-client-runtime/3.3.4/hadoop-client-runtime-3.3.4.jar ...
[2025-02-23T20:25:03.661+0000] {docker.py:413} INFO - [SUCCESSFUL ] org.apache.hadoop#hadoop-client-runtime;3.3.4!hadoop-client-runtime.jar (10941ms)
[2025-02-23T20:25:03.720+0000] {docker.py:413} INFO - downloading https://repo1.maven.org/maven2/org/lz4/lz4-java/1.8.0/lz4-java-1.8.0.jar ...
[2025-02-23T20:25:04.022+0000] {docker.py:413} INFO - [SUCCESSFUL ] org.lz4#lz4-java;1.8.0!lz4-java.jar (359ms)
[2025-02-23T20:25:04.083+0000] {docker.py:413} INFO - downloading https://repo1.maven.org/maven2/org/xerial/snappy/snappy-java/1.1.10.3/snappy-java-1.1.10.3.jar ...
[2025-02-23T20:25:04.916+0000] {docker.py:413} INFO - [SUCCESSFUL ] org.xerial.snappy#snappy-java;1.1.10.3!snappy-java.jar(bundle) (887ms)
[2025-02-23T20:25:05.014+0000] {docker.py:413} INFO - downloading https://repo1.maven.org/maven2/org/slf4j/slf4j-api/2.0.7/slf4j-api-2.0.7.jar ...
[2025-02-23T20:25:05.101+0000] {docker.py:413} INFO - [SUCCESSFUL ] org.slf4j#slf4j-api;2.0.7!slf4j-api.jar (160ms)
[2025-02-23T20:25:05.159+0000] {docker.py:413} INFO - downloading https://repo1.maven.org/maven2/org/apache/hadoop/hadoop-client-api/3.3.4/hadoop-client-api-3.3.4.jar ...
[2025-02-23T20:25:11.132+0000] {docker.py:413} INFO - [SUCCESSFUL ] org.apache.hadoop#hadoop-client-api;3.3.4!hadoop-client-api.jar (6026ms)
[2025-02-23T20:25:11.204+0000] {docker.py:413} INFO - downloading https://repo1.maven.org/maven2/commons-logging/commons-logging/1.1.3/commons-logging-1.1.3.jar ...
[2025-02-23T20:25:11.286+0000] {docker.py:413} INFO - [SUCCESSFUL ] commons-logging#commons-logging;1.1.3!commons-logging.jar (146ms)
[2025-02-23T20:25:11.287+0000] {docker.py:413} INFO - :: resolution report :: resolve 16237ms :: artifacts dl 21431ms
[2025-02-23T20:25:11.288+0000] {docker.py:413} INFO - :: modules in use:
[2025-02-23T20:25:11.289+0000] {docker.py:413} INFO - com.google.code.findbugs#jsr305;3.0.0 from central in [default]
[2025-02-23T20:25:11.289+0000] {docker.py:413} INFO - commons-logging#commons-logging;1.1.3 from central in [default]
	org.apache.commons#commons-pool2;2.11.1 from central in [default]
	org.apache.hadoop#hadoop-client-api;3.3.4 from central in [default]
	org.apache.hadoop#hadoop-client-runtime;3.3.4 from central in [default]
	org.apache.kafka#kafka-clients;3.4.1 from central in [default]
	org.apache.spark#spark-sql-kafka-0-10_2.12;3.5.0 from central in [default]
	org.apache.spark#spark-token-provider-kafka-0-10_2.12;3.5.0 from central in [default]
	org.checkerframework#checker-qual;3.5.0 from central in [default]
	org.lz4#lz4-java;1.8.0 from central in [default]
	org.postgresql#postgresql;42.5.4 from central in [default]
	org.slf4j#slf4j-api;2.0.7 from central in [default]
	org.xerial.snappy#snappy-java;1.1.10.3 from central in [default]
	---------------------------------------------------------------------
	|                  |            modules            ||   artifacts   |
	|       conf       | number| search|dwnlded|evicted|| number|dwnlded|
	---------------------------------------------------------------------
[2025-02-23T20:25:11.294+0000] {docker.py:413} INFO - |      default     |   13  |   13  |   13  |   0   ||   13  |   13  |
	---------------------------------------------------------------------
[2025-02-23T20:25:11.312+0000] {docker.py:413} INFO - :: retrieving :: org.apache.spark#spark-submit-parent-b24638e7-8404-4985-b12c-c4cee2f5c8d5
[2025-02-23T20:25:11.315+0000] {docker.py:413} INFO - confs: [default]
[2025-02-23T20:25:11.863+0000] {docker.py:413} INFO - 13 artifacts copied, 0 already retrieved (58001kB/549ms)
[2025-02-23T20:25:12.858+0000] {docker.py:413} INFO - 25/02/23 20:25:12 WARN NativeCodeLoader: Unable to load native-hadoop library for your platform... using builtin-java classes where applicable
[2025-02-23T20:25:17.721+0000] {docker.py:413} INFO - Loaded Kafka Config - BOOTSTRAP_SERVERS: kafka:9092, TOPIC: online_retail
Loaded PostgreSQL Config - POSTGRES_USER: PG_user, POSTGRES_HOST: None
[2025-02-23T20:25:18.391+0000] {docker.py:413} INFO - 25/02/23 20:25:18 INFO SparkContext: Running Spark version 3.5.0
[2025-02-23T20:25:18.407+0000] {docker.py:413} INFO - 25/02/23 20:25:18 INFO SparkContext: OS info Linux, 6.8.0-52-generic, amd64
[2025-02-23T20:25:18.410+0000] {docker.py:413} INFO - 25/02/23 20:25:18 INFO SparkContext: Java version 17.0.10
[2025-02-23T20:25:18.571+0000] {docker.py:413} INFO - 25/02/23 20:25:18 INFO ResourceUtils: ==============================================================
[2025-02-23T20:25:18.573+0000] {docker.py:413} INFO - 25/02/23 20:25:18 INFO ResourceUtils: No custom resources configured for spark.driver.
25/02/23 20:25:18 INFO ResourceUtils: ==============================================================
[2025-02-23T20:25:18.575+0000] {docker.py:413} INFO - 25/02/23 20:25:18 INFO SparkContext: Submitted application: SalesDataPipeline
[2025-02-23T20:25:18.675+0000] {docker.py:413} INFO - 25/02/23 20:25:18 INFO ResourceProfile: Default ResourceProfile created, executor resources: Map(cores -> name: cores, amount: 1, script: , vendor: , memory -> name: memory, amount: 1024, script: , vendor: , offHeap -> name: offHeap, amount: 0, script: , vendor: ), task resources: Map(cpus -> name: cpus, amount: 1.0)
[2025-02-23T20:25:18.712+0000] {docker.py:413} INFO - 25/02/23 20:25:18 INFO ResourceProfile: Limiting resource is cpu
[2025-02-23T20:25:18.718+0000] {docker.py:413} INFO - 25/02/23 20:25:18 INFO ResourceProfileManager: Added ResourceProfile id: 0
[2025-02-23T20:25:19.214+0000] {docker.py:413} INFO - 25/02/23 20:25:19 INFO SecurityManager: Changing view acls to: spark
[2025-02-23T20:25:19.218+0000] {docker.py:413} INFO - 25/02/23 20:25:19 INFO SecurityManager: Changing modify acls to: spark
[2025-02-23T20:25:19.219+0000] {docker.py:413} INFO - 25/02/23 20:25:19 INFO SecurityManager: Changing view acls groups to:
[2025-02-23T20:25:19.221+0000] {docker.py:413} INFO - 25/02/23 20:25:19 INFO SecurityManager: Changing modify acls groups to:
[2025-02-23T20:25:19.222+0000] {docker.py:413} INFO - 25/02/23 20:25:19 INFO SecurityManager: SecurityManager: authentication disabled; ui acls disabled; users with view permissions: spark; groups with view permissions: EMPTY; users with modify permissions: spark; groups with modify permissions: EMPTY
[2025-02-23T20:25:22.263+0000] {docker.py:413} INFO - 25/02/23 20:25:22 INFO Utils: Successfully started service 'sparkDriver' on port 36911.
[2025-02-23T20:25:22.822+0000] {docker.py:413} INFO - 25/02/23 20:25:22 INFO SparkEnv: Registering MapOutputTracker
[2025-02-23T20:25:23.235+0000] {docker.py:413} INFO - 25/02/23 20:25:23 INFO SparkEnv: Registering BlockManagerMaster
[2025-02-23T20:25:23.372+0000] {docker.py:413} INFO - 25/02/23 20:25:23 INFO BlockManagerMasterEndpoint: Using org.apache.spark.storage.DefaultTopologyMapper for getting topology information
[2025-02-23T20:25:23.378+0000] {docker.py:413} INFO - 25/02/23 20:25:23 INFO BlockManagerMasterEndpoint: BlockManagerMasterEndpoint up
[2025-02-23T20:25:23.435+0000] {docker.py:413} INFO - 25/02/23 20:25:23 INFO SparkEnv: Registering BlockManagerMasterHeartbeat
[2025-02-23T20:25:23.645+0000] {docker.py:413} INFO - 25/02/23 20:25:23 INFO DiskBlockManager: Created local directory at /tmp/blockmgr-05fe63c2-6e7d-407f-9a76-05ac9b05f8d9
[2025-02-23T20:25:23.733+0000] {docker.py:413} INFO - 25/02/23 20:25:23 INFO MemoryStore: MemoryStore started with capacity 434.4 MiB
[2025-02-23T20:25:23.886+0000] {docker.py:413} INFO - 25/02/23 20:25:23 INFO SparkEnv: Registering OutputCommitCoordinator
[2025-02-23T20:25:25.940+0000] {docker.py:413} INFO - 25/02/23 20:25:25 INFO JettyUtils: Start Jetty 0.0.0.0:4040 for SparkUI
[2025-02-23T20:25:26.768+0000] {docker.py:413} INFO - 25/02/23 20:25:26 INFO Utils: Successfully started service 'SparkUI' on port 4040.
[2025-02-23T20:25:27.074+0000] {docker.py:413} INFO - 25/02/23 20:25:27 INFO SparkContext: Added JAR file:///opt/bitnami/spark/.ivy2/jars/org.postgresql_postgresql-42.5.4.jar at spark://localhost:36911/jars/org.postgresql_postgresql-42.5.4.jar with timestamp 1740342318341
[2025-02-23T20:25:27.081+0000] {docker.py:413} INFO - 25/02/23 20:25:27 INFO SparkContext: Added JAR file:///opt/bitnami/spark/.ivy2/jars/org.apache.spark_spark-sql-kafka-0-10_2.12-3.5.0.jar at spark://localhost:36911/jars/org.apache.spark_spark-sql-kafka-0-10_2.12-3.5.0.jar with timestamp 1740342318341
[2025-02-23T20:25:27.086+0000] {docker.py:413} INFO - 25/02/23 20:25:27 INFO SparkContext: Added JAR file:///opt/bitnami/spark/.ivy2/jars/org.checkerframework_checker-qual-3.5.0.jar at spark://localhost:36911/jars/org.checkerframework_checker-qual-3.5.0.jar with timestamp 1740342318341
25/02/23 20:25:27 INFO SparkContext: Added JAR file:///opt/bitnami/spark/.ivy2/jars/org.apache.spark_spark-token-provider-kafka-0-10_2.12-3.5.0.jar at spark://localhost:36911/jars/org.apache.spark_spark-token-provider-kafka-0-10_2.12-3.5.0.jar with timestamp 1740342318341
25/02/23 20:25:27 INFO SparkContext: Added JAR file:///opt/bitnami/spark/.ivy2/jars/org.apache.kafka_kafka-clients-3.4.1.jar at spark://localhost:36911/jars/org.apache.kafka_kafka-clients-3.4.1.jar with timestamp 1740342318341
[2025-02-23T20:25:27.088+0000] {docker.py:413} INFO - 25/02/23 20:25:27 INFO SparkContext: Added JAR file:///opt/bitnami/spark/.ivy2/jars/com.google.code.findbugs_jsr305-3.0.0.jar at spark://localhost:36911/jars/com.google.code.findbugs_jsr305-3.0.0.jar with timestamp 1740342318341
[2025-02-23T20:25:27.088+0000] {docker.py:413} INFO - 25/02/23 20:25:27 INFO SparkContext: Added JAR file:///opt/bitnami/spark/.ivy2/jars/org.apache.commons_commons-pool2-2.11.1.jar at spark://localhost:36911/jars/org.apache.commons_commons-pool2-2.11.1.jar with timestamp 1740342318341
[2025-02-23T20:25:27.092+0000] {docker.py:413} INFO - 25/02/23 20:25:27 INFO SparkContext: Added JAR file:///opt/bitnami/spark/.ivy2/jars/org.apache.hadoop_hadoop-client-runtime-3.3.4.jar at spark://localhost:36911/jars/org.apache.hadoop_hadoop-client-runtime-3.3.4.jar with timestamp 1740342318341
[2025-02-23T20:25:27.100+0000] {docker.py:413} INFO - 25/02/23 20:25:27 INFO SparkContext: Added JAR file:///opt/bitnami/spark/.ivy2/jars/org.lz4_lz4-java-1.8.0.jar at spark://localhost:36911/jars/org.lz4_lz4-java-1.8.0.jar with timestamp 1740342318341
[2025-02-23T20:25:27.105+0000] {docker.py:413} INFO - 25/02/23 20:25:27 INFO SparkContext: Added JAR file:///opt/bitnami/spark/.ivy2/jars/org.xerial.snappy_snappy-java-1.1.10.3.jar at spark://localhost:36911/jars/org.xerial.snappy_snappy-java-1.1.10.3.jar with timestamp 1740342318341
[2025-02-23T20:25:27.110+0000] {docker.py:413} INFO - 25/02/23 20:25:27 INFO SparkContext: Added JAR file:///opt/bitnami/spark/.ivy2/jars/org.slf4j_slf4j-api-2.0.7.jar at spark://localhost:36911/jars/org.slf4j_slf4j-api-2.0.7.jar with timestamp 1740342318341
[2025-02-23T20:25:27.113+0000] {docker.py:413} INFO - 25/02/23 20:25:27 INFO SparkContext: Added JAR file:///opt/bitnami/spark/.ivy2/jars/org.apache.hadoop_hadoop-client-api-3.3.4.jar at spark://localhost:36911/jars/org.apache.hadoop_hadoop-client-api-3.3.4.jar with timestamp 1740342318341
25/02/23 20:25:27 INFO SparkContext: Added JAR file:///opt/bitnami/spark/.ivy2/jars/commons-logging_commons-logging-1.1.3.jar at spark://localhost:36911/jars/commons-logging_commons-logging-1.1.3.jar with timestamp 1740342318341
[2025-02-23T20:25:27.144+0000] {docker.py:413} INFO - 25/02/23 20:25:27 INFO SparkContext: Added file file:///opt/bitnami/spark/.ivy2/jars/org.postgresql_postgresql-42.5.4.jar at file:///opt/bitnami/spark/.ivy2/jars/org.postgresql_postgresql-42.5.4.jar with timestamp 1740342318341
[2025-02-23T20:25:27.160+0000] {docker.py:413} INFO - 25/02/23 20:25:27 INFO Utils: Copying /opt/bitnami/spark/.ivy2/jars/org.postgresql_postgresql-42.5.4.jar to /tmp/spark-77ec478a-b5a7-4439-902a-ff90f3148bbe/userFiles-05011205-5be9-4940-81cd-08d1ca8c40ca/org.postgresql_postgresql-42.5.4.jar
[2025-02-23T20:25:27.282+0000] {docker.py:413} INFO - 25/02/23 20:25:27 INFO SparkContext: Added file file:///opt/bitnami/spark/.ivy2/jars/org.apache.spark_spark-sql-kafka-0-10_2.12-3.5.0.jar at file:///opt/bitnami/spark/.ivy2/jars/org.apache.spark_spark-sql-kafka-0-10_2.12-3.5.0.jar with timestamp 1740342318341
[2025-02-23T20:25:27.296+0000] {docker.py:413} INFO - 25/02/23 20:25:27 INFO Utils: Copying /opt/bitnami/spark/.ivy2/jars/org.apache.spark_spark-sql-kafka-0-10_2.12-3.5.0.jar to /tmp/spark-77ec478a-b5a7-4439-902a-ff90f3148bbe/userFiles-05011205-5be9-4940-81cd-08d1ca8c40ca/org.apache.spark_spark-sql-kafka-0-10_2.12-3.5.0.jar
[2025-02-23T20:25:27.366+0000] {docker.py:413} INFO - 25/02/23 20:25:27 INFO SparkContext: Added file file:///opt/bitnami/spark/.ivy2/jars/org.checkerframework_checker-qual-3.5.0.jar at file:///opt/bitnami/spark/.ivy2/jars/org.checkerframework_checker-qual-3.5.0.jar with timestamp 1740342318341
[2025-02-23T20:25:27.373+0000] {docker.py:413} INFO - 25/02/23 20:25:27 INFO Utils: Copying /opt/bitnami/spark/.ivy2/jars/org.checkerframework_checker-qual-3.5.0.jar to /tmp/spark-77ec478a-b5a7-4439-902a-ff90f3148bbe/userFiles-05011205-5be9-4940-81cd-08d1ca8c40ca/org.checkerframework_checker-qual-3.5.0.jar
[2025-02-23T20:25:27.412+0000] {docker.py:413} INFO - 25/02/23 20:25:27 INFO SparkContext: Added file file:///opt/bitnami/spark/.ivy2/jars/org.apache.spark_spark-token-provider-kafka-0-10_2.12-3.5.0.jar at file:///opt/bitnami/spark/.ivy2/jars/org.apache.spark_spark-token-provider-kafka-0-10_2.12-3.5.0.jar with timestamp 1740342318341
[2025-02-23T20:25:27.421+0000] {docker.py:413} INFO - 25/02/23 20:25:27 INFO Utils: Copying /opt/bitnami/spark/.ivy2/jars/org.apache.spark_spark-token-provider-kafka-0-10_2.12-3.5.0.jar to /tmp/spark-77ec478a-b5a7-4439-902a-ff90f3148bbe/userFiles-05011205-5be9-4940-81cd-08d1ca8c40ca/org.apache.spark_spark-token-provider-kafka-0-10_2.12-3.5.0.jar
[2025-02-23T20:25:27.473+0000] {docker.py:413} INFO - 25/02/23 20:25:27 INFO SparkContext: Added file file:///opt/bitnami/spark/.ivy2/jars/org.apache.kafka_kafka-clients-3.4.1.jar at file:///opt/bitnami/spark/.ivy2/jars/org.apache.kafka_kafka-clients-3.4.1.jar with timestamp 1740342318341
25/02/23 20:25:27 INFO Utils: Copying /opt/bitnami/spark/.ivy2/jars/org.apache.kafka_kafka-clients-3.4.1.jar to /tmp/spark-77ec478a-b5a7-4439-902a-ff90f3148bbe/userFiles-05011205-5be9-4940-81cd-08d1ca8c40ca/org.apache.kafka_kafka-clients-3.4.1.jar
[2025-02-23T20:25:27.577+0000] {docker.py:413} INFO - 25/02/23 20:25:27 INFO SparkContext: Added file file:///opt/bitnami/spark/.ivy2/jars/com.google.code.findbugs_jsr305-3.0.0.jar at file:///opt/bitnami/spark/.ivy2/jars/com.google.code.findbugs_jsr305-3.0.0.jar with timestamp 1740342318341
[2025-02-23T20:25:27.579+0000] {docker.py:413} INFO - 25/02/23 20:25:27 INFO Utils: Copying /opt/bitnami/spark/.ivy2/jars/com.google.code.findbugs_jsr305-3.0.0.jar to /tmp/spark-77ec478a-b5a7-4439-902a-ff90f3148bbe/userFiles-05011205-5be9-4940-81cd-08d1ca8c40ca/com.google.code.findbugs_jsr305-3.0.0.jar
[2025-02-23T20:25:27.640+0000] {docker.py:413} INFO - 25/02/23 20:25:27 INFO SparkContext: Added file file:///opt/bitnami/spark/.ivy2/jars/org.apache.commons_commons-pool2-2.11.1.jar at file:///opt/bitnami/spark/.ivy2/jars/org.apache.commons_commons-pool2-2.11.1.jar with timestamp 1740342318341
[2025-02-23T20:25:27.649+0000] {docker.py:413} INFO - 25/02/23 20:25:27 INFO Utils: Copying /opt/bitnami/spark/.ivy2/jars/org.apache.commons_commons-pool2-2.11.1.jar to /tmp/spark-77ec478a-b5a7-4439-902a-ff90f3148bbe/userFiles-05011205-5be9-4940-81cd-08d1ca8c40ca/org.apache.commons_commons-pool2-2.11.1.jar
[2025-02-23T20:25:27.693+0000] {docker.py:413} INFO - 25/02/23 20:25:27 INFO SparkContext: Added file file:///opt/bitnami/spark/.ivy2/jars/org.apache.hadoop_hadoop-client-runtime-3.3.4.jar at file:///opt/bitnami/spark/.ivy2/jars/org.apache.hadoop_hadoop-client-runtime-3.3.4.jar with timestamp 1740342318341
[2025-02-23T20:25:27.700+0000] {docker.py:413} INFO - 25/02/23 20:25:27 INFO Utils: Copying /opt/bitnami/spark/.ivy2/jars/org.apache.hadoop_hadoop-client-runtime-3.3.4.jar to /tmp/spark-77ec478a-b5a7-4439-902a-ff90f3148bbe/userFiles-05011205-5be9-4940-81cd-08d1ca8c40ca/org.apache.hadoop_hadoop-client-runtime-3.3.4.jar
[2025-02-23T20:25:27.869+0000] {docker.py:413} INFO - 25/02/23 20:25:27 INFO SparkContext: Added file file:///opt/bitnami/spark/.ivy2/jars/org.lz4_lz4-java-1.8.0.jar at file:///opt/bitnami/spark/.ivy2/jars/org.lz4_lz4-java-1.8.0.jar with timestamp 1740342318341
[2025-02-23T20:25:27.875+0000] {docker.py:413} INFO - 25/02/23 20:25:27 INFO Utils: Copying /opt/bitnami/spark/.ivy2/jars/org.lz4_lz4-java-1.8.0.jar to /tmp/spark-77ec478a-b5a7-4439-902a-ff90f3148bbe/userFiles-05011205-5be9-4940-81cd-08d1ca8c40ca/org.lz4_lz4-java-1.8.0.jar
[2025-02-23T20:25:27.912+0000] {docker.py:413} INFO - 25/02/23 20:25:27 INFO SparkContext: Added file file:///opt/bitnami/spark/.ivy2/jars/org.xerial.snappy_snappy-java-1.1.10.3.jar at file:///opt/bitnami/spark/.ivy2/jars/org.xerial.snappy_snappy-java-1.1.10.3.jar with timestamp 1740342318341
[2025-02-23T20:25:27.918+0000] {docker.py:413} INFO - 25/02/23 20:25:27 INFO Utils: Copying /opt/bitnami/spark/.ivy2/jars/org.xerial.snappy_snappy-java-1.1.10.3.jar to /tmp/spark-77ec478a-b5a7-4439-902a-ff90f3148bbe/userFiles-05011205-5be9-4940-81cd-08d1ca8c40ca/org.xerial.snappy_snappy-java-1.1.10.3.jar
[2025-02-23T20:25:27.960+0000] {docker.py:413} INFO - 25/02/23 20:25:27 INFO SparkContext: Added file file:///opt/bitnami/spark/.ivy2/jars/org.slf4j_slf4j-api-2.0.7.jar at file:///opt/bitnami/spark/.ivy2/jars/org.slf4j_slf4j-api-2.0.7.jar with timestamp 1740342318341
[2025-02-23T20:25:27.964+0000] {docker.py:413} INFO - 25/02/23 20:25:27 INFO Utils: Copying /opt/bitnami/spark/.ivy2/jars/org.slf4j_slf4j-api-2.0.7.jar to /tmp/spark-77ec478a-b5a7-4439-902a-ff90f3148bbe/userFiles-05011205-5be9-4940-81cd-08d1ca8c40ca/org.slf4j_slf4j-api-2.0.7.jar
[2025-02-23T20:25:27.986+0000] {docker.py:413} INFO - 25/02/23 20:25:27 INFO SparkContext: Added file file:///opt/bitnami/spark/.ivy2/jars/org.apache.hadoop_hadoop-client-api-3.3.4.jar at file:///opt/bitnami/spark/.ivy2/jars/org.apache.hadoop_hadoop-client-api-3.3.4.jar with timestamp 1740342318341
[2025-02-23T20:25:27.988+0000] {docker.py:413} INFO - 25/02/23 20:25:27 INFO Utils: Copying /opt/bitnami/spark/.ivy2/jars/org.apache.hadoop_hadoop-client-api-3.3.4.jar to /tmp/spark-77ec478a-b5a7-4439-902a-ff90f3148bbe/userFiles-05011205-5be9-4940-81cd-08d1ca8c40ca/org.apache.hadoop_hadoop-client-api-3.3.4.jar
[2025-02-23T20:25:28.068+0000] {docker.py:413} INFO - 25/02/23 20:25:28 INFO SparkContext: Added file file:///opt/bitnami/spark/.ivy2/jars/commons-logging_commons-logging-1.1.3.jar at file:///opt/bitnami/spark/.ivy2/jars/commons-logging_commons-logging-1.1.3.jar with timestamp 1740342318341
[2025-02-23T20:25:28.072+0000] {docker.py:413} INFO - 25/02/23 20:25:28 INFO Utils: Copying /opt/bitnami/spark/.ivy2/jars/commons-logging_commons-logging-1.1.3.jar to /tmp/spark-77ec478a-b5a7-4439-902a-ff90f3148bbe/userFiles-05011205-5be9-4940-81cd-08d1ca8c40ca/commons-logging_commons-logging-1.1.3.jar
[2025-02-23T20:25:29.038+0000] {docker.py:413} INFO - 25/02/23 20:25:29 INFO Executor: Starting executor ID driver on host localhost
[2025-02-23T20:25:29.042+0000] {docker.py:413} INFO - 25/02/23 20:25:29 INFO Executor: OS info Linux, 6.8.0-52-generic, amd64
[2025-02-23T20:25:29.047+0000] {docker.py:413} INFO - 25/02/23 20:25:29 INFO Executor: Java version 17.0.10
[2025-02-23T20:25:29.106+0000] {docker.py:413} INFO - 25/02/23 20:25:29 INFO Executor: Starting executor with user classpath (userClassPathFirst = false): ''
[2025-02-23T20:25:29.117+0000] {docker.py:413} INFO - 25/02/23 20:25:29 INFO Executor: Created or updated repl class loader org.apache.spark.util.MutableURLClassLoader@f696244 for default.
[2025-02-23T20:25:29.250+0000] {docker.py:413} INFO - 25/02/23 20:25:29 INFO Executor: Fetching file:///opt/bitnami/spark/.ivy2/jars/org.apache.spark_spark-token-provider-kafka-0-10_2.12-3.5.0.jar with timestamp 1740342318341
[2025-02-23T20:25:29.401+0000] {docker.py:413} INFO - 25/02/23 20:25:29 INFO Utils: /opt/bitnami/spark/.ivy2/jars/org.apache.spark_spark-token-provider-kafka-0-10_2.12-3.5.0.jar has been previously copied to /tmp/spark-77ec478a-b5a7-4439-902a-ff90f3148bbe/userFiles-05011205-5be9-4940-81cd-08d1ca8c40ca/org.apache.spark_spark-token-provider-kafka-0-10_2.12-3.5.0.jar
[2025-02-23T20:25:29.408+0000] {docker.py:413} INFO - 25/02/23 20:25:29 INFO Executor: Fetching file:///opt/bitnami/spark/.ivy2/jars/org.apache.hadoop_hadoop-client-runtime-3.3.4.jar with timestamp 1740342318341
[2025-02-23T20:25:29.587+0000] {docker.py:413} INFO - 25/02/23 20:25:29 INFO Utils: /opt/bitnami/spark/.ivy2/jars/org.apache.hadoop_hadoop-client-runtime-3.3.4.jar has been previously copied to /tmp/spark-77ec478a-b5a7-4439-902a-ff90f3148bbe/userFiles-05011205-5be9-4940-81cd-08d1ca8c40ca/org.apache.hadoop_hadoop-client-runtime-3.3.4.jar
[2025-02-23T20:25:29.619+0000] {docker.py:413} INFO - 25/02/23 20:25:29 INFO Executor: Fetching file:///opt/bitnami/spark/.ivy2/jars/org.apache.commons_commons-pool2-2.11.1.jar with timestamp 1740342318341
[2025-02-23T20:25:29.627+0000] {docker.py:413} INFO - 25/02/23 20:25:29 INFO Utils: /opt/bitnami/spark/.ivy2/jars/org.apache.commons_commons-pool2-2.11.1.jar has been previously copied to /tmp/spark-77ec478a-b5a7-4439-902a-ff90f3148bbe/userFiles-05011205-5be9-4940-81cd-08d1ca8c40ca/org.apache.commons_commons-pool2-2.11.1.jar
[2025-02-23T20:25:29.654+0000] {docker.py:413} INFO - 25/02/23 20:25:29 INFO Executor: Fetching file:///opt/bitnami/spark/.ivy2/jars/org.postgresql_postgresql-42.5.4.jar with timestamp 1740342318341
[2025-02-23T20:25:29.665+0000] {docker.py:413} INFO - 25/02/23 20:25:29 INFO Utils: /opt/bitnami/spark/.ivy2/jars/org.postgresql_postgresql-42.5.4.jar has been previously copied to /tmp/spark-77ec478a-b5a7-4439-902a-ff90f3148bbe/userFiles-05011205-5be9-4940-81cd-08d1ca8c40ca/org.postgresql_postgresql-42.5.4.jar
[2025-02-23T20:25:29.674+0000] {docker.py:413} INFO - 25/02/23 20:25:29 INFO Executor: Fetching file:///opt/bitnami/spark/.ivy2/jars/org.slf4j_slf4j-api-2.0.7.jar with timestamp 1740342318341
[2025-02-23T20:25:29.678+0000] {docker.py:413} INFO - 25/02/23 20:25:29 INFO Utils: /opt/bitnami/spark/.ivy2/jars/org.slf4j_slf4j-api-2.0.7.jar has been previously copied to /tmp/spark-77ec478a-b5a7-4439-902a-ff90f3148bbe/userFiles-05011205-5be9-4940-81cd-08d1ca8c40ca/org.slf4j_slf4j-api-2.0.7.jar
[2025-02-23T20:25:29.695+0000] {docker.py:413} INFO - 25/02/23 20:25:29 INFO Executor: Fetching file:///opt/bitnami/spark/.ivy2/jars/org.apache.kafka_kafka-clients-3.4.1.jar with timestamp 1740342318341
[2025-02-23T20:25:29.735+0000] {docker.py:413} INFO - 25/02/23 20:25:29 INFO Utils: /opt/bitnami/spark/.ivy2/jars/org.apache.kafka_kafka-clients-3.4.1.jar has been previously copied to /tmp/spark-77ec478a-b5a7-4439-902a-ff90f3148bbe/userFiles-05011205-5be9-4940-81cd-08d1ca8c40ca/org.apache.kafka_kafka-clients-3.4.1.jar
[2025-02-23T20:25:29.779+0000] {docker.py:413} INFO - 25/02/23 20:25:29 INFO Executor: Fetching file:///opt/bitnami/spark/.ivy2/jars/com.google.code.findbugs_jsr305-3.0.0.jar with timestamp 1740342318341
[2025-02-23T20:25:29.790+0000] {docker.py:413} INFO - 25/02/23 20:25:29 INFO Utils: /opt/bitnami/spark/.ivy2/jars/com.google.code.findbugs_jsr305-3.0.0.jar has been previously copied to /tmp/spark-77ec478a-b5a7-4439-902a-ff90f3148bbe/userFiles-05011205-5be9-4940-81cd-08d1ca8c40ca/com.google.code.findbugs_jsr305-3.0.0.jar
[2025-02-23T20:25:29.826+0000] {docker.py:413} INFO - 25/02/23 20:25:29 INFO Executor: Fetching file:///opt/bitnami/spark/.ivy2/jars/org.lz4_lz4-java-1.8.0.jar with timestamp 1740342318341
[2025-02-23T20:25:29.836+0000] {docker.py:413} INFO - 25/02/23 20:25:29 INFO Utils: /opt/bitnami/spark/.ivy2/jars/org.lz4_lz4-java-1.8.0.jar has been previously copied to /tmp/spark-77ec478a-b5a7-4439-902a-ff90f3148bbe/userFiles-05011205-5be9-4940-81cd-08d1ca8c40ca/org.lz4_lz4-java-1.8.0.jar
[2025-02-23T20:25:29.867+0000] {docker.py:413} INFO - 25/02/23 20:25:29 INFO Executor: Fetching file:///opt/bitnami/spark/.ivy2/jars/org.apache.spark_spark-sql-kafka-0-10_2.12-3.5.0.jar with timestamp 1740342318341
[2025-02-23T20:25:29.881+0000] {docker.py:413} INFO - 25/02/23 20:25:29 INFO Utils: /opt/bitnami/spark/.ivy2/jars/org.apache.spark_spark-sql-kafka-0-10_2.12-3.5.0.jar has been previously copied to /tmp/spark-77ec478a-b5a7-4439-902a-ff90f3148bbe/userFiles-05011205-5be9-4940-81cd-08d1ca8c40ca/org.apache.spark_spark-sql-kafka-0-10_2.12-3.5.0.jar
[2025-02-23T20:25:29.919+0000] {docker.py:413} INFO - 25/02/23 20:25:29 INFO Executor: Fetching file:///opt/bitnami/spark/.ivy2/jars/org.apache.hadoop_hadoop-client-api-3.3.4.jar with timestamp 1740342318341
[2025-02-23T20:25:30.166+0000] {docker.py:413} INFO - 25/02/23 20:25:30 INFO Utils: /opt/bitnami/spark/.ivy2/jars/org.apache.hadoop_hadoop-client-api-3.3.4.jar has been previously copied to /tmp/spark-77ec478a-b5a7-4439-902a-ff90f3148bbe/userFiles-05011205-5be9-4940-81cd-08d1ca8c40ca/org.apache.hadoop_hadoop-client-api-3.3.4.jar
[2025-02-23T20:25:30.195+0000] {docker.py:413} INFO - 25/02/23 20:25:30 INFO Executor: Fetching file:///opt/bitnami/spark/.ivy2/jars/commons-logging_commons-logging-1.1.3.jar with timestamp 1740342318341
[2025-02-23T20:25:30.206+0000] {docker.py:413} INFO - 25/02/23 20:25:30 INFO Utils: /opt/bitnami/spark/.ivy2/jars/commons-logging_commons-logging-1.1.3.jar has been previously copied to /tmp/spark-77ec478a-b5a7-4439-902a-ff90f3148bbe/userFiles-05011205-5be9-4940-81cd-08d1ca8c40ca/commons-logging_commons-logging-1.1.3.jar
[2025-02-23T20:25:30.237+0000] {docker.py:413} INFO - 25/02/23 20:25:30 INFO Executor: Fetching file:///opt/bitnami/spark/.ivy2/jars/org.checkerframework_checker-qual-3.5.0.jar with timestamp 1740342318341
[2025-02-23T20:25:30.245+0000] {docker.py:413} INFO - 25/02/23 20:25:30 INFO Utils: /opt/bitnami/spark/.ivy2/jars/org.checkerframework_checker-qual-3.5.0.jar has been previously copied to /tmp/spark-77ec478a-b5a7-4439-902a-ff90f3148bbe/userFiles-05011205-5be9-4940-81cd-08d1ca8c40ca/org.checkerframework_checker-qual-3.5.0.jar
[2025-02-23T20:25:30.270+0000] {docker.py:413} INFO - 25/02/23 20:25:30 INFO Executor: Fetching file:///opt/bitnami/spark/.ivy2/jars/org.xerial.snappy_snappy-java-1.1.10.3.jar with timestamp 1740342318341
[2025-02-23T20:25:30.311+0000] {docker.py:413} INFO - 25/02/23 20:25:30 INFO Utils: /opt/bitnami/spark/.ivy2/jars/org.xerial.snappy_snappy-java-1.1.10.3.jar has been previously copied to /tmp/spark-77ec478a-b5a7-4439-902a-ff90f3148bbe/userFiles-05011205-5be9-4940-81cd-08d1ca8c40ca/org.xerial.snappy_snappy-java-1.1.10.3.jar
[2025-02-23T20:25:30.481+0000] {docker.py:413} INFO - 25/02/23 20:25:30 INFO Executor: Fetching spark://localhost:36911/jars/org.lz4_lz4-java-1.8.0.jar with timestamp 1740342318341
[2025-02-23T20:25:30.905+0000] {docker.py:413} INFO - 25/02/23 20:25:30 INFO TransportClientFactory: Successfully created connection to localhost/127.0.0.1:36911 after 272 ms (0 ms spent in bootstraps)
[2025-02-23T20:25:31.016+0000] {docker.py:413} INFO - 25/02/23 20:25:31 INFO Utils: Fetching spark://localhost:36911/jars/org.lz4_lz4-java-1.8.0.jar to /tmp/spark-77ec478a-b5a7-4439-902a-ff90f3148bbe/userFiles-05011205-5be9-4940-81cd-08d1ca8c40ca/fetchFileTemp5357481103704899705.tmp
[2025-02-23T20:25:31.360+0000] {docker.py:413} INFO - 25/02/23 20:25:31 INFO Utils: /tmp/spark-77ec478a-b5a7-4439-902a-ff90f3148bbe/userFiles-05011205-5be9-4940-81cd-08d1ca8c40ca/fetchFileTemp5357481103704899705.tmp has been previously copied to /tmp/spark-77ec478a-b5a7-4439-902a-ff90f3148bbe/userFiles-05011205-5be9-4940-81cd-08d1ca8c40ca/org.lz4_lz4-java-1.8.0.jar
[2025-02-23T20:25:31.385+0000] {docker.py:413} INFO - 25/02/23 20:25:31 INFO Executor: Adding file:/tmp/spark-77ec478a-b5a7-4439-902a-ff90f3148bbe/userFiles-05011205-5be9-4940-81cd-08d1ca8c40ca/org.lz4_lz4-java-1.8.0.jar to class loader default
[2025-02-23T20:25:31.391+0000] {docker.py:413} INFO - 25/02/23 20:25:31 INFO Executor: Fetching spark://localhost:36911/jars/org.apache.spark_spark-token-provider-kafka-0-10_2.12-3.5.0.jar with timestamp 1740342318341
[2025-02-23T20:25:31.396+0000] {docker.py:413} INFO - 25/02/23 20:25:31 INFO Utils: Fetching spark://localhost:36911/jars/org.apache.spark_spark-token-provider-kafka-0-10_2.12-3.5.0.jar to /tmp/spark-77ec478a-b5a7-4439-902a-ff90f3148bbe/userFiles-05011205-5be9-4940-81cd-08d1ca8c40ca/fetchFileTemp13780716631942859990.tmp
[2025-02-23T20:25:31.426+0000] {docker.py:413} INFO - 25/02/23 20:25:31 INFO Utils: /tmp/spark-77ec478a-b5a7-4439-902a-ff90f3148bbe/userFiles-05011205-5be9-4940-81cd-08d1ca8c40ca/fetchFileTemp13780716631942859990.tmp has been previously copied to /tmp/spark-77ec478a-b5a7-4439-902a-ff90f3148bbe/userFiles-05011205-5be9-4940-81cd-08d1ca8c40ca/org.apache.spark_spark-token-provider-kafka-0-10_2.12-3.5.0.jar
[2025-02-23T20:25:31.478+0000] {docker.py:413} INFO - 25/02/23 20:25:31 INFO Executor: Adding file:/tmp/spark-77ec478a-b5a7-4439-902a-ff90f3148bbe/userFiles-05011205-5be9-4940-81cd-08d1ca8c40ca/org.apache.spark_spark-token-provider-kafka-0-10_2.12-3.5.0.jar to class loader default
[2025-02-23T20:25:31.483+0000] {docker.py:413} INFO - 25/02/23 20:25:31 INFO Executor: Fetching spark://localhost:36911/jars/org.apache.hadoop_hadoop-client-api-3.3.4.jar with timestamp 1740342318341
[2025-02-23T20:25:31.496+0000] {docker.py:413} INFO - 25/02/23 20:25:31 INFO Utils: Fetching spark://localhost:36911/jars/org.apache.hadoop_hadoop-client-api-3.3.4.jar to /tmp/spark-77ec478a-b5a7-4439-902a-ff90f3148bbe/userFiles-05011205-5be9-4940-81cd-08d1ca8c40ca/fetchFileTemp4659732550244178145.tmp
[2025-02-23T20:25:32.971+0000] {docker.py:413} INFO - 25/02/23 20:25:32 INFO Utils: /tmp/spark-77ec478a-b5a7-4439-902a-ff90f3148bbe/userFiles-05011205-5be9-4940-81cd-08d1ca8c40ca/fetchFileTemp4659732550244178145.tmp has been previously copied to /tmp/spark-77ec478a-b5a7-4439-902a-ff90f3148bbe/userFiles-05011205-5be9-4940-81cd-08d1ca8c40ca/org.apache.hadoop_hadoop-client-api-3.3.4.jar
[2025-02-23T20:25:32.988+0000] {docker.py:413} INFO - 25/02/23 20:25:32 INFO Executor: Adding file:/tmp/spark-77ec478a-b5a7-4439-902a-ff90f3148bbe/userFiles-05011205-5be9-4940-81cd-08d1ca8c40ca/org.apache.hadoop_hadoop-client-api-3.3.4.jar to class loader default
[2025-02-23T20:25:32.991+0000] {docker.py:413} INFO - 25/02/23 20:25:32 INFO Executor: Fetching spark://localhost:36911/jars/org.checkerframework_checker-qual-3.5.0.jar with timestamp 1740342318341
[2025-02-23T20:25:33.006+0000] {docker.py:413} INFO - 25/02/23 20:25:33 INFO Utils: Fetching spark://localhost:36911/jars/org.checkerframework_checker-qual-3.5.0.jar to /tmp/spark-77ec478a-b5a7-4439-902a-ff90f3148bbe/userFiles-05011205-5be9-4940-81cd-08d1ca8c40ca/fetchFileTemp16340578046581418950.tmp
[2025-02-23T20:25:33.019+0000] {docker.py:413} INFO - 25/02/23 20:25:33 INFO Utils: /tmp/spark-77ec478a-b5a7-4439-902a-ff90f3148bbe/userFiles-05011205-5be9-4940-81cd-08d1ca8c40ca/fetchFileTemp16340578046581418950.tmp has been previously copied to /tmp/spark-77ec478a-b5a7-4439-902a-ff90f3148bbe/userFiles-05011205-5be9-4940-81cd-08d1ca8c40ca/org.checkerframework_checker-qual-3.5.0.jar
[2025-02-23T20:25:33.060+0000] {docker.py:413} INFO - 25/02/23 20:25:33 INFO Executor: Adding file:/tmp/spark-77ec478a-b5a7-4439-902a-ff90f3148bbe/userFiles-05011205-5be9-4940-81cd-08d1ca8c40ca/org.checkerframework_checker-qual-3.5.0.jar to class loader default
25/02/23 20:25:33 INFO Executor: Fetching spark://localhost:36911/jars/org.apache.hadoop_hadoop-client-runtime-3.3.4.jar with timestamp 1740342318341
25/02/23 20:25:33 INFO Utils: Fetching spark://localhost:36911/jars/org.apache.hadoop_hadoop-client-runtime-3.3.4.jar to /tmp/spark-77ec478a-b5a7-4439-902a-ff90f3148bbe/userFiles-05011205-5be9-4940-81cd-08d1ca8c40ca/fetchFileTemp15145847436105997836.tmp
[2025-02-23T20:25:34.152+0000] {docker.py:413} INFO - 25/02/23 20:25:34 INFO Utils: /tmp/spark-77ec478a-b5a7-4439-902a-ff90f3148bbe/userFiles-05011205-5be9-4940-81cd-08d1ca8c40ca/fetchFileTemp15145847436105997836.tmp has been previously copied to /tmp/spark-77ec478a-b5a7-4439-902a-ff90f3148bbe/userFiles-05011205-5be9-4940-81cd-08d1ca8c40ca/org.apache.hadoop_hadoop-client-runtime-3.3.4.jar
[2025-02-23T20:25:34.190+0000] {docker.py:413} INFO - 25/02/23 20:25:34 INFO Executor: Adding file:/tmp/spark-77ec478a-b5a7-4439-902a-ff90f3148bbe/userFiles-05011205-5be9-4940-81cd-08d1ca8c40ca/org.apache.hadoop_hadoop-client-runtime-3.3.4.jar to class loader default
25/02/23 20:25:34 INFO Executor: Fetching spark://localhost:36911/jars/org.apache.kafka_kafka-clients-3.4.1.jar with timestamp 1740342318341
[2025-02-23T20:25:34.196+0000] {docker.py:413} INFO - 25/02/23 20:25:34 INFO Utils: Fetching spark://localhost:36911/jars/org.apache.kafka_kafka-clients-3.4.1.jar to /tmp/spark-77ec478a-b5a7-4439-902a-ff90f3148bbe/userFiles-05011205-5be9-4940-81cd-08d1ca8c40ca/fetchFileTemp17458499187676911538.tmp
[2025-02-23T20:25:34.315+0000] {docker.py:413} INFO - 25/02/23 20:25:34 INFO Utils: /tmp/spark-77ec478a-b5a7-4439-902a-ff90f3148bbe/userFiles-05011205-5be9-4940-81cd-08d1ca8c40ca/fetchFileTemp17458499187676911538.tmp has been previously copied to /tmp/spark-77ec478a-b5a7-4439-902a-ff90f3148bbe/userFiles-05011205-5be9-4940-81cd-08d1ca8c40ca/org.apache.kafka_kafka-clients-3.4.1.jar
[2025-02-23T20:25:34.356+0000] {docker.py:413} INFO - 25/02/23 20:25:34 INFO Executor: Adding file:/tmp/spark-77ec478a-b5a7-4439-902a-ff90f3148bbe/userFiles-05011205-5be9-4940-81cd-08d1ca8c40ca/org.apache.kafka_kafka-clients-3.4.1.jar to class loader default
[2025-02-23T20:25:34.361+0000] {docker.py:413} INFO - 25/02/23 20:25:34 INFO Executor: Fetching spark://localhost:36911/jars/org.postgresql_postgresql-42.5.4.jar with timestamp 1740342318341
[2025-02-23T20:25:34.362+0000] {docker.py:413} INFO - 25/02/23 20:25:34 INFO Utils: Fetching spark://localhost:36911/jars/org.postgresql_postgresql-42.5.4.jar to /tmp/spark-77ec478a-b5a7-4439-902a-ff90f3148bbe/userFiles-05011205-5be9-4940-81cd-08d1ca8c40ca/fetchFileTemp12164553337112541657.tmp
[2025-02-23T20:25:34.401+0000] {docker.py:413} INFO - 25/02/23 20:25:34 INFO Utils: /tmp/spark-77ec478a-b5a7-4439-902a-ff90f3148bbe/userFiles-05011205-5be9-4940-81cd-08d1ca8c40ca/fetchFileTemp12164553337112541657.tmp has been previously copied to /tmp/spark-77ec478a-b5a7-4439-902a-ff90f3148bbe/userFiles-05011205-5be9-4940-81cd-08d1ca8c40ca/org.postgresql_postgresql-42.5.4.jar
[2025-02-23T20:25:34.417+0000] {docker.py:413} INFO - 25/02/23 20:25:34 INFO Executor: Adding file:/tmp/spark-77ec478a-b5a7-4439-902a-ff90f3148bbe/userFiles-05011205-5be9-4940-81cd-08d1ca8c40ca/org.postgresql_postgresql-42.5.4.jar to class loader default
[2025-02-23T20:25:34.422+0000] {docker.py:413} INFO - 25/02/23 20:25:34 INFO Executor: Fetching spark://localhost:36911/jars/org.apache.spark_spark-sql-kafka-0-10_2.12-3.5.0.jar with timestamp 1740342318341
[2025-02-23T20:25:34.423+0000] {docker.py:413} INFO - 25/02/23 20:25:34 INFO Utils: Fetching spark://localhost:36911/jars/org.apache.spark_spark-sql-kafka-0-10_2.12-3.5.0.jar to /tmp/spark-77ec478a-b5a7-4439-902a-ff90f3148bbe/userFiles-05011205-5be9-4940-81cd-08d1ca8c40ca/fetchFileTemp726472361728966449.tmp
[2025-02-23T20:25:34.438+0000] {docker.py:413} INFO - 25/02/23 20:25:34 INFO Utils: /tmp/spark-77ec478a-b5a7-4439-902a-ff90f3148bbe/userFiles-05011205-5be9-4940-81cd-08d1ca8c40ca/fetchFileTemp726472361728966449.tmp has been previously copied to /tmp/spark-77ec478a-b5a7-4439-902a-ff90f3148bbe/userFiles-05011205-5be9-4940-81cd-08d1ca8c40ca/org.apache.spark_spark-sql-kafka-0-10_2.12-3.5.0.jar
[2025-02-23T20:25:34.452+0000] {docker.py:413} INFO - 25/02/23 20:25:34 INFO Executor: Adding file:/tmp/spark-77ec478a-b5a7-4439-902a-ff90f3148bbe/userFiles-05011205-5be9-4940-81cd-08d1ca8c40ca/org.apache.spark_spark-sql-kafka-0-10_2.12-3.5.0.jar to class loader default
[2025-02-23T20:25:34.454+0000] {docker.py:413} INFO - 25/02/23 20:25:34 INFO Executor: Fetching spark://localhost:36911/jars/com.google.code.findbugs_jsr305-3.0.0.jar with timestamp 1740342318341
[2025-02-23T20:25:34.461+0000] {docker.py:413} INFO - 25/02/23 20:25:34 INFO Utils: Fetching spark://localhost:36911/jars/com.google.code.findbugs_jsr305-3.0.0.jar to /tmp/spark-77ec478a-b5a7-4439-902a-ff90f3148bbe/userFiles-05011205-5be9-4940-81cd-08d1ca8c40ca/fetchFileTemp7814319836699713109.tmp
[2025-02-23T20:25:34.465+0000] {docker.py:413} INFO - 25/02/23 20:25:34 INFO Utils: /tmp/spark-77ec478a-b5a7-4439-902a-ff90f3148bbe/userFiles-05011205-5be9-4940-81cd-08d1ca8c40ca/fetchFileTemp7814319836699713109.tmp has been previously copied to /tmp/spark-77ec478a-b5a7-4439-902a-ff90f3148bbe/userFiles-05011205-5be9-4940-81cd-08d1ca8c40ca/com.google.code.findbugs_jsr305-3.0.0.jar
[2025-02-23T20:25:34.485+0000] {docker.py:413} INFO - 25/02/23 20:25:34 INFO Executor: Adding file:/tmp/spark-77ec478a-b5a7-4439-902a-ff90f3148bbe/userFiles-05011205-5be9-4940-81cd-08d1ca8c40ca/com.google.code.findbugs_jsr305-3.0.0.jar to class loader default
[2025-02-23T20:25:34.487+0000] {docker.py:413} INFO - 25/02/23 20:25:34 INFO Executor: Fetching spark://localhost:36911/jars/org.slf4j_slf4j-api-2.0.7.jar with timestamp 1740342318341
25/02/23 20:25:34 INFO Utils: Fetching spark://localhost:36911/jars/org.slf4j_slf4j-api-2.0.7.jar to /tmp/spark-77ec478a-b5a7-4439-902a-ff90f3148bbe/userFiles-05011205-5be9-4940-81cd-08d1ca8c40ca/fetchFileTemp16011429198618877284.tmp
[2025-02-23T20:25:34.493+0000] {docker.py:413} INFO - 25/02/23 20:25:34 INFO Utils: /tmp/spark-77ec478a-b5a7-4439-902a-ff90f3148bbe/userFiles-05011205-5be9-4940-81cd-08d1ca8c40ca/fetchFileTemp16011429198618877284.tmp has been previously copied to /tmp/spark-77ec478a-b5a7-4439-902a-ff90f3148bbe/userFiles-05011205-5be9-4940-81cd-08d1ca8c40ca/org.slf4j_slf4j-api-2.0.7.jar
[2025-02-23T20:25:34.506+0000] {docker.py:413} INFO - 25/02/23 20:25:34 INFO Executor: Adding file:/tmp/spark-77ec478a-b5a7-4439-902a-ff90f3148bbe/userFiles-05011205-5be9-4940-81cd-08d1ca8c40ca/org.slf4j_slf4j-api-2.0.7.jar to class loader default
[2025-02-23T20:25:34.509+0000] {docker.py:413} INFO - 25/02/23 20:25:34 INFO Executor: Fetching spark://localhost:36911/jars/org.apache.commons_commons-pool2-2.11.1.jar with timestamp 1740342318341
[2025-02-23T20:25:34.516+0000] {docker.py:413} INFO - 25/02/23 20:25:34 INFO Utils: Fetching spark://localhost:36911/jars/org.apache.commons_commons-pool2-2.11.1.jar to /tmp/spark-77ec478a-b5a7-4439-902a-ff90f3148bbe/userFiles-05011205-5be9-4940-81cd-08d1ca8c40ca/fetchFileTemp14733367060980740916.tmp
[2025-02-23T20:25:34.524+0000] {docker.py:413} INFO - 25/02/23 20:25:34 INFO Utils: /tmp/spark-77ec478a-b5a7-4439-902a-ff90f3148bbe/userFiles-05011205-5be9-4940-81cd-08d1ca8c40ca/fetchFileTemp14733367060980740916.tmp has been previously copied to /tmp/spark-77ec478a-b5a7-4439-902a-ff90f3148bbe/userFiles-05011205-5be9-4940-81cd-08d1ca8c40ca/org.apache.commons_commons-pool2-2.11.1.jar
[2025-02-23T20:25:34.548+0000] {docker.py:413} INFO - 25/02/23 20:25:34 INFO Executor: Adding file:/tmp/spark-77ec478a-b5a7-4439-902a-ff90f3148bbe/userFiles-05011205-5be9-4940-81cd-08d1ca8c40ca/org.apache.commons_commons-pool2-2.11.1.jar to class loader default
25/02/23 20:25:34 INFO Executor: Fetching spark://localhost:36911/jars/commons-logging_commons-logging-1.1.3.jar with timestamp 1740342318341
[2025-02-23T20:25:34.551+0000] {docker.py:413} INFO - 25/02/23 20:25:34 INFO Utils: Fetching spark://localhost:36911/jars/commons-logging_commons-logging-1.1.3.jar to /tmp/spark-77ec478a-b5a7-4439-902a-ff90f3148bbe/userFiles-05011205-5be9-4940-81cd-08d1ca8c40ca/fetchFileTemp8095531009391632414.tmp
[2025-02-23T20:25:34.555+0000] {docker.py:413} INFO - 25/02/23 20:25:34 INFO Utils: /tmp/spark-77ec478a-b5a7-4439-902a-ff90f3148bbe/userFiles-05011205-5be9-4940-81cd-08d1ca8c40ca/fetchFileTemp8095531009391632414.tmp has been previously copied to /tmp/spark-77ec478a-b5a7-4439-902a-ff90f3148bbe/userFiles-05011205-5be9-4940-81cd-08d1ca8c40ca/commons-logging_commons-logging-1.1.3.jar
[2025-02-23T20:25:34.566+0000] {docker.py:413} INFO - 25/02/23 20:25:34 INFO Executor: Adding file:/tmp/spark-77ec478a-b5a7-4439-902a-ff90f3148bbe/userFiles-05011205-5be9-4940-81cd-08d1ca8c40ca/commons-logging_commons-logging-1.1.3.jar to class loader default
[2025-02-23T20:25:34.568+0000] {docker.py:413} INFO - 25/02/23 20:25:34 INFO Executor: Fetching spark://localhost:36911/jars/org.xerial.snappy_snappy-java-1.1.10.3.jar with timestamp 1740342318341
[2025-02-23T20:25:34.570+0000] {docker.py:413} INFO - 25/02/23 20:25:34 INFO Utils: Fetching spark://localhost:36911/jars/org.xerial.snappy_snappy-java-1.1.10.3.jar to /tmp/spark-77ec478a-b5a7-4439-902a-ff90f3148bbe/userFiles-05011205-5be9-4940-81cd-08d1ca8c40ca/fetchFileTemp7684355948362842645.tmp
[2025-02-23T20:25:34.621+0000] {docker.py:413} INFO - 25/02/23 20:25:34 INFO Utils: /tmp/spark-77ec478a-b5a7-4439-902a-ff90f3148bbe/userFiles-05011205-5be9-4940-81cd-08d1ca8c40ca/fetchFileTemp7684355948362842645.tmp has been previously copied to /tmp/spark-77ec478a-b5a7-4439-902a-ff90f3148bbe/userFiles-05011205-5be9-4940-81cd-08d1ca8c40ca/org.xerial.snappy_snappy-java-1.1.10.3.jar
[2025-02-23T20:25:34.646+0000] {docker.py:413} INFO - 25/02/23 20:25:34 INFO Executor: Adding file:/tmp/spark-77ec478a-b5a7-4439-902a-ff90f3148bbe/userFiles-05011205-5be9-4940-81cd-08d1ca8c40ca/org.xerial.snappy_snappy-java-1.1.10.3.jar to class loader default
[2025-02-23T20:25:34.711+0000] {docker.py:413} INFO - 25/02/23 20:25:34 INFO Utils: Successfully started service 'org.apache.spark.network.netty.NettyBlockTransferService' on port 43541.
[2025-02-23T20:25:34.715+0000] {docker.py:413} INFO - 25/02/23 20:25:34 INFO NettyBlockTransferService: Server created on localhost:43541
[2025-02-23T20:25:34.726+0000] {docker.py:413} INFO - 25/02/23 20:25:34 INFO BlockManager: Using org.apache.spark.storage.RandomBlockReplicationPolicy for block replication policy
[2025-02-23T20:25:34.752+0000] {docker.py:413} INFO - 25/02/23 20:25:34 INFO BlockManagerMaster: Registering BlockManager BlockManagerId(driver, localhost, 43541, None)
[2025-02-23T20:25:34.776+0000] {docker.py:413} INFO - 25/02/23 20:25:34 INFO BlockManagerMasterEndpoint: Registering block manager localhost:43541 with 434.4 MiB RAM, BlockManagerId(driver, localhost, 43541, None)
[2025-02-23T20:25:34.784+0000] {docker.py:413} INFO - 25/02/23 20:25:34 INFO BlockManagerMaster: Registered BlockManager BlockManagerId(driver, localhost, 43541, None)
[2025-02-23T20:25:34.791+0000] {docker.py:413} INFO - 25/02/23 20:25:34 INFO BlockManager: Initialized BlockManager: BlockManagerId(driver, localhost, 43541, None)
[2025-02-23T20:25:38.641+0000] {docker.py:413} INFO - 25/02/23 20:25:38 INFO SharedState: Setting hive.metastore.warehouse.dir ('null') to the value of spark.sql.warehouse.dir.
[2025-02-23T20:25:38.651+0000] {docker.py:413} INFO - 25/02/23 20:25:38 INFO SharedState: Warehouse path is 'file:/opt/bitnami/spark/spark-warehouse'.
[2025-02-23T20:25:52.492+0000] {docker.py:413} INFO - 25/02/23 20:25:52 INFO StateStoreCoordinatorRef: Registered StateStoreCoordinator endpoint
[2025-02-23T20:25:52.591+0000] {docker.py:413} INFO - 25/02/23 20:25:52 WARN ResolveWriteToStream: Temporary checkpoint location created which is deleted normally when the query didn't fail: /tmp/temporary-780e4bd8-9643-4205-b6c1-0ccc1ce21e60. If it's required to delete it under any circumstances, please set spark.sql.streaming.forceDeleteTempCheckpointLocation to true. Important to know deleting temp checkpoint folder is best effort.
[2025-02-23T20:25:52.709+0000] {docker.py:413} INFO - 25/02/23 20:25:52 INFO ResolveWriteToStream: Checkpoint root file:///tmp/temporary-780e4bd8-9643-4205-b6c1-0ccc1ce21e60 resolved to file:/tmp/temporary-780e4bd8-9643-4205-b6c1-0ccc1ce21e60.
[2025-02-23T20:25:52.712+0000] {docker.py:413} INFO - 25/02/23 20:25:52 WARN ResolveWriteToStream: spark.sql.adaptive.enabled is not supported in streaming DataFrames/Datasets and will be disabled.
[2025-02-23T20:25:53.850+0000] {docker.py:413} INFO - 25/02/23 20:25:53 INFO CheckpointFileManager: Writing atomically to file:/tmp/temporary-780e4bd8-9643-4205-b6c1-0ccc1ce21e60/metadata using temp file file:/tmp/temporary-780e4bd8-9643-4205-b6c1-0ccc1ce21e60/.metadata.a7348be8-68f6-4578-9765-b2f918104ec5.tmp
[2025-02-23T20:25:54.904+0000] {docker.py:413} INFO - 25/02/23 20:25:54 INFO CheckpointFileManager: Renamed temp file file:/tmp/temporary-780e4bd8-9643-4205-b6c1-0ccc1ce21e60/.metadata.a7348be8-68f6-4578-9765-b2f918104ec5.tmp to file:/tmp/temporary-780e4bd8-9643-4205-b6c1-0ccc1ce21e60/metadata
[2025-02-23T20:25:55.129+0000] {docker.py:413} INFO - 25/02/23 20:25:55 INFO MicroBatchExecution: Starting [id = 8edae6e5-17e7-48d2-9cdb-58874d3072ec, runId = 34ba8ea9-f36a-4d99-a7d4-86a2e8d91217]. Use file:/tmp/temporary-780e4bd8-9643-4205-b6c1-0ccc1ce21e60 to store the query checkpoint.
[2025-02-23T20:25:55.220+0000] {docker.py:413} INFO - 25/02/23 20:25:55 INFO MicroBatchExecution: Reading table [org.apache.spark.sql.kafka010.KafkaSourceProvider$KafkaTable@14c254df] from DataSourceV2 named 'kafka' [org.apache.spark.sql.kafka010.KafkaSourceProvider@2a779555]
[2025-02-23T20:25:55.387+0000] {docker.py:413} INFO - 25/02/23 20:25:55 INFO OffsetSeqLog: BatchIds found from listing:
[2025-02-23T20:25:55.392+0000] {docker.py:413} INFO - 25/02/23 20:25:55 INFO OffsetSeqLog: BatchIds found from listing:
[2025-02-23T20:25:55.397+0000] {docker.py:413} INFO - 25/02/23 20:25:55 INFO MicroBatchExecution: Starting new streaming query.
[2025-02-23T20:25:55.415+0000] {docker.py:413} INFO - 25/02/23 20:25:55 INFO MicroBatchExecution: Stream started from {}
[2025-02-23T20:25:58.015+0000] {docker.py:413} INFO - 25/02/23 20:25:58 INFO AdminClientConfig: AdminClientConfig values: 
	auto.include.jmx.reporter = true
	bootstrap.servers = [kafka:9092]
	client.dns.lookup = use_all_dns_ips
	client.id = 
	connections.max.idle.ms = 300000
	default.api.timeout.ms = 60000
	metadata.max.age.ms = 300000
	metric.reporters = []
	metrics.num.samples = 2
	metrics.recording.level = INFO
	metrics.sample.window.ms = 30000
	receive.buffer.bytes = 65536
	reconnect.backoff.max.ms = 1000
	reconnect.backoff.ms = 50
	request.timeout.ms = 30000
	retries = 2147483647
	retry.backoff.ms = 100
	sasl.client.callback.handler.class = null
	sasl.jaas.config = null
	sasl.kerberos.kinit.cmd = /usr/bin/kinit
	sasl.kerberos.min.time.before.relogin = 60000
	sasl.kerberos.service.name = null
	sasl.kerberos.ticket.renew.jitter = 0.05
	sasl.kerberos.ticket.renew.window.factor = 0.8
	sasl.login.callback.handler.class = null
	sasl.login.class = null
	sasl.login.connect.timeout.ms = null
	sasl.login.read.timeout.ms = null
	sasl.login.refresh.buffer.seconds = 300
	sasl.login.refresh.min.period.seconds = 60
	sasl.login.refresh.window.factor = 0.8
	sasl.login.refresh.window.jitter = 0.05
	sasl.login.retry.backoff.max.ms = 10000
	sasl.login.retry.backoff.ms = 100
	sasl.mechanism = GSSAPI
	sasl.oauthbearer.clock.skew.seconds = 30
	sasl.oauthbearer.expected.audience = null
	sasl.oauthbearer.expected.issuer = null
	sasl.oauthbearer.jwks.endpoint.refresh.ms = 3600000
	sasl.oauthbearer.jwks.endpoint.retry.backoff.max.ms = 10000
	sasl.oauthbearer.jwks.endpoint.retry.backoff.ms = 100
	sasl.oauthbearer.jwks.endpoint.url = null
	sasl.oauthbearer.scope.claim.name = scope
	sasl.oauthbearer.sub.claim.name = sub
	sasl.oauthbearer.token.endpoint.url = null
	security.protocol = PLAINTEXT
	security.providers = null
	send.buffer.bytes = 131072
	socket.connection.setup.timeout.max.ms = 30000
	socket.connection.setup.timeout.ms = 10000
	ssl.cipher.suites = null
	ssl.enabled.protocols = [TLSv1.2, TLSv1.3]
	ssl.endpoint.identification.algorithm = https
	ssl.engine.factory.class = null
	ssl.key.*** = null
	ssl.keymanager.algorithm = SunX509
	ssl.keystore.certificate.chain = null
	ssl.keystore.key = null
	ssl.keystore.location = null
	ssl.keystore.*** = null
	ssl.keystore.type = JKS
	ssl.protocol = TLSv1.3
	ssl.provider = null
	ssl.secure.random.implementation = null
	ssl.trustmanager.algorithm = PKIX
	ssl.truststore.certificates = null
	ssl.truststore.location = null
	ssl.truststore.*** = null
	ssl.truststore.type = JKS
[2025-02-23T20:25:58.756+0000] {docker.py:413} INFO - 25/02/23 20:25:58 WARN AdminClientConfig: These configurations '[key.deserializer, value.deserializer, enable.auto.commit, max.poll.records, auto.offset.reset]' were supplied but are not used yet.
[2025-02-23T20:25:58.779+0000] {docker.py:413} INFO - 25/02/23 20:25:58 INFO AppInfoParser: Kafka version: 3.4.1
[2025-02-23T20:25:58.784+0000] {docker.py:413} INFO - 25/02/23 20:25:58 INFO AppInfoParser: Kafka commitId: 8a516edc2755df89
[2025-02-23T20:25:58.788+0000] {docker.py:413} INFO - 25/02/23 20:25:58 INFO AppInfoParser: Kafka startTimeMs: 1740342358751
[2025-02-23T20:26:02.632+0000] {docker.py:413} INFO - 25/02/23 20:26:02 INFO CheckpointFileManager: Writing atomically to file:/tmp/temporary-780e4bd8-9643-4205-b6c1-0ccc1ce21e60/sources/0/0 using temp file file:/tmp/temporary-780e4bd8-9643-4205-b6c1-0ccc1ce21e60/sources/0/.0.d6827783-2fc6-41ea-b777-0baf725f4820.tmp
[2025-02-23T20:26:02.815+0000] {docker.py:413} INFO - 25/02/23 20:26:02 INFO CheckpointFileManager: Renamed temp file file:/tmp/temporary-780e4bd8-9643-4205-b6c1-0ccc1ce21e60/sources/0/.0.d6827783-2fc6-41ea-b777-0baf725f4820.tmp to file:/tmp/temporary-780e4bd8-9643-4205-b6c1-0ccc1ce21e60/sources/0/0
[2025-02-23T20:26:02.822+0000] {docker.py:413} INFO - 25/02/23 20:26:02 INFO KafkaMicroBatchStream: Initial offsets: {"online_retail":{"0":0}}
[2025-02-23T20:26:03.257+0000] {docker.py:413} INFO - 25/02/23 20:26:03 INFO CheckpointFileManager: Writing atomically to file:/tmp/temporary-780e4bd8-9643-4205-b6c1-0ccc1ce21e60/offsets/0 using temp file file:/tmp/temporary-780e4bd8-9643-4205-b6c1-0ccc1ce21e60/offsets/.0.02db0dc3-408d-414a-ae12-2e187c1a6f07.tmp
[2025-02-23T20:26:03.553+0000] {docker.py:413} INFO - 25/02/23 20:26:03 INFO CheckpointFileManager: Renamed temp file file:/tmp/temporary-780e4bd8-9643-4205-b6c1-0ccc1ce21e60/offsets/.0.02db0dc3-408d-414a-ae12-2e187c1a6f07.tmp to file:/tmp/temporary-780e4bd8-9643-4205-b6c1-0ccc1ce21e60/offsets/0
[2025-02-23T20:26:03.560+0000] {docker.py:413} INFO - 25/02/23 20:26:03 INFO MicroBatchExecution: Committed offsets for batch 0. Metadata OffsetSeqMetadata(0,1740342363012,Map(spark.sql.streaming.stateStore.providerClass -> org.apache.spark.sql.execution.streaming.state.HDFSBackedStateStoreProvider, spark.sql.streaming.join.stateFormatVersion -> 2, spark.sql.streaming.stateStore.compression.codec -> lz4, spark.sql.streaming.stateStore.rocksdb.formatVersion -> 5, spark.sql.streaming.statefulOperator.useStrictDistribution -> true, spark.sql.streaming.flatMapGroupsWithState.stateFormatVersion -> 2, spark.sql.streaming.multipleWatermarkPolicy -> min, spark.sql.streaming.aggregation.stateFormatVersion -> 2, spark.sql.shuffle.partitions -> 200))
[2025-02-23T20:26:06.847+0000] {docker.py:413} INFO - 25/02/23 20:26:06 INFO KafkaOffsetReaderAdmin: Partitions added: Map()
[2025-02-23T20:26:07.297+0000] {docker.py:413} INFO - 25/02/23 20:26:07 INFO KafkaOffsetReaderAdmin: Partitions added: Map()
[2025-02-23T20:26:07.723+0000] {docker.py:413} INFO - 25/02/23 20:26:07 INFO KafkaOffsetReaderAdmin: Partitions added: Map()
[2025-02-23T20:26:07.730+0000] {docker.py:413} INFO - 25/02/23 20:26:07 INFO KafkaOffsetReaderAdmin: Partitions added: Map()
[2025-02-23T20:26:09.404+0000] {docker.py:413} INFO - 25/02/23 20:26:09 INFO CodeGenerator: Code generated in 1124.408282 ms
[2025-02-23T20:26:11.241+0000] {docker.py:413} INFO - 25/02/23 20:26:11 ERROR MicroBatchExecution: Query [id = 8edae6e5-17e7-48d2-9cdb-58874d3072ec, runId = 34ba8ea9-f36a-4d99-a7d4-86a2e8d91217] terminated with error
py4j.Py4JException: An exception was raised by the Python Proxy. Return Message: Traceback (most recent call last):
  File "/opt/bitnami/spark/python/lib/py4j-0.10.9.7-src.zip/py4j/clientserver.py", line 617, in _call_proxy
    return_value = getattr(self.pool[obj_id], method)(*params)
                   ^^^^^^^^^^^^^^^^^^^^^^^^^^^^^^^^^^^^^^^^^^^
  File "/opt/bitnami/spark/python/lib/pyspark.zip/pyspark/sql/utils.py", line 120, in call
    raise e
  File "/opt/bitnami/spark/python/lib/pyspark.zip/pyspark/sql/utils.py", line 117, in call
    self.func(DataFrame(jdf, wrapped_session_jdf), batch_id)
  File "/opt/bitnami/spark/spark_pgsql.py", line 54, in write_to_postgres
    .save()
     ^^^^^^
  File "/opt/bitnami/spark/python/lib/pyspark.zip/pyspark/sql/readwriter.py", line 1461, in save
    self._jwrite.save()
  File "/opt/bitnami/spark/python/lib/py4j-0.10.9.7-src.zip/py4j/java_gateway.py", line 1322, in __call__
    return_value = get_return_value(
                   ^^^^^^^^^^^^^^^^^
  File "/opt/bitnami/spark/python/lib/pyspark.zip/pyspark/errors/exceptions/captured.py", line 179, in deco
    return f(*a, **kw)
           ^^^^^^^^^^^
  File "/opt/bitnami/spark/python/lib/py4j-0.10.9.7-src.zip/py4j/protocol.py", line 326, in get_return_value
    raise Py4JJavaError(
py4j.protocol.Py4JJavaError: An error occurred while calling o65.save.
: org.postgresql.util.PSQLException: The connection attempt failed.
	at org.postgresql.core.v3.ConnectionFactoryImpl.openConnectionImpl(ConnectionFactoryImpl.java:354)
	at org.postgresql.core.ConnectionFactory.openConnection(ConnectionFactory.java:54)
	at org.postgresql.jdbc.PgConnection.<init>(PgConnection.java:253)
	at org.postgresql.Driver.makeConnection(Driver.java:434)
	at org.postgresql.Driver.connect(Driver.java:291)
	at org.apache.spark.sql.execution.datasources.jdbc.connection.BasicConnectionProvider.getConnection(BasicConnectionProvider.scala:49)
	at org.apache.spark.sql.execution.datasources.jdbc.connection.ConnectionProviderBase.create(ConnectionProvider.scala:102)
	at org.apache.spark.sql.jdbc.JdbcDialect.$anonfun$createConnectionFactory$1(JdbcDialects.scala:160)
	at org.apache.spark.sql.jdbc.JdbcDialect.$anonfun$createConnectionFactory$1$adapted(JdbcDialects.scala:156)
	at org.apache.spark.sql.execution.datasources.jdbc.JdbcRelationProvider.createRelation(JdbcRelationProvider.scala:50)
	at org.apache.spark.sql.execution.datasources.SaveIntoDataSourceCommand.run(SaveIntoDataSourceCommand.scala:48)
	at org.apache.spark.sql.execution.command.ExecutedCommandExec.sideEffectResult$lzycompute(commands.scala:75)
	at org.apache.spark.sql.execution.command.ExecutedCommandExec.sideEffectResult(commands.scala:73)
	at org.apache.spark.sql.execution.command.ExecutedCommandExec.executeCollect(commands.scala:84)
	at org.apache.spark.sql.execution.QueryExecution$$anonfun$eagerlyExecuteCommands$1.$anonfun$applyOrElse$1(QueryExecution.scala:107)
	at org.apache.spark.sql.execution.SQLExecution$.$anonfun$withNewExecutionId$6(SQLExecution.scala:125)
	at org.apache.spark.sql.execution.SQLExecution$.withSQLConfPropagated(SQLExecution.scala:201)
	at org.apache.spark.sql.execution.SQLExecution$.$anonfun$withNewExecutionId$1(SQLExecution.scala:108)
	at org.apache.spark.sql.SparkSession.withActive(SparkSession.scala:900)
	at org.apache.spark.sql.execution.SQLExecution$.withNewExecutionId(SQLExecution.scala:66)
	at org.apache.spark.sql.execution.QueryExecution$$anonfun$eagerlyExecuteCommands$1.applyOrElse(QueryExecution.scala:107)
	at org.apache.spark.sql.execution.QueryExecution$$anonfun$eagerlyExecuteCommands$1.applyOrElse(QueryExecution.scala:98)
	at org.apache.spark.sql.catalyst.trees.TreeNode.$anonfun$transformDownWithPruning$1(TreeNode.scala:461)
	at org.apache.spark.sql.catalyst.trees.CurrentOrigin$.withOrigin(origin.scala:76)
	at org.apache.spark.sql.catalyst.trees.TreeNode.transformDownWithPruning(TreeNode.scala:461)
	at org.apache.spark.sql.catalyst.plans.logical.LogicalPlan.org$apache$spark$sql$catalyst$plans$logical$AnalysisHelper$$super$transformDownWithPruning(LogicalPlan.scala:32)
	at org.apache.spark.sql.catalyst.plans.logical.AnalysisHelper.transformDownWithPruning(AnalysisHelper.scala:267)
	at org.apache.spark.sql.catalyst.plans.logical.AnalysisHelper.transformDownWithPruning$(AnalysisHelper.scala:263)
	at org.apache.spark.sql.catalyst.plans.logical.LogicalPlan.transformDownWithPruning(LogicalPlan.scala:32)
	at org.apache.spark.sql.catalyst.plans.logical.LogicalPlan.transformDownWithPruning(LogicalPlan.scala:32)
	at org.apache.spark.sql.catalyst.trees.TreeNode.transformDown(TreeNode.scala:437)
	at org.apache.spark.sql.execution.QueryExecution.eagerlyExecuteCommands(QueryExecution.scala:98)
	at org.apache.spark.sql.execution.QueryExecution.commandExecuted$lzycompute(QueryExecution.scala:85)
	at org.apache.spark.sql.execution.QueryExecution.commandExecuted(QueryExecution.scala:83)
	at org.apache.spark.sql.execution.QueryExecution.assertCommandExecuted(QueryExecution.scala:142)
	at org.apache.spark.sql.DataFrameWriter.runCommand(DataFrameWriter.scala:859)
	at org.apache.spark.sql.DataFrameWriter.saveToV1Source(DataFrameWriter.scala:388)
	at org.apache.spark.sql.DataFrameWriter.saveInternal(DataFrameWriter.scala:361)
	at org.apache.spark.sql.DataFrameWriter.save(DataFrameWriter.scala:248)
	at java.base/jdk.internal.reflect.NativeMethodAccessorImpl.invoke0(Native Method)
	at java.base/jdk.internal.reflect.NativeMethodAccessorImpl.invoke(NativeMethodAccessorImpl.java:77)
	at java.base/jdk.internal.reflect.DelegatingMethodAccessorImpl.invoke(DelegatingMethodAccessorImpl.java:43)
	at java.base/java.lang.reflect.Method.invoke(Method.java:568)
	at py4j.reflection.MethodInvoker.invoke(MethodInvoker.java:244)
	at py4j.reflection.ReflectionEngine.invoke(ReflectionEngine.java:374)
	at py4j.Gateway.invoke(Gateway.java:282)
	at py4j.commands.AbstractCommand.invokeMethod(AbstractCommand.java:132)
	at py4j.commands.CallCommand.execute(CallCommand.java:79)
	at py4j.ClientServerConnection.sendCommand(ClientServerConnection.java:244)
	at py4j.CallbackClient.sendCommand(CallbackClient.java:384)
	at py4j.CallbackClient.sendCommand(CallbackClient.java:356)
	at py4j.reflection.PythonProxyHandler.invoke(PythonProxyHandler.java:106)
	at jdk.proxy3/jdk.proxy3.$Proxy30.call(Unknown Source)
	at org.apache.spark.sql.execution.streaming.sources.PythonForeachBatchHelper$.$anonfun$callForeachBatch$1(ForeachBatchSink.scala:53)
	at org.apache.spark.sql.execution.streaming.sources.PythonForeachBatchHelper$.$anonfun$callForeachBatch$1$adapted(ForeachBatchSink.scala:53)
	at org.apache.spark.sql.execution.streaming.sources.ForeachBatchSink.addBatch(ForeachBatchSink.scala:34)
	at org.apache.spark.sql.execution.streaming.MicroBatchExecution.$anonfun$runBatch$17(MicroBatchExecution.scala:732)
	at org.apache.spark.sql.execution.SQLExecution$.$anonfun$withNewExecutionId$6(SQLExecution.scala:125)
	at org.apache.spark.sql.execution.SQLExecution$.withSQLConfPropagated(SQLExecution.scala:201)
	at org.apache.spark.sql.execution.SQLExecution$.$anonfun$withNewExecutionId$1(SQLExecution.scala:108)
	at org.apache.spark.sql.SparkSession.withActive(SparkSession.scala:900)
	at org.apache.spark.sql.execution.SQLExecution$.withNewExecutionId(SQLExecution.scala:66)
	at org.apache.spark.sql.execution.streaming.MicroBatchExecution.$anonfun$runBatch$16(MicroBatchExecution.scala:729)
	at org.apache.spark.sql.execution.streaming.ProgressReporter.reportTimeTaken(ProgressReporter.scala:427)
	at org.apache.spark.sql.execution.streaming.ProgressReporter.reportTimeTaken$(ProgressReporter.scala:425)
	at org.apache.spark.sql.execution.streaming.StreamExecution.reportTimeTaken(StreamExecution.scala:67)
	at org.apache.spark.sql.execution.streaming.MicroBatchExecution.runBatch(MicroBatchExecution.scala:729)
	at org.apache.spark.sql.execution.streaming.MicroBatchExecution.$anonfun$runActivatedStream$2(MicroBatchExecution.scala:286)
	at scala.runtime.java8.JFunction0$mcV$sp.apply(JFunction0$mcV$sp.java:23)
	at org.apache.spark.sql.execution.streaming.ProgressReporter.reportTimeTaken(ProgressReporter.scala:427)
	at org.apache.spark.sql.execution.streaming.ProgressReporter.reportTimeTaken$(ProgressReporter.scala:425)
	at org.apache.spark.sql.execution.streaming.StreamExecution.reportTimeTaken(StreamExecution.scala:67)
	at org.apache.spark.sql.execution.streaming.MicroBatchExecution.$anonfun$runActivatedStream$1(MicroBatchExecution.scala:249)
	at org.apache.spark.sql.execution.streaming.ProcessingTimeExecutor.execute(TriggerExecutor.scala:67)
	at org.apache.spark.sql.execution.streaming.MicroBatchExecution.runActivatedStream(MicroBatchExecution.scala:239)
	at org.apache.spark.sql.execution.streaming.StreamExecution.$anonfun$runStream$1(StreamExecution.scala:311)
	at scala.runtime.java8.JFunction0$mcV$sp.apply(JFunction0$mcV$sp.java:23)
	at org.apache.spark.sql.SparkSession.withActive(SparkSession.scala:900)
	at org.apache.spark.sql.execution.streaming.StreamExecution.org$apache$spark$sql$execution$streaming$StreamExecution$$runStream(StreamExecution.scala:289)
	at org.apache.spark.sql.execution.streaming.StreamExecution$$anon$1.$anonfun$run$1(StreamExecution.scala:211)
	at scala.runtime.java8.JFunction0$mcV$sp.apply(JFunction0$mcV$sp.java:23)
	at org.apache.spark.JobArtifactSet$.withActiveJobArtifactState(JobArtifactSet.scala:94)
	at org.apache.spark.sql.execution.streaming.StreamExecution$$anon$1.run(StreamExecution.scala:211)
Caused by: java.net.UnknownHostException: None
	at java.base/sun.nio.ch.NioSocketImpl.connect(NioSocketImpl.java:572)
	at java.base/java.net.SocksSocketImpl.connect(SocksSocketImpl.java:327)
	at java.base/java.net.Socket.connect(Socket.java:633)
	at org.postgresql.core.PGStream.createSocket(PGStream.java:243)
	at org.postgresql.core.PGStream.<init>(PGStream.java:98)
	at org.postgresql.core.v3.ConnectionFactoryImpl.tryConnect(ConnectionFactoryImpl.java:132)
	at org.postgresql.core.v3.ConnectionFactoryImpl.openConnectionImpl(ConnectionFactoryImpl.java:258)
	... 82 more


	at py4j.Protocol.getReturnValue(Protocol.java:476)
	at py4j.reflection.PythonProxyHandler.invoke(PythonProxyHandler.java:108)
	at jdk.proxy3/jdk.proxy3.$Proxy30.call(Unknown Source)
	at org.apache.spark.sql.execution.streaming.sources.PythonForeachBatchHelper$.$anonfun$callForeachBatch$1(ForeachBatchSink.scala:53)
	at org.apache.spark.sql.execution.streaming.sources.PythonForeachBatchHelper$.$anonfun$callForeachBatch$1$adapted(ForeachBatchSink.scala:53)
	at org.apache.spark.sql.execution.streaming.sources.ForeachBatchSink.addBatch(ForeachBatchSink.scala:34)
	at org.apache.spark.sql.execution.streaming.MicroBatchExecution.$anonfun$runBatch$17(MicroBatchExecution.scala:732)
	at org.apache.spark.sql.execution.SQLExecution$.$anonfun$withNewExecutionId$6(SQLExecution.scala:125)
	at org.apache.spark.sql.execution.SQLExecution$.withSQLConfPropagated(SQLExecution.scala:201)
	at org.apache.spark.sql.execution.SQLExecution$.$anonfun$withNewExecutionId$1(SQLExecution.scala:108)
	at org.apache.spark.sql.SparkSession.withActive(SparkSession.scala:900)
	at org.apache.spark.sql.execution.SQLExecution$.withNewExecutionId(SQLExecution.scala:66)
	at org.apache.spark.sql.execution.streaming.MicroBatchExecution.$anonfun$runBatch$16(MicroBatchExecution.scala:729)
	at org.apache.spark.sql.execution.streaming.ProgressReporter.reportTimeTaken(ProgressReporter.scala:427)
	at org.apache.spark.sql.execution.streaming.ProgressReporter.reportTimeTaken$(ProgressReporter.scala:425)
	at org.apache.spark.sql.execution.streaming.StreamExecution.reportTimeTaken(StreamExecution.scala:67)
	at org.apache.spark.sql.execution.streaming.MicroBatchExecution.runBatch(MicroBatchExecution.scala:729)
	at org.apache.spark.sql.execution.streaming.MicroBatchExecution.$anonfun$runActivatedStream$2(MicroBatchExecution.scala:286)
	at scala.runtime.java8.JFunction0$mcV$sp.apply(JFunction0$mcV$sp.java:23)
	at org.apache.spark.sql.execution.streaming.ProgressReporter.reportTimeTaken(ProgressReporter.scala:427)
	at org.apache.spark.sql.execution.streaming.ProgressReporter.reportTimeTaken$(ProgressReporter.scala:425)
	at org.apache.spark.sql.execution.streaming.StreamExecution.reportTimeTaken(StreamExecution.scala:67)
	at org.apache.spark.sql.execution.streaming.MicroBatchExecution.$anonfun$runActivatedStream$1(MicroBatchExecution.scala:249)
	at org.apache.spark.sql.execution.streaming.ProcessingTimeExecutor.execute(TriggerExecutor.scala:67)
	at org.apache.spark.sql.execution.streaming.MicroBatchExecution.runActivatedStream(MicroBatchExecution.scala:239)
	at org.apache.spark.sql.execution.streaming.StreamExecution.$anonfun$runStream$1(StreamExecution.scala:311)
	at scala.runtime.java8.JFunction0$mcV$sp.apply(JFunction0$mcV$sp.java:23)
	at org.apache.spark.sql.SparkSession.withActive(SparkSession.scala:900)
	at org.apache.spark.sql.execution.streaming.StreamExecution.org$apache$spark$sql$execution$streaming$StreamExecution$$runStream(StreamExecution.scala:289)
	at org.apache.spark.sql.execution.streaming.StreamExecution$$anon$1.$anonfun$run$1(StreamExecution.scala:211)
	at scala.runtime.java8.JFunction0$mcV$sp.apply(JFunction0$mcV$sp.java:23)
	at org.apache.spark.JobArtifactSet$.withActiveJobArtifactState(JobArtifactSet.scala:94)
	at org.apache.spark.sql.execution.streaming.StreamExecution$$anon$1.run(StreamExecution.scala:211)
[2025-02-23T20:26:11.245+0000] {docker.py:413} INFO - 25/02/23 20:26:11 INFO AppInfoParser: App info kafka.admin.client for adminclient-1 unregistered
[2025-02-23T20:26:11.273+0000] {docker.py:413} INFO - 25/02/23 20:26:11 INFO Metrics: Metrics scheduler closed
25/02/23 20:26:11 INFO Metrics: Closing reporter org.apache.kafka.common.metrics.JmxReporter
[2025-02-23T20:26:11.276+0000] {docker.py:413} INFO - 25/02/23 20:26:11 INFO Metrics: Metrics reporters closed
[2025-02-23T20:26:11.282+0000] {docker.py:413} INFO - 25/02/23 20:26:11 INFO MicroBatchExecution: Async log purge executor pool for query [id = 8edae6e5-17e7-48d2-9cdb-58874d3072ec, runId = 34ba8ea9-f36a-4d99-a7d4-86a2e8d91217] has been shutdown
[2025-02-23T20:26:11.608+0000] {docker.py:413} INFO - Traceback (most recent call last):
  File "/opt/bitnami/spark/spark_pgsql.py", line 71, in <module>
[2025-02-23T20:26:11.611+0000] {docker.py:413} INFO - main()
  File "/opt/bitnami/spark/spark_pgsql.py", line 68, in main
[2025-02-23T20:26:11.612+0000] {docker.py:413} INFO - 
[2025-02-23T20:26:11.613+0000] {docker.py:413} INFO - query.awaitTermination()
[2025-02-23T20:26:11.615+0000] {docker.py:413} INFO - 
[2025-02-23T20:26:11.616+0000] {docker.py:413} INFO - File "/opt/bitnami/spark/python/lib/pyspark.zip/pyspark/sql/streaming/query.py", line 221, in awaitTermination
[2025-02-23T20:26:11.616+0000] {docker.py:413} INFO - File "/opt/bitnami/spark/python/lib/py4j-0.10.9.7-src.zip/py4j/java_gateway.py", line 1322, in __call__
[2025-02-23T20:26:11.618+0000] {docker.py:413} INFO - File "/opt/bitnami/spark/python/lib/pyspark.zip/pyspark/errors/exceptions/captured.py", line 185, in deco
[2025-02-23T20:26:11.619+0000] {docker.py:413} INFO - pyspark.errors.exceptions.captured
[2025-02-23T20:26:11.621+0000] {docker.py:413} INFO - .
[2025-02-23T20:26:11.621+0000] {docker.py:413} INFO - StreamingQueryException
[2025-02-23T20:26:11.655+0000] {docker.py:413} INFO - : [STREAM_FAILED] Query [id = 8edae6e5-17e7-48d2-9cdb-58874d3072ec, runId = 34ba8ea9-f36a-4d99-a7d4-86a2e8d91217] terminated with exception: An exception was raised by the Python Proxy. Return Message: Traceback (most recent call last):
  File "/opt/bitnami/spark/python/lib/py4j-0.10.9.7-src.zip/py4j/clientserver.py", line 617, in _call_proxy
    return_value = getattr(self.pool[obj_id], method)(*params)
                   ^^^^^^^^^^^^^^^^^^^^^^^^^^^^^^^^^^^^^^^^^^^
  File "/opt/bitnami/spark/python/lib/pyspark.zip/pyspark/sql/utils.py", line 120, in call
    raise e
  File "/opt/bitnami/spark/python/lib/pyspark.zip/pyspark/sql/utils.py", line 117, in call
    self.func(DataFrame(jdf, wrapped_session_jdf), batch_id)
  File "/opt/bitnami/spark/spark_pgsql.py", line 54, in write_to_postgres
    .save()
     ^^^^^^
  File "/opt/bitnami/spark/python/lib/pyspark.zip/pyspark/sql/readwriter.py", line 1461, in save
    self._jwrite.save()
  File "/opt/bitnami/spark/python/lib/py4j-0.10.9.7-src.zip/py4j/java_gateway.py", line 1322, in __call__
    return_value = get_return_value(
                   ^^^^^^^^^^^^^^^^^
  File "/opt/bitnami/spark/python/lib/pyspark.zip/pyspark/errors/exceptions/captured.py", line 179, in deco
    return f(*a, **kw)
           ^^^^^^^^^^^
  File "/opt/bitnami/spark/python/lib/py4j-0.10.9.7-src.zip/py4j/protocol.py", line 326, in get_return_value
    raise Py4JJavaError(
py4j.protocol.Py4JJavaError: An error occurred while calling o65.save.
: org.postgresql.util.PSQLException: The connection attempt failed.
	at org.postgresql.core.v3.ConnectionFactoryImpl.openConnectionImpl(ConnectionFactoryImpl.java:354)
	at org.postgresql.core.ConnectionFactory.openConnection(ConnectionFactory.java:54)
	at org.postgresql.jdbc.PgConnection.<init>(PgConnection.java:253)
	at org.postgresql.Driver.makeConnection(Driver.java:434)
	at org.postgresql.Driver.connect(Driver.java:291)
	at org.apache.spark.sql.execution.datasources.jdbc.connection.BasicConnectionProvider.getConnection(BasicConnectionProvider.scala:49)
	at org.apache.spark.sql.execution.datasources.jdbc.connection.ConnectionProviderBase.create(ConnectionProvider.scala:102)
	at org.apache.spark.sql.jdbc.JdbcDialect.$anonfun$createConnectionFactory$1(JdbcDialects.scala:160)
	at org.apache.spark.sql.jdbc.JdbcDialect.$anonfun$createConnectionFactory$1$adapted(JdbcDialects.scala:156)
	at org.apache.spark.sql.execution.datasources.jdbc.JdbcRelationProvider.createRelation(JdbcRelationProvider.scala:50)
	at org.apache.spark.sql.execution.datasources.SaveIntoDataSourceCommand.run(SaveIntoDataSourceCommand.scala:48)
	at org.apache.spark.sql.execution.command.ExecutedCommandExec.sideEffectResult$lzycompute(commands.scala:75)
	at org.apache.spark.sql.execution.command.ExecutedCommandExec.sideEffectResult(commands.scala:73)
	at org.apache.spark.sql.execution.command.ExecutedCommandExec.executeCollect(commands.scala:84)
	at org.apache.spark.sql.execution.QueryExecution$$anonfun$eagerlyExecuteCommands$1.$anonfun$applyOrElse$1(QueryExecution.scala:107)
	at org.apache.spark.sql.execution.SQLExecution$.$anonfun$withNewExecutionId$6(SQLExecution.scala:125)
	at org.apache.spark.sql.execution.SQLExecution$.withSQLConfPropagated(SQLExecution.scala:201)
	at org.apache.spark.sql.execution.SQLExecution$.$anonfun$withNewExecutionId$1(SQLExecution.scala:108)
	at org.apache.spark.sql.SparkSession.withActive(SparkSession.scala:900)
	at org.apache.spark.sql.execution.SQLExecution$.withNewExecutionId(SQLExecution.scala:66)
	at org.apache.spark.sql.execution.QueryExecution$$anonfun$eagerlyExecuteCommands$1.applyOrElse(QueryExecution.scala:107)
	at org.apache.spark.sql.execution.QueryExecution$$anonfun$eagerlyExecuteCommands$1.applyOrElse(QueryExecution.scala:98)
	at org.apache.spark.sql.catalyst.trees.TreeNode.$anonfun$transformDownWithPruning$1(TreeNode.scala:461)
	at org.apache.spark.sql.catalyst.trees.CurrentOrigin$.withOrigin(origin.scala:76)
	at org.apache.spark.sql.catalyst.trees.TreeNode.transformDownWithPruning(TreeNode.scala:461)
	at org.apache.spark.sql.catalyst.plans.logical.LogicalPlan.org$apache$spark$sql$catalyst$plans$logical$AnalysisHelper$$super$transformDownWithPruning(LogicalPlan.scala:32)
	at org.apache.spark.sql.catalyst.plans.logical.AnalysisHelper.transformDownWithPruning(AnalysisHelper.scala:267)
	at org.apache.spark.sql.catalyst.plans.logical.AnalysisHelper.transformDownWithPruning$(AnalysisHelper.scala:263)
	at org.apache.spark.sql.catalyst.plans.logical.LogicalPlan.transformDownWithPruning(LogicalPlan.scala:32)
	at org.apache.spark.sql.catalyst.plans.logical.LogicalPlan.transformDownWithPruning(LogicalPlan.scala:32)
	at org.apache.spark.sql.catalyst.trees.TreeNode.transformDown(TreeNode.scala:437)
	at org.apache.spark.sql.execution.QueryExecution.eagerlyExecuteCommands(QueryExecution.scala:98)
	at org.apache.spark.sql.execution.QueryExecution.commandExecuted$lzycompute(QueryExecution.scala:85)
	at org.apache.spark.sql.execution.QueryExecution.commandExecuted(QueryExecution.scala:83)
	at org.apache.spark.sql.execution.QueryExecution.assertCommandExecuted(QueryExecution.scala:142)
	at org.apache.spark.sql.DataFrameWriter.runCommand(DataFrameWriter.scala:859)
	at org.apache.spark.sql.DataFrameWriter.saveToV1Source(DataFrameWriter.scala:388)
	at org.apache.spark.sql.DataFrameWriter.saveInternal(DataFrameWriter.scala:361)
	at org.apache.spark.sql.DataFrameWriter.save(DataFrameWriter.scala:248)
	at java.base/jdk.internal.reflect.NativeMethodAccessorImpl.invoke0(Native Method)
	at java.base/jdk.internal.reflect.NativeMethodAccessorImpl.invoke(NativeMethodAccessorImpl.java:77)
	at java.base/jdk.internal.reflect.DelegatingMethodAccessorImpl.invoke(DelegatingMethodAccessorImpl.java:43)
	at java.base/java.lang.reflect.Method.invoke(Method.java:568)
	at py4j.reflection.MethodInvoker.invoke(MethodInvoker.java:244)
	at py4j.reflection.ReflectionEngine.invoke(ReflectionEngine.java:374)
	at py4j.Gateway.invoke(Gateway.java:282)
	at py4j.commands.AbstractCommand.invokeMethod(AbstractCommand.java:132)
	at py4j.commands.CallCommand.execute(CallCommand.java:79)
	at py4j.ClientServerConnection.sendCommand(ClientServerConnection.java:244)
	at py4j.CallbackClient.sendCommand(CallbackClient.java:384)
	at py4j.CallbackClient.sendCommand(CallbackClient.java:356)
	at py4j.reflection.PythonProxyHandler.invoke(PythonProxyHandler.java:106)
	at jdk.proxy3/jdk.proxy3.$Proxy30.call(Unknown Source)
	at org.apache.spark.sql.execution.streaming.sources.PythonForeachBatchHelper$.$anonfun$callForeachBatch$1(ForeachBatchSink.scala:53)
	at org.apache.spark.sql.execution.streaming.sources.PythonForeachBatchHelper$.$anonfun$callForeachBatch$1$adapted(ForeachBatchSink.scala:53)
	at org.apache.spark.sql.execution.streaming.sources.ForeachBatchSink.addBatch(ForeachBatchSink.scala:34)
	at org.apache.spark.sql.execution.streaming.MicroBatchExecution.$anonfun$runBatch$17(MicroBatchExecution.scala:732)
	at org.apache.spark.sql.execution.SQLExecution$.$anonfun$withNewExecutionId$6(SQLExecution.scala:125)
	at org.apache.spark.sql.execution.SQLExecution$.withSQLConfPropagated(SQLExecution.scala:201)
	at org.apache.spark.sql.execution.SQLExecution$.$anonfun$withNewExecutionId$1(SQLExecution.scala:108)
	at org.apache.spark.sql.SparkSession.withActive(SparkSession.scala:900)
	at org.apache.spark.sql.execution.SQLExecution$.withNewExecutionId(SQLExecution.scala:66)
	at org.apache.spark.sql.execution.streaming.MicroBatchExecution.$anonfun$runBatch$16(MicroBatchExecution.scala:729)
	at org.apache.spark.sql.execution.streaming.ProgressReporter.reportTimeTaken(ProgressReporter.scala:427)
	at org.apache.spark.sql.execution.streaming.ProgressReporter.reportTimeTaken$(ProgressReporter.scala:425)
	at org.apache.spark.sql.execution.streaming.StreamExecution.reportTimeTaken(StreamExecution.scala:67)
	at org.apache.spark.sql.execution.streaming.MicroBatchExecution.runBatch(MicroBatchExecution.scala:729)
	at org.apache.spark.sql.execution.streaming.MicroBatchExecution.$anonfun$runActivatedStream$2(MicroBatchExecution.scala:286)
	at scala.runtime.java8.JFunction0$mcV$sp.apply(JFunction0$mcV$sp.java:23)
	at org.apache.spark.sql.execution.streaming.ProgressReporter.reportTimeTaken(ProgressReporter.scala:427)
	at org.apache.spark.sql.execution.streaming.ProgressReporter.reportTimeTaken$(ProgressReporter.scala:425)
	at org.apache.spark.sql.execution.streaming.StreamExecution.reportTimeTaken(StreamExecution.scala:67)
	at org.apache.spark.sql.execution.streaming.MicroBatchExecution.$anonfun$runActivatedStream$1(MicroBatchExecution.scala:249)
	at org.apache.spark.sql.execution.streaming.ProcessingTimeExecutor.execute(TriggerExecutor.scala:67)
	at org.apache.spark.sql.execution.streaming.MicroBatchExecution.runActivatedStream(MicroBatchExecution.scala:239)
	at org.apache.spark.sql.execution.streaming.StreamExecution.$anonfun$runStream$1(StreamExecution.scala:311)
	at scala.runtime.java8.JFunction0$mcV$sp.apply(JFunction0$mcV$sp.java:23)
	at org.apache.spark.sql.SparkSession.withActive(SparkSession.scala:900)
	at org.apache.spark.sql.execution.streaming.StreamExecution.org$apache$spark$sql$execution$streaming$StreamExecution$$runStream(StreamExecution.scala:289)
	at org.apache.spark.sql.execution.streaming.StreamExecution$$anon$1.$anonfun$run$1(StreamExecution.scala:211)
	at scala.runtime.java8.JFunction0$mcV$sp.apply(JFunction0$mcV$sp.java:23)
	at org.apache.spark.JobArtifactSet$.withActiveJobArtifactState(JobArtifactSet.scala:94)
	at org.apache.spark.sql.execution.streaming.StreamExecution$$anon$1.run(StreamExecution.scala:211)
Caused by: java.net.UnknownHostException: None
	at java.base/sun.nio.ch.NioSocketImpl.connect(NioSocketImpl.java:572)
	at java.base/java.net.SocksSocketImpl.connect(SocksSocketImpl.java:327)
	at java.base/java.net.Socket.connect(Socket.java:633)
	at org.postgresql.core.PGStream.createSocket(PGStream.java:243)
	at org.postgresql.core.PGStream.<init>(PGStream.java:98)
	at org.postgresql.core.v3.ConnectionFactoryImpl.tryConnect(ConnectionFactoryImpl.java:132)
	at org.postgresql.core.v3.ConnectionFactoryImpl.openConnectionImpl(ConnectionFactoryImpl.java:258)
	... 82 more
[2025-02-23T20:26:11.818+0000] {docker.py:413} INFO - 25/02/23 20:26:11 INFO SparkContext: Invoking stop() from shutdown hook
[2025-02-23T20:26:11.822+0000] {docker.py:413} INFO - 25/02/23 20:26:11 INFO SparkContext: SparkContext is stopping with exitCode 0.
[2025-02-23T20:26:11.931+0000] {docker.py:413} INFO - 25/02/23 20:26:11 INFO SparkUI: Stopped Spark web UI at http://localhost:4040
[2025-02-23T20:26:12.038+0000] {docker.py:413} INFO - 25/02/23 20:26:12 INFO MapOutputTrackerMasterEndpoint: MapOutputTrackerMasterEndpoint stopped!
[2025-02-23T20:26:12.103+0000] {docker.py:413} INFO - 25/02/23 20:26:12 INFO MemoryStore: MemoryStore cleared
25/02/23 20:26:12 INFO BlockManager: BlockManager stopped
[2025-02-23T20:26:12.152+0000] {docker.py:413} INFO - 25/02/23 20:26:12 INFO BlockManagerMaster: BlockManagerMaster stopped
[2025-02-23T20:26:12.164+0000] {docker.py:413} INFO - 25/02/23 20:26:12 INFO OutputCommitCoordinator$OutputCommitCoordinatorEndpoint: OutputCommitCoordinator stopped!
[2025-02-23T20:26:12.217+0000] {docker.py:413} INFO - 25/02/23 20:26:12 INFO SparkContext: Successfully stopped SparkContext
25/02/23 20:26:12 INFO ShutdownHookManager: Shutdown hook called
[2025-02-23T20:26:12.224+0000] {docker.py:413} INFO - 25/02/23 20:26:12 INFO ShutdownHookManager: Deleting directory /tmp/spark-77ec478a-b5a7-4439-902a-ff90f3148bbe
[2025-02-23T20:26:12.233+0000] {docker.py:413} INFO - 25/02/23 20:26:12 INFO ShutdownHookManager: Deleting directory /tmp/spark-77ec478a-b5a7-4439-902a-ff90f3148bbe/pyspark-90a2e4fc-78d6-47be-abf3-a546782b5d94
[2025-02-23T20:26:12.257+0000] {docker.py:413} INFO - 25/02/23 20:26:12 INFO ShutdownHookManager: Deleting directory /tmp/spark-eeba7336-360f-4947-9c57-b91417299e39
[2025-02-23T20:26:12.266+0000] {docker.py:413} INFO - 25/02/23 20:26:12 INFO ShutdownHookManager: Deleting directory /tmp/temporary-780e4bd8-9643-4205-b6c1-0ccc1ce21e60
[2025-02-23T20:26:13.050+0000] {taskinstance.py:1937} ERROR - Task failed with exception
Traceback (most recent call last):
  File "/home/airflow/.local/lib/python3.8/site-packages/airflow/providers/docker/operators/docker.py", line 486, in execute
    return self._run_image()
  File "/home/airflow/.local/lib/python3.8/site-packages/airflow/providers/docker/operators/docker.py", line 360, in _run_image
    return self._run_image_with_mounts(self.mounts, add_tmp_variable=False)
  File "/home/airflow/.local/lib/python3.8/site-packages/airflow/providers/docker/operators/docker.py", line 421, in _run_image_with_mounts
    raise DockerContainerFailedException(f"Docker container failed: {result!r}", logs=log_lines)
airflow.providers.docker.exceptions.DockerContainerFailedException: Docker container failed: {'StatusCode': 1}
[2025-02-23T20:26:13.089+0000] {taskinstance.py:1400} INFO - Marking task as UP_FOR_RETRY. dag_id=kafka_spark_dag, task_id=pyspark_consumer, execution_date=20250223T202351, start_date=20250223T202415, end_date=20250223T202613
[2025-02-23T20:26:13.174+0000] {standard_task_runner.py:104} ERROR - Failed to execute job 87 for task pyspark_consumer (Docker container failed: {'StatusCode': 1}; 1518)
[2025-02-23T20:26:13.205+0000] {local_task_job_runner.py:228} INFO - Task exited with return code 1
[2025-02-23T20:26:13.273+0000] {taskinstance.py:2778} INFO - 0 downstream tasks scheduled from follow-on schedule check
