[2025-02-21T14:36:20.173+0000] {taskinstance.py:1159} INFO - Dependencies all met for dep_context=non-requeueable deps ti=<TaskInstance: kafka_spark_dag.pyspark_consumer manual__2025-02-21T14:35:46.099655+00:00 [queued]>
[2025-02-21T14:36:20.205+0000] {taskinstance.py:1159} INFO - Dependencies all met for dep_context=requeueable deps ti=<TaskInstance: kafka_spark_dag.pyspark_consumer manual__2025-02-21T14:35:46.099655+00:00 [queued]>
[2025-02-21T14:36:20.206+0000] {taskinstance.py:1361} INFO - Starting attempt 1 of 2
[2025-02-21T14:36:20.256+0000] {taskinstance.py:1382} INFO - Executing <Task(DockerOperator): pyspark_consumer> on 2025-02-21 14:35:46.099655+00:00
[2025-02-21T14:36:20.281+0000] {standard_task_runner.py:57} INFO - Started process 5424 to run task
[2025-02-21T14:36:20.298+0000] {standard_task_runner.py:84} INFO - Running: ['airflow', 'tasks', 'run', 'kafka_spark_dag', 'pyspark_consumer', 'manual__2025-02-21T14:35:46.099655+00:00', '--job-id', '44', '--raw', '--subdir', 'DAGS_FOLDER/dag_kafka_spark.py', '--cfg-path', '/tmp/tmpzt4k1ij0']
[2025-02-21T14:36:20.300+0000] {standard_task_runner.py:85} INFO - Job 44: Subtask pyspark_consumer
[2025-02-21T14:36:20.469+0000] {task_command.py:416} INFO - Running <TaskInstance: kafka_spark_dag.pyspark_consumer manual__2025-02-21T14:35:46.099655+00:00 [running]> on host 9240cfed0829
[2025-02-21T14:36:20.781+0000] {taskinstance.py:1662} INFO - Exporting env vars: AIRFLOW_CTX_DAG_OWNER='airflow' AIRFLOW_CTX_DAG_ID='kafka_spark_dag' AIRFLOW_CTX_TASK_ID='pyspark_consumer' AIRFLOW_CTX_EXECUTION_DATE='2025-02-21T14:35:46.099655+00:00' AIRFLOW_CTX_TRY_NUMBER='1' AIRFLOW_CTX_DAG_RUN_ID='manual__2025-02-21T14:35:46.099655+00:00'
[2025-02-21T14:36:20.856+0000] {docker.py:343} INFO - Starting docker container from image Mohamed/spark:latest
[2025-02-21T14:36:22.192+0000] {docker.py:413} INFO - [38;5;6mspark [38;5;5m14:36:22.18 [0m[38;5;2mINFO [0m ==>
[2025-02-21T14:36:22.219+0000] {docker.py:413} INFO - [38;5;6mspark [38;5;5m14:36:22.20 [0m[38;5;2mINFO [0m ==> [1mWelcome to the Bitnami spark container[0m
[2025-02-21T14:36:22.244+0000] {docker.py:413} INFO - [38;5;6mspark [38;5;5m14:36:22.22 [0m[38;5;2mINFO [0m ==> Subscribe to project updates by watching [1mhttps://github.com/bitnami/containers[0m
[2025-02-21T14:36:22.256+0000] {docker.py:413} INFO - [38;5;6mspark [38;5;5m14:36:22.25 [0m[38;5;2mINFO [0m ==> Submit issues and feature requests at [1mhttps://github.com/bitnami/containers/issues[0m
[2025-02-21T14:36:22.272+0000] {docker.py:413} INFO - [38;5;6mspark [38;5;5m14:36:22.26 [0m[38;5;2mINFO [0m ==>
[2025-02-21T14:36:22.332+0000] {docker.py:413} INFO - 
[2025-02-21T14:36:40.563+0000] {docker.py:413} INFO - :: loading settings :: url = jar:file:/opt/bitnami/spark/jars/ivy-2.5.1.jar!/org/apache/ivy/core/settings/ivysettings.xml
[2025-02-21T14:36:41.110+0000] {docker.py:413} INFO - Ivy Default Cache set to: /opt/bitnami/spark/.ivy2/cache
[2025-02-21T14:36:41.112+0000] {docker.py:413} INFO - The jars for the packages stored in: /opt/bitnami/spark/.ivy2/jars
[2025-02-21T14:36:41.131+0000] {docker.py:413} INFO - org.postgresql#postgresql added as a dependency
[2025-02-21T14:36:41.133+0000] {docker.py:413} INFO - org.apache.spark#spark-sql-kafka-0-10_2.12 added as a dependency
[2025-02-21T14:36:41.138+0000] {docker.py:413} INFO - :: resolving dependencies :: org.apache.spark#spark-submit-parent-790f54af-7e08-4d58-b833-4a932766dc55;1.0
[2025-02-21T14:36:41.142+0000] {docker.py:413} INFO - confs: [default]
[2025-02-21T14:36:45.342+0000] {docker.py:413} INFO - found org.postgresql#postgresql;42.5.4 in central
[2025-02-21T14:36:45.747+0000] {docker.py:413} INFO - found org.checkerframework#checker-qual;3.5.0 in central
[2025-02-21T14:36:48.525+0000] {docker.py:413} INFO - found org.apache.spark#spark-sql-kafka-0-10_2.12;3.5.0 in central
[2025-02-21T14:36:49.874+0000] {docker.py:413} INFO - found org.apache.spark#spark-token-provider-kafka-0-10_2.12;3.5.0 in central
[2025-02-21T14:36:50.118+0000] {docker.py:413} INFO - found org.apache.kafka#kafka-clients;3.4.1 in central
[2025-02-21T14:36:50.545+0000] {docker.py:413} INFO - found org.lz4#lz4-java;1.8.0 in central
[2025-02-21T14:36:50.756+0000] {docker.py:413} INFO - found org.xerial.snappy#snappy-java;1.1.10.3 in central
[2025-02-21T14:36:51.830+0000] {docker.py:413} INFO - found org.slf4j#slf4j-api;2.0.7 in central
[2025-02-21T14:36:53.751+0000] {docker.py:413} INFO - found org.apache.hadoop#hadoop-client-runtime;3.3.4 in central
[2025-02-21T14:36:54.247+0000] {docker.py:413} INFO - found org.apache.hadoop#hadoop-client-api;3.3.4 in central
[2025-02-21T14:36:55.723+0000] {docker.py:413} INFO - found commons-logging#commons-logging;1.1.3 in central
[2025-02-21T14:36:55.854+0000] {docker.py:413} INFO - found com.google.code.findbugs#jsr305;3.0.0 in central
[2025-02-21T14:36:58.493+0000] {docker.py:413} INFO - found org.apache.commons#commons-pool2;2.11.1 in central
[2025-02-21T14:36:58.666+0000] {docker.py:413} INFO - downloading https://repo1.maven.org/maven2/org/postgresql/postgresql/42.5.4/postgresql-42.5.4.jar ...
[2025-02-21T14:36:58.994+0000] {docker.py:413} INFO - [SUCCESSFUL ] org.postgresql#postgresql;42.5.4!postgresql.jar (391ms)
[2025-02-21T14:36:59.045+0000] {docker.py:413} INFO - downloading https://repo1.maven.org/maven2/org/apache/spark/spark-sql-kafka-0-10_2.12/3.5.0/spark-sql-kafka-0-10_2.12-3.5.0.jar ...
[2025-02-21T14:36:59.216+0000] {docker.py:413} INFO - [SUCCESSFUL ] org.apache.spark#spark-sql-kafka-0-10_2.12;3.5.0!spark-sql-kafka-0-10_2.12.jar (218ms)
[2025-02-21T14:36:59.271+0000] {docker.py:413} INFO - downloading https://repo1.maven.org/maven2/org/checkerframework/checker-qual/3.5.0/checker-qual-3.5.0.jar ...
[2025-02-21T14:36:59.403+0000] {docker.py:413} INFO - [SUCCESSFUL ] org.checkerframework#checker-qual;3.5.0!checker-qual.jar (183ms)
[2025-02-21T14:36:59.473+0000] {docker.py:413} INFO - downloading https://repo1.maven.org/maven2/org/apache/spark/spark-token-provider-kafka-0-10_2.12/3.5.0/spark-token-provider-kafka-0-10_2.12-3.5.0.jar ...
[2025-02-21T14:36:59.548+0000] {docker.py:413} INFO - [SUCCESSFUL ] org.apache.spark#spark-token-provider-kafka-0-10_2.12;3.5.0!spark-token-provider-kafka-0-10_2.12.jar (131ms)
[2025-02-21T14:36:59.601+0000] {docker.py:413} INFO - downloading https://repo1.maven.org/maven2/org/apache/kafka/kafka-clients/3.4.1/kafka-clients-3.4.1.jar ...
[2025-02-21T14:37:01.089+0000] {docker.py:413} INFO - [SUCCESSFUL ] org.apache.kafka#kafka-clients;3.4.1!kafka-clients.jar (1534ms)
[2025-02-21T14:37:01.167+0000] {docker.py:413} INFO - downloading https://repo1.maven.org/maven2/com/google/code/findbugs/jsr305/3.0.0/jsr305-3.0.0.jar ...
[2025-02-21T14:37:01.247+0000] {docker.py:413} INFO - [SUCCESSFUL ] com.google.code.findbugs#jsr305;3.0.0!jsr305.jar (133ms)
[2025-02-21T14:37:01.309+0000] {docker.py:413} INFO - downloading https://repo1.maven.org/maven2/org/apache/commons/commons-pool2/2.11.1/commons-pool2-2.11.1.jar ...
[2025-02-21T14:37:01.425+0000] {docker.py:413} INFO - [SUCCESSFUL ] org.apache.commons#commons-pool2;2.11.1!commons-pool2.jar (164ms)
[2025-02-21T14:37:01.506+0000] {docker.py:413} INFO - downloading https://repo1.maven.org/maven2/org/apache/hadoop/hadoop-client-runtime/3.3.4/hadoop-client-runtime-3.3.4.jar ...
[2025-02-21T14:37:14.784+0000] {docker.py:413} INFO - [SUCCESSFUL ] org.apache.hadoop#hadoop-client-runtime;3.3.4!hadoop-client-runtime.jar (13362ms)
[2025-02-21T14:37:14.849+0000] {docker.py:413} INFO - downloading https://repo1.maven.org/maven2/org/lz4/lz4-java/1.8.0/lz4-java-1.8.0.jar ...
[2025-02-21T14:37:15.099+0000] {docker.py:413} INFO - [SUCCESSFUL ] org.lz4#lz4-java;1.8.0!lz4-java.jar (310ms)
[2025-02-21T14:37:15.173+0000] {docker.py:413} INFO - downloading https://repo1.maven.org/maven2/org/xerial/snappy/snappy-java/1.1.10.3/snappy-java-1.1.10.3.jar ...
[2025-02-21T14:37:15.816+0000] {docker.py:413} INFO - [SUCCESSFUL ] org.xerial.snappy#snappy-java;1.1.10.3!snappy-java.jar(bundle) (689ms)
[2025-02-21T14:37:15.886+0000] {docker.py:413} INFO - downloading https://repo1.maven.org/maven2/org/slf4j/slf4j-api/2.0.7/slf4j-api-2.0.7.jar ...
[2025-02-21T14:37:16.025+0000] {docker.py:413} INFO - [SUCCESSFUL ] org.slf4j#slf4j-api;2.0.7!slf4j-api.jar (191ms)
[2025-02-21T14:37:16.217+0000] {docker.py:413} INFO - downloading https://repo1.maven.org/maven2/org/apache/hadoop/hadoop-client-api/3.3.4/hadoop-client-api-3.3.4.jar ...
[2025-02-21T14:37:22.862+0000] {docker.py:413} INFO - [SUCCESSFUL ] org.apache.hadoop#hadoop-client-api;3.3.4!hadoop-client-api.jar (6740ms)
[2025-02-21T14:37:22.921+0000] {docker.py:413} INFO - downloading https://repo1.maven.org/maven2/commons-logging/commons-logging/1.1.3/commons-logging-1.1.3.jar ...
[2025-02-21T14:37:23.008+0000] {docker.py:413} INFO - [SUCCESSFUL ] commons-logging#commons-logging;1.1.3!commons-logging.jar (139ms)
[2025-02-21T14:37:23.014+0000] {docker.py:413} INFO - :: resolution report :: resolve 17448ms :: artifacts dl 24418ms
[2025-02-21T14:37:23.021+0000] {docker.py:413} INFO - :: modules in use:
[2025-02-21T14:37:23.024+0000] {docker.py:413} INFO - com.google.code.findbugs#jsr305;3.0.0 from central in [default]
[2025-02-21T14:37:23.028+0000] {docker.py:413} INFO - commons-logging#commons-logging;1.1.3 from central in [default]
	org.apache.commons#commons-pool2;2.11.1 from central in [default]
	org.apache.hadoop#hadoop-client-api;3.3.4 from central in [default]
	org.apache.hadoop#hadoop-client-runtime;3.3.4 from central in [default]
	org.apache.kafka#kafka-clients;3.4.1 from central in [default]
	org.apache.spark#spark-sql-kafka-0-10_2.12;3.5.0 from central in [default]
	org.apache.spark#spark-token-provider-kafka-0-10_2.12;3.5.0 from central in [default]
	org.checkerframework#checker-qual;3.5.0 from central in [default]
	org.lz4#lz4-java;1.8.0 from central in [default]
	org.postgresql#postgresql;42.5.4 from central in [default]
	org.slf4j#slf4j-api;2.0.7 from central in [default]
	org.xerial.snappy#snappy-java;1.1.10.3 from central in [default]
	---------------------------------------------------------------------
[2025-02-21T14:37:23.031+0000] {docker.py:413} INFO - |                  |            modules            ||   artifacts   |
[2025-02-21T14:37:23.034+0000] {docker.py:413} INFO - |       conf       | number| search|dwnlded|evicted|| number|dwnlded|
[2025-02-21T14:37:23.035+0000] {docker.py:413} INFO - ---------------------------------------------------------------------
[2025-02-21T14:37:23.036+0000] {docker.py:413} INFO - |      default     |   13  |   13  |   13  |   0   ||   13  |   13  |
[2025-02-21T14:37:23.037+0000] {docker.py:413} INFO - ---------------------------------------------------------------------
[2025-02-21T14:37:23.205+0000] {docker.py:413} INFO - :: retrieving :: org.apache.spark#spark-submit-parent-790f54af-7e08-4d58-b833-4a932766dc55
[2025-02-21T14:37:23.211+0000] {docker.py:413} INFO - confs: [default]
[2025-02-21T14:37:23.923+0000] {docker.py:413} INFO - 13 artifacts copied, 0 already retrieved (58001kB/715ms)
[2025-02-21T14:37:26.036+0000] {docker.py:413} INFO - 25/02/21 14:37:26 WARN NativeCodeLoader: Unable to load native-hadoop library for your platform... using builtin-java classes where applicable
[2025-02-21T14:37:31.809+0000] {docker.py:413} INFO - Traceback (most recent call last):
  File "/opt/bitnami/spark/spark_pgsql.py", line 4, in <module>
    sys.path.insert(0, '/opt/bitnami/spark/scripts')  # Ensure Spark finds constants.py
    ^^^
NameError: name 'sys' is not defined
[2025-02-21T14:37:31.947+0000] {docker.py:413} INFO - 25/02/21 14:37:31 INFO ShutdownHookManager: Shutdown hook called
[2025-02-21T14:37:31.956+0000] {docker.py:413} INFO - 25/02/21 14:37:31 INFO ShutdownHookManager: Deleting directory /tmp/spark-0210e162-bb28-41d0-bbb1-e0928eed8a0d
[2025-02-21T14:37:32.756+0000] {taskinstance.py:1937} ERROR - Task failed with exception
Traceback (most recent call last):
  File "/home/airflow/.local/lib/python3.8/site-packages/airflow/providers/docker/operators/docker.py", line 486, in execute
    return self._run_image()
  File "/home/airflow/.local/lib/python3.8/site-packages/airflow/providers/docker/operators/docker.py", line 360, in _run_image
    return self._run_image_with_mounts(self.mounts, add_tmp_variable=False)
  File "/home/airflow/.local/lib/python3.8/site-packages/airflow/providers/docker/operators/docker.py", line 421, in _run_image_with_mounts
    raise DockerContainerFailedException(f"Docker container failed: {result!r}", logs=log_lines)
airflow.providers.docker.exceptions.DockerContainerFailedException: Docker container failed: {'StatusCode': 1}
[2025-02-21T14:37:32.764+0000] {taskinstance.py:1400} INFO - Marking task as UP_FOR_RETRY. dag_id=kafka_spark_dag, task_id=pyspark_consumer, execution_date=20250221T143546, start_date=20250221T143620, end_date=20250221T143732
[2025-02-21T14:37:32.796+0000] {standard_task_runner.py:104} ERROR - Failed to execute job 44 for task pyspark_consumer (Docker container failed: {'StatusCode': 1}; 5424)
[2025-02-21T14:37:32.841+0000] {local_task_job_runner.py:228} INFO - Task exited with return code 1
[2025-02-21T14:37:32.966+0000] {taskinstance.py:2778} INFO - 0 downstream tasks scheduled from follow-on schedule check
